<!DOCTYPE html>
<html lang="en">
<head>
    <meta charset="UTF-8">
    <title>apb_taller-pytest.xml</title>
    <style type="text/css">
        body {
    background-color: white;
    padding-bottom: 20em;
    margin: 0;
    min-height: 15cm;
}

h1, h2, h3, h4, h5, h6, h7 {
    font-family: sans-serif;
}

h1 {
    background-color: #007acc;
    color: white;
    padding: 3mm;
    margin-top: 0;
    margin-bottom: 1mm;
}

.footer {
    font-style: italic;
    font-size: small;
    text-align: right;
    padding: 1em;
}

.testsuite {
    padding-bottom: 2em;
    margin-left: 1em;
}

.proplist {
    width: 100%;
    margin-bottom: 2em;
    border-collapse: collapse;
    border: 1px solid grey;
}

.proplist th {
    background-color: silver;
    width: 5em;
    padding: 2px;
    padding-right: 1em;
    text-align: left;
}

.proplist td {
    padding: 2px;
}

.index-table {
    width: 90%;
    margin-left: 1em;
}

.index-table td {
    vertical-align: top;
    max-width: 200px;
    word-wrap: break-word;
}

.failure-index {

}

.toc {
    margin-bottom: 2em;
    font-family: monospace;
}

.stdio, pre {
    min-height: 1em;
    background-color: #1e1e1e;
    color: silver;
    padding: 0.5em;
}
.tdpre {
    background-color: #1e1e1e;
}

.test {
    margin-left: 0.5cm;
}

.outcome {
    border-left: 1em;
    padding: 2px;
}

.outcome-failed {
    border-left: 1em solid lightcoral;
}

.outcome-passed {
    border-left: 1em solid lightgreen;
}

.outcome-skipped {
    border-left: 1em dotted silver;
}

.stats-table {
}

.stats-table td {
    min-width: 4em;
    text-align: right;
}

.stats-table .failed {
    background-color: lightcoral;
}

.stats-table .passed {
    background-color: lightgreen;
}

.matrix-table {
    table-layout: fixed;
    border-spacing: 0;
    width: available;
    margin-left: 1em;
}

.matrix-table td {
    vertical-align: center;
}

.matrix-table td:last-child {
    width: 0;
}

.matrix-table tr:hover {
    background-color: yellow;
}

.matrix-axis-name {
    white-space: nowrap;
    padding-right: 0.5em;
    border-left: 1px solid black;
    border-top: 1px solid black;
    text-align: right;
}

.matrix-axis-line {
    border-left: 1px solid black;
    width: 0.5em;
}

.matrix-classname {
    text-align: left;
    width: 100%;
    border-top: 2px solid grey;
    border-bottom: 1px solid silver;
}

.matrix-casename {
    text-align: left;
    font-weight: normal;
    font-style: italic;
    padding-left: 1em;
    border-bottom: 1px solid silver;
}

.matrix-result {
    display: block;
    width: 1em;
    text-align: center;
    padding: 1mm;
    margin: 0;
}

.matrix-result-combined {
    white-space: nowrap;
    padding-right: 0.2em;
    text-align: right;
}

.matrix-result-failed {
    background-color: lightcoral;
}

.matrix-result-passed {
    background-color: lightgreen;
}

.matrix-result-skipped {
    background-color: lightyellow;
}

.matrix-even {
    background-color: lightgray;
}
    </style>
</head>
<body>
    
<h1>
    Test Report : apb_taller-pytest.xml
</h1>
<a id="toc"></a>
<table class="index-table">
    <tr>
        <td>
            <ul class="toc">
            
                
                <li>test_minimal_requirements.TestRNF1
                <ul>
                    
                    <li><a href="#c6f814f4-b75e-4909-8d4e-c64c9a077a6f">test_app_tiene_al_menos_4_modelos</a></li>
                    
                    <li><a href="#7a97541d-aaec-44e5-89a8-ee67b350ec92">test_modelos_en_ficheros_individuales</a></li>
                    
                </ul>
                </li>
                
                <li>test_minimal_requirements.TestRNF2
                <ul>
                    
                    <li><a href="#20b9a83d-7134-4745-9d62-79f7f492c9a6">test_relacion_many2many</a></li>
                    
                    <li><a href="#d0314877-4085-49e5-909a-1a44ce51f578">test_modelos_tienen_algun_campo_relacion[one2many]</a></li>
                    
                    <li><a href="#27419ccb-a4cc-42c9-8c63-0855e1d63ea8">test_modelos_tienen_algun_campo_relacion[many2one]</a></li>
                    
                    <li><a href="#4fcb8362-b885-4497-a53d-55d6d26ff42a">test_unknown_comodel_name</a></li>
                    
                </ul>
                </li>
                
                <li>test_minimal_requirements.TestRNF3
                <ul>
                    
                    <li><a href="#58b26cda-91c0-41cd-8e0f-1fbeadfe97fe">test_modelos_tienen_vista[tree]</a></li>
                    
                    <li><a href="#3a5d517c-c2e0-4759-aeee-88c8b6afaeaa">test_modelos_tienen_vista[form]</a></li>
                    
                    <li><a href="#6b16cc8e-8a6c-4f59-ab80-dc74793f88db">test_formularios_tienen_vista_anidada_para_campos_X2many[one2many]</a></li>
                    
                    <li><a href="#2837112c-9bb7-4f42-8217-29efb36009ed">test_formularios_tienen_vista_anidada_para_campos_X2many[many2many]</a></li>
                    
                </ul>
                </li>
                
                <li>test_minimal_requirements.TestRNF4
                <ul>
                    
                    <li><a href="#c96f2914-5a2b-467e-991e-f7e530644024">test_vistas_en_ficheros_individuales</a></li>
                    
                </ul>
                </li>
                
                <li>test_minimal_requirements.TestRNF5
                <ul>
                    
                    <li><a href="#195b2ff8-7ffe-45d3-82d8-29c2407d6917">test_modelos_tienen_algun_posible_campo_imagen</a></li>
                    
                    <li><a href="#d9ba50ca-f772-4b30-9e7b-c5c145707c5d">test_alguna_vista_tiene_campo_imagen</a></li>
                    
                </ul>
                </li>
                
                <li>test_minimal_requirements.TestRNF6
                <ul>
                    
                    <li><a href="#a531949e-5b94-4e8e-9d92-7d4b57c62fb9">test_modelos_tienen_acciones</a></li>
                    
                    <li><a href="#c9608cbf-2086-4c80-bd71-25b22494ac74">test_hay_elementos_de_menu[.//menuitem[@action]]</a></li>
                    
                </ul>
                </li>
                
                <li>test_minimal_requirements.TestRNF7
                <ul>
                    
                    <li><a href="#39c3da49-ec1e-4bab-8062-9c1518c5c379">test_modelos_tienen_permisos</a></li>
                    
                </ul>
                </li>
                
                <li>test_minimal_requirements.TestRNF8
                <ul>
                    
                    <li><a href="#028099c4-4c48-4956-9f07-fda181b7fe53">test_app_tiene_icono</a></li>
                    
                </ul>
                </li>
                
                <li>test_minimal_requirements.TestRNF9
                <ul>
                    
                    <li><a href="#3a28537f-927d-4173-bd5c-2c8ba9dd8852">test_modelos_tienen_datos_demo</a></li>
                    
                </ul>
                </li>
                
                <li>test_minimal_requirements.TestRNFGit
                <ul>
                    
                    <li><a href="#474ed092-f8b5-4f9d-ad87-cc0d1df08981">test_git_commit_frecuentes</a></li>
                    
                </ul>
                </li>
                
                <li>test_minimal_requirements.TestRNFCalidad
                <ul>
                    
                    <li><a href="#8bd645b0-4623-404d-81f0-84b4db9666b3">test_odoo_disponible</a></li>
                    
                    <li><a href="#b0a24a0c-cfd4-4f13-9e42-ca8412b91e0f">test_app_instalada</a></li>
                    
                    <li><a href="#304c725b-c718-4bfc-bc96-aabae3d83a77">test_otras_apps_entregadas_son_dependencias</a></li>
                    
                    <li><a href="#b656cc4f-1221-4d66-a202-9de1db786c78">test_no_hay_elementos_xml_comentados</a></li>
                    
                    <li><a href="#8d0739c5-7cae-49cc-a163-4947e0b69d8b">test_no_hay_codigo_python_comentado</a></li>
                    
                    <li><a href="#b30f0a33-d2c2-4f88-a1f0-173634f6e0d6">test_log_servidor_sin_errores</a></li>
                    
                </ul>
                </li>
                
                <li>test_minimal_requirements.TestOtros
                <ul>
                    
                    <li><a href="#0fedbb4e-9441-4093-bfa7-847ea76cffca">test_log_sin_warnings</a>[s]</li>
                    
                </ul>
                </li>
                
                <li>test_minimal_requirements.TestRNFAdicionalesKanban
                <ul>
                    
                    <li><a href="#a41574ce-bada-42c2-aef9-5b6d28c1707e">test_vista_kanban[/kanban]</a>[s]</li>
                    
                    <li><a href="#e58b4c9b-0377-4c6c-a5da-abc3ebe71520">test_vista_kanban[/kanban[@default_group_by]]</a>[s]</li>
                    
                    <li><a href="#511ef308-9287-495c-b5bd-dcccc31a50f7">test_vista_kanban_imagen[/img]</a>[s]</li>
                    
                    <li><a href="#96373ee1-ecd3-4a63-8009-d435f3af7585">test_vista_kanban_imagen[/field[@preview_image]]</a>[s]</li>
                    
                    <li><a href="#06a00b1b-978d-49ca-a2fa-5fd3c311e83b">test_vista_kanban_imagen[/field[@widget=&#34;image&#34;]]</a>[s]</li>
                    
                </ul>
                </li>
                
                <li>test_minimal_requirements.TestRNFAdicionalesBusqueda
                <ul>
                    
                    <li><a href="#29760e44-8c87-4ca5-b9bd-f6b530610693">test_vista_search[/search]</a>[s]</li>
                    
                    <li><a href="#2eb2c9e0-bcee-46eb-8fb2-56acc7920907">test_vista_search_compleja[/filter[@domain]]</a>[s]</li>
                    
                    <li><a href="#68d9ad67-ca46-4707-9cb7-11e7dc1a143c">test_vista_search_compleja[/group//filter[@context]]</a>[s]</li>
                    
                </ul>
                </li>
                
                <li>test_minimal_requirements.TestRNFAdicionalesOtrasVistas
                <ul>
                    
                    <li><a href="#1f8d2f90-a72c-4f86-ba53-a49dd4d0fa2b">test_otras_vistas_adicionales[activity]</a>[s]</li>
                    
                    <li><a href="#4185c8a8-abfe-4bd4-8717-52a3c196e410">test_otras_vistas_adicionales[calendar]</a>[s]</li>
                    
                    <li><a href="#3f2f735f-07c4-4615-a8ed-289e54ed3a89">test_otras_vistas_adicionales[graph]</a>[s]</li>
                    
                    <li><a href="#435b7322-a911-4d2b-be55-fa51eaa1bb29">test_otras_vistas_adicionales[pivot]</a>[s]</li>
                    
                </ul>
                </li>
                
                <li>test_minimal_requirements.TestRNFAdicionalesConstraints
                <ul>
                    
                    <li><a href="#e697d5b8-153b-4f1a-b7e7-28d598d5d2ac">test_constraints_sql</a>[s]</li>
                    
                </ul>
                </li>
                
                <li>test_minimal_requirements.TestRNFAdicionalesSeguridadAvanzada
                <ul>
                    
                    <li><a href="#84fd0b16-a5d9-4c3c-9712-c4290c1be3db">test_seguridad_con_grupos_propios</a>[s]</li>
                    
                </ul>
                </li>
                
                <li>test_minimal_requirements.TestRNFAdicionalesDatosAvanzados
                <ul>
                    
                    <li><a href="#4f1c07a2-12f0-46f6-98ec-a8a72ee78737">test_datos_maestros_o_demo_avanzados[binary]</a>[s]</li>
                    
                    <li><a href="#5162586e-b0c1-4678-bfe2-36ab4c1c5ccb">test_datos_maestros_o_demo_avanzados[many2many]</a>[s]</li>
                    
                    <li><a href="#c7277196-9501-4eba-b4be-82e841f2fea5">test_datos_maestros_o_demo_avanzados[many2one]</a>[s]</li>
                    
                </ul>
                </li>
                
                <li>test_minimal_requirements.TestRNFAdicionalesHerenciaVistas
                <ul>
                    
                    <li><a href="#acb2fced-b312-47cb-9dd5-14ec4b19973b">test_herencia_en_vistas_con_position</a>[s]</li>
                    
                    <li><a href="#0de1991e-ef8c-41b4-9cf9-9e12c39d75b4">test_herencia_en_vistas_con_inherit_id</a>[s]</li>
                    
                </ul>
                </li>
                
                <li>test_minimal_requirements.TestRNFAdicionalesHerenciaModelos
                <ul>
                    
                    <li><a href="#db3da8b4-acbb-475e-b137-8fbc40ebeecb">test_modelos_existentes_modificados_por_herencia</a>[s]</li>
                    
                    <li><a href="#ab312c10-280c-4ab5-9e69-c7c1a318797e">test_nuevos_modelos_con_herencia</a>[s]</li>
                    
                </ul>
                </li>
                
                <li>test_minimal_requirements.TestRNFAdicionalesTraducciones
                <ul>
                    
                    <li><a href="#36e759c4-ab85-4a76-b788-8502aaf34afb">test_i18n</a>[s]</li>
                    
                </ul>
                </li>
                
                <li>test_minimal_requirements.TestRNFAdicionalesInformes
                <ul>
                    
                    <li><a href="#45423cfd-1f0d-4e68-b974-6e9334ac3296">test_informes[report]</a>[s]</li>
                    
                    <li><a href="#2b5569c0-1675-45ff-aebe-b81bb97f3ce2">test_informes[template]</a>[s]</li>
                    
                    <li><a href="#cccf8763-951a-4ea7-9037-be370d684ea6">test_informes_complejos[/t[@t-foreach]]</a>[s]</li>
                    
                    <li><a href="#7ee4c271-a484-4c8d-98ae-8dc6c463c9e3">test_informes_complejos[/img[@t-att-src]]</a>[s]</li>
                    
                    <li><a href="#2db41ff6-64d4-47a5-9e3c-8bcd78963147">test_informes_complejos[/t[@t-call and not(@t-call=&#34;web.external_layout&#34; or @t-call=&#34;web.html_container&#34;)]]</a>[s]</li>
                    
                </ul>
                </li>
                
                <li>test_minimal_requirements.TestRNFAdicionalesChatter
                <ul>
                    
                    <li><a href="#721ecca4-c32b-4584-a329-935c2d8638e5">test_chatter[mail_thread]</a>[s]</li>
                    
                    <li><a href="#70c6be78-d643-4158-b2eb-cf4c1f7487cd">test_chatter[mail_activity_mixin]</a>[s]</li>
                    
                    <li><a href="#5c7430af-1364-4142-9c20-3223c19e241f">test_chatter_tracking</a>[s]</li>
                    
                    <li><a href="#46780ce9-dd92-439d-b8e7-39c97ccfedb6">test_vista_chatter_div</a>[s]</li>
                    
                    <li><a href="#862a3575-4297-47bd-807b-85584d4c391f">test_vista_chatter_fields[.//field[@name=&#34;message_follower_ids&#34;]]</a>[s]</li>
                    
                    <li><a href="#f23298e5-6f00-41fa-be8e-cba0918b3983">test_vista_chatter_fields[.//field[@name=&#34;activity_ids&#34;]]</a>[s]</li>
                    
                    <li><a href="#276ae7fe-772c-4573-b00b-c8cd916c87fa">test_vista_chatter_fields[.//field[@name=&#34;message_ids&#34;]]</a>[s]</li>
                    
                    <li><a href="#a2a1378d-d25a-4af5-b77b-897ae7efd098">test_vista_chatter_fields[.//field[@widget=&#34;mail_followers&#34;]]</a>[s]</li>
                    
                    <li><a href="#6cc145e4-b327-4714-9964-a7bbf2bfb205">test_vista_chatter_fields[.//field[@widget=&#34;mail_thread&#34;]]</a>[s]</li>
                    
                    <li><a href="#05468972-ac32-4bcd-b454-d47b02f99f91">test_vista_chatter_fields[.//field[@widget=&#34;mail_activity&#34;]]</a>[s]</li>
                    
                </ul>
                </li>
                
            
            </ul>
        </td>
        <td class="failure-index">
            <ul class="toc">
            
                
                    
                    
                    <li><a href="#c6f814f4-b75e-4909-8d4e-c64c9a077a6f">[F] test_minimal_requirements.TestRNF1 : test_app_tiene_al_menos_4_modelos</a></li>
                    
                    
                    
                    <li><a href="#7a97541d-aaec-44e5-89a8-ee67b350ec92">[F] test_minimal_requirements.TestRNF1 : test_modelos_en_ficheros_individuales</a></li>
                    
                    
                
                    
                    
                    <li><a href="#20b9a83d-7134-4745-9d62-79f7f492c9a6">[F] test_minimal_requirements.TestRNF2 : test_relacion_many2many</a></li>
                    
                    
                    
                    <li><a href="#d0314877-4085-49e5-909a-1a44ce51f578">[F] test_minimal_requirements.TestRNF2 : test_modelos_tienen_algun_campo_relacion[one2many]</a></li>
                    
                    
                    
                    <li><a href="#27419ccb-a4cc-42c9-8c63-0855e1d63ea8">[F] test_minimal_requirements.TestRNF2 : test_modelos_tienen_algun_campo_relacion[many2one]</a></li>
                    
                    
                    
                    <li><a href="#4fcb8362-b885-4497-a53d-55d6d26ff42a">[F] test_minimal_requirements.TestRNF2 : test_unknown_comodel_name</a></li>
                    
                    
                
                    
                    
                    <li><a href="#58b26cda-91c0-41cd-8e0f-1fbeadfe97fe">[F] test_minimal_requirements.TestRNF3 : test_modelos_tienen_vista[tree]</a></li>
                    
                    
                    
                    <li><a href="#3a5d517c-c2e0-4759-aeee-88c8b6afaeaa">[F] test_minimal_requirements.TestRNF3 : test_modelos_tienen_vista[form]</a></li>
                    
                    
                    
                    <li><a href="#6b16cc8e-8a6c-4f59-ab80-dc74793f88db">[F] test_minimal_requirements.TestRNF3 : test_formularios_tienen_vista_anidada_para_campos_X2many[one2many]</a></li>
                    
                    
                    
                    <li><a href="#2837112c-9bb7-4f42-8217-29efb36009ed">[F] test_minimal_requirements.TestRNF3 : test_formularios_tienen_vista_anidada_para_campos_X2many[many2many]</a></li>
                    
                    
                
                    
                    
                    <li><a href="#c96f2914-5a2b-467e-991e-f7e530644024">[F] test_minimal_requirements.TestRNF4 : test_vistas_en_ficheros_individuales</a></li>
                    
                    
                
                    
                    
                    <li><a href="#195b2ff8-7ffe-45d3-82d8-29c2407d6917">[F] test_minimal_requirements.TestRNF5 : test_modelos_tienen_algun_posible_campo_imagen</a></li>
                    
                    
                    
                    <li><a href="#d9ba50ca-f772-4b30-9e7b-c5c145707c5d">[F] test_minimal_requirements.TestRNF5 : test_alguna_vista_tiene_campo_imagen</a></li>
                    
                    
                
                    
                    
                    <li><a href="#a531949e-5b94-4e8e-9d92-7d4b57c62fb9">[F] test_minimal_requirements.TestRNF6 : test_modelos_tienen_acciones</a></li>
                    
                    
                    
                    <li><a href="#c9608cbf-2086-4c80-bd71-25b22494ac74">[F] test_minimal_requirements.TestRNF6 : test_hay_elementos_de_menu[.//menuitem[@action]]</a></li>
                    
                    
                
                    
                    
                    <li><a href="#39c3da49-ec1e-4bab-8062-9c1518c5c379">[F] test_minimal_requirements.TestRNF7 : test_modelos_tienen_permisos</a></li>
                    
                    
                
                    
                    
                    <li><a href="#028099c4-4c48-4956-9f07-fda181b7fe53">[F] test_minimal_requirements.TestRNF8 : test_app_tiene_icono</a></li>
                    
                    
                
                    
                    
                    <li><a href="#3a28537f-927d-4173-bd5c-2c8ba9dd8852">[F] test_minimal_requirements.TestRNF9 : test_modelos_tienen_datos_demo</a></li>
                    
                    
                
                    
                    
                    <li><a href="#474ed092-f8b5-4f9d-ad87-cc0d1df08981">[F] test_minimal_requirements.TestRNFGit : test_git_commit_frecuentes</a></li>
                    
                    
                
                    
                    
                    <li><a href="#8bd645b0-4623-404d-81f0-84b4db9666b3">[F] test_minimal_requirements.TestRNFCalidad : test_odoo_disponible</a></li>
                    
                    
                    
                    <li><a href="#b0a24a0c-cfd4-4f13-9e42-ca8412b91e0f">[F] test_minimal_requirements.TestRNFCalidad : test_app_instalada</a></li>
                    
                    
                    
                    <li><a href="#304c725b-c718-4bfc-bc96-aabae3d83a77">[F] test_minimal_requirements.TestRNFCalidad : test_otras_apps_entregadas_son_dependencias</a></li>
                    
                    
                    
                    <li><a href="#b656cc4f-1221-4d66-a202-9de1db786c78">[F] test_minimal_requirements.TestRNFCalidad : test_no_hay_elementos_xml_comentados</a></li>
                    
                    
                    
                    <li><a href="#8d0739c5-7cae-49cc-a163-4947e0b69d8b">[F] test_minimal_requirements.TestRNFCalidad : test_no_hay_codigo_python_comentado</a></li>
                    
                    
                    
                    <li><a href="#b30f0a33-d2c2-4f88-a1f0-173634f6e0d6">[F] test_minimal_requirements.TestRNFCalidad : test_log_servidor_sin_errores</a></li>
                    
                    
                
                    
                    
                    
                
                    
                    
                    
                    
                    
                    
                    
                    
                    
                    
                    
                
                    
                    
                    
                    
                    
                    
                    
                
                    
                    
                    
                    
                    
                    
                    
                    
                    
                
                    
                    
                    
                
                    
                    
                    
                
                    
                    
                    
                    
                    
                    
                    
                
                    
                    
                    
                    
                    
                
                    
                    
                    
                    
                    
                
                    
                    
                    
                
                    
                    
                    
                    
                    
                    
                    
                    
                    
                    
                    
                
                    
                    
                    
                    
                    
                    
                    
                    
                    
                    
                    
                    
                    
                    
                    
                    
                    
                    
                    
                    
                    
                
            
            </ul>
        </td>
    </tr>
</table>


    <div class="testsuite">
        <h2>Test Suite: pytest</h2>
        <a id="2cc2030e-4654-41a5-860c-868305d05832"></a>
        
        
        <h3>Results</h3>
        <table class="proplist">
            <tr>
                <th>Duration</th><td>71.149 sec</td>
            </tr>
            <tr>
                <th>Tests</th><td>63</td>
            </tr>
            <tr>
                <th>Failures</th><td>25</td>
            </tr>
        </table>

        <div class="testclasses">
            <h3>Tests</h3>
            
            <div class="testclass">
                <h4>test_minimal_requirements.TestRNF1</h4>
                <div class="testcases">
                
                    <div class="test outcome outcome-failed">
                        <a id="c6f814f4-b75e-4909-8d4e-c64c9a077a6f"></a>
                        <table class="proplist">
                            <tr><th>Test case:</th><td><b>test_app_tiene_al_menos_4_modelos</b></td></tr>
                            <tr><th>Outcome:</th><td>Failed</td></tr>
                            <tr><th>Duration:</th><td>67.14 sec</td></tr>
                        
                            <tr><th>Failed</th><td>failed on setup with &#34;Exception: Timeout reached while waiting on service!&#34;</td></tr>
                        
                        
                        </table>

                        
                        <pre>docker_ip = &#39;127.0.0.1&#39;
docker_services = Services(_docker_compose=DockerComposeExecutor(_compose_command=&#39;docker compose&#39;, _compose_files=[&#39;/home/ubuntu/SGE-tester-B/projects/docker-compose.yml&#39;], _compose_project_name=&#39;pytest16415&#39;), _services={&#39;odoo&#39;: {8069: 8069}})

    @pytest.fixture(scope=&#34;session&#34;)
    def http_service(docker_ip, docker_services):
        &#34;&#34;&#34;Se asegura de que el servicio HTTP responde.&#34;&#34;&#34;
    
        # `port_for` takes a container port and returns the corresponding host port
        port = docker_services.port_for(&#34;odoo&#34;, 8069)
        url = f&#34;http://{docker_ip}:{port}&#34;
&gt;       docker_services.wait_until_responsive(
            timeout=60.0, pause=10, check=lambda: is_responsive(url)
        )

test_minimal_requirements.py:208: 
_ _ _ _ _ _ _ _ _ _ _ _ _ _ _ _ _ _ _ _ _ _ _ _ _ _ _ _ _ _ _ _ _ _ _ _ _ _ _ _ 

self = Services(_docker_compose=DockerComposeExecutor(_compose_command=&#39;docker compose&#39;, _compose_files=[&#39;/home/ubuntu/SGE-tester-B/projects/docker-compose.yml&#39;], _compose_project_name=&#39;pytest16415&#39;), _services={&#39;odoo&#39;: {8069: 8069}})
check = &lt;function http_service.&lt;locals&gt;.&lt;lambda&gt; at 0x782f918fdee0&gt;
timeout = 60.0, pause = 10, clock = &lt;built-in function perf_counter&gt;

    def wait_until_responsive(
        self,
        check: Any,
        timeout: float,
        pause: float,
        clock: Any = timeit.default_timer,
    ) -&gt; None:
        &#34;&#34;&#34;Wait until a service is responsive.&#34;&#34;&#34;
    
        ref = clock()
        now = ref
        while (now - ref) &lt; timeout:
            if check():
                return
            time.sleep(pause)
            now = clock()
    
&gt;       raise Exception(&#34;Timeout reached while waiting on service!&#34;)
E       Exception: Timeout reached while waiting on service!

.venv/lib/python3.12/site-packages/pytest_docker/plugin.py:120: Exception</pre>
                        
                        

                        
                        
                        
                    </div>
                
                    <div class="test outcome outcome-failed">
                        <a id="7a97541d-aaec-44e5-89a8-ee67b350ec92"></a>
                        <table class="proplist">
                            <tr><th>Test case:</th><td><b>test_modelos_en_ficheros_individuales</b></td></tr>
                            <tr><th>Outcome:</th><td>Failed</td></tr>
                            <tr><th>Duration:</th><td>0.001 sec</td></tr>
                        
                            <tr><th>Failed</th><td>failed on setup with &#34;Exception: Timeout reached while waiting on service!&#34;</td></tr>
                        
                        
                        </table>

                        
                        <pre>docker_ip = &#39;127.0.0.1&#39;
docker_services = Services(_docker_compose=DockerComposeExecutor(_compose_command=&#39;docker compose&#39;, _compose_files=[&#39;/home/ubuntu/SGE-tester-B/projects/docker-compose.yml&#39;], _compose_project_name=&#39;pytest16415&#39;), _services={&#39;odoo&#39;: {8069: 8069}})

    @pytest.fixture(scope=&#34;session&#34;)
    def http_service(docker_ip, docker_services):
        &#34;&#34;&#34;Se asegura de que el servicio HTTP responde.&#34;&#34;&#34;
    
        # `port_for` takes a container port and returns the corresponding host port
        port = docker_services.port_for(&#34;odoo&#34;, 8069)
        url = f&#34;http://{docker_ip}:{port}&#34;
&gt;       docker_services.wait_until_responsive(
            timeout=60.0, pause=10, check=lambda: is_responsive(url)
        )

test_minimal_requirements.py:208: 
_ _ _ _ _ _ _ _ _ _ _ _ _ _ _ _ _ _ _ _ _ _ _ _ _ _ _ _ _ _ _ _ _ _ _ _ _ _ _ _ 

self = Services(_docker_compose=DockerComposeExecutor(_compose_command=&#39;docker compose&#39;, _compose_files=[&#39;/home/ubuntu/SGE-tester-B/projects/docker-compose.yml&#39;], _compose_project_name=&#39;pytest16415&#39;), _services={&#39;odoo&#39;: {8069: 8069}})
check = &lt;function http_service.&lt;locals&gt;.&lt;lambda&gt; at 0x782f918fdee0&gt;
timeout = 60.0, pause = 10, clock = &lt;built-in function perf_counter&gt;

    def wait_until_responsive(
        self,
        check: Any,
        timeout: float,
        pause: float,
        clock: Any = timeit.default_timer,
    ) -&gt; None:
        &#34;&#34;&#34;Wait until a service is responsive.&#34;&#34;&#34;
    
        ref = clock()
        now = ref
        while (now - ref) &lt; timeout:
            if check():
                return
            time.sleep(pause)
            now = clock()
    
&gt;       raise Exception(&#34;Timeout reached while waiting on service!&#34;)
E       Exception: Timeout reached while waiting on service!

.venv/lib/python3.12/site-packages/pytest_docker/plugin.py:120: Exception</pre>
                        
                        

                        
                        
                        
                    </div>
                
                </div>
            </div>
            
            <div class="testclass">
                <h4>test_minimal_requirements.TestRNF2</h4>
                <div class="testcases">
                
                    <div class="test outcome outcome-failed">
                        <a id="20b9a83d-7134-4745-9d62-79f7f492c9a6"></a>
                        <table class="proplist">
                            <tr><th>Test case:</th><td><b>test_relacion_many2many</b></td></tr>
                            <tr><th>Outcome:</th><td>Failed</td></tr>
                            <tr><th>Duration:</th><td>0.001 sec</td></tr>
                        
                            <tr><th>Failed</th><td>failed on setup with &#34;Exception: Timeout reached while waiting on service!&#34;</td></tr>
                        
                        
                        </table>

                        
                        <pre>docker_ip = &#39;127.0.0.1&#39;
docker_services = Services(_docker_compose=DockerComposeExecutor(_compose_command=&#39;docker compose&#39;, _compose_files=[&#39;/home/ubuntu/SGE-tester-B/projects/docker-compose.yml&#39;], _compose_project_name=&#39;pytest16415&#39;), _services={&#39;odoo&#39;: {8069: 8069}})

    @pytest.fixture(scope=&#34;session&#34;)
    def http_service(docker_ip, docker_services):
        &#34;&#34;&#34;Se asegura de que el servicio HTTP responde.&#34;&#34;&#34;
    
        # `port_for` takes a container port and returns the corresponding host port
        port = docker_services.port_for(&#34;odoo&#34;, 8069)
        url = f&#34;http://{docker_ip}:{port}&#34;
&gt;       docker_services.wait_until_responsive(
            timeout=60.0, pause=10, check=lambda: is_responsive(url)
        )

test_minimal_requirements.py:208: 
_ _ _ _ _ _ _ _ _ _ _ _ _ _ _ _ _ _ _ _ _ _ _ _ _ _ _ _ _ _ _ _ _ _ _ _ _ _ _ _ 

self = Services(_docker_compose=DockerComposeExecutor(_compose_command=&#39;docker compose&#39;, _compose_files=[&#39;/home/ubuntu/SGE-tester-B/projects/docker-compose.yml&#39;], _compose_project_name=&#39;pytest16415&#39;), _services={&#39;odoo&#39;: {8069: 8069}})
check = &lt;function http_service.&lt;locals&gt;.&lt;lambda&gt; at 0x782f918fdee0&gt;
timeout = 60.0, pause = 10, clock = &lt;built-in function perf_counter&gt;

    def wait_until_responsive(
        self,
        check: Any,
        timeout: float,
        pause: float,
        clock: Any = timeit.default_timer,
    ) -&gt; None:
        &#34;&#34;&#34;Wait until a service is responsive.&#34;&#34;&#34;
    
        ref = clock()
        now = ref
        while (now - ref) &lt; timeout:
            if check():
                return
            time.sleep(pause)
            now = clock()
    
&gt;       raise Exception(&#34;Timeout reached while waiting on service!&#34;)
E       Exception: Timeout reached while waiting on service!

.venv/lib/python3.12/site-packages/pytest_docker/plugin.py:120: Exception</pre>
                        
                        

                        
                        
                        
                    </div>
                
                    <div class="test outcome outcome-failed">
                        <a id="d0314877-4085-49e5-909a-1a44ce51f578"></a>
                        <table class="proplist">
                            <tr><th>Test case:</th><td><b>test_modelos_tienen_algun_campo_relacion[one2many]</b></td></tr>
                            <tr><th>Outcome:</th><td>Failed</td></tr>
                            <tr><th>Duration:</th><td>0.0 sec</td></tr>
                        
                            <tr><th>Failed</th><td>failed on setup with &#34;Exception: Timeout reached while waiting on service!&#34;</td></tr>
                        
                        
                        </table>

                        
                        <pre>docker_ip = &#39;127.0.0.1&#39;
docker_services = Services(_docker_compose=DockerComposeExecutor(_compose_command=&#39;docker compose&#39;, _compose_files=[&#39;/home/ubuntu/SGE-tester-B/projects/docker-compose.yml&#39;], _compose_project_name=&#39;pytest16415&#39;), _services={&#39;odoo&#39;: {8069: 8069}})

    @pytest.fixture(scope=&#34;session&#34;)
    def http_service(docker_ip, docker_services):
        &#34;&#34;&#34;Se asegura de que el servicio HTTP responde.&#34;&#34;&#34;
    
        # `port_for` takes a container port and returns the corresponding host port
        port = docker_services.port_for(&#34;odoo&#34;, 8069)
        url = f&#34;http://{docker_ip}:{port}&#34;
&gt;       docker_services.wait_until_responsive(
            timeout=60.0, pause=10, check=lambda: is_responsive(url)
        )

test_minimal_requirements.py:208: 
_ _ _ _ _ _ _ _ _ _ _ _ _ _ _ _ _ _ _ _ _ _ _ _ _ _ _ _ _ _ _ _ _ _ _ _ _ _ _ _ 

self = Services(_docker_compose=DockerComposeExecutor(_compose_command=&#39;docker compose&#39;, _compose_files=[&#39;/home/ubuntu/SGE-tester-B/projects/docker-compose.yml&#39;], _compose_project_name=&#39;pytest16415&#39;), _services={&#39;odoo&#39;: {8069: 8069}})
check = &lt;function http_service.&lt;locals&gt;.&lt;lambda&gt; at 0x782f918fdee0&gt;
timeout = 60.0, pause = 10, clock = &lt;built-in function perf_counter&gt;

    def wait_until_responsive(
        self,
        check: Any,
        timeout: float,
        pause: float,
        clock: Any = timeit.default_timer,
    ) -&gt; None:
        &#34;&#34;&#34;Wait until a service is responsive.&#34;&#34;&#34;
    
        ref = clock()
        now = ref
        while (now - ref) &lt; timeout:
            if check():
                return
            time.sleep(pause)
            now = clock()
    
&gt;       raise Exception(&#34;Timeout reached while waiting on service!&#34;)
E       Exception: Timeout reached while waiting on service!

.venv/lib/python3.12/site-packages/pytest_docker/plugin.py:120: Exception</pre>
                        
                        

                        
                        
                        
                    </div>
                
                    <div class="test outcome outcome-failed">
                        <a id="27419ccb-a4cc-42c9-8c63-0855e1d63ea8"></a>
                        <table class="proplist">
                            <tr><th>Test case:</th><td><b>test_modelos_tienen_algun_campo_relacion[many2one]</b></td></tr>
                            <tr><th>Outcome:</th><td>Failed</td></tr>
                            <tr><th>Duration:</th><td>0.0 sec</td></tr>
                        
                            <tr><th>Failed</th><td>failed on setup with &#34;Exception: Timeout reached while waiting on service!&#34;</td></tr>
                        
                        
                        </table>

                        
                        <pre>docker_ip = &#39;127.0.0.1&#39;
docker_services = Services(_docker_compose=DockerComposeExecutor(_compose_command=&#39;docker compose&#39;, _compose_files=[&#39;/home/ubuntu/SGE-tester-B/projects/docker-compose.yml&#39;], _compose_project_name=&#39;pytest16415&#39;), _services={&#39;odoo&#39;: {8069: 8069}})

    @pytest.fixture(scope=&#34;session&#34;)
    def http_service(docker_ip, docker_services):
        &#34;&#34;&#34;Se asegura de que el servicio HTTP responde.&#34;&#34;&#34;
    
        # `port_for` takes a container port and returns the corresponding host port
        port = docker_services.port_for(&#34;odoo&#34;, 8069)
        url = f&#34;http://{docker_ip}:{port}&#34;
&gt;       docker_services.wait_until_responsive(
            timeout=60.0, pause=10, check=lambda: is_responsive(url)
        )

test_minimal_requirements.py:208: 
_ _ _ _ _ _ _ _ _ _ _ _ _ _ _ _ _ _ _ _ _ _ _ _ _ _ _ _ _ _ _ _ _ _ _ _ _ _ _ _ 

self = Services(_docker_compose=DockerComposeExecutor(_compose_command=&#39;docker compose&#39;, _compose_files=[&#39;/home/ubuntu/SGE-tester-B/projects/docker-compose.yml&#39;], _compose_project_name=&#39;pytest16415&#39;), _services={&#39;odoo&#39;: {8069: 8069}})
check = &lt;function http_service.&lt;locals&gt;.&lt;lambda&gt; at 0x782f918fdee0&gt;
timeout = 60.0, pause = 10, clock = &lt;built-in function perf_counter&gt;

    def wait_until_responsive(
        self,
        check: Any,
        timeout: float,
        pause: float,
        clock: Any = timeit.default_timer,
    ) -&gt; None:
        &#34;&#34;&#34;Wait until a service is responsive.&#34;&#34;&#34;
    
        ref = clock()
        now = ref
        while (now - ref) &lt; timeout:
            if check():
                return
            time.sleep(pause)
            now = clock()
    
&gt;       raise Exception(&#34;Timeout reached while waiting on service!&#34;)
E       Exception: Timeout reached while waiting on service!

.venv/lib/python3.12/site-packages/pytest_docker/plugin.py:120: Exception</pre>
                        
                        

                        
                        
                        
                    </div>
                
                    <div class="test outcome outcome-failed">
                        <a id="4fcb8362-b885-4497-a53d-55d6d26ff42a"></a>
                        <table class="proplist">
                            <tr><th>Test case:</th><td><b>test_unknown_comodel_name</b></td></tr>
                            <tr><th>Outcome:</th><td>Failed</td></tr>
                            <tr><th>Duration:</th><td>0.0 sec</td></tr>
                        
                            <tr><th>Failed</th><td>failed on setup with &#34;Exception: Timeout reached while waiting on service!&#34;</td></tr>
                        
                        
                        </table>

                        
                        <pre>docker_ip = &#39;127.0.0.1&#39;
docker_services = Services(_docker_compose=DockerComposeExecutor(_compose_command=&#39;docker compose&#39;, _compose_files=[&#39;/home/ubuntu/SGE-tester-B/projects/docker-compose.yml&#39;], _compose_project_name=&#39;pytest16415&#39;), _services={&#39;odoo&#39;: {8069: 8069}})

    @pytest.fixture(scope=&#34;session&#34;)
    def http_service(docker_ip, docker_services):
        &#34;&#34;&#34;Se asegura de que el servicio HTTP responde.&#34;&#34;&#34;
    
        # `port_for` takes a container port and returns the corresponding host port
        port = docker_services.port_for(&#34;odoo&#34;, 8069)
        url = f&#34;http://{docker_ip}:{port}&#34;
&gt;       docker_services.wait_until_responsive(
            timeout=60.0, pause=10, check=lambda: is_responsive(url)
        )

test_minimal_requirements.py:208: 
_ _ _ _ _ _ _ _ _ _ _ _ _ _ _ _ _ _ _ _ _ _ _ _ _ _ _ _ _ _ _ _ _ _ _ _ _ _ _ _ 

self = Services(_docker_compose=DockerComposeExecutor(_compose_command=&#39;docker compose&#39;, _compose_files=[&#39;/home/ubuntu/SGE-tester-B/projects/docker-compose.yml&#39;], _compose_project_name=&#39;pytest16415&#39;), _services={&#39;odoo&#39;: {8069: 8069}})
check = &lt;function http_service.&lt;locals&gt;.&lt;lambda&gt; at 0x782f918fdee0&gt;
timeout = 60.0, pause = 10, clock = &lt;built-in function perf_counter&gt;

    def wait_until_responsive(
        self,
        check: Any,
        timeout: float,
        pause: float,
        clock: Any = timeit.default_timer,
    ) -&gt; None:
        &#34;&#34;&#34;Wait until a service is responsive.&#34;&#34;&#34;
    
        ref = clock()
        now = ref
        while (now - ref) &lt; timeout:
            if check():
                return
            time.sleep(pause)
            now = clock()
    
&gt;       raise Exception(&#34;Timeout reached while waiting on service!&#34;)
E       Exception: Timeout reached while waiting on service!

.venv/lib/python3.12/site-packages/pytest_docker/plugin.py:120: Exception</pre>
                        
                        

                        
                        
                        
                    </div>
                
                </div>
            </div>
            
            <div class="testclass">
                <h4>test_minimal_requirements.TestRNF3</h4>
                <div class="testcases">
                
                    <div class="test outcome outcome-failed">
                        <a id="58b26cda-91c0-41cd-8e0f-1fbeadfe97fe"></a>
                        <table class="proplist">
                            <tr><th>Test case:</th><td><b>test_modelos_tienen_vista[tree]</b></td></tr>
                            <tr><th>Outcome:</th><td>Failed</td></tr>
                            <tr><th>Duration:</th><td>0.0 sec</td></tr>
                        
                            <tr><th>Failed</th><td>failed on setup with &#34;Exception: Timeout reached while waiting on service!&#34;</td></tr>
                        
                        
                        </table>

                        
                        <pre>docker_ip = &#39;127.0.0.1&#39;
docker_services = Services(_docker_compose=DockerComposeExecutor(_compose_command=&#39;docker compose&#39;, _compose_files=[&#39;/home/ubuntu/SGE-tester-B/projects/docker-compose.yml&#39;], _compose_project_name=&#39;pytest16415&#39;), _services={&#39;odoo&#39;: {8069: 8069}})

    @pytest.fixture(scope=&#34;session&#34;)
    def http_service(docker_ip, docker_services):
        &#34;&#34;&#34;Se asegura de que el servicio HTTP responde.&#34;&#34;&#34;
    
        # `port_for` takes a container port and returns the corresponding host port
        port = docker_services.port_for(&#34;odoo&#34;, 8069)
        url = f&#34;http://{docker_ip}:{port}&#34;
&gt;       docker_services.wait_until_responsive(
            timeout=60.0, pause=10, check=lambda: is_responsive(url)
        )

test_minimal_requirements.py:208: 
_ _ _ _ _ _ _ _ _ _ _ _ _ _ _ _ _ _ _ _ _ _ _ _ _ _ _ _ _ _ _ _ _ _ _ _ _ _ _ _ 

self = Services(_docker_compose=DockerComposeExecutor(_compose_command=&#39;docker compose&#39;, _compose_files=[&#39;/home/ubuntu/SGE-tester-B/projects/docker-compose.yml&#39;], _compose_project_name=&#39;pytest16415&#39;), _services={&#39;odoo&#39;: {8069: 8069}})
check = &lt;function http_service.&lt;locals&gt;.&lt;lambda&gt; at 0x782f918fdee0&gt;
timeout = 60.0, pause = 10, clock = &lt;built-in function perf_counter&gt;

    def wait_until_responsive(
        self,
        check: Any,
        timeout: float,
        pause: float,
        clock: Any = timeit.default_timer,
    ) -&gt; None:
        &#34;&#34;&#34;Wait until a service is responsive.&#34;&#34;&#34;
    
        ref = clock()
        now = ref
        while (now - ref) &lt; timeout:
            if check():
                return
            time.sleep(pause)
            now = clock()
    
&gt;       raise Exception(&#34;Timeout reached while waiting on service!&#34;)
E       Exception: Timeout reached while waiting on service!

.venv/lib/python3.12/site-packages/pytest_docker/plugin.py:120: Exception</pre>
                        
                        

                        
                        
                        
                    </div>
                
                    <div class="test outcome outcome-failed">
                        <a id="3a5d517c-c2e0-4759-aeee-88c8b6afaeaa"></a>
                        <table class="proplist">
                            <tr><th>Test case:</th><td><b>test_modelos_tienen_vista[form]</b></td></tr>
                            <tr><th>Outcome:</th><td>Failed</td></tr>
                            <tr><th>Duration:</th><td>0.001 sec</td></tr>
                        
                            <tr><th>Failed</th><td>failed on setup with &#34;Exception: Timeout reached while waiting on service!&#34;</td></tr>
                        
                        
                        </table>

                        
                        <pre>docker_ip = &#39;127.0.0.1&#39;
docker_services = Services(_docker_compose=DockerComposeExecutor(_compose_command=&#39;docker compose&#39;, _compose_files=[&#39;/home/ubuntu/SGE-tester-B/projects/docker-compose.yml&#39;], _compose_project_name=&#39;pytest16415&#39;), _services={&#39;odoo&#39;: {8069: 8069}})

    @pytest.fixture(scope=&#34;session&#34;)
    def http_service(docker_ip, docker_services):
        &#34;&#34;&#34;Se asegura de que el servicio HTTP responde.&#34;&#34;&#34;
    
        # `port_for` takes a container port and returns the corresponding host port
        port = docker_services.port_for(&#34;odoo&#34;, 8069)
        url = f&#34;http://{docker_ip}:{port}&#34;
&gt;       docker_services.wait_until_responsive(
            timeout=60.0, pause=10, check=lambda: is_responsive(url)
        )

test_minimal_requirements.py:208: 
_ _ _ _ _ _ _ _ _ _ _ _ _ _ _ _ _ _ _ _ _ _ _ _ _ _ _ _ _ _ _ _ _ _ _ _ _ _ _ _ 

self = Services(_docker_compose=DockerComposeExecutor(_compose_command=&#39;docker compose&#39;, _compose_files=[&#39;/home/ubuntu/SGE-tester-B/projects/docker-compose.yml&#39;], _compose_project_name=&#39;pytest16415&#39;), _services={&#39;odoo&#39;: {8069: 8069}})
check = &lt;function http_service.&lt;locals&gt;.&lt;lambda&gt; at 0x782f918fdee0&gt;
timeout = 60.0, pause = 10, clock = &lt;built-in function perf_counter&gt;

    def wait_until_responsive(
        self,
        check: Any,
        timeout: float,
        pause: float,
        clock: Any = timeit.default_timer,
    ) -&gt; None:
        &#34;&#34;&#34;Wait until a service is responsive.&#34;&#34;&#34;
    
        ref = clock()
        now = ref
        while (now - ref) &lt; timeout:
            if check():
                return
            time.sleep(pause)
            now = clock()
    
&gt;       raise Exception(&#34;Timeout reached while waiting on service!&#34;)
E       Exception: Timeout reached while waiting on service!

.venv/lib/python3.12/site-packages/pytest_docker/plugin.py:120: Exception</pre>
                        
                        

                        
                        
                        
                    </div>
                
                    <div class="test outcome outcome-failed">
                        <a id="6b16cc8e-8a6c-4f59-ab80-dc74793f88db"></a>
                        <table class="proplist">
                            <tr><th>Test case:</th><td><b>test_formularios_tienen_vista_anidada_para_campos_X2many[one2many]</b></td></tr>
                            <tr><th>Outcome:</th><td>Failed</td></tr>
                            <tr><th>Duration:</th><td>0.0 sec</td></tr>
                        
                            <tr><th>Failed</th><td>failed on setup with &#34;Exception: Timeout reached while waiting on service!&#34;</td></tr>
                        
                        
                        </table>

                        
                        <pre>docker_ip = &#39;127.0.0.1&#39;
docker_services = Services(_docker_compose=DockerComposeExecutor(_compose_command=&#39;docker compose&#39;, _compose_files=[&#39;/home/ubuntu/SGE-tester-B/projects/docker-compose.yml&#39;], _compose_project_name=&#39;pytest16415&#39;), _services={&#39;odoo&#39;: {8069: 8069}})

    @pytest.fixture(scope=&#34;session&#34;)
    def http_service(docker_ip, docker_services):
        &#34;&#34;&#34;Se asegura de que el servicio HTTP responde.&#34;&#34;&#34;
    
        # `port_for` takes a container port and returns the corresponding host port
        port = docker_services.port_for(&#34;odoo&#34;, 8069)
        url = f&#34;http://{docker_ip}:{port}&#34;
&gt;       docker_services.wait_until_responsive(
            timeout=60.0, pause=10, check=lambda: is_responsive(url)
        )

test_minimal_requirements.py:208: 
_ _ _ _ _ _ _ _ _ _ _ _ _ _ _ _ _ _ _ _ _ _ _ _ _ _ _ _ _ _ _ _ _ _ _ _ _ _ _ _ 

self = Services(_docker_compose=DockerComposeExecutor(_compose_command=&#39;docker compose&#39;, _compose_files=[&#39;/home/ubuntu/SGE-tester-B/projects/docker-compose.yml&#39;], _compose_project_name=&#39;pytest16415&#39;), _services={&#39;odoo&#39;: {8069: 8069}})
check = &lt;function http_service.&lt;locals&gt;.&lt;lambda&gt; at 0x782f918fdee0&gt;
timeout = 60.0, pause = 10, clock = &lt;built-in function perf_counter&gt;

    def wait_until_responsive(
        self,
        check: Any,
        timeout: float,
        pause: float,
        clock: Any = timeit.default_timer,
    ) -&gt; None:
        &#34;&#34;&#34;Wait until a service is responsive.&#34;&#34;&#34;
    
        ref = clock()
        now = ref
        while (now - ref) &lt; timeout:
            if check():
                return
            time.sleep(pause)
            now = clock()
    
&gt;       raise Exception(&#34;Timeout reached while waiting on service!&#34;)
E       Exception: Timeout reached while waiting on service!

.venv/lib/python3.12/site-packages/pytest_docker/plugin.py:120: Exception</pre>
                        
                        

                        
                        
                        
                    </div>
                
                    <div class="test outcome outcome-failed">
                        <a id="2837112c-9bb7-4f42-8217-29efb36009ed"></a>
                        <table class="proplist">
                            <tr><th>Test case:</th><td><b>test_formularios_tienen_vista_anidada_para_campos_X2many[many2many]</b></td></tr>
                            <tr><th>Outcome:</th><td>Failed</td></tr>
                            <tr><th>Duration:</th><td>0.0 sec</td></tr>
                        
                            <tr><th>Failed</th><td>failed on setup with &#34;Exception: Timeout reached while waiting on service!&#34;</td></tr>
                        
                        
                        </table>

                        
                        <pre>docker_ip = &#39;127.0.0.1&#39;
docker_services = Services(_docker_compose=DockerComposeExecutor(_compose_command=&#39;docker compose&#39;, _compose_files=[&#39;/home/ubuntu/SGE-tester-B/projects/docker-compose.yml&#39;], _compose_project_name=&#39;pytest16415&#39;), _services={&#39;odoo&#39;: {8069: 8069}})

    @pytest.fixture(scope=&#34;session&#34;)
    def http_service(docker_ip, docker_services):
        &#34;&#34;&#34;Se asegura de que el servicio HTTP responde.&#34;&#34;&#34;
    
        # `port_for` takes a container port and returns the corresponding host port
        port = docker_services.port_for(&#34;odoo&#34;, 8069)
        url = f&#34;http://{docker_ip}:{port}&#34;
&gt;       docker_services.wait_until_responsive(
            timeout=60.0, pause=10, check=lambda: is_responsive(url)
        )

test_minimal_requirements.py:208: 
_ _ _ _ _ _ _ _ _ _ _ _ _ _ _ _ _ _ _ _ _ _ _ _ _ _ _ _ _ _ _ _ _ _ _ _ _ _ _ _ 

self = Services(_docker_compose=DockerComposeExecutor(_compose_command=&#39;docker compose&#39;, _compose_files=[&#39;/home/ubuntu/SGE-tester-B/projects/docker-compose.yml&#39;], _compose_project_name=&#39;pytest16415&#39;), _services={&#39;odoo&#39;: {8069: 8069}})
check = &lt;function http_service.&lt;locals&gt;.&lt;lambda&gt; at 0x782f918fdee0&gt;
timeout = 60.0, pause = 10, clock = &lt;built-in function perf_counter&gt;

    def wait_until_responsive(
        self,
        check: Any,
        timeout: float,
        pause: float,
        clock: Any = timeit.default_timer,
    ) -&gt; None:
        &#34;&#34;&#34;Wait until a service is responsive.&#34;&#34;&#34;
    
        ref = clock()
        now = ref
        while (now - ref) &lt; timeout:
            if check():
                return
            time.sleep(pause)
            now = clock()
    
&gt;       raise Exception(&#34;Timeout reached while waiting on service!&#34;)
E       Exception: Timeout reached while waiting on service!

.venv/lib/python3.12/site-packages/pytest_docker/plugin.py:120: Exception</pre>
                        
                        

                        
                        
                        
                    </div>
                
                </div>
            </div>
            
            <div class="testclass">
                <h4>test_minimal_requirements.TestRNF4</h4>
                <div class="testcases">
                
                    <div class="test outcome outcome-failed">
                        <a id="c96f2914-5a2b-467e-991e-f7e530644024"></a>
                        <table class="proplist">
                            <tr><th>Test case:</th><td><b>test_vistas_en_ficheros_individuales</b></td></tr>
                            <tr><th>Outcome:</th><td>Failed</td></tr>
                            <tr><th>Duration:</th><td>0.0 sec</td></tr>
                        
                            <tr><th>Failed</th><td>failed on setup with &#34;Exception: Timeout reached while waiting on service!&#34;</td></tr>
                        
                        
                        </table>

                        
                        <pre>docker_ip = &#39;127.0.0.1&#39;
docker_services = Services(_docker_compose=DockerComposeExecutor(_compose_command=&#39;docker compose&#39;, _compose_files=[&#39;/home/ubuntu/SGE-tester-B/projects/docker-compose.yml&#39;], _compose_project_name=&#39;pytest16415&#39;), _services={&#39;odoo&#39;: {8069: 8069}})

    @pytest.fixture(scope=&#34;session&#34;)
    def http_service(docker_ip, docker_services):
        &#34;&#34;&#34;Se asegura de que el servicio HTTP responde.&#34;&#34;&#34;
    
        # `port_for` takes a container port and returns the corresponding host port
        port = docker_services.port_for(&#34;odoo&#34;, 8069)
        url = f&#34;http://{docker_ip}:{port}&#34;
&gt;       docker_services.wait_until_responsive(
            timeout=60.0, pause=10, check=lambda: is_responsive(url)
        )

test_minimal_requirements.py:208: 
_ _ _ _ _ _ _ _ _ _ _ _ _ _ _ _ _ _ _ _ _ _ _ _ _ _ _ _ _ _ _ _ _ _ _ _ _ _ _ _ 

self = Services(_docker_compose=DockerComposeExecutor(_compose_command=&#39;docker compose&#39;, _compose_files=[&#39;/home/ubuntu/SGE-tester-B/projects/docker-compose.yml&#39;], _compose_project_name=&#39;pytest16415&#39;), _services={&#39;odoo&#39;: {8069: 8069}})
check = &lt;function http_service.&lt;locals&gt;.&lt;lambda&gt; at 0x782f918fdee0&gt;
timeout = 60.0, pause = 10, clock = &lt;built-in function perf_counter&gt;

    def wait_until_responsive(
        self,
        check: Any,
        timeout: float,
        pause: float,
        clock: Any = timeit.default_timer,
    ) -&gt; None:
        &#34;&#34;&#34;Wait until a service is responsive.&#34;&#34;&#34;
    
        ref = clock()
        now = ref
        while (now - ref) &lt; timeout:
            if check():
                return
            time.sleep(pause)
            now = clock()
    
&gt;       raise Exception(&#34;Timeout reached while waiting on service!&#34;)
E       Exception: Timeout reached while waiting on service!

.venv/lib/python3.12/site-packages/pytest_docker/plugin.py:120: Exception</pre>
                        
                        

                        
                        
                        
                    </div>
                
                </div>
            </div>
            
            <div class="testclass">
                <h4>test_minimal_requirements.TestRNF5</h4>
                <div class="testcases">
                
                    <div class="test outcome outcome-failed">
                        <a id="195b2ff8-7ffe-45d3-82d8-29c2407d6917"></a>
                        <table class="proplist">
                            <tr><th>Test case:</th><td><b>test_modelos_tienen_algun_posible_campo_imagen</b></td></tr>
                            <tr><th>Outcome:</th><td>Failed</td></tr>
                            <tr><th>Duration:</th><td>0.001 sec</td></tr>
                        
                            <tr><th>Failed</th><td>failed on setup with &#34;Exception: Timeout reached while waiting on service!&#34;</td></tr>
                        
                        
                        </table>

                        
                        <pre>docker_ip = &#39;127.0.0.1&#39;
docker_services = Services(_docker_compose=DockerComposeExecutor(_compose_command=&#39;docker compose&#39;, _compose_files=[&#39;/home/ubuntu/SGE-tester-B/projects/docker-compose.yml&#39;], _compose_project_name=&#39;pytest16415&#39;), _services={&#39;odoo&#39;: {8069: 8069}})

    @pytest.fixture(scope=&#34;session&#34;)
    def http_service(docker_ip, docker_services):
        &#34;&#34;&#34;Se asegura de que el servicio HTTP responde.&#34;&#34;&#34;
    
        # `port_for` takes a container port and returns the corresponding host port
        port = docker_services.port_for(&#34;odoo&#34;, 8069)
        url = f&#34;http://{docker_ip}:{port}&#34;
&gt;       docker_services.wait_until_responsive(
            timeout=60.0, pause=10, check=lambda: is_responsive(url)
        )

test_minimal_requirements.py:208: 
_ _ _ _ _ _ _ _ _ _ _ _ _ _ _ _ _ _ _ _ _ _ _ _ _ _ _ _ _ _ _ _ _ _ _ _ _ _ _ _ 

self = Services(_docker_compose=DockerComposeExecutor(_compose_command=&#39;docker compose&#39;, _compose_files=[&#39;/home/ubuntu/SGE-tester-B/projects/docker-compose.yml&#39;], _compose_project_name=&#39;pytest16415&#39;), _services={&#39;odoo&#39;: {8069: 8069}})
check = &lt;function http_service.&lt;locals&gt;.&lt;lambda&gt; at 0x782f918fdee0&gt;
timeout = 60.0, pause = 10, clock = &lt;built-in function perf_counter&gt;

    def wait_until_responsive(
        self,
        check: Any,
        timeout: float,
        pause: float,
        clock: Any = timeit.default_timer,
    ) -&gt; None:
        &#34;&#34;&#34;Wait until a service is responsive.&#34;&#34;&#34;
    
        ref = clock()
        now = ref
        while (now - ref) &lt; timeout:
            if check():
                return
            time.sleep(pause)
            now = clock()
    
&gt;       raise Exception(&#34;Timeout reached while waiting on service!&#34;)
E       Exception: Timeout reached while waiting on service!

.venv/lib/python3.12/site-packages/pytest_docker/plugin.py:120: Exception</pre>
                        
                        

                        
                        
                        
                    </div>
                
                    <div class="test outcome outcome-failed">
                        <a id="d9ba50ca-f772-4b30-9e7b-c5c145707c5d"></a>
                        <table class="proplist">
                            <tr><th>Test case:</th><td><b>test_alguna_vista_tiene_campo_imagen</b></td></tr>
                            <tr><th>Outcome:</th><td>Failed</td></tr>
                            <tr><th>Duration:</th><td>0.0 sec</td></tr>
                        
                            <tr><th>Failed</th><td>failed on setup with &#34;Exception: Timeout reached while waiting on service!&#34;</td></tr>
                        
                        
                        </table>

                        
                        <pre>docker_ip = &#39;127.0.0.1&#39;
docker_services = Services(_docker_compose=DockerComposeExecutor(_compose_command=&#39;docker compose&#39;, _compose_files=[&#39;/home/ubuntu/SGE-tester-B/projects/docker-compose.yml&#39;], _compose_project_name=&#39;pytest16415&#39;), _services={&#39;odoo&#39;: {8069: 8069}})

    @pytest.fixture(scope=&#34;session&#34;)
    def http_service(docker_ip, docker_services):
        &#34;&#34;&#34;Se asegura de que el servicio HTTP responde.&#34;&#34;&#34;
    
        # `port_for` takes a container port and returns the corresponding host port
        port = docker_services.port_for(&#34;odoo&#34;, 8069)
        url = f&#34;http://{docker_ip}:{port}&#34;
&gt;       docker_services.wait_until_responsive(
            timeout=60.0, pause=10, check=lambda: is_responsive(url)
        )

test_minimal_requirements.py:208: 
_ _ _ _ _ _ _ _ _ _ _ _ _ _ _ _ _ _ _ _ _ _ _ _ _ _ _ _ _ _ _ _ _ _ _ _ _ _ _ _ 

self = Services(_docker_compose=DockerComposeExecutor(_compose_command=&#39;docker compose&#39;, _compose_files=[&#39;/home/ubuntu/SGE-tester-B/projects/docker-compose.yml&#39;], _compose_project_name=&#39;pytest16415&#39;), _services={&#39;odoo&#39;: {8069: 8069}})
check = &lt;function http_service.&lt;locals&gt;.&lt;lambda&gt; at 0x782f918fdee0&gt;
timeout = 60.0, pause = 10, clock = &lt;built-in function perf_counter&gt;

    def wait_until_responsive(
        self,
        check: Any,
        timeout: float,
        pause: float,
        clock: Any = timeit.default_timer,
    ) -&gt; None:
        &#34;&#34;&#34;Wait until a service is responsive.&#34;&#34;&#34;
    
        ref = clock()
        now = ref
        while (now - ref) &lt; timeout:
            if check():
                return
            time.sleep(pause)
            now = clock()
    
&gt;       raise Exception(&#34;Timeout reached while waiting on service!&#34;)
E       Exception: Timeout reached while waiting on service!

.venv/lib/python3.12/site-packages/pytest_docker/plugin.py:120: Exception</pre>
                        
                        

                        
                        
                        
                    </div>
                
                </div>
            </div>
            
            <div class="testclass">
                <h4>test_minimal_requirements.TestRNF6</h4>
                <div class="testcases">
                
                    <div class="test outcome outcome-failed">
                        <a id="a531949e-5b94-4e8e-9d92-7d4b57c62fb9"></a>
                        <table class="proplist">
                            <tr><th>Test case:</th><td><b>test_modelos_tienen_acciones</b></td></tr>
                            <tr><th>Outcome:</th><td>Failed</td></tr>
                            <tr><th>Duration:</th><td>0.001 sec</td></tr>
                        
                            <tr><th>Failed</th><td>failed on setup with &#34;Exception: Timeout reached while waiting on service!&#34;</td></tr>
                        
                        
                        </table>

                        
                        <pre>docker_ip = &#39;127.0.0.1&#39;
docker_services = Services(_docker_compose=DockerComposeExecutor(_compose_command=&#39;docker compose&#39;, _compose_files=[&#39;/home/ubuntu/SGE-tester-B/projects/docker-compose.yml&#39;], _compose_project_name=&#39;pytest16415&#39;), _services={&#39;odoo&#39;: {8069: 8069}})

    @pytest.fixture(scope=&#34;session&#34;)
    def http_service(docker_ip, docker_services):
        &#34;&#34;&#34;Se asegura de que el servicio HTTP responde.&#34;&#34;&#34;
    
        # `port_for` takes a container port and returns the corresponding host port
        port = docker_services.port_for(&#34;odoo&#34;, 8069)
        url = f&#34;http://{docker_ip}:{port}&#34;
&gt;       docker_services.wait_until_responsive(
            timeout=60.0, pause=10, check=lambda: is_responsive(url)
        )

test_minimal_requirements.py:208: 
_ _ _ _ _ _ _ _ _ _ _ _ _ _ _ _ _ _ _ _ _ _ _ _ _ _ _ _ _ _ _ _ _ _ _ _ _ _ _ _ 

self = Services(_docker_compose=DockerComposeExecutor(_compose_command=&#39;docker compose&#39;, _compose_files=[&#39;/home/ubuntu/SGE-tester-B/projects/docker-compose.yml&#39;], _compose_project_name=&#39;pytest16415&#39;), _services={&#39;odoo&#39;: {8069: 8069}})
check = &lt;function http_service.&lt;locals&gt;.&lt;lambda&gt; at 0x782f918fdee0&gt;
timeout = 60.0, pause = 10, clock = &lt;built-in function perf_counter&gt;

    def wait_until_responsive(
        self,
        check: Any,
        timeout: float,
        pause: float,
        clock: Any = timeit.default_timer,
    ) -&gt; None:
        &#34;&#34;&#34;Wait until a service is responsive.&#34;&#34;&#34;
    
        ref = clock()
        now = ref
        while (now - ref) &lt; timeout:
            if check():
                return
            time.sleep(pause)
            now = clock()
    
&gt;       raise Exception(&#34;Timeout reached while waiting on service!&#34;)
E       Exception: Timeout reached while waiting on service!

.venv/lib/python3.12/site-packages/pytest_docker/plugin.py:120: Exception</pre>
                        
                        

                        
                        
                        
                    </div>
                
                    <div class="test outcome outcome-failed">
                        <a id="c9608cbf-2086-4c80-bd71-25b22494ac74"></a>
                        <table class="proplist">
                            <tr><th>Test case:</th><td><b>test_hay_elementos_de_menu[.//menuitem[@action]]</b></td></tr>
                            <tr><th>Outcome:</th><td>Failed</td></tr>
                            <tr><th>Duration:</th><td>0.0 sec</td></tr>
                        
                            <tr><th>Failed</th><td>failed on setup with &#34;Exception: Timeout reached while waiting on service!&#34;</td></tr>
                        
                        
                        </table>

                        
                        <pre>docker_ip = &#39;127.0.0.1&#39;
docker_services = Services(_docker_compose=DockerComposeExecutor(_compose_command=&#39;docker compose&#39;, _compose_files=[&#39;/home/ubuntu/SGE-tester-B/projects/docker-compose.yml&#39;], _compose_project_name=&#39;pytest16415&#39;), _services={&#39;odoo&#39;: {8069: 8069}})

    @pytest.fixture(scope=&#34;session&#34;)
    def http_service(docker_ip, docker_services):
        &#34;&#34;&#34;Se asegura de que el servicio HTTP responde.&#34;&#34;&#34;
    
        # `port_for` takes a container port and returns the corresponding host port
        port = docker_services.port_for(&#34;odoo&#34;, 8069)
        url = f&#34;http://{docker_ip}:{port}&#34;
&gt;       docker_services.wait_until_responsive(
            timeout=60.0, pause=10, check=lambda: is_responsive(url)
        )

test_minimal_requirements.py:208: 
_ _ _ _ _ _ _ _ _ _ _ _ _ _ _ _ _ _ _ _ _ _ _ _ _ _ _ _ _ _ _ _ _ _ _ _ _ _ _ _ 

self = Services(_docker_compose=DockerComposeExecutor(_compose_command=&#39;docker compose&#39;, _compose_files=[&#39;/home/ubuntu/SGE-tester-B/projects/docker-compose.yml&#39;], _compose_project_name=&#39;pytest16415&#39;), _services={&#39;odoo&#39;: {8069: 8069}})
check = &lt;function http_service.&lt;locals&gt;.&lt;lambda&gt; at 0x782f918fdee0&gt;
timeout = 60.0, pause = 10, clock = &lt;built-in function perf_counter&gt;

    def wait_until_responsive(
        self,
        check: Any,
        timeout: float,
        pause: float,
        clock: Any = timeit.default_timer,
    ) -&gt; None:
        &#34;&#34;&#34;Wait until a service is responsive.&#34;&#34;&#34;
    
        ref = clock()
        now = ref
        while (now - ref) &lt; timeout:
            if check():
                return
            time.sleep(pause)
            now = clock()
    
&gt;       raise Exception(&#34;Timeout reached while waiting on service!&#34;)
E       Exception: Timeout reached while waiting on service!

.venv/lib/python3.12/site-packages/pytest_docker/plugin.py:120: Exception</pre>
                        
                        

                        
                        
                        
                    </div>
                
                </div>
            </div>
            
            <div class="testclass">
                <h4>test_minimal_requirements.TestRNF7</h4>
                <div class="testcases">
                
                    <div class="test outcome outcome-failed">
                        <a id="39c3da49-ec1e-4bab-8062-9c1518c5c379"></a>
                        <table class="proplist">
                            <tr><th>Test case:</th><td><b>test_modelos_tienen_permisos</b></td></tr>
                            <tr><th>Outcome:</th><td>Failed</td></tr>
                            <tr><th>Duration:</th><td>0.0 sec</td></tr>
                        
                            <tr><th>Failed</th><td>failed on setup with &#34;Exception: Timeout reached while waiting on service!&#34;</td></tr>
                        
                        
                        </table>

                        
                        <pre>docker_ip = &#39;127.0.0.1&#39;
docker_services = Services(_docker_compose=DockerComposeExecutor(_compose_command=&#39;docker compose&#39;, _compose_files=[&#39;/home/ubuntu/SGE-tester-B/projects/docker-compose.yml&#39;], _compose_project_name=&#39;pytest16415&#39;), _services={&#39;odoo&#39;: {8069: 8069}})

    @pytest.fixture(scope=&#34;session&#34;)
    def http_service(docker_ip, docker_services):
        &#34;&#34;&#34;Se asegura de que el servicio HTTP responde.&#34;&#34;&#34;
    
        # `port_for` takes a container port and returns the corresponding host port
        port = docker_services.port_for(&#34;odoo&#34;, 8069)
        url = f&#34;http://{docker_ip}:{port}&#34;
&gt;       docker_services.wait_until_responsive(
            timeout=60.0, pause=10, check=lambda: is_responsive(url)
        )

test_minimal_requirements.py:208: 
_ _ _ _ _ _ _ _ _ _ _ _ _ _ _ _ _ _ _ _ _ _ _ _ _ _ _ _ _ _ _ _ _ _ _ _ _ _ _ _ 

self = Services(_docker_compose=DockerComposeExecutor(_compose_command=&#39;docker compose&#39;, _compose_files=[&#39;/home/ubuntu/SGE-tester-B/projects/docker-compose.yml&#39;], _compose_project_name=&#39;pytest16415&#39;), _services={&#39;odoo&#39;: {8069: 8069}})
check = &lt;function http_service.&lt;locals&gt;.&lt;lambda&gt; at 0x782f918fdee0&gt;
timeout = 60.0, pause = 10, clock = &lt;built-in function perf_counter&gt;

    def wait_until_responsive(
        self,
        check: Any,
        timeout: float,
        pause: float,
        clock: Any = timeit.default_timer,
    ) -&gt; None:
        &#34;&#34;&#34;Wait until a service is responsive.&#34;&#34;&#34;
    
        ref = clock()
        now = ref
        while (now - ref) &lt; timeout:
            if check():
                return
            time.sleep(pause)
            now = clock()
    
&gt;       raise Exception(&#34;Timeout reached while waiting on service!&#34;)
E       Exception: Timeout reached while waiting on service!

.venv/lib/python3.12/site-packages/pytest_docker/plugin.py:120: Exception</pre>
                        
                        

                        
                        
                        
                    </div>
                
                </div>
            </div>
            
            <div class="testclass">
                <h4>test_minimal_requirements.TestRNF8</h4>
                <div class="testcases">
                
                    <div class="test outcome outcome-failed">
                        <a id="028099c4-4c48-4956-9f07-fda181b7fe53"></a>
                        <table class="proplist">
                            <tr><th>Test case:</th><td><b>test_app_tiene_icono</b></td></tr>
                            <tr><th>Outcome:</th><td>Failed</td></tr>
                            <tr><th>Duration:</th><td>0.0 sec</td></tr>
                        
                            <tr><th>Failed</th><td>failed on setup with &#34;Exception: Timeout reached while waiting on service!&#34;</td></tr>
                        
                        
                        </table>

                        
                        <pre>docker_ip = &#39;127.0.0.1&#39;
docker_services = Services(_docker_compose=DockerComposeExecutor(_compose_command=&#39;docker compose&#39;, _compose_files=[&#39;/home/ubuntu/SGE-tester-B/projects/docker-compose.yml&#39;], _compose_project_name=&#39;pytest16415&#39;), _services={&#39;odoo&#39;: {8069: 8069}})

    @pytest.fixture(scope=&#34;session&#34;)
    def http_service(docker_ip, docker_services):
        &#34;&#34;&#34;Se asegura de que el servicio HTTP responde.&#34;&#34;&#34;
    
        # `port_for` takes a container port and returns the corresponding host port
        port = docker_services.port_for(&#34;odoo&#34;, 8069)
        url = f&#34;http://{docker_ip}:{port}&#34;
&gt;       docker_services.wait_until_responsive(
            timeout=60.0, pause=10, check=lambda: is_responsive(url)
        )

test_minimal_requirements.py:208: 
_ _ _ _ _ _ _ _ _ _ _ _ _ _ _ _ _ _ _ _ _ _ _ _ _ _ _ _ _ _ _ _ _ _ _ _ _ _ _ _ 

self = Services(_docker_compose=DockerComposeExecutor(_compose_command=&#39;docker compose&#39;, _compose_files=[&#39;/home/ubuntu/SGE-tester-B/projects/docker-compose.yml&#39;], _compose_project_name=&#39;pytest16415&#39;), _services={&#39;odoo&#39;: {8069: 8069}})
check = &lt;function http_service.&lt;locals&gt;.&lt;lambda&gt; at 0x782f918fdee0&gt;
timeout = 60.0, pause = 10, clock = &lt;built-in function perf_counter&gt;

    def wait_until_responsive(
        self,
        check: Any,
        timeout: float,
        pause: float,
        clock: Any = timeit.default_timer,
    ) -&gt; None:
        &#34;&#34;&#34;Wait until a service is responsive.&#34;&#34;&#34;
    
        ref = clock()
        now = ref
        while (now - ref) &lt; timeout:
            if check():
                return
            time.sleep(pause)
            now = clock()
    
&gt;       raise Exception(&#34;Timeout reached while waiting on service!&#34;)
E       Exception: Timeout reached while waiting on service!

.venv/lib/python3.12/site-packages/pytest_docker/plugin.py:120: Exception</pre>
                        
                        

                        
                        
                        
                    </div>
                
                </div>
            </div>
            
            <div class="testclass">
                <h4>test_minimal_requirements.TestRNF9</h4>
                <div class="testcases">
                
                    <div class="test outcome outcome-failed">
                        <a id="3a28537f-927d-4173-bd5c-2c8ba9dd8852"></a>
                        <table class="proplist">
                            <tr><th>Test case:</th><td><b>test_modelos_tienen_datos_demo</b></td></tr>
                            <tr><th>Outcome:</th><td>Failed</td></tr>
                            <tr><th>Duration:</th><td>0.0 sec</td></tr>
                        
                            <tr><th>Failed</th><td>failed on setup with &#34;Exception: Timeout reached while waiting on service!&#34;</td></tr>
                        
                        
                        </table>

                        
                        <pre>docker_ip = &#39;127.0.0.1&#39;
docker_services = Services(_docker_compose=DockerComposeExecutor(_compose_command=&#39;docker compose&#39;, _compose_files=[&#39;/home/ubuntu/SGE-tester-B/projects/docker-compose.yml&#39;], _compose_project_name=&#39;pytest16415&#39;), _services={&#39;odoo&#39;: {8069: 8069}})

    @pytest.fixture(scope=&#34;session&#34;)
    def http_service(docker_ip, docker_services):
        &#34;&#34;&#34;Se asegura de que el servicio HTTP responde.&#34;&#34;&#34;
    
        # `port_for` takes a container port and returns the corresponding host port
        port = docker_services.port_for(&#34;odoo&#34;, 8069)
        url = f&#34;http://{docker_ip}:{port}&#34;
&gt;       docker_services.wait_until_responsive(
            timeout=60.0, pause=10, check=lambda: is_responsive(url)
        )

test_minimal_requirements.py:208: 
_ _ _ _ _ _ _ _ _ _ _ _ _ _ _ _ _ _ _ _ _ _ _ _ _ _ _ _ _ _ _ _ _ _ _ _ _ _ _ _ 

self = Services(_docker_compose=DockerComposeExecutor(_compose_command=&#39;docker compose&#39;, _compose_files=[&#39;/home/ubuntu/SGE-tester-B/projects/docker-compose.yml&#39;], _compose_project_name=&#39;pytest16415&#39;), _services={&#39;odoo&#39;: {8069: 8069}})
check = &lt;function http_service.&lt;locals&gt;.&lt;lambda&gt; at 0x782f918fdee0&gt;
timeout = 60.0, pause = 10, clock = &lt;built-in function perf_counter&gt;

    def wait_until_responsive(
        self,
        check: Any,
        timeout: float,
        pause: float,
        clock: Any = timeit.default_timer,
    ) -&gt; None:
        &#34;&#34;&#34;Wait until a service is responsive.&#34;&#34;&#34;
    
        ref = clock()
        now = ref
        while (now - ref) &lt; timeout:
            if check():
                return
            time.sleep(pause)
            now = clock()
    
&gt;       raise Exception(&#34;Timeout reached while waiting on service!&#34;)
E       Exception: Timeout reached while waiting on service!

.venv/lib/python3.12/site-packages/pytest_docker/plugin.py:120: Exception</pre>
                        
                        

                        
                        
                        
                    </div>
                
                </div>
            </div>
            
            <div class="testclass">
                <h4>test_minimal_requirements.TestRNFGit</h4>
                <div class="testcases">
                
                    <div class="test outcome outcome-failed">
                        <a id="474ed092-f8b5-4f9d-ad87-cc0d1df08981"></a>
                        <table class="proplist">
                            <tr><th>Test case:</th><td><b>test_git_commit_frecuentes</b></td></tr>
                            <tr><th>Outcome:</th><td>Failed</td></tr>
                            <tr><th>Duration:</th><td>0.0 sec</td></tr>
                        
                            <tr><th>Failed</th><td>failed on setup with &#34;Exception: Timeout reached while waiting on service!&#34;</td></tr>
                        
                        
                        </table>

                        
                        <pre>docker_ip = &#39;127.0.0.1&#39;
docker_services = Services(_docker_compose=DockerComposeExecutor(_compose_command=&#39;docker compose&#39;, _compose_files=[&#39;/home/ubuntu/SGE-tester-B/projects/docker-compose.yml&#39;], _compose_project_name=&#39;pytest16415&#39;), _services={&#39;odoo&#39;: {8069: 8069}})

    @pytest.fixture(scope=&#34;session&#34;)
    def http_service(docker_ip, docker_services):
        &#34;&#34;&#34;Se asegura de que el servicio HTTP responde.&#34;&#34;&#34;
    
        # `port_for` takes a container port and returns the corresponding host port
        port = docker_services.port_for(&#34;odoo&#34;, 8069)
        url = f&#34;http://{docker_ip}:{port}&#34;
&gt;       docker_services.wait_until_responsive(
            timeout=60.0, pause=10, check=lambda: is_responsive(url)
        )

test_minimal_requirements.py:208: 
_ _ _ _ _ _ _ _ _ _ _ _ _ _ _ _ _ _ _ _ _ _ _ _ _ _ _ _ _ _ _ _ _ _ _ _ _ _ _ _ 

self = Services(_docker_compose=DockerComposeExecutor(_compose_command=&#39;docker compose&#39;, _compose_files=[&#39;/home/ubuntu/SGE-tester-B/projects/docker-compose.yml&#39;], _compose_project_name=&#39;pytest16415&#39;), _services={&#39;odoo&#39;: {8069: 8069}})
check = &lt;function http_service.&lt;locals&gt;.&lt;lambda&gt; at 0x782f918fdee0&gt;
timeout = 60.0, pause = 10, clock = &lt;built-in function perf_counter&gt;

    def wait_until_responsive(
        self,
        check: Any,
        timeout: float,
        pause: float,
        clock: Any = timeit.default_timer,
    ) -&gt; None:
        &#34;&#34;&#34;Wait until a service is responsive.&#34;&#34;&#34;
    
        ref = clock()
        now = ref
        while (now - ref) &lt; timeout:
            if check():
                return
            time.sleep(pause)
            now = clock()
    
&gt;       raise Exception(&#34;Timeout reached while waiting on service!&#34;)
E       Exception: Timeout reached while waiting on service!

.venv/lib/python3.12/site-packages/pytest_docker/plugin.py:120: Exception</pre>
                        
                        

                        
                        
                        
                    </div>
                
                </div>
            </div>
            
            <div class="testclass">
                <h4>test_minimal_requirements.TestRNFCalidad</h4>
                <div class="testcases">
                
                    <div class="test outcome outcome-failed">
                        <a id="8bd645b0-4623-404d-81f0-84b4db9666b3"></a>
                        <table class="proplist">
                            <tr><th>Test case:</th><td><b>test_odoo_disponible</b></td></tr>
                            <tr><th>Outcome:</th><td>Failed</td></tr>
                            <tr><th>Duration:</th><td>0.0 sec</td></tr>
                        
                            <tr><th>Failed</th><td>failed on setup with &#34;Exception: Timeout reached while waiting on service!&#34;</td></tr>
                        
                        
                        </table>

                        
                        <pre>docker_ip = &#39;127.0.0.1&#39;
docker_services = Services(_docker_compose=DockerComposeExecutor(_compose_command=&#39;docker compose&#39;, _compose_files=[&#39;/home/ubuntu/SGE-tester-B/projects/docker-compose.yml&#39;], _compose_project_name=&#39;pytest16415&#39;), _services={&#39;odoo&#39;: {8069: 8069}})

    @pytest.fixture(scope=&#34;session&#34;)
    def http_service(docker_ip, docker_services):
        &#34;&#34;&#34;Se asegura de que el servicio HTTP responde.&#34;&#34;&#34;
    
        # `port_for` takes a container port and returns the corresponding host port
        port = docker_services.port_for(&#34;odoo&#34;, 8069)
        url = f&#34;http://{docker_ip}:{port}&#34;
&gt;       docker_services.wait_until_responsive(
            timeout=60.0, pause=10, check=lambda: is_responsive(url)
        )

test_minimal_requirements.py:208: 
_ _ _ _ _ _ _ _ _ _ _ _ _ _ _ _ _ _ _ _ _ _ _ _ _ _ _ _ _ _ _ _ _ _ _ _ _ _ _ _ 

self = Services(_docker_compose=DockerComposeExecutor(_compose_command=&#39;docker compose&#39;, _compose_files=[&#39;/home/ubuntu/SGE-tester-B/projects/docker-compose.yml&#39;], _compose_project_name=&#39;pytest16415&#39;), _services={&#39;odoo&#39;: {8069: 8069}})
check = &lt;function http_service.&lt;locals&gt;.&lt;lambda&gt; at 0x782f918fdee0&gt;
timeout = 60.0, pause = 10, clock = &lt;built-in function perf_counter&gt;

    def wait_until_responsive(
        self,
        check: Any,
        timeout: float,
        pause: float,
        clock: Any = timeit.default_timer,
    ) -&gt; None:
        &#34;&#34;&#34;Wait until a service is responsive.&#34;&#34;&#34;
    
        ref = clock()
        now = ref
        while (now - ref) &lt; timeout:
            if check():
                return
            time.sleep(pause)
            now = clock()
    
&gt;       raise Exception(&#34;Timeout reached while waiting on service!&#34;)
E       Exception: Timeout reached while waiting on service!

.venv/lib/python3.12/site-packages/pytest_docker/plugin.py:120: Exception</pre>
                        
                        

                        
                        
                        
                    </div>
                
                    <div class="test outcome outcome-failed">
                        <a id="b0a24a0c-cfd4-4f13-9e42-ca8412b91e0f"></a>
                        <table class="proplist">
                            <tr><th>Test case:</th><td><b>test_app_instalada</b></td></tr>
                            <tr><th>Outcome:</th><td>Failed</td></tr>
                            <tr><th>Duration:</th><td>0.0 sec</td></tr>
                        
                            <tr><th>Failed</th><td>failed on setup with &#34;Exception: Timeout reached while waiting on service!&#34;</td></tr>
                        
                        
                        </table>

                        
                        <pre>docker_ip = &#39;127.0.0.1&#39;
docker_services = Services(_docker_compose=DockerComposeExecutor(_compose_command=&#39;docker compose&#39;, _compose_files=[&#39;/home/ubuntu/SGE-tester-B/projects/docker-compose.yml&#39;], _compose_project_name=&#39;pytest16415&#39;), _services={&#39;odoo&#39;: {8069: 8069}})

    @pytest.fixture(scope=&#34;session&#34;)
    def http_service(docker_ip, docker_services):
        &#34;&#34;&#34;Se asegura de que el servicio HTTP responde.&#34;&#34;&#34;
    
        # `port_for` takes a container port and returns the corresponding host port
        port = docker_services.port_for(&#34;odoo&#34;, 8069)
        url = f&#34;http://{docker_ip}:{port}&#34;
&gt;       docker_services.wait_until_responsive(
            timeout=60.0, pause=10, check=lambda: is_responsive(url)
        )

test_minimal_requirements.py:208: 
_ _ _ _ _ _ _ _ _ _ _ _ _ _ _ _ _ _ _ _ _ _ _ _ _ _ _ _ _ _ _ _ _ _ _ _ _ _ _ _ 

self = Services(_docker_compose=DockerComposeExecutor(_compose_command=&#39;docker compose&#39;, _compose_files=[&#39;/home/ubuntu/SGE-tester-B/projects/docker-compose.yml&#39;], _compose_project_name=&#39;pytest16415&#39;), _services={&#39;odoo&#39;: {8069: 8069}})
check = &lt;function http_service.&lt;locals&gt;.&lt;lambda&gt; at 0x782f918fdee0&gt;
timeout = 60.0, pause = 10, clock = &lt;built-in function perf_counter&gt;

    def wait_until_responsive(
        self,
        check: Any,
        timeout: float,
        pause: float,
        clock: Any = timeit.default_timer,
    ) -&gt; None:
        &#34;&#34;&#34;Wait until a service is responsive.&#34;&#34;&#34;
    
        ref = clock()
        now = ref
        while (now - ref) &lt; timeout:
            if check():
                return
            time.sleep(pause)
            now = clock()
    
&gt;       raise Exception(&#34;Timeout reached while waiting on service!&#34;)
E       Exception: Timeout reached while waiting on service!

.venv/lib/python3.12/site-packages/pytest_docker/plugin.py:120: Exception</pre>
                        
                        

                        
                        
                        
                    </div>
                
                    <div class="test outcome outcome-failed">
                        <a id="304c725b-c718-4bfc-bc96-aabae3d83a77"></a>
                        <table class="proplist">
                            <tr><th>Test case:</th><td><b>test_otras_apps_entregadas_son_dependencias</b></td></tr>
                            <tr><th>Outcome:</th><td>Failed</td></tr>
                            <tr><th>Duration:</th><td>0.001 sec</td></tr>
                        
                            <tr><th>Failed</th><td>failed on setup with &#34;Exception: Timeout reached while waiting on service!&#34;</td></tr>
                        
                        
                        </table>

                        
                        <pre>docker_ip = &#39;127.0.0.1&#39;
docker_services = Services(_docker_compose=DockerComposeExecutor(_compose_command=&#39;docker compose&#39;, _compose_files=[&#39;/home/ubuntu/SGE-tester-B/projects/docker-compose.yml&#39;], _compose_project_name=&#39;pytest16415&#39;), _services={&#39;odoo&#39;: {8069: 8069}})

    @pytest.fixture(scope=&#34;session&#34;)
    def http_service(docker_ip, docker_services):
        &#34;&#34;&#34;Se asegura de que el servicio HTTP responde.&#34;&#34;&#34;
    
        # `port_for` takes a container port and returns the corresponding host port
        port = docker_services.port_for(&#34;odoo&#34;, 8069)
        url = f&#34;http://{docker_ip}:{port}&#34;
&gt;       docker_services.wait_until_responsive(
            timeout=60.0, pause=10, check=lambda: is_responsive(url)
        )

test_minimal_requirements.py:208: 
_ _ _ _ _ _ _ _ _ _ _ _ _ _ _ _ _ _ _ _ _ _ _ _ _ _ _ _ _ _ _ _ _ _ _ _ _ _ _ _ 

self = Services(_docker_compose=DockerComposeExecutor(_compose_command=&#39;docker compose&#39;, _compose_files=[&#39;/home/ubuntu/SGE-tester-B/projects/docker-compose.yml&#39;], _compose_project_name=&#39;pytest16415&#39;), _services={&#39;odoo&#39;: {8069: 8069}})
check = &lt;function http_service.&lt;locals&gt;.&lt;lambda&gt; at 0x782f918fdee0&gt;
timeout = 60.0, pause = 10, clock = &lt;built-in function perf_counter&gt;

    def wait_until_responsive(
        self,
        check: Any,
        timeout: float,
        pause: float,
        clock: Any = timeit.default_timer,
    ) -&gt; None:
        &#34;&#34;&#34;Wait until a service is responsive.&#34;&#34;&#34;
    
        ref = clock()
        now = ref
        while (now - ref) &lt; timeout:
            if check():
                return
            time.sleep(pause)
            now = clock()
    
&gt;       raise Exception(&#34;Timeout reached while waiting on service!&#34;)
E       Exception: Timeout reached while waiting on service!

.venv/lib/python3.12/site-packages/pytest_docker/plugin.py:120: Exception</pre>
                        
                        

                        
                        
                        
                    </div>
                
                    <div class="test outcome outcome-failed">
                        <a id="b656cc4f-1221-4d66-a202-9de1db786c78"></a>
                        <table class="proplist">
                            <tr><th>Test case:</th><td><b>test_no_hay_elementos_xml_comentados</b></td></tr>
                            <tr><th>Outcome:</th><td>Failed</td></tr>
                            <tr><th>Duration:</th><td>0.0 sec</td></tr>
                        
                            <tr><th>Failed</th><td>failed on setup with &#34;Exception: Timeout reached while waiting on service!&#34;</td></tr>
                        
                        
                        </table>

                        
                        <pre>docker_ip = &#39;127.0.0.1&#39;
docker_services = Services(_docker_compose=DockerComposeExecutor(_compose_command=&#39;docker compose&#39;, _compose_files=[&#39;/home/ubuntu/SGE-tester-B/projects/docker-compose.yml&#39;], _compose_project_name=&#39;pytest16415&#39;), _services={&#39;odoo&#39;: {8069: 8069}})

    @pytest.fixture(scope=&#34;session&#34;)
    def http_service(docker_ip, docker_services):
        &#34;&#34;&#34;Se asegura de que el servicio HTTP responde.&#34;&#34;&#34;
    
        # `port_for` takes a container port and returns the corresponding host port
        port = docker_services.port_for(&#34;odoo&#34;, 8069)
        url = f&#34;http://{docker_ip}:{port}&#34;
&gt;       docker_services.wait_until_responsive(
            timeout=60.0, pause=10, check=lambda: is_responsive(url)
        )

test_minimal_requirements.py:208: 
_ _ _ _ _ _ _ _ _ _ _ _ _ _ _ _ _ _ _ _ _ _ _ _ _ _ _ _ _ _ _ _ _ _ _ _ _ _ _ _ 

self = Services(_docker_compose=DockerComposeExecutor(_compose_command=&#39;docker compose&#39;, _compose_files=[&#39;/home/ubuntu/SGE-tester-B/projects/docker-compose.yml&#39;], _compose_project_name=&#39;pytest16415&#39;), _services={&#39;odoo&#39;: {8069: 8069}})
check = &lt;function http_service.&lt;locals&gt;.&lt;lambda&gt; at 0x782f918fdee0&gt;
timeout = 60.0, pause = 10, clock = &lt;built-in function perf_counter&gt;

    def wait_until_responsive(
        self,
        check: Any,
        timeout: float,
        pause: float,
        clock: Any = timeit.default_timer,
    ) -&gt; None:
        &#34;&#34;&#34;Wait until a service is responsive.&#34;&#34;&#34;
    
        ref = clock()
        now = ref
        while (now - ref) &lt; timeout:
            if check():
                return
            time.sleep(pause)
            now = clock()
    
&gt;       raise Exception(&#34;Timeout reached while waiting on service!&#34;)
E       Exception: Timeout reached while waiting on service!

.venv/lib/python3.12/site-packages/pytest_docker/plugin.py:120: Exception</pre>
                        
                        

                        
                        
                        
                    </div>
                
                    <div class="test outcome outcome-failed">
                        <a id="8d0739c5-7cae-49cc-a163-4947e0b69d8b"></a>
                        <table class="proplist">
                            <tr><th>Test case:</th><td><b>test_no_hay_codigo_python_comentado</b></td></tr>
                            <tr><th>Outcome:</th><td>Failed</td></tr>
                            <tr><th>Duration:</th><td>0.0 sec</td></tr>
                        
                            <tr><th>Failed</th><td>failed on setup with &#34;Exception: Timeout reached while waiting on service!&#34;</td></tr>
                        
                        
                        </table>

                        
                        <pre>docker_ip = &#39;127.0.0.1&#39;
docker_services = Services(_docker_compose=DockerComposeExecutor(_compose_command=&#39;docker compose&#39;, _compose_files=[&#39;/home/ubuntu/SGE-tester-B/projects/docker-compose.yml&#39;], _compose_project_name=&#39;pytest16415&#39;), _services={&#39;odoo&#39;: {8069: 8069}})

    @pytest.fixture(scope=&#34;session&#34;)
    def http_service(docker_ip, docker_services):
        &#34;&#34;&#34;Se asegura de que el servicio HTTP responde.&#34;&#34;&#34;
    
        # `port_for` takes a container port and returns the corresponding host port
        port = docker_services.port_for(&#34;odoo&#34;, 8069)
        url = f&#34;http://{docker_ip}:{port}&#34;
&gt;       docker_services.wait_until_responsive(
            timeout=60.0, pause=10, check=lambda: is_responsive(url)
        )

test_minimal_requirements.py:208: 
_ _ _ _ _ _ _ _ _ _ _ _ _ _ _ _ _ _ _ _ _ _ _ _ _ _ _ _ _ _ _ _ _ _ _ _ _ _ _ _ 

self = Services(_docker_compose=DockerComposeExecutor(_compose_command=&#39;docker compose&#39;, _compose_files=[&#39;/home/ubuntu/SGE-tester-B/projects/docker-compose.yml&#39;], _compose_project_name=&#39;pytest16415&#39;), _services={&#39;odoo&#39;: {8069: 8069}})
check = &lt;function http_service.&lt;locals&gt;.&lt;lambda&gt; at 0x782f918fdee0&gt;
timeout = 60.0, pause = 10, clock = &lt;built-in function perf_counter&gt;

    def wait_until_responsive(
        self,
        check: Any,
        timeout: float,
        pause: float,
        clock: Any = timeit.default_timer,
    ) -&gt; None:
        &#34;&#34;&#34;Wait until a service is responsive.&#34;&#34;&#34;
    
        ref = clock()
        now = ref
        while (now - ref) &lt; timeout:
            if check():
                return
            time.sleep(pause)
            now = clock()
    
&gt;       raise Exception(&#34;Timeout reached while waiting on service!&#34;)
E       Exception: Timeout reached while waiting on service!

.venv/lib/python3.12/site-packages/pytest_docker/plugin.py:120: Exception</pre>
                        
                        

                        
                        
                        
                    </div>
                
                    <div class="test outcome outcome-failed">
                        <a id="b30f0a33-d2c2-4f88-a1f0-173634f6e0d6"></a>
                        <table class="proplist">
                            <tr><th>Test case:</th><td><b>test_log_servidor_sin_errores</b></td></tr>
                            <tr><th>Outcome:</th><td>Failed</td></tr>
                            <tr><th>Duration:</th><td>0.0 sec</td></tr>
                        
                            <tr><th>Failed</th><td>failed on setup with &#34;Exception: Timeout reached while waiting on service!&#34;</td></tr>
                        
                        
                        </table>

                        
                        <pre>docker_ip = &#39;127.0.0.1&#39;
docker_services = Services(_docker_compose=DockerComposeExecutor(_compose_command=&#39;docker compose&#39;, _compose_files=[&#39;/home/ubuntu/SGE-tester-B/projects/docker-compose.yml&#39;], _compose_project_name=&#39;pytest16415&#39;), _services={&#39;odoo&#39;: {8069: 8069}})

    @pytest.fixture(scope=&#34;session&#34;)
    def http_service(docker_ip, docker_services):
        &#34;&#34;&#34;Se asegura de que el servicio HTTP responde.&#34;&#34;&#34;
    
        # `port_for` takes a container port and returns the corresponding host port
        port = docker_services.port_for(&#34;odoo&#34;, 8069)
        url = f&#34;http://{docker_ip}:{port}&#34;
&gt;       docker_services.wait_until_responsive(
            timeout=60.0, pause=10, check=lambda: is_responsive(url)
        )

test_minimal_requirements.py:208: 
_ _ _ _ _ _ _ _ _ _ _ _ _ _ _ _ _ _ _ _ _ _ _ _ _ _ _ _ _ _ _ _ _ _ _ _ _ _ _ _ 

self = Services(_docker_compose=DockerComposeExecutor(_compose_command=&#39;docker compose&#39;, _compose_files=[&#39;/home/ubuntu/SGE-tester-B/projects/docker-compose.yml&#39;], _compose_project_name=&#39;pytest16415&#39;), _services={&#39;odoo&#39;: {8069: 8069}})
check = &lt;function http_service.&lt;locals&gt;.&lt;lambda&gt; at 0x782f918fdee0&gt;
timeout = 60.0, pause = 10, clock = &lt;built-in function perf_counter&gt;

    def wait_until_responsive(
        self,
        check: Any,
        timeout: float,
        pause: float,
        clock: Any = timeit.default_timer,
    ) -&gt; None:
        &#34;&#34;&#34;Wait until a service is responsive.&#34;&#34;&#34;
    
        ref = clock()
        now = ref
        while (now - ref) &lt; timeout:
            if check():
                return
            time.sleep(pause)
            now = clock()
    
&gt;       raise Exception(&#34;Timeout reached while waiting on service!&#34;)
E       Exception: Timeout reached while waiting on service!

.venv/lib/python3.12/site-packages/pytest_docker/plugin.py:120: Exception</pre>
                        
                        

                        
                        
                        
                    </div>
                
                </div>
            </div>
            
            <div class="testclass">
                <h4>test_minimal_requirements.TestOtros</h4>
                <div class="testcases">
                
                    <div class="test outcome outcome-skipped">
                        <a id="0fedbb4e-9441-4093-bfa7-847ea76cffca"></a>
                        <table class="proplist">
                            <tr><th>Test case:</th><td><b>test_log_sin_warnings</b></td></tr>
                            <tr><th>Outcome:</th><td>Skipped</td></tr>
                            <tr><th>Duration:</th><td>0.001 sec</td></tr>
                        
                        
                            <tr><th>Skipped</th><td></td></tr>
                        
                        </table>

                        
                        
                        <pre>skipped</pre>
                        

                        
                        
                        
                    </div>
                
                </div>
            </div>
            
            <div class="testclass">
                <h4>test_minimal_requirements.TestRNFAdicionalesKanban</h4>
                <div class="testcases">
                
                    <div class="test outcome outcome-skipped">
                        <a id="a41574ce-bada-42c2-aef9-5b6d28c1707e"></a>
                        <table class="proplist">
                            <tr><th>Test case:</th><td><b>test_vista_kanban[/kanban]</b></td></tr>
                            <tr><th>Outcome:</th><td>Skipped</td></tr>
                            <tr><th>Duration:</th><td>0.001 sec</td></tr>
                        
                        
                            <tr><th>Skipped</th><td></td></tr>
                        
                        </table>

                        
                        
                        <pre>skipped</pre>
                        

                        
                        
                        
                    </div>
                
                    <div class="test outcome outcome-skipped">
                        <a id="e58b4c9b-0377-4c6c-a5da-abc3ebe71520"></a>
                        <table class="proplist">
                            <tr><th>Test case:</th><td><b>test_vista_kanban[/kanban[@default_group_by]]</b></td></tr>
                            <tr><th>Outcome:</th><td>Skipped</td></tr>
                            <tr><th>Duration:</th><td>0.0 sec</td></tr>
                        
                        
                            <tr><th>Skipped</th><td></td></tr>
                        
                        </table>

                        
                        
                        <pre>skipped</pre>
                        

                        
                        
                        
                    </div>
                
                    <div class="test outcome outcome-skipped">
                        <a id="511ef308-9287-495c-b5bd-dcccc31a50f7"></a>
                        <table class="proplist">
                            <tr><th>Test case:</th><td><b>test_vista_kanban_imagen[/img]</b></td></tr>
                            <tr><th>Outcome:</th><td>Skipped</td></tr>
                            <tr><th>Duration:</th><td>0.0 sec</td></tr>
                        
                        
                            <tr><th>Skipped</th><td></td></tr>
                        
                        </table>

                        
                        
                        <pre>skipped</pre>
                        

                        
                        
                        
                    </div>
                
                    <div class="test outcome outcome-skipped">
                        <a id="96373ee1-ecd3-4a63-8009-d435f3af7585"></a>
                        <table class="proplist">
                            <tr><th>Test case:</th><td><b>test_vista_kanban_imagen[/field[@preview_image]]</b></td></tr>
                            <tr><th>Outcome:</th><td>Skipped</td></tr>
                            <tr><th>Duration:</th><td>0.0 sec</td></tr>
                        
                        
                            <tr><th>Skipped</th><td></td></tr>
                        
                        </table>

                        
                        
                        <pre>skipped</pre>
                        

                        
                        
                        
                    </div>
                
                    <div class="test outcome outcome-skipped">
                        <a id="06a00b1b-978d-49ca-a2fa-5fd3c311e83b"></a>
                        <table class="proplist">
                            <tr><th>Test case:</th><td><b>test_vista_kanban_imagen[/field[@widget=&#34;image&#34;]]</b></td></tr>
                            <tr><th>Outcome:</th><td>Skipped</td></tr>
                            <tr><th>Duration:</th><td>0.0 sec</td></tr>
                        
                        
                            <tr><th>Skipped</th><td></td></tr>
                        
                        </table>

                        
                        
                        <pre>skipped</pre>
                        

                        
                        
                        
                    </div>
                
                </div>
            </div>
            
            <div class="testclass">
                <h4>test_minimal_requirements.TestRNFAdicionalesBusqueda</h4>
                <div class="testcases">
                
                    <div class="test outcome outcome-skipped">
                        <a id="29760e44-8c87-4ca5-b9bd-f6b530610693"></a>
                        <table class="proplist">
                            <tr><th>Test case:</th><td><b>test_vista_search[/search]</b></td></tr>
                            <tr><th>Outcome:</th><td>Skipped</td></tr>
                            <tr><th>Duration:</th><td>0.001 sec</td></tr>
                        
                        
                            <tr><th>Skipped</th><td></td></tr>
                        
                        </table>

                        
                        
                        <pre>skipped</pre>
                        

                        
                        
                        
                    </div>
                
                    <div class="test outcome outcome-skipped">
                        <a id="2eb2c9e0-bcee-46eb-8fb2-56acc7920907"></a>
                        <table class="proplist">
                            <tr><th>Test case:</th><td><b>test_vista_search_compleja[/filter[@domain]]</b></td></tr>
                            <tr><th>Outcome:</th><td>Skipped</td></tr>
                            <tr><th>Duration:</th><td>0.0 sec</td></tr>
                        
                        
                            <tr><th>Skipped</th><td></td></tr>
                        
                        </table>

                        
                        
                        <pre>skipped</pre>
                        

                        
                        
                        
                    </div>
                
                    <div class="test outcome outcome-skipped">
                        <a id="68d9ad67-ca46-4707-9cb7-11e7dc1a143c"></a>
                        <table class="proplist">
                            <tr><th>Test case:</th><td><b>test_vista_search_compleja[/group//filter[@context]]</b></td></tr>
                            <tr><th>Outcome:</th><td>Skipped</td></tr>
                            <tr><th>Duration:</th><td>0.0 sec</td></tr>
                        
                        
                            <tr><th>Skipped</th><td></td></tr>
                        
                        </table>

                        
                        
                        <pre>skipped</pre>
                        

                        
                        
                        
                    </div>
                
                </div>
            </div>
            
            <div class="testclass">
                <h4>test_minimal_requirements.TestRNFAdicionalesOtrasVistas</h4>
                <div class="testcases">
                
                    <div class="test outcome outcome-skipped">
                        <a id="1f8d2f90-a72c-4f86-ba53-a49dd4d0fa2b"></a>
                        <table class="proplist">
                            <tr><th>Test case:</th><td><b>test_otras_vistas_adicionales[activity]</b></td></tr>
                            <tr><th>Outcome:</th><td>Skipped</td></tr>
                            <tr><th>Duration:</th><td>0.0 sec</td></tr>
                        
                        
                            <tr><th>Skipped</th><td></td></tr>
                        
                        </table>

                        
                        
                        <pre>skipped</pre>
                        

                        
                        
                        
                    </div>
                
                    <div class="test outcome outcome-skipped">
                        <a id="4185c8a8-abfe-4bd4-8717-52a3c196e410"></a>
                        <table class="proplist">
                            <tr><th>Test case:</th><td><b>test_otras_vistas_adicionales[calendar]</b></td></tr>
                            <tr><th>Outcome:</th><td>Skipped</td></tr>
                            <tr><th>Duration:</th><td>0.001 sec</td></tr>
                        
                        
                            <tr><th>Skipped</th><td></td></tr>
                        
                        </table>

                        
                        
                        <pre>skipped</pre>
                        

                        
                        
                        
                    </div>
                
                    <div class="test outcome outcome-skipped">
                        <a id="3f2f735f-07c4-4615-a8ed-289e54ed3a89"></a>
                        <table class="proplist">
                            <tr><th>Test case:</th><td><b>test_otras_vistas_adicionales[graph]</b></td></tr>
                            <tr><th>Outcome:</th><td>Skipped</td></tr>
                            <tr><th>Duration:</th><td>0.0 sec</td></tr>
                        
                        
                            <tr><th>Skipped</th><td></td></tr>
                        
                        </table>

                        
                        
                        <pre>skipped</pre>
                        

                        
                        
                        
                    </div>
                
                    <div class="test outcome outcome-skipped">
                        <a id="435b7322-a911-4d2b-be55-fa51eaa1bb29"></a>
                        <table class="proplist">
                            <tr><th>Test case:</th><td><b>test_otras_vistas_adicionales[pivot]</b></td></tr>
                            <tr><th>Outcome:</th><td>Skipped</td></tr>
                            <tr><th>Duration:</th><td>0.001 sec</td></tr>
                        
                        
                            <tr><th>Skipped</th><td></td></tr>
                        
                        </table>

                        
                        
                        <pre>skipped</pre>
                        

                        
                        
                        
                    </div>
                
                </div>
            </div>
            
            <div class="testclass">
                <h4>test_minimal_requirements.TestRNFAdicionalesConstraints</h4>
                <div class="testcases">
                
                    <div class="test outcome outcome-skipped">
                        <a id="e697d5b8-153b-4f1a-b7e7-28d598d5d2ac"></a>
                        <table class="proplist">
                            <tr><th>Test case:</th><td><b>test_constraints_sql</b></td></tr>
                            <tr><th>Outcome:</th><td>Skipped</td></tr>
                            <tr><th>Duration:</th><td>0.001 sec</td></tr>
                        
                        
                            <tr><th>Skipped</th><td></td></tr>
                        
                        </table>

                        
                        
                        <pre>skipped</pre>
                        

                        
                        
                        
                    </div>
                
                </div>
            </div>
            
            <div class="testclass">
                <h4>test_minimal_requirements.TestRNFAdicionalesSeguridadAvanzada</h4>
                <div class="testcases">
                
                    <div class="test outcome outcome-skipped">
                        <a id="84fd0b16-a5d9-4c3c-9712-c4290c1be3db"></a>
                        <table class="proplist">
                            <tr><th>Test case:</th><td><b>test_seguridad_con_grupos_propios</b></td></tr>
                            <tr><th>Outcome:</th><td>Skipped</td></tr>
                            <tr><th>Duration:</th><td>0.001 sec</td></tr>
                        
                        
                            <tr><th>Skipped</th><td></td></tr>
                        
                        </table>

                        
                        
                        <pre>skipped</pre>
                        

                        
                        
                        
                    </div>
                
                </div>
            </div>
            
            <div class="testclass">
                <h4>test_minimal_requirements.TestRNFAdicionalesDatosAvanzados</h4>
                <div class="testcases">
                
                    <div class="test outcome outcome-skipped">
                        <a id="4f1c07a2-12f0-46f6-98ec-a8a72ee78737"></a>
                        <table class="proplist">
                            <tr><th>Test case:</th><td><b>test_datos_maestros_o_demo_avanzados[binary]</b></td></tr>
                            <tr><th>Outcome:</th><td>Skipped</td></tr>
                            <tr><th>Duration:</th><td>0.0 sec</td></tr>
                        
                        
                            <tr><th>Skipped</th><td></td></tr>
                        
                        </table>

                        
                        
                        <pre>skipped</pre>
                        

                        
                        
                        
                    </div>
                
                    <div class="test outcome outcome-skipped">
                        <a id="5162586e-b0c1-4678-bfe2-36ab4c1c5ccb"></a>
                        <table class="proplist">
                            <tr><th>Test case:</th><td><b>test_datos_maestros_o_demo_avanzados[many2many]</b></td></tr>
                            <tr><th>Outcome:</th><td>Skipped</td></tr>
                            <tr><th>Duration:</th><td>0.0 sec</td></tr>
                        
                        
                            <tr><th>Skipped</th><td></td></tr>
                        
                        </table>

                        
                        
                        <pre>skipped</pre>
                        

                        
                        
                        
                    </div>
                
                    <div class="test outcome outcome-skipped">
                        <a id="c7277196-9501-4eba-b4be-82e841f2fea5"></a>
                        <table class="proplist">
                            <tr><th>Test case:</th><td><b>test_datos_maestros_o_demo_avanzados[many2one]</b></td></tr>
                            <tr><th>Outcome:</th><td>Skipped</td></tr>
                            <tr><th>Duration:</th><td>0.001 sec</td></tr>
                        
                        
                            <tr><th>Skipped</th><td></td></tr>
                        
                        </table>

                        
                        
                        <pre>skipped</pre>
                        

                        
                        
                        
                    </div>
                
                </div>
            </div>
            
            <div class="testclass">
                <h4>test_minimal_requirements.TestRNFAdicionalesHerenciaVistas</h4>
                <div class="testcases">
                
                    <div class="test outcome outcome-skipped">
                        <a id="acb2fced-b312-47cb-9dd5-14ec4b19973b"></a>
                        <table class="proplist">
                            <tr><th>Test case:</th><td><b>test_herencia_en_vistas_con_position</b></td></tr>
                            <tr><th>Outcome:</th><td>Skipped</td></tr>
                            <tr><th>Duration:</th><td>0.0 sec</td></tr>
                        
                        
                            <tr><th>Skipped</th><td></td></tr>
                        
                        </table>

                        
                        
                        <pre>skipped</pre>
                        

                        
                        
                        
                    </div>
                
                    <div class="test outcome outcome-skipped">
                        <a id="0de1991e-ef8c-41b4-9cf9-9e12c39d75b4"></a>
                        <table class="proplist">
                            <tr><th>Test case:</th><td><b>test_herencia_en_vistas_con_inherit_id</b></td></tr>
                            <tr><th>Outcome:</th><td>Skipped</td></tr>
                            <tr><th>Duration:</th><td>0.0 sec</td></tr>
                        
                        
                            <tr><th>Skipped</th><td></td></tr>
                        
                        </table>

                        
                        
                        <pre>skipped</pre>
                        

                        
                        
                        
                    </div>
                
                </div>
            </div>
            
            <div class="testclass">
                <h4>test_minimal_requirements.TestRNFAdicionalesHerenciaModelos</h4>
                <div class="testcases">
                
                    <div class="test outcome outcome-skipped">
                        <a id="db3da8b4-acbb-475e-b137-8fbc40ebeecb"></a>
                        <table class="proplist">
                            <tr><th>Test case:</th><td><b>test_modelos_existentes_modificados_por_herencia</b></td></tr>
                            <tr><th>Outcome:</th><td>Skipped</td></tr>
                            <tr><th>Duration:</th><td>0.001 sec</td></tr>
                        
                        
                            <tr><th>Skipped</th><td></td></tr>
                        
                        </table>

                        
                        
                        <pre>skipped</pre>
                        

                        
                        
                        
                    </div>
                
                    <div class="test outcome outcome-skipped">
                        <a id="ab312c10-280c-4ab5-9e69-c7c1a318797e"></a>
                        <table class="proplist">
                            <tr><th>Test case:</th><td><b>test_nuevos_modelos_con_herencia</b></td></tr>
                            <tr><th>Outcome:</th><td>Skipped</td></tr>
                            <tr><th>Duration:</th><td>0.001 sec</td></tr>
                        
                        
                            <tr><th>Skipped</th><td></td></tr>
                        
                        </table>

                        
                        
                        <pre>skipped</pre>
                        

                        
                        
                        
                    </div>
                
                </div>
            </div>
            
            <div class="testclass">
                <h4>test_minimal_requirements.TestRNFAdicionalesTraducciones</h4>
                <div class="testcases">
                
                    <div class="test outcome outcome-skipped">
                        <a id="36e759c4-ab85-4a76-b788-8502aaf34afb"></a>
                        <table class="proplist">
                            <tr><th>Test case:</th><td><b>test_i18n</b></td></tr>
                            <tr><th>Outcome:</th><td>Skipped</td></tr>
                            <tr><th>Duration:</th><td>0.0 sec</td></tr>
                        
                        
                            <tr><th>Skipped</th><td></td></tr>
                        
                        </table>

                        
                        
                        <pre>skipped</pre>
                        

                        
                        
                        
                    </div>
                
                </div>
            </div>
            
            <div class="testclass">
                <h4>test_minimal_requirements.TestRNFAdicionalesInformes</h4>
                <div class="testcases">
                
                    <div class="test outcome outcome-skipped">
                        <a id="45423cfd-1f0d-4e68-b974-6e9334ac3296"></a>
                        <table class="proplist">
                            <tr><th>Test case:</th><td><b>test_informes[report]</b></td></tr>
                            <tr><th>Outcome:</th><td>Skipped</td></tr>
                            <tr><th>Duration:</th><td>0.001 sec</td></tr>
                        
                        
                            <tr><th>Skipped</th><td></td></tr>
                        
                        </table>

                        
                        
                        <pre>skipped</pre>
                        

                        
                        
                        
                    </div>
                
                    <div class="test outcome outcome-skipped">
                        <a id="2b5569c0-1675-45ff-aebe-b81bb97f3ce2"></a>
                        <table class="proplist">
                            <tr><th>Test case:</th><td><b>test_informes[template]</b></td></tr>
                            <tr><th>Outcome:</th><td>Skipped</td></tr>
                            <tr><th>Duration:</th><td>0.001 sec</td></tr>
                        
                        
                            <tr><th>Skipped</th><td></td></tr>
                        
                        </table>

                        
                        
                        <pre>skipped</pre>
                        

                        
                        
                        
                    </div>
                
                    <div class="test outcome outcome-skipped">
                        <a id="cccf8763-951a-4ea7-9037-be370d684ea6"></a>
                        <table class="proplist">
                            <tr><th>Test case:</th><td><b>test_informes_complejos[/t[@t-foreach]]</b></td></tr>
                            <tr><th>Outcome:</th><td>Skipped</td></tr>
                            <tr><th>Duration:</th><td>0.0 sec</td></tr>
                        
                        
                            <tr><th>Skipped</th><td></td></tr>
                        
                        </table>

                        
                        
                        <pre>skipped</pre>
                        

                        
                        
                        
                    </div>
                
                    <div class="test outcome outcome-skipped">
                        <a id="7ee4c271-a484-4c8d-98ae-8dc6c463c9e3"></a>
                        <table class="proplist">
                            <tr><th>Test case:</th><td><b>test_informes_complejos[/img[@t-att-src]]</b></td></tr>
                            <tr><th>Outcome:</th><td>Skipped</td></tr>
                            <tr><th>Duration:</th><td>0.0 sec</td></tr>
                        
                        
                            <tr><th>Skipped</th><td></td></tr>
                        
                        </table>

                        
                        
                        <pre>skipped</pre>
                        

                        
                        
                        
                    </div>
                
                    <div class="test outcome outcome-skipped">
                        <a id="2db41ff6-64d4-47a5-9e3c-8bcd78963147"></a>
                        <table class="proplist">
                            <tr><th>Test case:</th><td><b>test_informes_complejos[/t[@t-call and not(@t-call=&#34;web.external_layout&#34; or @t-call=&#34;web.html_container&#34;)]]</b></td></tr>
                            <tr><th>Outcome:</th><td>Skipped</td></tr>
                            <tr><th>Duration:</th><td>0.0 sec</td></tr>
                        
                        
                            <tr><th>Skipped</th><td></td></tr>
                        
                        </table>

                        
                        
                        <pre>skipped</pre>
                        

                        
                        
                        
                    </div>
                
                </div>
            </div>
            
            <div class="testclass">
                <h4>test_minimal_requirements.TestRNFAdicionalesChatter</h4>
                <div class="testcases">
                
                    <div class="test outcome outcome-skipped">
                        <a id="721ecca4-c32b-4584-a329-935c2d8638e5"></a>
                        <table class="proplist">
                            <tr><th>Test case:</th><td><b>test_chatter[mail_thread]</b></td></tr>
                            <tr><th>Outcome:</th><td>Skipped</td></tr>
                            <tr><th>Duration:</th><td>0.0 sec</td></tr>
                        
                        
                            <tr><th>Skipped</th><td></td></tr>
                        
                        </table>

                        
                        
                        <pre>skipped</pre>
                        

                        
                        
                        
                    </div>
                
                    <div class="test outcome outcome-skipped">
                        <a id="70c6be78-d643-4158-b2eb-cf4c1f7487cd"></a>
                        <table class="proplist">
                            <tr><th>Test case:</th><td><b>test_chatter[mail_activity_mixin]</b></td></tr>
                            <tr><th>Outcome:</th><td>Skipped</td></tr>
                            <tr><th>Duration:</th><td>0.0 sec</td></tr>
                        
                        
                            <tr><th>Skipped</th><td></td></tr>
                        
                        </table>

                        
                        
                        <pre>skipped</pre>
                        

                        
                        
                        
                    </div>
                
                    <div class="test outcome outcome-skipped">
                        <a id="5c7430af-1364-4142-9c20-3223c19e241f"></a>
                        <table class="proplist">
                            <tr><th>Test case:</th><td><b>test_chatter_tracking</b></td></tr>
                            <tr><th>Outcome:</th><td>Skipped</td></tr>
                            <tr><th>Duration:</th><td>0.001 sec</td></tr>
                        
                        
                            <tr><th>Skipped</th><td></td></tr>
                        
                        </table>

                        
                        
                        <pre>skipped</pre>
                        

                        
                        
                        
                    </div>
                
                    <div class="test outcome outcome-skipped">
                        <a id="46780ce9-dd92-439d-b8e7-39c97ccfedb6"></a>
                        <table class="proplist">
                            <tr><th>Test case:</th><td><b>test_vista_chatter_div</b></td></tr>
                            <tr><th>Outcome:</th><td>Skipped</td></tr>
                            <tr><th>Duration:</th><td>0.001 sec</td></tr>
                        
                        
                            <tr><th>Skipped</th><td></td></tr>
                        
                        </table>

                        
                        
                        <pre>skipped</pre>
                        

                        
                        
                        
                    </div>
                
                    <div class="test outcome outcome-skipped">
                        <a id="862a3575-4297-47bd-807b-85584d4c391f"></a>
                        <table class="proplist">
                            <tr><th>Test case:</th><td><b>test_vista_chatter_fields[.//field[@name=&#34;message_follower_ids&#34;]]</b></td></tr>
                            <tr><th>Outcome:</th><td>Skipped</td></tr>
                            <tr><th>Duration:</th><td>0.0 sec</td></tr>
                        
                        
                            <tr><th>Skipped</th><td></td></tr>
                        
                        </table>

                        
                        
                        <pre>skipped</pre>
                        

                        
                        
                        
                    </div>
                
                    <div class="test outcome outcome-skipped">
                        <a id="f23298e5-6f00-41fa-be8e-cba0918b3983"></a>
                        <table class="proplist">
                            <tr><th>Test case:</th><td><b>test_vista_chatter_fields[.//field[@name=&#34;activity_ids&#34;]]</b></td></tr>
                            <tr><th>Outcome:</th><td>Skipped</td></tr>
                            <tr><th>Duration:</th><td>0.0 sec</td></tr>
                        
                        
                            <tr><th>Skipped</th><td></td></tr>
                        
                        </table>

                        
                        
                        <pre>skipped</pre>
                        

                        
                        
                        
                    </div>
                
                    <div class="test outcome outcome-skipped">
                        <a id="276ae7fe-772c-4573-b00b-c8cd916c87fa"></a>
                        <table class="proplist">
                            <tr><th>Test case:</th><td><b>test_vista_chatter_fields[.//field[@name=&#34;message_ids&#34;]]</b></td></tr>
                            <tr><th>Outcome:</th><td>Skipped</td></tr>
                            <tr><th>Duration:</th><td>0.001 sec</td></tr>
                        
                        
                            <tr><th>Skipped</th><td></td></tr>
                        
                        </table>

                        
                        
                        <pre>skipped</pre>
                        

                        
                        
                        
                    </div>
                
                    <div class="test outcome outcome-skipped">
                        <a id="a2a1378d-d25a-4af5-b77b-897ae7efd098"></a>
                        <table class="proplist">
                            <tr><th>Test case:</th><td><b>test_vista_chatter_fields[.//field[@widget=&#34;mail_followers&#34;]]</b></td></tr>
                            <tr><th>Outcome:</th><td>Skipped</td></tr>
                            <tr><th>Duration:</th><td>0.001 sec</td></tr>
                        
                        
                            <tr><th>Skipped</th><td></td></tr>
                        
                        </table>

                        
                        
                        <pre>skipped</pre>
                        

                        
                        
                        
                    </div>
                
                    <div class="test outcome outcome-skipped">
                        <a id="6cc145e4-b327-4714-9964-a7bbf2bfb205"></a>
                        <table class="proplist">
                            <tr><th>Test case:</th><td><b>test_vista_chatter_fields[.//field[@widget=&#34;mail_thread&#34;]]</b></td></tr>
                            <tr><th>Outcome:</th><td>Skipped</td></tr>
                            <tr><th>Duration:</th><td>0.0 sec</td></tr>
                        
                        
                            <tr><th>Skipped</th><td></td></tr>
                        
                        </table>

                        
                        
                        <pre>skipped</pre>
                        

                        
                        
                        
                    </div>
                
                    <div class="test outcome outcome-skipped">
                        <a id="05468972-ac32-4bcd-b454-d47b02f99f91"></a>
                        <table class="proplist">
                            <tr><th>Test case:</th><td><b>test_vista_chatter_fields[.//field[@widget=&#34;mail_activity&#34;]]</b></td></tr>
                            <tr><th>Outcome:</th><td>Skipped</td></tr>
                            <tr><th>Duration:</th><td>1.178 sec</td></tr>
                        
                        
                            <tr><th>Skipped</th><td></td></tr>
                        
                        </table>

                        
                        
                        <pre>skipped</pre>
                        

                        
                        
                        
                    </div>
                
                </div>
            </div>
            
        </div>
    </div>
    



<p class="footer">
    Generated by junit2html
</p>
</body>
</html>