<!DOCTYPE html>
<html lang="en">
<head>
    <meta charset="UTF-8">
    <title>bsr_alquiler_coches-pytest.xml</title>
    <style type="text/css">
        body {
    background-color: white;
    padding-bottom: 20em;
    margin: 0;
    min-height: 15cm;
}

h1, h2, h3, h4, h5, h6, h7 {
    font-family: sans-serif;
}

h1 {
    background-color: #007acc;
    color: white;
    padding: 3mm;
    margin-top: 0;
    margin-bottom: 1mm;
}

.footer {
    font-style: italic;
    font-size: small;
    text-align: right;
    padding: 1em;
}

.testsuite {
    padding-bottom: 2em;
    margin-left: 1em;
}

.proplist {
    width: 100%;
    margin-bottom: 2em;
    border-collapse: collapse;
    border: 1px solid grey;
}

.proplist th {
    background-color: silver;
    width: 5em;
    padding: 2px;
    padding-right: 1em;
    text-align: left;
}

.proplist td {
    padding: 2px;
}

.index-table {
    width: 90%;
    margin-left: 1em;
}

.index-table td {
    vertical-align: top;
    max-width: 200px;
    word-wrap: break-word;
}

.failure-index {

}

.toc {
    margin-bottom: 2em;
    font-family: monospace;
}

.stdio, pre {
    min-height: 1em;
    background-color: #1e1e1e;
    color: silver;
    padding: 0.5em;
}
.tdpre {
    background-color: #1e1e1e;
}

.test {
    margin-left: 0.5cm;
}

.outcome {
    border-left: 1em;
    padding: 2px;
}

.outcome-failed {
    border-left: 1em solid lightcoral;
}

.outcome-passed {
    border-left: 1em solid lightgreen;
}

.outcome-skipped {
    border-left: 1em dotted silver;
}

.stats-table {
}

.stats-table td {
    min-width: 4em;
    text-align: right;
}

.stats-table .failed {
    background-color: lightcoral;
}

.stats-table .passed {
    background-color: lightgreen;
}

.matrix-table {
    table-layout: fixed;
    border-spacing: 0;
    width: available;
    margin-left: 1em;
}

.matrix-table td {
    vertical-align: center;
}

.matrix-table td:last-child {
    width: 0;
}

.matrix-table tr:hover {
    background-color: yellow;
}

.matrix-axis-name {
    white-space: nowrap;
    padding-right: 0.5em;
    border-left: 1px solid black;
    border-top: 1px solid black;
    text-align: right;
}

.matrix-axis-line {
    border-left: 1px solid black;
    width: 0.5em;
}

.matrix-classname {
    text-align: left;
    width: 100%;
    border-top: 2px solid grey;
    border-bottom: 1px solid silver;
}

.matrix-casename {
    text-align: left;
    font-weight: normal;
    font-style: italic;
    padding-left: 1em;
    border-bottom: 1px solid silver;
}

.matrix-result {
    display: block;
    width: 1em;
    text-align: center;
    padding: 1mm;
    margin: 0;
}

.matrix-result-combined {
    white-space: nowrap;
    padding-right: 0.2em;
    text-align: right;
}

.matrix-result-failed {
    background-color: lightcoral;
}

.matrix-result-passed {
    background-color: lightgreen;
}

.matrix-result-skipped {
    background-color: lightyellow;
}

.matrix-even {
    background-color: lightgray;
}
    </style>
</head>
<body>
    
<h1>
    Test Report : bsr_alquiler_coches-pytest.xml
</h1>
<a id="toc"></a>
<table class="index-table">
    <tr>
        <td>
            <ul class="toc">
            
                
                <li>test_minimal_requirements.TestRNF1
                <ul>
                    
                    <li><a href="#395e39e4-6a04-41a4-b3ad-1a2ac5fa5689">test_app_tiene_al_menos_4_modelos</a></li>
                    
                    <li><a href="#e7be003a-200b-47a3-af79-3f0a4179079a">test_modelos_en_ficheros_individuales</a></li>
                    
                </ul>
                </li>
                
                <li>test_minimal_requirements.TestRNF2
                <ul>
                    
                    <li><a href="#5ea4f3ac-d21a-4a11-985f-6fe4a0976965">test_relacion_many2many</a></li>
                    
                    <li><a href="#a9c1bb61-bfe4-4be6-9fa0-70f47415c9e8">test_modelos_tienen_algun_campo_relacion[one2many]</a></li>
                    
                    <li><a href="#54239fc3-7d46-460e-bc95-9776911c0646">test_modelos_tienen_algun_campo_relacion[many2one]</a></li>
                    
                    <li><a href="#f5a6a2a9-bf61-4207-a230-ae1e5ab65c1e">test_unknown_comodel_name</a></li>
                    
                </ul>
                </li>
                
                <li>test_minimal_requirements.TestRNF3
                <ul>
                    
                    <li><a href="#8758afda-1fe9-4e04-9ef6-70a0e1bb7f9f">test_modelos_tienen_vista[tree]</a></li>
                    
                    <li><a href="#58852975-e3d0-4c80-bfa8-4a8762180165">test_modelos_tienen_vista[form]</a></li>
                    
                    <li><a href="#0e2c1004-0e7b-4b3b-b659-7bb173348177">test_formularios_tienen_vista_anidada_para_campos_X2many[one2many]</a></li>
                    
                    <li><a href="#78c90ded-6bc9-4228-9930-17c388faca63">test_formularios_tienen_vista_anidada_para_campos_X2many[many2many]</a></li>
                    
                </ul>
                </li>
                
                <li>test_minimal_requirements.TestRNF4
                <ul>
                    
                    <li><a href="#2649518c-db27-4ac7-9062-76c16dc864df">test_vistas_en_ficheros_individuales</a></li>
                    
                </ul>
                </li>
                
                <li>test_minimal_requirements.TestRNF5
                <ul>
                    
                    <li><a href="#d4fcf5af-dd94-4feb-98fb-035960c585c5">test_modelos_tienen_algun_posible_campo_imagen</a></li>
                    
                    <li><a href="#916178a8-62f3-4d57-9ad9-435b661c1579">test_alguna_vista_tiene_campo_imagen</a></li>
                    
                </ul>
                </li>
                
                <li>test_minimal_requirements.TestRNF6
                <ul>
                    
                    <li><a href="#273f0692-4527-45e7-86a4-56592bfa65ab">test_modelos_tienen_acciones</a></li>
                    
                    <li><a href="#ddac45bb-ad0b-4607-8525-6b149b554263">test_hay_elementos_de_menu[.//menuitem[@action]]</a></li>
                    
                </ul>
                </li>
                
                <li>test_minimal_requirements.TestRNF7
                <ul>
                    
                    <li><a href="#f411f679-ec84-468d-b46e-2dcd80e786a9">test_modelos_tienen_permisos</a></li>
                    
                </ul>
                </li>
                
                <li>test_minimal_requirements.TestRNF8
                <ul>
                    
                    <li><a href="#b04b52cc-5e5e-4735-8f1f-cadcae43d7fd">test_app_tiene_icono</a></li>
                    
                </ul>
                </li>
                
                <li>test_minimal_requirements.TestRNF9
                <ul>
                    
                    <li><a href="#2c029fd1-ac2c-4269-a320-471d3d60bd9d">test_modelos_tienen_datos_demo</a></li>
                    
                </ul>
                </li>
                
                <li>test_minimal_requirements.TestRNFGit
                <ul>
                    
                    <li><a href="#74a07fad-2f43-4e8d-9ab3-44b821d6193d">test_git_commit_frecuentes</a></li>
                    
                </ul>
                </li>
                
                <li>test_minimal_requirements.TestRNFCalidad
                <ul>
                    
                    <li><a href="#c91faae5-755b-46c6-bed2-c4fe0c5fc00c">test_odoo_disponible</a></li>
                    
                    <li><a href="#18eab12c-7319-4219-afb5-3f3ee776d037">test_app_instalada</a></li>
                    
                    <li><a href="#27edcd29-2ec5-41b5-b54f-f8216bebd938">test_otras_apps_entregadas_son_dependencias</a></li>
                    
                    <li><a href="#e90b4ed7-515b-4163-a381-f5ef64635069">test_no_hay_elementos_xml_comentados</a></li>
                    
                    <li><a href="#ff3a21ef-e2f9-4cda-b89b-04bd05b0c052">test_no_hay_codigo_python_comentado</a></li>
                    
                    <li><a href="#69aadde2-6deb-4c62-a701-05e387c301aa">test_log_servidor_sin_errores</a></li>
                    
                </ul>
                </li>
                
                <li>test_minimal_requirements.TestOtros
                <ul>
                    
                    <li><a href="#b781b31f-bc4a-4a71-83e5-c73959325a22">test_log_sin_warnings</a>[s]</li>
                    
                </ul>
                </li>
                
                <li>test_minimal_requirements.TestRNFAdicionalesKanban
                <ul>
                    
                    <li><a href="#40e18b44-b167-4fa2-983e-b3e7f0491b94">test_vista_kanban[/kanban]</a>[s]</li>
                    
                    <li><a href="#9bdf2328-4ffc-49c9-96d9-21f71e1362b0">test_vista_kanban[/kanban[@default_group_by]]</a>[s]</li>
                    
                    <li><a href="#a7d8d08a-5dba-4c06-8c42-95771c05b175">test_vista_kanban_imagen[/img]</a>[s]</li>
                    
                    <li><a href="#48edb509-b8e5-4dea-ad4b-e061f1779c9d">test_vista_kanban_imagen[/field[@preview_image]]</a>[s]</li>
                    
                    <li><a href="#f4264d9a-5383-4bb3-89bf-efde8d456d1b">test_vista_kanban_imagen[/field[@widget=&#34;image&#34;]]</a>[s]</li>
                    
                </ul>
                </li>
                
                <li>test_minimal_requirements.TestRNFAdicionalesBusqueda
                <ul>
                    
                    <li><a href="#fecdbde6-9a88-479b-8b47-bffc0129c49e">test_vista_search[/search]</a>[s]</li>
                    
                    <li><a href="#2cf8af23-201e-4408-8247-ed282c771e66">test_vista_search_compleja[/filter[@domain]]</a>[s]</li>
                    
                    <li><a href="#f5a8293e-5162-4125-9768-de19c5638174">test_vista_search_compleja[/group//filter[@context]]</a>[s]</li>
                    
                </ul>
                </li>
                
                <li>test_minimal_requirements.TestRNFAdicionalesOtrasVistas
                <ul>
                    
                    <li><a href="#a773eb1d-a86f-4435-a4ed-d1c7f64161da">test_otras_vistas_adicionales[activity]</a>[s]</li>
                    
                    <li><a href="#7b0245b6-a8ca-48e5-9fac-945eac8954c2">test_otras_vistas_adicionales[calendar]</a>[s]</li>
                    
                    <li><a href="#e829588d-30fa-45fa-95c9-e3c58179c680">test_otras_vistas_adicionales[graph]</a>[s]</li>
                    
                    <li><a href="#94f16a79-a0c7-4fcc-b3d3-f5123d96b83b">test_otras_vistas_adicionales[pivot]</a>[s]</li>
                    
                </ul>
                </li>
                
                <li>test_minimal_requirements.TestRNFAdicionalesConstraints
                <ul>
                    
                    <li><a href="#b89927f7-8345-4b81-886d-e5f8ea3586de">test_constraints_sql</a>[s]</li>
                    
                </ul>
                </li>
                
                <li>test_minimal_requirements.TestRNFAdicionalesSeguridadAvanzada
                <ul>
                    
                    <li><a href="#04a71396-f3a7-409d-8e84-afc8e3c53476">test_seguridad_con_grupos_propios</a>[s]</li>
                    
                </ul>
                </li>
                
                <li>test_minimal_requirements.TestRNFAdicionalesDatosAvanzados
                <ul>
                    
                    <li><a href="#aaa447fe-7545-4694-a0a9-2101ae08f442">test_datos_maestros_o_demo_avanzados[binary]</a>[s]</li>
                    
                    <li><a href="#ae17b402-2100-45fd-b1e3-1114b83de825">test_datos_maestros_o_demo_avanzados[many2many]</a>[s]</li>
                    
                    <li><a href="#d3a4a909-8ceb-4443-b011-84d29b794478">test_datos_maestros_o_demo_avanzados[many2one]</a>[s]</li>
                    
                </ul>
                </li>
                
                <li>test_minimal_requirements.TestRNFAdicionalesHerenciaVistas
                <ul>
                    
                    <li><a href="#ae58f834-7781-471f-9750-cb3c6870c5d3">test_herencia_en_vistas_con_position</a>[s]</li>
                    
                    <li><a href="#b889f86a-8f2d-45d5-bdd6-9e6e886d74b5">test_herencia_en_vistas_con_inherit_id</a>[s]</li>
                    
                </ul>
                </li>
                
                <li>test_minimal_requirements.TestRNFAdicionalesHerenciaModelos
                <ul>
                    
                    <li><a href="#22866b6d-8f20-4b64-954a-4ad49fe15b1b">test_modelos_existentes_modificados_por_herencia</a>[s]</li>
                    
                    <li><a href="#7ba26f73-6c50-4e9a-af56-2f530f4e5f92">test_nuevos_modelos_con_herencia</a>[s]</li>
                    
                </ul>
                </li>
                
                <li>test_minimal_requirements.TestRNFAdicionalesTraducciones
                <ul>
                    
                    <li><a href="#f3d0f0c7-1a5c-46aa-bbe9-d518b531523e">test_i18n</a>[s]</li>
                    
                </ul>
                </li>
                
                <li>test_minimal_requirements.TestRNFAdicionalesInformes
                <ul>
                    
                    <li><a href="#fd6a09ca-502a-4843-96eb-4025dea330c4">test_informes[report]</a>[s]</li>
                    
                    <li><a href="#88f4be11-3e6b-4d65-803f-1342d708d7a3">test_informes[template]</a>[s]</li>
                    
                    <li><a href="#4b9a1f16-cbe8-485d-a1f1-63e03206438d">test_informes_complejos[/t[@t-foreach]]</a>[s]</li>
                    
                    <li><a href="#66292215-6627-4a4f-8105-29901df4993b">test_informes_complejos[/img[@t-att-src]]</a>[s]</li>
                    
                    <li><a href="#889ed3ef-967e-4efa-ada0-21e8c63ab416">test_informes_complejos[/t[@t-call and not(@t-call=&#34;web.external_layout&#34; or @t-call=&#34;web.html_container&#34;)]]</a>[s]</li>
                    
                </ul>
                </li>
                
                <li>test_minimal_requirements.TestRNFAdicionalesChatter
                <ul>
                    
                    <li><a href="#1cc75319-36c1-404c-99a3-724004b0f6a9">test_chatter[mail_thread]</a>[s]</li>
                    
                    <li><a href="#66a76998-9738-4ecf-be75-5aed30d21938">test_chatter[mail_activity_mixin]</a>[s]</li>
                    
                    <li><a href="#f5d3e758-6b6b-4d88-ab83-a24fc91f8b5b">test_chatter_tracking</a>[s]</li>
                    
                    <li><a href="#60c79066-9eda-4a1f-869f-b9daf85ac83d">test_vista_chatter_div</a>[s]</li>
                    
                    <li><a href="#037e0006-9854-453d-998a-605d0a3c2ced">test_vista_chatter_fields[.//field[@name=&#34;message_follower_ids&#34;]]</a>[s]</li>
                    
                    <li><a href="#0c64f7e2-56e3-495a-97e8-0bb38a73f1a3">test_vista_chatter_fields[.//field[@name=&#34;activity_ids&#34;]]</a>[s]</li>
                    
                    <li><a href="#56fd1178-3c96-4e58-b97c-ea6e0cafcd05">test_vista_chatter_fields[.//field[@name=&#34;message_ids&#34;]]</a>[s]</li>
                    
                    <li><a href="#0f112076-762f-40f2-94c9-e85057bd0c66">test_vista_chatter_fields[.//field[@widget=&#34;mail_followers&#34;]]</a>[s]</li>
                    
                    <li><a href="#66418f58-0d7f-4629-8712-c56a74b4c78b">test_vista_chatter_fields[.//field[@widget=&#34;mail_thread&#34;]]</a>[s]</li>
                    
                    <li><a href="#07388927-7ecf-440c-b268-0e0edd695476">test_vista_chatter_fields[.//field[@widget=&#34;mail_activity&#34;]]</a>[s]</li>
                    
                </ul>
                </li>
                
            
            </ul>
        </td>
        <td class="failure-index">
            <ul class="toc">
            
                
                    
                    
                    <li><a href="#395e39e4-6a04-41a4-b3ad-1a2ac5fa5689">[F] test_minimal_requirements.TestRNF1 : test_app_tiene_al_menos_4_modelos</a></li>
                    
                    
                    
                    <li><a href="#e7be003a-200b-47a3-af79-3f0a4179079a">[F] test_minimal_requirements.TestRNF1 : test_modelos_en_ficheros_individuales</a></li>
                    
                    
                
                    
                    
                    <li><a href="#5ea4f3ac-d21a-4a11-985f-6fe4a0976965">[F] test_minimal_requirements.TestRNF2 : test_relacion_many2many</a></li>
                    
                    
                    
                    <li><a href="#a9c1bb61-bfe4-4be6-9fa0-70f47415c9e8">[F] test_minimal_requirements.TestRNF2 : test_modelos_tienen_algun_campo_relacion[one2many]</a></li>
                    
                    
                    
                    <li><a href="#54239fc3-7d46-460e-bc95-9776911c0646">[F] test_minimal_requirements.TestRNF2 : test_modelos_tienen_algun_campo_relacion[many2one]</a></li>
                    
                    
                    
                    <li><a href="#f5a6a2a9-bf61-4207-a230-ae1e5ab65c1e">[F] test_minimal_requirements.TestRNF2 : test_unknown_comodel_name</a></li>
                    
                    
                
                    
                    
                    <li><a href="#8758afda-1fe9-4e04-9ef6-70a0e1bb7f9f">[F] test_minimal_requirements.TestRNF3 : test_modelos_tienen_vista[tree]</a></li>
                    
                    
                    
                    <li><a href="#58852975-e3d0-4c80-bfa8-4a8762180165">[F] test_minimal_requirements.TestRNF3 : test_modelos_tienen_vista[form]</a></li>
                    
                    
                    
                    <li><a href="#0e2c1004-0e7b-4b3b-b659-7bb173348177">[F] test_minimal_requirements.TestRNF3 : test_formularios_tienen_vista_anidada_para_campos_X2many[one2many]</a></li>
                    
                    
                    
                    <li><a href="#78c90ded-6bc9-4228-9930-17c388faca63">[F] test_minimal_requirements.TestRNF3 : test_formularios_tienen_vista_anidada_para_campos_X2many[many2many]</a></li>
                    
                    
                
                    
                    
                    <li><a href="#2649518c-db27-4ac7-9062-76c16dc864df">[F] test_minimal_requirements.TestRNF4 : test_vistas_en_ficheros_individuales</a></li>
                    
                    
                
                    
                    
                    <li><a href="#d4fcf5af-dd94-4feb-98fb-035960c585c5">[F] test_minimal_requirements.TestRNF5 : test_modelos_tienen_algun_posible_campo_imagen</a></li>
                    
                    
                    
                    <li><a href="#916178a8-62f3-4d57-9ad9-435b661c1579">[F] test_minimal_requirements.TestRNF5 : test_alguna_vista_tiene_campo_imagen</a></li>
                    
                    
                
                    
                    
                    <li><a href="#273f0692-4527-45e7-86a4-56592bfa65ab">[F] test_minimal_requirements.TestRNF6 : test_modelos_tienen_acciones</a></li>
                    
                    
                    
                    <li><a href="#ddac45bb-ad0b-4607-8525-6b149b554263">[F] test_minimal_requirements.TestRNF6 : test_hay_elementos_de_menu[.//menuitem[@action]]</a></li>
                    
                    
                
                    
                    
                    <li><a href="#f411f679-ec84-468d-b46e-2dcd80e786a9">[F] test_minimal_requirements.TestRNF7 : test_modelos_tienen_permisos</a></li>
                    
                    
                
                    
                    
                    <li><a href="#b04b52cc-5e5e-4735-8f1f-cadcae43d7fd">[F] test_minimal_requirements.TestRNF8 : test_app_tiene_icono</a></li>
                    
                    
                
                    
                    
                    <li><a href="#2c029fd1-ac2c-4269-a320-471d3d60bd9d">[F] test_minimal_requirements.TestRNF9 : test_modelos_tienen_datos_demo</a></li>
                    
                    
                
                    
                    
                    <li><a href="#74a07fad-2f43-4e8d-9ab3-44b821d6193d">[F] test_minimal_requirements.TestRNFGit : test_git_commit_frecuentes</a></li>
                    
                    
                
                    
                    
                    <li><a href="#c91faae5-755b-46c6-bed2-c4fe0c5fc00c">[F] test_minimal_requirements.TestRNFCalidad : test_odoo_disponible</a></li>
                    
                    
                    
                    <li><a href="#18eab12c-7319-4219-afb5-3f3ee776d037">[F] test_minimal_requirements.TestRNFCalidad : test_app_instalada</a></li>
                    
                    
                    
                    <li><a href="#27edcd29-2ec5-41b5-b54f-f8216bebd938">[F] test_minimal_requirements.TestRNFCalidad : test_otras_apps_entregadas_son_dependencias</a></li>
                    
                    
                    
                    <li><a href="#e90b4ed7-515b-4163-a381-f5ef64635069">[F] test_minimal_requirements.TestRNFCalidad : test_no_hay_elementos_xml_comentados</a></li>
                    
                    
                    
                    <li><a href="#ff3a21ef-e2f9-4cda-b89b-04bd05b0c052">[F] test_minimal_requirements.TestRNFCalidad : test_no_hay_codigo_python_comentado</a></li>
                    
                    
                    
                    <li><a href="#69aadde2-6deb-4c62-a701-05e387c301aa">[F] test_minimal_requirements.TestRNFCalidad : test_log_servidor_sin_errores</a></li>
                    
                    
                
                    
                    
                    
                
                    
                    
                    
                    
                    
                    
                    
                    
                    
                    
                    
                
                    
                    
                    
                    
                    
                    
                    
                
                    
                    
                    
                    
                    
                    
                    
                    
                    
                
                    
                    
                    
                
                    
                    
                    
                
                    
                    
                    
                    
                    
                    
                    
                
                    
                    
                    
                    
                    
                
                    
                    
                    
                    
                    
                
                    
                    
                    
                
                    
                    
                    
                    
                    
                    
                    
                    
                    
                    
                    
                
                    
                    
                    
                    
                    
                    
                    
                    
                    
                    
                    
                    
                    
                    
                    
                    
                    
                    
                    
                    
                    
                
            
            </ul>
        </td>
    </tr>
</table>


    <div class="testsuite">
        <h2>Test Suite: pytest</h2>
        <a id="b6791615-b0fd-440d-93c8-c0b4c41538f9"></a>
        
        
        <h3>Results</h3>
        <table class="proplist">
            <tr>
                <th>Duration</th><td>68.95 sec</td>
            </tr>
            <tr>
                <th>Tests</th><td>63</td>
            </tr>
            <tr>
                <th>Failures</th><td>25</td>
            </tr>
        </table>

        <div class="testclasses">
            <h3>Tests</h3>
            
            <div class="testclass">
                <h4>test_minimal_requirements.TestRNF1</h4>
                <div class="testcases">
                
                    <div class="test outcome outcome-failed">
                        <a id="395e39e4-6a04-41a4-b3ad-1a2ac5fa5689"></a>
                        <table class="proplist">
                            <tr><th>Test case:</th><td><b>test_app_tiene_al_menos_4_modelos</b></td></tr>
                            <tr><th>Outcome:</th><td>Failed</td></tr>
                            <tr><th>Duration:</th><td>65.092 sec</td></tr>
                        
                            <tr><th>Failed</th><td>failed on setup with &#34;Exception: Timeout reached while waiting on service!&#34;</td></tr>
                        
                        
                        </table>

                        
                        <pre>docker_ip = &#39;127.0.0.1&#39;
docker_services = Services(_docker_compose=DockerComposeExecutor(_compose_command=&#39;docker compose&#39;, _compose_files=[&#39;/home/ubuntu/SGE-tester-B/projects/docker-compose.yml&#39;], _compose_project_name=&#39;pytest23111&#39;), _services={&#39;odoo&#39;: {8069: 8069}})

    @pytest.fixture(scope=&#34;session&#34;)
    def http_service(docker_ip, docker_services):
        &#34;&#34;&#34;Se asegura de que el servicio HTTP responde.&#34;&#34;&#34;
    
        # `port_for` takes a container port and returns the corresponding host port
        port = docker_services.port_for(&#34;odoo&#34;, 8069)
        url = f&#34;http://{docker_ip}:{port}&#34;
&gt;       docker_services.wait_until_responsive(
            timeout=60.0, pause=10, check=lambda: is_responsive(url)
        )

test_minimal_requirements.py:208: 
_ _ _ _ _ _ _ _ _ _ _ _ _ _ _ _ _ _ _ _ _ _ _ _ _ _ _ _ _ _ _ _ _ _ _ _ _ _ _ _ 

self = Services(_docker_compose=DockerComposeExecutor(_compose_command=&#39;docker compose&#39;, _compose_files=[&#39;/home/ubuntu/SGE-tester-B/projects/docker-compose.yml&#39;], _compose_project_name=&#39;pytest23111&#39;), _services={&#39;odoo&#39;: {8069: 8069}})
check = &lt;function http_service.&lt;locals&gt;.&lt;lambda&gt; at 0x7c161773de40&gt;
timeout = 60.0, pause = 10, clock = &lt;built-in function perf_counter&gt;

    def wait_until_responsive(
        self,
        check: Any,
        timeout: float,
        pause: float,
        clock: Any = timeit.default_timer,
    ) -&gt; None:
        &#34;&#34;&#34;Wait until a service is responsive.&#34;&#34;&#34;
    
        ref = clock()
        now = ref
        while (now - ref) &lt; timeout:
            if check():
                return
            time.sleep(pause)
            now = clock()
    
&gt;       raise Exception(&#34;Timeout reached while waiting on service!&#34;)
E       Exception: Timeout reached while waiting on service!

.venv/lib/python3.12/site-packages/pytest_docker/plugin.py:120: Exception</pre>
                        
                        

                        
                        
                        
                    </div>
                
                    <div class="test outcome outcome-failed">
                        <a id="e7be003a-200b-47a3-af79-3f0a4179079a"></a>
                        <table class="proplist">
                            <tr><th>Test case:</th><td><b>test_modelos_en_ficheros_individuales</b></td></tr>
                            <tr><th>Outcome:</th><td>Failed</td></tr>
                            <tr><th>Duration:</th><td>0.001 sec</td></tr>
                        
                            <tr><th>Failed</th><td>failed on setup with &#34;Exception: Timeout reached while waiting on service!&#34;</td></tr>
                        
                        
                        </table>

                        
                        <pre>docker_ip = &#39;127.0.0.1&#39;
docker_services = Services(_docker_compose=DockerComposeExecutor(_compose_command=&#39;docker compose&#39;, _compose_files=[&#39;/home/ubuntu/SGE-tester-B/projects/docker-compose.yml&#39;], _compose_project_name=&#39;pytest23111&#39;), _services={&#39;odoo&#39;: {8069: 8069}})

    @pytest.fixture(scope=&#34;session&#34;)
    def http_service(docker_ip, docker_services):
        &#34;&#34;&#34;Se asegura de que el servicio HTTP responde.&#34;&#34;&#34;
    
        # `port_for` takes a container port and returns the corresponding host port
        port = docker_services.port_for(&#34;odoo&#34;, 8069)
        url = f&#34;http://{docker_ip}:{port}&#34;
&gt;       docker_services.wait_until_responsive(
            timeout=60.0, pause=10, check=lambda: is_responsive(url)
        )

test_minimal_requirements.py:208: 
_ _ _ _ _ _ _ _ _ _ _ _ _ _ _ _ _ _ _ _ _ _ _ _ _ _ _ _ _ _ _ _ _ _ _ _ _ _ _ _ 

self = Services(_docker_compose=DockerComposeExecutor(_compose_command=&#39;docker compose&#39;, _compose_files=[&#39;/home/ubuntu/SGE-tester-B/projects/docker-compose.yml&#39;], _compose_project_name=&#39;pytest23111&#39;), _services={&#39;odoo&#39;: {8069: 8069}})
check = &lt;function http_service.&lt;locals&gt;.&lt;lambda&gt; at 0x7c161773de40&gt;
timeout = 60.0, pause = 10, clock = &lt;built-in function perf_counter&gt;

    def wait_until_responsive(
        self,
        check: Any,
        timeout: float,
        pause: float,
        clock: Any = timeit.default_timer,
    ) -&gt; None:
        &#34;&#34;&#34;Wait until a service is responsive.&#34;&#34;&#34;
    
        ref = clock()
        now = ref
        while (now - ref) &lt; timeout:
            if check():
                return
            time.sleep(pause)
            now = clock()
    
&gt;       raise Exception(&#34;Timeout reached while waiting on service!&#34;)
E       Exception: Timeout reached while waiting on service!

.venv/lib/python3.12/site-packages/pytest_docker/plugin.py:120: Exception</pre>
                        
                        

                        
                        
                        
                    </div>
                
                </div>
            </div>
            
            <div class="testclass">
                <h4>test_minimal_requirements.TestRNF2</h4>
                <div class="testcases">
                
                    <div class="test outcome outcome-failed">
                        <a id="5ea4f3ac-d21a-4a11-985f-6fe4a0976965"></a>
                        <table class="proplist">
                            <tr><th>Test case:</th><td><b>test_relacion_many2many</b></td></tr>
                            <tr><th>Outcome:</th><td>Failed</td></tr>
                            <tr><th>Duration:</th><td>0.0 sec</td></tr>
                        
                            <tr><th>Failed</th><td>failed on setup with &#34;Exception: Timeout reached while waiting on service!&#34;</td></tr>
                        
                        
                        </table>

                        
                        <pre>docker_ip = &#39;127.0.0.1&#39;
docker_services = Services(_docker_compose=DockerComposeExecutor(_compose_command=&#39;docker compose&#39;, _compose_files=[&#39;/home/ubuntu/SGE-tester-B/projects/docker-compose.yml&#39;], _compose_project_name=&#39;pytest23111&#39;), _services={&#39;odoo&#39;: {8069: 8069}})

    @pytest.fixture(scope=&#34;session&#34;)
    def http_service(docker_ip, docker_services):
        &#34;&#34;&#34;Se asegura de que el servicio HTTP responde.&#34;&#34;&#34;
    
        # `port_for` takes a container port and returns the corresponding host port
        port = docker_services.port_for(&#34;odoo&#34;, 8069)
        url = f&#34;http://{docker_ip}:{port}&#34;
&gt;       docker_services.wait_until_responsive(
            timeout=60.0, pause=10, check=lambda: is_responsive(url)
        )

test_minimal_requirements.py:208: 
_ _ _ _ _ _ _ _ _ _ _ _ _ _ _ _ _ _ _ _ _ _ _ _ _ _ _ _ _ _ _ _ _ _ _ _ _ _ _ _ 

self = Services(_docker_compose=DockerComposeExecutor(_compose_command=&#39;docker compose&#39;, _compose_files=[&#39;/home/ubuntu/SGE-tester-B/projects/docker-compose.yml&#39;], _compose_project_name=&#39;pytest23111&#39;), _services={&#39;odoo&#39;: {8069: 8069}})
check = &lt;function http_service.&lt;locals&gt;.&lt;lambda&gt; at 0x7c161773de40&gt;
timeout = 60.0, pause = 10, clock = &lt;built-in function perf_counter&gt;

    def wait_until_responsive(
        self,
        check: Any,
        timeout: float,
        pause: float,
        clock: Any = timeit.default_timer,
    ) -&gt; None:
        &#34;&#34;&#34;Wait until a service is responsive.&#34;&#34;&#34;
    
        ref = clock()
        now = ref
        while (now - ref) &lt; timeout:
            if check():
                return
            time.sleep(pause)
            now = clock()
    
&gt;       raise Exception(&#34;Timeout reached while waiting on service!&#34;)
E       Exception: Timeout reached while waiting on service!

.venv/lib/python3.12/site-packages/pytest_docker/plugin.py:120: Exception</pre>
                        
                        

                        
                        
                        
                    </div>
                
                    <div class="test outcome outcome-failed">
                        <a id="a9c1bb61-bfe4-4be6-9fa0-70f47415c9e8"></a>
                        <table class="proplist">
                            <tr><th>Test case:</th><td><b>test_modelos_tienen_algun_campo_relacion[one2many]</b></td></tr>
                            <tr><th>Outcome:</th><td>Failed</td></tr>
                            <tr><th>Duration:</th><td>0.0 sec</td></tr>
                        
                            <tr><th>Failed</th><td>failed on setup with &#34;Exception: Timeout reached while waiting on service!&#34;</td></tr>
                        
                        
                        </table>

                        
                        <pre>docker_ip = &#39;127.0.0.1&#39;
docker_services = Services(_docker_compose=DockerComposeExecutor(_compose_command=&#39;docker compose&#39;, _compose_files=[&#39;/home/ubuntu/SGE-tester-B/projects/docker-compose.yml&#39;], _compose_project_name=&#39;pytest23111&#39;), _services={&#39;odoo&#39;: {8069: 8069}})

    @pytest.fixture(scope=&#34;session&#34;)
    def http_service(docker_ip, docker_services):
        &#34;&#34;&#34;Se asegura de que el servicio HTTP responde.&#34;&#34;&#34;
    
        # `port_for` takes a container port and returns the corresponding host port
        port = docker_services.port_for(&#34;odoo&#34;, 8069)
        url = f&#34;http://{docker_ip}:{port}&#34;
&gt;       docker_services.wait_until_responsive(
            timeout=60.0, pause=10, check=lambda: is_responsive(url)
        )

test_minimal_requirements.py:208: 
_ _ _ _ _ _ _ _ _ _ _ _ _ _ _ _ _ _ _ _ _ _ _ _ _ _ _ _ _ _ _ _ _ _ _ _ _ _ _ _ 

self = Services(_docker_compose=DockerComposeExecutor(_compose_command=&#39;docker compose&#39;, _compose_files=[&#39;/home/ubuntu/SGE-tester-B/projects/docker-compose.yml&#39;], _compose_project_name=&#39;pytest23111&#39;), _services={&#39;odoo&#39;: {8069: 8069}})
check = &lt;function http_service.&lt;locals&gt;.&lt;lambda&gt; at 0x7c161773de40&gt;
timeout = 60.0, pause = 10, clock = &lt;built-in function perf_counter&gt;

    def wait_until_responsive(
        self,
        check: Any,
        timeout: float,
        pause: float,
        clock: Any = timeit.default_timer,
    ) -&gt; None:
        &#34;&#34;&#34;Wait until a service is responsive.&#34;&#34;&#34;
    
        ref = clock()
        now = ref
        while (now - ref) &lt; timeout:
            if check():
                return
            time.sleep(pause)
            now = clock()
    
&gt;       raise Exception(&#34;Timeout reached while waiting on service!&#34;)
E       Exception: Timeout reached while waiting on service!

.venv/lib/python3.12/site-packages/pytest_docker/plugin.py:120: Exception</pre>
                        
                        

                        
                        
                        
                    </div>
                
                    <div class="test outcome outcome-failed">
                        <a id="54239fc3-7d46-460e-bc95-9776911c0646"></a>
                        <table class="proplist">
                            <tr><th>Test case:</th><td><b>test_modelos_tienen_algun_campo_relacion[many2one]</b></td></tr>
                            <tr><th>Outcome:</th><td>Failed</td></tr>
                            <tr><th>Duration:</th><td>0.0 sec</td></tr>
                        
                            <tr><th>Failed</th><td>failed on setup with &#34;Exception: Timeout reached while waiting on service!&#34;</td></tr>
                        
                        
                        </table>

                        
                        <pre>docker_ip = &#39;127.0.0.1&#39;
docker_services = Services(_docker_compose=DockerComposeExecutor(_compose_command=&#39;docker compose&#39;, _compose_files=[&#39;/home/ubuntu/SGE-tester-B/projects/docker-compose.yml&#39;], _compose_project_name=&#39;pytest23111&#39;), _services={&#39;odoo&#39;: {8069: 8069}})

    @pytest.fixture(scope=&#34;session&#34;)
    def http_service(docker_ip, docker_services):
        &#34;&#34;&#34;Se asegura de que el servicio HTTP responde.&#34;&#34;&#34;
    
        # `port_for` takes a container port and returns the corresponding host port
        port = docker_services.port_for(&#34;odoo&#34;, 8069)
        url = f&#34;http://{docker_ip}:{port}&#34;
&gt;       docker_services.wait_until_responsive(
            timeout=60.0, pause=10, check=lambda: is_responsive(url)
        )

test_minimal_requirements.py:208: 
_ _ _ _ _ _ _ _ _ _ _ _ _ _ _ _ _ _ _ _ _ _ _ _ _ _ _ _ _ _ _ _ _ _ _ _ _ _ _ _ 

self = Services(_docker_compose=DockerComposeExecutor(_compose_command=&#39;docker compose&#39;, _compose_files=[&#39;/home/ubuntu/SGE-tester-B/projects/docker-compose.yml&#39;], _compose_project_name=&#39;pytest23111&#39;), _services={&#39;odoo&#39;: {8069: 8069}})
check = &lt;function http_service.&lt;locals&gt;.&lt;lambda&gt; at 0x7c161773de40&gt;
timeout = 60.0, pause = 10, clock = &lt;built-in function perf_counter&gt;

    def wait_until_responsive(
        self,
        check: Any,
        timeout: float,
        pause: float,
        clock: Any = timeit.default_timer,
    ) -&gt; None:
        &#34;&#34;&#34;Wait until a service is responsive.&#34;&#34;&#34;
    
        ref = clock()
        now = ref
        while (now - ref) &lt; timeout:
            if check():
                return
            time.sleep(pause)
            now = clock()
    
&gt;       raise Exception(&#34;Timeout reached while waiting on service!&#34;)
E       Exception: Timeout reached while waiting on service!

.venv/lib/python3.12/site-packages/pytest_docker/plugin.py:120: Exception</pre>
                        
                        

                        
                        
                        
                    </div>
                
                    <div class="test outcome outcome-failed">
                        <a id="f5a6a2a9-bf61-4207-a230-ae1e5ab65c1e"></a>
                        <table class="proplist">
                            <tr><th>Test case:</th><td><b>test_unknown_comodel_name</b></td></tr>
                            <tr><th>Outcome:</th><td>Failed</td></tr>
                            <tr><th>Duration:</th><td>0.0 sec</td></tr>
                        
                            <tr><th>Failed</th><td>failed on setup with &#34;Exception: Timeout reached while waiting on service!&#34;</td></tr>
                        
                        
                        </table>

                        
                        <pre>docker_ip = &#39;127.0.0.1&#39;
docker_services = Services(_docker_compose=DockerComposeExecutor(_compose_command=&#39;docker compose&#39;, _compose_files=[&#39;/home/ubuntu/SGE-tester-B/projects/docker-compose.yml&#39;], _compose_project_name=&#39;pytest23111&#39;), _services={&#39;odoo&#39;: {8069: 8069}})

    @pytest.fixture(scope=&#34;session&#34;)
    def http_service(docker_ip, docker_services):
        &#34;&#34;&#34;Se asegura de que el servicio HTTP responde.&#34;&#34;&#34;
    
        # `port_for` takes a container port and returns the corresponding host port
        port = docker_services.port_for(&#34;odoo&#34;, 8069)
        url = f&#34;http://{docker_ip}:{port}&#34;
&gt;       docker_services.wait_until_responsive(
            timeout=60.0, pause=10, check=lambda: is_responsive(url)
        )

test_minimal_requirements.py:208: 
_ _ _ _ _ _ _ _ _ _ _ _ _ _ _ _ _ _ _ _ _ _ _ _ _ _ _ _ _ _ _ _ _ _ _ _ _ _ _ _ 

self = Services(_docker_compose=DockerComposeExecutor(_compose_command=&#39;docker compose&#39;, _compose_files=[&#39;/home/ubuntu/SGE-tester-B/projects/docker-compose.yml&#39;], _compose_project_name=&#39;pytest23111&#39;), _services={&#39;odoo&#39;: {8069: 8069}})
check = &lt;function http_service.&lt;locals&gt;.&lt;lambda&gt; at 0x7c161773de40&gt;
timeout = 60.0, pause = 10, clock = &lt;built-in function perf_counter&gt;

    def wait_until_responsive(
        self,
        check: Any,
        timeout: float,
        pause: float,
        clock: Any = timeit.default_timer,
    ) -&gt; None:
        &#34;&#34;&#34;Wait until a service is responsive.&#34;&#34;&#34;
    
        ref = clock()
        now = ref
        while (now - ref) &lt; timeout:
            if check():
                return
            time.sleep(pause)
            now = clock()
    
&gt;       raise Exception(&#34;Timeout reached while waiting on service!&#34;)
E       Exception: Timeout reached while waiting on service!

.venv/lib/python3.12/site-packages/pytest_docker/plugin.py:120: Exception</pre>
                        
                        

                        
                        
                        
                    </div>
                
                </div>
            </div>
            
            <div class="testclass">
                <h4>test_minimal_requirements.TestRNF3</h4>
                <div class="testcases">
                
                    <div class="test outcome outcome-failed">
                        <a id="8758afda-1fe9-4e04-9ef6-70a0e1bb7f9f"></a>
                        <table class="proplist">
                            <tr><th>Test case:</th><td><b>test_modelos_tienen_vista[tree]</b></td></tr>
                            <tr><th>Outcome:</th><td>Failed</td></tr>
                            <tr><th>Duration:</th><td>0.0 sec</td></tr>
                        
                            <tr><th>Failed</th><td>failed on setup with &#34;Exception: Timeout reached while waiting on service!&#34;</td></tr>
                        
                        
                        </table>

                        
                        <pre>docker_ip = &#39;127.0.0.1&#39;
docker_services = Services(_docker_compose=DockerComposeExecutor(_compose_command=&#39;docker compose&#39;, _compose_files=[&#39;/home/ubuntu/SGE-tester-B/projects/docker-compose.yml&#39;], _compose_project_name=&#39;pytest23111&#39;), _services={&#39;odoo&#39;: {8069: 8069}})

    @pytest.fixture(scope=&#34;session&#34;)
    def http_service(docker_ip, docker_services):
        &#34;&#34;&#34;Se asegura de que el servicio HTTP responde.&#34;&#34;&#34;
    
        # `port_for` takes a container port and returns the corresponding host port
        port = docker_services.port_for(&#34;odoo&#34;, 8069)
        url = f&#34;http://{docker_ip}:{port}&#34;
&gt;       docker_services.wait_until_responsive(
            timeout=60.0, pause=10, check=lambda: is_responsive(url)
        )

test_minimal_requirements.py:208: 
_ _ _ _ _ _ _ _ _ _ _ _ _ _ _ _ _ _ _ _ _ _ _ _ _ _ _ _ _ _ _ _ _ _ _ _ _ _ _ _ 

self = Services(_docker_compose=DockerComposeExecutor(_compose_command=&#39;docker compose&#39;, _compose_files=[&#39;/home/ubuntu/SGE-tester-B/projects/docker-compose.yml&#39;], _compose_project_name=&#39;pytest23111&#39;), _services={&#39;odoo&#39;: {8069: 8069}})
check = &lt;function http_service.&lt;locals&gt;.&lt;lambda&gt; at 0x7c161773de40&gt;
timeout = 60.0, pause = 10, clock = &lt;built-in function perf_counter&gt;

    def wait_until_responsive(
        self,
        check: Any,
        timeout: float,
        pause: float,
        clock: Any = timeit.default_timer,
    ) -&gt; None:
        &#34;&#34;&#34;Wait until a service is responsive.&#34;&#34;&#34;
    
        ref = clock()
        now = ref
        while (now - ref) &lt; timeout:
            if check():
                return
            time.sleep(pause)
            now = clock()
    
&gt;       raise Exception(&#34;Timeout reached while waiting on service!&#34;)
E       Exception: Timeout reached while waiting on service!

.venv/lib/python3.12/site-packages/pytest_docker/plugin.py:120: Exception</pre>
                        
                        

                        
                        
                        
                    </div>
                
                    <div class="test outcome outcome-failed">
                        <a id="58852975-e3d0-4c80-bfa8-4a8762180165"></a>
                        <table class="proplist">
                            <tr><th>Test case:</th><td><b>test_modelos_tienen_vista[form]</b></td></tr>
                            <tr><th>Outcome:</th><td>Failed</td></tr>
                            <tr><th>Duration:</th><td>0.0 sec</td></tr>
                        
                            <tr><th>Failed</th><td>failed on setup with &#34;Exception: Timeout reached while waiting on service!&#34;</td></tr>
                        
                        
                        </table>

                        
                        <pre>docker_ip = &#39;127.0.0.1&#39;
docker_services = Services(_docker_compose=DockerComposeExecutor(_compose_command=&#39;docker compose&#39;, _compose_files=[&#39;/home/ubuntu/SGE-tester-B/projects/docker-compose.yml&#39;], _compose_project_name=&#39;pytest23111&#39;), _services={&#39;odoo&#39;: {8069: 8069}})

    @pytest.fixture(scope=&#34;session&#34;)
    def http_service(docker_ip, docker_services):
        &#34;&#34;&#34;Se asegura de que el servicio HTTP responde.&#34;&#34;&#34;
    
        # `port_for` takes a container port and returns the corresponding host port
        port = docker_services.port_for(&#34;odoo&#34;, 8069)
        url = f&#34;http://{docker_ip}:{port}&#34;
&gt;       docker_services.wait_until_responsive(
            timeout=60.0, pause=10, check=lambda: is_responsive(url)
        )

test_minimal_requirements.py:208: 
_ _ _ _ _ _ _ _ _ _ _ _ _ _ _ _ _ _ _ _ _ _ _ _ _ _ _ _ _ _ _ _ _ _ _ _ _ _ _ _ 

self = Services(_docker_compose=DockerComposeExecutor(_compose_command=&#39;docker compose&#39;, _compose_files=[&#39;/home/ubuntu/SGE-tester-B/projects/docker-compose.yml&#39;], _compose_project_name=&#39;pytest23111&#39;), _services={&#39;odoo&#39;: {8069: 8069}})
check = &lt;function http_service.&lt;locals&gt;.&lt;lambda&gt; at 0x7c161773de40&gt;
timeout = 60.0, pause = 10, clock = &lt;built-in function perf_counter&gt;

    def wait_until_responsive(
        self,
        check: Any,
        timeout: float,
        pause: float,
        clock: Any = timeit.default_timer,
    ) -&gt; None:
        &#34;&#34;&#34;Wait until a service is responsive.&#34;&#34;&#34;
    
        ref = clock()
        now = ref
        while (now - ref) &lt; timeout:
            if check():
                return
            time.sleep(pause)
            now = clock()
    
&gt;       raise Exception(&#34;Timeout reached while waiting on service!&#34;)
E       Exception: Timeout reached while waiting on service!

.venv/lib/python3.12/site-packages/pytest_docker/plugin.py:120: Exception</pre>
                        
                        

                        
                        
                        
                    </div>
                
                    <div class="test outcome outcome-failed">
                        <a id="0e2c1004-0e7b-4b3b-b659-7bb173348177"></a>
                        <table class="proplist">
                            <tr><th>Test case:</th><td><b>test_formularios_tienen_vista_anidada_para_campos_X2many[one2many]</b></td></tr>
                            <tr><th>Outcome:</th><td>Failed</td></tr>
                            <tr><th>Duration:</th><td>0.0 sec</td></tr>
                        
                            <tr><th>Failed</th><td>failed on setup with &#34;Exception: Timeout reached while waiting on service!&#34;</td></tr>
                        
                        
                        </table>

                        
                        <pre>docker_ip = &#39;127.0.0.1&#39;
docker_services = Services(_docker_compose=DockerComposeExecutor(_compose_command=&#39;docker compose&#39;, _compose_files=[&#39;/home/ubuntu/SGE-tester-B/projects/docker-compose.yml&#39;], _compose_project_name=&#39;pytest23111&#39;), _services={&#39;odoo&#39;: {8069: 8069}})

    @pytest.fixture(scope=&#34;session&#34;)
    def http_service(docker_ip, docker_services):
        &#34;&#34;&#34;Se asegura de que el servicio HTTP responde.&#34;&#34;&#34;
    
        # `port_for` takes a container port and returns the corresponding host port
        port = docker_services.port_for(&#34;odoo&#34;, 8069)
        url = f&#34;http://{docker_ip}:{port}&#34;
&gt;       docker_services.wait_until_responsive(
            timeout=60.0, pause=10, check=lambda: is_responsive(url)
        )

test_minimal_requirements.py:208: 
_ _ _ _ _ _ _ _ _ _ _ _ _ _ _ _ _ _ _ _ _ _ _ _ _ _ _ _ _ _ _ _ _ _ _ _ _ _ _ _ 

self = Services(_docker_compose=DockerComposeExecutor(_compose_command=&#39;docker compose&#39;, _compose_files=[&#39;/home/ubuntu/SGE-tester-B/projects/docker-compose.yml&#39;], _compose_project_name=&#39;pytest23111&#39;), _services={&#39;odoo&#39;: {8069: 8069}})
check = &lt;function http_service.&lt;locals&gt;.&lt;lambda&gt; at 0x7c161773de40&gt;
timeout = 60.0, pause = 10, clock = &lt;built-in function perf_counter&gt;

    def wait_until_responsive(
        self,
        check: Any,
        timeout: float,
        pause: float,
        clock: Any = timeit.default_timer,
    ) -&gt; None:
        &#34;&#34;&#34;Wait until a service is responsive.&#34;&#34;&#34;
    
        ref = clock()
        now = ref
        while (now - ref) &lt; timeout:
            if check():
                return
            time.sleep(pause)
            now = clock()
    
&gt;       raise Exception(&#34;Timeout reached while waiting on service!&#34;)
E       Exception: Timeout reached while waiting on service!

.venv/lib/python3.12/site-packages/pytest_docker/plugin.py:120: Exception</pre>
                        
                        

                        
                        
                        
                    </div>
                
                    <div class="test outcome outcome-failed">
                        <a id="78c90ded-6bc9-4228-9930-17c388faca63"></a>
                        <table class="proplist">
                            <tr><th>Test case:</th><td><b>test_formularios_tienen_vista_anidada_para_campos_X2many[many2many]</b></td></tr>
                            <tr><th>Outcome:</th><td>Failed</td></tr>
                            <tr><th>Duration:</th><td>0.0 sec</td></tr>
                        
                            <tr><th>Failed</th><td>failed on setup with &#34;Exception: Timeout reached while waiting on service!&#34;</td></tr>
                        
                        
                        </table>

                        
                        <pre>docker_ip = &#39;127.0.0.1&#39;
docker_services = Services(_docker_compose=DockerComposeExecutor(_compose_command=&#39;docker compose&#39;, _compose_files=[&#39;/home/ubuntu/SGE-tester-B/projects/docker-compose.yml&#39;], _compose_project_name=&#39;pytest23111&#39;), _services={&#39;odoo&#39;: {8069: 8069}})

    @pytest.fixture(scope=&#34;session&#34;)
    def http_service(docker_ip, docker_services):
        &#34;&#34;&#34;Se asegura de que el servicio HTTP responde.&#34;&#34;&#34;
    
        # `port_for` takes a container port and returns the corresponding host port
        port = docker_services.port_for(&#34;odoo&#34;, 8069)
        url = f&#34;http://{docker_ip}:{port}&#34;
&gt;       docker_services.wait_until_responsive(
            timeout=60.0, pause=10, check=lambda: is_responsive(url)
        )

test_minimal_requirements.py:208: 
_ _ _ _ _ _ _ _ _ _ _ _ _ _ _ _ _ _ _ _ _ _ _ _ _ _ _ _ _ _ _ _ _ _ _ _ _ _ _ _ 

self = Services(_docker_compose=DockerComposeExecutor(_compose_command=&#39;docker compose&#39;, _compose_files=[&#39;/home/ubuntu/SGE-tester-B/projects/docker-compose.yml&#39;], _compose_project_name=&#39;pytest23111&#39;), _services={&#39;odoo&#39;: {8069: 8069}})
check = &lt;function http_service.&lt;locals&gt;.&lt;lambda&gt; at 0x7c161773de40&gt;
timeout = 60.0, pause = 10, clock = &lt;built-in function perf_counter&gt;

    def wait_until_responsive(
        self,
        check: Any,
        timeout: float,
        pause: float,
        clock: Any = timeit.default_timer,
    ) -&gt; None:
        &#34;&#34;&#34;Wait until a service is responsive.&#34;&#34;&#34;
    
        ref = clock()
        now = ref
        while (now - ref) &lt; timeout:
            if check():
                return
            time.sleep(pause)
            now = clock()
    
&gt;       raise Exception(&#34;Timeout reached while waiting on service!&#34;)
E       Exception: Timeout reached while waiting on service!

.venv/lib/python3.12/site-packages/pytest_docker/plugin.py:120: Exception</pre>
                        
                        

                        
                        
                        
                    </div>
                
                </div>
            </div>
            
            <div class="testclass">
                <h4>test_minimal_requirements.TestRNF4</h4>
                <div class="testcases">
                
                    <div class="test outcome outcome-failed">
                        <a id="2649518c-db27-4ac7-9062-76c16dc864df"></a>
                        <table class="proplist">
                            <tr><th>Test case:</th><td><b>test_vistas_en_ficheros_individuales</b></td></tr>
                            <tr><th>Outcome:</th><td>Failed</td></tr>
                            <tr><th>Duration:</th><td>0.0 sec</td></tr>
                        
                            <tr><th>Failed</th><td>failed on setup with &#34;Exception: Timeout reached while waiting on service!&#34;</td></tr>
                        
                        
                        </table>

                        
                        <pre>docker_ip = &#39;127.0.0.1&#39;
docker_services = Services(_docker_compose=DockerComposeExecutor(_compose_command=&#39;docker compose&#39;, _compose_files=[&#39;/home/ubuntu/SGE-tester-B/projects/docker-compose.yml&#39;], _compose_project_name=&#39;pytest23111&#39;), _services={&#39;odoo&#39;: {8069: 8069}})

    @pytest.fixture(scope=&#34;session&#34;)
    def http_service(docker_ip, docker_services):
        &#34;&#34;&#34;Se asegura de que el servicio HTTP responde.&#34;&#34;&#34;
    
        # `port_for` takes a container port and returns the corresponding host port
        port = docker_services.port_for(&#34;odoo&#34;, 8069)
        url = f&#34;http://{docker_ip}:{port}&#34;
&gt;       docker_services.wait_until_responsive(
            timeout=60.0, pause=10, check=lambda: is_responsive(url)
        )

test_minimal_requirements.py:208: 
_ _ _ _ _ _ _ _ _ _ _ _ _ _ _ _ _ _ _ _ _ _ _ _ _ _ _ _ _ _ _ _ _ _ _ _ _ _ _ _ 

self = Services(_docker_compose=DockerComposeExecutor(_compose_command=&#39;docker compose&#39;, _compose_files=[&#39;/home/ubuntu/SGE-tester-B/projects/docker-compose.yml&#39;], _compose_project_name=&#39;pytest23111&#39;), _services={&#39;odoo&#39;: {8069: 8069}})
check = &lt;function http_service.&lt;locals&gt;.&lt;lambda&gt; at 0x7c161773de40&gt;
timeout = 60.0, pause = 10, clock = &lt;built-in function perf_counter&gt;

    def wait_until_responsive(
        self,
        check: Any,
        timeout: float,
        pause: float,
        clock: Any = timeit.default_timer,
    ) -&gt; None:
        &#34;&#34;&#34;Wait until a service is responsive.&#34;&#34;&#34;
    
        ref = clock()
        now = ref
        while (now - ref) &lt; timeout:
            if check():
                return
            time.sleep(pause)
            now = clock()
    
&gt;       raise Exception(&#34;Timeout reached while waiting on service!&#34;)
E       Exception: Timeout reached while waiting on service!

.venv/lib/python3.12/site-packages/pytest_docker/plugin.py:120: Exception</pre>
                        
                        

                        
                        
                        
                    </div>
                
                </div>
            </div>
            
            <div class="testclass">
                <h4>test_minimal_requirements.TestRNF5</h4>
                <div class="testcases">
                
                    <div class="test outcome outcome-failed">
                        <a id="d4fcf5af-dd94-4feb-98fb-035960c585c5"></a>
                        <table class="proplist">
                            <tr><th>Test case:</th><td><b>test_modelos_tienen_algun_posible_campo_imagen</b></td></tr>
                            <tr><th>Outcome:</th><td>Failed</td></tr>
                            <tr><th>Duration:</th><td>0.0 sec</td></tr>
                        
                            <tr><th>Failed</th><td>failed on setup with &#34;Exception: Timeout reached while waiting on service!&#34;</td></tr>
                        
                        
                        </table>

                        
                        <pre>docker_ip = &#39;127.0.0.1&#39;
docker_services = Services(_docker_compose=DockerComposeExecutor(_compose_command=&#39;docker compose&#39;, _compose_files=[&#39;/home/ubuntu/SGE-tester-B/projects/docker-compose.yml&#39;], _compose_project_name=&#39;pytest23111&#39;), _services={&#39;odoo&#39;: {8069: 8069}})

    @pytest.fixture(scope=&#34;session&#34;)
    def http_service(docker_ip, docker_services):
        &#34;&#34;&#34;Se asegura de que el servicio HTTP responde.&#34;&#34;&#34;
    
        # `port_for` takes a container port and returns the corresponding host port
        port = docker_services.port_for(&#34;odoo&#34;, 8069)
        url = f&#34;http://{docker_ip}:{port}&#34;
&gt;       docker_services.wait_until_responsive(
            timeout=60.0, pause=10, check=lambda: is_responsive(url)
        )

test_minimal_requirements.py:208: 
_ _ _ _ _ _ _ _ _ _ _ _ _ _ _ _ _ _ _ _ _ _ _ _ _ _ _ _ _ _ _ _ _ _ _ _ _ _ _ _ 

self = Services(_docker_compose=DockerComposeExecutor(_compose_command=&#39;docker compose&#39;, _compose_files=[&#39;/home/ubuntu/SGE-tester-B/projects/docker-compose.yml&#39;], _compose_project_name=&#39;pytest23111&#39;), _services={&#39;odoo&#39;: {8069: 8069}})
check = &lt;function http_service.&lt;locals&gt;.&lt;lambda&gt; at 0x7c161773de40&gt;
timeout = 60.0, pause = 10, clock = &lt;built-in function perf_counter&gt;

    def wait_until_responsive(
        self,
        check: Any,
        timeout: float,
        pause: float,
        clock: Any = timeit.default_timer,
    ) -&gt; None:
        &#34;&#34;&#34;Wait until a service is responsive.&#34;&#34;&#34;
    
        ref = clock()
        now = ref
        while (now - ref) &lt; timeout:
            if check():
                return
            time.sleep(pause)
            now = clock()
    
&gt;       raise Exception(&#34;Timeout reached while waiting on service!&#34;)
E       Exception: Timeout reached while waiting on service!

.venv/lib/python3.12/site-packages/pytest_docker/plugin.py:120: Exception</pre>
                        
                        

                        
                        
                        
                    </div>
                
                    <div class="test outcome outcome-failed">
                        <a id="916178a8-62f3-4d57-9ad9-435b661c1579"></a>
                        <table class="proplist">
                            <tr><th>Test case:</th><td><b>test_alguna_vista_tiene_campo_imagen</b></td></tr>
                            <tr><th>Outcome:</th><td>Failed</td></tr>
                            <tr><th>Duration:</th><td>0.0 sec</td></tr>
                        
                            <tr><th>Failed</th><td>failed on setup with &#34;Exception: Timeout reached while waiting on service!&#34;</td></tr>
                        
                        
                        </table>

                        
                        <pre>docker_ip = &#39;127.0.0.1&#39;
docker_services = Services(_docker_compose=DockerComposeExecutor(_compose_command=&#39;docker compose&#39;, _compose_files=[&#39;/home/ubuntu/SGE-tester-B/projects/docker-compose.yml&#39;], _compose_project_name=&#39;pytest23111&#39;), _services={&#39;odoo&#39;: {8069: 8069}})

    @pytest.fixture(scope=&#34;session&#34;)
    def http_service(docker_ip, docker_services):
        &#34;&#34;&#34;Se asegura de que el servicio HTTP responde.&#34;&#34;&#34;
    
        # `port_for` takes a container port and returns the corresponding host port
        port = docker_services.port_for(&#34;odoo&#34;, 8069)
        url = f&#34;http://{docker_ip}:{port}&#34;
&gt;       docker_services.wait_until_responsive(
            timeout=60.0, pause=10, check=lambda: is_responsive(url)
        )

test_minimal_requirements.py:208: 
_ _ _ _ _ _ _ _ _ _ _ _ _ _ _ _ _ _ _ _ _ _ _ _ _ _ _ _ _ _ _ _ _ _ _ _ _ _ _ _ 

self = Services(_docker_compose=DockerComposeExecutor(_compose_command=&#39;docker compose&#39;, _compose_files=[&#39;/home/ubuntu/SGE-tester-B/projects/docker-compose.yml&#39;], _compose_project_name=&#39;pytest23111&#39;), _services={&#39;odoo&#39;: {8069: 8069}})
check = &lt;function http_service.&lt;locals&gt;.&lt;lambda&gt; at 0x7c161773de40&gt;
timeout = 60.0, pause = 10, clock = &lt;built-in function perf_counter&gt;

    def wait_until_responsive(
        self,
        check: Any,
        timeout: float,
        pause: float,
        clock: Any = timeit.default_timer,
    ) -&gt; None:
        &#34;&#34;&#34;Wait until a service is responsive.&#34;&#34;&#34;
    
        ref = clock()
        now = ref
        while (now - ref) &lt; timeout:
            if check():
                return
            time.sleep(pause)
            now = clock()
    
&gt;       raise Exception(&#34;Timeout reached while waiting on service!&#34;)
E       Exception: Timeout reached while waiting on service!

.venv/lib/python3.12/site-packages/pytest_docker/plugin.py:120: Exception</pre>
                        
                        

                        
                        
                        
                    </div>
                
                </div>
            </div>
            
            <div class="testclass">
                <h4>test_minimal_requirements.TestRNF6</h4>
                <div class="testcases">
                
                    <div class="test outcome outcome-failed">
                        <a id="273f0692-4527-45e7-86a4-56592bfa65ab"></a>
                        <table class="proplist">
                            <tr><th>Test case:</th><td><b>test_modelos_tienen_acciones</b></td></tr>
                            <tr><th>Outcome:</th><td>Failed</td></tr>
                            <tr><th>Duration:</th><td>0.0 sec</td></tr>
                        
                            <tr><th>Failed</th><td>failed on setup with &#34;Exception: Timeout reached while waiting on service!&#34;</td></tr>
                        
                        
                        </table>

                        
                        <pre>docker_ip = &#39;127.0.0.1&#39;
docker_services = Services(_docker_compose=DockerComposeExecutor(_compose_command=&#39;docker compose&#39;, _compose_files=[&#39;/home/ubuntu/SGE-tester-B/projects/docker-compose.yml&#39;], _compose_project_name=&#39;pytest23111&#39;), _services={&#39;odoo&#39;: {8069: 8069}})

    @pytest.fixture(scope=&#34;session&#34;)
    def http_service(docker_ip, docker_services):
        &#34;&#34;&#34;Se asegura de que el servicio HTTP responde.&#34;&#34;&#34;
    
        # `port_for` takes a container port and returns the corresponding host port
        port = docker_services.port_for(&#34;odoo&#34;, 8069)
        url = f&#34;http://{docker_ip}:{port}&#34;
&gt;       docker_services.wait_until_responsive(
            timeout=60.0, pause=10, check=lambda: is_responsive(url)
        )

test_minimal_requirements.py:208: 
_ _ _ _ _ _ _ _ _ _ _ _ _ _ _ _ _ _ _ _ _ _ _ _ _ _ _ _ _ _ _ _ _ _ _ _ _ _ _ _ 

self = Services(_docker_compose=DockerComposeExecutor(_compose_command=&#39;docker compose&#39;, _compose_files=[&#39;/home/ubuntu/SGE-tester-B/projects/docker-compose.yml&#39;], _compose_project_name=&#39;pytest23111&#39;), _services={&#39;odoo&#39;: {8069: 8069}})
check = &lt;function http_service.&lt;locals&gt;.&lt;lambda&gt; at 0x7c161773de40&gt;
timeout = 60.0, pause = 10, clock = &lt;built-in function perf_counter&gt;

    def wait_until_responsive(
        self,
        check: Any,
        timeout: float,
        pause: float,
        clock: Any = timeit.default_timer,
    ) -&gt; None:
        &#34;&#34;&#34;Wait until a service is responsive.&#34;&#34;&#34;
    
        ref = clock()
        now = ref
        while (now - ref) &lt; timeout:
            if check():
                return
            time.sleep(pause)
            now = clock()
    
&gt;       raise Exception(&#34;Timeout reached while waiting on service!&#34;)
E       Exception: Timeout reached while waiting on service!

.venv/lib/python3.12/site-packages/pytest_docker/plugin.py:120: Exception</pre>
                        
                        

                        
                        
                        
                    </div>
                
                    <div class="test outcome outcome-failed">
                        <a id="ddac45bb-ad0b-4607-8525-6b149b554263"></a>
                        <table class="proplist">
                            <tr><th>Test case:</th><td><b>test_hay_elementos_de_menu[.//menuitem[@action]]</b></td></tr>
                            <tr><th>Outcome:</th><td>Failed</td></tr>
                            <tr><th>Duration:</th><td>0.0 sec</td></tr>
                        
                            <tr><th>Failed</th><td>failed on setup with &#34;Exception: Timeout reached while waiting on service!&#34;</td></tr>
                        
                        
                        </table>

                        
                        <pre>docker_ip = &#39;127.0.0.1&#39;
docker_services = Services(_docker_compose=DockerComposeExecutor(_compose_command=&#39;docker compose&#39;, _compose_files=[&#39;/home/ubuntu/SGE-tester-B/projects/docker-compose.yml&#39;], _compose_project_name=&#39;pytest23111&#39;), _services={&#39;odoo&#39;: {8069: 8069}})

    @pytest.fixture(scope=&#34;session&#34;)
    def http_service(docker_ip, docker_services):
        &#34;&#34;&#34;Se asegura de que el servicio HTTP responde.&#34;&#34;&#34;
    
        # `port_for` takes a container port and returns the corresponding host port
        port = docker_services.port_for(&#34;odoo&#34;, 8069)
        url = f&#34;http://{docker_ip}:{port}&#34;
&gt;       docker_services.wait_until_responsive(
            timeout=60.0, pause=10, check=lambda: is_responsive(url)
        )

test_minimal_requirements.py:208: 
_ _ _ _ _ _ _ _ _ _ _ _ _ _ _ _ _ _ _ _ _ _ _ _ _ _ _ _ _ _ _ _ _ _ _ _ _ _ _ _ 

self = Services(_docker_compose=DockerComposeExecutor(_compose_command=&#39;docker compose&#39;, _compose_files=[&#39;/home/ubuntu/SGE-tester-B/projects/docker-compose.yml&#39;], _compose_project_name=&#39;pytest23111&#39;), _services={&#39;odoo&#39;: {8069: 8069}})
check = &lt;function http_service.&lt;locals&gt;.&lt;lambda&gt; at 0x7c161773de40&gt;
timeout = 60.0, pause = 10, clock = &lt;built-in function perf_counter&gt;

    def wait_until_responsive(
        self,
        check: Any,
        timeout: float,
        pause: float,
        clock: Any = timeit.default_timer,
    ) -&gt; None:
        &#34;&#34;&#34;Wait until a service is responsive.&#34;&#34;&#34;
    
        ref = clock()
        now = ref
        while (now - ref) &lt; timeout:
            if check():
                return
            time.sleep(pause)
            now = clock()
    
&gt;       raise Exception(&#34;Timeout reached while waiting on service!&#34;)
E       Exception: Timeout reached while waiting on service!

.venv/lib/python3.12/site-packages/pytest_docker/plugin.py:120: Exception</pre>
                        
                        

                        
                        
                        
                    </div>
                
                </div>
            </div>
            
            <div class="testclass">
                <h4>test_minimal_requirements.TestRNF7</h4>
                <div class="testcases">
                
                    <div class="test outcome outcome-failed">
                        <a id="f411f679-ec84-468d-b46e-2dcd80e786a9"></a>
                        <table class="proplist">
                            <tr><th>Test case:</th><td><b>test_modelos_tienen_permisos</b></td></tr>
                            <tr><th>Outcome:</th><td>Failed</td></tr>
                            <tr><th>Duration:</th><td>0.0 sec</td></tr>
                        
                            <tr><th>Failed</th><td>failed on setup with &#34;Exception: Timeout reached while waiting on service!&#34;</td></tr>
                        
                        
                        </table>

                        
                        <pre>docker_ip = &#39;127.0.0.1&#39;
docker_services = Services(_docker_compose=DockerComposeExecutor(_compose_command=&#39;docker compose&#39;, _compose_files=[&#39;/home/ubuntu/SGE-tester-B/projects/docker-compose.yml&#39;], _compose_project_name=&#39;pytest23111&#39;), _services={&#39;odoo&#39;: {8069: 8069}})

    @pytest.fixture(scope=&#34;session&#34;)
    def http_service(docker_ip, docker_services):
        &#34;&#34;&#34;Se asegura de que el servicio HTTP responde.&#34;&#34;&#34;
    
        # `port_for` takes a container port and returns the corresponding host port
        port = docker_services.port_for(&#34;odoo&#34;, 8069)
        url = f&#34;http://{docker_ip}:{port}&#34;
&gt;       docker_services.wait_until_responsive(
            timeout=60.0, pause=10, check=lambda: is_responsive(url)
        )

test_minimal_requirements.py:208: 
_ _ _ _ _ _ _ _ _ _ _ _ _ _ _ _ _ _ _ _ _ _ _ _ _ _ _ _ _ _ _ _ _ _ _ _ _ _ _ _ 

self = Services(_docker_compose=DockerComposeExecutor(_compose_command=&#39;docker compose&#39;, _compose_files=[&#39;/home/ubuntu/SGE-tester-B/projects/docker-compose.yml&#39;], _compose_project_name=&#39;pytest23111&#39;), _services={&#39;odoo&#39;: {8069: 8069}})
check = &lt;function http_service.&lt;locals&gt;.&lt;lambda&gt; at 0x7c161773de40&gt;
timeout = 60.0, pause = 10, clock = &lt;built-in function perf_counter&gt;

    def wait_until_responsive(
        self,
        check: Any,
        timeout: float,
        pause: float,
        clock: Any = timeit.default_timer,
    ) -&gt; None:
        &#34;&#34;&#34;Wait until a service is responsive.&#34;&#34;&#34;
    
        ref = clock()
        now = ref
        while (now - ref) &lt; timeout:
            if check():
                return
            time.sleep(pause)
            now = clock()
    
&gt;       raise Exception(&#34;Timeout reached while waiting on service!&#34;)
E       Exception: Timeout reached while waiting on service!

.venv/lib/python3.12/site-packages/pytest_docker/plugin.py:120: Exception</pre>
                        
                        

                        
                        
                        
                    </div>
                
                </div>
            </div>
            
            <div class="testclass">
                <h4>test_minimal_requirements.TestRNF8</h4>
                <div class="testcases">
                
                    <div class="test outcome outcome-failed">
                        <a id="b04b52cc-5e5e-4735-8f1f-cadcae43d7fd"></a>
                        <table class="proplist">
                            <tr><th>Test case:</th><td><b>test_app_tiene_icono</b></td></tr>
                            <tr><th>Outcome:</th><td>Failed</td></tr>
                            <tr><th>Duration:</th><td>0.0 sec</td></tr>
                        
                            <tr><th>Failed</th><td>failed on setup with &#34;Exception: Timeout reached while waiting on service!&#34;</td></tr>
                        
                        
                        </table>

                        
                        <pre>docker_ip = &#39;127.0.0.1&#39;
docker_services = Services(_docker_compose=DockerComposeExecutor(_compose_command=&#39;docker compose&#39;, _compose_files=[&#39;/home/ubuntu/SGE-tester-B/projects/docker-compose.yml&#39;], _compose_project_name=&#39;pytest23111&#39;), _services={&#39;odoo&#39;: {8069: 8069}})

    @pytest.fixture(scope=&#34;session&#34;)
    def http_service(docker_ip, docker_services):
        &#34;&#34;&#34;Se asegura de que el servicio HTTP responde.&#34;&#34;&#34;
    
        # `port_for` takes a container port and returns the corresponding host port
        port = docker_services.port_for(&#34;odoo&#34;, 8069)
        url = f&#34;http://{docker_ip}:{port}&#34;
&gt;       docker_services.wait_until_responsive(
            timeout=60.0, pause=10, check=lambda: is_responsive(url)
        )

test_minimal_requirements.py:208: 
_ _ _ _ _ _ _ _ _ _ _ _ _ _ _ _ _ _ _ _ _ _ _ _ _ _ _ _ _ _ _ _ _ _ _ _ _ _ _ _ 

self = Services(_docker_compose=DockerComposeExecutor(_compose_command=&#39;docker compose&#39;, _compose_files=[&#39;/home/ubuntu/SGE-tester-B/projects/docker-compose.yml&#39;], _compose_project_name=&#39;pytest23111&#39;), _services={&#39;odoo&#39;: {8069: 8069}})
check = &lt;function http_service.&lt;locals&gt;.&lt;lambda&gt; at 0x7c161773de40&gt;
timeout = 60.0, pause = 10, clock = &lt;built-in function perf_counter&gt;

    def wait_until_responsive(
        self,
        check: Any,
        timeout: float,
        pause: float,
        clock: Any = timeit.default_timer,
    ) -&gt; None:
        &#34;&#34;&#34;Wait until a service is responsive.&#34;&#34;&#34;
    
        ref = clock()
        now = ref
        while (now - ref) &lt; timeout:
            if check():
                return
            time.sleep(pause)
            now = clock()
    
&gt;       raise Exception(&#34;Timeout reached while waiting on service!&#34;)
E       Exception: Timeout reached while waiting on service!

.venv/lib/python3.12/site-packages/pytest_docker/plugin.py:120: Exception</pre>
                        
                        

                        
                        
                        
                    </div>
                
                </div>
            </div>
            
            <div class="testclass">
                <h4>test_minimal_requirements.TestRNF9</h4>
                <div class="testcases">
                
                    <div class="test outcome outcome-failed">
                        <a id="2c029fd1-ac2c-4269-a320-471d3d60bd9d"></a>
                        <table class="proplist">
                            <tr><th>Test case:</th><td><b>test_modelos_tienen_datos_demo</b></td></tr>
                            <tr><th>Outcome:</th><td>Failed</td></tr>
                            <tr><th>Duration:</th><td>0.0 sec</td></tr>
                        
                            <tr><th>Failed</th><td>failed on setup with &#34;Exception: Timeout reached while waiting on service!&#34;</td></tr>
                        
                        
                        </table>

                        
                        <pre>docker_ip = &#39;127.0.0.1&#39;
docker_services = Services(_docker_compose=DockerComposeExecutor(_compose_command=&#39;docker compose&#39;, _compose_files=[&#39;/home/ubuntu/SGE-tester-B/projects/docker-compose.yml&#39;], _compose_project_name=&#39;pytest23111&#39;), _services={&#39;odoo&#39;: {8069: 8069}})

    @pytest.fixture(scope=&#34;session&#34;)
    def http_service(docker_ip, docker_services):
        &#34;&#34;&#34;Se asegura de que el servicio HTTP responde.&#34;&#34;&#34;
    
        # `port_for` takes a container port and returns the corresponding host port
        port = docker_services.port_for(&#34;odoo&#34;, 8069)
        url = f&#34;http://{docker_ip}:{port}&#34;
&gt;       docker_services.wait_until_responsive(
            timeout=60.0, pause=10, check=lambda: is_responsive(url)
        )

test_minimal_requirements.py:208: 
_ _ _ _ _ _ _ _ _ _ _ _ _ _ _ _ _ _ _ _ _ _ _ _ _ _ _ _ _ _ _ _ _ _ _ _ _ _ _ _ 

self = Services(_docker_compose=DockerComposeExecutor(_compose_command=&#39;docker compose&#39;, _compose_files=[&#39;/home/ubuntu/SGE-tester-B/projects/docker-compose.yml&#39;], _compose_project_name=&#39;pytest23111&#39;), _services={&#39;odoo&#39;: {8069: 8069}})
check = &lt;function http_service.&lt;locals&gt;.&lt;lambda&gt; at 0x7c161773de40&gt;
timeout = 60.0, pause = 10, clock = &lt;built-in function perf_counter&gt;

    def wait_until_responsive(
        self,
        check: Any,
        timeout: float,
        pause: float,
        clock: Any = timeit.default_timer,
    ) -&gt; None:
        &#34;&#34;&#34;Wait until a service is responsive.&#34;&#34;&#34;
    
        ref = clock()
        now = ref
        while (now - ref) &lt; timeout:
            if check():
                return
            time.sleep(pause)
            now = clock()
    
&gt;       raise Exception(&#34;Timeout reached while waiting on service!&#34;)
E       Exception: Timeout reached while waiting on service!

.venv/lib/python3.12/site-packages/pytest_docker/plugin.py:120: Exception</pre>
                        
                        

                        
                        
                        
                    </div>
                
                </div>
            </div>
            
            <div class="testclass">
                <h4>test_minimal_requirements.TestRNFGit</h4>
                <div class="testcases">
                
                    <div class="test outcome outcome-failed">
                        <a id="74a07fad-2f43-4e8d-9ab3-44b821d6193d"></a>
                        <table class="proplist">
                            <tr><th>Test case:</th><td><b>test_git_commit_frecuentes</b></td></tr>
                            <tr><th>Outcome:</th><td>Failed</td></tr>
                            <tr><th>Duration:</th><td>0.0 sec</td></tr>
                        
                            <tr><th>Failed</th><td>failed on setup with &#34;Exception: Timeout reached while waiting on service!&#34;</td></tr>
                        
                        
                        </table>

                        
                        <pre>docker_ip = &#39;127.0.0.1&#39;
docker_services = Services(_docker_compose=DockerComposeExecutor(_compose_command=&#39;docker compose&#39;, _compose_files=[&#39;/home/ubuntu/SGE-tester-B/projects/docker-compose.yml&#39;], _compose_project_name=&#39;pytest23111&#39;), _services={&#39;odoo&#39;: {8069: 8069}})

    @pytest.fixture(scope=&#34;session&#34;)
    def http_service(docker_ip, docker_services):
        &#34;&#34;&#34;Se asegura de que el servicio HTTP responde.&#34;&#34;&#34;
    
        # `port_for` takes a container port and returns the corresponding host port
        port = docker_services.port_for(&#34;odoo&#34;, 8069)
        url = f&#34;http://{docker_ip}:{port}&#34;
&gt;       docker_services.wait_until_responsive(
            timeout=60.0, pause=10, check=lambda: is_responsive(url)
        )

test_minimal_requirements.py:208: 
_ _ _ _ _ _ _ _ _ _ _ _ _ _ _ _ _ _ _ _ _ _ _ _ _ _ _ _ _ _ _ _ _ _ _ _ _ _ _ _ 

self = Services(_docker_compose=DockerComposeExecutor(_compose_command=&#39;docker compose&#39;, _compose_files=[&#39;/home/ubuntu/SGE-tester-B/projects/docker-compose.yml&#39;], _compose_project_name=&#39;pytest23111&#39;), _services={&#39;odoo&#39;: {8069: 8069}})
check = &lt;function http_service.&lt;locals&gt;.&lt;lambda&gt; at 0x7c161773de40&gt;
timeout = 60.0, pause = 10, clock = &lt;built-in function perf_counter&gt;

    def wait_until_responsive(
        self,
        check: Any,
        timeout: float,
        pause: float,
        clock: Any = timeit.default_timer,
    ) -&gt; None:
        &#34;&#34;&#34;Wait until a service is responsive.&#34;&#34;&#34;
    
        ref = clock()
        now = ref
        while (now - ref) &lt; timeout:
            if check():
                return
            time.sleep(pause)
            now = clock()
    
&gt;       raise Exception(&#34;Timeout reached while waiting on service!&#34;)
E       Exception: Timeout reached while waiting on service!

.venv/lib/python3.12/site-packages/pytest_docker/plugin.py:120: Exception</pre>
                        
                        

                        
                        
                        
                    </div>
                
                </div>
            </div>
            
            <div class="testclass">
                <h4>test_minimal_requirements.TestRNFCalidad</h4>
                <div class="testcases">
                
                    <div class="test outcome outcome-failed">
                        <a id="c91faae5-755b-46c6-bed2-c4fe0c5fc00c"></a>
                        <table class="proplist">
                            <tr><th>Test case:</th><td><b>test_odoo_disponible</b></td></tr>
                            <tr><th>Outcome:</th><td>Failed</td></tr>
                            <tr><th>Duration:</th><td>0.0 sec</td></tr>
                        
                            <tr><th>Failed</th><td>failed on setup with &#34;Exception: Timeout reached while waiting on service!&#34;</td></tr>
                        
                        
                        </table>

                        
                        <pre>docker_ip = &#39;127.0.0.1&#39;
docker_services = Services(_docker_compose=DockerComposeExecutor(_compose_command=&#39;docker compose&#39;, _compose_files=[&#39;/home/ubuntu/SGE-tester-B/projects/docker-compose.yml&#39;], _compose_project_name=&#39;pytest23111&#39;), _services={&#39;odoo&#39;: {8069: 8069}})

    @pytest.fixture(scope=&#34;session&#34;)
    def http_service(docker_ip, docker_services):
        &#34;&#34;&#34;Se asegura de que el servicio HTTP responde.&#34;&#34;&#34;
    
        # `port_for` takes a container port and returns the corresponding host port
        port = docker_services.port_for(&#34;odoo&#34;, 8069)
        url = f&#34;http://{docker_ip}:{port}&#34;
&gt;       docker_services.wait_until_responsive(
            timeout=60.0, pause=10, check=lambda: is_responsive(url)
        )

test_minimal_requirements.py:208: 
_ _ _ _ _ _ _ _ _ _ _ _ _ _ _ _ _ _ _ _ _ _ _ _ _ _ _ _ _ _ _ _ _ _ _ _ _ _ _ _ 

self = Services(_docker_compose=DockerComposeExecutor(_compose_command=&#39;docker compose&#39;, _compose_files=[&#39;/home/ubuntu/SGE-tester-B/projects/docker-compose.yml&#39;], _compose_project_name=&#39;pytest23111&#39;), _services={&#39;odoo&#39;: {8069: 8069}})
check = &lt;function http_service.&lt;locals&gt;.&lt;lambda&gt; at 0x7c161773de40&gt;
timeout = 60.0, pause = 10, clock = &lt;built-in function perf_counter&gt;

    def wait_until_responsive(
        self,
        check: Any,
        timeout: float,
        pause: float,
        clock: Any = timeit.default_timer,
    ) -&gt; None:
        &#34;&#34;&#34;Wait until a service is responsive.&#34;&#34;&#34;
    
        ref = clock()
        now = ref
        while (now - ref) &lt; timeout:
            if check():
                return
            time.sleep(pause)
            now = clock()
    
&gt;       raise Exception(&#34;Timeout reached while waiting on service!&#34;)
E       Exception: Timeout reached while waiting on service!

.venv/lib/python3.12/site-packages/pytest_docker/plugin.py:120: Exception</pre>
                        
                        

                        
                        
                        
                    </div>
                
                    <div class="test outcome outcome-failed">
                        <a id="18eab12c-7319-4219-afb5-3f3ee776d037"></a>
                        <table class="proplist">
                            <tr><th>Test case:</th><td><b>test_app_instalada</b></td></tr>
                            <tr><th>Outcome:</th><td>Failed</td></tr>
                            <tr><th>Duration:</th><td>0.0 sec</td></tr>
                        
                            <tr><th>Failed</th><td>failed on setup with &#34;Exception: Timeout reached while waiting on service!&#34;</td></tr>
                        
                        
                        </table>

                        
                        <pre>docker_ip = &#39;127.0.0.1&#39;
docker_services = Services(_docker_compose=DockerComposeExecutor(_compose_command=&#39;docker compose&#39;, _compose_files=[&#39;/home/ubuntu/SGE-tester-B/projects/docker-compose.yml&#39;], _compose_project_name=&#39;pytest23111&#39;), _services={&#39;odoo&#39;: {8069: 8069}})

    @pytest.fixture(scope=&#34;session&#34;)
    def http_service(docker_ip, docker_services):
        &#34;&#34;&#34;Se asegura de que el servicio HTTP responde.&#34;&#34;&#34;
    
        # `port_for` takes a container port and returns the corresponding host port
        port = docker_services.port_for(&#34;odoo&#34;, 8069)
        url = f&#34;http://{docker_ip}:{port}&#34;
&gt;       docker_services.wait_until_responsive(
            timeout=60.0, pause=10, check=lambda: is_responsive(url)
        )

test_minimal_requirements.py:208: 
_ _ _ _ _ _ _ _ _ _ _ _ _ _ _ _ _ _ _ _ _ _ _ _ _ _ _ _ _ _ _ _ _ _ _ _ _ _ _ _ 

self = Services(_docker_compose=DockerComposeExecutor(_compose_command=&#39;docker compose&#39;, _compose_files=[&#39;/home/ubuntu/SGE-tester-B/projects/docker-compose.yml&#39;], _compose_project_name=&#39;pytest23111&#39;), _services={&#39;odoo&#39;: {8069: 8069}})
check = &lt;function http_service.&lt;locals&gt;.&lt;lambda&gt; at 0x7c161773de40&gt;
timeout = 60.0, pause = 10, clock = &lt;built-in function perf_counter&gt;

    def wait_until_responsive(
        self,
        check: Any,
        timeout: float,
        pause: float,
        clock: Any = timeit.default_timer,
    ) -&gt; None:
        &#34;&#34;&#34;Wait until a service is responsive.&#34;&#34;&#34;
    
        ref = clock()
        now = ref
        while (now - ref) &lt; timeout:
            if check():
                return
            time.sleep(pause)
            now = clock()
    
&gt;       raise Exception(&#34;Timeout reached while waiting on service!&#34;)
E       Exception: Timeout reached while waiting on service!

.venv/lib/python3.12/site-packages/pytest_docker/plugin.py:120: Exception</pre>
                        
                        

                        
                        
                        
                    </div>
                
                    <div class="test outcome outcome-failed">
                        <a id="27edcd29-2ec5-41b5-b54f-f8216bebd938"></a>
                        <table class="proplist">
                            <tr><th>Test case:</th><td><b>test_otras_apps_entregadas_son_dependencias</b></td></tr>
                            <tr><th>Outcome:</th><td>Failed</td></tr>
                            <tr><th>Duration:</th><td>0.0 sec</td></tr>
                        
                            <tr><th>Failed</th><td>failed on setup with &#34;Exception: Timeout reached while waiting on service!&#34;</td></tr>
                        
                        
                        </table>

                        
                        <pre>docker_ip = &#39;127.0.0.1&#39;
docker_services = Services(_docker_compose=DockerComposeExecutor(_compose_command=&#39;docker compose&#39;, _compose_files=[&#39;/home/ubuntu/SGE-tester-B/projects/docker-compose.yml&#39;], _compose_project_name=&#39;pytest23111&#39;), _services={&#39;odoo&#39;: {8069: 8069}})

    @pytest.fixture(scope=&#34;session&#34;)
    def http_service(docker_ip, docker_services):
        &#34;&#34;&#34;Se asegura de que el servicio HTTP responde.&#34;&#34;&#34;
    
        # `port_for` takes a container port and returns the corresponding host port
        port = docker_services.port_for(&#34;odoo&#34;, 8069)
        url = f&#34;http://{docker_ip}:{port}&#34;
&gt;       docker_services.wait_until_responsive(
            timeout=60.0, pause=10, check=lambda: is_responsive(url)
        )

test_minimal_requirements.py:208: 
_ _ _ _ _ _ _ _ _ _ _ _ _ _ _ _ _ _ _ _ _ _ _ _ _ _ _ _ _ _ _ _ _ _ _ _ _ _ _ _ 

self = Services(_docker_compose=DockerComposeExecutor(_compose_command=&#39;docker compose&#39;, _compose_files=[&#39;/home/ubuntu/SGE-tester-B/projects/docker-compose.yml&#39;], _compose_project_name=&#39;pytest23111&#39;), _services={&#39;odoo&#39;: {8069: 8069}})
check = &lt;function http_service.&lt;locals&gt;.&lt;lambda&gt; at 0x7c161773de40&gt;
timeout = 60.0, pause = 10, clock = &lt;built-in function perf_counter&gt;

    def wait_until_responsive(
        self,
        check: Any,
        timeout: float,
        pause: float,
        clock: Any = timeit.default_timer,
    ) -&gt; None:
        &#34;&#34;&#34;Wait until a service is responsive.&#34;&#34;&#34;
    
        ref = clock()
        now = ref
        while (now - ref) &lt; timeout:
            if check():
                return
            time.sleep(pause)
            now = clock()
    
&gt;       raise Exception(&#34;Timeout reached while waiting on service!&#34;)
E       Exception: Timeout reached while waiting on service!

.venv/lib/python3.12/site-packages/pytest_docker/plugin.py:120: Exception</pre>
                        
                        

                        
                        
                        
                    </div>
                
                    <div class="test outcome outcome-failed">
                        <a id="e90b4ed7-515b-4163-a381-f5ef64635069"></a>
                        <table class="proplist">
                            <tr><th>Test case:</th><td><b>test_no_hay_elementos_xml_comentados</b></td></tr>
                            <tr><th>Outcome:</th><td>Failed</td></tr>
                            <tr><th>Duration:</th><td>0.0 sec</td></tr>
                        
                            <tr><th>Failed</th><td>failed on setup with &#34;Exception: Timeout reached while waiting on service!&#34;</td></tr>
                        
                        
                        </table>

                        
                        <pre>docker_ip = &#39;127.0.0.1&#39;
docker_services = Services(_docker_compose=DockerComposeExecutor(_compose_command=&#39;docker compose&#39;, _compose_files=[&#39;/home/ubuntu/SGE-tester-B/projects/docker-compose.yml&#39;], _compose_project_name=&#39;pytest23111&#39;), _services={&#39;odoo&#39;: {8069: 8069}})

    @pytest.fixture(scope=&#34;session&#34;)
    def http_service(docker_ip, docker_services):
        &#34;&#34;&#34;Se asegura de que el servicio HTTP responde.&#34;&#34;&#34;
    
        # `port_for` takes a container port and returns the corresponding host port
        port = docker_services.port_for(&#34;odoo&#34;, 8069)
        url = f&#34;http://{docker_ip}:{port}&#34;
&gt;       docker_services.wait_until_responsive(
            timeout=60.0, pause=10, check=lambda: is_responsive(url)
        )

test_minimal_requirements.py:208: 
_ _ _ _ _ _ _ _ _ _ _ _ _ _ _ _ _ _ _ _ _ _ _ _ _ _ _ _ _ _ _ _ _ _ _ _ _ _ _ _ 

self = Services(_docker_compose=DockerComposeExecutor(_compose_command=&#39;docker compose&#39;, _compose_files=[&#39;/home/ubuntu/SGE-tester-B/projects/docker-compose.yml&#39;], _compose_project_name=&#39;pytest23111&#39;), _services={&#39;odoo&#39;: {8069: 8069}})
check = &lt;function http_service.&lt;locals&gt;.&lt;lambda&gt; at 0x7c161773de40&gt;
timeout = 60.0, pause = 10, clock = &lt;built-in function perf_counter&gt;

    def wait_until_responsive(
        self,
        check: Any,
        timeout: float,
        pause: float,
        clock: Any = timeit.default_timer,
    ) -&gt; None:
        &#34;&#34;&#34;Wait until a service is responsive.&#34;&#34;&#34;
    
        ref = clock()
        now = ref
        while (now - ref) &lt; timeout:
            if check():
                return
            time.sleep(pause)
            now = clock()
    
&gt;       raise Exception(&#34;Timeout reached while waiting on service!&#34;)
E       Exception: Timeout reached while waiting on service!

.venv/lib/python3.12/site-packages/pytest_docker/plugin.py:120: Exception</pre>
                        
                        

                        
                        
                        
                    </div>
                
                    <div class="test outcome outcome-failed">
                        <a id="ff3a21ef-e2f9-4cda-b89b-04bd05b0c052"></a>
                        <table class="proplist">
                            <tr><th>Test case:</th><td><b>test_no_hay_codigo_python_comentado</b></td></tr>
                            <tr><th>Outcome:</th><td>Failed</td></tr>
                            <tr><th>Duration:</th><td>0.0 sec</td></tr>
                        
                            <tr><th>Failed</th><td>failed on setup with &#34;Exception: Timeout reached while waiting on service!&#34;</td></tr>
                        
                        
                        </table>

                        
                        <pre>docker_ip = &#39;127.0.0.1&#39;
docker_services = Services(_docker_compose=DockerComposeExecutor(_compose_command=&#39;docker compose&#39;, _compose_files=[&#39;/home/ubuntu/SGE-tester-B/projects/docker-compose.yml&#39;], _compose_project_name=&#39;pytest23111&#39;), _services={&#39;odoo&#39;: {8069: 8069}})

    @pytest.fixture(scope=&#34;session&#34;)
    def http_service(docker_ip, docker_services):
        &#34;&#34;&#34;Se asegura de que el servicio HTTP responde.&#34;&#34;&#34;
    
        # `port_for` takes a container port and returns the corresponding host port
        port = docker_services.port_for(&#34;odoo&#34;, 8069)
        url = f&#34;http://{docker_ip}:{port}&#34;
&gt;       docker_services.wait_until_responsive(
            timeout=60.0, pause=10, check=lambda: is_responsive(url)
        )

test_minimal_requirements.py:208: 
_ _ _ _ _ _ _ _ _ _ _ _ _ _ _ _ _ _ _ _ _ _ _ _ _ _ _ _ _ _ _ _ _ _ _ _ _ _ _ _ 

self = Services(_docker_compose=DockerComposeExecutor(_compose_command=&#39;docker compose&#39;, _compose_files=[&#39;/home/ubuntu/SGE-tester-B/projects/docker-compose.yml&#39;], _compose_project_name=&#39;pytest23111&#39;), _services={&#39;odoo&#39;: {8069: 8069}})
check = &lt;function http_service.&lt;locals&gt;.&lt;lambda&gt; at 0x7c161773de40&gt;
timeout = 60.0, pause = 10, clock = &lt;built-in function perf_counter&gt;

    def wait_until_responsive(
        self,
        check: Any,
        timeout: float,
        pause: float,
        clock: Any = timeit.default_timer,
    ) -&gt; None:
        &#34;&#34;&#34;Wait until a service is responsive.&#34;&#34;&#34;
    
        ref = clock()
        now = ref
        while (now - ref) &lt; timeout:
            if check():
                return
            time.sleep(pause)
            now = clock()
    
&gt;       raise Exception(&#34;Timeout reached while waiting on service!&#34;)
E       Exception: Timeout reached while waiting on service!

.venv/lib/python3.12/site-packages/pytest_docker/plugin.py:120: Exception</pre>
                        
                        

                        
                        
                        
                    </div>
                
                    <div class="test outcome outcome-failed">
                        <a id="69aadde2-6deb-4c62-a701-05e387c301aa"></a>
                        <table class="proplist">
                            <tr><th>Test case:</th><td><b>test_log_servidor_sin_errores</b></td></tr>
                            <tr><th>Outcome:</th><td>Failed</td></tr>
                            <tr><th>Duration:</th><td>0.0 sec</td></tr>
                        
                            <tr><th>Failed</th><td>failed on setup with &#34;Exception: Timeout reached while waiting on service!&#34;</td></tr>
                        
                        
                        </table>

                        
                        <pre>docker_ip = &#39;127.0.0.1&#39;
docker_services = Services(_docker_compose=DockerComposeExecutor(_compose_command=&#39;docker compose&#39;, _compose_files=[&#39;/home/ubuntu/SGE-tester-B/projects/docker-compose.yml&#39;], _compose_project_name=&#39;pytest23111&#39;), _services={&#39;odoo&#39;: {8069: 8069}})

    @pytest.fixture(scope=&#34;session&#34;)
    def http_service(docker_ip, docker_services):
        &#34;&#34;&#34;Se asegura de que el servicio HTTP responde.&#34;&#34;&#34;
    
        # `port_for` takes a container port and returns the corresponding host port
        port = docker_services.port_for(&#34;odoo&#34;, 8069)
        url = f&#34;http://{docker_ip}:{port}&#34;
&gt;       docker_services.wait_until_responsive(
            timeout=60.0, pause=10, check=lambda: is_responsive(url)
        )

test_minimal_requirements.py:208: 
_ _ _ _ _ _ _ _ _ _ _ _ _ _ _ _ _ _ _ _ _ _ _ _ _ _ _ _ _ _ _ _ _ _ _ _ _ _ _ _ 

self = Services(_docker_compose=DockerComposeExecutor(_compose_command=&#39;docker compose&#39;, _compose_files=[&#39;/home/ubuntu/SGE-tester-B/projects/docker-compose.yml&#39;], _compose_project_name=&#39;pytest23111&#39;), _services={&#39;odoo&#39;: {8069: 8069}})
check = &lt;function http_service.&lt;locals&gt;.&lt;lambda&gt; at 0x7c161773de40&gt;
timeout = 60.0, pause = 10, clock = &lt;built-in function perf_counter&gt;

    def wait_until_responsive(
        self,
        check: Any,
        timeout: float,
        pause: float,
        clock: Any = timeit.default_timer,
    ) -&gt; None:
        &#34;&#34;&#34;Wait until a service is responsive.&#34;&#34;&#34;
    
        ref = clock()
        now = ref
        while (now - ref) &lt; timeout:
            if check():
                return
            time.sleep(pause)
            now = clock()
    
&gt;       raise Exception(&#34;Timeout reached while waiting on service!&#34;)
E       Exception: Timeout reached while waiting on service!

.venv/lib/python3.12/site-packages/pytest_docker/plugin.py:120: Exception</pre>
                        
                        

                        
                        
                        
                    </div>
                
                </div>
            </div>
            
            <div class="testclass">
                <h4>test_minimal_requirements.TestOtros</h4>
                <div class="testcases">
                
                    <div class="test outcome outcome-skipped">
                        <a id="b781b31f-bc4a-4a71-83e5-c73959325a22"></a>
                        <table class="proplist">
                            <tr><th>Test case:</th><td><b>test_log_sin_warnings</b></td></tr>
                            <tr><th>Outcome:</th><td>Skipped</td></tr>
                            <tr><th>Duration:</th><td>0.0 sec</td></tr>
                        
                        
                            <tr><th>Skipped</th><td></td></tr>
                        
                        </table>

                        
                        
                        <pre>skipped</pre>
                        

                        
                        
                        
                    </div>
                
                </div>
            </div>
            
            <div class="testclass">
                <h4>test_minimal_requirements.TestRNFAdicionalesKanban</h4>
                <div class="testcases">
                
                    <div class="test outcome outcome-skipped">
                        <a id="40e18b44-b167-4fa2-983e-b3e7f0491b94"></a>
                        <table class="proplist">
                            <tr><th>Test case:</th><td><b>test_vista_kanban[/kanban]</b></td></tr>
                            <tr><th>Outcome:</th><td>Skipped</td></tr>
                            <tr><th>Duration:</th><td>0.0 sec</td></tr>
                        
                        
                            <tr><th>Skipped</th><td></td></tr>
                        
                        </table>

                        
                        
                        <pre>skipped</pre>
                        

                        
                        
                        
                    </div>
                
                    <div class="test outcome outcome-skipped">
                        <a id="9bdf2328-4ffc-49c9-96d9-21f71e1362b0"></a>
                        <table class="proplist">
                            <tr><th>Test case:</th><td><b>test_vista_kanban[/kanban[@default_group_by]]</b></td></tr>
                            <tr><th>Outcome:</th><td>Skipped</td></tr>
                            <tr><th>Duration:</th><td>0.0 sec</td></tr>
                        
                        
                            <tr><th>Skipped</th><td></td></tr>
                        
                        </table>

                        
                        
                        <pre>skipped</pre>
                        

                        
                        
                        
                    </div>
                
                    <div class="test outcome outcome-skipped">
                        <a id="a7d8d08a-5dba-4c06-8c42-95771c05b175"></a>
                        <table class="proplist">
                            <tr><th>Test case:</th><td><b>test_vista_kanban_imagen[/img]</b></td></tr>
                            <tr><th>Outcome:</th><td>Skipped</td></tr>
                            <tr><th>Duration:</th><td>0.0 sec</td></tr>
                        
                        
                            <tr><th>Skipped</th><td></td></tr>
                        
                        </table>

                        
                        
                        <pre>skipped</pre>
                        

                        
                        
                        
                    </div>
                
                    <div class="test outcome outcome-skipped">
                        <a id="48edb509-b8e5-4dea-ad4b-e061f1779c9d"></a>
                        <table class="proplist">
                            <tr><th>Test case:</th><td><b>test_vista_kanban_imagen[/field[@preview_image]]</b></td></tr>
                            <tr><th>Outcome:</th><td>Skipped</td></tr>
                            <tr><th>Duration:</th><td>0.0 sec</td></tr>
                        
                        
                            <tr><th>Skipped</th><td></td></tr>
                        
                        </table>

                        
                        
                        <pre>skipped</pre>
                        

                        
                        
                        
                    </div>
                
                    <div class="test outcome outcome-skipped">
                        <a id="f4264d9a-5383-4bb3-89bf-efde8d456d1b"></a>
                        <table class="proplist">
                            <tr><th>Test case:</th><td><b>test_vista_kanban_imagen[/field[@widget=&#34;image&#34;]]</b></td></tr>
                            <tr><th>Outcome:</th><td>Skipped</td></tr>
                            <tr><th>Duration:</th><td>0.0 sec</td></tr>
                        
                        
                            <tr><th>Skipped</th><td></td></tr>
                        
                        </table>

                        
                        
                        <pre>skipped</pre>
                        

                        
                        
                        
                    </div>
                
                </div>
            </div>
            
            <div class="testclass">
                <h4>test_minimal_requirements.TestRNFAdicionalesBusqueda</h4>
                <div class="testcases">
                
                    <div class="test outcome outcome-skipped">
                        <a id="fecdbde6-9a88-479b-8b47-bffc0129c49e"></a>
                        <table class="proplist">
                            <tr><th>Test case:</th><td><b>test_vista_search[/search]</b></td></tr>
                            <tr><th>Outcome:</th><td>Skipped</td></tr>
                            <tr><th>Duration:</th><td>0.0 sec</td></tr>
                        
                        
                            <tr><th>Skipped</th><td></td></tr>
                        
                        </table>

                        
                        
                        <pre>skipped</pre>
                        

                        
                        
                        
                    </div>
                
                    <div class="test outcome outcome-skipped">
                        <a id="2cf8af23-201e-4408-8247-ed282c771e66"></a>
                        <table class="proplist">
                            <tr><th>Test case:</th><td><b>test_vista_search_compleja[/filter[@domain]]</b></td></tr>
                            <tr><th>Outcome:</th><td>Skipped</td></tr>
                            <tr><th>Duration:</th><td>0.0 sec</td></tr>
                        
                        
                            <tr><th>Skipped</th><td></td></tr>
                        
                        </table>

                        
                        
                        <pre>skipped</pre>
                        

                        
                        
                        
                    </div>
                
                    <div class="test outcome outcome-skipped">
                        <a id="f5a8293e-5162-4125-9768-de19c5638174"></a>
                        <table class="proplist">
                            <tr><th>Test case:</th><td><b>test_vista_search_compleja[/group//filter[@context]]</b></td></tr>
                            <tr><th>Outcome:</th><td>Skipped</td></tr>
                            <tr><th>Duration:</th><td>0.0 sec</td></tr>
                        
                        
                            <tr><th>Skipped</th><td></td></tr>
                        
                        </table>

                        
                        
                        <pre>skipped</pre>
                        

                        
                        
                        
                    </div>
                
                </div>
            </div>
            
            <div class="testclass">
                <h4>test_minimal_requirements.TestRNFAdicionalesOtrasVistas</h4>
                <div class="testcases">
                
                    <div class="test outcome outcome-skipped">
                        <a id="a773eb1d-a86f-4435-a4ed-d1c7f64161da"></a>
                        <table class="proplist">
                            <tr><th>Test case:</th><td><b>test_otras_vistas_adicionales[activity]</b></td></tr>
                            <tr><th>Outcome:</th><td>Skipped</td></tr>
                            <tr><th>Duration:</th><td>0.0 sec</td></tr>
                        
                        
                            <tr><th>Skipped</th><td></td></tr>
                        
                        </table>

                        
                        
                        <pre>skipped</pre>
                        

                        
                        
                        
                    </div>
                
                    <div class="test outcome outcome-skipped">
                        <a id="7b0245b6-a8ca-48e5-9fac-945eac8954c2"></a>
                        <table class="proplist">
                            <tr><th>Test case:</th><td><b>test_otras_vistas_adicionales[calendar]</b></td></tr>
                            <tr><th>Outcome:</th><td>Skipped</td></tr>
                            <tr><th>Duration:</th><td>0.0 sec</td></tr>
                        
                        
                            <tr><th>Skipped</th><td></td></tr>
                        
                        </table>

                        
                        
                        <pre>skipped</pre>
                        

                        
                        
                        
                    </div>
                
                    <div class="test outcome outcome-skipped">
                        <a id="e829588d-30fa-45fa-95c9-e3c58179c680"></a>
                        <table class="proplist">
                            <tr><th>Test case:</th><td><b>test_otras_vistas_adicionales[graph]</b></td></tr>
                            <tr><th>Outcome:</th><td>Skipped</td></tr>
                            <tr><th>Duration:</th><td>0.0 sec</td></tr>
                        
                        
                            <tr><th>Skipped</th><td></td></tr>
                        
                        </table>

                        
                        
                        <pre>skipped</pre>
                        

                        
                        
                        
                    </div>
                
                    <div class="test outcome outcome-skipped">
                        <a id="94f16a79-a0c7-4fcc-b3d3-f5123d96b83b"></a>
                        <table class="proplist">
                            <tr><th>Test case:</th><td><b>test_otras_vistas_adicionales[pivot]</b></td></tr>
                            <tr><th>Outcome:</th><td>Skipped</td></tr>
                            <tr><th>Duration:</th><td>0.0 sec</td></tr>
                        
                        
                            <tr><th>Skipped</th><td></td></tr>
                        
                        </table>

                        
                        
                        <pre>skipped</pre>
                        

                        
                        
                        
                    </div>
                
                </div>
            </div>
            
            <div class="testclass">
                <h4>test_minimal_requirements.TestRNFAdicionalesConstraints</h4>
                <div class="testcases">
                
                    <div class="test outcome outcome-skipped">
                        <a id="b89927f7-8345-4b81-886d-e5f8ea3586de"></a>
                        <table class="proplist">
                            <tr><th>Test case:</th><td><b>test_constraints_sql</b></td></tr>
                            <tr><th>Outcome:</th><td>Skipped</td></tr>
                            <tr><th>Duration:</th><td>0.0 sec</td></tr>
                        
                        
                            <tr><th>Skipped</th><td></td></tr>
                        
                        </table>

                        
                        
                        <pre>skipped</pre>
                        

                        
                        
                        
                    </div>
                
                </div>
            </div>
            
            <div class="testclass">
                <h4>test_minimal_requirements.TestRNFAdicionalesSeguridadAvanzada</h4>
                <div class="testcases">
                
                    <div class="test outcome outcome-skipped">
                        <a id="04a71396-f3a7-409d-8e84-afc8e3c53476"></a>
                        <table class="proplist">
                            <tr><th>Test case:</th><td><b>test_seguridad_con_grupos_propios</b></td></tr>
                            <tr><th>Outcome:</th><td>Skipped</td></tr>
                            <tr><th>Duration:</th><td>0.0 sec</td></tr>
                        
                        
                            <tr><th>Skipped</th><td></td></tr>
                        
                        </table>

                        
                        
                        <pre>skipped</pre>
                        

                        
                        
                        
                    </div>
                
                </div>
            </div>
            
            <div class="testclass">
                <h4>test_minimal_requirements.TestRNFAdicionalesDatosAvanzados</h4>
                <div class="testcases">
                
                    <div class="test outcome outcome-skipped">
                        <a id="aaa447fe-7545-4694-a0a9-2101ae08f442"></a>
                        <table class="proplist">
                            <tr><th>Test case:</th><td><b>test_datos_maestros_o_demo_avanzados[binary]</b></td></tr>
                            <tr><th>Outcome:</th><td>Skipped</td></tr>
                            <tr><th>Duration:</th><td>0.0 sec</td></tr>
                        
                        
                            <tr><th>Skipped</th><td></td></tr>
                        
                        </table>

                        
                        
                        <pre>skipped</pre>
                        

                        
                        
                        
                    </div>
                
                    <div class="test outcome outcome-skipped">
                        <a id="ae17b402-2100-45fd-b1e3-1114b83de825"></a>
                        <table class="proplist">
                            <tr><th>Test case:</th><td><b>test_datos_maestros_o_demo_avanzados[many2many]</b></td></tr>
                            <tr><th>Outcome:</th><td>Skipped</td></tr>
                            <tr><th>Duration:</th><td>0.0 sec</td></tr>
                        
                        
                            <tr><th>Skipped</th><td></td></tr>
                        
                        </table>

                        
                        
                        <pre>skipped</pre>
                        

                        
                        
                        
                    </div>
                
                    <div class="test outcome outcome-skipped">
                        <a id="d3a4a909-8ceb-4443-b011-84d29b794478"></a>
                        <table class="proplist">
                            <tr><th>Test case:</th><td><b>test_datos_maestros_o_demo_avanzados[many2one]</b></td></tr>
                            <tr><th>Outcome:</th><td>Skipped</td></tr>
                            <tr><th>Duration:</th><td>0.0 sec</td></tr>
                        
                        
                            <tr><th>Skipped</th><td></td></tr>
                        
                        </table>

                        
                        
                        <pre>skipped</pre>
                        

                        
                        
                        
                    </div>
                
                </div>
            </div>
            
            <div class="testclass">
                <h4>test_minimal_requirements.TestRNFAdicionalesHerenciaVistas</h4>
                <div class="testcases">
                
                    <div class="test outcome outcome-skipped">
                        <a id="ae58f834-7781-471f-9750-cb3c6870c5d3"></a>
                        <table class="proplist">
                            <tr><th>Test case:</th><td><b>test_herencia_en_vistas_con_position</b></td></tr>
                            <tr><th>Outcome:</th><td>Skipped</td></tr>
                            <tr><th>Duration:</th><td>0.0 sec</td></tr>
                        
                        
                            <tr><th>Skipped</th><td></td></tr>
                        
                        </table>

                        
                        
                        <pre>skipped</pre>
                        

                        
                        
                        
                    </div>
                
                    <div class="test outcome outcome-skipped">
                        <a id="b889f86a-8f2d-45d5-bdd6-9e6e886d74b5"></a>
                        <table class="proplist">
                            <tr><th>Test case:</th><td><b>test_herencia_en_vistas_con_inherit_id</b></td></tr>
                            <tr><th>Outcome:</th><td>Skipped</td></tr>
                            <tr><th>Duration:</th><td>0.0 sec</td></tr>
                        
                        
                            <tr><th>Skipped</th><td></td></tr>
                        
                        </table>

                        
                        
                        <pre>skipped</pre>
                        

                        
                        
                        
                    </div>
                
                </div>
            </div>
            
            <div class="testclass">
                <h4>test_minimal_requirements.TestRNFAdicionalesHerenciaModelos</h4>
                <div class="testcases">
                
                    <div class="test outcome outcome-skipped">
                        <a id="22866b6d-8f20-4b64-954a-4ad49fe15b1b"></a>
                        <table class="proplist">
                            <tr><th>Test case:</th><td><b>test_modelos_existentes_modificados_por_herencia</b></td></tr>
                            <tr><th>Outcome:</th><td>Skipped</td></tr>
                            <tr><th>Duration:</th><td>0.001 sec</td></tr>
                        
                        
                            <tr><th>Skipped</th><td></td></tr>
                        
                        </table>

                        
                        
                        <pre>skipped</pre>
                        

                        
                        
                        
                    </div>
                
                    <div class="test outcome outcome-skipped">
                        <a id="7ba26f73-6c50-4e9a-af56-2f530f4e5f92"></a>
                        <table class="proplist">
                            <tr><th>Test case:</th><td><b>test_nuevos_modelos_con_herencia</b></td></tr>
                            <tr><th>Outcome:</th><td>Skipped</td></tr>
                            <tr><th>Duration:</th><td>0.0 sec</td></tr>
                        
                        
                            <tr><th>Skipped</th><td></td></tr>
                        
                        </table>

                        
                        
                        <pre>skipped</pre>
                        

                        
                        
                        
                    </div>
                
                </div>
            </div>
            
            <div class="testclass">
                <h4>test_minimal_requirements.TestRNFAdicionalesTraducciones</h4>
                <div class="testcases">
                
                    <div class="test outcome outcome-skipped">
                        <a id="f3d0f0c7-1a5c-46aa-bbe9-d518b531523e"></a>
                        <table class="proplist">
                            <tr><th>Test case:</th><td><b>test_i18n</b></td></tr>
                            <tr><th>Outcome:</th><td>Skipped</td></tr>
                            <tr><th>Duration:</th><td>0.0 sec</td></tr>
                        
                        
                            <tr><th>Skipped</th><td></td></tr>
                        
                        </table>

                        
                        
                        <pre>skipped</pre>
                        

                        
                        
                        
                    </div>
                
                </div>
            </div>
            
            <div class="testclass">
                <h4>test_minimal_requirements.TestRNFAdicionalesInformes</h4>
                <div class="testcases">
                
                    <div class="test outcome outcome-skipped">
                        <a id="fd6a09ca-502a-4843-96eb-4025dea330c4"></a>
                        <table class="proplist">
                            <tr><th>Test case:</th><td><b>test_informes[report]</b></td></tr>
                            <tr><th>Outcome:</th><td>Skipped</td></tr>
                            <tr><th>Duration:</th><td>0.0 sec</td></tr>
                        
                        
                            <tr><th>Skipped</th><td></td></tr>
                        
                        </table>

                        
                        
                        <pre>skipped</pre>
                        

                        
                        
                        
                    </div>
                
                    <div class="test outcome outcome-skipped">
                        <a id="88f4be11-3e6b-4d65-803f-1342d708d7a3"></a>
                        <table class="proplist">
                            <tr><th>Test case:</th><td><b>test_informes[template]</b></td></tr>
                            <tr><th>Outcome:</th><td>Skipped</td></tr>
                            <tr><th>Duration:</th><td>0.0 sec</td></tr>
                        
                        
                            <tr><th>Skipped</th><td></td></tr>
                        
                        </table>

                        
                        
                        <pre>skipped</pre>
                        

                        
                        
                        
                    </div>
                
                    <div class="test outcome outcome-skipped">
                        <a id="4b9a1f16-cbe8-485d-a1f1-63e03206438d"></a>
                        <table class="proplist">
                            <tr><th>Test case:</th><td><b>test_informes_complejos[/t[@t-foreach]]</b></td></tr>
                            <tr><th>Outcome:</th><td>Skipped</td></tr>
                            <tr><th>Duration:</th><td>0.0 sec</td></tr>
                        
                        
                            <tr><th>Skipped</th><td></td></tr>
                        
                        </table>

                        
                        
                        <pre>skipped</pre>
                        

                        
                        
                        
                    </div>
                
                    <div class="test outcome outcome-skipped">
                        <a id="66292215-6627-4a4f-8105-29901df4993b"></a>
                        <table class="proplist">
                            <tr><th>Test case:</th><td><b>test_informes_complejos[/img[@t-att-src]]</b></td></tr>
                            <tr><th>Outcome:</th><td>Skipped</td></tr>
                            <tr><th>Duration:</th><td>0.0 sec</td></tr>
                        
                        
                            <tr><th>Skipped</th><td></td></tr>
                        
                        </table>

                        
                        
                        <pre>skipped</pre>
                        

                        
                        
                        
                    </div>
                
                    <div class="test outcome outcome-skipped">
                        <a id="889ed3ef-967e-4efa-ada0-21e8c63ab416"></a>
                        <table class="proplist">
                            <tr><th>Test case:</th><td><b>test_informes_complejos[/t[@t-call and not(@t-call=&#34;web.external_layout&#34; or @t-call=&#34;web.html_container&#34;)]]</b></td></tr>
                            <tr><th>Outcome:</th><td>Skipped</td></tr>
                            <tr><th>Duration:</th><td>0.001 sec</td></tr>
                        
                        
                            <tr><th>Skipped</th><td></td></tr>
                        
                        </table>

                        
                        
                        <pre>skipped</pre>
                        

                        
                        
                        
                    </div>
                
                </div>
            </div>
            
            <div class="testclass">
                <h4>test_minimal_requirements.TestRNFAdicionalesChatter</h4>
                <div class="testcases">
                
                    <div class="test outcome outcome-skipped">
                        <a id="1cc75319-36c1-404c-99a3-724004b0f6a9"></a>
                        <table class="proplist">
                            <tr><th>Test case:</th><td><b>test_chatter[mail_thread]</b></td></tr>
                            <tr><th>Outcome:</th><td>Skipped</td></tr>
                            <tr><th>Duration:</th><td>0.0 sec</td></tr>
                        
                        
                            <tr><th>Skipped</th><td></td></tr>
                        
                        </table>

                        
                        
                        <pre>skipped</pre>
                        

                        
                        
                        
                    </div>
                
                    <div class="test outcome outcome-skipped">
                        <a id="66a76998-9738-4ecf-be75-5aed30d21938"></a>
                        <table class="proplist">
                            <tr><th>Test case:</th><td><b>test_chatter[mail_activity_mixin]</b></td></tr>
                            <tr><th>Outcome:</th><td>Skipped</td></tr>
                            <tr><th>Duration:</th><td>0.001 sec</td></tr>
                        
                        
                            <tr><th>Skipped</th><td></td></tr>
                        
                        </table>

                        
                        
                        <pre>skipped</pre>
                        

                        
                        
                        
                    </div>
                
                    <div class="test outcome outcome-skipped">
                        <a id="f5d3e758-6b6b-4d88-ab83-a24fc91f8b5b"></a>
                        <table class="proplist">
                            <tr><th>Test case:</th><td><b>test_chatter_tracking</b></td></tr>
                            <tr><th>Outcome:</th><td>Skipped</td></tr>
                            <tr><th>Duration:</th><td>0.0 sec</td></tr>
                        
                        
                            <tr><th>Skipped</th><td></td></tr>
                        
                        </table>

                        
                        
                        <pre>skipped</pre>
                        

                        
                        
                        
                    </div>
                
                    <div class="test outcome outcome-skipped">
                        <a id="60c79066-9eda-4a1f-869f-b9daf85ac83d"></a>
                        <table class="proplist">
                            <tr><th>Test case:</th><td><b>test_vista_chatter_div</b></td></tr>
                            <tr><th>Outcome:</th><td>Skipped</td></tr>
                            <tr><th>Duration:</th><td>0.0 sec</td></tr>
                        
                        
                            <tr><th>Skipped</th><td></td></tr>
                        
                        </table>

                        
                        
                        <pre>skipped</pre>
                        

                        
                        
                        
                    </div>
                
                    <div class="test outcome outcome-skipped">
                        <a id="037e0006-9854-453d-998a-605d0a3c2ced"></a>
                        <table class="proplist">
                            <tr><th>Test case:</th><td><b>test_vista_chatter_fields[.//field[@name=&#34;message_follower_ids&#34;]]</b></td></tr>
                            <tr><th>Outcome:</th><td>Skipped</td></tr>
                            <tr><th>Duration:</th><td>0.0 sec</td></tr>
                        
                        
                            <tr><th>Skipped</th><td></td></tr>
                        
                        </table>

                        
                        
                        <pre>skipped</pre>
                        

                        
                        
                        
                    </div>
                
                    <div class="test outcome outcome-skipped">
                        <a id="0c64f7e2-56e3-495a-97e8-0bb38a73f1a3"></a>
                        <table class="proplist">
                            <tr><th>Test case:</th><td><b>test_vista_chatter_fields[.//field[@name=&#34;activity_ids&#34;]]</b></td></tr>
                            <tr><th>Outcome:</th><td>Skipped</td></tr>
                            <tr><th>Duration:</th><td>0.0 sec</td></tr>
                        
                        
                            <tr><th>Skipped</th><td></td></tr>
                        
                        </table>

                        
                        
                        <pre>skipped</pre>
                        

                        
                        
                        
                    </div>
                
                    <div class="test outcome outcome-skipped">
                        <a id="56fd1178-3c96-4e58-b97c-ea6e0cafcd05"></a>
                        <table class="proplist">
                            <tr><th>Test case:</th><td><b>test_vista_chatter_fields[.//field[@name=&#34;message_ids&#34;]]</b></td></tr>
                            <tr><th>Outcome:</th><td>Skipped</td></tr>
                            <tr><th>Duration:</th><td>0.0 sec</td></tr>
                        
                        
                            <tr><th>Skipped</th><td></td></tr>
                        
                        </table>

                        
                        
                        <pre>skipped</pre>
                        

                        
                        
                        
                    </div>
                
                    <div class="test outcome outcome-skipped">
                        <a id="0f112076-762f-40f2-94c9-e85057bd0c66"></a>
                        <table class="proplist">
                            <tr><th>Test case:</th><td><b>test_vista_chatter_fields[.//field[@widget=&#34;mail_followers&#34;]]</b></td></tr>
                            <tr><th>Outcome:</th><td>Skipped</td></tr>
                            <tr><th>Duration:</th><td>0.0 sec</td></tr>
                        
                        
                            <tr><th>Skipped</th><td></td></tr>
                        
                        </table>

                        
                        
                        <pre>skipped</pre>
                        

                        
                        
                        
                    </div>
                
                    <div class="test outcome outcome-skipped">
                        <a id="66418f58-0d7f-4629-8712-c56a74b4c78b"></a>
                        <table class="proplist">
                            <tr><th>Test case:</th><td><b>test_vista_chatter_fields[.//field[@widget=&#34;mail_thread&#34;]]</b></td></tr>
                            <tr><th>Outcome:</th><td>Skipped</td></tr>
                            <tr><th>Duration:</th><td>0.0 sec</td></tr>
                        
                        
                            <tr><th>Skipped</th><td></td></tr>
                        
                        </table>

                        
                        
                        <pre>skipped</pre>
                        

                        
                        
                        
                    </div>
                
                    <div class="test outcome outcome-skipped">
                        <a id="07388927-7ecf-440c-b268-0e0edd695476"></a>
                        <table class="proplist">
                            <tr><th>Test case:</th><td><b>test_vista_chatter_fields[.//field[@widget=&#34;mail_activity&#34;]]</b></td></tr>
                            <tr><th>Outcome:</th><td>Skipped</td></tr>
                            <tr><th>Duration:</th><td>1.218 sec</td></tr>
                        
                        
                            <tr><th>Skipped</th><td></td></tr>
                        
                        </table>

                        
                        
                        <pre>skipped</pre>
                        

                        
                        
                        
                    </div>
                
                </div>
            </div>
            
        </div>
    </div>
    



<p class="footer">
    Generated by junit2html
</p>
</body>
</html>