<!DOCTYPE html>
<html lang="en">
<head>
    <meta charset="UTF-8">
    <title>png_biblioteca-pytest.xml</title>
    <style type="text/css">
        body {
    background-color: white;
    padding-bottom: 20em;
    margin: 0;
    min-height: 15cm;
}

h1, h2, h3, h4, h5, h6, h7 {
    font-family: sans-serif;
}

h1 {
    background-color: #007acc;
    color: white;
    padding: 3mm;
    margin-top: 0;
    margin-bottom: 1mm;
}

.footer {
    font-style: italic;
    font-size: small;
    text-align: right;
    padding: 1em;
}

.testsuite {
    padding-bottom: 2em;
    margin-left: 1em;
}

.proplist {
    width: 100%;
    margin-bottom: 2em;
    border-collapse: collapse;
    border: 1px solid grey;
}

.proplist th {
    background-color: silver;
    width: 5em;
    padding: 2px;
    padding-right: 1em;
    text-align: left;
}

.proplist td {
    padding: 2px;
}

.index-table {
    width: 90%;
    margin-left: 1em;
}

.index-table td {
    vertical-align: top;
    max-width: 200px;
    word-wrap: break-word;
}

.failure-index {

}

.toc {
    margin-bottom: 2em;
    font-family: monospace;
}

.stdio, pre {
    min-height: 1em;
    background-color: #1e1e1e;
    color: silver;
    padding: 0.5em;
}
.tdpre {
    background-color: #1e1e1e;
}

.test {
    margin-left: 0.5cm;
}

.outcome {
    border-left: 1em;
    padding: 2px;
}

.outcome-failed {
    border-left: 1em solid lightcoral;
}

.outcome-passed {
    border-left: 1em solid lightgreen;
}

.outcome-skipped {
    border-left: 1em dotted silver;
}

.stats-table {
}

.stats-table td {
    min-width: 4em;
    text-align: right;
}

.stats-table .failed {
    background-color: lightcoral;
}

.stats-table .passed {
    background-color: lightgreen;
}

.matrix-table {
    table-layout: fixed;
    border-spacing: 0;
    width: available;
    margin-left: 1em;
}

.matrix-table td {
    vertical-align: center;
}

.matrix-table td:last-child {
    width: 0;
}

.matrix-table tr:hover {
    background-color: yellow;
}

.matrix-axis-name {
    white-space: nowrap;
    padding-right: 0.5em;
    border-left: 1px solid black;
    border-top: 1px solid black;
    text-align: right;
}

.matrix-axis-line {
    border-left: 1px solid black;
    width: 0.5em;
}

.matrix-classname {
    text-align: left;
    width: 100%;
    border-top: 2px solid grey;
    border-bottom: 1px solid silver;
}

.matrix-casename {
    text-align: left;
    font-weight: normal;
    font-style: italic;
    padding-left: 1em;
    border-bottom: 1px solid silver;
}

.matrix-result {
    display: block;
    width: 1em;
    text-align: center;
    padding: 1mm;
    margin: 0;
}

.matrix-result-combined {
    white-space: nowrap;
    padding-right: 0.2em;
    text-align: right;
}

.matrix-result-failed {
    background-color: lightcoral;
}

.matrix-result-passed {
    background-color: lightgreen;
}

.matrix-result-skipped {
    background-color: lightyellow;
}

.matrix-even {
    background-color: lightgray;
}
    </style>
</head>
<body>
    
<h1>
    Test Report : png_biblioteca-pytest.xml
</h1>
<a id="toc"></a>
<table class="index-table">
    <tr>
        <td>
            <ul class="toc">
            
                
                <li>test_minimal_requirements.TestRNF1
                <ul>
                    
                    <li><a href="#5cb5b388-d965-4882-8cba-aca0185d5fbe">test_app_tiene_al_menos_4_modelos</a></li>
                    
                    <li><a href="#ace57046-20ab-4876-a181-4d943e387fa8">test_modelos_en_ficheros_individuales</a></li>
                    
                </ul>
                </li>
                
                <li>test_minimal_requirements.TestRNF2
                <ul>
                    
                    <li><a href="#79cef298-264d-45a2-bf91-40fe271a0b37">test_relacion_many2many</a></li>
                    
                    <li><a href="#064c7e7e-f53e-4b25-a814-665d0400859b">test_modelos_tienen_algun_campo_relacion[one2many]</a></li>
                    
                    <li><a href="#bca84274-484c-4ec8-a8ef-3b474248741c">test_modelos_tienen_algun_campo_relacion[many2one]</a></li>
                    
                    <li><a href="#344de477-af40-4c37-b214-65d47451f82b">test_unknown_comodel_name</a></li>
                    
                </ul>
                </li>
                
                <li>test_minimal_requirements.TestRNF3
                <ul>
                    
                    <li><a href="#6b4b74e9-d07b-4cc8-9336-14ce65cbc190">test_modelos_tienen_vista[tree]</a></li>
                    
                    <li><a href="#d341bcef-f07d-4e93-895f-1222ca815698">test_modelos_tienen_vista[form]</a></li>
                    
                    <li><a href="#c8c8e1c6-523f-4b61-935b-40123d4216a5">test_formularios_tienen_vista_anidada_para_campos_X2many[one2many]</a></li>
                    
                    <li><a href="#98984050-5e4b-48e9-bc0c-481f48642ad9">test_formularios_tienen_vista_anidada_para_campos_X2many[many2many]</a></li>
                    
                </ul>
                </li>
                
                <li>test_minimal_requirements.TestRNF4
                <ul>
                    
                    <li><a href="#cf2fd978-25f4-4671-b5d2-5c2d13841e0e">test_vistas_en_ficheros_individuales</a></li>
                    
                </ul>
                </li>
                
                <li>test_minimal_requirements.TestRNF5
                <ul>
                    
                    <li><a href="#5f36f525-8af2-4f7f-a2f4-791c7b4d28f5">test_modelos_tienen_algun_posible_campo_imagen</a></li>
                    
                    <li><a href="#df696767-3d42-403f-8c0a-b5a9b7e6ac77">test_alguna_vista_tiene_campo_imagen</a></li>
                    
                </ul>
                </li>
                
                <li>test_minimal_requirements.TestRNF6
                <ul>
                    
                    <li><a href="#89b81739-63be-4718-8b6f-29c9282d0994">test_modelos_tienen_acciones</a></li>
                    
                    <li><a href="#c7377918-fb94-472d-98fc-7ed5793c1476">test_hay_elementos_de_menu[.//menuitem[@action]]</a></li>
                    
                </ul>
                </li>
                
                <li>test_minimal_requirements.TestRNF7
                <ul>
                    
                    <li><a href="#6cbe4e2a-b136-4b83-b1bb-af55f197b5ac">test_modelos_tienen_permisos</a></li>
                    
                </ul>
                </li>
                
                <li>test_minimal_requirements.TestRNF8
                <ul>
                    
                    <li><a href="#6e7f0479-d9c0-4f12-8ea0-6b04d45e4f1d">test_app_tiene_icono</a></li>
                    
                </ul>
                </li>
                
                <li>test_minimal_requirements.TestRNF9
                <ul>
                    
                    <li><a href="#14584dd6-330f-4d6f-b534-32824b4324cd">test_modelos_tienen_datos_demo</a></li>
                    
                </ul>
                </li>
                
                <li>test_minimal_requirements.TestRNFGit
                <ul>
                    
                    <li><a href="#64ff0a46-46d7-4114-86ed-9ec3560b4d91">test_git_commit_frecuentes</a></li>
                    
                </ul>
                </li>
                
                <li>test_minimal_requirements.TestRNFCalidad
                <ul>
                    
                    <li><a href="#d5f8a39e-b5c9-49dc-a16f-23491a304761">test_odoo_disponible</a></li>
                    
                    <li><a href="#c4d78e9b-8a1e-44bc-818d-d8b43816f42e">test_app_instalada</a></li>
                    
                    <li><a href="#cf78bee9-066d-4619-91a5-13da82a66422">test_otras_apps_entregadas_son_dependencias</a></li>
                    
                    <li><a href="#1b20d38b-f7ca-4cca-b620-cf3831ca6775">test_no_hay_elementos_xml_comentados</a></li>
                    
                    <li><a href="#335addd9-a762-411a-9220-517aa711cde3">test_no_hay_codigo_python_comentado</a></li>
                    
                    <li><a href="#e066f2f4-3f0e-419a-9a15-9437bfdca028">test_log_servidor_sin_errores</a></li>
                    
                </ul>
                </li>
                
                <li>test_minimal_requirements.TestOtros
                <ul>
                    
                    <li><a href="#0768cdf7-18c0-4e86-8967-63750c38c3be">test_log_sin_warnings</a>[s]</li>
                    
                </ul>
                </li>
                
                <li>test_minimal_requirements.TestRNFAdicionalesKanban
                <ul>
                    
                    <li><a href="#0e81186a-3f5d-491e-a731-071bae0d5da3">test_vista_kanban[/kanban]</a>[s]</li>
                    
                    <li><a href="#8e8f6da5-5497-4513-8029-ee1a069078bd">test_vista_kanban[/kanban[@default_group_by]]</a>[s]</li>
                    
                    <li><a href="#86f12991-4818-447f-b000-66c05a3ec58f">test_vista_kanban_imagen[/img]</a>[s]</li>
                    
                    <li><a href="#4fb23aef-4363-4b54-85fe-08980f2ade0d">test_vista_kanban_imagen[/field[@preview_image]]</a>[s]</li>
                    
                    <li><a href="#6dc7b0a4-3e83-456d-81dc-877e8b47fc2f">test_vista_kanban_imagen[/field[@widget=&#34;image&#34;]]</a>[s]</li>
                    
                </ul>
                </li>
                
                <li>test_minimal_requirements.TestRNFAdicionalesBusqueda
                <ul>
                    
                    <li><a href="#940005a8-1a29-4de0-94cd-8228789cb8ce">test_vista_search[/search]</a>[s]</li>
                    
                    <li><a href="#e3a5f157-d4bc-48c6-b7e8-a3632f3920f2">test_vista_search_compleja[/filter[@domain]]</a>[s]</li>
                    
                    <li><a href="#0a6572bc-5ad1-4781-891d-9aa59aad838c">test_vista_search_compleja[/group//filter[@context]]</a>[s]</li>
                    
                </ul>
                </li>
                
                <li>test_minimal_requirements.TestRNFAdicionalesOtrasVistas
                <ul>
                    
                    <li><a href="#85cddf96-ecec-45e3-ae71-18548a389a83">test_otras_vistas_adicionales[activity]</a>[s]</li>
                    
                    <li><a href="#7da1dc4d-8b5d-454f-a4d3-ca00b0382385">test_otras_vistas_adicionales[calendar]</a>[s]</li>
                    
                    <li><a href="#6fea0e2c-5ff9-414c-95bc-f0fdf4374b21">test_otras_vistas_adicionales[graph]</a>[s]</li>
                    
                    <li><a href="#e34c8c19-6fd2-4a76-9162-cb8eef763cee">test_otras_vistas_adicionales[pivot]</a>[s]</li>
                    
                </ul>
                </li>
                
                <li>test_minimal_requirements.TestRNFAdicionalesConstraints
                <ul>
                    
                    <li><a href="#15930f8a-876e-4b4a-acf1-13bec6b05277">test_constraints_sql</a>[s]</li>
                    
                </ul>
                </li>
                
                <li>test_minimal_requirements.TestRNFAdicionalesSeguridadAvanzada
                <ul>
                    
                    <li><a href="#ef97faf9-0dfd-49e8-9e90-c5bde3ca4cbb">test_seguridad_con_grupos_propios</a>[s]</li>
                    
                </ul>
                </li>
                
                <li>test_minimal_requirements.TestRNFAdicionalesDatosAvanzados
                <ul>
                    
                    <li><a href="#2256e123-2c4a-4118-8681-d653d354e6cd">test_datos_maestros_o_demo_avanzados[binary]</a>[s]</li>
                    
                    <li><a href="#d59be445-746b-4f37-89af-b73556757056">test_datos_maestros_o_demo_avanzados[many2many]</a>[s]</li>
                    
                    <li><a href="#b7f7e63d-8a32-4871-84ac-303593dd9de1">test_datos_maestros_o_demo_avanzados[many2one]</a>[s]</li>
                    
                </ul>
                </li>
                
                <li>test_minimal_requirements.TestRNFAdicionalesHerenciaVistas
                <ul>
                    
                    <li><a href="#5547dedb-5da6-4456-b581-5cef15c43825">test_herencia_en_vistas_con_position</a>[s]</li>
                    
                    <li><a href="#4fa8cb57-7aab-4403-aedb-f8e135acafa3">test_herencia_en_vistas_con_inherit_id</a>[s]</li>
                    
                </ul>
                </li>
                
                <li>test_minimal_requirements.TestRNFAdicionalesHerenciaModelos
                <ul>
                    
                    <li><a href="#e4b5bfd6-1d71-40b1-8d0f-ae2f994eb1a8">test_modelos_existentes_modificados_por_herencia</a>[s]</li>
                    
                    <li><a href="#301fe331-ed4d-40dc-ba0c-dbcd81680d5a">test_nuevos_modelos_con_herencia</a>[s]</li>
                    
                </ul>
                </li>
                
                <li>test_minimal_requirements.TestRNFAdicionalesTraducciones
                <ul>
                    
                    <li><a href="#221cf84d-a7f0-40f8-aa1f-e5837ad9b068">test_i18n</a>[s]</li>
                    
                </ul>
                </li>
                
                <li>test_minimal_requirements.TestRNFAdicionalesInformes
                <ul>
                    
                    <li><a href="#fb6907f5-b5d9-4f28-b9b7-d8c9faf40961">test_informes[report]</a>[s]</li>
                    
                    <li><a href="#fb3f0b0c-e3f1-4bbb-a097-752a5f234c4d">test_informes[template]</a>[s]</li>
                    
                    <li><a href="#b5bcb193-b1fc-4fe4-8bf1-03e465850444">test_informes_complejos[/t[@t-foreach]]</a>[s]</li>
                    
                    <li><a href="#2db6fcd0-cb65-4f32-8fc2-2eb6722b6240">test_informes_complejos[/img[@t-att-src]]</a>[s]</li>
                    
                    <li><a href="#e449277a-73bf-40ad-9b30-d893323c991e">test_informes_complejos[/t[@t-call and not(@t-call=&#34;web.external_layout&#34; or @t-call=&#34;web.html_container&#34;)]]</a>[s]</li>
                    
                </ul>
                </li>
                
                <li>test_minimal_requirements.TestRNFAdicionalesChatter
                <ul>
                    
                    <li><a href="#da1d539f-a648-4a47-831a-2604ff7d05e2">test_chatter[mail_thread]</a>[s]</li>
                    
                    <li><a href="#53a7fb34-d8ff-454c-9d11-a48cff9bf873">test_chatter[mail_activity_mixin]</a>[s]</li>
                    
                    <li><a href="#363d798f-47e8-4cd0-8433-12cfdf646d47">test_chatter_tracking</a>[s]</li>
                    
                    <li><a href="#c902a6e6-9aa6-4bcd-8344-fc4333f2f3f1">test_vista_chatter_div</a>[s]</li>
                    
                    <li><a href="#4792b714-aaaa-4f7b-988c-69b5452959f2">test_vista_chatter_fields[.//field[@name=&#34;message_follower_ids&#34;]]</a>[s]</li>
                    
                    <li><a href="#6631ff7d-8b43-41a0-957b-ebde5ea4f2e6">test_vista_chatter_fields[.//field[@name=&#34;activity_ids&#34;]]</a>[s]</li>
                    
                    <li><a href="#54cc05d4-efdf-4eec-b83f-96296606ca5a">test_vista_chatter_fields[.//field[@name=&#34;message_ids&#34;]]</a>[s]</li>
                    
                    <li><a href="#acff5ab8-83ca-411b-94ef-752d0ca1a949">test_vista_chatter_fields[.//field[@widget=&#34;mail_followers&#34;]]</a>[s]</li>
                    
                    <li><a href="#1b03454c-90b0-4394-99cf-e90dc6871eb7">test_vista_chatter_fields[.//field[@widget=&#34;mail_thread&#34;]]</a>[s]</li>
                    
                    <li><a href="#165e732c-209c-4bc8-9e6a-0396e314caf5">test_vista_chatter_fields[.//field[@widget=&#34;mail_activity&#34;]]</a>[s]</li>
                    
                </ul>
                </li>
                
            
            </ul>
        </td>
        <td class="failure-index">
            <ul class="toc">
            
                
                    
                    
                    <li><a href="#5cb5b388-d965-4882-8cba-aca0185d5fbe">[F] test_minimal_requirements.TestRNF1 : test_app_tiene_al_menos_4_modelos</a></li>
                    
                    
                    
                    <li><a href="#ace57046-20ab-4876-a181-4d943e387fa8">[F] test_minimal_requirements.TestRNF1 : test_modelos_en_ficheros_individuales</a></li>
                    
                    
                
                    
                    
                    <li><a href="#79cef298-264d-45a2-bf91-40fe271a0b37">[F] test_minimal_requirements.TestRNF2 : test_relacion_many2many</a></li>
                    
                    
                    
                    <li><a href="#064c7e7e-f53e-4b25-a814-665d0400859b">[F] test_minimal_requirements.TestRNF2 : test_modelos_tienen_algun_campo_relacion[one2many]</a></li>
                    
                    
                    
                    <li><a href="#bca84274-484c-4ec8-a8ef-3b474248741c">[F] test_minimal_requirements.TestRNF2 : test_modelos_tienen_algun_campo_relacion[many2one]</a></li>
                    
                    
                    
                    <li><a href="#344de477-af40-4c37-b214-65d47451f82b">[F] test_minimal_requirements.TestRNF2 : test_unknown_comodel_name</a></li>
                    
                    
                
                    
                    
                    <li><a href="#6b4b74e9-d07b-4cc8-9336-14ce65cbc190">[F] test_minimal_requirements.TestRNF3 : test_modelos_tienen_vista[tree]</a></li>
                    
                    
                    
                    <li><a href="#d341bcef-f07d-4e93-895f-1222ca815698">[F] test_minimal_requirements.TestRNF3 : test_modelos_tienen_vista[form]</a></li>
                    
                    
                    
                    <li><a href="#c8c8e1c6-523f-4b61-935b-40123d4216a5">[F] test_minimal_requirements.TestRNF3 : test_formularios_tienen_vista_anidada_para_campos_X2many[one2many]</a></li>
                    
                    
                    
                    <li><a href="#98984050-5e4b-48e9-bc0c-481f48642ad9">[F] test_minimal_requirements.TestRNF3 : test_formularios_tienen_vista_anidada_para_campos_X2many[many2many]</a></li>
                    
                    
                
                    
                    
                    <li><a href="#cf2fd978-25f4-4671-b5d2-5c2d13841e0e">[F] test_minimal_requirements.TestRNF4 : test_vistas_en_ficheros_individuales</a></li>
                    
                    
                
                    
                    
                    <li><a href="#5f36f525-8af2-4f7f-a2f4-791c7b4d28f5">[F] test_minimal_requirements.TestRNF5 : test_modelos_tienen_algun_posible_campo_imagen</a></li>
                    
                    
                    
                    <li><a href="#df696767-3d42-403f-8c0a-b5a9b7e6ac77">[F] test_minimal_requirements.TestRNF5 : test_alguna_vista_tiene_campo_imagen</a></li>
                    
                    
                
                    
                    
                    <li><a href="#89b81739-63be-4718-8b6f-29c9282d0994">[F] test_minimal_requirements.TestRNF6 : test_modelos_tienen_acciones</a></li>
                    
                    
                    
                    <li><a href="#c7377918-fb94-472d-98fc-7ed5793c1476">[F] test_minimal_requirements.TestRNF6 : test_hay_elementos_de_menu[.//menuitem[@action]]</a></li>
                    
                    
                
                    
                    
                    <li><a href="#6cbe4e2a-b136-4b83-b1bb-af55f197b5ac">[F] test_minimal_requirements.TestRNF7 : test_modelos_tienen_permisos</a></li>
                    
                    
                
                    
                    
                    <li><a href="#6e7f0479-d9c0-4f12-8ea0-6b04d45e4f1d">[F] test_minimal_requirements.TestRNF8 : test_app_tiene_icono</a></li>
                    
                    
                
                    
                    
                    <li><a href="#14584dd6-330f-4d6f-b534-32824b4324cd">[F] test_minimal_requirements.TestRNF9 : test_modelos_tienen_datos_demo</a></li>
                    
                    
                
                    
                    
                    <li><a href="#64ff0a46-46d7-4114-86ed-9ec3560b4d91">[F] test_minimal_requirements.TestRNFGit : test_git_commit_frecuentes</a></li>
                    
                    
                
                    
                    
                    <li><a href="#d5f8a39e-b5c9-49dc-a16f-23491a304761">[F] test_minimal_requirements.TestRNFCalidad : test_odoo_disponible</a></li>
                    
                    
                    
                    <li><a href="#c4d78e9b-8a1e-44bc-818d-d8b43816f42e">[F] test_minimal_requirements.TestRNFCalidad : test_app_instalada</a></li>
                    
                    
                    
                    <li><a href="#cf78bee9-066d-4619-91a5-13da82a66422">[F] test_minimal_requirements.TestRNFCalidad : test_otras_apps_entregadas_son_dependencias</a></li>
                    
                    
                    
                    <li><a href="#1b20d38b-f7ca-4cca-b620-cf3831ca6775">[F] test_minimal_requirements.TestRNFCalidad : test_no_hay_elementos_xml_comentados</a></li>
                    
                    
                    
                    <li><a href="#335addd9-a762-411a-9220-517aa711cde3">[F] test_minimal_requirements.TestRNFCalidad : test_no_hay_codigo_python_comentado</a></li>
                    
                    
                    
                    <li><a href="#e066f2f4-3f0e-419a-9a15-9437bfdca028">[F] test_minimal_requirements.TestRNFCalidad : test_log_servidor_sin_errores</a></li>
                    
                    
                
                    
                    
                    
                
                    
                    
                    
                    
                    
                    
                    
                    
                    
                    
                    
                
                    
                    
                    
                    
                    
                    
                    
                
                    
                    
                    
                    
                    
                    
                    
                    
                    
                
                    
                    
                    
                
                    
                    
                    
                
                    
                    
                    
                    
                    
                    
                    
                
                    
                    
                    
                    
                    
                
                    
                    
                    
                    
                    
                
                    
                    
                    
                
                    
                    
                    
                    
                    
                    
                    
                    
                    
                    
                    
                
                    
                    
                    
                    
                    
                    
                    
                    
                    
                    
                    
                    
                    
                    
                    
                    
                    
                    
                    
                    
                    
                
            
            </ul>
        </td>
    </tr>
</table>


    <div class="testsuite">
        <h2>Test Suite: pytest</h2>
        <a id="4eabcc2c-f62c-476d-98bf-6f413241b698"></a>
        
        
        <h3>Results</h3>
        <table class="proplist">
            <tr>
                <th>Duration</th><td>6.515 sec</td>
            </tr>
            <tr>
                <th>Tests</th><td>63</td>
            </tr>
            <tr>
                <th>Failures</th><td>25</td>
            </tr>
        </table>

        <div class="testclasses">
            <h3>Tests</h3>
            
            <div class="testclass">
                <h4>test_minimal_requirements.TestRNF1</h4>
                <div class="testcases">
                
                    <div class="test outcome outcome-failed">
                        <a id="5cb5b388-d965-4882-8cba-aca0185d5fbe"></a>
                        <table class="proplist">
                            <tr><th>Test case:</th><td><b>test_app_tiene_al_menos_4_modelos</b></td></tr>
                            <tr><th>Outcome:</th><td>Failed</td></tr>
                            <tr><th>Duration:</th><td>0.537 sec</td></tr>
                        
                            <tr><th>Failed</th><td>failed on setup with &#34;Exception: Command docker compose -f &#34;/home/ubuntu/SGE-tester-B/projects/docker-compose.yml&#34; -p &#34;pytest15983&#34; up --build -d returned 1: &#34;&#34;&#34;time=&#34;2026-01-13T13:06:11Z&#34; level=warning msg=&#34;/home/ubuntu/SGE-tester-B/projects/docker-compose.yml: the attribute `version` is obsolete, it will be ignored, please remove it to avoid potential confusion&#34;
 Network pytest15983_default  Creating
 Network pytest15983_default  Created
 Container pytest15983-db-1  Creating
 Container pytest15983-db-1  Created
 Container pytest15983-odoo-1  Creating
 Container pytest15983-odoo-1  Created
 Container pytest15983-db-1  Starting
Error response from daemon: failed to set up container networking: driver failed programming external connectivity on endpoint pytest15983-db-1 (b2dfbb2dab4ae421d7bcb752082863a2230ac9d460ea17b7bf808eddebf85722): Bind for 0.0.0.0:5432 failed: port is already allocated
&#34;&#34;&#34;.&#34;</td></tr>
                        
                        
                        </table>

                        
                        <pre>docker_compose_command = &#39;docker compose&#39;
docker_compose_file = &#39;/home/ubuntu/SGE-tester-B/projects/docker-compose.yml&#39;
docker_compose_project_name = &#39;pytest15983&#39;, docker_setup = [&#39;up --build -d&#39;]
docker_cleanup = [&#39;down -v&#39;]

    @pytest.fixture(scope=containers_scope)
    def docker_services(
        docker_compose_command: str,
        docker_compose_file: Union[List[str], str],
        docker_compose_project_name: str,
        docker_setup: str,
        docker_cleanup: str,
    ) -&gt; Iterator[Services]:
        &#34;&#34;&#34;Start all services from a docker compose file (`docker-compose up`).
        After test are finished, shutdown all services (`docker-compose down`).&#34;&#34;&#34;
    
&gt;       with get_docker_services(
            docker_compose_command,
            docker_compose_file,
            docker_compose_project_name,
            docker_setup,
            docker_cleanup,
        ) as docker_service:

.venv/lib/python3.12/site-packages/pytest_docker/plugin.py:238: 
_ _ _ _ _ _ _ _ _ _ _ _ _ _ _ _ _ _ _ _ _ _ _ _ _ _ _ _ _ _ _ _ _ _ _ _ _ _ _ _ 
/usr/lib/python3.12/contextlib.py:137: in __enter__
    return next(self.gen)
.venv/lib/python3.12/site-packages/pytest_docker/plugin.py:212: in get_docker_services
    docker_compose.execute(command)
.venv/lib/python3.12/site-packages/pytest_docker/plugin.py:140: in execute
    return execute(command)
_ _ _ _ _ _ _ _ _ _ _ _ _ _ _ _ _ _ _ _ _ _ _ _ _ _ _ _ _ _ _ _ _ _ _ _ _ _ _ _ 

command = &#39;docker compose -f &#34;/home/ubuntu/SGE-tester-B/projects/docker-compose.yml&#34; -p &#34;pytest15983&#34; up --build -d&#39;
success_codes = (0,)

    def execute(command: str, success_codes: Iterable[int] = (0,)) -&gt; Union[bytes, Any]:
        &#34;&#34;&#34;Run a shell command.&#34;&#34;&#34;
        try:
            output = subprocess.check_output(command, stderr=subprocess.STDOUT, shell=True)
            status = 0
        except subprocess.CalledProcessError as error:
            output = error.output or b&#34;&#34;
            status = error.returncode
            command = error.cmd
    
        if status not in success_codes:
&gt;           raise Exception(
                &#39;Command {} returned {}: &#34;&#34;&#34;{}&#34;&#34;&#34;.&#39;.format(command, status, output.decode(&#34;utf-8&#34;))
            )
E           Exception: Command docker compose -f &#34;/home/ubuntu/SGE-tester-B/projects/docker-compose.yml&#34; -p &#34;pytest15983&#34; up --build -d returned 1: &#34;&#34;&#34;time=&#34;2026-01-13T13:06:11Z&#34; level=warning msg=&#34;/home/ubuntu/SGE-tester-B/projects/docker-compose.yml: the attribute `version` is obsolete, it will be ignored, please remove it to avoid potential confusion&#34;
E            Network pytest15983_default  Creating
E            Network pytest15983_default  Created
E            Container pytest15983-db-1  Creating
E            Container pytest15983-db-1  Created
E            Container pytest15983-odoo-1  Creating
E            Container pytest15983-odoo-1  Created
E            Container pytest15983-db-1  Starting
E           Error response from daemon: failed to set up container networking: driver failed programming external connectivity on endpoint pytest15983-db-1 (b2dfbb2dab4ae421d7bcb752082863a2230ac9d460ea17b7bf808eddebf85722): Bind for 0.0.0.0:5432 failed: port is already allocated
E           &#34;&#34;&#34;.

.venv/lib/python3.12/site-packages/pytest_docker/plugin.py:35: Exception</pre>
                        
                        

                        
                        
                        
                    </div>
                
                    <div class="test outcome outcome-failed">
                        <a id="ace57046-20ab-4876-a181-4d943e387fa8"></a>
                        <table class="proplist">
                            <tr><th>Test case:</th><td><b>test_modelos_en_ficheros_individuales</b></td></tr>
                            <tr><th>Outcome:</th><td>Failed</td></tr>
                            <tr><th>Duration:</th><td>0.001 sec</td></tr>
                        
                            <tr><th>Failed</th><td>failed on setup with &#34;Exception: Command docker compose -f &#34;/home/ubuntu/SGE-tester-B/projects/docker-compose.yml&#34; -p &#34;pytest15983&#34; up --build -d returned 1: &#34;&#34;&#34;time=&#34;2026-01-13T13:06:11Z&#34; level=warning msg=&#34;/home/ubuntu/SGE-tester-B/projects/docker-compose.yml: the attribute `version` is obsolete, it will be ignored, please remove it to avoid potential confusion&#34;
 Network pytest15983_default  Creating
 Network pytest15983_default  Created
 Container pytest15983-db-1  Creating
 Container pytest15983-db-1  Created
 Container pytest15983-odoo-1  Creating
 Container pytest15983-odoo-1  Created
 Container pytest15983-db-1  Starting
Error response from daemon: failed to set up container networking: driver failed programming external connectivity on endpoint pytest15983-db-1 (b2dfbb2dab4ae421d7bcb752082863a2230ac9d460ea17b7bf808eddebf85722): Bind for 0.0.0.0:5432 failed: port is already allocated
&#34;&#34;&#34;.&#34;</td></tr>
                        
                        
                        </table>

                        
                        <pre>docker_compose_command = &#39;docker compose&#39;
docker_compose_file = &#39;/home/ubuntu/SGE-tester-B/projects/docker-compose.yml&#39;
docker_compose_project_name = &#39;pytest15983&#39;, docker_setup = [&#39;up --build -d&#39;]
docker_cleanup = [&#39;down -v&#39;]

    @pytest.fixture(scope=containers_scope)
    def docker_services(
        docker_compose_command: str,
        docker_compose_file: Union[List[str], str],
        docker_compose_project_name: str,
        docker_setup: str,
        docker_cleanup: str,
    ) -&gt; Iterator[Services]:
        &#34;&#34;&#34;Start all services from a docker compose file (`docker-compose up`).
        After test are finished, shutdown all services (`docker-compose down`).&#34;&#34;&#34;
    
&gt;       with get_docker_services(
            docker_compose_command,
            docker_compose_file,
            docker_compose_project_name,
            docker_setup,
            docker_cleanup,
        ) as docker_service:

.venv/lib/python3.12/site-packages/pytest_docker/plugin.py:238: 
_ _ _ _ _ _ _ _ _ _ _ _ _ _ _ _ _ _ _ _ _ _ _ _ _ _ _ _ _ _ _ _ _ _ _ _ _ _ _ _ 
/usr/lib/python3.12/contextlib.py:137: in __enter__
    return next(self.gen)
.venv/lib/python3.12/site-packages/pytest_docker/plugin.py:212: in get_docker_services
    docker_compose.execute(command)
.venv/lib/python3.12/site-packages/pytest_docker/plugin.py:140: in execute
    return execute(command)
_ _ _ _ _ _ _ _ _ _ _ _ _ _ _ _ _ _ _ _ _ _ _ _ _ _ _ _ _ _ _ _ _ _ _ _ _ _ _ _ 

command = &#39;docker compose -f &#34;/home/ubuntu/SGE-tester-B/projects/docker-compose.yml&#34; -p &#34;pytest15983&#34; up --build -d&#39;
success_codes = (0,)

    def execute(command: str, success_codes: Iterable[int] = (0,)) -&gt; Union[bytes, Any]:
        &#34;&#34;&#34;Run a shell command.&#34;&#34;&#34;
        try:
            output = subprocess.check_output(command, stderr=subprocess.STDOUT, shell=True)
            status = 0
        except subprocess.CalledProcessError as error:
            output = error.output or b&#34;&#34;
            status = error.returncode
            command = error.cmd
    
        if status not in success_codes:
&gt;           raise Exception(
                &#39;Command {} returned {}: &#34;&#34;&#34;{}&#34;&#34;&#34;.&#39;.format(command, status, output.decode(&#34;utf-8&#34;))
            )
E           Exception: Command docker compose -f &#34;/home/ubuntu/SGE-tester-B/projects/docker-compose.yml&#34; -p &#34;pytest15983&#34; up --build -d returned 1: &#34;&#34;&#34;time=&#34;2026-01-13T13:06:11Z&#34; level=warning msg=&#34;/home/ubuntu/SGE-tester-B/projects/docker-compose.yml: the attribute `version` is obsolete, it will be ignored, please remove it to avoid potential confusion&#34;
E            Network pytest15983_default  Creating
E            Network pytest15983_default  Created
E            Container pytest15983-db-1  Creating
E            Container pytest15983-db-1  Created
E            Container pytest15983-odoo-1  Creating
E            Container pytest15983-odoo-1  Created
E            Container pytest15983-db-1  Starting
E           Error response from daemon: failed to set up container networking: driver failed programming external connectivity on endpoint pytest15983-db-1 (b2dfbb2dab4ae421d7bcb752082863a2230ac9d460ea17b7bf808eddebf85722): Bind for 0.0.0.0:5432 failed: port is already allocated
E           &#34;&#34;&#34;.

.venv/lib/python3.12/site-packages/pytest_docker/plugin.py:35: Exception</pre>
                        
                        

                        
                        
                        
                    </div>
                
                </div>
            </div>
            
            <div class="testclass">
                <h4>test_minimal_requirements.TestRNF2</h4>
                <div class="testcases">
                
                    <div class="test outcome outcome-failed">
                        <a id="79cef298-264d-45a2-bf91-40fe271a0b37"></a>
                        <table class="proplist">
                            <tr><th>Test case:</th><td><b>test_relacion_many2many</b></td></tr>
                            <tr><th>Outcome:</th><td>Failed</td></tr>
                            <tr><th>Duration:</th><td>0.001 sec</td></tr>
                        
                            <tr><th>Failed</th><td>failed on setup with &#34;Exception: Command docker compose -f &#34;/home/ubuntu/SGE-tester-B/projects/docker-compose.yml&#34; -p &#34;pytest15983&#34; up --build -d returned 1: &#34;&#34;&#34;time=&#34;2026-01-13T13:06:11Z&#34; level=warning msg=&#34;/home/ubuntu/SGE-tester-B/projects/docker-compose.yml: the attribute `version` is obsolete, it will be ignored, please remove it to avoid potential confusion&#34;
 Network pytest15983_default  Creating
 Network pytest15983_default  Created
 Container pytest15983-db-1  Creating
 Container pytest15983-db-1  Created
 Container pytest15983-odoo-1  Creating
 Container pytest15983-odoo-1  Created
 Container pytest15983-db-1  Starting
Error response from daemon: failed to set up container networking: driver failed programming external connectivity on endpoint pytest15983-db-1 (b2dfbb2dab4ae421d7bcb752082863a2230ac9d460ea17b7bf808eddebf85722): Bind for 0.0.0.0:5432 failed: port is already allocated
&#34;&#34;&#34;.&#34;</td></tr>
                        
                        
                        </table>

                        
                        <pre>docker_compose_command = &#39;docker compose&#39;
docker_compose_file = &#39;/home/ubuntu/SGE-tester-B/projects/docker-compose.yml&#39;
docker_compose_project_name = &#39;pytest15983&#39;, docker_setup = [&#39;up --build -d&#39;]
docker_cleanup = [&#39;down -v&#39;]

    @pytest.fixture(scope=containers_scope)
    def docker_services(
        docker_compose_command: str,
        docker_compose_file: Union[List[str], str],
        docker_compose_project_name: str,
        docker_setup: str,
        docker_cleanup: str,
    ) -&gt; Iterator[Services]:
        &#34;&#34;&#34;Start all services from a docker compose file (`docker-compose up`).
        After test are finished, shutdown all services (`docker-compose down`).&#34;&#34;&#34;
    
&gt;       with get_docker_services(
            docker_compose_command,
            docker_compose_file,
            docker_compose_project_name,
            docker_setup,
            docker_cleanup,
        ) as docker_service:

.venv/lib/python3.12/site-packages/pytest_docker/plugin.py:238: 
_ _ _ _ _ _ _ _ _ _ _ _ _ _ _ _ _ _ _ _ _ _ _ _ _ _ _ _ _ _ _ _ _ _ _ _ _ _ _ _ 
/usr/lib/python3.12/contextlib.py:137: in __enter__
    return next(self.gen)
.venv/lib/python3.12/site-packages/pytest_docker/plugin.py:212: in get_docker_services
    docker_compose.execute(command)
.venv/lib/python3.12/site-packages/pytest_docker/plugin.py:140: in execute
    return execute(command)
_ _ _ _ _ _ _ _ _ _ _ _ _ _ _ _ _ _ _ _ _ _ _ _ _ _ _ _ _ _ _ _ _ _ _ _ _ _ _ _ 

command = &#39;docker compose -f &#34;/home/ubuntu/SGE-tester-B/projects/docker-compose.yml&#34; -p &#34;pytest15983&#34; up --build -d&#39;
success_codes = (0,)

    def execute(command: str, success_codes: Iterable[int] = (0,)) -&gt; Union[bytes, Any]:
        &#34;&#34;&#34;Run a shell command.&#34;&#34;&#34;
        try:
            output = subprocess.check_output(command, stderr=subprocess.STDOUT, shell=True)
            status = 0
        except subprocess.CalledProcessError as error:
            output = error.output or b&#34;&#34;
            status = error.returncode
            command = error.cmd
    
        if status not in success_codes:
&gt;           raise Exception(
                &#39;Command {} returned {}: &#34;&#34;&#34;{}&#34;&#34;&#34;.&#39;.format(command, status, output.decode(&#34;utf-8&#34;))
            )
E           Exception: Command docker compose -f &#34;/home/ubuntu/SGE-tester-B/projects/docker-compose.yml&#34; -p &#34;pytest15983&#34; up --build -d returned 1: &#34;&#34;&#34;time=&#34;2026-01-13T13:06:11Z&#34; level=warning msg=&#34;/home/ubuntu/SGE-tester-B/projects/docker-compose.yml: the attribute `version` is obsolete, it will be ignored, please remove it to avoid potential confusion&#34;
E            Network pytest15983_default  Creating
E            Network pytest15983_default  Created
E            Container pytest15983-db-1  Creating
E            Container pytest15983-db-1  Created
E            Container pytest15983-odoo-1  Creating
E            Container pytest15983-odoo-1  Created
E            Container pytest15983-db-1  Starting
E           Error response from daemon: failed to set up container networking: driver failed programming external connectivity on endpoint pytest15983-db-1 (b2dfbb2dab4ae421d7bcb752082863a2230ac9d460ea17b7bf808eddebf85722): Bind for 0.0.0.0:5432 failed: port is already allocated
E           &#34;&#34;&#34;.

.venv/lib/python3.12/site-packages/pytest_docker/plugin.py:35: Exception</pre>
                        
                        

                        
                        
                        
                    </div>
                
                    <div class="test outcome outcome-failed">
                        <a id="064c7e7e-f53e-4b25-a814-665d0400859b"></a>
                        <table class="proplist">
                            <tr><th>Test case:</th><td><b>test_modelos_tienen_algun_campo_relacion[one2many]</b></td></tr>
                            <tr><th>Outcome:</th><td>Failed</td></tr>
                            <tr><th>Duration:</th><td>0.001 sec</td></tr>
                        
                            <tr><th>Failed</th><td>failed on setup with &#34;Exception: Command docker compose -f &#34;/home/ubuntu/SGE-tester-B/projects/docker-compose.yml&#34; -p &#34;pytest15983&#34; up --build -d returned 1: &#34;&#34;&#34;time=&#34;2026-01-13T13:06:11Z&#34; level=warning msg=&#34;/home/ubuntu/SGE-tester-B/projects/docker-compose.yml: the attribute `version` is obsolete, it will be ignored, please remove it to avoid potential confusion&#34;
 Network pytest15983_default  Creating
 Network pytest15983_default  Created
 Container pytest15983-db-1  Creating
 Container pytest15983-db-1  Created
 Container pytest15983-odoo-1  Creating
 Container pytest15983-odoo-1  Created
 Container pytest15983-db-1  Starting
Error response from daemon: failed to set up container networking: driver failed programming external connectivity on endpoint pytest15983-db-1 (b2dfbb2dab4ae421d7bcb752082863a2230ac9d460ea17b7bf808eddebf85722): Bind for 0.0.0.0:5432 failed: port is already allocated
&#34;&#34;&#34;.&#34;</td></tr>
                        
                        
                        </table>

                        
                        <pre>docker_compose_command = &#39;docker compose&#39;
docker_compose_file = &#39;/home/ubuntu/SGE-tester-B/projects/docker-compose.yml&#39;
docker_compose_project_name = &#39;pytest15983&#39;, docker_setup = [&#39;up --build -d&#39;]
docker_cleanup = [&#39;down -v&#39;]

    @pytest.fixture(scope=containers_scope)
    def docker_services(
        docker_compose_command: str,
        docker_compose_file: Union[List[str], str],
        docker_compose_project_name: str,
        docker_setup: str,
        docker_cleanup: str,
    ) -&gt; Iterator[Services]:
        &#34;&#34;&#34;Start all services from a docker compose file (`docker-compose up`).
        After test are finished, shutdown all services (`docker-compose down`).&#34;&#34;&#34;
    
&gt;       with get_docker_services(
            docker_compose_command,
            docker_compose_file,
            docker_compose_project_name,
            docker_setup,
            docker_cleanup,
        ) as docker_service:

.venv/lib/python3.12/site-packages/pytest_docker/plugin.py:238: 
_ _ _ _ _ _ _ _ _ _ _ _ _ _ _ _ _ _ _ _ _ _ _ _ _ _ _ _ _ _ _ _ _ _ _ _ _ _ _ _ 
/usr/lib/python3.12/contextlib.py:137: in __enter__
    return next(self.gen)
.venv/lib/python3.12/site-packages/pytest_docker/plugin.py:212: in get_docker_services
    docker_compose.execute(command)
.venv/lib/python3.12/site-packages/pytest_docker/plugin.py:140: in execute
    return execute(command)
_ _ _ _ _ _ _ _ _ _ _ _ _ _ _ _ _ _ _ _ _ _ _ _ _ _ _ _ _ _ _ _ _ _ _ _ _ _ _ _ 

command = &#39;docker compose -f &#34;/home/ubuntu/SGE-tester-B/projects/docker-compose.yml&#34; -p &#34;pytest15983&#34; up --build -d&#39;
success_codes = (0,)

    def execute(command: str, success_codes: Iterable[int] = (0,)) -&gt; Union[bytes, Any]:
        &#34;&#34;&#34;Run a shell command.&#34;&#34;&#34;
        try:
            output = subprocess.check_output(command, stderr=subprocess.STDOUT, shell=True)
            status = 0
        except subprocess.CalledProcessError as error:
            output = error.output or b&#34;&#34;
            status = error.returncode
            command = error.cmd
    
        if status not in success_codes:
&gt;           raise Exception(
                &#39;Command {} returned {}: &#34;&#34;&#34;{}&#34;&#34;&#34;.&#39;.format(command, status, output.decode(&#34;utf-8&#34;))
            )
E           Exception: Command docker compose -f &#34;/home/ubuntu/SGE-tester-B/projects/docker-compose.yml&#34; -p &#34;pytest15983&#34; up --build -d returned 1: &#34;&#34;&#34;time=&#34;2026-01-13T13:06:11Z&#34; level=warning msg=&#34;/home/ubuntu/SGE-tester-B/projects/docker-compose.yml: the attribute `version` is obsolete, it will be ignored, please remove it to avoid potential confusion&#34;
E            Network pytest15983_default  Creating
E            Network pytest15983_default  Created
E            Container pytest15983-db-1  Creating
E            Container pytest15983-db-1  Created
E            Container pytest15983-odoo-1  Creating
E            Container pytest15983-odoo-1  Created
E            Container pytest15983-db-1  Starting
E           Error response from daemon: failed to set up container networking: driver failed programming external connectivity on endpoint pytest15983-db-1 (b2dfbb2dab4ae421d7bcb752082863a2230ac9d460ea17b7bf808eddebf85722): Bind for 0.0.0.0:5432 failed: port is already allocated
E           &#34;&#34;&#34;.

.venv/lib/python3.12/site-packages/pytest_docker/plugin.py:35: Exception</pre>
                        
                        

                        
                        
                        
                    </div>
                
                    <div class="test outcome outcome-failed">
                        <a id="bca84274-484c-4ec8-a8ef-3b474248741c"></a>
                        <table class="proplist">
                            <tr><th>Test case:</th><td><b>test_modelos_tienen_algun_campo_relacion[many2one]</b></td></tr>
                            <tr><th>Outcome:</th><td>Failed</td></tr>
                            <tr><th>Duration:</th><td>0.001 sec</td></tr>
                        
                            <tr><th>Failed</th><td>failed on setup with &#34;Exception: Command docker compose -f &#34;/home/ubuntu/SGE-tester-B/projects/docker-compose.yml&#34; -p &#34;pytest15983&#34; up --build -d returned 1: &#34;&#34;&#34;time=&#34;2026-01-13T13:06:11Z&#34; level=warning msg=&#34;/home/ubuntu/SGE-tester-B/projects/docker-compose.yml: the attribute `version` is obsolete, it will be ignored, please remove it to avoid potential confusion&#34;
 Network pytest15983_default  Creating
 Network pytest15983_default  Created
 Container pytest15983-db-1  Creating
 Container pytest15983-db-1  Created
 Container pytest15983-odoo-1  Creating
 Container pytest15983-odoo-1  Created
 Container pytest15983-db-1  Starting
Error response from daemon: failed to set up container networking: driver failed programming external connectivity on endpoint pytest15983-db-1 (b2dfbb2dab4ae421d7bcb752082863a2230ac9d460ea17b7bf808eddebf85722): Bind for 0.0.0.0:5432 failed: port is already allocated
&#34;&#34;&#34;.&#34;</td></tr>
                        
                        
                        </table>

                        
                        <pre>docker_compose_command = &#39;docker compose&#39;
docker_compose_file = &#39;/home/ubuntu/SGE-tester-B/projects/docker-compose.yml&#39;
docker_compose_project_name = &#39;pytest15983&#39;, docker_setup = [&#39;up --build -d&#39;]
docker_cleanup = [&#39;down -v&#39;]

    @pytest.fixture(scope=containers_scope)
    def docker_services(
        docker_compose_command: str,
        docker_compose_file: Union[List[str], str],
        docker_compose_project_name: str,
        docker_setup: str,
        docker_cleanup: str,
    ) -&gt; Iterator[Services]:
        &#34;&#34;&#34;Start all services from a docker compose file (`docker-compose up`).
        After test are finished, shutdown all services (`docker-compose down`).&#34;&#34;&#34;
    
&gt;       with get_docker_services(
            docker_compose_command,
            docker_compose_file,
            docker_compose_project_name,
            docker_setup,
            docker_cleanup,
        ) as docker_service:

.venv/lib/python3.12/site-packages/pytest_docker/plugin.py:238: 
_ _ _ _ _ _ _ _ _ _ _ _ _ _ _ _ _ _ _ _ _ _ _ _ _ _ _ _ _ _ _ _ _ _ _ _ _ _ _ _ 
/usr/lib/python3.12/contextlib.py:137: in __enter__
    return next(self.gen)
.venv/lib/python3.12/site-packages/pytest_docker/plugin.py:212: in get_docker_services
    docker_compose.execute(command)
.venv/lib/python3.12/site-packages/pytest_docker/plugin.py:140: in execute
    return execute(command)
_ _ _ _ _ _ _ _ _ _ _ _ _ _ _ _ _ _ _ _ _ _ _ _ _ _ _ _ _ _ _ _ _ _ _ _ _ _ _ _ 

command = &#39;docker compose -f &#34;/home/ubuntu/SGE-tester-B/projects/docker-compose.yml&#34; -p &#34;pytest15983&#34; up --build -d&#39;
success_codes = (0,)

    def execute(command: str, success_codes: Iterable[int] = (0,)) -&gt; Union[bytes, Any]:
        &#34;&#34;&#34;Run a shell command.&#34;&#34;&#34;
        try:
            output = subprocess.check_output(command, stderr=subprocess.STDOUT, shell=True)
            status = 0
        except subprocess.CalledProcessError as error:
            output = error.output or b&#34;&#34;
            status = error.returncode
            command = error.cmd
    
        if status not in success_codes:
&gt;           raise Exception(
                &#39;Command {} returned {}: &#34;&#34;&#34;{}&#34;&#34;&#34;.&#39;.format(command, status, output.decode(&#34;utf-8&#34;))
            )
E           Exception: Command docker compose -f &#34;/home/ubuntu/SGE-tester-B/projects/docker-compose.yml&#34; -p &#34;pytest15983&#34; up --build -d returned 1: &#34;&#34;&#34;time=&#34;2026-01-13T13:06:11Z&#34; level=warning msg=&#34;/home/ubuntu/SGE-tester-B/projects/docker-compose.yml: the attribute `version` is obsolete, it will be ignored, please remove it to avoid potential confusion&#34;
E            Network pytest15983_default  Creating
E            Network pytest15983_default  Created
E            Container pytest15983-db-1  Creating
E            Container pytest15983-db-1  Created
E            Container pytest15983-odoo-1  Creating
E            Container pytest15983-odoo-1  Created
E            Container pytest15983-db-1  Starting
E           Error response from daemon: failed to set up container networking: driver failed programming external connectivity on endpoint pytest15983-db-1 (b2dfbb2dab4ae421d7bcb752082863a2230ac9d460ea17b7bf808eddebf85722): Bind for 0.0.0.0:5432 failed: port is already allocated
E           &#34;&#34;&#34;.

.venv/lib/python3.12/site-packages/pytest_docker/plugin.py:35: Exception</pre>
                        
                        

                        
                        
                        
                    </div>
                
                    <div class="test outcome outcome-failed">
                        <a id="344de477-af40-4c37-b214-65d47451f82b"></a>
                        <table class="proplist">
                            <tr><th>Test case:</th><td><b>test_unknown_comodel_name</b></td></tr>
                            <tr><th>Outcome:</th><td>Failed</td></tr>
                            <tr><th>Duration:</th><td>0.001 sec</td></tr>
                        
                            <tr><th>Failed</th><td>failed on setup with &#34;Exception: Command docker compose -f &#34;/home/ubuntu/SGE-tester-B/projects/docker-compose.yml&#34; -p &#34;pytest15983&#34; up --build -d returned 1: &#34;&#34;&#34;time=&#34;2026-01-13T13:06:11Z&#34; level=warning msg=&#34;/home/ubuntu/SGE-tester-B/projects/docker-compose.yml: the attribute `version` is obsolete, it will be ignored, please remove it to avoid potential confusion&#34;
 Network pytest15983_default  Creating
 Network pytest15983_default  Created
 Container pytest15983-db-1  Creating
 Container pytest15983-db-1  Created
 Container pytest15983-odoo-1  Creating
 Container pytest15983-odoo-1  Created
 Container pytest15983-db-1  Starting
Error response from daemon: failed to set up container networking: driver failed programming external connectivity on endpoint pytest15983-db-1 (b2dfbb2dab4ae421d7bcb752082863a2230ac9d460ea17b7bf808eddebf85722): Bind for 0.0.0.0:5432 failed: port is already allocated
&#34;&#34;&#34;.&#34;</td></tr>
                        
                        
                        </table>

                        
                        <pre>docker_compose_command = &#39;docker compose&#39;
docker_compose_file = &#39;/home/ubuntu/SGE-tester-B/projects/docker-compose.yml&#39;
docker_compose_project_name = &#39;pytest15983&#39;, docker_setup = [&#39;up --build -d&#39;]
docker_cleanup = [&#39;down -v&#39;]

    @pytest.fixture(scope=containers_scope)
    def docker_services(
        docker_compose_command: str,
        docker_compose_file: Union[List[str], str],
        docker_compose_project_name: str,
        docker_setup: str,
        docker_cleanup: str,
    ) -&gt; Iterator[Services]:
        &#34;&#34;&#34;Start all services from a docker compose file (`docker-compose up`).
        After test are finished, shutdown all services (`docker-compose down`).&#34;&#34;&#34;
    
&gt;       with get_docker_services(
            docker_compose_command,
            docker_compose_file,
            docker_compose_project_name,
            docker_setup,
            docker_cleanup,
        ) as docker_service:

.venv/lib/python3.12/site-packages/pytest_docker/plugin.py:238: 
_ _ _ _ _ _ _ _ _ _ _ _ _ _ _ _ _ _ _ _ _ _ _ _ _ _ _ _ _ _ _ _ _ _ _ _ _ _ _ _ 
/usr/lib/python3.12/contextlib.py:137: in __enter__
    return next(self.gen)
.venv/lib/python3.12/site-packages/pytest_docker/plugin.py:212: in get_docker_services
    docker_compose.execute(command)
.venv/lib/python3.12/site-packages/pytest_docker/plugin.py:140: in execute
    return execute(command)
_ _ _ _ _ _ _ _ _ _ _ _ _ _ _ _ _ _ _ _ _ _ _ _ _ _ _ _ _ _ _ _ _ _ _ _ _ _ _ _ 

command = &#39;docker compose -f &#34;/home/ubuntu/SGE-tester-B/projects/docker-compose.yml&#34; -p &#34;pytest15983&#34; up --build -d&#39;
success_codes = (0,)

    def execute(command: str, success_codes: Iterable[int] = (0,)) -&gt; Union[bytes, Any]:
        &#34;&#34;&#34;Run a shell command.&#34;&#34;&#34;
        try:
            output = subprocess.check_output(command, stderr=subprocess.STDOUT, shell=True)
            status = 0
        except subprocess.CalledProcessError as error:
            output = error.output or b&#34;&#34;
            status = error.returncode
            command = error.cmd
    
        if status not in success_codes:
&gt;           raise Exception(
                &#39;Command {} returned {}: &#34;&#34;&#34;{}&#34;&#34;&#34;.&#39;.format(command, status, output.decode(&#34;utf-8&#34;))
            )
E           Exception: Command docker compose -f &#34;/home/ubuntu/SGE-tester-B/projects/docker-compose.yml&#34; -p &#34;pytest15983&#34; up --build -d returned 1: &#34;&#34;&#34;time=&#34;2026-01-13T13:06:11Z&#34; level=warning msg=&#34;/home/ubuntu/SGE-tester-B/projects/docker-compose.yml: the attribute `version` is obsolete, it will be ignored, please remove it to avoid potential confusion&#34;
E            Network pytest15983_default  Creating
E            Network pytest15983_default  Created
E            Container pytest15983-db-1  Creating
E            Container pytest15983-db-1  Created
E            Container pytest15983-odoo-1  Creating
E            Container pytest15983-odoo-1  Created
E            Container pytest15983-db-1  Starting
E           Error response from daemon: failed to set up container networking: driver failed programming external connectivity on endpoint pytest15983-db-1 (b2dfbb2dab4ae421d7bcb752082863a2230ac9d460ea17b7bf808eddebf85722): Bind for 0.0.0.0:5432 failed: port is already allocated
E           &#34;&#34;&#34;.

.venv/lib/python3.12/site-packages/pytest_docker/plugin.py:35: Exception</pre>
                        
                        

                        
                        
                        
                    </div>
                
                </div>
            </div>
            
            <div class="testclass">
                <h4>test_minimal_requirements.TestRNF3</h4>
                <div class="testcases">
                
                    <div class="test outcome outcome-failed">
                        <a id="6b4b74e9-d07b-4cc8-9336-14ce65cbc190"></a>
                        <table class="proplist">
                            <tr><th>Test case:</th><td><b>test_modelos_tienen_vista[tree]</b></td></tr>
                            <tr><th>Outcome:</th><td>Failed</td></tr>
                            <tr><th>Duration:</th><td>0.0 sec</td></tr>
                        
                            <tr><th>Failed</th><td>failed on setup with &#34;Exception: Command docker compose -f &#34;/home/ubuntu/SGE-tester-B/projects/docker-compose.yml&#34; -p &#34;pytest15983&#34; up --build -d returned 1: &#34;&#34;&#34;time=&#34;2026-01-13T13:06:11Z&#34; level=warning msg=&#34;/home/ubuntu/SGE-tester-B/projects/docker-compose.yml: the attribute `version` is obsolete, it will be ignored, please remove it to avoid potential confusion&#34;
 Network pytest15983_default  Creating
 Network pytest15983_default  Created
 Container pytest15983-db-1  Creating
 Container pytest15983-db-1  Created
 Container pytest15983-odoo-1  Creating
 Container pytest15983-odoo-1  Created
 Container pytest15983-db-1  Starting
Error response from daemon: failed to set up container networking: driver failed programming external connectivity on endpoint pytest15983-db-1 (b2dfbb2dab4ae421d7bcb752082863a2230ac9d460ea17b7bf808eddebf85722): Bind for 0.0.0.0:5432 failed: port is already allocated
&#34;&#34;&#34;.&#34;</td></tr>
                        
                        
                        </table>

                        
                        <pre>docker_compose_command = &#39;docker compose&#39;
docker_compose_file = &#39;/home/ubuntu/SGE-tester-B/projects/docker-compose.yml&#39;
docker_compose_project_name = &#39;pytest15983&#39;, docker_setup = [&#39;up --build -d&#39;]
docker_cleanup = [&#39;down -v&#39;]

    @pytest.fixture(scope=containers_scope)
    def docker_services(
        docker_compose_command: str,
        docker_compose_file: Union[List[str], str],
        docker_compose_project_name: str,
        docker_setup: str,
        docker_cleanup: str,
    ) -&gt; Iterator[Services]:
        &#34;&#34;&#34;Start all services from a docker compose file (`docker-compose up`).
        After test are finished, shutdown all services (`docker-compose down`).&#34;&#34;&#34;
    
&gt;       with get_docker_services(
            docker_compose_command,
            docker_compose_file,
            docker_compose_project_name,
            docker_setup,
            docker_cleanup,
        ) as docker_service:

.venv/lib/python3.12/site-packages/pytest_docker/plugin.py:238: 
_ _ _ _ _ _ _ _ _ _ _ _ _ _ _ _ _ _ _ _ _ _ _ _ _ _ _ _ _ _ _ _ _ _ _ _ _ _ _ _ 
/usr/lib/python3.12/contextlib.py:137: in __enter__
    return next(self.gen)
.venv/lib/python3.12/site-packages/pytest_docker/plugin.py:212: in get_docker_services
    docker_compose.execute(command)
.venv/lib/python3.12/site-packages/pytest_docker/plugin.py:140: in execute
    return execute(command)
_ _ _ _ _ _ _ _ _ _ _ _ _ _ _ _ _ _ _ _ _ _ _ _ _ _ _ _ _ _ _ _ _ _ _ _ _ _ _ _ 

command = &#39;docker compose -f &#34;/home/ubuntu/SGE-tester-B/projects/docker-compose.yml&#34; -p &#34;pytest15983&#34; up --build -d&#39;
success_codes = (0,)

    def execute(command: str, success_codes: Iterable[int] = (0,)) -&gt; Union[bytes, Any]:
        &#34;&#34;&#34;Run a shell command.&#34;&#34;&#34;
        try:
            output = subprocess.check_output(command, stderr=subprocess.STDOUT, shell=True)
            status = 0
        except subprocess.CalledProcessError as error:
            output = error.output or b&#34;&#34;
            status = error.returncode
            command = error.cmd
    
        if status not in success_codes:
&gt;           raise Exception(
                &#39;Command {} returned {}: &#34;&#34;&#34;{}&#34;&#34;&#34;.&#39;.format(command, status, output.decode(&#34;utf-8&#34;))
            )
E           Exception: Command docker compose -f &#34;/home/ubuntu/SGE-tester-B/projects/docker-compose.yml&#34; -p &#34;pytest15983&#34; up --build -d returned 1: &#34;&#34;&#34;time=&#34;2026-01-13T13:06:11Z&#34; level=warning msg=&#34;/home/ubuntu/SGE-tester-B/projects/docker-compose.yml: the attribute `version` is obsolete, it will be ignored, please remove it to avoid potential confusion&#34;
E            Network pytest15983_default  Creating
E            Network pytest15983_default  Created
E            Container pytest15983-db-1  Creating
E            Container pytest15983-db-1  Created
E            Container pytest15983-odoo-1  Creating
E            Container pytest15983-odoo-1  Created
E            Container pytest15983-db-1  Starting
E           Error response from daemon: failed to set up container networking: driver failed programming external connectivity on endpoint pytest15983-db-1 (b2dfbb2dab4ae421d7bcb752082863a2230ac9d460ea17b7bf808eddebf85722): Bind for 0.0.0.0:5432 failed: port is already allocated
E           &#34;&#34;&#34;.

.venv/lib/python3.12/site-packages/pytest_docker/plugin.py:35: Exception</pre>
                        
                        

                        
                        
                        
                    </div>
                
                    <div class="test outcome outcome-failed">
                        <a id="d341bcef-f07d-4e93-895f-1222ca815698"></a>
                        <table class="proplist">
                            <tr><th>Test case:</th><td><b>test_modelos_tienen_vista[form]</b></td></tr>
                            <tr><th>Outcome:</th><td>Failed</td></tr>
                            <tr><th>Duration:</th><td>0.0 sec</td></tr>
                        
                            <tr><th>Failed</th><td>failed on setup with &#34;Exception: Command docker compose -f &#34;/home/ubuntu/SGE-tester-B/projects/docker-compose.yml&#34; -p &#34;pytest15983&#34; up --build -d returned 1: &#34;&#34;&#34;time=&#34;2026-01-13T13:06:11Z&#34; level=warning msg=&#34;/home/ubuntu/SGE-tester-B/projects/docker-compose.yml: the attribute `version` is obsolete, it will be ignored, please remove it to avoid potential confusion&#34;
 Network pytest15983_default  Creating
 Network pytest15983_default  Created
 Container pytest15983-db-1  Creating
 Container pytest15983-db-1  Created
 Container pytest15983-odoo-1  Creating
 Container pytest15983-odoo-1  Created
 Container pytest15983-db-1  Starting
Error response from daemon: failed to set up container networking: driver failed programming external connectivity on endpoint pytest15983-db-1 (b2dfbb2dab4ae421d7bcb752082863a2230ac9d460ea17b7bf808eddebf85722): Bind for 0.0.0.0:5432 failed: port is already allocated
&#34;&#34;&#34;.&#34;</td></tr>
                        
                        
                        </table>

                        
                        <pre>docker_compose_command = &#39;docker compose&#39;
docker_compose_file = &#39;/home/ubuntu/SGE-tester-B/projects/docker-compose.yml&#39;
docker_compose_project_name = &#39;pytest15983&#39;, docker_setup = [&#39;up --build -d&#39;]
docker_cleanup = [&#39;down -v&#39;]

    @pytest.fixture(scope=containers_scope)
    def docker_services(
        docker_compose_command: str,
        docker_compose_file: Union[List[str], str],
        docker_compose_project_name: str,
        docker_setup: str,
        docker_cleanup: str,
    ) -&gt; Iterator[Services]:
        &#34;&#34;&#34;Start all services from a docker compose file (`docker-compose up`).
        After test are finished, shutdown all services (`docker-compose down`).&#34;&#34;&#34;
    
&gt;       with get_docker_services(
            docker_compose_command,
            docker_compose_file,
            docker_compose_project_name,
            docker_setup,
            docker_cleanup,
        ) as docker_service:

.venv/lib/python3.12/site-packages/pytest_docker/plugin.py:238: 
_ _ _ _ _ _ _ _ _ _ _ _ _ _ _ _ _ _ _ _ _ _ _ _ _ _ _ _ _ _ _ _ _ _ _ _ _ _ _ _ 
/usr/lib/python3.12/contextlib.py:137: in __enter__
    return next(self.gen)
.venv/lib/python3.12/site-packages/pytest_docker/plugin.py:212: in get_docker_services
    docker_compose.execute(command)
.venv/lib/python3.12/site-packages/pytest_docker/plugin.py:140: in execute
    return execute(command)
_ _ _ _ _ _ _ _ _ _ _ _ _ _ _ _ _ _ _ _ _ _ _ _ _ _ _ _ _ _ _ _ _ _ _ _ _ _ _ _ 

command = &#39;docker compose -f &#34;/home/ubuntu/SGE-tester-B/projects/docker-compose.yml&#34; -p &#34;pytest15983&#34; up --build -d&#39;
success_codes = (0,)

    def execute(command: str, success_codes: Iterable[int] = (0,)) -&gt; Union[bytes, Any]:
        &#34;&#34;&#34;Run a shell command.&#34;&#34;&#34;
        try:
            output = subprocess.check_output(command, stderr=subprocess.STDOUT, shell=True)
            status = 0
        except subprocess.CalledProcessError as error:
            output = error.output or b&#34;&#34;
            status = error.returncode
            command = error.cmd
    
        if status not in success_codes:
&gt;           raise Exception(
                &#39;Command {} returned {}: &#34;&#34;&#34;{}&#34;&#34;&#34;.&#39;.format(command, status, output.decode(&#34;utf-8&#34;))
            )
E           Exception: Command docker compose -f &#34;/home/ubuntu/SGE-tester-B/projects/docker-compose.yml&#34; -p &#34;pytest15983&#34; up --build -d returned 1: &#34;&#34;&#34;time=&#34;2026-01-13T13:06:11Z&#34; level=warning msg=&#34;/home/ubuntu/SGE-tester-B/projects/docker-compose.yml: the attribute `version` is obsolete, it will be ignored, please remove it to avoid potential confusion&#34;
E            Network pytest15983_default  Creating
E            Network pytest15983_default  Created
E            Container pytest15983-db-1  Creating
E            Container pytest15983-db-1  Created
E            Container pytest15983-odoo-1  Creating
E            Container pytest15983-odoo-1  Created
E            Container pytest15983-db-1  Starting
E           Error response from daemon: failed to set up container networking: driver failed programming external connectivity on endpoint pytest15983-db-1 (b2dfbb2dab4ae421d7bcb752082863a2230ac9d460ea17b7bf808eddebf85722): Bind for 0.0.0.0:5432 failed: port is already allocated
E           &#34;&#34;&#34;.

.venv/lib/python3.12/site-packages/pytest_docker/plugin.py:35: Exception</pre>
                        
                        

                        
                        
                        
                    </div>
                
                    <div class="test outcome outcome-failed">
                        <a id="c8c8e1c6-523f-4b61-935b-40123d4216a5"></a>
                        <table class="proplist">
                            <tr><th>Test case:</th><td><b>test_formularios_tienen_vista_anidada_para_campos_X2many[one2many]</b></td></tr>
                            <tr><th>Outcome:</th><td>Failed</td></tr>
                            <tr><th>Duration:</th><td>0.0 sec</td></tr>
                        
                            <tr><th>Failed</th><td>failed on setup with &#34;Exception: Command docker compose -f &#34;/home/ubuntu/SGE-tester-B/projects/docker-compose.yml&#34; -p &#34;pytest15983&#34; up --build -d returned 1: &#34;&#34;&#34;time=&#34;2026-01-13T13:06:11Z&#34; level=warning msg=&#34;/home/ubuntu/SGE-tester-B/projects/docker-compose.yml: the attribute `version` is obsolete, it will be ignored, please remove it to avoid potential confusion&#34;
 Network pytest15983_default  Creating
 Network pytest15983_default  Created
 Container pytest15983-db-1  Creating
 Container pytest15983-db-1  Created
 Container pytest15983-odoo-1  Creating
 Container pytest15983-odoo-1  Created
 Container pytest15983-db-1  Starting
Error response from daemon: failed to set up container networking: driver failed programming external connectivity on endpoint pytest15983-db-1 (b2dfbb2dab4ae421d7bcb752082863a2230ac9d460ea17b7bf808eddebf85722): Bind for 0.0.0.0:5432 failed: port is already allocated
&#34;&#34;&#34;.&#34;</td></tr>
                        
                        
                        </table>

                        
                        <pre>docker_compose_command = &#39;docker compose&#39;
docker_compose_file = &#39;/home/ubuntu/SGE-tester-B/projects/docker-compose.yml&#39;
docker_compose_project_name = &#39;pytest15983&#39;, docker_setup = [&#39;up --build -d&#39;]
docker_cleanup = [&#39;down -v&#39;]

    @pytest.fixture(scope=containers_scope)
    def docker_services(
        docker_compose_command: str,
        docker_compose_file: Union[List[str], str],
        docker_compose_project_name: str,
        docker_setup: str,
        docker_cleanup: str,
    ) -&gt; Iterator[Services]:
        &#34;&#34;&#34;Start all services from a docker compose file (`docker-compose up`).
        After test are finished, shutdown all services (`docker-compose down`).&#34;&#34;&#34;
    
&gt;       with get_docker_services(
            docker_compose_command,
            docker_compose_file,
            docker_compose_project_name,
            docker_setup,
            docker_cleanup,
        ) as docker_service:

.venv/lib/python3.12/site-packages/pytest_docker/plugin.py:238: 
_ _ _ _ _ _ _ _ _ _ _ _ _ _ _ _ _ _ _ _ _ _ _ _ _ _ _ _ _ _ _ _ _ _ _ _ _ _ _ _ 
/usr/lib/python3.12/contextlib.py:137: in __enter__
    return next(self.gen)
.venv/lib/python3.12/site-packages/pytest_docker/plugin.py:212: in get_docker_services
    docker_compose.execute(command)
.venv/lib/python3.12/site-packages/pytest_docker/plugin.py:140: in execute
    return execute(command)
_ _ _ _ _ _ _ _ _ _ _ _ _ _ _ _ _ _ _ _ _ _ _ _ _ _ _ _ _ _ _ _ _ _ _ _ _ _ _ _ 

command = &#39;docker compose -f &#34;/home/ubuntu/SGE-tester-B/projects/docker-compose.yml&#34; -p &#34;pytest15983&#34; up --build -d&#39;
success_codes = (0,)

    def execute(command: str, success_codes: Iterable[int] = (0,)) -&gt; Union[bytes, Any]:
        &#34;&#34;&#34;Run a shell command.&#34;&#34;&#34;
        try:
            output = subprocess.check_output(command, stderr=subprocess.STDOUT, shell=True)
            status = 0
        except subprocess.CalledProcessError as error:
            output = error.output or b&#34;&#34;
            status = error.returncode
            command = error.cmd
    
        if status not in success_codes:
&gt;           raise Exception(
                &#39;Command {} returned {}: &#34;&#34;&#34;{}&#34;&#34;&#34;.&#39;.format(command, status, output.decode(&#34;utf-8&#34;))
            )
E           Exception: Command docker compose -f &#34;/home/ubuntu/SGE-tester-B/projects/docker-compose.yml&#34; -p &#34;pytest15983&#34; up --build -d returned 1: &#34;&#34;&#34;time=&#34;2026-01-13T13:06:11Z&#34; level=warning msg=&#34;/home/ubuntu/SGE-tester-B/projects/docker-compose.yml: the attribute `version` is obsolete, it will be ignored, please remove it to avoid potential confusion&#34;
E            Network pytest15983_default  Creating
E            Network pytest15983_default  Created
E            Container pytest15983-db-1  Creating
E            Container pytest15983-db-1  Created
E            Container pytest15983-odoo-1  Creating
E            Container pytest15983-odoo-1  Created
E            Container pytest15983-db-1  Starting
E           Error response from daemon: failed to set up container networking: driver failed programming external connectivity on endpoint pytest15983-db-1 (b2dfbb2dab4ae421d7bcb752082863a2230ac9d460ea17b7bf808eddebf85722): Bind for 0.0.0.0:5432 failed: port is already allocated
E           &#34;&#34;&#34;.

.venv/lib/python3.12/site-packages/pytest_docker/plugin.py:35: Exception</pre>
                        
                        

                        
                        
                        
                    </div>
                
                    <div class="test outcome outcome-failed">
                        <a id="98984050-5e4b-48e9-bc0c-481f48642ad9"></a>
                        <table class="proplist">
                            <tr><th>Test case:</th><td><b>test_formularios_tienen_vista_anidada_para_campos_X2many[many2many]</b></td></tr>
                            <tr><th>Outcome:</th><td>Failed</td></tr>
                            <tr><th>Duration:</th><td>0.001 sec</td></tr>
                        
                            <tr><th>Failed</th><td>failed on setup with &#34;Exception: Command docker compose -f &#34;/home/ubuntu/SGE-tester-B/projects/docker-compose.yml&#34; -p &#34;pytest15983&#34; up --build -d returned 1: &#34;&#34;&#34;time=&#34;2026-01-13T13:06:11Z&#34; level=warning msg=&#34;/home/ubuntu/SGE-tester-B/projects/docker-compose.yml: the attribute `version` is obsolete, it will be ignored, please remove it to avoid potential confusion&#34;
 Network pytest15983_default  Creating
 Network pytest15983_default  Created
 Container pytest15983-db-1  Creating
 Container pytest15983-db-1  Created
 Container pytest15983-odoo-1  Creating
 Container pytest15983-odoo-1  Created
 Container pytest15983-db-1  Starting
Error response from daemon: failed to set up container networking: driver failed programming external connectivity on endpoint pytest15983-db-1 (b2dfbb2dab4ae421d7bcb752082863a2230ac9d460ea17b7bf808eddebf85722): Bind for 0.0.0.0:5432 failed: port is already allocated
&#34;&#34;&#34;.&#34;</td></tr>
                        
                        
                        </table>

                        
                        <pre>docker_compose_command = &#39;docker compose&#39;
docker_compose_file = &#39;/home/ubuntu/SGE-tester-B/projects/docker-compose.yml&#39;
docker_compose_project_name = &#39;pytest15983&#39;, docker_setup = [&#39;up --build -d&#39;]
docker_cleanup = [&#39;down -v&#39;]

    @pytest.fixture(scope=containers_scope)
    def docker_services(
        docker_compose_command: str,
        docker_compose_file: Union[List[str], str],
        docker_compose_project_name: str,
        docker_setup: str,
        docker_cleanup: str,
    ) -&gt; Iterator[Services]:
        &#34;&#34;&#34;Start all services from a docker compose file (`docker-compose up`).
        After test are finished, shutdown all services (`docker-compose down`).&#34;&#34;&#34;
    
&gt;       with get_docker_services(
            docker_compose_command,
            docker_compose_file,
            docker_compose_project_name,
            docker_setup,
            docker_cleanup,
        ) as docker_service:

.venv/lib/python3.12/site-packages/pytest_docker/plugin.py:238: 
_ _ _ _ _ _ _ _ _ _ _ _ _ _ _ _ _ _ _ _ _ _ _ _ _ _ _ _ _ _ _ _ _ _ _ _ _ _ _ _ 
/usr/lib/python3.12/contextlib.py:137: in __enter__
    return next(self.gen)
.venv/lib/python3.12/site-packages/pytest_docker/plugin.py:212: in get_docker_services
    docker_compose.execute(command)
.venv/lib/python3.12/site-packages/pytest_docker/plugin.py:140: in execute
    return execute(command)
_ _ _ _ _ _ _ _ _ _ _ _ _ _ _ _ _ _ _ _ _ _ _ _ _ _ _ _ _ _ _ _ _ _ _ _ _ _ _ _ 

command = &#39;docker compose -f &#34;/home/ubuntu/SGE-tester-B/projects/docker-compose.yml&#34; -p &#34;pytest15983&#34; up --build -d&#39;
success_codes = (0,)

    def execute(command: str, success_codes: Iterable[int] = (0,)) -&gt; Union[bytes, Any]:
        &#34;&#34;&#34;Run a shell command.&#34;&#34;&#34;
        try:
            output = subprocess.check_output(command, stderr=subprocess.STDOUT, shell=True)
            status = 0
        except subprocess.CalledProcessError as error:
            output = error.output or b&#34;&#34;
            status = error.returncode
            command = error.cmd
    
        if status not in success_codes:
&gt;           raise Exception(
                &#39;Command {} returned {}: &#34;&#34;&#34;{}&#34;&#34;&#34;.&#39;.format(command, status, output.decode(&#34;utf-8&#34;))
            )
E           Exception: Command docker compose -f &#34;/home/ubuntu/SGE-tester-B/projects/docker-compose.yml&#34; -p &#34;pytest15983&#34; up --build -d returned 1: &#34;&#34;&#34;time=&#34;2026-01-13T13:06:11Z&#34; level=warning msg=&#34;/home/ubuntu/SGE-tester-B/projects/docker-compose.yml: the attribute `version` is obsolete, it will be ignored, please remove it to avoid potential confusion&#34;
E            Network pytest15983_default  Creating
E            Network pytest15983_default  Created
E            Container pytest15983-db-1  Creating
E            Container pytest15983-db-1  Created
E            Container pytest15983-odoo-1  Creating
E            Container pytest15983-odoo-1  Created
E            Container pytest15983-db-1  Starting
E           Error response from daemon: failed to set up container networking: driver failed programming external connectivity on endpoint pytest15983-db-1 (b2dfbb2dab4ae421d7bcb752082863a2230ac9d460ea17b7bf808eddebf85722): Bind for 0.0.0.0:5432 failed: port is already allocated
E           &#34;&#34;&#34;.

.venv/lib/python3.12/site-packages/pytest_docker/plugin.py:35: Exception</pre>
                        
                        

                        
                        
                        
                    </div>
                
                </div>
            </div>
            
            <div class="testclass">
                <h4>test_minimal_requirements.TestRNF4</h4>
                <div class="testcases">
                
                    <div class="test outcome outcome-failed">
                        <a id="cf2fd978-25f4-4671-b5d2-5c2d13841e0e"></a>
                        <table class="proplist">
                            <tr><th>Test case:</th><td><b>test_vistas_en_ficheros_individuales</b></td></tr>
                            <tr><th>Outcome:</th><td>Failed</td></tr>
                            <tr><th>Duration:</th><td>0.0 sec</td></tr>
                        
                            <tr><th>Failed</th><td>failed on setup with &#34;Exception: Command docker compose -f &#34;/home/ubuntu/SGE-tester-B/projects/docker-compose.yml&#34; -p &#34;pytest15983&#34; up --build -d returned 1: &#34;&#34;&#34;time=&#34;2026-01-13T13:06:11Z&#34; level=warning msg=&#34;/home/ubuntu/SGE-tester-B/projects/docker-compose.yml: the attribute `version` is obsolete, it will be ignored, please remove it to avoid potential confusion&#34;
 Network pytest15983_default  Creating
 Network pytest15983_default  Created
 Container pytest15983-db-1  Creating
 Container pytest15983-db-1  Created
 Container pytest15983-odoo-1  Creating
 Container pytest15983-odoo-1  Created
 Container pytest15983-db-1  Starting
Error response from daemon: failed to set up container networking: driver failed programming external connectivity on endpoint pytest15983-db-1 (b2dfbb2dab4ae421d7bcb752082863a2230ac9d460ea17b7bf808eddebf85722): Bind for 0.0.0.0:5432 failed: port is already allocated
&#34;&#34;&#34;.&#34;</td></tr>
                        
                        
                        </table>

                        
                        <pre>docker_compose_command = &#39;docker compose&#39;
docker_compose_file = &#39;/home/ubuntu/SGE-tester-B/projects/docker-compose.yml&#39;
docker_compose_project_name = &#39;pytest15983&#39;, docker_setup = [&#39;up --build -d&#39;]
docker_cleanup = [&#39;down -v&#39;]

    @pytest.fixture(scope=containers_scope)
    def docker_services(
        docker_compose_command: str,
        docker_compose_file: Union[List[str], str],
        docker_compose_project_name: str,
        docker_setup: str,
        docker_cleanup: str,
    ) -&gt; Iterator[Services]:
        &#34;&#34;&#34;Start all services from a docker compose file (`docker-compose up`).
        After test are finished, shutdown all services (`docker-compose down`).&#34;&#34;&#34;
    
&gt;       with get_docker_services(
            docker_compose_command,
            docker_compose_file,
            docker_compose_project_name,
            docker_setup,
            docker_cleanup,
        ) as docker_service:

.venv/lib/python3.12/site-packages/pytest_docker/plugin.py:238: 
_ _ _ _ _ _ _ _ _ _ _ _ _ _ _ _ _ _ _ _ _ _ _ _ _ _ _ _ _ _ _ _ _ _ _ _ _ _ _ _ 
/usr/lib/python3.12/contextlib.py:137: in __enter__
    return next(self.gen)
.venv/lib/python3.12/site-packages/pytest_docker/plugin.py:212: in get_docker_services
    docker_compose.execute(command)
.venv/lib/python3.12/site-packages/pytest_docker/plugin.py:140: in execute
    return execute(command)
_ _ _ _ _ _ _ _ _ _ _ _ _ _ _ _ _ _ _ _ _ _ _ _ _ _ _ _ _ _ _ _ _ _ _ _ _ _ _ _ 

command = &#39;docker compose -f &#34;/home/ubuntu/SGE-tester-B/projects/docker-compose.yml&#34; -p &#34;pytest15983&#34; up --build -d&#39;
success_codes = (0,)

    def execute(command: str, success_codes: Iterable[int] = (0,)) -&gt; Union[bytes, Any]:
        &#34;&#34;&#34;Run a shell command.&#34;&#34;&#34;
        try:
            output = subprocess.check_output(command, stderr=subprocess.STDOUT, shell=True)
            status = 0
        except subprocess.CalledProcessError as error:
            output = error.output or b&#34;&#34;
            status = error.returncode
            command = error.cmd
    
        if status not in success_codes:
&gt;           raise Exception(
                &#39;Command {} returned {}: &#34;&#34;&#34;{}&#34;&#34;&#34;.&#39;.format(command, status, output.decode(&#34;utf-8&#34;))
            )
E           Exception: Command docker compose -f &#34;/home/ubuntu/SGE-tester-B/projects/docker-compose.yml&#34; -p &#34;pytest15983&#34; up --build -d returned 1: &#34;&#34;&#34;time=&#34;2026-01-13T13:06:11Z&#34; level=warning msg=&#34;/home/ubuntu/SGE-tester-B/projects/docker-compose.yml: the attribute `version` is obsolete, it will be ignored, please remove it to avoid potential confusion&#34;
E            Network pytest15983_default  Creating
E            Network pytest15983_default  Created
E            Container pytest15983-db-1  Creating
E            Container pytest15983-db-1  Created
E            Container pytest15983-odoo-1  Creating
E            Container pytest15983-odoo-1  Created
E            Container pytest15983-db-1  Starting
E           Error response from daemon: failed to set up container networking: driver failed programming external connectivity on endpoint pytest15983-db-1 (b2dfbb2dab4ae421d7bcb752082863a2230ac9d460ea17b7bf808eddebf85722): Bind for 0.0.0.0:5432 failed: port is already allocated
E           &#34;&#34;&#34;.

.venv/lib/python3.12/site-packages/pytest_docker/plugin.py:35: Exception</pre>
                        
                        

                        
                        
                        
                    </div>
                
                </div>
            </div>
            
            <div class="testclass">
                <h4>test_minimal_requirements.TestRNF5</h4>
                <div class="testcases">
                
                    <div class="test outcome outcome-failed">
                        <a id="5f36f525-8af2-4f7f-a2f4-791c7b4d28f5"></a>
                        <table class="proplist">
                            <tr><th>Test case:</th><td><b>test_modelos_tienen_algun_posible_campo_imagen</b></td></tr>
                            <tr><th>Outcome:</th><td>Failed</td></tr>
                            <tr><th>Duration:</th><td>0.0 sec</td></tr>
                        
                            <tr><th>Failed</th><td>failed on setup with &#34;Exception: Command docker compose -f &#34;/home/ubuntu/SGE-tester-B/projects/docker-compose.yml&#34; -p &#34;pytest15983&#34; up --build -d returned 1: &#34;&#34;&#34;time=&#34;2026-01-13T13:06:11Z&#34; level=warning msg=&#34;/home/ubuntu/SGE-tester-B/projects/docker-compose.yml: the attribute `version` is obsolete, it will be ignored, please remove it to avoid potential confusion&#34;
 Network pytest15983_default  Creating
 Network pytest15983_default  Created
 Container pytest15983-db-1  Creating
 Container pytest15983-db-1  Created
 Container pytest15983-odoo-1  Creating
 Container pytest15983-odoo-1  Created
 Container pytest15983-db-1  Starting
Error response from daemon: failed to set up container networking: driver failed programming external connectivity on endpoint pytest15983-db-1 (b2dfbb2dab4ae421d7bcb752082863a2230ac9d460ea17b7bf808eddebf85722): Bind for 0.0.0.0:5432 failed: port is already allocated
&#34;&#34;&#34;.&#34;</td></tr>
                        
                        
                        </table>

                        
                        <pre>docker_compose_command = &#39;docker compose&#39;
docker_compose_file = &#39;/home/ubuntu/SGE-tester-B/projects/docker-compose.yml&#39;
docker_compose_project_name = &#39;pytest15983&#39;, docker_setup = [&#39;up --build -d&#39;]
docker_cleanup = [&#39;down -v&#39;]

    @pytest.fixture(scope=containers_scope)
    def docker_services(
        docker_compose_command: str,
        docker_compose_file: Union[List[str], str],
        docker_compose_project_name: str,
        docker_setup: str,
        docker_cleanup: str,
    ) -&gt; Iterator[Services]:
        &#34;&#34;&#34;Start all services from a docker compose file (`docker-compose up`).
        After test are finished, shutdown all services (`docker-compose down`).&#34;&#34;&#34;
    
&gt;       with get_docker_services(
            docker_compose_command,
            docker_compose_file,
            docker_compose_project_name,
            docker_setup,
            docker_cleanup,
        ) as docker_service:

.venv/lib/python3.12/site-packages/pytest_docker/plugin.py:238: 
_ _ _ _ _ _ _ _ _ _ _ _ _ _ _ _ _ _ _ _ _ _ _ _ _ _ _ _ _ _ _ _ _ _ _ _ _ _ _ _ 
/usr/lib/python3.12/contextlib.py:137: in __enter__
    return next(self.gen)
.venv/lib/python3.12/site-packages/pytest_docker/plugin.py:212: in get_docker_services
    docker_compose.execute(command)
.venv/lib/python3.12/site-packages/pytest_docker/plugin.py:140: in execute
    return execute(command)
_ _ _ _ _ _ _ _ _ _ _ _ _ _ _ _ _ _ _ _ _ _ _ _ _ _ _ _ _ _ _ _ _ _ _ _ _ _ _ _ 

command = &#39;docker compose -f &#34;/home/ubuntu/SGE-tester-B/projects/docker-compose.yml&#34; -p &#34;pytest15983&#34; up --build -d&#39;
success_codes = (0,)

    def execute(command: str, success_codes: Iterable[int] = (0,)) -&gt; Union[bytes, Any]:
        &#34;&#34;&#34;Run a shell command.&#34;&#34;&#34;
        try:
            output = subprocess.check_output(command, stderr=subprocess.STDOUT, shell=True)
            status = 0
        except subprocess.CalledProcessError as error:
            output = error.output or b&#34;&#34;
            status = error.returncode
            command = error.cmd
    
        if status not in success_codes:
&gt;           raise Exception(
                &#39;Command {} returned {}: &#34;&#34;&#34;{}&#34;&#34;&#34;.&#39;.format(command, status, output.decode(&#34;utf-8&#34;))
            )
E           Exception: Command docker compose -f &#34;/home/ubuntu/SGE-tester-B/projects/docker-compose.yml&#34; -p &#34;pytest15983&#34; up --build -d returned 1: &#34;&#34;&#34;time=&#34;2026-01-13T13:06:11Z&#34; level=warning msg=&#34;/home/ubuntu/SGE-tester-B/projects/docker-compose.yml: the attribute `version` is obsolete, it will be ignored, please remove it to avoid potential confusion&#34;
E            Network pytest15983_default  Creating
E            Network pytest15983_default  Created
E            Container pytest15983-db-1  Creating
E            Container pytest15983-db-1  Created
E            Container pytest15983-odoo-1  Creating
E            Container pytest15983-odoo-1  Created
E            Container pytest15983-db-1  Starting
E           Error response from daemon: failed to set up container networking: driver failed programming external connectivity on endpoint pytest15983-db-1 (b2dfbb2dab4ae421d7bcb752082863a2230ac9d460ea17b7bf808eddebf85722): Bind for 0.0.0.0:5432 failed: port is already allocated
E           &#34;&#34;&#34;.

.venv/lib/python3.12/site-packages/pytest_docker/plugin.py:35: Exception</pre>
                        
                        

                        
                        
                        
                    </div>
                
                    <div class="test outcome outcome-failed">
                        <a id="df696767-3d42-403f-8c0a-b5a9b7e6ac77"></a>
                        <table class="proplist">
                            <tr><th>Test case:</th><td><b>test_alguna_vista_tiene_campo_imagen</b></td></tr>
                            <tr><th>Outcome:</th><td>Failed</td></tr>
                            <tr><th>Duration:</th><td>0.0 sec</td></tr>
                        
                            <tr><th>Failed</th><td>failed on setup with &#34;Exception: Command docker compose -f &#34;/home/ubuntu/SGE-tester-B/projects/docker-compose.yml&#34; -p &#34;pytest15983&#34; up --build -d returned 1: &#34;&#34;&#34;time=&#34;2026-01-13T13:06:11Z&#34; level=warning msg=&#34;/home/ubuntu/SGE-tester-B/projects/docker-compose.yml: the attribute `version` is obsolete, it will be ignored, please remove it to avoid potential confusion&#34;
 Network pytest15983_default  Creating
 Network pytest15983_default  Created
 Container pytest15983-db-1  Creating
 Container pytest15983-db-1  Created
 Container pytest15983-odoo-1  Creating
 Container pytest15983-odoo-1  Created
 Container pytest15983-db-1  Starting
Error response from daemon: failed to set up container networking: driver failed programming external connectivity on endpoint pytest15983-db-1 (b2dfbb2dab4ae421d7bcb752082863a2230ac9d460ea17b7bf808eddebf85722): Bind for 0.0.0.0:5432 failed: port is already allocated
&#34;&#34;&#34;.&#34;</td></tr>
                        
                        
                        </table>

                        
                        <pre>docker_compose_command = &#39;docker compose&#39;
docker_compose_file = &#39;/home/ubuntu/SGE-tester-B/projects/docker-compose.yml&#39;
docker_compose_project_name = &#39;pytest15983&#39;, docker_setup = [&#39;up --build -d&#39;]
docker_cleanup = [&#39;down -v&#39;]

    @pytest.fixture(scope=containers_scope)
    def docker_services(
        docker_compose_command: str,
        docker_compose_file: Union[List[str], str],
        docker_compose_project_name: str,
        docker_setup: str,
        docker_cleanup: str,
    ) -&gt; Iterator[Services]:
        &#34;&#34;&#34;Start all services from a docker compose file (`docker-compose up`).
        After test are finished, shutdown all services (`docker-compose down`).&#34;&#34;&#34;
    
&gt;       with get_docker_services(
            docker_compose_command,
            docker_compose_file,
            docker_compose_project_name,
            docker_setup,
            docker_cleanup,
        ) as docker_service:

.venv/lib/python3.12/site-packages/pytest_docker/plugin.py:238: 
_ _ _ _ _ _ _ _ _ _ _ _ _ _ _ _ _ _ _ _ _ _ _ _ _ _ _ _ _ _ _ _ _ _ _ _ _ _ _ _ 
/usr/lib/python3.12/contextlib.py:137: in __enter__
    return next(self.gen)
.venv/lib/python3.12/site-packages/pytest_docker/plugin.py:212: in get_docker_services
    docker_compose.execute(command)
.venv/lib/python3.12/site-packages/pytest_docker/plugin.py:140: in execute
    return execute(command)
_ _ _ _ _ _ _ _ _ _ _ _ _ _ _ _ _ _ _ _ _ _ _ _ _ _ _ _ _ _ _ _ _ _ _ _ _ _ _ _ 

command = &#39;docker compose -f &#34;/home/ubuntu/SGE-tester-B/projects/docker-compose.yml&#34; -p &#34;pytest15983&#34; up --build -d&#39;
success_codes = (0,)

    def execute(command: str, success_codes: Iterable[int] = (0,)) -&gt; Union[bytes, Any]:
        &#34;&#34;&#34;Run a shell command.&#34;&#34;&#34;
        try:
            output = subprocess.check_output(command, stderr=subprocess.STDOUT, shell=True)
            status = 0
        except subprocess.CalledProcessError as error:
            output = error.output or b&#34;&#34;
            status = error.returncode
            command = error.cmd
    
        if status not in success_codes:
&gt;           raise Exception(
                &#39;Command {} returned {}: &#34;&#34;&#34;{}&#34;&#34;&#34;.&#39;.format(command, status, output.decode(&#34;utf-8&#34;))
            )
E           Exception: Command docker compose -f &#34;/home/ubuntu/SGE-tester-B/projects/docker-compose.yml&#34; -p &#34;pytest15983&#34; up --build -d returned 1: &#34;&#34;&#34;time=&#34;2026-01-13T13:06:11Z&#34; level=warning msg=&#34;/home/ubuntu/SGE-tester-B/projects/docker-compose.yml: the attribute `version` is obsolete, it will be ignored, please remove it to avoid potential confusion&#34;
E            Network pytest15983_default  Creating
E            Network pytest15983_default  Created
E            Container pytest15983-db-1  Creating
E            Container pytest15983-db-1  Created
E            Container pytest15983-odoo-1  Creating
E            Container pytest15983-odoo-1  Created
E            Container pytest15983-db-1  Starting
E           Error response from daemon: failed to set up container networking: driver failed programming external connectivity on endpoint pytest15983-db-1 (b2dfbb2dab4ae421d7bcb752082863a2230ac9d460ea17b7bf808eddebf85722): Bind for 0.0.0.0:5432 failed: port is already allocated
E           &#34;&#34;&#34;.

.venv/lib/python3.12/site-packages/pytest_docker/plugin.py:35: Exception</pre>
                        
                        

                        
                        
                        
                    </div>
                
                </div>
            </div>
            
            <div class="testclass">
                <h4>test_minimal_requirements.TestRNF6</h4>
                <div class="testcases">
                
                    <div class="test outcome outcome-failed">
                        <a id="89b81739-63be-4718-8b6f-29c9282d0994"></a>
                        <table class="proplist">
                            <tr><th>Test case:</th><td><b>test_modelos_tienen_acciones</b></td></tr>
                            <tr><th>Outcome:</th><td>Failed</td></tr>
                            <tr><th>Duration:</th><td>0.001 sec</td></tr>
                        
                            <tr><th>Failed</th><td>failed on setup with &#34;Exception: Command docker compose -f &#34;/home/ubuntu/SGE-tester-B/projects/docker-compose.yml&#34; -p &#34;pytest15983&#34; up --build -d returned 1: &#34;&#34;&#34;time=&#34;2026-01-13T13:06:11Z&#34; level=warning msg=&#34;/home/ubuntu/SGE-tester-B/projects/docker-compose.yml: the attribute `version` is obsolete, it will be ignored, please remove it to avoid potential confusion&#34;
 Network pytest15983_default  Creating
 Network pytest15983_default  Created
 Container pytest15983-db-1  Creating
 Container pytest15983-db-1  Created
 Container pytest15983-odoo-1  Creating
 Container pytest15983-odoo-1  Created
 Container pytest15983-db-1  Starting
Error response from daemon: failed to set up container networking: driver failed programming external connectivity on endpoint pytest15983-db-1 (b2dfbb2dab4ae421d7bcb752082863a2230ac9d460ea17b7bf808eddebf85722): Bind for 0.0.0.0:5432 failed: port is already allocated
&#34;&#34;&#34;.&#34;</td></tr>
                        
                        
                        </table>

                        
                        <pre>docker_compose_command = &#39;docker compose&#39;
docker_compose_file = &#39;/home/ubuntu/SGE-tester-B/projects/docker-compose.yml&#39;
docker_compose_project_name = &#39;pytest15983&#39;, docker_setup = [&#39;up --build -d&#39;]
docker_cleanup = [&#39;down -v&#39;]

    @pytest.fixture(scope=containers_scope)
    def docker_services(
        docker_compose_command: str,
        docker_compose_file: Union[List[str], str],
        docker_compose_project_name: str,
        docker_setup: str,
        docker_cleanup: str,
    ) -&gt; Iterator[Services]:
        &#34;&#34;&#34;Start all services from a docker compose file (`docker-compose up`).
        After test are finished, shutdown all services (`docker-compose down`).&#34;&#34;&#34;
    
&gt;       with get_docker_services(
            docker_compose_command,
            docker_compose_file,
            docker_compose_project_name,
            docker_setup,
            docker_cleanup,
        ) as docker_service:

.venv/lib/python3.12/site-packages/pytest_docker/plugin.py:238: 
_ _ _ _ _ _ _ _ _ _ _ _ _ _ _ _ _ _ _ _ _ _ _ _ _ _ _ _ _ _ _ _ _ _ _ _ _ _ _ _ 
/usr/lib/python3.12/contextlib.py:137: in __enter__
    return next(self.gen)
.venv/lib/python3.12/site-packages/pytest_docker/plugin.py:212: in get_docker_services
    docker_compose.execute(command)
.venv/lib/python3.12/site-packages/pytest_docker/plugin.py:140: in execute
    return execute(command)
_ _ _ _ _ _ _ _ _ _ _ _ _ _ _ _ _ _ _ _ _ _ _ _ _ _ _ _ _ _ _ _ _ _ _ _ _ _ _ _ 

command = &#39;docker compose -f &#34;/home/ubuntu/SGE-tester-B/projects/docker-compose.yml&#34; -p &#34;pytest15983&#34; up --build -d&#39;
success_codes = (0,)

    def execute(command: str, success_codes: Iterable[int] = (0,)) -&gt; Union[bytes, Any]:
        &#34;&#34;&#34;Run a shell command.&#34;&#34;&#34;
        try:
            output = subprocess.check_output(command, stderr=subprocess.STDOUT, shell=True)
            status = 0
        except subprocess.CalledProcessError as error:
            output = error.output or b&#34;&#34;
            status = error.returncode
            command = error.cmd
    
        if status not in success_codes:
&gt;           raise Exception(
                &#39;Command {} returned {}: &#34;&#34;&#34;{}&#34;&#34;&#34;.&#39;.format(command, status, output.decode(&#34;utf-8&#34;))
            )
E           Exception: Command docker compose -f &#34;/home/ubuntu/SGE-tester-B/projects/docker-compose.yml&#34; -p &#34;pytest15983&#34; up --build -d returned 1: &#34;&#34;&#34;time=&#34;2026-01-13T13:06:11Z&#34; level=warning msg=&#34;/home/ubuntu/SGE-tester-B/projects/docker-compose.yml: the attribute `version` is obsolete, it will be ignored, please remove it to avoid potential confusion&#34;
E            Network pytest15983_default  Creating
E            Network pytest15983_default  Created
E            Container pytest15983-db-1  Creating
E            Container pytest15983-db-1  Created
E            Container pytest15983-odoo-1  Creating
E            Container pytest15983-odoo-1  Created
E            Container pytest15983-db-1  Starting
E           Error response from daemon: failed to set up container networking: driver failed programming external connectivity on endpoint pytest15983-db-1 (b2dfbb2dab4ae421d7bcb752082863a2230ac9d460ea17b7bf808eddebf85722): Bind for 0.0.0.0:5432 failed: port is already allocated
E           &#34;&#34;&#34;.

.venv/lib/python3.12/site-packages/pytest_docker/plugin.py:35: Exception</pre>
                        
                        

                        
                        
                        
                    </div>
                
                    <div class="test outcome outcome-failed">
                        <a id="c7377918-fb94-472d-98fc-7ed5793c1476"></a>
                        <table class="proplist">
                            <tr><th>Test case:</th><td><b>test_hay_elementos_de_menu[.//menuitem[@action]]</b></td></tr>
                            <tr><th>Outcome:</th><td>Failed</td></tr>
                            <tr><th>Duration:</th><td>0.0 sec</td></tr>
                        
                            <tr><th>Failed</th><td>failed on setup with &#34;Exception: Command docker compose -f &#34;/home/ubuntu/SGE-tester-B/projects/docker-compose.yml&#34; -p &#34;pytest15983&#34; up --build -d returned 1: &#34;&#34;&#34;time=&#34;2026-01-13T13:06:11Z&#34; level=warning msg=&#34;/home/ubuntu/SGE-tester-B/projects/docker-compose.yml: the attribute `version` is obsolete, it will be ignored, please remove it to avoid potential confusion&#34;
 Network pytest15983_default  Creating
 Network pytest15983_default  Created
 Container pytest15983-db-1  Creating
 Container pytest15983-db-1  Created
 Container pytest15983-odoo-1  Creating
 Container pytest15983-odoo-1  Created
 Container pytest15983-db-1  Starting
Error response from daemon: failed to set up container networking: driver failed programming external connectivity on endpoint pytest15983-db-1 (b2dfbb2dab4ae421d7bcb752082863a2230ac9d460ea17b7bf808eddebf85722): Bind for 0.0.0.0:5432 failed: port is already allocated
&#34;&#34;&#34;.&#34;</td></tr>
                        
                        
                        </table>

                        
                        <pre>docker_compose_command = &#39;docker compose&#39;
docker_compose_file = &#39;/home/ubuntu/SGE-tester-B/projects/docker-compose.yml&#39;
docker_compose_project_name = &#39;pytest15983&#39;, docker_setup = [&#39;up --build -d&#39;]
docker_cleanup = [&#39;down -v&#39;]

    @pytest.fixture(scope=containers_scope)
    def docker_services(
        docker_compose_command: str,
        docker_compose_file: Union[List[str], str],
        docker_compose_project_name: str,
        docker_setup: str,
        docker_cleanup: str,
    ) -&gt; Iterator[Services]:
        &#34;&#34;&#34;Start all services from a docker compose file (`docker-compose up`).
        After test are finished, shutdown all services (`docker-compose down`).&#34;&#34;&#34;
    
&gt;       with get_docker_services(
            docker_compose_command,
            docker_compose_file,
            docker_compose_project_name,
            docker_setup,
            docker_cleanup,
        ) as docker_service:

.venv/lib/python3.12/site-packages/pytest_docker/plugin.py:238: 
_ _ _ _ _ _ _ _ _ _ _ _ _ _ _ _ _ _ _ _ _ _ _ _ _ _ _ _ _ _ _ _ _ _ _ _ _ _ _ _ 
/usr/lib/python3.12/contextlib.py:137: in __enter__
    return next(self.gen)
.venv/lib/python3.12/site-packages/pytest_docker/plugin.py:212: in get_docker_services
    docker_compose.execute(command)
.venv/lib/python3.12/site-packages/pytest_docker/plugin.py:140: in execute
    return execute(command)
_ _ _ _ _ _ _ _ _ _ _ _ _ _ _ _ _ _ _ _ _ _ _ _ _ _ _ _ _ _ _ _ _ _ _ _ _ _ _ _ 

command = &#39;docker compose -f &#34;/home/ubuntu/SGE-tester-B/projects/docker-compose.yml&#34; -p &#34;pytest15983&#34; up --build -d&#39;
success_codes = (0,)

    def execute(command: str, success_codes: Iterable[int] = (0,)) -&gt; Union[bytes, Any]:
        &#34;&#34;&#34;Run a shell command.&#34;&#34;&#34;
        try:
            output = subprocess.check_output(command, stderr=subprocess.STDOUT, shell=True)
            status = 0
        except subprocess.CalledProcessError as error:
            output = error.output or b&#34;&#34;
            status = error.returncode
            command = error.cmd
    
        if status not in success_codes:
&gt;           raise Exception(
                &#39;Command {} returned {}: &#34;&#34;&#34;{}&#34;&#34;&#34;.&#39;.format(command, status, output.decode(&#34;utf-8&#34;))
            )
E           Exception: Command docker compose -f &#34;/home/ubuntu/SGE-tester-B/projects/docker-compose.yml&#34; -p &#34;pytest15983&#34; up --build -d returned 1: &#34;&#34;&#34;time=&#34;2026-01-13T13:06:11Z&#34; level=warning msg=&#34;/home/ubuntu/SGE-tester-B/projects/docker-compose.yml: the attribute `version` is obsolete, it will be ignored, please remove it to avoid potential confusion&#34;
E            Network pytest15983_default  Creating
E            Network pytest15983_default  Created
E            Container pytest15983-db-1  Creating
E            Container pytest15983-db-1  Created
E            Container pytest15983-odoo-1  Creating
E            Container pytest15983-odoo-1  Created
E            Container pytest15983-db-1  Starting
E           Error response from daemon: failed to set up container networking: driver failed programming external connectivity on endpoint pytest15983-db-1 (b2dfbb2dab4ae421d7bcb752082863a2230ac9d460ea17b7bf808eddebf85722): Bind for 0.0.0.0:5432 failed: port is already allocated
E           &#34;&#34;&#34;.

.venv/lib/python3.12/site-packages/pytest_docker/plugin.py:35: Exception</pre>
                        
                        

                        
                        
                        
                    </div>
                
                </div>
            </div>
            
            <div class="testclass">
                <h4>test_minimal_requirements.TestRNF7</h4>
                <div class="testcases">
                
                    <div class="test outcome outcome-failed">
                        <a id="6cbe4e2a-b136-4b83-b1bb-af55f197b5ac"></a>
                        <table class="proplist">
                            <tr><th>Test case:</th><td><b>test_modelos_tienen_permisos</b></td></tr>
                            <tr><th>Outcome:</th><td>Failed</td></tr>
                            <tr><th>Duration:</th><td>0.001 sec</td></tr>
                        
                            <tr><th>Failed</th><td>failed on setup with &#34;Exception: Command docker compose -f &#34;/home/ubuntu/SGE-tester-B/projects/docker-compose.yml&#34; -p &#34;pytest15983&#34; up --build -d returned 1: &#34;&#34;&#34;time=&#34;2026-01-13T13:06:11Z&#34; level=warning msg=&#34;/home/ubuntu/SGE-tester-B/projects/docker-compose.yml: the attribute `version` is obsolete, it will be ignored, please remove it to avoid potential confusion&#34;
 Network pytest15983_default  Creating
 Network pytest15983_default  Created
 Container pytest15983-db-1  Creating
 Container pytest15983-db-1  Created
 Container pytest15983-odoo-1  Creating
 Container pytest15983-odoo-1  Created
 Container pytest15983-db-1  Starting
Error response from daemon: failed to set up container networking: driver failed programming external connectivity on endpoint pytest15983-db-1 (b2dfbb2dab4ae421d7bcb752082863a2230ac9d460ea17b7bf808eddebf85722): Bind for 0.0.0.0:5432 failed: port is already allocated
&#34;&#34;&#34;.&#34;</td></tr>
                        
                        
                        </table>

                        
                        <pre>docker_compose_command = &#39;docker compose&#39;
docker_compose_file = &#39;/home/ubuntu/SGE-tester-B/projects/docker-compose.yml&#39;
docker_compose_project_name = &#39;pytest15983&#39;, docker_setup = [&#39;up --build -d&#39;]
docker_cleanup = [&#39;down -v&#39;]

    @pytest.fixture(scope=containers_scope)
    def docker_services(
        docker_compose_command: str,
        docker_compose_file: Union[List[str], str],
        docker_compose_project_name: str,
        docker_setup: str,
        docker_cleanup: str,
    ) -&gt; Iterator[Services]:
        &#34;&#34;&#34;Start all services from a docker compose file (`docker-compose up`).
        After test are finished, shutdown all services (`docker-compose down`).&#34;&#34;&#34;
    
&gt;       with get_docker_services(
            docker_compose_command,
            docker_compose_file,
            docker_compose_project_name,
            docker_setup,
            docker_cleanup,
        ) as docker_service:

.venv/lib/python3.12/site-packages/pytest_docker/plugin.py:238: 
_ _ _ _ _ _ _ _ _ _ _ _ _ _ _ _ _ _ _ _ _ _ _ _ _ _ _ _ _ _ _ _ _ _ _ _ _ _ _ _ 
/usr/lib/python3.12/contextlib.py:137: in __enter__
    return next(self.gen)
.venv/lib/python3.12/site-packages/pytest_docker/plugin.py:212: in get_docker_services
    docker_compose.execute(command)
.venv/lib/python3.12/site-packages/pytest_docker/plugin.py:140: in execute
    return execute(command)
_ _ _ _ _ _ _ _ _ _ _ _ _ _ _ _ _ _ _ _ _ _ _ _ _ _ _ _ _ _ _ _ _ _ _ _ _ _ _ _ 

command = &#39;docker compose -f &#34;/home/ubuntu/SGE-tester-B/projects/docker-compose.yml&#34; -p &#34;pytest15983&#34; up --build -d&#39;
success_codes = (0,)

    def execute(command: str, success_codes: Iterable[int] = (0,)) -&gt; Union[bytes, Any]:
        &#34;&#34;&#34;Run a shell command.&#34;&#34;&#34;
        try:
            output = subprocess.check_output(command, stderr=subprocess.STDOUT, shell=True)
            status = 0
        except subprocess.CalledProcessError as error:
            output = error.output or b&#34;&#34;
            status = error.returncode
            command = error.cmd
    
        if status not in success_codes:
&gt;           raise Exception(
                &#39;Command {} returned {}: &#34;&#34;&#34;{}&#34;&#34;&#34;.&#39;.format(command, status, output.decode(&#34;utf-8&#34;))
            )
E           Exception: Command docker compose -f &#34;/home/ubuntu/SGE-tester-B/projects/docker-compose.yml&#34; -p &#34;pytest15983&#34; up --build -d returned 1: &#34;&#34;&#34;time=&#34;2026-01-13T13:06:11Z&#34; level=warning msg=&#34;/home/ubuntu/SGE-tester-B/projects/docker-compose.yml: the attribute `version` is obsolete, it will be ignored, please remove it to avoid potential confusion&#34;
E            Network pytest15983_default  Creating
E            Network pytest15983_default  Created
E            Container pytest15983-db-1  Creating
E            Container pytest15983-db-1  Created
E            Container pytest15983-odoo-1  Creating
E            Container pytest15983-odoo-1  Created
E            Container pytest15983-db-1  Starting
E           Error response from daemon: failed to set up container networking: driver failed programming external connectivity on endpoint pytest15983-db-1 (b2dfbb2dab4ae421d7bcb752082863a2230ac9d460ea17b7bf808eddebf85722): Bind for 0.0.0.0:5432 failed: port is already allocated
E           &#34;&#34;&#34;.

.venv/lib/python3.12/site-packages/pytest_docker/plugin.py:35: Exception</pre>
                        
                        

                        
                        
                        
                    </div>
                
                </div>
            </div>
            
            <div class="testclass">
                <h4>test_minimal_requirements.TestRNF8</h4>
                <div class="testcases">
                
                    <div class="test outcome outcome-failed">
                        <a id="6e7f0479-d9c0-4f12-8ea0-6b04d45e4f1d"></a>
                        <table class="proplist">
                            <tr><th>Test case:</th><td><b>test_app_tiene_icono</b></td></tr>
                            <tr><th>Outcome:</th><td>Failed</td></tr>
                            <tr><th>Duration:</th><td>0.0 sec</td></tr>
                        
                            <tr><th>Failed</th><td>failed on setup with &#34;Exception: Command docker compose -f &#34;/home/ubuntu/SGE-tester-B/projects/docker-compose.yml&#34; -p &#34;pytest15983&#34; up --build -d returned 1: &#34;&#34;&#34;time=&#34;2026-01-13T13:06:11Z&#34; level=warning msg=&#34;/home/ubuntu/SGE-tester-B/projects/docker-compose.yml: the attribute `version` is obsolete, it will be ignored, please remove it to avoid potential confusion&#34;
 Network pytest15983_default  Creating
 Network pytest15983_default  Created
 Container pytest15983-db-1  Creating
 Container pytest15983-db-1  Created
 Container pytest15983-odoo-1  Creating
 Container pytest15983-odoo-1  Created
 Container pytest15983-db-1  Starting
Error response from daemon: failed to set up container networking: driver failed programming external connectivity on endpoint pytest15983-db-1 (b2dfbb2dab4ae421d7bcb752082863a2230ac9d460ea17b7bf808eddebf85722): Bind for 0.0.0.0:5432 failed: port is already allocated
&#34;&#34;&#34;.&#34;</td></tr>
                        
                        
                        </table>

                        
                        <pre>docker_compose_command = &#39;docker compose&#39;
docker_compose_file = &#39;/home/ubuntu/SGE-tester-B/projects/docker-compose.yml&#39;
docker_compose_project_name = &#39;pytest15983&#39;, docker_setup = [&#39;up --build -d&#39;]
docker_cleanup = [&#39;down -v&#39;]

    @pytest.fixture(scope=containers_scope)
    def docker_services(
        docker_compose_command: str,
        docker_compose_file: Union[List[str], str],
        docker_compose_project_name: str,
        docker_setup: str,
        docker_cleanup: str,
    ) -&gt; Iterator[Services]:
        &#34;&#34;&#34;Start all services from a docker compose file (`docker-compose up`).
        After test are finished, shutdown all services (`docker-compose down`).&#34;&#34;&#34;
    
&gt;       with get_docker_services(
            docker_compose_command,
            docker_compose_file,
            docker_compose_project_name,
            docker_setup,
            docker_cleanup,
        ) as docker_service:

.venv/lib/python3.12/site-packages/pytest_docker/plugin.py:238: 
_ _ _ _ _ _ _ _ _ _ _ _ _ _ _ _ _ _ _ _ _ _ _ _ _ _ _ _ _ _ _ _ _ _ _ _ _ _ _ _ 
/usr/lib/python3.12/contextlib.py:137: in __enter__
    return next(self.gen)
.venv/lib/python3.12/site-packages/pytest_docker/plugin.py:212: in get_docker_services
    docker_compose.execute(command)
.venv/lib/python3.12/site-packages/pytest_docker/plugin.py:140: in execute
    return execute(command)
_ _ _ _ _ _ _ _ _ _ _ _ _ _ _ _ _ _ _ _ _ _ _ _ _ _ _ _ _ _ _ _ _ _ _ _ _ _ _ _ 

command = &#39;docker compose -f &#34;/home/ubuntu/SGE-tester-B/projects/docker-compose.yml&#34; -p &#34;pytest15983&#34; up --build -d&#39;
success_codes = (0,)

    def execute(command: str, success_codes: Iterable[int] = (0,)) -&gt; Union[bytes, Any]:
        &#34;&#34;&#34;Run a shell command.&#34;&#34;&#34;
        try:
            output = subprocess.check_output(command, stderr=subprocess.STDOUT, shell=True)
            status = 0
        except subprocess.CalledProcessError as error:
            output = error.output or b&#34;&#34;
            status = error.returncode
            command = error.cmd
    
        if status not in success_codes:
&gt;           raise Exception(
                &#39;Command {} returned {}: &#34;&#34;&#34;{}&#34;&#34;&#34;.&#39;.format(command, status, output.decode(&#34;utf-8&#34;))
            )
E           Exception: Command docker compose -f &#34;/home/ubuntu/SGE-tester-B/projects/docker-compose.yml&#34; -p &#34;pytest15983&#34; up --build -d returned 1: &#34;&#34;&#34;time=&#34;2026-01-13T13:06:11Z&#34; level=warning msg=&#34;/home/ubuntu/SGE-tester-B/projects/docker-compose.yml: the attribute `version` is obsolete, it will be ignored, please remove it to avoid potential confusion&#34;
E            Network pytest15983_default  Creating
E            Network pytest15983_default  Created
E            Container pytest15983-db-1  Creating
E            Container pytest15983-db-1  Created
E            Container pytest15983-odoo-1  Creating
E            Container pytest15983-odoo-1  Created
E            Container pytest15983-db-1  Starting
E           Error response from daemon: failed to set up container networking: driver failed programming external connectivity on endpoint pytest15983-db-1 (b2dfbb2dab4ae421d7bcb752082863a2230ac9d460ea17b7bf808eddebf85722): Bind for 0.0.0.0:5432 failed: port is already allocated
E           &#34;&#34;&#34;.

.venv/lib/python3.12/site-packages/pytest_docker/plugin.py:35: Exception</pre>
                        
                        

                        
                        
                        
                    </div>
                
                </div>
            </div>
            
            <div class="testclass">
                <h4>test_minimal_requirements.TestRNF9</h4>
                <div class="testcases">
                
                    <div class="test outcome outcome-failed">
                        <a id="14584dd6-330f-4d6f-b534-32824b4324cd"></a>
                        <table class="proplist">
                            <tr><th>Test case:</th><td><b>test_modelos_tienen_datos_demo</b></td></tr>
                            <tr><th>Outcome:</th><td>Failed</td></tr>
                            <tr><th>Duration:</th><td>0.001 sec</td></tr>
                        
                            <tr><th>Failed</th><td>failed on setup with &#34;Exception: Command docker compose -f &#34;/home/ubuntu/SGE-tester-B/projects/docker-compose.yml&#34; -p &#34;pytest15983&#34; up --build -d returned 1: &#34;&#34;&#34;time=&#34;2026-01-13T13:06:11Z&#34; level=warning msg=&#34;/home/ubuntu/SGE-tester-B/projects/docker-compose.yml: the attribute `version` is obsolete, it will be ignored, please remove it to avoid potential confusion&#34;
 Network pytest15983_default  Creating
 Network pytest15983_default  Created
 Container pytest15983-db-1  Creating
 Container pytest15983-db-1  Created
 Container pytest15983-odoo-1  Creating
 Container pytest15983-odoo-1  Created
 Container pytest15983-db-1  Starting
Error response from daemon: failed to set up container networking: driver failed programming external connectivity on endpoint pytest15983-db-1 (b2dfbb2dab4ae421d7bcb752082863a2230ac9d460ea17b7bf808eddebf85722): Bind for 0.0.0.0:5432 failed: port is already allocated
&#34;&#34;&#34;.&#34;</td></tr>
                        
                        
                        </table>

                        
                        <pre>docker_compose_command = &#39;docker compose&#39;
docker_compose_file = &#39;/home/ubuntu/SGE-tester-B/projects/docker-compose.yml&#39;
docker_compose_project_name = &#39;pytest15983&#39;, docker_setup = [&#39;up --build -d&#39;]
docker_cleanup = [&#39;down -v&#39;]

    @pytest.fixture(scope=containers_scope)
    def docker_services(
        docker_compose_command: str,
        docker_compose_file: Union[List[str], str],
        docker_compose_project_name: str,
        docker_setup: str,
        docker_cleanup: str,
    ) -&gt; Iterator[Services]:
        &#34;&#34;&#34;Start all services from a docker compose file (`docker-compose up`).
        After test are finished, shutdown all services (`docker-compose down`).&#34;&#34;&#34;
    
&gt;       with get_docker_services(
            docker_compose_command,
            docker_compose_file,
            docker_compose_project_name,
            docker_setup,
            docker_cleanup,
        ) as docker_service:

.venv/lib/python3.12/site-packages/pytest_docker/plugin.py:238: 
_ _ _ _ _ _ _ _ _ _ _ _ _ _ _ _ _ _ _ _ _ _ _ _ _ _ _ _ _ _ _ _ _ _ _ _ _ _ _ _ 
/usr/lib/python3.12/contextlib.py:137: in __enter__
    return next(self.gen)
.venv/lib/python3.12/site-packages/pytest_docker/plugin.py:212: in get_docker_services
    docker_compose.execute(command)
.venv/lib/python3.12/site-packages/pytest_docker/plugin.py:140: in execute
    return execute(command)
_ _ _ _ _ _ _ _ _ _ _ _ _ _ _ _ _ _ _ _ _ _ _ _ _ _ _ _ _ _ _ _ _ _ _ _ _ _ _ _ 

command = &#39;docker compose -f &#34;/home/ubuntu/SGE-tester-B/projects/docker-compose.yml&#34; -p &#34;pytest15983&#34; up --build -d&#39;
success_codes = (0,)

    def execute(command: str, success_codes: Iterable[int] = (0,)) -&gt; Union[bytes, Any]:
        &#34;&#34;&#34;Run a shell command.&#34;&#34;&#34;
        try:
            output = subprocess.check_output(command, stderr=subprocess.STDOUT, shell=True)
            status = 0
        except subprocess.CalledProcessError as error:
            output = error.output or b&#34;&#34;
            status = error.returncode
            command = error.cmd
    
        if status not in success_codes:
&gt;           raise Exception(
                &#39;Command {} returned {}: &#34;&#34;&#34;{}&#34;&#34;&#34;.&#39;.format(command, status, output.decode(&#34;utf-8&#34;))
            )
E           Exception: Command docker compose -f &#34;/home/ubuntu/SGE-tester-B/projects/docker-compose.yml&#34; -p &#34;pytest15983&#34; up --build -d returned 1: &#34;&#34;&#34;time=&#34;2026-01-13T13:06:11Z&#34; level=warning msg=&#34;/home/ubuntu/SGE-tester-B/projects/docker-compose.yml: the attribute `version` is obsolete, it will be ignored, please remove it to avoid potential confusion&#34;
E            Network pytest15983_default  Creating
E            Network pytest15983_default  Created
E            Container pytest15983-db-1  Creating
E            Container pytest15983-db-1  Created
E            Container pytest15983-odoo-1  Creating
E            Container pytest15983-odoo-1  Created
E            Container pytest15983-db-1  Starting
E           Error response from daemon: failed to set up container networking: driver failed programming external connectivity on endpoint pytest15983-db-1 (b2dfbb2dab4ae421d7bcb752082863a2230ac9d460ea17b7bf808eddebf85722): Bind for 0.0.0.0:5432 failed: port is already allocated
E           &#34;&#34;&#34;.

.venv/lib/python3.12/site-packages/pytest_docker/plugin.py:35: Exception</pre>
                        
                        

                        
                        
                        
                    </div>
                
                </div>
            </div>
            
            <div class="testclass">
                <h4>test_minimal_requirements.TestRNFGit</h4>
                <div class="testcases">
                
                    <div class="test outcome outcome-failed">
                        <a id="64ff0a46-46d7-4114-86ed-9ec3560b4d91"></a>
                        <table class="proplist">
                            <tr><th>Test case:</th><td><b>test_git_commit_frecuentes</b></td></tr>
                            <tr><th>Outcome:</th><td>Failed</td></tr>
                            <tr><th>Duration:</th><td>0.001 sec</td></tr>
                        
                            <tr><th>Failed</th><td>failed on setup with &#34;Exception: Command docker compose -f &#34;/home/ubuntu/SGE-tester-B/projects/docker-compose.yml&#34; -p &#34;pytest15983&#34; up --build -d returned 1: &#34;&#34;&#34;time=&#34;2026-01-13T13:06:11Z&#34; level=warning msg=&#34;/home/ubuntu/SGE-tester-B/projects/docker-compose.yml: the attribute `version` is obsolete, it will be ignored, please remove it to avoid potential confusion&#34;
 Network pytest15983_default  Creating
 Network pytest15983_default  Created
 Container pytest15983-db-1  Creating
 Container pytest15983-db-1  Created
 Container pytest15983-odoo-1  Creating
 Container pytest15983-odoo-1  Created
 Container pytest15983-db-1  Starting
Error response from daemon: failed to set up container networking: driver failed programming external connectivity on endpoint pytest15983-db-1 (b2dfbb2dab4ae421d7bcb752082863a2230ac9d460ea17b7bf808eddebf85722): Bind for 0.0.0.0:5432 failed: port is already allocated
&#34;&#34;&#34;.&#34;</td></tr>
                        
                        
                        </table>

                        
                        <pre>docker_compose_command = &#39;docker compose&#39;
docker_compose_file = &#39;/home/ubuntu/SGE-tester-B/projects/docker-compose.yml&#39;
docker_compose_project_name = &#39;pytest15983&#39;, docker_setup = [&#39;up --build -d&#39;]
docker_cleanup = [&#39;down -v&#39;]

    @pytest.fixture(scope=containers_scope)
    def docker_services(
        docker_compose_command: str,
        docker_compose_file: Union[List[str], str],
        docker_compose_project_name: str,
        docker_setup: str,
        docker_cleanup: str,
    ) -&gt; Iterator[Services]:
        &#34;&#34;&#34;Start all services from a docker compose file (`docker-compose up`).
        After test are finished, shutdown all services (`docker-compose down`).&#34;&#34;&#34;
    
&gt;       with get_docker_services(
            docker_compose_command,
            docker_compose_file,
            docker_compose_project_name,
            docker_setup,
            docker_cleanup,
        ) as docker_service:

.venv/lib/python3.12/site-packages/pytest_docker/plugin.py:238: 
_ _ _ _ _ _ _ _ _ _ _ _ _ _ _ _ _ _ _ _ _ _ _ _ _ _ _ _ _ _ _ _ _ _ _ _ _ _ _ _ 
/usr/lib/python3.12/contextlib.py:137: in __enter__
    return next(self.gen)
.venv/lib/python3.12/site-packages/pytest_docker/plugin.py:212: in get_docker_services
    docker_compose.execute(command)
.venv/lib/python3.12/site-packages/pytest_docker/plugin.py:140: in execute
    return execute(command)
_ _ _ _ _ _ _ _ _ _ _ _ _ _ _ _ _ _ _ _ _ _ _ _ _ _ _ _ _ _ _ _ _ _ _ _ _ _ _ _ 

command = &#39;docker compose -f &#34;/home/ubuntu/SGE-tester-B/projects/docker-compose.yml&#34; -p &#34;pytest15983&#34; up --build -d&#39;
success_codes = (0,)

    def execute(command: str, success_codes: Iterable[int] = (0,)) -&gt; Union[bytes, Any]:
        &#34;&#34;&#34;Run a shell command.&#34;&#34;&#34;
        try:
            output = subprocess.check_output(command, stderr=subprocess.STDOUT, shell=True)
            status = 0
        except subprocess.CalledProcessError as error:
            output = error.output or b&#34;&#34;
            status = error.returncode
            command = error.cmd
    
        if status not in success_codes:
&gt;           raise Exception(
                &#39;Command {} returned {}: &#34;&#34;&#34;{}&#34;&#34;&#34;.&#39;.format(command, status, output.decode(&#34;utf-8&#34;))
            )
E           Exception: Command docker compose -f &#34;/home/ubuntu/SGE-tester-B/projects/docker-compose.yml&#34; -p &#34;pytest15983&#34; up --build -d returned 1: &#34;&#34;&#34;time=&#34;2026-01-13T13:06:11Z&#34; level=warning msg=&#34;/home/ubuntu/SGE-tester-B/projects/docker-compose.yml: the attribute `version` is obsolete, it will be ignored, please remove it to avoid potential confusion&#34;
E            Network pytest15983_default  Creating
E            Network pytest15983_default  Created
E            Container pytest15983-db-1  Creating
E            Container pytest15983-db-1  Created
E            Container pytest15983-odoo-1  Creating
E            Container pytest15983-odoo-1  Created
E            Container pytest15983-db-1  Starting
E           Error response from daemon: failed to set up container networking: driver failed programming external connectivity on endpoint pytest15983-db-1 (b2dfbb2dab4ae421d7bcb752082863a2230ac9d460ea17b7bf808eddebf85722): Bind for 0.0.0.0:5432 failed: port is already allocated
E           &#34;&#34;&#34;.

.venv/lib/python3.12/site-packages/pytest_docker/plugin.py:35: Exception</pre>
                        
                        

                        
                        
                        
                    </div>
                
                </div>
            </div>
            
            <div class="testclass">
                <h4>test_minimal_requirements.TestRNFCalidad</h4>
                <div class="testcases">
                
                    <div class="test outcome outcome-failed">
                        <a id="d5f8a39e-b5c9-49dc-a16f-23491a304761"></a>
                        <table class="proplist">
                            <tr><th>Test case:</th><td><b>test_odoo_disponible</b></td></tr>
                            <tr><th>Outcome:</th><td>Failed</td></tr>
                            <tr><th>Duration:</th><td>0.0 sec</td></tr>
                        
                            <tr><th>Failed</th><td>failed on setup with &#34;Exception: Command docker compose -f &#34;/home/ubuntu/SGE-tester-B/projects/docker-compose.yml&#34; -p &#34;pytest15983&#34; up --build -d returned 1: &#34;&#34;&#34;time=&#34;2026-01-13T13:06:11Z&#34; level=warning msg=&#34;/home/ubuntu/SGE-tester-B/projects/docker-compose.yml: the attribute `version` is obsolete, it will be ignored, please remove it to avoid potential confusion&#34;
 Network pytest15983_default  Creating
 Network pytest15983_default  Created
 Container pytest15983-db-1  Creating
 Container pytest15983-db-1  Created
 Container pytest15983-odoo-1  Creating
 Container pytest15983-odoo-1  Created
 Container pytest15983-db-1  Starting
Error response from daemon: failed to set up container networking: driver failed programming external connectivity on endpoint pytest15983-db-1 (b2dfbb2dab4ae421d7bcb752082863a2230ac9d460ea17b7bf808eddebf85722): Bind for 0.0.0.0:5432 failed: port is already allocated
&#34;&#34;&#34;.&#34;</td></tr>
                        
                        
                        </table>

                        
                        <pre>docker_compose_command = &#39;docker compose&#39;
docker_compose_file = &#39;/home/ubuntu/SGE-tester-B/projects/docker-compose.yml&#39;
docker_compose_project_name = &#39;pytest15983&#39;, docker_setup = [&#39;up --build -d&#39;]
docker_cleanup = [&#39;down -v&#39;]

    @pytest.fixture(scope=containers_scope)
    def docker_services(
        docker_compose_command: str,
        docker_compose_file: Union[List[str], str],
        docker_compose_project_name: str,
        docker_setup: str,
        docker_cleanup: str,
    ) -&gt; Iterator[Services]:
        &#34;&#34;&#34;Start all services from a docker compose file (`docker-compose up`).
        After test are finished, shutdown all services (`docker-compose down`).&#34;&#34;&#34;
    
&gt;       with get_docker_services(
            docker_compose_command,
            docker_compose_file,
            docker_compose_project_name,
            docker_setup,
            docker_cleanup,
        ) as docker_service:

.venv/lib/python3.12/site-packages/pytest_docker/plugin.py:238: 
_ _ _ _ _ _ _ _ _ _ _ _ _ _ _ _ _ _ _ _ _ _ _ _ _ _ _ _ _ _ _ _ _ _ _ _ _ _ _ _ 
/usr/lib/python3.12/contextlib.py:137: in __enter__
    return next(self.gen)
.venv/lib/python3.12/site-packages/pytest_docker/plugin.py:212: in get_docker_services
    docker_compose.execute(command)
.venv/lib/python3.12/site-packages/pytest_docker/plugin.py:140: in execute
    return execute(command)
_ _ _ _ _ _ _ _ _ _ _ _ _ _ _ _ _ _ _ _ _ _ _ _ _ _ _ _ _ _ _ _ _ _ _ _ _ _ _ _ 

command = &#39;docker compose -f &#34;/home/ubuntu/SGE-tester-B/projects/docker-compose.yml&#34; -p &#34;pytest15983&#34; up --build -d&#39;
success_codes = (0,)

    def execute(command: str, success_codes: Iterable[int] = (0,)) -&gt; Union[bytes, Any]:
        &#34;&#34;&#34;Run a shell command.&#34;&#34;&#34;
        try:
            output = subprocess.check_output(command, stderr=subprocess.STDOUT, shell=True)
            status = 0
        except subprocess.CalledProcessError as error:
            output = error.output or b&#34;&#34;
            status = error.returncode
            command = error.cmd
    
        if status not in success_codes:
&gt;           raise Exception(
                &#39;Command {} returned {}: &#34;&#34;&#34;{}&#34;&#34;&#34;.&#39;.format(command, status, output.decode(&#34;utf-8&#34;))
            )
E           Exception: Command docker compose -f &#34;/home/ubuntu/SGE-tester-B/projects/docker-compose.yml&#34; -p &#34;pytest15983&#34; up --build -d returned 1: &#34;&#34;&#34;time=&#34;2026-01-13T13:06:11Z&#34; level=warning msg=&#34;/home/ubuntu/SGE-tester-B/projects/docker-compose.yml: the attribute `version` is obsolete, it will be ignored, please remove it to avoid potential confusion&#34;
E            Network pytest15983_default  Creating
E            Network pytest15983_default  Created
E            Container pytest15983-db-1  Creating
E            Container pytest15983-db-1  Created
E            Container pytest15983-odoo-1  Creating
E            Container pytest15983-odoo-1  Created
E            Container pytest15983-db-1  Starting
E           Error response from daemon: failed to set up container networking: driver failed programming external connectivity on endpoint pytest15983-db-1 (b2dfbb2dab4ae421d7bcb752082863a2230ac9d460ea17b7bf808eddebf85722): Bind for 0.0.0.0:5432 failed: port is already allocated
E           &#34;&#34;&#34;.

.venv/lib/python3.12/site-packages/pytest_docker/plugin.py:35: Exception</pre>
                        
                        

                        
                        
                        
                    </div>
                
                    <div class="test outcome outcome-failed">
                        <a id="c4d78e9b-8a1e-44bc-818d-d8b43816f42e"></a>
                        <table class="proplist">
                            <tr><th>Test case:</th><td><b>test_app_instalada</b></td></tr>
                            <tr><th>Outcome:</th><td>Failed</td></tr>
                            <tr><th>Duration:</th><td>0.0 sec</td></tr>
                        
                            <tr><th>Failed</th><td>failed on setup with &#34;Exception: Command docker compose -f &#34;/home/ubuntu/SGE-tester-B/projects/docker-compose.yml&#34; -p &#34;pytest15983&#34; up --build -d returned 1: &#34;&#34;&#34;time=&#34;2026-01-13T13:06:11Z&#34; level=warning msg=&#34;/home/ubuntu/SGE-tester-B/projects/docker-compose.yml: the attribute `version` is obsolete, it will be ignored, please remove it to avoid potential confusion&#34;
 Network pytest15983_default  Creating
 Network pytest15983_default  Created
 Container pytest15983-db-1  Creating
 Container pytest15983-db-1  Created
 Container pytest15983-odoo-1  Creating
 Container pytest15983-odoo-1  Created
 Container pytest15983-db-1  Starting
Error response from daemon: failed to set up container networking: driver failed programming external connectivity on endpoint pytest15983-db-1 (b2dfbb2dab4ae421d7bcb752082863a2230ac9d460ea17b7bf808eddebf85722): Bind for 0.0.0.0:5432 failed: port is already allocated
&#34;&#34;&#34;.&#34;</td></tr>
                        
                        
                        </table>

                        
                        <pre>docker_compose_command = &#39;docker compose&#39;
docker_compose_file = &#39;/home/ubuntu/SGE-tester-B/projects/docker-compose.yml&#39;
docker_compose_project_name = &#39;pytest15983&#39;, docker_setup = [&#39;up --build -d&#39;]
docker_cleanup = [&#39;down -v&#39;]

    @pytest.fixture(scope=containers_scope)
    def docker_services(
        docker_compose_command: str,
        docker_compose_file: Union[List[str], str],
        docker_compose_project_name: str,
        docker_setup: str,
        docker_cleanup: str,
    ) -&gt; Iterator[Services]:
        &#34;&#34;&#34;Start all services from a docker compose file (`docker-compose up`).
        After test are finished, shutdown all services (`docker-compose down`).&#34;&#34;&#34;
    
&gt;       with get_docker_services(
            docker_compose_command,
            docker_compose_file,
            docker_compose_project_name,
            docker_setup,
            docker_cleanup,
        ) as docker_service:

.venv/lib/python3.12/site-packages/pytest_docker/plugin.py:238: 
_ _ _ _ _ _ _ _ _ _ _ _ _ _ _ _ _ _ _ _ _ _ _ _ _ _ _ _ _ _ _ _ _ _ _ _ _ _ _ _ 
/usr/lib/python3.12/contextlib.py:137: in __enter__
    return next(self.gen)
.venv/lib/python3.12/site-packages/pytest_docker/plugin.py:212: in get_docker_services
    docker_compose.execute(command)
.venv/lib/python3.12/site-packages/pytest_docker/plugin.py:140: in execute
    return execute(command)
_ _ _ _ _ _ _ _ _ _ _ _ _ _ _ _ _ _ _ _ _ _ _ _ _ _ _ _ _ _ _ _ _ _ _ _ _ _ _ _ 

command = &#39;docker compose -f &#34;/home/ubuntu/SGE-tester-B/projects/docker-compose.yml&#34; -p &#34;pytest15983&#34; up --build -d&#39;
success_codes = (0,)

    def execute(command: str, success_codes: Iterable[int] = (0,)) -&gt; Union[bytes, Any]:
        &#34;&#34;&#34;Run a shell command.&#34;&#34;&#34;
        try:
            output = subprocess.check_output(command, stderr=subprocess.STDOUT, shell=True)
            status = 0
        except subprocess.CalledProcessError as error:
            output = error.output or b&#34;&#34;
            status = error.returncode
            command = error.cmd
    
        if status not in success_codes:
&gt;           raise Exception(
                &#39;Command {} returned {}: &#34;&#34;&#34;{}&#34;&#34;&#34;.&#39;.format(command, status, output.decode(&#34;utf-8&#34;))
            )
E           Exception: Command docker compose -f &#34;/home/ubuntu/SGE-tester-B/projects/docker-compose.yml&#34; -p &#34;pytest15983&#34; up --build -d returned 1: &#34;&#34;&#34;time=&#34;2026-01-13T13:06:11Z&#34; level=warning msg=&#34;/home/ubuntu/SGE-tester-B/projects/docker-compose.yml: the attribute `version` is obsolete, it will be ignored, please remove it to avoid potential confusion&#34;
E            Network pytest15983_default  Creating
E            Network pytest15983_default  Created
E            Container pytest15983-db-1  Creating
E            Container pytest15983-db-1  Created
E            Container pytest15983-odoo-1  Creating
E            Container pytest15983-odoo-1  Created
E            Container pytest15983-db-1  Starting
E           Error response from daemon: failed to set up container networking: driver failed programming external connectivity on endpoint pytest15983-db-1 (b2dfbb2dab4ae421d7bcb752082863a2230ac9d460ea17b7bf808eddebf85722): Bind for 0.0.0.0:5432 failed: port is already allocated
E           &#34;&#34;&#34;.

.venv/lib/python3.12/site-packages/pytest_docker/plugin.py:35: Exception</pre>
                        
                        

                        
                        
                        
                    </div>
                
                    <div class="test outcome outcome-failed">
                        <a id="cf78bee9-066d-4619-91a5-13da82a66422"></a>
                        <table class="proplist">
                            <tr><th>Test case:</th><td><b>test_otras_apps_entregadas_son_dependencias</b></td></tr>
                            <tr><th>Outcome:</th><td>Failed</td></tr>
                            <tr><th>Duration:</th><td>0.0 sec</td></tr>
                        
                            <tr><th>Failed</th><td>failed on setup with &#34;Exception: Command docker compose -f &#34;/home/ubuntu/SGE-tester-B/projects/docker-compose.yml&#34; -p &#34;pytest15983&#34; up --build -d returned 1: &#34;&#34;&#34;time=&#34;2026-01-13T13:06:11Z&#34; level=warning msg=&#34;/home/ubuntu/SGE-tester-B/projects/docker-compose.yml: the attribute `version` is obsolete, it will be ignored, please remove it to avoid potential confusion&#34;
 Network pytest15983_default  Creating
 Network pytest15983_default  Created
 Container pytest15983-db-1  Creating
 Container pytest15983-db-1  Created
 Container pytest15983-odoo-1  Creating
 Container pytest15983-odoo-1  Created
 Container pytest15983-db-1  Starting
Error response from daemon: failed to set up container networking: driver failed programming external connectivity on endpoint pytest15983-db-1 (b2dfbb2dab4ae421d7bcb752082863a2230ac9d460ea17b7bf808eddebf85722): Bind for 0.0.0.0:5432 failed: port is already allocated
&#34;&#34;&#34;.&#34;</td></tr>
                        
                        
                        </table>

                        
                        <pre>docker_compose_command = &#39;docker compose&#39;
docker_compose_file = &#39;/home/ubuntu/SGE-tester-B/projects/docker-compose.yml&#39;
docker_compose_project_name = &#39;pytest15983&#39;, docker_setup = [&#39;up --build -d&#39;]
docker_cleanup = [&#39;down -v&#39;]

    @pytest.fixture(scope=containers_scope)
    def docker_services(
        docker_compose_command: str,
        docker_compose_file: Union[List[str], str],
        docker_compose_project_name: str,
        docker_setup: str,
        docker_cleanup: str,
    ) -&gt; Iterator[Services]:
        &#34;&#34;&#34;Start all services from a docker compose file (`docker-compose up`).
        After test are finished, shutdown all services (`docker-compose down`).&#34;&#34;&#34;
    
&gt;       with get_docker_services(
            docker_compose_command,
            docker_compose_file,
            docker_compose_project_name,
            docker_setup,
            docker_cleanup,
        ) as docker_service:

.venv/lib/python3.12/site-packages/pytest_docker/plugin.py:238: 
_ _ _ _ _ _ _ _ _ _ _ _ _ _ _ _ _ _ _ _ _ _ _ _ _ _ _ _ _ _ _ _ _ _ _ _ _ _ _ _ 
/usr/lib/python3.12/contextlib.py:137: in __enter__
    return next(self.gen)
.venv/lib/python3.12/site-packages/pytest_docker/plugin.py:212: in get_docker_services
    docker_compose.execute(command)
.venv/lib/python3.12/site-packages/pytest_docker/plugin.py:140: in execute
    return execute(command)
_ _ _ _ _ _ _ _ _ _ _ _ _ _ _ _ _ _ _ _ _ _ _ _ _ _ _ _ _ _ _ _ _ _ _ _ _ _ _ _ 

command = &#39;docker compose -f &#34;/home/ubuntu/SGE-tester-B/projects/docker-compose.yml&#34; -p &#34;pytest15983&#34; up --build -d&#39;
success_codes = (0,)

    def execute(command: str, success_codes: Iterable[int] = (0,)) -&gt; Union[bytes, Any]:
        &#34;&#34;&#34;Run a shell command.&#34;&#34;&#34;
        try:
            output = subprocess.check_output(command, stderr=subprocess.STDOUT, shell=True)
            status = 0
        except subprocess.CalledProcessError as error:
            output = error.output or b&#34;&#34;
            status = error.returncode
            command = error.cmd
    
        if status not in success_codes:
&gt;           raise Exception(
                &#39;Command {} returned {}: &#34;&#34;&#34;{}&#34;&#34;&#34;.&#39;.format(command, status, output.decode(&#34;utf-8&#34;))
            )
E           Exception: Command docker compose -f &#34;/home/ubuntu/SGE-tester-B/projects/docker-compose.yml&#34; -p &#34;pytest15983&#34; up --build -d returned 1: &#34;&#34;&#34;time=&#34;2026-01-13T13:06:11Z&#34; level=warning msg=&#34;/home/ubuntu/SGE-tester-B/projects/docker-compose.yml: the attribute `version` is obsolete, it will be ignored, please remove it to avoid potential confusion&#34;
E            Network pytest15983_default  Creating
E            Network pytest15983_default  Created
E            Container pytest15983-db-1  Creating
E            Container pytest15983-db-1  Created
E            Container pytest15983-odoo-1  Creating
E            Container pytest15983-odoo-1  Created
E            Container pytest15983-db-1  Starting
E           Error response from daemon: failed to set up container networking: driver failed programming external connectivity on endpoint pytest15983-db-1 (b2dfbb2dab4ae421d7bcb752082863a2230ac9d460ea17b7bf808eddebf85722): Bind for 0.0.0.0:5432 failed: port is already allocated
E           &#34;&#34;&#34;.

.venv/lib/python3.12/site-packages/pytest_docker/plugin.py:35: Exception</pre>
                        
                        

                        
                        
                        
                    </div>
                
                    <div class="test outcome outcome-failed">
                        <a id="1b20d38b-f7ca-4cca-b620-cf3831ca6775"></a>
                        <table class="proplist">
                            <tr><th>Test case:</th><td><b>test_no_hay_elementos_xml_comentados</b></td></tr>
                            <tr><th>Outcome:</th><td>Failed</td></tr>
                            <tr><th>Duration:</th><td>0.0 sec</td></tr>
                        
                            <tr><th>Failed</th><td>failed on setup with &#34;Exception: Command docker compose -f &#34;/home/ubuntu/SGE-tester-B/projects/docker-compose.yml&#34; -p &#34;pytest15983&#34; up --build -d returned 1: &#34;&#34;&#34;time=&#34;2026-01-13T13:06:11Z&#34; level=warning msg=&#34;/home/ubuntu/SGE-tester-B/projects/docker-compose.yml: the attribute `version` is obsolete, it will be ignored, please remove it to avoid potential confusion&#34;
 Network pytest15983_default  Creating
 Network pytest15983_default  Created
 Container pytest15983-db-1  Creating
 Container pytest15983-db-1  Created
 Container pytest15983-odoo-1  Creating
 Container pytest15983-odoo-1  Created
 Container pytest15983-db-1  Starting
Error response from daemon: failed to set up container networking: driver failed programming external connectivity on endpoint pytest15983-db-1 (b2dfbb2dab4ae421d7bcb752082863a2230ac9d460ea17b7bf808eddebf85722): Bind for 0.0.0.0:5432 failed: port is already allocated
&#34;&#34;&#34;.&#34;</td></tr>
                        
                        
                        </table>

                        
                        <pre>docker_compose_command = &#39;docker compose&#39;
docker_compose_file = &#39;/home/ubuntu/SGE-tester-B/projects/docker-compose.yml&#39;
docker_compose_project_name = &#39;pytest15983&#39;, docker_setup = [&#39;up --build -d&#39;]
docker_cleanup = [&#39;down -v&#39;]

    @pytest.fixture(scope=containers_scope)
    def docker_services(
        docker_compose_command: str,
        docker_compose_file: Union[List[str], str],
        docker_compose_project_name: str,
        docker_setup: str,
        docker_cleanup: str,
    ) -&gt; Iterator[Services]:
        &#34;&#34;&#34;Start all services from a docker compose file (`docker-compose up`).
        After test are finished, shutdown all services (`docker-compose down`).&#34;&#34;&#34;
    
&gt;       with get_docker_services(
            docker_compose_command,
            docker_compose_file,
            docker_compose_project_name,
            docker_setup,
            docker_cleanup,
        ) as docker_service:

.venv/lib/python3.12/site-packages/pytest_docker/plugin.py:238: 
_ _ _ _ _ _ _ _ _ _ _ _ _ _ _ _ _ _ _ _ _ _ _ _ _ _ _ _ _ _ _ _ _ _ _ _ _ _ _ _ 
/usr/lib/python3.12/contextlib.py:137: in __enter__
    return next(self.gen)
.venv/lib/python3.12/site-packages/pytest_docker/plugin.py:212: in get_docker_services
    docker_compose.execute(command)
.venv/lib/python3.12/site-packages/pytest_docker/plugin.py:140: in execute
    return execute(command)
_ _ _ _ _ _ _ _ _ _ _ _ _ _ _ _ _ _ _ _ _ _ _ _ _ _ _ _ _ _ _ _ _ _ _ _ _ _ _ _ 

command = &#39;docker compose -f &#34;/home/ubuntu/SGE-tester-B/projects/docker-compose.yml&#34; -p &#34;pytest15983&#34; up --build -d&#39;
success_codes = (0,)

    def execute(command: str, success_codes: Iterable[int] = (0,)) -&gt; Union[bytes, Any]:
        &#34;&#34;&#34;Run a shell command.&#34;&#34;&#34;
        try:
            output = subprocess.check_output(command, stderr=subprocess.STDOUT, shell=True)
            status = 0
        except subprocess.CalledProcessError as error:
            output = error.output or b&#34;&#34;
            status = error.returncode
            command = error.cmd
    
        if status not in success_codes:
&gt;           raise Exception(
                &#39;Command {} returned {}: &#34;&#34;&#34;{}&#34;&#34;&#34;.&#39;.format(command, status, output.decode(&#34;utf-8&#34;))
            )
E           Exception: Command docker compose -f &#34;/home/ubuntu/SGE-tester-B/projects/docker-compose.yml&#34; -p &#34;pytest15983&#34; up --build -d returned 1: &#34;&#34;&#34;time=&#34;2026-01-13T13:06:11Z&#34; level=warning msg=&#34;/home/ubuntu/SGE-tester-B/projects/docker-compose.yml: the attribute `version` is obsolete, it will be ignored, please remove it to avoid potential confusion&#34;
E            Network pytest15983_default  Creating
E            Network pytest15983_default  Created
E            Container pytest15983-db-1  Creating
E            Container pytest15983-db-1  Created
E            Container pytest15983-odoo-1  Creating
E            Container pytest15983-odoo-1  Created
E            Container pytest15983-db-1  Starting
E           Error response from daemon: failed to set up container networking: driver failed programming external connectivity on endpoint pytest15983-db-1 (b2dfbb2dab4ae421d7bcb752082863a2230ac9d460ea17b7bf808eddebf85722): Bind for 0.0.0.0:5432 failed: port is already allocated
E           &#34;&#34;&#34;.

.venv/lib/python3.12/site-packages/pytest_docker/plugin.py:35: Exception</pre>
                        
                        

                        
                        
                        
                    </div>
                
                    <div class="test outcome outcome-failed">
                        <a id="335addd9-a762-411a-9220-517aa711cde3"></a>
                        <table class="proplist">
                            <tr><th>Test case:</th><td><b>test_no_hay_codigo_python_comentado</b></td></tr>
                            <tr><th>Outcome:</th><td>Failed</td></tr>
                            <tr><th>Duration:</th><td>0.001 sec</td></tr>
                        
                            <tr><th>Failed</th><td>failed on setup with &#34;Exception: Command docker compose -f &#34;/home/ubuntu/SGE-tester-B/projects/docker-compose.yml&#34; -p &#34;pytest15983&#34; up --build -d returned 1: &#34;&#34;&#34;time=&#34;2026-01-13T13:06:11Z&#34; level=warning msg=&#34;/home/ubuntu/SGE-tester-B/projects/docker-compose.yml: the attribute `version` is obsolete, it will be ignored, please remove it to avoid potential confusion&#34;
 Network pytest15983_default  Creating
 Network pytest15983_default  Created
 Container pytest15983-db-1  Creating
 Container pytest15983-db-1  Created
 Container pytest15983-odoo-1  Creating
 Container pytest15983-odoo-1  Created
 Container pytest15983-db-1  Starting
Error response from daemon: failed to set up container networking: driver failed programming external connectivity on endpoint pytest15983-db-1 (b2dfbb2dab4ae421d7bcb752082863a2230ac9d460ea17b7bf808eddebf85722): Bind for 0.0.0.0:5432 failed: port is already allocated
&#34;&#34;&#34;.&#34;</td></tr>
                        
                        
                        </table>

                        
                        <pre>docker_compose_command = &#39;docker compose&#39;
docker_compose_file = &#39;/home/ubuntu/SGE-tester-B/projects/docker-compose.yml&#39;
docker_compose_project_name = &#39;pytest15983&#39;, docker_setup = [&#39;up --build -d&#39;]
docker_cleanup = [&#39;down -v&#39;]

    @pytest.fixture(scope=containers_scope)
    def docker_services(
        docker_compose_command: str,
        docker_compose_file: Union[List[str], str],
        docker_compose_project_name: str,
        docker_setup: str,
        docker_cleanup: str,
    ) -&gt; Iterator[Services]:
        &#34;&#34;&#34;Start all services from a docker compose file (`docker-compose up`).
        After test are finished, shutdown all services (`docker-compose down`).&#34;&#34;&#34;
    
&gt;       with get_docker_services(
            docker_compose_command,
            docker_compose_file,
            docker_compose_project_name,
            docker_setup,
            docker_cleanup,
        ) as docker_service:

.venv/lib/python3.12/site-packages/pytest_docker/plugin.py:238: 
_ _ _ _ _ _ _ _ _ _ _ _ _ _ _ _ _ _ _ _ _ _ _ _ _ _ _ _ _ _ _ _ _ _ _ _ _ _ _ _ 
/usr/lib/python3.12/contextlib.py:137: in __enter__
    return next(self.gen)
.venv/lib/python3.12/site-packages/pytest_docker/plugin.py:212: in get_docker_services
    docker_compose.execute(command)
.venv/lib/python3.12/site-packages/pytest_docker/plugin.py:140: in execute
    return execute(command)
_ _ _ _ _ _ _ _ _ _ _ _ _ _ _ _ _ _ _ _ _ _ _ _ _ _ _ _ _ _ _ _ _ _ _ _ _ _ _ _ 

command = &#39;docker compose -f &#34;/home/ubuntu/SGE-tester-B/projects/docker-compose.yml&#34; -p &#34;pytest15983&#34; up --build -d&#39;
success_codes = (0,)

    def execute(command: str, success_codes: Iterable[int] = (0,)) -&gt; Union[bytes, Any]:
        &#34;&#34;&#34;Run a shell command.&#34;&#34;&#34;
        try:
            output = subprocess.check_output(command, stderr=subprocess.STDOUT, shell=True)
            status = 0
        except subprocess.CalledProcessError as error:
            output = error.output or b&#34;&#34;
            status = error.returncode
            command = error.cmd
    
        if status not in success_codes:
&gt;           raise Exception(
                &#39;Command {} returned {}: &#34;&#34;&#34;{}&#34;&#34;&#34;.&#39;.format(command, status, output.decode(&#34;utf-8&#34;))
            )
E           Exception: Command docker compose -f &#34;/home/ubuntu/SGE-tester-B/projects/docker-compose.yml&#34; -p &#34;pytest15983&#34; up --build -d returned 1: &#34;&#34;&#34;time=&#34;2026-01-13T13:06:11Z&#34; level=warning msg=&#34;/home/ubuntu/SGE-tester-B/projects/docker-compose.yml: the attribute `version` is obsolete, it will be ignored, please remove it to avoid potential confusion&#34;
E            Network pytest15983_default  Creating
E            Network pytest15983_default  Created
E            Container pytest15983-db-1  Creating
E            Container pytest15983-db-1  Created
E            Container pytest15983-odoo-1  Creating
E            Container pytest15983-odoo-1  Created
E            Container pytest15983-db-1  Starting
E           Error response from daemon: failed to set up container networking: driver failed programming external connectivity on endpoint pytest15983-db-1 (b2dfbb2dab4ae421d7bcb752082863a2230ac9d460ea17b7bf808eddebf85722): Bind for 0.0.0.0:5432 failed: port is already allocated
E           &#34;&#34;&#34;.

.venv/lib/python3.12/site-packages/pytest_docker/plugin.py:35: Exception</pre>
                        
                        

                        
                        
                        
                    </div>
                
                    <div class="test outcome outcome-failed">
                        <a id="e066f2f4-3f0e-419a-9a15-9437bfdca028"></a>
                        <table class="proplist">
                            <tr><th>Test case:</th><td><b>test_log_servidor_sin_errores</b></td></tr>
                            <tr><th>Outcome:</th><td>Failed</td></tr>
                            <tr><th>Duration:</th><td>0.001 sec</td></tr>
                        
                            <tr><th>Failed</th><td>failed on setup with &#34;Exception: Command docker compose -f &#34;/home/ubuntu/SGE-tester-B/projects/docker-compose.yml&#34; -p &#34;pytest15983&#34; up --build -d returned 1: &#34;&#34;&#34;time=&#34;2026-01-13T13:06:11Z&#34; level=warning msg=&#34;/home/ubuntu/SGE-tester-B/projects/docker-compose.yml: the attribute `version` is obsolete, it will be ignored, please remove it to avoid potential confusion&#34;
 Network pytest15983_default  Creating
 Network pytest15983_default  Created
 Container pytest15983-db-1  Creating
 Container pytest15983-db-1  Created
 Container pytest15983-odoo-1  Creating
 Container pytest15983-odoo-1  Created
 Container pytest15983-db-1  Starting
Error response from daemon: failed to set up container networking: driver failed programming external connectivity on endpoint pytest15983-db-1 (b2dfbb2dab4ae421d7bcb752082863a2230ac9d460ea17b7bf808eddebf85722): Bind for 0.0.0.0:5432 failed: port is already allocated
&#34;&#34;&#34;.&#34;</td></tr>
                        
                        
                        </table>

                        
                        <pre>docker_compose_command = &#39;docker compose&#39;
docker_compose_file = &#39;/home/ubuntu/SGE-tester-B/projects/docker-compose.yml&#39;
docker_compose_project_name = &#39;pytest15983&#39;, docker_setup = [&#39;up --build -d&#39;]
docker_cleanup = [&#39;down -v&#39;]

    @pytest.fixture(scope=containers_scope)
    def docker_services(
        docker_compose_command: str,
        docker_compose_file: Union[List[str], str],
        docker_compose_project_name: str,
        docker_setup: str,
        docker_cleanup: str,
    ) -&gt; Iterator[Services]:
        &#34;&#34;&#34;Start all services from a docker compose file (`docker-compose up`).
        After test are finished, shutdown all services (`docker-compose down`).&#34;&#34;&#34;
    
&gt;       with get_docker_services(
            docker_compose_command,
            docker_compose_file,
            docker_compose_project_name,
            docker_setup,
            docker_cleanup,
        ) as docker_service:

.venv/lib/python3.12/site-packages/pytest_docker/plugin.py:238: 
_ _ _ _ _ _ _ _ _ _ _ _ _ _ _ _ _ _ _ _ _ _ _ _ _ _ _ _ _ _ _ _ _ _ _ _ _ _ _ _ 
/usr/lib/python3.12/contextlib.py:137: in __enter__
    return next(self.gen)
.venv/lib/python3.12/site-packages/pytest_docker/plugin.py:212: in get_docker_services
    docker_compose.execute(command)
.venv/lib/python3.12/site-packages/pytest_docker/plugin.py:140: in execute
    return execute(command)
_ _ _ _ _ _ _ _ _ _ _ _ _ _ _ _ _ _ _ _ _ _ _ _ _ _ _ _ _ _ _ _ _ _ _ _ _ _ _ _ 

command = &#39;docker compose -f &#34;/home/ubuntu/SGE-tester-B/projects/docker-compose.yml&#34; -p &#34;pytest15983&#34; up --build -d&#39;
success_codes = (0,)

    def execute(command: str, success_codes: Iterable[int] = (0,)) -&gt; Union[bytes, Any]:
        &#34;&#34;&#34;Run a shell command.&#34;&#34;&#34;
        try:
            output = subprocess.check_output(command, stderr=subprocess.STDOUT, shell=True)
            status = 0
        except subprocess.CalledProcessError as error:
            output = error.output or b&#34;&#34;
            status = error.returncode
            command = error.cmd
    
        if status not in success_codes:
&gt;           raise Exception(
                &#39;Command {} returned {}: &#34;&#34;&#34;{}&#34;&#34;&#34;.&#39;.format(command, status, output.decode(&#34;utf-8&#34;))
            )
E           Exception: Command docker compose -f &#34;/home/ubuntu/SGE-tester-B/projects/docker-compose.yml&#34; -p &#34;pytest15983&#34; up --build -d returned 1: &#34;&#34;&#34;time=&#34;2026-01-13T13:06:11Z&#34; level=warning msg=&#34;/home/ubuntu/SGE-tester-B/projects/docker-compose.yml: the attribute `version` is obsolete, it will be ignored, please remove it to avoid potential confusion&#34;
E            Network pytest15983_default  Creating
E            Network pytest15983_default  Created
E            Container pytest15983-db-1  Creating
E            Container pytest15983-db-1  Created
E            Container pytest15983-odoo-1  Creating
E            Container pytest15983-odoo-1  Created
E            Container pytest15983-db-1  Starting
E           Error response from daemon: failed to set up container networking: driver failed programming external connectivity on endpoint pytest15983-db-1 (b2dfbb2dab4ae421d7bcb752082863a2230ac9d460ea17b7bf808eddebf85722): Bind for 0.0.0.0:5432 failed: port is already allocated
E           &#34;&#34;&#34;.

.venv/lib/python3.12/site-packages/pytest_docker/plugin.py:35: Exception</pre>
                        
                        

                        
                        
                        
                    </div>
                
                </div>
            </div>
            
            <div class="testclass">
                <h4>test_minimal_requirements.TestOtros</h4>
                <div class="testcases">
                
                    <div class="test outcome outcome-skipped">
                        <a id="0768cdf7-18c0-4e86-8967-63750c38c3be"></a>
                        <table class="proplist">
                            <tr><th>Test case:</th><td><b>test_log_sin_warnings</b></td></tr>
                            <tr><th>Outcome:</th><td>Skipped</td></tr>
                            <tr><th>Duration:</th><td>0.001 sec</td></tr>
                        
                        
                            <tr><th>Skipped</th><td></td></tr>
                        
                        </table>

                        
                        
                        <pre>skipped</pre>
                        

                        
                        
                        
                    </div>
                
                </div>
            </div>
            
            <div class="testclass">
                <h4>test_minimal_requirements.TestRNFAdicionalesKanban</h4>
                <div class="testcases">
                
                    <div class="test outcome outcome-skipped">
                        <a id="0e81186a-3f5d-491e-a731-071bae0d5da3"></a>
                        <table class="proplist">
                            <tr><th>Test case:</th><td><b>test_vista_kanban[/kanban]</b></td></tr>
                            <tr><th>Outcome:</th><td>Skipped</td></tr>
                            <tr><th>Duration:</th><td>0.0 sec</td></tr>
                        
                        
                            <tr><th>Skipped</th><td></td></tr>
                        
                        </table>

                        
                        
                        <pre>skipped</pre>
                        

                        
                        
                        
                    </div>
                
                    <div class="test outcome outcome-skipped">
                        <a id="8e8f6da5-5497-4513-8029-ee1a069078bd"></a>
                        <table class="proplist">
                            <tr><th>Test case:</th><td><b>test_vista_kanban[/kanban[@default_group_by]]</b></td></tr>
                            <tr><th>Outcome:</th><td>Skipped</td></tr>
                            <tr><th>Duration:</th><td>0.001 sec</td></tr>
                        
                        
                            <tr><th>Skipped</th><td></td></tr>
                        
                        </table>

                        
                        
                        <pre>skipped</pre>
                        

                        
                        
                        
                    </div>
                
                    <div class="test outcome outcome-skipped">
                        <a id="86f12991-4818-447f-b000-66c05a3ec58f"></a>
                        <table class="proplist">
                            <tr><th>Test case:</th><td><b>test_vista_kanban_imagen[/img]</b></td></tr>
                            <tr><th>Outcome:</th><td>Skipped</td></tr>
                            <tr><th>Duration:</th><td>0.0 sec</td></tr>
                        
                        
                            <tr><th>Skipped</th><td></td></tr>
                        
                        </table>

                        
                        
                        <pre>skipped</pre>
                        

                        
                        
                        
                    </div>
                
                    <div class="test outcome outcome-skipped">
                        <a id="4fb23aef-4363-4b54-85fe-08980f2ade0d"></a>
                        <table class="proplist">
                            <tr><th>Test case:</th><td><b>test_vista_kanban_imagen[/field[@preview_image]]</b></td></tr>
                            <tr><th>Outcome:</th><td>Skipped</td></tr>
                            <tr><th>Duration:</th><td>0.0 sec</td></tr>
                        
                        
                            <tr><th>Skipped</th><td></td></tr>
                        
                        </table>

                        
                        
                        <pre>skipped</pre>
                        

                        
                        
                        
                    </div>
                
                    <div class="test outcome outcome-skipped">
                        <a id="6dc7b0a4-3e83-456d-81dc-877e8b47fc2f"></a>
                        <table class="proplist">
                            <tr><th>Test case:</th><td><b>test_vista_kanban_imagen[/field[@widget=&#34;image&#34;]]</b></td></tr>
                            <tr><th>Outcome:</th><td>Skipped</td></tr>
                            <tr><th>Duration:</th><td>0.001 sec</td></tr>
                        
                        
                            <tr><th>Skipped</th><td></td></tr>
                        
                        </table>

                        
                        
                        <pre>skipped</pre>
                        

                        
                        
                        
                    </div>
                
                </div>
            </div>
            
            <div class="testclass">
                <h4>test_minimal_requirements.TestRNFAdicionalesBusqueda</h4>
                <div class="testcases">
                
                    <div class="test outcome outcome-skipped">
                        <a id="940005a8-1a29-4de0-94cd-8228789cb8ce"></a>
                        <table class="proplist">
                            <tr><th>Test case:</th><td><b>test_vista_search[/search]</b></td></tr>
                            <tr><th>Outcome:</th><td>Skipped</td></tr>
                            <tr><th>Duration:</th><td>0.0 sec</td></tr>
                        
                        
                            <tr><th>Skipped</th><td></td></tr>
                        
                        </table>

                        
                        
                        <pre>skipped</pre>
                        

                        
                        
                        
                    </div>
                
                    <div class="test outcome outcome-skipped">
                        <a id="e3a5f157-d4bc-48c6-b7e8-a3632f3920f2"></a>
                        <table class="proplist">
                            <tr><th>Test case:</th><td><b>test_vista_search_compleja[/filter[@domain]]</b></td></tr>
                            <tr><th>Outcome:</th><td>Skipped</td></tr>
                            <tr><th>Duration:</th><td>0.0 sec</td></tr>
                        
                        
                            <tr><th>Skipped</th><td></td></tr>
                        
                        </table>

                        
                        
                        <pre>skipped</pre>
                        

                        
                        
                        
                    </div>
                
                    <div class="test outcome outcome-skipped">
                        <a id="0a6572bc-5ad1-4781-891d-9aa59aad838c"></a>
                        <table class="proplist">
                            <tr><th>Test case:</th><td><b>test_vista_search_compleja[/group//filter[@context]]</b></td></tr>
                            <tr><th>Outcome:</th><td>Skipped</td></tr>
                            <tr><th>Duration:</th><td>0.0 sec</td></tr>
                        
                        
                            <tr><th>Skipped</th><td></td></tr>
                        
                        </table>

                        
                        
                        <pre>skipped</pre>
                        

                        
                        
                        
                    </div>
                
                </div>
            </div>
            
            <div class="testclass">
                <h4>test_minimal_requirements.TestRNFAdicionalesOtrasVistas</h4>
                <div class="testcases">
                
                    <div class="test outcome outcome-skipped">
                        <a id="85cddf96-ecec-45e3-ae71-18548a389a83"></a>
                        <table class="proplist">
                            <tr><th>Test case:</th><td><b>test_otras_vistas_adicionales[activity]</b></td></tr>
                            <tr><th>Outcome:</th><td>Skipped</td></tr>
                            <tr><th>Duration:</th><td>0.0 sec</td></tr>
                        
                        
                            <tr><th>Skipped</th><td></td></tr>
                        
                        </table>

                        
                        
                        <pre>skipped</pre>
                        

                        
                        
                        
                    </div>
                
                    <div class="test outcome outcome-skipped">
                        <a id="7da1dc4d-8b5d-454f-a4d3-ca00b0382385"></a>
                        <table class="proplist">
                            <tr><th>Test case:</th><td><b>test_otras_vistas_adicionales[calendar]</b></td></tr>
                            <tr><th>Outcome:</th><td>Skipped</td></tr>
                            <tr><th>Duration:</th><td>0.0 sec</td></tr>
                        
                        
                            <tr><th>Skipped</th><td></td></tr>
                        
                        </table>

                        
                        
                        <pre>skipped</pre>
                        

                        
                        
                        
                    </div>
                
                    <div class="test outcome outcome-skipped">
                        <a id="6fea0e2c-5ff9-414c-95bc-f0fdf4374b21"></a>
                        <table class="proplist">
                            <tr><th>Test case:</th><td><b>test_otras_vistas_adicionales[graph]</b></td></tr>
                            <tr><th>Outcome:</th><td>Skipped</td></tr>
                            <tr><th>Duration:</th><td>0.0 sec</td></tr>
                        
                        
                            <tr><th>Skipped</th><td></td></tr>
                        
                        </table>

                        
                        
                        <pre>skipped</pre>
                        

                        
                        
                        
                    </div>
                
                    <div class="test outcome outcome-skipped">
                        <a id="e34c8c19-6fd2-4a76-9162-cb8eef763cee"></a>
                        <table class="proplist">
                            <tr><th>Test case:</th><td><b>test_otras_vistas_adicionales[pivot]</b></td></tr>
                            <tr><th>Outcome:</th><td>Skipped</td></tr>
                            <tr><th>Duration:</th><td>0.001 sec</td></tr>
                        
                        
                            <tr><th>Skipped</th><td></td></tr>
                        
                        </table>

                        
                        
                        <pre>skipped</pre>
                        

                        
                        
                        
                    </div>
                
                </div>
            </div>
            
            <div class="testclass">
                <h4>test_minimal_requirements.TestRNFAdicionalesConstraints</h4>
                <div class="testcases">
                
                    <div class="test outcome outcome-skipped">
                        <a id="15930f8a-876e-4b4a-acf1-13bec6b05277"></a>
                        <table class="proplist">
                            <tr><th>Test case:</th><td><b>test_constraints_sql</b></td></tr>
                            <tr><th>Outcome:</th><td>Skipped</td></tr>
                            <tr><th>Duration:</th><td>0.0 sec</td></tr>
                        
                        
                            <tr><th>Skipped</th><td></td></tr>
                        
                        </table>

                        
                        
                        <pre>skipped</pre>
                        

                        
                        
                        
                    </div>
                
                </div>
            </div>
            
            <div class="testclass">
                <h4>test_minimal_requirements.TestRNFAdicionalesSeguridadAvanzada</h4>
                <div class="testcases">
                
                    <div class="test outcome outcome-skipped">
                        <a id="ef97faf9-0dfd-49e8-9e90-c5bde3ca4cbb"></a>
                        <table class="proplist">
                            <tr><th>Test case:</th><td><b>test_seguridad_con_grupos_propios</b></td></tr>
                            <tr><th>Outcome:</th><td>Skipped</td></tr>
                            <tr><th>Duration:</th><td>0.0 sec</td></tr>
                        
                        
                            <tr><th>Skipped</th><td></td></tr>
                        
                        </table>

                        
                        
                        <pre>skipped</pre>
                        

                        
                        
                        
                    </div>
                
                </div>
            </div>
            
            <div class="testclass">
                <h4>test_minimal_requirements.TestRNFAdicionalesDatosAvanzados</h4>
                <div class="testcases">
                
                    <div class="test outcome outcome-skipped">
                        <a id="2256e123-2c4a-4118-8681-d653d354e6cd"></a>
                        <table class="proplist">
                            <tr><th>Test case:</th><td><b>test_datos_maestros_o_demo_avanzados[binary]</b></td></tr>
                            <tr><th>Outcome:</th><td>Skipped</td></tr>
                            <tr><th>Duration:</th><td>0.001 sec</td></tr>
                        
                        
                            <tr><th>Skipped</th><td></td></tr>
                        
                        </table>

                        
                        
                        <pre>skipped</pre>
                        

                        
                        
                        
                    </div>
                
                    <div class="test outcome outcome-skipped">
                        <a id="d59be445-746b-4f37-89af-b73556757056"></a>
                        <table class="proplist">
                            <tr><th>Test case:</th><td><b>test_datos_maestros_o_demo_avanzados[many2many]</b></td></tr>
                            <tr><th>Outcome:</th><td>Skipped</td></tr>
                            <tr><th>Duration:</th><td>0.0 sec</td></tr>
                        
                        
                            <tr><th>Skipped</th><td></td></tr>
                        
                        </table>

                        
                        
                        <pre>skipped</pre>
                        

                        
                        
                        
                    </div>
                
                    <div class="test outcome outcome-skipped">
                        <a id="b7f7e63d-8a32-4871-84ac-303593dd9de1"></a>
                        <table class="proplist">
                            <tr><th>Test case:</th><td><b>test_datos_maestros_o_demo_avanzados[many2one]</b></td></tr>
                            <tr><th>Outcome:</th><td>Skipped</td></tr>
                            <tr><th>Duration:</th><td>0.0 sec</td></tr>
                        
                        
                            <tr><th>Skipped</th><td></td></tr>
                        
                        </table>

                        
                        
                        <pre>skipped</pre>
                        

                        
                        
                        
                    </div>
                
                </div>
            </div>
            
            <div class="testclass">
                <h4>test_minimal_requirements.TestRNFAdicionalesHerenciaVistas</h4>
                <div class="testcases">
                
                    <div class="test outcome outcome-skipped">
                        <a id="5547dedb-5da6-4456-b581-5cef15c43825"></a>
                        <table class="proplist">
                            <tr><th>Test case:</th><td><b>test_herencia_en_vistas_con_position</b></td></tr>
                            <tr><th>Outcome:</th><td>Skipped</td></tr>
                            <tr><th>Duration:</th><td>0.001 sec</td></tr>
                        
                        
                            <tr><th>Skipped</th><td></td></tr>
                        
                        </table>

                        
                        
                        <pre>skipped</pre>
                        

                        
                        
                        
                    </div>
                
                    <div class="test outcome outcome-skipped">
                        <a id="4fa8cb57-7aab-4403-aedb-f8e135acafa3"></a>
                        <table class="proplist">
                            <tr><th>Test case:</th><td><b>test_herencia_en_vistas_con_inherit_id</b></td></tr>
                            <tr><th>Outcome:</th><td>Skipped</td></tr>
                            <tr><th>Duration:</th><td>0.001 sec</td></tr>
                        
                        
                            <tr><th>Skipped</th><td></td></tr>
                        
                        </table>

                        
                        
                        <pre>skipped</pre>
                        

                        
                        
                        
                    </div>
                
                </div>
            </div>
            
            <div class="testclass">
                <h4>test_minimal_requirements.TestRNFAdicionalesHerenciaModelos</h4>
                <div class="testcases">
                
                    <div class="test outcome outcome-skipped">
                        <a id="e4b5bfd6-1d71-40b1-8d0f-ae2f994eb1a8"></a>
                        <table class="proplist">
                            <tr><th>Test case:</th><td><b>test_modelos_existentes_modificados_por_herencia</b></td></tr>
                            <tr><th>Outcome:</th><td>Skipped</td></tr>
                            <tr><th>Duration:</th><td>0.0 sec</td></tr>
                        
                        
                            <tr><th>Skipped</th><td></td></tr>
                        
                        </table>

                        
                        
                        <pre>skipped</pre>
                        

                        
                        
                        
                    </div>
                
                    <div class="test outcome outcome-skipped">
                        <a id="301fe331-ed4d-40dc-ba0c-dbcd81680d5a"></a>
                        <table class="proplist">
                            <tr><th>Test case:</th><td><b>test_nuevos_modelos_con_herencia</b></td></tr>
                            <tr><th>Outcome:</th><td>Skipped</td></tr>
                            <tr><th>Duration:</th><td>0.001 sec</td></tr>
                        
                        
                            <tr><th>Skipped</th><td></td></tr>
                        
                        </table>

                        
                        
                        <pre>skipped</pre>
                        

                        
                        
                        
                    </div>
                
                </div>
            </div>
            
            <div class="testclass">
                <h4>test_minimal_requirements.TestRNFAdicionalesTraducciones</h4>
                <div class="testcases">
                
                    <div class="test outcome outcome-skipped">
                        <a id="221cf84d-a7f0-40f8-aa1f-e5837ad9b068"></a>
                        <table class="proplist">
                            <tr><th>Test case:</th><td><b>test_i18n</b></td></tr>
                            <tr><th>Outcome:</th><td>Skipped</td></tr>
                            <tr><th>Duration:</th><td>0.001 sec</td></tr>
                        
                        
                            <tr><th>Skipped</th><td></td></tr>
                        
                        </table>

                        
                        
                        <pre>skipped</pre>
                        

                        
                        
                        
                    </div>
                
                </div>
            </div>
            
            <div class="testclass">
                <h4>test_minimal_requirements.TestRNFAdicionalesInformes</h4>
                <div class="testcases">
                
                    <div class="test outcome outcome-skipped">
                        <a id="fb6907f5-b5d9-4f28-b9b7-d8c9faf40961"></a>
                        <table class="proplist">
                            <tr><th>Test case:</th><td><b>test_informes[report]</b></td></tr>
                            <tr><th>Outcome:</th><td>Skipped</td></tr>
                            <tr><th>Duration:</th><td>0.0 sec</td></tr>
                        
                        
                            <tr><th>Skipped</th><td></td></tr>
                        
                        </table>

                        
                        
                        <pre>skipped</pre>
                        

                        
                        
                        
                    </div>
                
                    <div class="test outcome outcome-skipped">
                        <a id="fb3f0b0c-e3f1-4bbb-a097-752a5f234c4d"></a>
                        <table class="proplist">
                            <tr><th>Test case:</th><td><b>test_informes[template]</b></td></tr>
                            <tr><th>Outcome:</th><td>Skipped</td></tr>
                            <tr><th>Duration:</th><td>0.0 sec</td></tr>
                        
                        
                            <tr><th>Skipped</th><td></td></tr>
                        
                        </table>

                        
                        
                        <pre>skipped</pre>
                        

                        
                        
                        
                    </div>
                
                    <div class="test outcome outcome-skipped">
                        <a id="b5bcb193-b1fc-4fe4-8bf1-03e465850444"></a>
                        <table class="proplist">
                            <tr><th>Test case:</th><td><b>test_informes_complejos[/t[@t-foreach]]</b></td></tr>
                            <tr><th>Outcome:</th><td>Skipped</td></tr>
                            <tr><th>Duration:</th><td>0.0 sec</td></tr>
                        
                        
                            <tr><th>Skipped</th><td></td></tr>
                        
                        </table>

                        
                        
                        <pre>skipped</pre>
                        

                        
                        
                        
                    </div>
                
                    <div class="test outcome outcome-skipped">
                        <a id="2db6fcd0-cb65-4f32-8fc2-2eb6722b6240"></a>
                        <table class="proplist">
                            <tr><th>Test case:</th><td><b>test_informes_complejos[/img[@t-att-src]]</b></td></tr>
                            <tr><th>Outcome:</th><td>Skipped</td></tr>
                            <tr><th>Duration:</th><td>0.0 sec</td></tr>
                        
                        
                            <tr><th>Skipped</th><td></td></tr>
                        
                        </table>

                        
                        
                        <pre>skipped</pre>
                        

                        
                        
                        
                    </div>
                
                    <div class="test outcome outcome-skipped">
                        <a id="e449277a-73bf-40ad-9b30-d893323c991e"></a>
                        <table class="proplist">
                            <tr><th>Test case:</th><td><b>test_informes_complejos[/t[@t-call and not(@t-call=&#34;web.external_layout&#34; or @t-call=&#34;web.html_container&#34;)]]</b></td></tr>
                            <tr><th>Outcome:</th><td>Skipped</td></tr>
                            <tr><th>Duration:</th><td>0.0 sec</td></tr>
                        
                        
                            <tr><th>Skipped</th><td></td></tr>
                        
                        </table>

                        
                        
                        <pre>skipped</pre>
                        

                        
                        
                        
                    </div>
                
                </div>
            </div>
            
            <div class="testclass">
                <h4>test_minimal_requirements.TestRNFAdicionalesChatter</h4>
                <div class="testcases">
                
                    <div class="test outcome outcome-skipped">
                        <a id="da1d539f-a648-4a47-831a-2604ff7d05e2"></a>
                        <table class="proplist">
                            <tr><th>Test case:</th><td><b>test_chatter[mail_thread]</b></td></tr>
                            <tr><th>Outcome:</th><td>Skipped</td></tr>
                            <tr><th>Duration:</th><td>0.001 sec</td></tr>
                        
                        
                            <tr><th>Skipped</th><td></td></tr>
                        
                        </table>

                        
                        
                        <pre>skipped</pre>
                        

                        
                        
                        
                    </div>
                
                    <div class="test outcome outcome-skipped">
                        <a id="53a7fb34-d8ff-454c-9d11-a48cff9bf873"></a>
                        <table class="proplist">
                            <tr><th>Test case:</th><td><b>test_chatter[mail_activity_mixin]</b></td></tr>
                            <tr><th>Outcome:</th><td>Skipped</td></tr>
                            <tr><th>Duration:</th><td>0.0 sec</td></tr>
                        
                        
                            <tr><th>Skipped</th><td></td></tr>
                        
                        </table>

                        
                        
                        <pre>skipped</pre>
                        

                        
                        
                        
                    </div>
                
                    <div class="test outcome outcome-skipped">
                        <a id="363d798f-47e8-4cd0-8433-12cfdf646d47"></a>
                        <table class="proplist">
                            <tr><th>Test case:</th><td><b>test_chatter_tracking</b></td></tr>
                            <tr><th>Outcome:</th><td>Skipped</td></tr>
                            <tr><th>Duration:</th><td>0.0 sec</td></tr>
                        
                        
                            <tr><th>Skipped</th><td></td></tr>
                        
                        </table>

                        
                        
                        <pre>skipped</pre>
                        

                        
                        
                        
                    </div>
                
                    <div class="test outcome outcome-skipped">
                        <a id="c902a6e6-9aa6-4bcd-8344-fc4333f2f3f1"></a>
                        <table class="proplist">
                            <tr><th>Test case:</th><td><b>test_vista_chatter_div</b></td></tr>
                            <tr><th>Outcome:</th><td>Skipped</td></tr>
                            <tr><th>Duration:</th><td>0.0 sec</td></tr>
                        
                        
                            <tr><th>Skipped</th><td></td></tr>
                        
                        </table>

                        
                        
                        <pre>skipped</pre>
                        

                        
                        
                        
                    </div>
                
                    <div class="test outcome outcome-skipped">
                        <a id="4792b714-aaaa-4f7b-988c-69b5452959f2"></a>
                        <table class="proplist">
                            <tr><th>Test case:</th><td><b>test_vista_chatter_fields[.//field[@name=&#34;message_follower_ids&#34;]]</b></td></tr>
                            <tr><th>Outcome:</th><td>Skipped</td></tr>
                            <tr><th>Duration:</th><td>0.0 sec</td></tr>
                        
                        
                            <tr><th>Skipped</th><td></td></tr>
                        
                        </table>

                        
                        
                        <pre>skipped</pre>
                        

                        
                        
                        
                    </div>
                
                    <div class="test outcome outcome-skipped">
                        <a id="6631ff7d-8b43-41a0-957b-ebde5ea4f2e6"></a>
                        <table class="proplist">
                            <tr><th>Test case:</th><td><b>test_vista_chatter_fields[.//field[@name=&#34;activity_ids&#34;]]</b></td></tr>
                            <tr><th>Outcome:</th><td>Skipped</td></tr>
                            <tr><th>Duration:</th><td>0.0 sec</td></tr>
                        
                        
                            <tr><th>Skipped</th><td></td></tr>
                        
                        </table>

                        
                        
                        <pre>skipped</pre>
                        

                        
                        
                        
                    </div>
                
                    <div class="test outcome outcome-skipped">
                        <a id="54cc05d4-efdf-4eec-b83f-96296606ca5a"></a>
                        <table class="proplist">
                            <tr><th>Test case:</th><td><b>test_vista_chatter_fields[.//field[@name=&#34;message_ids&#34;]]</b></td></tr>
                            <tr><th>Outcome:</th><td>Skipped</td></tr>
                            <tr><th>Duration:</th><td>0.0 sec</td></tr>
                        
                        
                            <tr><th>Skipped</th><td></td></tr>
                        
                        </table>

                        
                        
                        <pre>skipped</pre>
                        

                        
                        
                        
                    </div>
                
                    <div class="test outcome outcome-skipped">
                        <a id="acff5ab8-83ca-411b-94ef-752d0ca1a949"></a>
                        <table class="proplist">
                            <tr><th>Test case:</th><td><b>test_vista_chatter_fields[.//field[@widget=&#34;mail_followers&#34;]]</b></td></tr>
                            <tr><th>Outcome:</th><td>Skipped</td></tr>
                            <tr><th>Duration:</th><td>0.0 sec</td></tr>
                        
                        
                            <tr><th>Skipped</th><td></td></tr>
                        
                        </table>

                        
                        
                        <pre>skipped</pre>
                        

                        
                        
                        
                    </div>
                
                    <div class="test outcome outcome-skipped">
                        <a id="1b03454c-90b0-4394-99cf-e90dc6871eb7"></a>
                        <table class="proplist">
                            <tr><th>Test case:</th><td><b>test_vista_chatter_fields[.//field[@widget=&#34;mail_thread&#34;]]</b></td></tr>
                            <tr><th>Outcome:</th><td>Skipped</td></tr>
                            <tr><th>Duration:</th><td>0.001 sec</td></tr>
                        
                        
                            <tr><th>Skipped</th><td></td></tr>
                        
                        </table>

                        
                        
                        <pre>skipped</pre>
                        

                        
                        
                        
                    </div>
                
                    <div class="test outcome outcome-skipped">
                        <a id="165e732c-209c-4bc8-9e6a-0396e314caf5"></a>
                        <table class="proplist">
                            <tr><th>Test case:</th><td><b>test_vista_chatter_fields[.//field[@widget=&#34;mail_activity&#34;]]</b></td></tr>
                            <tr><th>Outcome:</th><td>Skipped</td></tr>
                            <tr><th>Duration:</th><td>0.009 sec</td></tr>
                        
                        
                            <tr><th>Skipped</th><td></td></tr>
                        
                        </table>

                        
                        
                        <pre>skipped</pre>
                        

                        
                        
                        
                    </div>
                
                </div>
            </div>
            
        </div>
    </div>
    



<p class="footer">
    Generated by junit2html
</p>
</body>
</html>