<!DOCTYPE html>
<html lang="en">
<head>
    <meta charset="UTF-8">
    <title>rcg_cinema-pytest.xml</title>
    <style type="text/css">
        body {
    background-color: white;
    padding-bottom: 20em;
    margin: 0;
    min-height: 15cm;
}

h1, h2, h3, h4, h5, h6, h7 {
    font-family: sans-serif;
}

h1 {
    background-color: #007acc;
    color: white;
    padding: 3mm;
    margin-top: 0;
    margin-bottom: 1mm;
}

.footer {
    font-style: italic;
    font-size: small;
    text-align: right;
    padding: 1em;
}

.testsuite {
    padding-bottom: 2em;
    margin-left: 1em;
}

.proplist {
    width: 100%;
    margin-bottom: 2em;
    border-collapse: collapse;
    border: 1px solid grey;
}

.proplist th {
    background-color: silver;
    width: 5em;
    padding: 2px;
    padding-right: 1em;
    text-align: left;
}

.proplist td {
    padding: 2px;
}

.index-table {
    width: 90%;
    margin-left: 1em;
}

.index-table td {
    vertical-align: top;
    max-width: 200px;
    word-wrap: break-word;
}

.failure-index {

}

.toc {
    margin-bottom: 2em;
    font-family: monospace;
}

.stdio, pre {
    min-height: 1em;
    background-color: #1e1e1e;
    color: silver;
    padding: 0.5em;
}
.tdpre {
    background-color: #1e1e1e;
}

.test {
    margin-left: 0.5cm;
}

.outcome {
    border-left: 1em;
    padding: 2px;
}

.outcome-failed {
    border-left: 1em solid lightcoral;
}

.outcome-passed {
    border-left: 1em solid lightgreen;
}

.outcome-skipped {
    border-left: 1em dotted silver;
}

.stats-table {
}

.stats-table td {
    min-width: 4em;
    text-align: right;
}

.stats-table .failed {
    background-color: lightcoral;
}

.stats-table .passed {
    background-color: lightgreen;
}

.matrix-table {
    table-layout: fixed;
    border-spacing: 0;
    width: available;
    margin-left: 1em;
}

.matrix-table td {
    vertical-align: center;
}

.matrix-table td:last-child {
    width: 0;
}

.matrix-table tr:hover {
    background-color: yellow;
}

.matrix-axis-name {
    white-space: nowrap;
    padding-right: 0.5em;
    border-left: 1px solid black;
    border-top: 1px solid black;
    text-align: right;
}

.matrix-axis-line {
    border-left: 1px solid black;
    width: 0.5em;
}

.matrix-classname {
    text-align: left;
    width: 100%;
    border-top: 2px solid grey;
    border-bottom: 1px solid silver;
}

.matrix-casename {
    text-align: left;
    font-weight: normal;
    font-style: italic;
    padding-left: 1em;
    border-bottom: 1px solid silver;
}

.matrix-result {
    display: block;
    width: 1em;
    text-align: center;
    padding: 1mm;
    margin: 0;
}

.matrix-result-combined {
    white-space: nowrap;
    padding-right: 0.2em;
    text-align: right;
}

.matrix-result-failed {
    background-color: lightcoral;
}

.matrix-result-passed {
    background-color: lightgreen;
}

.matrix-result-skipped {
    background-color: lightyellow;
}

.matrix-even {
    background-color: lightgray;
}
    </style>
</head>
<body>
    
<h1>
    Test Report : rcg_cinema-pytest.xml
</h1>
<a id="toc"></a>
<table class="index-table">
    <tr>
        <td>
            <ul class="toc">
            
                
                <li>test_minimal_requirements.TestRNF1
                <ul>
                    
                    <li><a href="#e2c15797-32c5-46e6-a396-5bf51b58f5c2">test_app_tiene_al_menos_4_modelos</a></li>
                    
                    <li><a href="#4c894301-b644-49d5-9b2d-d028265ff3e3">test_modelos_en_ficheros_individuales</a></li>
                    
                </ul>
                </li>
                
                <li>test_minimal_requirements.TestRNF2
                <ul>
                    
                    <li><a href="#77a917f0-e6e2-41de-b243-3721264b1a3b">test_relacion_many2many</a></li>
                    
                    <li><a href="#56cfac92-c277-47af-92a1-b947cd09d25e">test_modelos_tienen_algun_campo_relacion[one2many]</a></li>
                    
                    <li><a href="#269781dc-41a1-4c95-8f28-54064d6e6393">test_modelos_tienen_algun_campo_relacion[many2one]</a></li>
                    
                    <li><a href="#a8e0cdc5-b1d0-4830-9ddd-c8c898531932">test_unknown_comodel_name</a></li>
                    
                </ul>
                </li>
                
                <li>test_minimal_requirements.TestRNF3
                <ul>
                    
                    <li><a href="#47a4d013-6fa7-483b-8ed4-2f8eb59c9bb7">test_modelos_tienen_vista[tree]</a></li>
                    
                    <li><a href="#ade91011-8929-483a-959d-6bb398d85fd7">test_modelos_tienen_vista[form]</a></li>
                    
                    <li><a href="#66d9b93c-17b1-4c5f-abfe-587786f16701">test_formularios_tienen_vista_anidada_para_campos_X2many[one2many]</a></li>
                    
                    <li><a href="#3f30a324-18f6-4f91-a3a9-ad26003ed90f">test_formularios_tienen_vista_anidada_para_campos_X2many[many2many]</a></li>
                    
                </ul>
                </li>
                
                <li>test_minimal_requirements.TestRNF4
                <ul>
                    
                    <li><a href="#b9a43875-ee6a-47db-ac4e-b5c54b0ef521">test_vistas_en_ficheros_individuales</a></li>
                    
                </ul>
                </li>
                
                <li>test_minimal_requirements.TestRNF5
                <ul>
                    
                    <li><a href="#43ca78eb-8826-41a0-97d1-c2ecf05d9b18">test_modelos_tienen_algun_posible_campo_imagen</a></li>
                    
                    <li><a href="#980684ed-553f-4037-8b80-a59124d02e0d">test_alguna_vista_tiene_campo_imagen</a></li>
                    
                </ul>
                </li>
                
                <li>test_minimal_requirements.TestRNF6
                <ul>
                    
                    <li><a href="#2f40ccf2-5e33-4a22-970e-a6e0810c9d8e">test_modelos_tienen_acciones</a></li>
                    
                    <li><a href="#7c29184d-9b61-417e-9844-297fa7f663e5">test_hay_elementos_de_menu[.//menuitem[@action]]</a></li>
                    
                </ul>
                </li>
                
                <li>test_minimal_requirements.TestRNF7
                <ul>
                    
                    <li><a href="#4be5b6cf-527a-4c30-aed6-a2c686dbed9c">test_modelos_tienen_permisos</a></li>
                    
                </ul>
                </li>
                
                <li>test_minimal_requirements.TestRNF8
                <ul>
                    
                    <li><a href="#7275b329-124c-4ccb-925e-4ba1c6bfcdd3">test_app_tiene_icono</a></li>
                    
                </ul>
                </li>
                
                <li>test_minimal_requirements.TestRNF9
                <ul>
                    
                    <li><a href="#02282e92-eacf-42d8-a4c8-85aee7a20909">test_modelos_tienen_datos_demo</a></li>
                    
                </ul>
                </li>
                
                <li>test_minimal_requirements.TestRNFGit
                <ul>
                    
                    <li><a href="#248ee64a-84de-4c56-b34c-9cad31da3b1b">test_git_commit_frecuentes</a></li>
                    
                </ul>
                </li>
                
                <li>test_minimal_requirements.TestRNFCalidad
                <ul>
                    
                    <li><a href="#30b33edc-ceb3-4188-87b9-e86903d90b2f">test_odoo_disponible</a></li>
                    
                    <li><a href="#c13d508b-9f55-4984-a0bf-9cf273938e9c">test_app_instalada</a></li>
                    
                    <li><a href="#33997c91-4e42-4e92-8b0b-d7ce55921044">test_otras_apps_entregadas_son_dependencias</a></li>
                    
                    <li><a href="#b8167dd6-e58d-4c6c-913d-39df9802093d">test_no_hay_elementos_xml_comentados</a></li>
                    
                    <li><a href="#98b32124-90c7-44de-86c8-81c1d5d3297c">test_no_hay_codigo_python_comentado</a></li>
                    
                    <li><a href="#cca303db-0cff-4e6f-9a48-fe08c184d953">test_log_servidor_sin_errores</a></li>
                    
                </ul>
                </li>
                
                <li>test_minimal_requirements.TestOtros
                <ul>
                    
                    <li><a href="#a57609f2-79a3-42ad-b91a-e93a0417906c">test_log_sin_warnings</a>[s]</li>
                    
                </ul>
                </li>
                
                <li>test_minimal_requirements.TestRNFAdicionalesKanban
                <ul>
                    
                    <li><a href="#fd688387-d3b6-46f0-86d9-fb603003bfe3">test_vista_kanban[/kanban]</a>[s]</li>
                    
                    <li><a href="#ac938704-2a5d-46fd-af33-dc43f2fc36de">test_vista_kanban[/kanban[@default_group_by]]</a>[s]</li>
                    
                    <li><a href="#34419eb0-3765-4d1f-91d6-c128d3ab3136">test_vista_kanban_imagen[/img]</a>[s]</li>
                    
                    <li><a href="#c08e57c3-e0cf-424f-a634-bdfbb820b52c">test_vista_kanban_imagen[/field[@preview_image]]</a>[s]</li>
                    
                    <li><a href="#f9c0f9f9-f9b2-4486-98df-8c86ad2e403d">test_vista_kanban_imagen[/field[@widget=&#34;image&#34;]]</a>[s]</li>
                    
                </ul>
                </li>
                
                <li>test_minimal_requirements.TestRNFAdicionalesBusqueda
                <ul>
                    
                    <li><a href="#3150c7b3-4d05-43cd-b35b-d34e3023305f">test_vista_search[/search]</a>[s]</li>
                    
                    <li><a href="#d9686a23-dc39-465b-9425-96695248db64">test_vista_search_compleja[/filter[@domain]]</a>[s]</li>
                    
                    <li><a href="#3422b1b7-02fb-4c0b-b92b-370ef7e1245b">test_vista_search_compleja[/group//filter[@context]]</a>[s]</li>
                    
                </ul>
                </li>
                
                <li>test_minimal_requirements.TestRNFAdicionalesOtrasVistas
                <ul>
                    
                    <li><a href="#9313d2b3-1fb6-4ee8-8990-ec5c9a41ed0e">test_otras_vistas_adicionales[activity]</a>[s]</li>
                    
                    <li><a href="#4785977b-905a-46e4-ba01-6348a10e8186">test_otras_vistas_adicionales[calendar]</a>[s]</li>
                    
                    <li><a href="#caffda77-396d-41ca-baf5-09f94b33703d">test_otras_vistas_adicionales[graph]</a>[s]</li>
                    
                    <li><a href="#a8c0f95f-ca42-446e-9cb4-8e368c80a60b">test_otras_vistas_adicionales[pivot]</a>[s]</li>
                    
                </ul>
                </li>
                
                <li>test_minimal_requirements.TestRNFAdicionalesConstraints
                <ul>
                    
                    <li><a href="#f10f6e0e-dc05-4c43-9353-a3cd6002eb76">test_constraints_sql</a>[s]</li>
                    
                </ul>
                </li>
                
                <li>test_minimal_requirements.TestRNFAdicionalesSeguridadAvanzada
                <ul>
                    
                    <li><a href="#96774c23-f647-448f-ad78-908a1f9dd49c">test_seguridad_con_grupos_propios</a>[s]</li>
                    
                </ul>
                </li>
                
                <li>test_minimal_requirements.TestRNFAdicionalesDatosAvanzados
                <ul>
                    
                    <li><a href="#795e9fe6-cf24-4705-bda6-4de7dedf2205">test_datos_maestros_o_demo_avanzados[binary]</a>[s]</li>
                    
                    <li><a href="#2fb2a56c-72cf-415b-b9a6-14632e2826d0">test_datos_maestros_o_demo_avanzados[many2many]</a>[s]</li>
                    
                    <li><a href="#af322b88-2fad-41ce-8281-78b54db26ba3">test_datos_maestros_o_demo_avanzados[many2one]</a>[s]</li>
                    
                </ul>
                </li>
                
                <li>test_minimal_requirements.TestRNFAdicionalesHerenciaVistas
                <ul>
                    
                    <li><a href="#e60c45ca-92e2-4e70-923d-556fd6e77565">test_herencia_en_vistas_con_position</a>[s]</li>
                    
                    <li><a href="#5b7a0511-3bb0-4d1b-8886-a6b25a758a90">test_herencia_en_vistas_con_inherit_id</a>[s]</li>
                    
                </ul>
                </li>
                
                <li>test_minimal_requirements.TestRNFAdicionalesHerenciaModelos
                <ul>
                    
                    <li><a href="#7a35bc39-5a75-4f6f-83f5-4b56bea2148b">test_modelos_existentes_modificados_por_herencia</a>[s]</li>
                    
                    <li><a href="#8d48f3e4-865e-4171-8bc1-78ff3f1a6f43">test_nuevos_modelos_con_herencia</a>[s]</li>
                    
                </ul>
                </li>
                
                <li>test_minimal_requirements.TestRNFAdicionalesTraducciones
                <ul>
                    
                    <li><a href="#5dfbdb5f-fd20-4da4-b044-f9f5944cd27f">test_i18n</a>[s]</li>
                    
                </ul>
                </li>
                
                <li>test_minimal_requirements.TestRNFAdicionalesInformes
                <ul>
                    
                    <li><a href="#01cf56c1-c4d0-475f-86a5-05777317904c">test_informes[report]</a>[s]</li>
                    
                    <li><a href="#e4711a3e-2bf5-4f21-b131-27d1e9c316f0">test_informes[template]</a>[s]</li>
                    
                    <li><a href="#0e0506eb-7162-42d8-b568-a584c794f178">test_informes_complejos[/t[@t-foreach]]</a>[s]</li>
                    
                    <li><a href="#33fd997c-1756-4503-9b94-df4abda456b9">test_informes_complejos[/img[@t-att-src]]</a>[s]</li>
                    
                    <li><a href="#af0f3ab9-def3-4414-90a6-84977c66b509">test_informes_complejos[/t[@t-call and not(@t-call=&#34;web.external_layout&#34; or @t-call=&#34;web.html_container&#34;)]]</a>[s]</li>
                    
                </ul>
                </li>
                
                <li>test_minimal_requirements.TestRNFAdicionalesChatter
                <ul>
                    
                    <li><a href="#369d1507-4324-47bc-b9ff-95157f11ae42">test_chatter[mail_thread]</a>[s]</li>
                    
                    <li><a href="#5bba820e-01fc-44db-a739-476ba57b6fb3">test_chatter[mail_activity_mixin]</a>[s]</li>
                    
                    <li><a href="#4f6e2d52-54b9-4faa-ad0a-68220f90b7c7">test_chatter_tracking</a>[s]</li>
                    
                    <li><a href="#29b52b40-fa3c-4905-9be1-0c7c19f80bb2">test_vista_chatter_div</a>[s]</li>
                    
                    <li><a href="#bc4c7c50-e8c2-40ab-9bd2-5570f383b449">test_vista_chatter_fields[.//field[@name=&#34;message_follower_ids&#34;]]</a>[s]</li>
                    
                    <li><a href="#45ed390f-ce7d-41df-b788-dafec4a0e012">test_vista_chatter_fields[.//field[@name=&#34;activity_ids&#34;]]</a>[s]</li>
                    
                    <li><a href="#18b3d24c-09dd-45ed-8311-0f3f01439630">test_vista_chatter_fields[.//field[@name=&#34;message_ids&#34;]]</a>[s]</li>
                    
                    <li><a href="#7878c322-9411-45a0-b72b-4e7855c887f1">test_vista_chatter_fields[.//field[@widget=&#34;mail_followers&#34;]]</a>[s]</li>
                    
                    <li><a href="#f3e95d85-3887-433d-b75a-a5478a67b3d3">test_vista_chatter_fields[.//field[@widget=&#34;mail_thread&#34;]]</a>[s]</li>
                    
                    <li><a href="#859b507a-3294-4b8a-90dd-290c7d395c17">test_vista_chatter_fields[.//field[@widget=&#34;mail_activity&#34;]]</a>[s]</li>
                    
                </ul>
                </li>
                
            
            </ul>
        </td>
        <td class="failure-index">
            <ul class="toc">
            
                
                    
                    
                    <li><a href="#e2c15797-32c5-46e6-a396-5bf51b58f5c2">[F] test_minimal_requirements.TestRNF1 : test_app_tiene_al_menos_4_modelos</a></li>
                    
                    
                    
                    <li><a href="#4c894301-b644-49d5-9b2d-d028265ff3e3">[F] test_minimal_requirements.TestRNF1 : test_modelos_en_ficheros_individuales</a></li>
                    
                    
                
                    
                    
                    <li><a href="#77a917f0-e6e2-41de-b243-3721264b1a3b">[F] test_minimal_requirements.TestRNF2 : test_relacion_many2many</a></li>
                    
                    
                    
                    <li><a href="#56cfac92-c277-47af-92a1-b947cd09d25e">[F] test_minimal_requirements.TestRNF2 : test_modelos_tienen_algun_campo_relacion[one2many]</a></li>
                    
                    
                    
                    <li><a href="#269781dc-41a1-4c95-8f28-54064d6e6393">[F] test_minimal_requirements.TestRNF2 : test_modelos_tienen_algun_campo_relacion[many2one]</a></li>
                    
                    
                    
                    <li><a href="#a8e0cdc5-b1d0-4830-9ddd-c8c898531932">[F] test_minimal_requirements.TestRNF2 : test_unknown_comodel_name</a></li>
                    
                    
                
                    
                    
                    <li><a href="#47a4d013-6fa7-483b-8ed4-2f8eb59c9bb7">[F] test_minimal_requirements.TestRNF3 : test_modelos_tienen_vista[tree]</a></li>
                    
                    
                    
                    <li><a href="#ade91011-8929-483a-959d-6bb398d85fd7">[F] test_minimal_requirements.TestRNF3 : test_modelos_tienen_vista[form]</a></li>
                    
                    
                    
                    <li><a href="#66d9b93c-17b1-4c5f-abfe-587786f16701">[F] test_minimal_requirements.TestRNF3 : test_formularios_tienen_vista_anidada_para_campos_X2many[one2many]</a></li>
                    
                    
                    
                    <li><a href="#3f30a324-18f6-4f91-a3a9-ad26003ed90f">[F] test_minimal_requirements.TestRNF3 : test_formularios_tienen_vista_anidada_para_campos_X2many[many2many]</a></li>
                    
                    
                
                    
                    
                    <li><a href="#b9a43875-ee6a-47db-ac4e-b5c54b0ef521">[F] test_minimal_requirements.TestRNF4 : test_vistas_en_ficheros_individuales</a></li>
                    
                    
                
                    
                    
                    <li><a href="#43ca78eb-8826-41a0-97d1-c2ecf05d9b18">[F] test_minimal_requirements.TestRNF5 : test_modelos_tienen_algun_posible_campo_imagen</a></li>
                    
                    
                    
                    <li><a href="#980684ed-553f-4037-8b80-a59124d02e0d">[F] test_minimal_requirements.TestRNF5 : test_alguna_vista_tiene_campo_imagen</a></li>
                    
                    
                
                    
                    
                    <li><a href="#2f40ccf2-5e33-4a22-970e-a6e0810c9d8e">[F] test_minimal_requirements.TestRNF6 : test_modelos_tienen_acciones</a></li>
                    
                    
                    
                    <li><a href="#7c29184d-9b61-417e-9844-297fa7f663e5">[F] test_minimal_requirements.TestRNF6 : test_hay_elementos_de_menu[.//menuitem[@action]]</a></li>
                    
                    
                
                    
                    
                    <li><a href="#4be5b6cf-527a-4c30-aed6-a2c686dbed9c">[F] test_minimal_requirements.TestRNF7 : test_modelos_tienen_permisos</a></li>
                    
                    
                
                    
                    
                    <li><a href="#7275b329-124c-4ccb-925e-4ba1c6bfcdd3">[F] test_minimal_requirements.TestRNF8 : test_app_tiene_icono</a></li>
                    
                    
                
                    
                    
                    <li><a href="#02282e92-eacf-42d8-a4c8-85aee7a20909">[F] test_minimal_requirements.TestRNF9 : test_modelos_tienen_datos_demo</a></li>
                    
                    
                
                    
                    
                    <li><a href="#248ee64a-84de-4c56-b34c-9cad31da3b1b">[F] test_minimal_requirements.TestRNFGit : test_git_commit_frecuentes</a></li>
                    
                    
                
                    
                    
                    <li><a href="#30b33edc-ceb3-4188-87b9-e86903d90b2f">[F] test_minimal_requirements.TestRNFCalidad : test_odoo_disponible</a></li>
                    
                    
                    
                    <li><a href="#c13d508b-9f55-4984-a0bf-9cf273938e9c">[F] test_minimal_requirements.TestRNFCalidad : test_app_instalada</a></li>
                    
                    
                    
                    <li><a href="#33997c91-4e42-4e92-8b0b-d7ce55921044">[F] test_minimal_requirements.TestRNFCalidad : test_otras_apps_entregadas_son_dependencias</a></li>
                    
                    
                    
                    <li><a href="#b8167dd6-e58d-4c6c-913d-39df9802093d">[F] test_minimal_requirements.TestRNFCalidad : test_no_hay_elementos_xml_comentados</a></li>
                    
                    
                    
                    <li><a href="#98b32124-90c7-44de-86c8-81c1d5d3297c">[F] test_minimal_requirements.TestRNFCalidad : test_no_hay_codigo_python_comentado</a></li>
                    
                    
                    
                    <li><a href="#cca303db-0cff-4e6f-9a48-fe08c184d953">[F] test_minimal_requirements.TestRNFCalidad : test_log_servidor_sin_errores</a></li>
                    
                    
                
                    
                    
                    
                
                    
                    
                    
                    
                    
                    
                    
                    
                    
                    
                    
                
                    
                    
                    
                    
                    
                    
                    
                
                    
                    
                    
                    
                    
                    
                    
                    
                    
                
                    
                    
                    
                
                    
                    
                    
                
                    
                    
                    
                    
                    
                    
                    
                
                    
                    
                    
                    
                    
                
                    
                    
                    
                    
                    
                
                    
                    
                    
                
                    
                    
                    
                    
                    
                    
                    
                    
                    
                    
                    
                
                    
                    
                    
                    
                    
                    
                    
                    
                    
                    
                    
                    
                    
                    
                    
                    
                    
                    
                    
                    
                    
                
            
            </ul>
        </td>
    </tr>
</table>


    <div class="testsuite">
        <h2>Test Suite: pytest</h2>
        <a id="6531a85d-5eb1-4845-a596-e5fe202baf79"></a>
        
        
        <h3>Results</h3>
        <table class="proplist">
            <tr>
                <th>Duration</th><td>6.525 sec</td>
            </tr>
            <tr>
                <th>Tests</th><td>63</td>
            </tr>
            <tr>
                <th>Failures</th><td>25</td>
            </tr>
        </table>

        <div class="testclasses">
            <h3>Tests</h3>
            
            <div class="testclass">
                <h4>test_minimal_requirements.TestRNF1</h4>
                <div class="testcases">
                
                    <div class="test outcome outcome-failed">
                        <a id="e2c15797-32c5-46e6-a396-5bf51b58f5c2"></a>
                        <table class="proplist">
                            <tr><th>Test case:</th><td><b>test_app_tiene_al_menos_4_modelos</b></td></tr>
                            <tr><th>Outcome:</th><td>Failed</td></tr>
                            <tr><th>Duration:</th><td>0.561 sec</td></tr>
                        
                            <tr><th>Failed</th><td>failed on setup with &#34;Exception: Command docker compose -f &#34;/home/ubuntu/SGE-tester-B/projects/docker-compose.yml&#34; -p &#34;pytest16299&#34; up --build -d returned 1: &#34;&#34;&#34;time=&#34;2026-01-13T13:06:18Z&#34; level=warning msg=&#34;/home/ubuntu/SGE-tester-B/projects/docker-compose.yml: the attribute `version` is obsolete, it will be ignored, please remove it to avoid potential confusion&#34;
 Network pytest16299_default  Creating
 Network pytest16299_default  Created
 Container pytest16299-db-1  Creating
 Container pytest16299-db-1  Created
 Container pytest16299-odoo-1  Creating
 Container pytest16299-odoo-1  Created
 Container pytest16299-db-1  Starting
Error response from daemon: failed to set up container networking: driver failed programming external connectivity on endpoint pytest16299-db-1 (b384af1ac54bd70252f868120209eba3b1061751d9bb1f2418be4f44beaa37e4): Bind for 0.0.0.0:5432 failed: port is already allocated
&#34;&#34;&#34;.&#34;</td></tr>
                        
                        
                        </table>

                        
                        <pre>docker_compose_command = &#39;docker compose&#39;
docker_compose_file = &#39;/home/ubuntu/SGE-tester-B/projects/docker-compose.yml&#39;
docker_compose_project_name = &#39;pytest16299&#39;, docker_setup = [&#39;up --build -d&#39;]
docker_cleanup = [&#39;down -v&#39;]

    @pytest.fixture(scope=containers_scope)
    def docker_services(
        docker_compose_command: str,
        docker_compose_file: Union[List[str], str],
        docker_compose_project_name: str,
        docker_setup: str,
        docker_cleanup: str,
    ) -&gt; Iterator[Services]:
        &#34;&#34;&#34;Start all services from a docker compose file (`docker-compose up`).
        After test are finished, shutdown all services (`docker-compose down`).&#34;&#34;&#34;
    
&gt;       with get_docker_services(
            docker_compose_command,
            docker_compose_file,
            docker_compose_project_name,
            docker_setup,
            docker_cleanup,
        ) as docker_service:

.venv/lib/python3.12/site-packages/pytest_docker/plugin.py:238: 
_ _ _ _ _ _ _ _ _ _ _ _ _ _ _ _ _ _ _ _ _ _ _ _ _ _ _ _ _ _ _ _ _ _ _ _ _ _ _ _ 
/usr/lib/python3.12/contextlib.py:137: in __enter__
    return next(self.gen)
.venv/lib/python3.12/site-packages/pytest_docker/plugin.py:212: in get_docker_services
    docker_compose.execute(command)
.venv/lib/python3.12/site-packages/pytest_docker/plugin.py:140: in execute
    return execute(command)
_ _ _ _ _ _ _ _ _ _ _ _ _ _ _ _ _ _ _ _ _ _ _ _ _ _ _ _ _ _ _ _ _ _ _ _ _ _ _ _ 

command = &#39;docker compose -f &#34;/home/ubuntu/SGE-tester-B/projects/docker-compose.yml&#34; -p &#34;pytest16299&#34; up --build -d&#39;
success_codes = (0,)

    def execute(command: str, success_codes: Iterable[int] = (0,)) -&gt; Union[bytes, Any]:
        &#34;&#34;&#34;Run a shell command.&#34;&#34;&#34;
        try:
            output = subprocess.check_output(command, stderr=subprocess.STDOUT, shell=True)
            status = 0
        except subprocess.CalledProcessError as error:
            output = error.output or b&#34;&#34;
            status = error.returncode
            command = error.cmd
    
        if status not in success_codes:
&gt;           raise Exception(
                &#39;Command {} returned {}: &#34;&#34;&#34;{}&#34;&#34;&#34;.&#39;.format(command, status, output.decode(&#34;utf-8&#34;))
            )
E           Exception: Command docker compose -f &#34;/home/ubuntu/SGE-tester-B/projects/docker-compose.yml&#34; -p &#34;pytest16299&#34; up --build -d returned 1: &#34;&#34;&#34;time=&#34;2026-01-13T13:06:18Z&#34; level=warning msg=&#34;/home/ubuntu/SGE-tester-B/projects/docker-compose.yml: the attribute `version` is obsolete, it will be ignored, please remove it to avoid potential confusion&#34;
E            Network pytest16299_default  Creating
E            Network pytest16299_default  Created
E            Container pytest16299-db-1  Creating
E            Container pytest16299-db-1  Created
E            Container pytest16299-odoo-1  Creating
E            Container pytest16299-odoo-1  Created
E            Container pytest16299-db-1  Starting
E           Error response from daemon: failed to set up container networking: driver failed programming external connectivity on endpoint pytest16299-db-1 (b384af1ac54bd70252f868120209eba3b1061751d9bb1f2418be4f44beaa37e4): Bind for 0.0.0.0:5432 failed: port is already allocated
E           &#34;&#34;&#34;.

.venv/lib/python3.12/site-packages/pytest_docker/plugin.py:35: Exception</pre>
                        
                        

                        
                        
                        
                    </div>
                
                    <div class="test outcome outcome-failed">
                        <a id="4c894301-b644-49d5-9b2d-d028265ff3e3"></a>
                        <table class="proplist">
                            <tr><th>Test case:</th><td><b>test_modelos_en_ficheros_individuales</b></td></tr>
                            <tr><th>Outcome:</th><td>Failed</td></tr>
                            <tr><th>Duration:</th><td>0.001 sec</td></tr>
                        
                            <tr><th>Failed</th><td>failed on setup with &#34;Exception: Command docker compose -f &#34;/home/ubuntu/SGE-tester-B/projects/docker-compose.yml&#34; -p &#34;pytest16299&#34; up --build -d returned 1: &#34;&#34;&#34;time=&#34;2026-01-13T13:06:18Z&#34; level=warning msg=&#34;/home/ubuntu/SGE-tester-B/projects/docker-compose.yml: the attribute `version` is obsolete, it will be ignored, please remove it to avoid potential confusion&#34;
 Network pytest16299_default  Creating
 Network pytest16299_default  Created
 Container pytest16299-db-1  Creating
 Container pytest16299-db-1  Created
 Container pytest16299-odoo-1  Creating
 Container pytest16299-odoo-1  Created
 Container pytest16299-db-1  Starting
Error response from daemon: failed to set up container networking: driver failed programming external connectivity on endpoint pytest16299-db-1 (b384af1ac54bd70252f868120209eba3b1061751d9bb1f2418be4f44beaa37e4): Bind for 0.0.0.0:5432 failed: port is already allocated
&#34;&#34;&#34;.&#34;</td></tr>
                        
                        
                        </table>

                        
                        <pre>docker_compose_command = &#39;docker compose&#39;
docker_compose_file = &#39;/home/ubuntu/SGE-tester-B/projects/docker-compose.yml&#39;
docker_compose_project_name = &#39;pytest16299&#39;, docker_setup = [&#39;up --build -d&#39;]
docker_cleanup = [&#39;down -v&#39;]

    @pytest.fixture(scope=containers_scope)
    def docker_services(
        docker_compose_command: str,
        docker_compose_file: Union[List[str], str],
        docker_compose_project_name: str,
        docker_setup: str,
        docker_cleanup: str,
    ) -&gt; Iterator[Services]:
        &#34;&#34;&#34;Start all services from a docker compose file (`docker-compose up`).
        After test are finished, shutdown all services (`docker-compose down`).&#34;&#34;&#34;
    
&gt;       with get_docker_services(
            docker_compose_command,
            docker_compose_file,
            docker_compose_project_name,
            docker_setup,
            docker_cleanup,
        ) as docker_service:

.venv/lib/python3.12/site-packages/pytest_docker/plugin.py:238: 
_ _ _ _ _ _ _ _ _ _ _ _ _ _ _ _ _ _ _ _ _ _ _ _ _ _ _ _ _ _ _ _ _ _ _ _ _ _ _ _ 
/usr/lib/python3.12/contextlib.py:137: in __enter__
    return next(self.gen)
.venv/lib/python3.12/site-packages/pytest_docker/plugin.py:212: in get_docker_services
    docker_compose.execute(command)
.venv/lib/python3.12/site-packages/pytest_docker/plugin.py:140: in execute
    return execute(command)
_ _ _ _ _ _ _ _ _ _ _ _ _ _ _ _ _ _ _ _ _ _ _ _ _ _ _ _ _ _ _ _ _ _ _ _ _ _ _ _ 

command = &#39;docker compose -f &#34;/home/ubuntu/SGE-tester-B/projects/docker-compose.yml&#34; -p &#34;pytest16299&#34; up --build -d&#39;
success_codes = (0,)

    def execute(command: str, success_codes: Iterable[int] = (0,)) -&gt; Union[bytes, Any]:
        &#34;&#34;&#34;Run a shell command.&#34;&#34;&#34;
        try:
            output = subprocess.check_output(command, stderr=subprocess.STDOUT, shell=True)
            status = 0
        except subprocess.CalledProcessError as error:
            output = error.output or b&#34;&#34;
            status = error.returncode
            command = error.cmd
    
        if status not in success_codes:
&gt;           raise Exception(
                &#39;Command {} returned {}: &#34;&#34;&#34;{}&#34;&#34;&#34;.&#39;.format(command, status, output.decode(&#34;utf-8&#34;))
            )
E           Exception: Command docker compose -f &#34;/home/ubuntu/SGE-tester-B/projects/docker-compose.yml&#34; -p &#34;pytest16299&#34; up --build -d returned 1: &#34;&#34;&#34;time=&#34;2026-01-13T13:06:18Z&#34; level=warning msg=&#34;/home/ubuntu/SGE-tester-B/projects/docker-compose.yml: the attribute `version` is obsolete, it will be ignored, please remove it to avoid potential confusion&#34;
E            Network pytest16299_default  Creating
E            Network pytest16299_default  Created
E            Container pytest16299-db-1  Creating
E            Container pytest16299-db-1  Created
E            Container pytest16299-odoo-1  Creating
E            Container pytest16299-odoo-1  Created
E            Container pytest16299-db-1  Starting
E           Error response from daemon: failed to set up container networking: driver failed programming external connectivity on endpoint pytest16299-db-1 (b384af1ac54bd70252f868120209eba3b1061751d9bb1f2418be4f44beaa37e4): Bind for 0.0.0.0:5432 failed: port is already allocated
E           &#34;&#34;&#34;.

.venv/lib/python3.12/site-packages/pytest_docker/plugin.py:35: Exception</pre>
                        
                        

                        
                        
                        
                    </div>
                
                </div>
            </div>
            
            <div class="testclass">
                <h4>test_minimal_requirements.TestRNF2</h4>
                <div class="testcases">
                
                    <div class="test outcome outcome-failed">
                        <a id="77a917f0-e6e2-41de-b243-3721264b1a3b"></a>
                        <table class="proplist">
                            <tr><th>Test case:</th><td><b>test_relacion_many2many</b></td></tr>
                            <tr><th>Outcome:</th><td>Failed</td></tr>
                            <tr><th>Duration:</th><td>0.001 sec</td></tr>
                        
                            <tr><th>Failed</th><td>failed on setup with &#34;Exception: Command docker compose -f &#34;/home/ubuntu/SGE-tester-B/projects/docker-compose.yml&#34; -p &#34;pytest16299&#34; up --build -d returned 1: &#34;&#34;&#34;time=&#34;2026-01-13T13:06:18Z&#34; level=warning msg=&#34;/home/ubuntu/SGE-tester-B/projects/docker-compose.yml: the attribute `version` is obsolete, it will be ignored, please remove it to avoid potential confusion&#34;
 Network pytest16299_default  Creating
 Network pytest16299_default  Created
 Container pytest16299-db-1  Creating
 Container pytest16299-db-1  Created
 Container pytest16299-odoo-1  Creating
 Container pytest16299-odoo-1  Created
 Container pytest16299-db-1  Starting
Error response from daemon: failed to set up container networking: driver failed programming external connectivity on endpoint pytest16299-db-1 (b384af1ac54bd70252f868120209eba3b1061751d9bb1f2418be4f44beaa37e4): Bind for 0.0.0.0:5432 failed: port is already allocated
&#34;&#34;&#34;.&#34;</td></tr>
                        
                        
                        </table>

                        
                        <pre>docker_compose_command = &#39;docker compose&#39;
docker_compose_file = &#39;/home/ubuntu/SGE-tester-B/projects/docker-compose.yml&#39;
docker_compose_project_name = &#39;pytest16299&#39;, docker_setup = [&#39;up --build -d&#39;]
docker_cleanup = [&#39;down -v&#39;]

    @pytest.fixture(scope=containers_scope)
    def docker_services(
        docker_compose_command: str,
        docker_compose_file: Union[List[str], str],
        docker_compose_project_name: str,
        docker_setup: str,
        docker_cleanup: str,
    ) -&gt; Iterator[Services]:
        &#34;&#34;&#34;Start all services from a docker compose file (`docker-compose up`).
        After test are finished, shutdown all services (`docker-compose down`).&#34;&#34;&#34;
    
&gt;       with get_docker_services(
            docker_compose_command,
            docker_compose_file,
            docker_compose_project_name,
            docker_setup,
            docker_cleanup,
        ) as docker_service:

.venv/lib/python3.12/site-packages/pytest_docker/plugin.py:238: 
_ _ _ _ _ _ _ _ _ _ _ _ _ _ _ _ _ _ _ _ _ _ _ _ _ _ _ _ _ _ _ _ _ _ _ _ _ _ _ _ 
/usr/lib/python3.12/contextlib.py:137: in __enter__
    return next(self.gen)
.venv/lib/python3.12/site-packages/pytest_docker/plugin.py:212: in get_docker_services
    docker_compose.execute(command)
.venv/lib/python3.12/site-packages/pytest_docker/plugin.py:140: in execute
    return execute(command)
_ _ _ _ _ _ _ _ _ _ _ _ _ _ _ _ _ _ _ _ _ _ _ _ _ _ _ _ _ _ _ _ _ _ _ _ _ _ _ _ 

command = &#39;docker compose -f &#34;/home/ubuntu/SGE-tester-B/projects/docker-compose.yml&#34; -p &#34;pytest16299&#34; up --build -d&#39;
success_codes = (0,)

    def execute(command: str, success_codes: Iterable[int] = (0,)) -&gt; Union[bytes, Any]:
        &#34;&#34;&#34;Run a shell command.&#34;&#34;&#34;
        try:
            output = subprocess.check_output(command, stderr=subprocess.STDOUT, shell=True)
            status = 0
        except subprocess.CalledProcessError as error:
            output = error.output or b&#34;&#34;
            status = error.returncode
            command = error.cmd
    
        if status not in success_codes:
&gt;           raise Exception(
                &#39;Command {} returned {}: &#34;&#34;&#34;{}&#34;&#34;&#34;.&#39;.format(command, status, output.decode(&#34;utf-8&#34;))
            )
E           Exception: Command docker compose -f &#34;/home/ubuntu/SGE-tester-B/projects/docker-compose.yml&#34; -p &#34;pytest16299&#34; up --build -d returned 1: &#34;&#34;&#34;time=&#34;2026-01-13T13:06:18Z&#34; level=warning msg=&#34;/home/ubuntu/SGE-tester-B/projects/docker-compose.yml: the attribute `version` is obsolete, it will be ignored, please remove it to avoid potential confusion&#34;
E            Network pytest16299_default  Creating
E            Network pytest16299_default  Created
E            Container pytest16299-db-1  Creating
E            Container pytest16299-db-1  Created
E            Container pytest16299-odoo-1  Creating
E            Container pytest16299-odoo-1  Created
E            Container pytest16299-db-1  Starting
E           Error response from daemon: failed to set up container networking: driver failed programming external connectivity on endpoint pytest16299-db-1 (b384af1ac54bd70252f868120209eba3b1061751d9bb1f2418be4f44beaa37e4): Bind for 0.0.0.0:5432 failed: port is already allocated
E           &#34;&#34;&#34;.

.venv/lib/python3.12/site-packages/pytest_docker/plugin.py:35: Exception</pre>
                        
                        

                        
                        
                        
                    </div>
                
                    <div class="test outcome outcome-failed">
                        <a id="56cfac92-c277-47af-92a1-b947cd09d25e"></a>
                        <table class="proplist">
                            <tr><th>Test case:</th><td><b>test_modelos_tienen_algun_campo_relacion[one2many]</b></td></tr>
                            <tr><th>Outcome:</th><td>Failed</td></tr>
                            <tr><th>Duration:</th><td>0.0 sec</td></tr>
                        
                            <tr><th>Failed</th><td>failed on setup with &#34;Exception: Command docker compose -f &#34;/home/ubuntu/SGE-tester-B/projects/docker-compose.yml&#34; -p &#34;pytest16299&#34; up --build -d returned 1: &#34;&#34;&#34;time=&#34;2026-01-13T13:06:18Z&#34; level=warning msg=&#34;/home/ubuntu/SGE-tester-B/projects/docker-compose.yml: the attribute `version` is obsolete, it will be ignored, please remove it to avoid potential confusion&#34;
 Network pytest16299_default  Creating
 Network pytest16299_default  Created
 Container pytest16299-db-1  Creating
 Container pytest16299-db-1  Created
 Container pytest16299-odoo-1  Creating
 Container pytest16299-odoo-1  Created
 Container pytest16299-db-1  Starting
Error response from daemon: failed to set up container networking: driver failed programming external connectivity on endpoint pytest16299-db-1 (b384af1ac54bd70252f868120209eba3b1061751d9bb1f2418be4f44beaa37e4): Bind for 0.0.0.0:5432 failed: port is already allocated
&#34;&#34;&#34;.&#34;</td></tr>
                        
                        
                        </table>

                        
                        <pre>docker_compose_command = &#39;docker compose&#39;
docker_compose_file = &#39;/home/ubuntu/SGE-tester-B/projects/docker-compose.yml&#39;
docker_compose_project_name = &#39;pytest16299&#39;, docker_setup = [&#39;up --build -d&#39;]
docker_cleanup = [&#39;down -v&#39;]

    @pytest.fixture(scope=containers_scope)
    def docker_services(
        docker_compose_command: str,
        docker_compose_file: Union[List[str], str],
        docker_compose_project_name: str,
        docker_setup: str,
        docker_cleanup: str,
    ) -&gt; Iterator[Services]:
        &#34;&#34;&#34;Start all services from a docker compose file (`docker-compose up`).
        After test are finished, shutdown all services (`docker-compose down`).&#34;&#34;&#34;
    
&gt;       with get_docker_services(
            docker_compose_command,
            docker_compose_file,
            docker_compose_project_name,
            docker_setup,
            docker_cleanup,
        ) as docker_service:

.venv/lib/python3.12/site-packages/pytest_docker/plugin.py:238: 
_ _ _ _ _ _ _ _ _ _ _ _ _ _ _ _ _ _ _ _ _ _ _ _ _ _ _ _ _ _ _ _ _ _ _ _ _ _ _ _ 
/usr/lib/python3.12/contextlib.py:137: in __enter__
    return next(self.gen)
.venv/lib/python3.12/site-packages/pytest_docker/plugin.py:212: in get_docker_services
    docker_compose.execute(command)
.venv/lib/python3.12/site-packages/pytest_docker/plugin.py:140: in execute
    return execute(command)
_ _ _ _ _ _ _ _ _ _ _ _ _ _ _ _ _ _ _ _ _ _ _ _ _ _ _ _ _ _ _ _ _ _ _ _ _ _ _ _ 

command = &#39;docker compose -f &#34;/home/ubuntu/SGE-tester-B/projects/docker-compose.yml&#34; -p &#34;pytest16299&#34; up --build -d&#39;
success_codes = (0,)

    def execute(command: str, success_codes: Iterable[int] = (0,)) -&gt; Union[bytes, Any]:
        &#34;&#34;&#34;Run a shell command.&#34;&#34;&#34;
        try:
            output = subprocess.check_output(command, stderr=subprocess.STDOUT, shell=True)
            status = 0
        except subprocess.CalledProcessError as error:
            output = error.output or b&#34;&#34;
            status = error.returncode
            command = error.cmd
    
        if status not in success_codes:
&gt;           raise Exception(
                &#39;Command {} returned {}: &#34;&#34;&#34;{}&#34;&#34;&#34;.&#39;.format(command, status, output.decode(&#34;utf-8&#34;))
            )
E           Exception: Command docker compose -f &#34;/home/ubuntu/SGE-tester-B/projects/docker-compose.yml&#34; -p &#34;pytest16299&#34; up --build -d returned 1: &#34;&#34;&#34;time=&#34;2026-01-13T13:06:18Z&#34; level=warning msg=&#34;/home/ubuntu/SGE-tester-B/projects/docker-compose.yml: the attribute `version` is obsolete, it will be ignored, please remove it to avoid potential confusion&#34;
E            Network pytest16299_default  Creating
E            Network pytest16299_default  Created
E            Container pytest16299-db-1  Creating
E            Container pytest16299-db-1  Created
E            Container pytest16299-odoo-1  Creating
E            Container pytest16299-odoo-1  Created
E            Container pytest16299-db-1  Starting
E           Error response from daemon: failed to set up container networking: driver failed programming external connectivity on endpoint pytest16299-db-1 (b384af1ac54bd70252f868120209eba3b1061751d9bb1f2418be4f44beaa37e4): Bind for 0.0.0.0:5432 failed: port is already allocated
E           &#34;&#34;&#34;.

.venv/lib/python3.12/site-packages/pytest_docker/plugin.py:35: Exception</pre>
                        
                        

                        
                        
                        
                    </div>
                
                    <div class="test outcome outcome-failed">
                        <a id="269781dc-41a1-4c95-8f28-54064d6e6393"></a>
                        <table class="proplist">
                            <tr><th>Test case:</th><td><b>test_modelos_tienen_algun_campo_relacion[many2one]</b></td></tr>
                            <tr><th>Outcome:</th><td>Failed</td></tr>
                            <tr><th>Duration:</th><td>0.0 sec</td></tr>
                        
                            <tr><th>Failed</th><td>failed on setup with &#34;Exception: Command docker compose -f &#34;/home/ubuntu/SGE-tester-B/projects/docker-compose.yml&#34; -p &#34;pytest16299&#34; up --build -d returned 1: &#34;&#34;&#34;time=&#34;2026-01-13T13:06:18Z&#34; level=warning msg=&#34;/home/ubuntu/SGE-tester-B/projects/docker-compose.yml: the attribute `version` is obsolete, it will be ignored, please remove it to avoid potential confusion&#34;
 Network pytest16299_default  Creating
 Network pytest16299_default  Created
 Container pytest16299-db-1  Creating
 Container pytest16299-db-1  Created
 Container pytest16299-odoo-1  Creating
 Container pytest16299-odoo-1  Created
 Container pytest16299-db-1  Starting
Error response from daemon: failed to set up container networking: driver failed programming external connectivity on endpoint pytest16299-db-1 (b384af1ac54bd70252f868120209eba3b1061751d9bb1f2418be4f44beaa37e4): Bind for 0.0.0.0:5432 failed: port is already allocated
&#34;&#34;&#34;.&#34;</td></tr>
                        
                        
                        </table>

                        
                        <pre>docker_compose_command = &#39;docker compose&#39;
docker_compose_file = &#39;/home/ubuntu/SGE-tester-B/projects/docker-compose.yml&#39;
docker_compose_project_name = &#39;pytest16299&#39;, docker_setup = [&#39;up --build -d&#39;]
docker_cleanup = [&#39;down -v&#39;]

    @pytest.fixture(scope=containers_scope)
    def docker_services(
        docker_compose_command: str,
        docker_compose_file: Union[List[str], str],
        docker_compose_project_name: str,
        docker_setup: str,
        docker_cleanup: str,
    ) -&gt; Iterator[Services]:
        &#34;&#34;&#34;Start all services from a docker compose file (`docker-compose up`).
        After test are finished, shutdown all services (`docker-compose down`).&#34;&#34;&#34;
    
&gt;       with get_docker_services(
            docker_compose_command,
            docker_compose_file,
            docker_compose_project_name,
            docker_setup,
            docker_cleanup,
        ) as docker_service:

.venv/lib/python3.12/site-packages/pytest_docker/plugin.py:238: 
_ _ _ _ _ _ _ _ _ _ _ _ _ _ _ _ _ _ _ _ _ _ _ _ _ _ _ _ _ _ _ _ _ _ _ _ _ _ _ _ 
/usr/lib/python3.12/contextlib.py:137: in __enter__
    return next(self.gen)
.venv/lib/python3.12/site-packages/pytest_docker/plugin.py:212: in get_docker_services
    docker_compose.execute(command)
.venv/lib/python3.12/site-packages/pytest_docker/plugin.py:140: in execute
    return execute(command)
_ _ _ _ _ _ _ _ _ _ _ _ _ _ _ _ _ _ _ _ _ _ _ _ _ _ _ _ _ _ _ _ _ _ _ _ _ _ _ _ 

command = &#39;docker compose -f &#34;/home/ubuntu/SGE-tester-B/projects/docker-compose.yml&#34; -p &#34;pytest16299&#34; up --build -d&#39;
success_codes = (0,)

    def execute(command: str, success_codes: Iterable[int] = (0,)) -&gt; Union[bytes, Any]:
        &#34;&#34;&#34;Run a shell command.&#34;&#34;&#34;
        try:
            output = subprocess.check_output(command, stderr=subprocess.STDOUT, shell=True)
            status = 0
        except subprocess.CalledProcessError as error:
            output = error.output or b&#34;&#34;
            status = error.returncode
            command = error.cmd
    
        if status not in success_codes:
&gt;           raise Exception(
                &#39;Command {} returned {}: &#34;&#34;&#34;{}&#34;&#34;&#34;.&#39;.format(command, status, output.decode(&#34;utf-8&#34;))
            )
E           Exception: Command docker compose -f &#34;/home/ubuntu/SGE-tester-B/projects/docker-compose.yml&#34; -p &#34;pytest16299&#34; up --build -d returned 1: &#34;&#34;&#34;time=&#34;2026-01-13T13:06:18Z&#34; level=warning msg=&#34;/home/ubuntu/SGE-tester-B/projects/docker-compose.yml: the attribute `version` is obsolete, it will be ignored, please remove it to avoid potential confusion&#34;
E            Network pytest16299_default  Creating
E            Network pytest16299_default  Created
E            Container pytest16299-db-1  Creating
E            Container pytest16299-db-1  Created
E            Container pytest16299-odoo-1  Creating
E            Container pytest16299-odoo-1  Created
E            Container pytest16299-db-1  Starting
E           Error response from daemon: failed to set up container networking: driver failed programming external connectivity on endpoint pytest16299-db-1 (b384af1ac54bd70252f868120209eba3b1061751d9bb1f2418be4f44beaa37e4): Bind for 0.0.0.0:5432 failed: port is already allocated
E           &#34;&#34;&#34;.

.venv/lib/python3.12/site-packages/pytest_docker/plugin.py:35: Exception</pre>
                        
                        

                        
                        
                        
                    </div>
                
                    <div class="test outcome outcome-failed">
                        <a id="a8e0cdc5-b1d0-4830-9ddd-c8c898531932"></a>
                        <table class="proplist">
                            <tr><th>Test case:</th><td><b>test_unknown_comodel_name</b></td></tr>
                            <tr><th>Outcome:</th><td>Failed</td></tr>
                            <tr><th>Duration:</th><td>0.0 sec</td></tr>
                        
                            <tr><th>Failed</th><td>failed on setup with &#34;Exception: Command docker compose -f &#34;/home/ubuntu/SGE-tester-B/projects/docker-compose.yml&#34; -p &#34;pytest16299&#34; up --build -d returned 1: &#34;&#34;&#34;time=&#34;2026-01-13T13:06:18Z&#34; level=warning msg=&#34;/home/ubuntu/SGE-tester-B/projects/docker-compose.yml: the attribute `version` is obsolete, it will be ignored, please remove it to avoid potential confusion&#34;
 Network pytest16299_default  Creating
 Network pytest16299_default  Created
 Container pytest16299-db-1  Creating
 Container pytest16299-db-1  Created
 Container pytest16299-odoo-1  Creating
 Container pytest16299-odoo-1  Created
 Container pytest16299-db-1  Starting
Error response from daemon: failed to set up container networking: driver failed programming external connectivity on endpoint pytest16299-db-1 (b384af1ac54bd70252f868120209eba3b1061751d9bb1f2418be4f44beaa37e4): Bind for 0.0.0.0:5432 failed: port is already allocated
&#34;&#34;&#34;.&#34;</td></tr>
                        
                        
                        </table>

                        
                        <pre>docker_compose_command = &#39;docker compose&#39;
docker_compose_file = &#39;/home/ubuntu/SGE-tester-B/projects/docker-compose.yml&#39;
docker_compose_project_name = &#39;pytest16299&#39;, docker_setup = [&#39;up --build -d&#39;]
docker_cleanup = [&#39;down -v&#39;]

    @pytest.fixture(scope=containers_scope)
    def docker_services(
        docker_compose_command: str,
        docker_compose_file: Union[List[str], str],
        docker_compose_project_name: str,
        docker_setup: str,
        docker_cleanup: str,
    ) -&gt; Iterator[Services]:
        &#34;&#34;&#34;Start all services from a docker compose file (`docker-compose up`).
        After test are finished, shutdown all services (`docker-compose down`).&#34;&#34;&#34;
    
&gt;       with get_docker_services(
            docker_compose_command,
            docker_compose_file,
            docker_compose_project_name,
            docker_setup,
            docker_cleanup,
        ) as docker_service:

.venv/lib/python3.12/site-packages/pytest_docker/plugin.py:238: 
_ _ _ _ _ _ _ _ _ _ _ _ _ _ _ _ _ _ _ _ _ _ _ _ _ _ _ _ _ _ _ _ _ _ _ _ _ _ _ _ 
/usr/lib/python3.12/contextlib.py:137: in __enter__
    return next(self.gen)
.venv/lib/python3.12/site-packages/pytest_docker/plugin.py:212: in get_docker_services
    docker_compose.execute(command)
.venv/lib/python3.12/site-packages/pytest_docker/plugin.py:140: in execute
    return execute(command)
_ _ _ _ _ _ _ _ _ _ _ _ _ _ _ _ _ _ _ _ _ _ _ _ _ _ _ _ _ _ _ _ _ _ _ _ _ _ _ _ 

command = &#39;docker compose -f &#34;/home/ubuntu/SGE-tester-B/projects/docker-compose.yml&#34; -p &#34;pytest16299&#34; up --build -d&#39;
success_codes = (0,)

    def execute(command: str, success_codes: Iterable[int] = (0,)) -&gt; Union[bytes, Any]:
        &#34;&#34;&#34;Run a shell command.&#34;&#34;&#34;
        try:
            output = subprocess.check_output(command, stderr=subprocess.STDOUT, shell=True)
            status = 0
        except subprocess.CalledProcessError as error:
            output = error.output or b&#34;&#34;
            status = error.returncode
            command = error.cmd
    
        if status not in success_codes:
&gt;           raise Exception(
                &#39;Command {} returned {}: &#34;&#34;&#34;{}&#34;&#34;&#34;.&#39;.format(command, status, output.decode(&#34;utf-8&#34;))
            )
E           Exception: Command docker compose -f &#34;/home/ubuntu/SGE-tester-B/projects/docker-compose.yml&#34; -p &#34;pytest16299&#34; up --build -d returned 1: &#34;&#34;&#34;time=&#34;2026-01-13T13:06:18Z&#34; level=warning msg=&#34;/home/ubuntu/SGE-tester-B/projects/docker-compose.yml: the attribute `version` is obsolete, it will be ignored, please remove it to avoid potential confusion&#34;
E            Network pytest16299_default  Creating
E            Network pytest16299_default  Created
E            Container pytest16299-db-1  Creating
E            Container pytest16299-db-1  Created
E            Container pytest16299-odoo-1  Creating
E            Container pytest16299-odoo-1  Created
E            Container pytest16299-db-1  Starting
E           Error response from daemon: failed to set up container networking: driver failed programming external connectivity on endpoint pytest16299-db-1 (b384af1ac54bd70252f868120209eba3b1061751d9bb1f2418be4f44beaa37e4): Bind for 0.0.0.0:5432 failed: port is already allocated
E           &#34;&#34;&#34;.

.venv/lib/python3.12/site-packages/pytest_docker/plugin.py:35: Exception</pre>
                        
                        

                        
                        
                        
                    </div>
                
                </div>
            </div>
            
            <div class="testclass">
                <h4>test_minimal_requirements.TestRNF3</h4>
                <div class="testcases">
                
                    <div class="test outcome outcome-failed">
                        <a id="47a4d013-6fa7-483b-8ed4-2f8eb59c9bb7"></a>
                        <table class="proplist">
                            <tr><th>Test case:</th><td><b>test_modelos_tienen_vista[tree]</b></td></tr>
                            <tr><th>Outcome:</th><td>Failed</td></tr>
                            <tr><th>Duration:</th><td>0.0 sec</td></tr>
                        
                            <tr><th>Failed</th><td>failed on setup with &#34;Exception: Command docker compose -f &#34;/home/ubuntu/SGE-tester-B/projects/docker-compose.yml&#34; -p &#34;pytest16299&#34; up --build -d returned 1: &#34;&#34;&#34;time=&#34;2026-01-13T13:06:18Z&#34; level=warning msg=&#34;/home/ubuntu/SGE-tester-B/projects/docker-compose.yml: the attribute `version` is obsolete, it will be ignored, please remove it to avoid potential confusion&#34;
 Network pytest16299_default  Creating
 Network pytest16299_default  Created
 Container pytest16299-db-1  Creating
 Container pytest16299-db-1  Created
 Container pytest16299-odoo-1  Creating
 Container pytest16299-odoo-1  Created
 Container pytest16299-db-1  Starting
Error response from daemon: failed to set up container networking: driver failed programming external connectivity on endpoint pytest16299-db-1 (b384af1ac54bd70252f868120209eba3b1061751d9bb1f2418be4f44beaa37e4): Bind for 0.0.0.0:5432 failed: port is already allocated
&#34;&#34;&#34;.&#34;</td></tr>
                        
                        
                        </table>

                        
                        <pre>docker_compose_command = &#39;docker compose&#39;
docker_compose_file = &#39;/home/ubuntu/SGE-tester-B/projects/docker-compose.yml&#39;
docker_compose_project_name = &#39;pytest16299&#39;, docker_setup = [&#39;up --build -d&#39;]
docker_cleanup = [&#39;down -v&#39;]

    @pytest.fixture(scope=containers_scope)
    def docker_services(
        docker_compose_command: str,
        docker_compose_file: Union[List[str], str],
        docker_compose_project_name: str,
        docker_setup: str,
        docker_cleanup: str,
    ) -&gt; Iterator[Services]:
        &#34;&#34;&#34;Start all services from a docker compose file (`docker-compose up`).
        After test are finished, shutdown all services (`docker-compose down`).&#34;&#34;&#34;
    
&gt;       with get_docker_services(
            docker_compose_command,
            docker_compose_file,
            docker_compose_project_name,
            docker_setup,
            docker_cleanup,
        ) as docker_service:

.venv/lib/python3.12/site-packages/pytest_docker/plugin.py:238: 
_ _ _ _ _ _ _ _ _ _ _ _ _ _ _ _ _ _ _ _ _ _ _ _ _ _ _ _ _ _ _ _ _ _ _ _ _ _ _ _ 
/usr/lib/python3.12/contextlib.py:137: in __enter__
    return next(self.gen)
.venv/lib/python3.12/site-packages/pytest_docker/plugin.py:212: in get_docker_services
    docker_compose.execute(command)
.venv/lib/python3.12/site-packages/pytest_docker/plugin.py:140: in execute
    return execute(command)
_ _ _ _ _ _ _ _ _ _ _ _ _ _ _ _ _ _ _ _ _ _ _ _ _ _ _ _ _ _ _ _ _ _ _ _ _ _ _ _ 

command = &#39;docker compose -f &#34;/home/ubuntu/SGE-tester-B/projects/docker-compose.yml&#34; -p &#34;pytest16299&#34; up --build -d&#39;
success_codes = (0,)

    def execute(command: str, success_codes: Iterable[int] = (0,)) -&gt; Union[bytes, Any]:
        &#34;&#34;&#34;Run a shell command.&#34;&#34;&#34;
        try:
            output = subprocess.check_output(command, stderr=subprocess.STDOUT, shell=True)
            status = 0
        except subprocess.CalledProcessError as error:
            output = error.output or b&#34;&#34;
            status = error.returncode
            command = error.cmd
    
        if status not in success_codes:
&gt;           raise Exception(
                &#39;Command {} returned {}: &#34;&#34;&#34;{}&#34;&#34;&#34;.&#39;.format(command, status, output.decode(&#34;utf-8&#34;))
            )
E           Exception: Command docker compose -f &#34;/home/ubuntu/SGE-tester-B/projects/docker-compose.yml&#34; -p &#34;pytest16299&#34; up --build -d returned 1: &#34;&#34;&#34;time=&#34;2026-01-13T13:06:18Z&#34; level=warning msg=&#34;/home/ubuntu/SGE-tester-B/projects/docker-compose.yml: the attribute `version` is obsolete, it will be ignored, please remove it to avoid potential confusion&#34;
E            Network pytest16299_default  Creating
E            Network pytest16299_default  Created
E            Container pytest16299-db-1  Creating
E            Container pytest16299-db-1  Created
E            Container pytest16299-odoo-1  Creating
E            Container pytest16299-odoo-1  Created
E            Container pytest16299-db-1  Starting
E           Error response from daemon: failed to set up container networking: driver failed programming external connectivity on endpoint pytest16299-db-1 (b384af1ac54bd70252f868120209eba3b1061751d9bb1f2418be4f44beaa37e4): Bind for 0.0.0.0:5432 failed: port is already allocated
E           &#34;&#34;&#34;.

.venv/lib/python3.12/site-packages/pytest_docker/plugin.py:35: Exception</pre>
                        
                        

                        
                        
                        
                    </div>
                
                    <div class="test outcome outcome-failed">
                        <a id="ade91011-8929-483a-959d-6bb398d85fd7"></a>
                        <table class="proplist">
                            <tr><th>Test case:</th><td><b>test_modelos_tienen_vista[form]</b></td></tr>
                            <tr><th>Outcome:</th><td>Failed</td></tr>
                            <tr><th>Duration:</th><td>0.001 sec</td></tr>
                        
                            <tr><th>Failed</th><td>failed on setup with &#34;Exception: Command docker compose -f &#34;/home/ubuntu/SGE-tester-B/projects/docker-compose.yml&#34; -p &#34;pytest16299&#34; up --build -d returned 1: &#34;&#34;&#34;time=&#34;2026-01-13T13:06:18Z&#34; level=warning msg=&#34;/home/ubuntu/SGE-tester-B/projects/docker-compose.yml: the attribute `version` is obsolete, it will be ignored, please remove it to avoid potential confusion&#34;
 Network pytest16299_default  Creating
 Network pytest16299_default  Created
 Container pytest16299-db-1  Creating
 Container pytest16299-db-1  Created
 Container pytest16299-odoo-1  Creating
 Container pytest16299-odoo-1  Created
 Container pytest16299-db-1  Starting
Error response from daemon: failed to set up container networking: driver failed programming external connectivity on endpoint pytest16299-db-1 (b384af1ac54bd70252f868120209eba3b1061751d9bb1f2418be4f44beaa37e4): Bind for 0.0.0.0:5432 failed: port is already allocated
&#34;&#34;&#34;.&#34;</td></tr>
                        
                        
                        </table>

                        
                        <pre>docker_compose_command = &#39;docker compose&#39;
docker_compose_file = &#39;/home/ubuntu/SGE-tester-B/projects/docker-compose.yml&#39;
docker_compose_project_name = &#39;pytest16299&#39;, docker_setup = [&#39;up --build -d&#39;]
docker_cleanup = [&#39;down -v&#39;]

    @pytest.fixture(scope=containers_scope)
    def docker_services(
        docker_compose_command: str,
        docker_compose_file: Union[List[str], str],
        docker_compose_project_name: str,
        docker_setup: str,
        docker_cleanup: str,
    ) -&gt; Iterator[Services]:
        &#34;&#34;&#34;Start all services from a docker compose file (`docker-compose up`).
        After test are finished, shutdown all services (`docker-compose down`).&#34;&#34;&#34;
    
&gt;       with get_docker_services(
            docker_compose_command,
            docker_compose_file,
            docker_compose_project_name,
            docker_setup,
            docker_cleanup,
        ) as docker_service:

.venv/lib/python3.12/site-packages/pytest_docker/plugin.py:238: 
_ _ _ _ _ _ _ _ _ _ _ _ _ _ _ _ _ _ _ _ _ _ _ _ _ _ _ _ _ _ _ _ _ _ _ _ _ _ _ _ 
/usr/lib/python3.12/contextlib.py:137: in __enter__
    return next(self.gen)
.venv/lib/python3.12/site-packages/pytest_docker/plugin.py:212: in get_docker_services
    docker_compose.execute(command)
.venv/lib/python3.12/site-packages/pytest_docker/plugin.py:140: in execute
    return execute(command)
_ _ _ _ _ _ _ _ _ _ _ _ _ _ _ _ _ _ _ _ _ _ _ _ _ _ _ _ _ _ _ _ _ _ _ _ _ _ _ _ 

command = &#39;docker compose -f &#34;/home/ubuntu/SGE-tester-B/projects/docker-compose.yml&#34; -p &#34;pytest16299&#34; up --build -d&#39;
success_codes = (0,)

    def execute(command: str, success_codes: Iterable[int] = (0,)) -&gt; Union[bytes, Any]:
        &#34;&#34;&#34;Run a shell command.&#34;&#34;&#34;
        try:
            output = subprocess.check_output(command, stderr=subprocess.STDOUT, shell=True)
            status = 0
        except subprocess.CalledProcessError as error:
            output = error.output or b&#34;&#34;
            status = error.returncode
            command = error.cmd
    
        if status not in success_codes:
&gt;           raise Exception(
                &#39;Command {} returned {}: &#34;&#34;&#34;{}&#34;&#34;&#34;.&#39;.format(command, status, output.decode(&#34;utf-8&#34;))
            )
E           Exception: Command docker compose -f &#34;/home/ubuntu/SGE-tester-B/projects/docker-compose.yml&#34; -p &#34;pytest16299&#34; up --build -d returned 1: &#34;&#34;&#34;time=&#34;2026-01-13T13:06:18Z&#34; level=warning msg=&#34;/home/ubuntu/SGE-tester-B/projects/docker-compose.yml: the attribute `version` is obsolete, it will be ignored, please remove it to avoid potential confusion&#34;
E            Network pytest16299_default  Creating
E            Network pytest16299_default  Created
E            Container pytest16299-db-1  Creating
E            Container pytest16299-db-1  Created
E            Container pytest16299-odoo-1  Creating
E            Container pytest16299-odoo-1  Created
E            Container pytest16299-db-1  Starting
E           Error response from daemon: failed to set up container networking: driver failed programming external connectivity on endpoint pytest16299-db-1 (b384af1ac54bd70252f868120209eba3b1061751d9bb1f2418be4f44beaa37e4): Bind for 0.0.0.0:5432 failed: port is already allocated
E           &#34;&#34;&#34;.

.venv/lib/python3.12/site-packages/pytest_docker/plugin.py:35: Exception</pre>
                        
                        

                        
                        
                        
                    </div>
                
                    <div class="test outcome outcome-failed">
                        <a id="66d9b93c-17b1-4c5f-abfe-587786f16701"></a>
                        <table class="proplist">
                            <tr><th>Test case:</th><td><b>test_formularios_tienen_vista_anidada_para_campos_X2many[one2many]</b></td></tr>
                            <tr><th>Outcome:</th><td>Failed</td></tr>
                            <tr><th>Duration:</th><td>0.0 sec</td></tr>
                        
                            <tr><th>Failed</th><td>failed on setup with &#34;Exception: Command docker compose -f &#34;/home/ubuntu/SGE-tester-B/projects/docker-compose.yml&#34; -p &#34;pytest16299&#34; up --build -d returned 1: &#34;&#34;&#34;time=&#34;2026-01-13T13:06:18Z&#34; level=warning msg=&#34;/home/ubuntu/SGE-tester-B/projects/docker-compose.yml: the attribute `version` is obsolete, it will be ignored, please remove it to avoid potential confusion&#34;
 Network pytest16299_default  Creating
 Network pytest16299_default  Created
 Container pytest16299-db-1  Creating
 Container pytest16299-db-1  Created
 Container pytest16299-odoo-1  Creating
 Container pytest16299-odoo-1  Created
 Container pytest16299-db-1  Starting
Error response from daemon: failed to set up container networking: driver failed programming external connectivity on endpoint pytest16299-db-1 (b384af1ac54bd70252f868120209eba3b1061751d9bb1f2418be4f44beaa37e4): Bind for 0.0.0.0:5432 failed: port is already allocated
&#34;&#34;&#34;.&#34;</td></tr>
                        
                        
                        </table>

                        
                        <pre>docker_compose_command = &#39;docker compose&#39;
docker_compose_file = &#39;/home/ubuntu/SGE-tester-B/projects/docker-compose.yml&#39;
docker_compose_project_name = &#39;pytest16299&#39;, docker_setup = [&#39;up --build -d&#39;]
docker_cleanup = [&#39;down -v&#39;]

    @pytest.fixture(scope=containers_scope)
    def docker_services(
        docker_compose_command: str,
        docker_compose_file: Union[List[str], str],
        docker_compose_project_name: str,
        docker_setup: str,
        docker_cleanup: str,
    ) -&gt; Iterator[Services]:
        &#34;&#34;&#34;Start all services from a docker compose file (`docker-compose up`).
        After test are finished, shutdown all services (`docker-compose down`).&#34;&#34;&#34;
    
&gt;       with get_docker_services(
            docker_compose_command,
            docker_compose_file,
            docker_compose_project_name,
            docker_setup,
            docker_cleanup,
        ) as docker_service:

.venv/lib/python3.12/site-packages/pytest_docker/plugin.py:238: 
_ _ _ _ _ _ _ _ _ _ _ _ _ _ _ _ _ _ _ _ _ _ _ _ _ _ _ _ _ _ _ _ _ _ _ _ _ _ _ _ 
/usr/lib/python3.12/contextlib.py:137: in __enter__
    return next(self.gen)
.venv/lib/python3.12/site-packages/pytest_docker/plugin.py:212: in get_docker_services
    docker_compose.execute(command)
.venv/lib/python3.12/site-packages/pytest_docker/plugin.py:140: in execute
    return execute(command)
_ _ _ _ _ _ _ _ _ _ _ _ _ _ _ _ _ _ _ _ _ _ _ _ _ _ _ _ _ _ _ _ _ _ _ _ _ _ _ _ 

command = &#39;docker compose -f &#34;/home/ubuntu/SGE-tester-B/projects/docker-compose.yml&#34; -p &#34;pytest16299&#34; up --build -d&#39;
success_codes = (0,)

    def execute(command: str, success_codes: Iterable[int] = (0,)) -&gt; Union[bytes, Any]:
        &#34;&#34;&#34;Run a shell command.&#34;&#34;&#34;
        try:
            output = subprocess.check_output(command, stderr=subprocess.STDOUT, shell=True)
            status = 0
        except subprocess.CalledProcessError as error:
            output = error.output or b&#34;&#34;
            status = error.returncode
            command = error.cmd
    
        if status not in success_codes:
&gt;           raise Exception(
                &#39;Command {} returned {}: &#34;&#34;&#34;{}&#34;&#34;&#34;.&#39;.format(command, status, output.decode(&#34;utf-8&#34;))
            )
E           Exception: Command docker compose -f &#34;/home/ubuntu/SGE-tester-B/projects/docker-compose.yml&#34; -p &#34;pytest16299&#34; up --build -d returned 1: &#34;&#34;&#34;time=&#34;2026-01-13T13:06:18Z&#34; level=warning msg=&#34;/home/ubuntu/SGE-tester-B/projects/docker-compose.yml: the attribute `version` is obsolete, it will be ignored, please remove it to avoid potential confusion&#34;
E            Network pytest16299_default  Creating
E            Network pytest16299_default  Created
E            Container pytest16299-db-1  Creating
E            Container pytest16299-db-1  Created
E            Container pytest16299-odoo-1  Creating
E            Container pytest16299-odoo-1  Created
E            Container pytest16299-db-1  Starting
E           Error response from daemon: failed to set up container networking: driver failed programming external connectivity on endpoint pytest16299-db-1 (b384af1ac54bd70252f868120209eba3b1061751d9bb1f2418be4f44beaa37e4): Bind for 0.0.0.0:5432 failed: port is already allocated
E           &#34;&#34;&#34;.

.venv/lib/python3.12/site-packages/pytest_docker/plugin.py:35: Exception</pre>
                        
                        

                        
                        
                        
                    </div>
                
                    <div class="test outcome outcome-failed">
                        <a id="3f30a324-18f6-4f91-a3a9-ad26003ed90f"></a>
                        <table class="proplist">
                            <tr><th>Test case:</th><td><b>test_formularios_tienen_vista_anidada_para_campos_X2many[many2many]</b></td></tr>
                            <tr><th>Outcome:</th><td>Failed</td></tr>
                            <tr><th>Duration:</th><td>0.001 sec</td></tr>
                        
                            <tr><th>Failed</th><td>failed on setup with &#34;Exception: Command docker compose -f &#34;/home/ubuntu/SGE-tester-B/projects/docker-compose.yml&#34; -p &#34;pytest16299&#34; up --build -d returned 1: &#34;&#34;&#34;time=&#34;2026-01-13T13:06:18Z&#34; level=warning msg=&#34;/home/ubuntu/SGE-tester-B/projects/docker-compose.yml: the attribute `version` is obsolete, it will be ignored, please remove it to avoid potential confusion&#34;
 Network pytest16299_default  Creating
 Network pytest16299_default  Created
 Container pytest16299-db-1  Creating
 Container pytest16299-db-1  Created
 Container pytest16299-odoo-1  Creating
 Container pytest16299-odoo-1  Created
 Container pytest16299-db-1  Starting
Error response from daemon: failed to set up container networking: driver failed programming external connectivity on endpoint pytest16299-db-1 (b384af1ac54bd70252f868120209eba3b1061751d9bb1f2418be4f44beaa37e4): Bind for 0.0.0.0:5432 failed: port is already allocated
&#34;&#34;&#34;.&#34;</td></tr>
                        
                        
                        </table>

                        
                        <pre>docker_compose_command = &#39;docker compose&#39;
docker_compose_file = &#39;/home/ubuntu/SGE-tester-B/projects/docker-compose.yml&#39;
docker_compose_project_name = &#39;pytest16299&#39;, docker_setup = [&#39;up --build -d&#39;]
docker_cleanup = [&#39;down -v&#39;]

    @pytest.fixture(scope=containers_scope)
    def docker_services(
        docker_compose_command: str,
        docker_compose_file: Union[List[str], str],
        docker_compose_project_name: str,
        docker_setup: str,
        docker_cleanup: str,
    ) -&gt; Iterator[Services]:
        &#34;&#34;&#34;Start all services from a docker compose file (`docker-compose up`).
        After test are finished, shutdown all services (`docker-compose down`).&#34;&#34;&#34;
    
&gt;       with get_docker_services(
            docker_compose_command,
            docker_compose_file,
            docker_compose_project_name,
            docker_setup,
            docker_cleanup,
        ) as docker_service:

.venv/lib/python3.12/site-packages/pytest_docker/plugin.py:238: 
_ _ _ _ _ _ _ _ _ _ _ _ _ _ _ _ _ _ _ _ _ _ _ _ _ _ _ _ _ _ _ _ _ _ _ _ _ _ _ _ 
/usr/lib/python3.12/contextlib.py:137: in __enter__
    return next(self.gen)
.venv/lib/python3.12/site-packages/pytest_docker/plugin.py:212: in get_docker_services
    docker_compose.execute(command)
.venv/lib/python3.12/site-packages/pytest_docker/plugin.py:140: in execute
    return execute(command)
_ _ _ _ _ _ _ _ _ _ _ _ _ _ _ _ _ _ _ _ _ _ _ _ _ _ _ _ _ _ _ _ _ _ _ _ _ _ _ _ 

command = &#39;docker compose -f &#34;/home/ubuntu/SGE-tester-B/projects/docker-compose.yml&#34; -p &#34;pytest16299&#34; up --build -d&#39;
success_codes = (0,)

    def execute(command: str, success_codes: Iterable[int] = (0,)) -&gt; Union[bytes, Any]:
        &#34;&#34;&#34;Run a shell command.&#34;&#34;&#34;
        try:
            output = subprocess.check_output(command, stderr=subprocess.STDOUT, shell=True)
            status = 0
        except subprocess.CalledProcessError as error:
            output = error.output or b&#34;&#34;
            status = error.returncode
            command = error.cmd
    
        if status not in success_codes:
&gt;           raise Exception(
                &#39;Command {} returned {}: &#34;&#34;&#34;{}&#34;&#34;&#34;.&#39;.format(command, status, output.decode(&#34;utf-8&#34;))
            )
E           Exception: Command docker compose -f &#34;/home/ubuntu/SGE-tester-B/projects/docker-compose.yml&#34; -p &#34;pytest16299&#34; up --build -d returned 1: &#34;&#34;&#34;time=&#34;2026-01-13T13:06:18Z&#34; level=warning msg=&#34;/home/ubuntu/SGE-tester-B/projects/docker-compose.yml: the attribute `version` is obsolete, it will be ignored, please remove it to avoid potential confusion&#34;
E            Network pytest16299_default  Creating
E            Network pytest16299_default  Created
E            Container pytest16299-db-1  Creating
E            Container pytest16299-db-1  Created
E            Container pytest16299-odoo-1  Creating
E            Container pytest16299-odoo-1  Created
E            Container pytest16299-db-1  Starting
E           Error response from daemon: failed to set up container networking: driver failed programming external connectivity on endpoint pytest16299-db-1 (b384af1ac54bd70252f868120209eba3b1061751d9bb1f2418be4f44beaa37e4): Bind for 0.0.0.0:5432 failed: port is already allocated
E           &#34;&#34;&#34;.

.venv/lib/python3.12/site-packages/pytest_docker/plugin.py:35: Exception</pre>
                        
                        

                        
                        
                        
                    </div>
                
                </div>
            </div>
            
            <div class="testclass">
                <h4>test_minimal_requirements.TestRNF4</h4>
                <div class="testcases">
                
                    <div class="test outcome outcome-failed">
                        <a id="b9a43875-ee6a-47db-ac4e-b5c54b0ef521"></a>
                        <table class="proplist">
                            <tr><th>Test case:</th><td><b>test_vistas_en_ficheros_individuales</b></td></tr>
                            <tr><th>Outcome:</th><td>Failed</td></tr>
                            <tr><th>Duration:</th><td>0.0 sec</td></tr>
                        
                            <tr><th>Failed</th><td>failed on setup with &#34;Exception: Command docker compose -f &#34;/home/ubuntu/SGE-tester-B/projects/docker-compose.yml&#34; -p &#34;pytest16299&#34; up --build -d returned 1: &#34;&#34;&#34;time=&#34;2026-01-13T13:06:18Z&#34; level=warning msg=&#34;/home/ubuntu/SGE-tester-B/projects/docker-compose.yml: the attribute `version` is obsolete, it will be ignored, please remove it to avoid potential confusion&#34;
 Network pytest16299_default  Creating
 Network pytest16299_default  Created
 Container pytest16299-db-1  Creating
 Container pytest16299-db-1  Created
 Container pytest16299-odoo-1  Creating
 Container pytest16299-odoo-1  Created
 Container pytest16299-db-1  Starting
Error response from daemon: failed to set up container networking: driver failed programming external connectivity on endpoint pytest16299-db-1 (b384af1ac54bd70252f868120209eba3b1061751d9bb1f2418be4f44beaa37e4): Bind for 0.0.0.0:5432 failed: port is already allocated
&#34;&#34;&#34;.&#34;</td></tr>
                        
                        
                        </table>

                        
                        <pre>docker_compose_command = &#39;docker compose&#39;
docker_compose_file = &#39;/home/ubuntu/SGE-tester-B/projects/docker-compose.yml&#39;
docker_compose_project_name = &#39;pytest16299&#39;, docker_setup = [&#39;up --build -d&#39;]
docker_cleanup = [&#39;down -v&#39;]

    @pytest.fixture(scope=containers_scope)
    def docker_services(
        docker_compose_command: str,
        docker_compose_file: Union[List[str], str],
        docker_compose_project_name: str,
        docker_setup: str,
        docker_cleanup: str,
    ) -&gt; Iterator[Services]:
        &#34;&#34;&#34;Start all services from a docker compose file (`docker-compose up`).
        After test are finished, shutdown all services (`docker-compose down`).&#34;&#34;&#34;
    
&gt;       with get_docker_services(
            docker_compose_command,
            docker_compose_file,
            docker_compose_project_name,
            docker_setup,
            docker_cleanup,
        ) as docker_service:

.venv/lib/python3.12/site-packages/pytest_docker/plugin.py:238: 
_ _ _ _ _ _ _ _ _ _ _ _ _ _ _ _ _ _ _ _ _ _ _ _ _ _ _ _ _ _ _ _ _ _ _ _ _ _ _ _ 
/usr/lib/python3.12/contextlib.py:137: in __enter__
    return next(self.gen)
.venv/lib/python3.12/site-packages/pytest_docker/plugin.py:212: in get_docker_services
    docker_compose.execute(command)
.venv/lib/python3.12/site-packages/pytest_docker/plugin.py:140: in execute
    return execute(command)
_ _ _ _ _ _ _ _ _ _ _ _ _ _ _ _ _ _ _ _ _ _ _ _ _ _ _ _ _ _ _ _ _ _ _ _ _ _ _ _ 

command = &#39;docker compose -f &#34;/home/ubuntu/SGE-tester-B/projects/docker-compose.yml&#34; -p &#34;pytest16299&#34; up --build -d&#39;
success_codes = (0,)

    def execute(command: str, success_codes: Iterable[int] = (0,)) -&gt; Union[bytes, Any]:
        &#34;&#34;&#34;Run a shell command.&#34;&#34;&#34;
        try:
            output = subprocess.check_output(command, stderr=subprocess.STDOUT, shell=True)
            status = 0
        except subprocess.CalledProcessError as error:
            output = error.output or b&#34;&#34;
            status = error.returncode
            command = error.cmd
    
        if status not in success_codes:
&gt;           raise Exception(
                &#39;Command {} returned {}: &#34;&#34;&#34;{}&#34;&#34;&#34;.&#39;.format(command, status, output.decode(&#34;utf-8&#34;))
            )
E           Exception: Command docker compose -f &#34;/home/ubuntu/SGE-tester-B/projects/docker-compose.yml&#34; -p &#34;pytest16299&#34; up --build -d returned 1: &#34;&#34;&#34;time=&#34;2026-01-13T13:06:18Z&#34; level=warning msg=&#34;/home/ubuntu/SGE-tester-B/projects/docker-compose.yml: the attribute `version` is obsolete, it will be ignored, please remove it to avoid potential confusion&#34;
E            Network pytest16299_default  Creating
E            Network pytest16299_default  Created
E            Container pytest16299-db-1  Creating
E            Container pytest16299-db-1  Created
E            Container pytest16299-odoo-1  Creating
E            Container pytest16299-odoo-1  Created
E            Container pytest16299-db-1  Starting
E           Error response from daemon: failed to set up container networking: driver failed programming external connectivity on endpoint pytest16299-db-1 (b384af1ac54bd70252f868120209eba3b1061751d9bb1f2418be4f44beaa37e4): Bind for 0.0.0.0:5432 failed: port is already allocated
E           &#34;&#34;&#34;.

.venv/lib/python3.12/site-packages/pytest_docker/plugin.py:35: Exception</pre>
                        
                        

                        
                        
                        
                    </div>
                
                </div>
            </div>
            
            <div class="testclass">
                <h4>test_minimal_requirements.TestRNF5</h4>
                <div class="testcases">
                
                    <div class="test outcome outcome-failed">
                        <a id="43ca78eb-8826-41a0-97d1-c2ecf05d9b18"></a>
                        <table class="proplist">
                            <tr><th>Test case:</th><td><b>test_modelos_tienen_algun_posible_campo_imagen</b></td></tr>
                            <tr><th>Outcome:</th><td>Failed</td></tr>
                            <tr><th>Duration:</th><td>0.001 sec</td></tr>
                        
                            <tr><th>Failed</th><td>failed on setup with &#34;Exception: Command docker compose -f &#34;/home/ubuntu/SGE-tester-B/projects/docker-compose.yml&#34; -p &#34;pytest16299&#34; up --build -d returned 1: &#34;&#34;&#34;time=&#34;2026-01-13T13:06:18Z&#34; level=warning msg=&#34;/home/ubuntu/SGE-tester-B/projects/docker-compose.yml: the attribute `version` is obsolete, it will be ignored, please remove it to avoid potential confusion&#34;
 Network pytest16299_default  Creating
 Network pytest16299_default  Created
 Container pytest16299-db-1  Creating
 Container pytest16299-db-1  Created
 Container pytest16299-odoo-1  Creating
 Container pytest16299-odoo-1  Created
 Container pytest16299-db-1  Starting
Error response from daemon: failed to set up container networking: driver failed programming external connectivity on endpoint pytest16299-db-1 (b384af1ac54bd70252f868120209eba3b1061751d9bb1f2418be4f44beaa37e4): Bind for 0.0.0.0:5432 failed: port is already allocated
&#34;&#34;&#34;.&#34;</td></tr>
                        
                        
                        </table>

                        
                        <pre>docker_compose_command = &#39;docker compose&#39;
docker_compose_file = &#39;/home/ubuntu/SGE-tester-B/projects/docker-compose.yml&#39;
docker_compose_project_name = &#39;pytest16299&#39;, docker_setup = [&#39;up --build -d&#39;]
docker_cleanup = [&#39;down -v&#39;]

    @pytest.fixture(scope=containers_scope)
    def docker_services(
        docker_compose_command: str,
        docker_compose_file: Union[List[str], str],
        docker_compose_project_name: str,
        docker_setup: str,
        docker_cleanup: str,
    ) -&gt; Iterator[Services]:
        &#34;&#34;&#34;Start all services from a docker compose file (`docker-compose up`).
        After test are finished, shutdown all services (`docker-compose down`).&#34;&#34;&#34;
    
&gt;       with get_docker_services(
            docker_compose_command,
            docker_compose_file,
            docker_compose_project_name,
            docker_setup,
            docker_cleanup,
        ) as docker_service:

.venv/lib/python3.12/site-packages/pytest_docker/plugin.py:238: 
_ _ _ _ _ _ _ _ _ _ _ _ _ _ _ _ _ _ _ _ _ _ _ _ _ _ _ _ _ _ _ _ _ _ _ _ _ _ _ _ 
/usr/lib/python3.12/contextlib.py:137: in __enter__
    return next(self.gen)
.venv/lib/python3.12/site-packages/pytest_docker/plugin.py:212: in get_docker_services
    docker_compose.execute(command)
.venv/lib/python3.12/site-packages/pytest_docker/plugin.py:140: in execute
    return execute(command)
_ _ _ _ _ _ _ _ _ _ _ _ _ _ _ _ _ _ _ _ _ _ _ _ _ _ _ _ _ _ _ _ _ _ _ _ _ _ _ _ 

command = &#39;docker compose -f &#34;/home/ubuntu/SGE-tester-B/projects/docker-compose.yml&#34; -p &#34;pytest16299&#34; up --build -d&#39;
success_codes = (0,)

    def execute(command: str, success_codes: Iterable[int] = (0,)) -&gt; Union[bytes, Any]:
        &#34;&#34;&#34;Run a shell command.&#34;&#34;&#34;
        try:
            output = subprocess.check_output(command, stderr=subprocess.STDOUT, shell=True)
            status = 0
        except subprocess.CalledProcessError as error:
            output = error.output or b&#34;&#34;
            status = error.returncode
            command = error.cmd
    
        if status not in success_codes:
&gt;           raise Exception(
                &#39;Command {} returned {}: &#34;&#34;&#34;{}&#34;&#34;&#34;.&#39;.format(command, status, output.decode(&#34;utf-8&#34;))
            )
E           Exception: Command docker compose -f &#34;/home/ubuntu/SGE-tester-B/projects/docker-compose.yml&#34; -p &#34;pytest16299&#34; up --build -d returned 1: &#34;&#34;&#34;time=&#34;2026-01-13T13:06:18Z&#34; level=warning msg=&#34;/home/ubuntu/SGE-tester-B/projects/docker-compose.yml: the attribute `version` is obsolete, it will be ignored, please remove it to avoid potential confusion&#34;
E            Network pytest16299_default  Creating
E            Network pytest16299_default  Created
E            Container pytest16299-db-1  Creating
E            Container pytest16299-db-1  Created
E            Container pytest16299-odoo-1  Creating
E            Container pytest16299-odoo-1  Created
E            Container pytest16299-db-1  Starting
E           Error response from daemon: failed to set up container networking: driver failed programming external connectivity on endpoint pytest16299-db-1 (b384af1ac54bd70252f868120209eba3b1061751d9bb1f2418be4f44beaa37e4): Bind for 0.0.0.0:5432 failed: port is already allocated
E           &#34;&#34;&#34;.

.venv/lib/python3.12/site-packages/pytest_docker/plugin.py:35: Exception</pre>
                        
                        

                        
                        
                        
                    </div>
                
                    <div class="test outcome outcome-failed">
                        <a id="980684ed-553f-4037-8b80-a59124d02e0d"></a>
                        <table class="proplist">
                            <tr><th>Test case:</th><td><b>test_alguna_vista_tiene_campo_imagen</b></td></tr>
                            <tr><th>Outcome:</th><td>Failed</td></tr>
                            <tr><th>Duration:</th><td>0.0 sec</td></tr>
                        
                            <tr><th>Failed</th><td>failed on setup with &#34;Exception: Command docker compose -f &#34;/home/ubuntu/SGE-tester-B/projects/docker-compose.yml&#34; -p &#34;pytest16299&#34; up --build -d returned 1: &#34;&#34;&#34;time=&#34;2026-01-13T13:06:18Z&#34; level=warning msg=&#34;/home/ubuntu/SGE-tester-B/projects/docker-compose.yml: the attribute `version` is obsolete, it will be ignored, please remove it to avoid potential confusion&#34;
 Network pytest16299_default  Creating
 Network pytest16299_default  Created
 Container pytest16299-db-1  Creating
 Container pytest16299-db-1  Created
 Container pytest16299-odoo-1  Creating
 Container pytest16299-odoo-1  Created
 Container pytest16299-db-1  Starting
Error response from daemon: failed to set up container networking: driver failed programming external connectivity on endpoint pytest16299-db-1 (b384af1ac54bd70252f868120209eba3b1061751d9bb1f2418be4f44beaa37e4): Bind for 0.0.0.0:5432 failed: port is already allocated
&#34;&#34;&#34;.&#34;</td></tr>
                        
                        
                        </table>

                        
                        <pre>docker_compose_command = &#39;docker compose&#39;
docker_compose_file = &#39;/home/ubuntu/SGE-tester-B/projects/docker-compose.yml&#39;
docker_compose_project_name = &#39;pytest16299&#39;, docker_setup = [&#39;up --build -d&#39;]
docker_cleanup = [&#39;down -v&#39;]

    @pytest.fixture(scope=containers_scope)
    def docker_services(
        docker_compose_command: str,
        docker_compose_file: Union[List[str], str],
        docker_compose_project_name: str,
        docker_setup: str,
        docker_cleanup: str,
    ) -&gt; Iterator[Services]:
        &#34;&#34;&#34;Start all services from a docker compose file (`docker-compose up`).
        After test are finished, shutdown all services (`docker-compose down`).&#34;&#34;&#34;
    
&gt;       with get_docker_services(
            docker_compose_command,
            docker_compose_file,
            docker_compose_project_name,
            docker_setup,
            docker_cleanup,
        ) as docker_service:

.venv/lib/python3.12/site-packages/pytest_docker/plugin.py:238: 
_ _ _ _ _ _ _ _ _ _ _ _ _ _ _ _ _ _ _ _ _ _ _ _ _ _ _ _ _ _ _ _ _ _ _ _ _ _ _ _ 
/usr/lib/python3.12/contextlib.py:137: in __enter__
    return next(self.gen)
.venv/lib/python3.12/site-packages/pytest_docker/plugin.py:212: in get_docker_services
    docker_compose.execute(command)
.venv/lib/python3.12/site-packages/pytest_docker/plugin.py:140: in execute
    return execute(command)
_ _ _ _ _ _ _ _ _ _ _ _ _ _ _ _ _ _ _ _ _ _ _ _ _ _ _ _ _ _ _ _ _ _ _ _ _ _ _ _ 

command = &#39;docker compose -f &#34;/home/ubuntu/SGE-tester-B/projects/docker-compose.yml&#34; -p &#34;pytest16299&#34; up --build -d&#39;
success_codes = (0,)

    def execute(command: str, success_codes: Iterable[int] = (0,)) -&gt; Union[bytes, Any]:
        &#34;&#34;&#34;Run a shell command.&#34;&#34;&#34;
        try:
            output = subprocess.check_output(command, stderr=subprocess.STDOUT, shell=True)
            status = 0
        except subprocess.CalledProcessError as error:
            output = error.output or b&#34;&#34;
            status = error.returncode
            command = error.cmd
    
        if status not in success_codes:
&gt;           raise Exception(
                &#39;Command {} returned {}: &#34;&#34;&#34;{}&#34;&#34;&#34;.&#39;.format(command, status, output.decode(&#34;utf-8&#34;))
            )
E           Exception: Command docker compose -f &#34;/home/ubuntu/SGE-tester-B/projects/docker-compose.yml&#34; -p &#34;pytest16299&#34; up --build -d returned 1: &#34;&#34;&#34;time=&#34;2026-01-13T13:06:18Z&#34; level=warning msg=&#34;/home/ubuntu/SGE-tester-B/projects/docker-compose.yml: the attribute `version` is obsolete, it will be ignored, please remove it to avoid potential confusion&#34;
E            Network pytest16299_default  Creating
E            Network pytest16299_default  Created
E            Container pytest16299-db-1  Creating
E            Container pytest16299-db-1  Created
E            Container pytest16299-odoo-1  Creating
E            Container pytest16299-odoo-1  Created
E            Container pytest16299-db-1  Starting
E           Error response from daemon: failed to set up container networking: driver failed programming external connectivity on endpoint pytest16299-db-1 (b384af1ac54bd70252f868120209eba3b1061751d9bb1f2418be4f44beaa37e4): Bind for 0.0.0.0:5432 failed: port is already allocated
E           &#34;&#34;&#34;.

.venv/lib/python3.12/site-packages/pytest_docker/plugin.py:35: Exception</pre>
                        
                        

                        
                        
                        
                    </div>
                
                </div>
            </div>
            
            <div class="testclass">
                <h4>test_minimal_requirements.TestRNF6</h4>
                <div class="testcases">
                
                    <div class="test outcome outcome-failed">
                        <a id="2f40ccf2-5e33-4a22-970e-a6e0810c9d8e"></a>
                        <table class="proplist">
                            <tr><th>Test case:</th><td><b>test_modelos_tienen_acciones</b></td></tr>
                            <tr><th>Outcome:</th><td>Failed</td></tr>
                            <tr><th>Duration:</th><td>0.0 sec</td></tr>
                        
                            <tr><th>Failed</th><td>failed on setup with &#34;Exception: Command docker compose -f &#34;/home/ubuntu/SGE-tester-B/projects/docker-compose.yml&#34; -p &#34;pytest16299&#34; up --build -d returned 1: &#34;&#34;&#34;time=&#34;2026-01-13T13:06:18Z&#34; level=warning msg=&#34;/home/ubuntu/SGE-tester-B/projects/docker-compose.yml: the attribute `version` is obsolete, it will be ignored, please remove it to avoid potential confusion&#34;
 Network pytest16299_default  Creating
 Network pytest16299_default  Created
 Container pytest16299-db-1  Creating
 Container pytest16299-db-1  Created
 Container pytest16299-odoo-1  Creating
 Container pytest16299-odoo-1  Created
 Container pytest16299-db-1  Starting
Error response from daemon: failed to set up container networking: driver failed programming external connectivity on endpoint pytest16299-db-1 (b384af1ac54bd70252f868120209eba3b1061751d9bb1f2418be4f44beaa37e4): Bind for 0.0.0.0:5432 failed: port is already allocated
&#34;&#34;&#34;.&#34;</td></tr>
                        
                        
                        </table>

                        
                        <pre>docker_compose_command = &#39;docker compose&#39;
docker_compose_file = &#39;/home/ubuntu/SGE-tester-B/projects/docker-compose.yml&#39;
docker_compose_project_name = &#39;pytest16299&#39;, docker_setup = [&#39;up --build -d&#39;]
docker_cleanup = [&#39;down -v&#39;]

    @pytest.fixture(scope=containers_scope)
    def docker_services(
        docker_compose_command: str,
        docker_compose_file: Union[List[str], str],
        docker_compose_project_name: str,
        docker_setup: str,
        docker_cleanup: str,
    ) -&gt; Iterator[Services]:
        &#34;&#34;&#34;Start all services from a docker compose file (`docker-compose up`).
        After test are finished, shutdown all services (`docker-compose down`).&#34;&#34;&#34;
    
&gt;       with get_docker_services(
            docker_compose_command,
            docker_compose_file,
            docker_compose_project_name,
            docker_setup,
            docker_cleanup,
        ) as docker_service:

.venv/lib/python3.12/site-packages/pytest_docker/plugin.py:238: 
_ _ _ _ _ _ _ _ _ _ _ _ _ _ _ _ _ _ _ _ _ _ _ _ _ _ _ _ _ _ _ _ _ _ _ _ _ _ _ _ 
/usr/lib/python3.12/contextlib.py:137: in __enter__
    return next(self.gen)
.venv/lib/python3.12/site-packages/pytest_docker/plugin.py:212: in get_docker_services
    docker_compose.execute(command)
.venv/lib/python3.12/site-packages/pytest_docker/plugin.py:140: in execute
    return execute(command)
_ _ _ _ _ _ _ _ _ _ _ _ _ _ _ _ _ _ _ _ _ _ _ _ _ _ _ _ _ _ _ _ _ _ _ _ _ _ _ _ 

command = &#39;docker compose -f &#34;/home/ubuntu/SGE-tester-B/projects/docker-compose.yml&#34; -p &#34;pytest16299&#34; up --build -d&#39;
success_codes = (0,)

    def execute(command: str, success_codes: Iterable[int] = (0,)) -&gt; Union[bytes, Any]:
        &#34;&#34;&#34;Run a shell command.&#34;&#34;&#34;
        try:
            output = subprocess.check_output(command, stderr=subprocess.STDOUT, shell=True)
            status = 0
        except subprocess.CalledProcessError as error:
            output = error.output or b&#34;&#34;
            status = error.returncode
            command = error.cmd
    
        if status not in success_codes:
&gt;           raise Exception(
                &#39;Command {} returned {}: &#34;&#34;&#34;{}&#34;&#34;&#34;.&#39;.format(command, status, output.decode(&#34;utf-8&#34;))
            )
E           Exception: Command docker compose -f &#34;/home/ubuntu/SGE-tester-B/projects/docker-compose.yml&#34; -p &#34;pytest16299&#34; up --build -d returned 1: &#34;&#34;&#34;time=&#34;2026-01-13T13:06:18Z&#34; level=warning msg=&#34;/home/ubuntu/SGE-tester-B/projects/docker-compose.yml: the attribute `version` is obsolete, it will be ignored, please remove it to avoid potential confusion&#34;
E            Network pytest16299_default  Creating
E            Network pytest16299_default  Created
E            Container pytest16299-db-1  Creating
E            Container pytest16299-db-1  Created
E            Container pytest16299-odoo-1  Creating
E            Container pytest16299-odoo-1  Created
E            Container pytest16299-db-1  Starting
E           Error response from daemon: failed to set up container networking: driver failed programming external connectivity on endpoint pytest16299-db-1 (b384af1ac54bd70252f868120209eba3b1061751d9bb1f2418be4f44beaa37e4): Bind for 0.0.0.0:5432 failed: port is already allocated
E           &#34;&#34;&#34;.

.venv/lib/python3.12/site-packages/pytest_docker/plugin.py:35: Exception</pre>
                        
                        

                        
                        
                        
                    </div>
                
                    <div class="test outcome outcome-failed">
                        <a id="7c29184d-9b61-417e-9844-297fa7f663e5"></a>
                        <table class="proplist">
                            <tr><th>Test case:</th><td><b>test_hay_elementos_de_menu[.//menuitem[@action]]</b></td></tr>
                            <tr><th>Outcome:</th><td>Failed</td></tr>
                            <tr><th>Duration:</th><td>0.0 sec</td></tr>
                        
                            <tr><th>Failed</th><td>failed on setup with &#34;Exception: Command docker compose -f &#34;/home/ubuntu/SGE-tester-B/projects/docker-compose.yml&#34; -p &#34;pytest16299&#34; up --build -d returned 1: &#34;&#34;&#34;time=&#34;2026-01-13T13:06:18Z&#34; level=warning msg=&#34;/home/ubuntu/SGE-tester-B/projects/docker-compose.yml: the attribute `version` is obsolete, it will be ignored, please remove it to avoid potential confusion&#34;
 Network pytest16299_default  Creating
 Network pytest16299_default  Created
 Container pytest16299-db-1  Creating
 Container pytest16299-db-1  Created
 Container pytest16299-odoo-1  Creating
 Container pytest16299-odoo-1  Created
 Container pytest16299-db-1  Starting
Error response from daemon: failed to set up container networking: driver failed programming external connectivity on endpoint pytest16299-db-1 (b384af1ac54bd70252f868120209eba3b1061751d9bb1f2418be4f44beaa37e4): Bind for 0.0.0.0:5432 failed: port is already allocated
&#34;&#34;&#34;.&#34;</td></tr>
                        
                        
                        </table>

                        
                        <pre>docker_compose_command = &#39;docker compose&#39;
docker_compose_file = &#39;/home/ubuntu/SGE-tester-B/projects/docker-compose.yml&#39;
docker_compose_project_name = &#39;pytest16299&#39;, docker_setup = [&#39;up --build -d&#39;]
docker_cleanup = [&#39;down -v&#39;]

    @pytest.fixture(scope=containers_scope)
    def docker_services(
        docker_compose_command: str,
        docker_compose_file: Union[List[str], str],
        docker_compose_project_name: str,
        docker_setup: str,
        docker_cleanup: str,
    ) -&gt; Iterator[Services]:
        &#34;&#34;&#34;Start all services from a docker compose file (`docker-compose up`).
        After test are finished, shutdown all services (`docker-compose down`).&#34;&#34;&#34;
    
&gt;       with get_docker_services(
            docker_compose_command,
            docker_compose_file,
            docker_compose_project_name,
            docker_setup,
            docker_cleanup,
        ) as docker_service:

.venv/lib/python3.12/site-packages/pytest_docker/plugin.py:238: 
_ _ _ _ _ _ _ _ _ _ _ _ _ _ _ _ _ _ _ _ _ _ _ _ _ _ _ _ _ _ _ _ _ _ _ _ _ _ _ _ 
/usr/lib/python3.12/contextlib.py:137: in __enter__
    return next(self.gen)
.venv/lib/python3.12/site-packages/pytest_docker/plugin.py:212: in get_docker_services
    docker_compose.execute(command)
.venv/lib/python3.12/site-packages/pytest_docker/plugin.py:140: in execute
    return execute(command)
_ _ _ _ _ _ _ _ _ _ _ _ _ _ _ _ _ _ _ _ _ _ _ _ _ _ _ _ _ _ _ _ _ _ _ _ _ _ _ _ 

command = &#39;docker compose -f &#34;/home/ubuntu/SGE-tester-B/projects/docker-compose.yml&#34; -p &#34;pytest16299&#34; up --build -d&#39;
success_codes = (0,)

    def execute(command: str, success_codes: Iterable[int] = (0,)) -&gt; Union[bytes, Any]:
        &#34;&#34;&#34;Run a shell command.&#34;&#34;&#34;
        try:
            output = subprocess.check_output(command, stderr=subprocess.STDOUT, shell=True)
            status = 0
        except subprocess.CalledProcessError as error:
            output = error.output or b&#34;&#34;
            status = error.returncode
            command = error.cmd
    
        if status not in success_codes:
&gt;           raise Exception(
                &#39;Command {} returned {}: &#34;&#34;&#34;{}&#34;&#34;&#34;.&#39;.format(command, status, output.decode(&#34;utf-8&#34;))
            )
E           Exception: Command docker compose -f &#34;/home/ubuntu/SGE-tester-B/projects/docker-compose.yml&#34; -p &#34;pytest16299&#34; up --build -d returned 1: &#34;&#34;&#34;time=&#34;2026-01-13T13:06:18Z&#34; level=warning msg=&#34;/home/ubuntu/SGE-tester-B/projects/docker-compose.yml: the attribute `version` is obsolete, it will be ignored, please remove it to avoid potential confusion&#34;
E            Network pytest16299_default  Creating
E            Network pytest16299_default  Created
E            Container pytest16299-db-1  Creating
E            Container pytest16299-db-1  Created
E            Container pytest16299-odoo-1  Creating
E            Container pytest16299-odoo-1  Created
E            Container pytest16299-db-1  Starting
E           Error response from daemon: failed to set up container networking: driver failed programming external connectivity on endpoint pytest16299-db-1 (b384af1ac54bd70252f868120209eba3b1061751d9bb1f2418be4f44beaa37e4): Bind for 0.0.0.0:5432 failed: port is already allocated
E           &#34;&#34;&#34;.

.venv/lib/python3.12/site-packages/pytest_docker/plugin.py:35: Exception</pre>
                        
                        

                        
                        
                        
                    </div>
                
                </div>
            </div>
            
            <div class="testclass">
                <h4>test_minimal_requirements.TestRNF7</h4>
                <div class="testcases">
                
                    <div class="test outcome outcome-failed">
                        <a id="4be5b6cf-527a-4c30-aed6-a2c686dbed9c"></a>
                        <table class="proplist">
                            <tr><th>Test case:</th><td><b>test_modelos_tienen_permisos</b></td></tr>
                            <tr><th>Outcome:</th><td>Failed</td></tr>
                            <tr><th>Duration:</th><td>0.001 sec</td></tr>
                        
                            <tr><th>Failed</th><td>failed on setup with &#34;Exception: Command docker compose -f &#34;/home/ubuntu/SGE-tester-B/projects/docker-compose.yml&#34; -p &#34;pytest16299&#34; up --build -d returned 1: &#34;&#34;&#34;time=&#34;2026-01-13T13:06:18Z&#34; level=warning msg=&#34;/home/ubuntu/SGE-tester-B/projects/docker-compose.yml: the attribute `version` is obsolete, it will be ignored, please remove it to avoid potential confusion&#34;
 Network pytest16299_default  Creating
 Network pytest16299_default  Created
 Container pytest16299-db-1  Creating
 Container pytest16299-db-1  Created
 Container pytest16299-odoo-1  Creating
 Container pytest16299-odoo-1  Created
 Container pytest16299-db-1  Starting
Error response from daemon: failed to set up container networking: driver failed programming external connectivity on endpoint pytest16299-db-1 (b384af1ac54bd70252f868120209eba3b1061751d9bb1f2418be4f44beaa37e4): Bind for 0.0.0.0:5432 failed: port is already allocated
&#34;&#34;&#34;.&#34;</td></tr>
                        
                        
                        </table>

                        
                        <pre>docker_compose_command = &#39;docker compose&#39;
docker_compose_file = &#39;/home/ubuntu/SGE-tester-B/projects/docker-compose.yml&#39;
docker_compose_project_name = &#39;pytest16299&#39;, docker_setup = [&#39;up --build -d&#39;]
docker_cleanup = [&#39;down -v&#39;]

    @pytest.fixture(scope=containers_scope)
    def docker_services(
        docker_compose_command: str,
        docker_compose_file: Union[List[str], str],
        docker_compose_project_name: str,
        docker_setup: str,
        docker_cleanup: str,
    ) -&gt; Iterator[Services]:
        &#34;&#34;&#34;Start all services from a docker compose file (`docker-compose up`).
        After test are finished, shutdown all services (`docker-compose down`).&#34;&#34;&#34;
    
&gt;       with get_docker_services(
            docker_compose_command,
            docker_compose_file,
            docker_compose_project_name,
            docker_setup,
            docker_cleanup,
        ) as docker_service:

.venv/lib/python3.12/site-packages/pytest_docker/plugin.py:238: 
_ _ _ _ _ _ _ _ _ _ _ _ _ _ _ _ _ _ _ _ _ _ _ _ _ _ _ _ _ _ _ _ _ _ _ _ _ _ _ _ 
/usr/lib/python3.12/contextlib.py:137: in __enter__
    return next(self.gen)
.venv/lib/python3.12/site-packages/pytest_docker/plugin.py:212: in get_docker_services
    docker_compose.execute(command)
.venv/lib/python3.12/site-packages/pytest_docker/plugin.py:140: in execute
    return execute(command)
_ _ _ _ _ _ _ _ _ _ _ _ _ _ _ _ _ _ _ _ _ _ _ _ _ _ _ _ _ _ _ _ _ _ _ _ _ _ _ _ 

command = &#39;docker compose -f &#34;/home/ubuntu/SGE-tester-B/projects/docker-compose.yml&#34; -p &#34;pytest16299&#34; up --build -d&#39;
success_codes = (0,)

    def execute(command: str, success_codes: Iterable[int] = (0,)) -&gt; Union[bytes, Any]:
        &#34;&#34;&#34;Run a shell command.&#34;&#34;&#34;
        try:
            output = subprocess.check_output(command, stderr=subprocess.STDOUT, shell=True)
            status = 0
        except subprocess.CalledProcessError as error:
            output = error.output or b&#34;&#34;
            status = error.returncode
            command = error.cmd
    
        if status not in success_codes:
&gt;           raise Exception(
                &#39;Command {} returned {}: &#34;&#34;&#34;{}&#34;&#34;&#34;.&#39;.format(command, status, output.decode(&#34;utf-8&#34;))
            )
E           Exception: Command docker compose -f &#34;/home/ubuntu/SGE-tester-B/projects/docker-compose.yml&#34; -p &#34;pytest16299&#34; up --build -d returned 1: &#34;&#34;&#34;time=&#34;2026-01-13T13:06:18Z&#34; level=warning msg=&#34;/home/ubuntu/SGE-tester-B/projects/docker-compose.yml: the attribute `version` is obsolete, it will be ignored, please remove it to avoid potential confusion&#34;
E            Network pytest16299_default  Creating
E            Network pytest16299_default  Created
E            Container pytest16299-db-1  Creating
E            Container pytest16299-db-1  Created
E            Container pytest16299-odoo-1  Creating
E            Container pytest16299-odoo-1  Created
E            Container pytest16299-db-1  Starting
E           Error response from daemon: failed to set up container networking: driver failed programming external connectivity on endpoint pytest16299-db-1 (b384af1ac54bd70252f868120209eba3b1061751d9bb1f2418be4f44beaa37e4): Bind for 0.0.0.0:5432 failed: port is already allocated
E           &#34;&#34;&#34;.

.venv/lib/python3.12/site-packages/pytest_docker/plugin.py:35: Exception</pre>
                        
                        

                        
                        
                        
                    </div>
                
                </div>
            </div>
            
            <div class="testclass">
                <h4>test_minimal_requirements.TestRNF8</h4>
                <div class="testcases">
                
                    <div class="test outcome outcome-failed">
                        <a id="7275b329-124c-4ccb-925e-4ba1c6bfcdd3"></a>
                        <table class="proplist">
                            <tr><th>Test case:</th><td><b>test_app_tiene_icono</b></td></tr>
                            <tr><th>Outcome:</th><td>Failed</td></tr>
                            <tr><th>Duration:</th><td>0.001 sec</td></tr>
                        
                            <tr><th>Failed</th><td>failed on setup with &#34;Exception: Command docker compose -f &#34;/home/ubuntu/SGE-tester-B/projects/docker-compose.yml&#34; -p &#34;pytest16299&#34; up --build -d returned 1: &#34;&#34;&#34;time=&#34;2026-01-13T13:06:18Z&#34; level=warning msg=&#34;/home/ubuntu/SGE-tester-B/projects/docker-compose.yml: the attribute `version` is obsolete, it will be ignored, please remove it to avoid potential confusion&#34;
 Network pytest16299_default  Creating
 Network pytest16299_default  Created
 Container pytest16299-db-1  Creating
 Container pytest16299-db-1  Created
 Container pytest16299-odoo-1  Creating
 Container pytest16299-odoo-1  Created
 Container pytest16299-db-1  Starting
Error response from daemon: failed to set up container networking: driver failed programming external connectivity on endpoint pytest16299-db-1 (b384af1ac54bd70252f868120209eba3b1061751d9bb1f2418be4f44beaa37e4): Bind for 0.0.0.0:5432 failed: port is already allocated
&#34;&#34;&#34;.&#34;</td></tr>
                        
                        
                        </table>

                        
                        <pre>docker_compose_command = &#39;docker compose&#39;
docker_compose_file = &#39;/home/ubuntu/SGE-tester-B/projects/docker-compose.yml&#39;
docker_compose_project_name = &#39;pytest16299&#39;, docker_setup = [&#39;up --build -d&#39;]
docker_cleanup = [&#39;down -v&#39;]

    @pytest.fixture(scope=containers_scope)
    def docker_services(
        docker_compose_command: str,
        docker_compose_file: Union[List[str], str],
        docker_compose_project_name: str,
        docker_setup: str,
        docker_cleanup: str,
    ) -&gt; Iterator[Services]:
        &#34;&#34;&#34;Start all services from a docker compose file (`docker-compose up`).
        After test are finished, shutdown all services (`docker-compose down`).&#34;&#34;&#34;
    
&gt;       with get_docker_services(
            docker_compose_command,
            docker_compose_file,
            docker_compose_project_name,
            docker_setup,
            docker_cleanup,
        ) as docker_service:

.venv/lib/python3.12/site-packages/pytest_docker/plugin.py:238: 
_ _ _ _ _ _ _ _ _ _ _ _ _ _ _ _ _ _ _ _ _ _ _ _ _ _ _ _ _ _ _ _ _ _ _ _ _ _ _ _ 
/usr/lib/python3.12/contextlib.py:137: in __enter__
    return next(self.gen)
.venv/lib/python3.12/site-packages/pytest_docker/plugin.py:212: in get_docker_services
    docker_compose.execute(command)
.venv/lib/python3.12/site-packages/pytest_docker/plugin.py:140: in execute
    return execute(command)
_ _ _ _ _ _ _ _ _ _ _ _ _ _ _ _ _ _ _ _ _ _ _ _ _ _ _ _ _ _ _ _ _ _ _ _ _ _ _ _ 

command = &#39;docker compose -f &#34;/home/ubuntu/SGE-tester-B/projects/docker-compose.yml&#34; -p &#34;pytest16299&#34; up --build -d&#39;
success_codes = (0,)

    def execute(command: str, success_codes: Iterable[int] = (0,)) -&gt; Union[bytes, Any]:
        &#34;&#34;&#34;Run a shell command.&#34;&#34;&#34;
        try:
            output = subprocess.check_output(command, stderr=subprocess.STDOUT, shell=True)
            status = 0
        except subprocess.CalledProcessError as error:
            output = error.output or b&#34;&#34;
            status = error.returncode
            command = error.cmd
    
        if status not in success_codes:
&gt;           raise Exception(
                &#39;Command {} returned {}: &#34;&#34;&#34;{}&#34;&#34;&#34;.&#39;.format(command, status, output.decode(&#34;utf-8&#34;))
            )
E           Exception: Command docker compose -f &#34;/home/ubuntu/SGE-tester-B/projects/docker-compose.yml&#34; -p &#34;pytest16299&#34; up --build -d returned 1: &#34;&#34;&#34;time=&#34;2026-01-13T13:06:18Z&#34; level=warning msg=&#34;/home/ubuntu/SGE-tester-B/projects/docker-compose.yml: the attribute `version` is obsolete, it will be ignored, please remove it to avoid potential confusion&#34;
E            Network pytest16299_default  Creating
E            Network pytest16299_default  Created
E            Container pytest16299-db-1  Creating
E            Container pytest16299-db-1  Created
E            Container pytest16299-odoo-1  Creating
E            Container pytest16299-odoo-1  Created
E            Container pytest16299-db-1  Starting
E           Error response from daemon: failed to set up container networking: driver failed programming external connectivity on endpoint pytest16299-db-1 (b384af1ac54bd70252f868120209eba3b1061751d9bb1f2418be4f44beaa37e4): Bind for 0.0.0.0:5432 failed: port is already allocated
E           &#34;&#34;&#34;.

.venv/lib/python3.12/site-packages/pytest_docker/plugin.py:35: Exception</pre>
                        
                        

                        
                        
                        
                    </div>
                
                </div>
            </div>
            
            <div class="testclass">
                <h4>test_minimal_requirements.TestRNF9</h4>
                <div class="testcases">
                
                    <div class="test outcome outcome-failed">
                        <a id="02282e92-eacf-42d8-a4c8-85aee7a20909"></a>
                        <table class="proplist">
                            <tr><th>Test case:</th><td><b>test_modelos_tienen_datos_demo</b></td></tr>
                            <tr><th>Outcome:</th><td>Failed</td></tr>
                            <tr><th>Duration:</th><td>0.0 sec</td></tr>
                        
                            <tr><th>Failed</th><td>failed on setup with &#34;Exception: Command docker compose -f &#34;/home/ubuntu/SGE-tester-B/projects/docker-compose.yml&#34; -p &#34;pytest16299&#34; up --build -d returned 1: &#34;&#34;&#34;time=&#34;2026-01-13T13:06:18Z&#34; level=warning msg=&#34;/home/ubuntu/SGE-tester-B/projects/docker-compose.yml: the attribute `version` is obsolete, it will be ignored, please remove it to avoid potential confusion&#34;
 Network pytest16299_default  Creating
 Network pytest16299_default  Created
 Container pytest16299-db-1  Creating
 Container pytest16299-db-1  Created
 Container pytest16299-odoo-1  Creating
 Container pytest16299-odoo-1  Created
 Container pytest16299-db-1  Starting
Error response from daemon: failed to set up container networking: driver failed programming external connectivity on endpoint pytest16299-db-1 (b384af1ac54bd70252f868120209eba3b1061751d9bb1f2418be4f44beaa37e4): Bind for 0.0.0.0:5432 failed: port is already allocated
&#34;&#34;&#34;.&#34;</td></tr>
                        
                        
                        </table>

                        
                        <pre>docker_compose_command = &#39;docker compose&#39;
docker_compose_file = &#39;/home/ubuntu/SGE-tester-B/projects/docker-compose.yml&#39;
docker_compose_project_name = &#39;pytest16299&#39;, docker_setup = [&#39;up --build -d&#39;]
docker_cleanup = [&#39;down -v&#39;]

    @pytest.fixture(scope=containers_scope)
    def docker_services(
        docker_compose_command: str,
        docker_compose_file: Union[List[str], str],
        docker_compose_project_name: str,
        docker_setup: str,
        docker_cleanup: str,
    ) -&gt; Iterator[Services]:
        &#34;&#34;&#34;Start all services from a docker compose file (`docker-compose up`).
        After test are finished, shutdown all services (`docker-compose down`).&#34;&#34;&#34;
    
&gt;       with get_docker_services(
            docker_compose_command,
            docker_compose_file,
            docker_compose_project_name,
            docker_setup,
            docker_cleanup,
        ) as docker_service:

.venv/lib/python3.12/site-packages/pytest_docker/plugin.py:238: 
_ _ _ _ _ _ _ _ _ _ _ _ _ _ _ _ _ _ _ _ _ _ _ _ _ _ _ _ _ _ _ _ _ _ _ _ _ _ _ _ 
/usr/lib/python3.12/contextlib.py:137: in __enter__
    return next(self.gen)
.venv/lib/python3.12/site-packages/pytest_docker/plugin.py:212: in get_docker_services
    docker_compose.execute(command)
.venv/lib/python3.12/site-packages/pytest_docker/plugin.py:140: in execute
    return execute(command)
_ _ _ _ _ _ _ _ _ _ _ _ _ _ _ _ _ _ _ _ _ _ _ _ _ _ _ _ _ _ _ _ _ _ _ _ _ _ _ _ 

command = &#39;docker compose -f &#34;/home/ubuntu/SGE-tester-B/projects/docker-compose.yml&#34; -p &#34;pytest16299&#34; up --build -d&#39;
success_codes = (0,)

    def execute(command: str, success_codes: Iterable[int] = (0,)) -&gt; Union[bytes, Any]:
        &#34;&#34;&#34;Run a shell command.&#34;&#34;&#34;
        try:
            output = subprocess.check_output(command, stderr=subprocess.STDOUT, shell=True)
            status = 0
        except subprocess.CalledProcessError as error:
            output = error.output or b&#34;&#34;
            status = error.returncode
            command = error.cmd
    
        if status not in success_codes:
&gt;           raise Exception(
                &#39;Command {} returned {}: &#34;&#34;&#34;{}&#34;&#34;&#34;.&#39;.format(command, status, output.decode(&#34;utf-8&#34;))
            )
E           Exception: Command docker compose -f &#34;/home/ubuntu/SGE-tester-B/projects/docker-compose.yml&#34; -p &#34;pytest16299&#34; up --build -d returned 1: &#34;&#34;&#34;time=&#34;2026-01-13T13:06:18Z&#34; level=warning msg=&#34;/home/ubuntu/SGE-tester-B/projects/docker-compose.yml: the attribute `version` is obsolete, it will be ignored, please remove it to avoid potential confusion&#34;
E            Network pytest16299_default  Creating
E            Network pytest16299_default  Created
E            Container pytest16299-db-1  Creating
E            Container pytest16299-db-1  Created
E            Container pytest16299-odoo-1  Creating
E            Container pytest16299-odoo-1  Created
E            Container pytest16299-db-1  Starting
E           Error response from daemon: failed to set up container networking: driver failed programming external connectivity on endpoint pytest16299-db-1 (b384af1ac54bd70252f868120209eba3b1061751d9bb1f2418be4f44beaa37e4): Bind for 0.0.0.0:5432 failed: port is already allocated
E           &#34;&#34;&#34;.

.venv/lib/python3.12/site-packages/pytest_docker/plugin.py:35: Exception</pre>
                        
                        

                        
                        
                        
                    </div>
                
                </div>
            </div>
            
            <div class="testclass">
                <h4>test_minimal_requirements.TestRNFGit</h4>
                <div class="testcases">
                
                    <div class="test outcome outcome-failed">
                        <a id="248ee64a-84de-4c56-b34c-9cad31da3b1b"></a>
                        <table class="proplist">
                            <tr><th>Test case:</th><td><b>test_git_commit_frecuentes</b></td></tr>
                            <tr><th>Outcome:</th><td>Failed</td></tr>
                            <tr><th>Duration:</th><td>0.001 sec</td></tr>
                        
                            <tr><th>Failed</th><td>failed on setup with &#34;Exception: Command docker compose -f &#34;/home/ubuntu/SGE-tester-B/projects/docker-compose.yml&#34; -p &#34;pytest16299&#34; up --build -d returned 1: &#34;&#34;&#34;time=&#34;2026-01-13T13:06:18Z&#34; level=warning msg=&#34;/home/ubuntu/SGE-tester-B/projects/docker-compose.yml: the attribute `version` is obsolete, it will be ignored, please remove it to avoid potential confusion&#34;
 Network pytest16299_default  Creating
 Network pytest16299_default  Created
 Container pytest16299-db-1  Creating
 Container pytest16299-db-1  Created
 Container pytest16299-odoo-1  Creating
 Container pytest16299-odoo-1  Created
 Container pytest16299-db-1  Starting
Error response from daemon: failed to set up container networking: driver failed programming external connectivity on endpoint pytest16299-db-1 (b384af1ac54bd70252f868120209eba3b1061751d9bb1f2418be4f44beaa37e4): Bind for 0.0.0.0:5432 failed: port is already allocated
&#34;&#34;&#34;.&#34;</td></tr>
                        
                        
                        </table>

                        
                        <pre>docker_compose_command = &#39;docker compose&#39;
docker_compose_file = &#39;/home/ubuntu/SGE-tester-B/projects/docker-compose.yml&#39;
docker_compose_project_name = &#39;pytest16299&#39;, docker_setup = [&#39;up --build -d&#39;]
docker_cleanup = [&#39;down -v&#39;]

    @pytest.fixture(scope=containers_scope)
    def docker_services(
        docker_compose_command: str,
        docker_compose_file: Union[List[str], str],
        docker_compose_project_name: str,
        docker_setup: str,
        docker_cleanup: str,
    ) -&gt; Iterator[Services]:
        &#34;&#34;&#34;Start all services from a docker compose file (`docker-compose up`).
        After test are finished, shutdown all services (`docker-compose down`).&#34;&#34;&#34;
    
&gt;       with get_docker_services(
            docker_compose_command,
            docker_compose_file,
            docker_compose_project_name,
            docker_setup,
            docker_cleanup,
        ) as docker_service:

.venv/lib/python3.12/site-packages/pytest_docker/plugin.py:238: 
_ _ _ _ _ _ _ _ _ _ _ _ _ _ _ _ _ _ _ _ _ _ _ _ _ _ _ _ _ _ _ _ _ _ _ _ _ _ _ _ 
/usr/lib/python3.12/contextlib.py:137: in __enter__
    return next(self.gen)
.venv/lib/python3.12/site-packages/pytest_docker/plugin.py:212: in get_docker_services
    docker_compose.execute(command)
.venv/lib/python3.12/site-packages/pytest_docker/plugin.py:140: in execute
    return execute(command)
_ _ _ _ _ _ _ _ _ _ _ _ _ _ _ _ _ _ _ _ _ _ _ _ _ _ _ _ _ _ _ _ _ _ _ _ _ _ _ _ 

command = &#39;docker compose -f &#34;/home/ubuntu/SGE-tester-B/projects/docker-compose.yml&#34; -p &#34;pytest16299&#34; up --build -d&#39;
success_codes = (0,)

    def execute(command: str, success_codes: Iterable[int] = (0,)) -&gt; Union[bytes, Any]:
        &#34;&#34;&#34;Run a shell command.&#34;&#34;&#34;
        try:
            output = subprocess.check_output(command, stderr=subprocess.STDOUT, shell=True)
            status = 0
        except subprocess.CalledProcessError as error:
            output = error.output or b&#34;&#34;
            status = error.returncode
            command = error.cmd
    
        if status not in success_codes:
&gt;           raise Exception(
                &#39;Command {} returned {}: &#34;&#34;&#34;{}&#34;&#34;&#34;.&#39;.format(command, status, output.decode(&#34;utf-8&#34;))
            )
E           Exception: Command docker compose -f &#34;/home/ubuntu/SGE-tester-B/projects/docker-compose.yml&#34; -p &#34;pytest16299&#34; up --build -d returned 1: &#34;&#34;&#34;time=&#34;2026-01-13T13:06:18Z&#34; level=warning msg=&#34;/home/ubuntu/SGE-tester-B/projects/docker-compose.yml: the attribute `version` is obsolete, it will be ignored, please remove it to avoid potential confusion&#34;
E            Network pytest16299_default  Creating
E            Network pytest16299_default  Created
E            Container pytest16299-db-1  Creating
E            Container pytest16299-db-1  Created
E            Container pytest16299-odoo-1  Creating
E            Container pytest16299-odoo-1  Created
E            Container pytest16299-db-1  Starting
E           Error response from daemon: failed to set up container networking: driver failed programming external connectivity on endpoint pytest16299-db-1 (b384af1ac54bd70252f868120209eba3b1061751d9bb1f2418be4f44beaa37e4): Bind for 0.0.0.0:5432 failed: port is already allocated
E           &#34;&#34;&#34;.

.venv/lib/python3.12/site-packages/pytest_docker/plugin.py:35: Exception</pre>
                        
                        

                        
                        
                        
                    </div>
                
                </div>
            </div>
            
            <div class="testclass">
                <h4>test_minimal_requirements.TestRNFCalidad</h4>
                <div class="testcases">
                
                    <div class="test outcome outcome-failed">
                        <a id="30b33edc-ceb3-4188-87b9-e86903d90b2f"></a>
                        <table class="proplist">
                            <tr><th>Test case:</th><td><b>test_odoo_disponible</b></td></tr>
                            <tr><th>Outcome:</th><td>Failed</td></tr>
                            <tr><th>Duration:</th><td>0.0 sec</td></tr>
                        
                            <tr><th>Failed</th><td>failed on setup with &#34;Exception: Command docker compose -f &#34;/home/ubuntu/SGE-tester-B/projects/docker-compose.yml&#34; -p &#34;pytest16299&#34; up --build -d returned 1: &#34;&#34;&#34;time=&#34;2026-01-13T13:06:18Z&#34; level=warning msg=&#34;/home/ubuntu/SGE-tester-B/projects/docker-compose.yml: the attribute `version` is obsolete, it will be ignored, please remove it to avoid potential confusion&#34;
 Network pytest16299_default  Creating
 Network pytest16299_default  Created
 Container pytest16299-db-1  Creating
 Container pytest16299-db-1  Created
 Container pytest16299-odoo-1  Creating
 Container pytest16299-odoo-1  Created
 Container pytest16299-db-1  Starting
Error response from daemon: failed to set up container networking: driver failed programming external connectivity on endpoint pytest16299-db-1 (b384af1ac54bd70252f868120209eba3b1061751d9bb1f2418be4f44beaa37e4): Bind for 0.0.0.0:5432 failed: port is already allocated
&#34;&#34;&#34;.&#34;</td></tr>
                        
                        
                        </table>

                        
                        <pre>docker_compose_command = &#39;docker compose&#39;
docker_compose_file = &#39;/home/ubuntu/SGE-tester-B/projects/docker-compose.yml&#39;
docker_compose_project_name = &#39;pytest16299&#39;, docker_setup = [&#39;up --build -d&#39;]
docker_cleanup = [&#39;down -v&#39;]

    @pytest.fixture(scope=containers_scope)
    def docker_services(
        docker_compose_command: str,
        docker_compose_file: Union[List[str], str],
        docker_compose_project_name: str,
        docker_setup: str,
        docker_cleanup: str,
    ) -&gt; Iterator[Services]:
        &#34;&#34;&#34;Start all services from a docker compose file (`docker-compose up`).
        After test are finished, shutdown all services (`docker-compose down`).&#34;&#34;&#34;
    
&gt;       with get_docker_services(
            docker_compose_command,
            docker_compose_file,
            docker_compose_project_name,
            docker_setup,
            docker_cleanup,
        ) as docker_service:

.venv/lib/python3.12/site-packages/pytest_docker/plugin.py:238: 
_ _ _ _ _ _ _ _ _ _ _ _ _ _ _ _ _ _ _ _ _ _ _ _ _ _ _ _ _ _ _ _ _ _ _ _ _ _ _ _ 
/usr/lib/python3.12/contextlib.py:137: in __enter__
    return next(self.gen)
.venv/lib/python3.12/site-packages/pytest_docker/plugin.py:212: in get_docker_services
    docker_compose.execute(command)
.venv/lib/python3.12/site-packages/pytest_docker/plugin.py:140: in execute
    return execute(command)
_ _ _ _ _ _ _ _ _ _ _ _ _ _ _ _ _ _ _ _ _ _ _ _ _ _ _ _ _ _ _ _ _ _ _ _ _ _ _ _ 

command = &#39;docker compose -f &#34;/home/ubuntu/SGE-tester-B/projects/docker-compose.yml&#34; -p &#34;pytest16299&#34; up --build -d&#39;
success_codes = (0,)

    def execute(command: str, success_codes: Iterable[int] = (0,)) -&gt; Union[bytes, Any]:
        &#34;&#34;&#34;Run a shell command.&#34;&#34;&#34;
        try:
            output = subprocess.check_output(command, stderr=subprocess.STDOUT, shell=True)
            status = 0
        except subprocess.CalledProcessError as error:
            output = error.output or b&#34;&#34;
            status = error.returncode
            command = error.cmd
    
        if status not in success_codes:
&gt;           raise Exception(
                &#39;Command {} returned {}: &#34;&#34;&#34;{}&#34;&#34;&#34;.&#39;.format(command, status, output.decode(&#34;utf-8&#34;))
            )
E           Exception: Command docker compose -f &#34;/home/ubuntu/SGE-tester-B/projects/docker-compose.yml&#34; -p &#34;pytest16299&#34; up --build -d returned 1: &#34;&#34;&#34;time=&#34;2026-01-13T13:06:18Z&#34; level=warning msg=&#34;/home/ubuntu/SGE-tester-B/projects/docker-compose.yml: the attribute `version` is obsolete, it will be ignored, please remove it to avoid potential confusion&#34;
E            Network pytest16299_default  Creating
E            Network pytest16299_default  Created
E            Container pytest16299-db-1  Creating
E            Container pytest16299-db-1  Created
E            Container pytest16299-odoo-1  Creating
E            Container pytest16299-odoo-1  Created
E            Container pytest16299-db-1  Starting
E           Error response from daemon: failed to set up container networking: driver failed programming external connectivity on endpoint pytest16299-db-1 (b384af1ac54bd70252f868120209eba3b1061751d9bb1f2418be4f44beaa37e4): Bind for 0.0.0.0:5432 failed: port is already allocated
E           &#34;&#34;&#34;.

.venv/lib/python3.12/site-packages/pytest_docker/plugin.py:35: Exception</pre>
                        
                        

                        
                        
                        
                    </div>
                
                    <div class="test outcome outcome-failed">
                        <a id="c13d508b-9f55-4984-a0bf-9cf273938e9c"></a>
                        <table class="proplist">
                            <tr><th>Test case:</th><td><b>test_app_instalada</b></td></tr>
                            <tr><th>Outcome:</th><td>Failed</td></tr>
                            <tr><th>Duration:</th><td>0.001 sec</td></tr>
                        
                            <tr><th>Failed</th><td>failed on setup with &#34;Exception: Command docker compose -f &#34;/home/ubuntu/SGE-tester-B/projects/docker-compose.yml&#34; -p &#34;pytest16299&#34; up --build -d returned 1: &#34;&#34;&#34;time=&#34;2026-01-13T13:06:18Z&#34; level=warning msg=&#34;/home/ubuntu/SGE-tester-B/projects/docker-compose.yml: the attribute `version` is obsolete, it will be ignored, please remove it to avoid potential confusion&#34;
 Network pytest16299_default  Creating
 Network pytest16299_default  Created
 Container pytest16299-db-1  Creating
 Container pytest16299-db-1  Created
 Container pytest16299-odoo-1  Creating
 Container pytest16299-odoo-1  Created
 Container pytest16299-db-1  Starting
Error response from daemon: failed to set up container networking: driver failed programming external connectivity on endpoint pytest16299-db-1 (b384af1ac54bd70252f868120209eba3b1061751d9bb1f2418be4f44beaa37e4): Bind for 0.0.0.0:5432 failed: port is already allocated
&#34;&#34;&#34;.&#34;</td></tr>
                        
                        
                        </table>

                        
                        <pre>docker_compose_command = &#39;docker compose&#39;
docker_compose_file = &#39;/home/ubuntu/SGE-tester-B/projects/docker-compose.yml&#39;
docker_compose_project_name = &#39;pytest16299&#39;, docker_setup = [&#39;up --build -d&#39;]
docker_cleanup = [&#39;down -v&#39;]

    @pytest.fixture(scope=containers_scope)
    def docker_services(
        docker_compose_command: str,
        docker_compose_file: Union[List[str], str],
        docker_compose_project_name: str,
        docker_setup: str,
        docker_cleanup: str,
    ) -&gt; Iterator[Services]:
        &#34;&#34;&#34;Start all services from a docker compose file (`docker-compose up`).
        After test are finished, shutdown all services (`docker-compose down`).&#34;&#34;&#34;
    
&gt;       with get_docker_services(
            docker_compose_command,
            docker_compose_file,
            docker_compose_project_name,
            docker_setup,
            docker_cleanup,
        ) as docker_service:

.venv/lib/python3.12/site-packages/pytest_docker/plugin.py:238: 
_ _ _ _ _ _ _ _ _ _ _ _ _ _ _ _ _ _ _ _ _ _ _ _ _ _ _ _ _ _ _ _ _ _ _ _ _ _ _ _ 
/usr/lib/python3.12/contextlib.py:137: in __enter__
    return next(self.gen)
.venv/lib/python3.12/site-packages/pytest_docker/plugin.py:212: in get_docker_services
    docker_compose.execute(command)
.venv/lib/python3.12/site-packages/pytest_docker/plugin.py:140: in execute
    return execute(command)
_ _ _ _ _ _ _ _ _ _ _ _ _ _ _ _ _ _ _ _ _ _ _ _ _ _ _ _ _ _ _ _ _ _ _ _ _ _ _ _ 

command = &#39;docker compose -f &#34;/home/ubuntu/SGE-tester-B/projects/docker-compose.yml&#34; -p &#34;pytest16299&#34; up --build -d&#39;
success_codes = (0,)

    def execute(command: str, success_codes: Iterable[int] = (0,)) -&gt; Union[bytes, Any]:
        &#34;&#34;&#34;Run a shell command.&#34;&#34;&#34;
        try:
            output = subprocess.check_output(command, stderr=subprocess.STDOUT, shell=True)
            status = 0
        except subprocess.CalledProcessError as error:
            output = error.output or b&#34;&#34;
            status = error.returncode
            command = error.cmd
    
        if status not in success_codes:
&gt;           raise Exception(
                &#39;Command {} returned {}: &#34;&#34;&#34;{}&#34;&#34;&#34;.&#39;.format(command, status, output.decode(&#34;utf-8&#34;))
            )
E           Exception: Command docker compose -f &#34;/home/ubuntu/SGE-tester-B/projects/docker-compose.yml&#34; -p &#34;pytest16299&#34; up --build -d returned 1: &#34;&#34;&#34;time=&#34;2026-01-13T13:06:18Z&#34; level=warning msg=&#34;/home/ubuntu/SGE-tester-B/projects/docker-compose.yml: the attribute `version` is obsolete, it will be ignored, please remove it to avoid potential confusion&#34;
E            Network pytest16299_default  Creating
E            Network pytest16299_default  Created
E            Container pytest16299-db-1  Creating
E            Container pytest16299-db-1  Created
E            Container pytest16299-odoo-1  Creating
E            Container pytest16299-odoo-1  Created
E            Container pytest16299-db-1  Starting
E           Error response from daemon: failed to set up container networking: driver failed programming external connectivity on endpoint pytest16299-db-1 (b384af1ac54bd70252f868120209eba3b1061751d9bb1f2418be4f44beaa37e4): Bind for 0.0.0.0:5432 failed: port is already allocated
E           &#34;&#34;&#34;.

.venv/lib/python3.12/site-packages/pytest_docker/plugin.py:35: Exception</pre>
                        
                        

                        
                        
                        
                    </div>
                
                    <div class="test outcome outcome-failed">
                        <a id="33997c91-4e42-4e92-8b0b-d7ce55921044"></a>
                        <table class="proplist">
                            <tr><th>Test case:</th><td><b>test_otras_apps_entregadas_son_dependencias</b></td></tr>
                            <tr><th>Outcome:</th><td>Failed</td></tr>
                            <tr><th>Duration:</th><td>0.0 sec</td></tr>
                        
                            <tr><th>Failed</th><td>failed on setup with &#34;Exception: Command docker compose -f &#34;/home/ubuntu/SGE-tester-B/projects/docker-compose.yml&#34; -p &#34;pytest16299&#34; up --build -d returned 1: &#34;&#34;&#34;time=&#34;2026-01-13T13:06:18Z&#34; level=warning msg=&#34;/home/ubuntu/SGE-tester-B/projects/docker-compose.yml: the attribute `version` is obsolete, it will be ignored, please remove it to avoid potential confusion&#34;
 Network pytest16299_default  Creating
 Network pytest16299_default  Created
 Container pytest16299-db-1  Creating
 Container pytest16299-db-1  Created
 Container pytest16299-odoo-1  Creating
 Container pytest16299-odoo-1  Created
 Container pytest16299-db-1  Starting
Error response from daemon: failed to set up container networking: driver failed programming external connectivity on endpoint pytest16299-db-1 (b384af1ac54bd70252f868120209eba3b1061751d9bb1f2418be4f44beaa37e4): Bind for 0.0.0.0:5432 failed: port is already allocated
&#34;&#34;&#34;.&#34;</td></tr>
                        
                        
                        </table>

                        
                        <pre>docker_compose_command = &#39;docker compose&#39;
docker_compose_file = &#39;/home/ubuntu/SGE-tester-B/projects/docker-compose.yml&#39;
docker_compose_project_name = &#39;pytest16299&#39;, docker_setup = [&#39;up --build -d&#39;]
docker_cleanup = [&#39;down -v&#39;]

    @pytest.fixture(scope=containers_scope)
    def docker_services(
        docker_compose_command: str,
        docker_compose_file: Union[List[str], str],
        docker_compose_project_name: str,
        docker_setup: str,
        docker_cleanup: str,
    ) -&gt; Iterator[Services]:
        &#34;&#34;&#34;Start all services from a docker compose file (`docker-compose up`).
        After test are finished, shutdown all services (`docker-compose down`).&#34;&#34;&#34;
    
&gt;       with get_docker_services(
            docker_compose_command,
            docker_compose_file,
            docker_compose_project_name,
            docker_setup,
            docker_cleanup,
        ) as docker_service:

.venv/lib/python3.12/site-packages/pytest_docker/plugin.py:238: 
_ _ _ _ _ _ _ _ _ _ _ _ _ _ _ _ _ _ _ _ _ _ _ _ _ _ _ _ _ _ _ _ _ _ _ _ _ _ _ _ 
/usr/lib/python3.12/contextlib.py:137: in __enter__
    return next(self.gen)
.venv/lib/python3.12/site-packages/pytest_docker/plugin.py:212: in get_docker_services
    docker_compose.execute(command)
.venv/lib/python3.12/site-packages/pytest_docker/plugin.py:140: in execute
    return execute(command)
_ _ _ _ _ _ _ _ _ _ _ _ _ _ _ _ _ _ _ _ _ _ _ _ _ _ _ _ _ _ _ _ _ _ _ _ _ _ _ _ 

command = &#39;docker compose -f &#34;/home/ubuntu/SGE-tester-B/projects/docker-compose.yml&#34; -p &#34;pytest16299&#34; up --build -d&#39;
success_codes = (0,)

    def execute(command: str, success_codes: Iterable[int] = (0,)) -&gt; Union[bytes, Any]:
        &#34;&#34;&#34;Run a shell command.&#34;&#34;&#34;
        try:
            output = subprocess.check_output(command, stderr=subprocess.STDOUT, shell=True)
            status = 0
        except subprocess.CalledProcessError as error:
            output = error.output or b&#34;&#34;
            status = error.returncode
            command = error.cmd
    
        if status not in success_codes:
&gt;           raise Exception(
                &#39;Command {} returned {}: &#34;&#34;&#34;{}&#34;&#34;&#34;.&#39;.format(command, status, output.decode(&#34;utf-8&#34;))
            )
E           Exception: Command docker compose -f &#34;/home/ubuntu/SGE-tester-B/projects/docker-compose.yml&#34; -p &#34;pytest16299&#34; up --build -d returned 1: &#34;&#34;&#34;time=&#34;2026-01-13T13:06:18Z&#34; level=warning msg=&#34;/home/ubuntu/SGE-tester-B/projects/docker-compose.yml: the attribute `version` is obsolete, it will be ignored, please remove it to avoid potential confusion&#34;
E            Network pytest16299_default  Creating
E            Network pytest16299_default  Created
E            Container pytest16299-db-1  Creating
E            Container pytest16299-db-1  Created
E            Container pytest16299-odoo-1  Creating
E            Container pytest16299-odoo-1  Created
E            Container pytest16299-db-1  Starting
E           Error response from daemon: failed to set up container networking: driver failed programming external connectivity on endpoint pytest16299-db-1 (b384af1ac54bd70252f868120209eba3b1061751d9bb1f2418be4f44beaa37e4): Bind for 0.0.0.0:5432 failed: port is already allocated
E           &#34;&#34;&#34;.

.venv/lib/python3.12/site-packages/pytest_docker/plugin.py:35: Exception</pre>
                        
                        

                        
                        
                        
                    </div>
                
                    <div class="test outcome outcome-failed">
                        <a id="b8167dd6-e58d-4c6c-913d-39df9802093d"></a>
                        <table class="proplist">
                            <tr><th>Test case:</th><td><b>test_no_hay_elementos_xml_comentados</b></td></tr>
                            <tr><th>Outcome:</th><td>Failed</td></tr>
                            <tr><th>Duration:</th><td>0.0 sec</td></tr>
                        
                            <tr><th>Failed</th><td>failed on setup with &#34;Exception: Command docker compose -f &#34;/home/ubuntu/SGE-tester-B/projects/docker-compose.yml&#34; -p &#34;pytest16299&#34; up --build -d returned 1: &#34;&#34;&#34;time=&#34;2026-01-13T13:06:18Z&#34; level=warning msg=&#34;/home/ubuntu/SGE-tester-B/projects/docker-compose.yml: the attribute `version` is obsolete, it will be ignored, please remove it to avoid potential confusion&#34;
 Network pytest16299_default  Creating
 Network pytest16299_default  Created
 Container pytest16299-db-1  Creating
 Container pytest16299-db-1  Created
 Container pytest16299-odoo-1  Creating
 Container pytest16299-odoo-1  Created
 Container pytest16299-db-1  Starting
Error response from daemon: failed to set up container networking: driver failed programming external connectivity on endpoint pytest16299-db-1 (b384af1ac54bd70252f868120209eba3b1061751d9bb1f2418be4f44beaa37e4): Bind for 0.0.0.0:5432 failed: port is already allocated
&#34;&#34;&#34;.&#34;</td></tr>
                        
                        
                        </table>

                        
                        <pre>docker_compose_command = &#39;docker compose&#39;
docker_compose_file = &#39;/home/ubuntu/SGE-tester-B/projects/docker-compose.yml&#39;
docker_compose_project_name = &#39;pytest16299&#39;, docker_setup = [&#39;up --build -d&#39;]
docker_cleanup = [&#39;down -v&#39;]

    @pytest.fixture(scope=containers_scope)
    def docker_services(
        docker_compose_command: str,
        docker_compose_file: Union[List[str], str],
        docker_compose_project_name: str,
        docker_setup: str,
        docker_cleanup: str,
    ) -&gt; Iterator[Services]:
        &#34;&#34;&#34;Start all services from a docker compose file (`docker-compose up`).
        After test are finished, shutdown all services (`docker-compose down`).&#34;&#34;&#34;
    
&gt;       with get_docker_services(
            docker_compose_command,
            docker_compose_file,
            docker_compose_project_name,
            docker_setup,
            docker_cleanup,
        ) as docker_service:

.venv/lib/python3.12/site-packages/pytest_docker/plugin.py:238: 
_ _ _ _ _ _ _ _ _ _ _ _ _ _ _ _ _ _ _ _ _ _ _ _ _ _ _ _ _ _ _ _ _ _ _ _ _ _ _ _ 
/usr/lib/python3.12/contextlib.py:137: in __enter__
    return next(self.gen)
.venv/lib/python3.12/site-packages/pytest_docker/plugin.py:212: in get_docker_services
    docker_compose.execute(command)
.venv/lib/python3.12/site-packages/pytest_docker/plugin.py:140: in execute
    return execute(command)
_ _ _ _ _ _ _ _ _ _ _ _ _ _ _ _ _ _ _ _ _ _ _ _ _ _ _ _ _ _ _ _ _ _ _ _ _ _ _ _ 

command = &#39;docker compose -f &#34;/home/ubuntu/SGE-tester-B/projects/docker-compose.yml&#34; -p &#34;pytest16299&#34; up --build -d&#39;
success_codes = (0,)

    def execute(command: str, success_codes: Iterable[int] = (0,)) -&gt; Union[bytes, Any]:
        &#34;&#34;&#34;Run a shell command.&#34;&#34;&#34;
        try:
            output = subprocess.check_output(command, stderr=subprocess.STDOUT, shell=True)
            status = 0
        except subprocess.CalledProcessError as error:
            output = error.output or b&#34;&#34;
            status = error.returncode
            command = error.cmd
    
        if status not in success_codes:
&gt;           raise Exception(
                &#39;Command {} returned {}: &#34;&#34;&#34;{}&#34;&#34;&#34;.&#39;.format(command, status, output.decode(&#34;utf-8&#34;))
            )
E           Exception: Command docker compose -f &#34;/home/ubuntu/SGE-tester-B/projects/docker-compose.yml&#34; -p &#34;pytest16299&#34; up --build -d returned 1: &#34;&#34;&#34;time=&#34;2026-01-13T13:06:18Z&#34; level=warning msg=&#34;/home/ubuntu/SGE-tester-B/projects/docker-compose.yml: the attribute `version` is obsolete, it will be ignored, please remove it to avoid potential confusion&#34;
E            Network pytest16299_default  Creating
E            Network pytest16299_default  Created
E            Container pytest16299-db-1  Creating
E            Container pytest16299-db-1  Created
E            Container pytest16299-odoo-1  Creating
E            Container pytest16299-odoo-1  Created
E            Container pytest16299-db-1  Starting
E           Error response from daemon: failed to set up container networking: driver failed programming external connectivity on endpoint pytest16299-db-1 (b384af1ac54bd70252f868120209eba3b1061751d9bb1f2418be4f44beaa37e4): Bind for 0.0.0.0:5432 failed: port is already allocated
E           &#34;&#34;&#34;.

.venv/lib/python3.12/site-packages/pytest_docker/plugin.py:35: Exception</pre>
                        
                        

                        
                        
                        
                    </div>
                
                    <div class="test outcome outcome-failed">
                        <a id="98b32124-90c7-44de-86c8-81c1d5d3297c"></a>
                        <table class="proplist">
                            <tr><th>Test case:</th><td><b>test_no_hay_codigo_python_comentado</b></td></tr>
                            <tr><th>Outcome:</th><td>Failed</td></tr>
                            <tr><th>Duration:</th><td>0.001 sec</td></tr>
                        
                            <tr><th>Failed</th><td>failed on setup with &#34;Exception: Command docker compose -f &#34;/home/ubuntu/SGE-tester-B/projects/docker-compose.yml&#34; -p &#34;pytest16299&#34; up --build -d returned 1: &#34;&#34;&#34;time=&#34;2026-01-13T13:06:18Z&#34; level=warning msg=&#34;/home/ubuntu/SGE-tester-B/projects/docker-compose.yml: the attribute `version` is obsolete, it will be ignored, please remove it to avoid potential confusion&#34;
 Network pytest16299_default  Creating
 Network pytest16299_default  Created
 Container pytest16299-db-1  Creating
 Container pytest16299-db-1  Created
 Container pytest16299-odoo-1  Creating
 Container pytest16299-odoo-1  Created
 Container pytest16299-db-1  Starting
Error response from daemon: failed to set up container networking: driver failed programming external connectivity on endpoint pytest16299-db-1 (b384af1ac54bd70252f868120209eba3b1061751d9bb1f2418be4f44beaa37e4): Bind for 0.0.0.0:5432 failed: port is already allocated
&#34;&#34;&#34;.&#34;</td></tr>
                        
                        
                        </table>

                        
                        <pre>docker_compose_command = &#39;docker compose&#39;
docker_compose_file = &#39;/home/ubuntu/SGE-tester-B/projects/docker-compose.yml&#39;
docker_compose_project_name = &#39;pytest16299&#39;, docker_setup = [&#39;up --build -d&#39;]
docker_cleanup = [&#39;down -v&#39;]

    @pytest.fixture(scope=containers_scope)
    def docker_services(
        docker_compose_command: str,
        docker_compose_file: Union[List[str], str],
        docker_compose_project_name: str,
        docker_setup: str,
        docker_cleanup: str,
    ) -&gt; Iterator[Services]:
        &#34;&#34;&#34;Start all services from a docker compose file (`docker-compose up`).
        After test are finished, shutdown all services (`docker-compose down`).&#34;&#34;&#34;
    
&gt;       with get_docker_services(
            docker_compose_command,
            docker_compose_file,
            docker_compose_project_name,
            docker_setup,
            docker_cleanup,
        ) as docker_service:

.venv/lib/python3.12/site-packages/pytest_docker/plugin.py:238: 
_ _ _ _ _ _ _ _ _ _ _ _ _ _ _ _ _ _ _ _ _ _ _ _ _ _ _ _ _ _ _ _ _ _ _ _ _ _ _ _ 
/usr/lib/python3.12/contextlib.py:137: in __enter__
    return next(self.gen)
.venv/lib/python3.12/site-packages/pytest_docker/plugin.py:212: in get_docker_services
    docker_compose.execute(command)
.venv/lib/python3.12/site-packages/pytest_docker/plugin.py:140: in execute
    return execute(command)
_ _ _ _ _ _ _ _ _ _ _ _ _ _ _ _ _ _ _ _ _ _ _ _ _ _ _ _ _ _ _ _ _ _ _ _ _ _ _ _ 

command = &#39;docker compose -f &#34;/home/ubuntu/SGE-tester-B/projects/docker-compose.yml&#34; -p &#34;pytest16299&#34; up --build -d&#39;
success_codes = (0,)

    def execute(command: str, success_codes: Iterable[int] = (0,)) -&gt; Union[bytes, Any]:
        &#34;&#34;&#34;Run a shell command.&#34;&#34;&#34;
        try:
            output = subprocess.check_output(command, stderr=subprocess.STDOUT, shell=True)
            status = 0
        except subprocess.CalledProcessError as error:
            output = error.output or b&#34;&#34;
            status = error.returncode
            command = error.cmd
    
        if status not in success_codes:
&gt;           raise Exception(
                &#39;Command {} returned {}: &#34;&#34;&#34;{}&#34;&#34;&#34;.&#39;.format(command, status, output.decode(&#34;utf-8&#34;))
            )
E           Exception: Command docker compose -f &#34;/home/ubuntu/SGE-tester-B/projects/docker-compose.yml&#34; -p &#34;pytest16299&#34; up --build -d returned 1: &#34;&#34;&#34;time=&#34;2026-01-13T13:06:18Z&#34; level=warning msg=&#34;/home/ubuntu/SGE-tester-B/projects/docker-compose.yml: the attribute `version` is obsolete, it will be ignored, please remove it to avoid potential confusion&#34;
E            Network pytest16299_default  Creating
E            Network pytest16299_default  Created
E            Container pytest16299-db-1  Creating
E            Container pytest16299-db-1  Created
E            Container pytest16299-odoo-1  Creating
E            Container pytest16299-odoo-1  Created
E            Container pytest16299-db-1  Starting
E           Error response from daemon: failed to set up container networking: driver failed programming external connectivity on endpoint pytest16299-db-1 (b384af1ac54bd70252f868120209eba3b1061751d9bb1f2418be4f44beaa37e4): Bind for 0.0.0.0:5432 failed: port is already allocated
E           &#34;&#34;&#34;.

.venv/lib/python3.12/site-packages/pytest_docker/plugin.py:35: Exception</pre>
                        
                        

                        
                        
                        
                    </div>
                
                    <div class="test outcome outcome-failed">
                        <a id="cca303db-0cff-4e6f-9a48-fe08c184d953"></a>
                        <table class="proplist">
                            <tr><th>Test case:</th><td><b>test_log_servidor_sin_errores</b></td></tr>
                            <tr><th>Outcome:</th><td>Failed</td></tr>
                            <tr><th>Duration:</th><td>0.0 sec</td></tr>
                        
                            <tr><th>Failed</th><td>failed on setup with &#34;Exception: Command docker compose -f &#34;/home/ubuntu/SGE-tester-B/projects/docker-compose.yml&#34; -p &#34;pytest16299&#34; up --build -d returned 1: &#34;&#34;&#34;time=&#34;2026-01-13T13:06:18Z&#34; level=warning msg=&#34;/home/ubuntu/SGE-tester-B/projects/docker-compose.yml: the attribute `version` is obsolete, it will be ignored, please remove it to avoid potential confusion&#34;
 Network pytest16299_default  Creating
 Network pytest16299_default  Created
 Container pytest16299-db-1  Creating
 Container pytest16299-db-1  Created
 Container pytest16299-odoo-1  Creating
 Container pytest16299-odoo-1  Created
 Container pytest16299-db-1  Starting
Error response from daemon: failed to set up container networking: driver failed programming external connectivity on endpoint pytest16299-db-1 (b384af1ac54bd70252f868120209eba3b1061751d9bb1f2418be4f44beaa37e4): Bind for 0.0.0.0:5432 failed: port is already allocated
&#34;&#34;&#34;.&#34;</td></tr>
                        
                        
                        </table>

                        
                        <pre>docker_compose_command = &#39;docker compose&#39;
docker_compose_file = &#39;/home/ubuntu/SGE-tester-B/projects/docker-compose.yml&#39;
docker_compose_project_name = &#39;pytest16299&#39;, docker_setup = [&#39;up --build -d&#39;]
docker_cleanup = [&#39;down -v&#39;]

    @pytest.fixture(scope=containers_scope)
    def docker_services(
        docker_compose_command: str,
        docker_compose_file: Union[List[str], str],
        docker_compose_project_name: str,
        docker_setup: str,
        docker_cleanup: str,
    ) -&gt; Iterator[Services]:
        &#34;&#34;&#34;Start all services from a docker compose file (`docker-compose up`).
        After test are finished, shutdown all services (`docker-compose down`).&#34;&#34;&#34;
    
&gt;       with get_docker_services(
            docker_compose_command,
            docker_compose_file,
            docker_compose_project_name,
            docker_setup,
            docker_cleanup,
        ) as docker_service:

.venv/lib/python3.12/site-packages/pytest_docker/plugin.py:238: 
_ _ _ _ _ _ _ _ _ _ _ _ _ _ _ _ _ _ _ _ _ _ _ _ _ _ _ _ _ _ _ _ _ _ _ _ _ _ _ _ 
/usr/lib/python3.12/contextlib.py:137: in __enter__
    return next(self.gen)
.venv/lib/python3.12/site-packages/pytest_docker/plugin.py:212: in get_docker_services
    docker_compose.execute(command)
.venv/lib/python3.12/site-packages/pytest_docker/plugin.py:140: in execute
    return execute(command)
_ _ _ _ _ _ _ _ _ _ _ _ _ _ _ _ _ _ _ _ _ _ _ _ _ _ _ _ _ _ _ _ _ _ _ _ _ _ _ _ 

command = &#39;docker compose -f &#34;/home/ubuntu/SGE-tester-B/projects/docker-compose.yml&#34; -p &#34;pytest16299&#34; up --build -d&#39;
success_codes = (0,)

    def execute(command: str, success_codes: Iterable[int] = (0,)) -&gt; Union[bytes, Any]:
        &#34;&#34;&#34;Run a shell command.&#34;&#34;&#34;
        try:
            output = subprocess.check_output(command, stderr=subprocess.STDOUT, shell=True)
            status = 0
        except subprocess.CalledProcessError as error:
            output = error.output or b&#34;&#34;
            status = error.returncode
            command = error.cmd
    
        if status not in success_codes:
&gt;           raise Exception(
                &#39;Command {} returned {}: &#34;&#34;&#34;{}&#34;&#34;&#34;.&#39;.format(command, status, output.decode(&#34;utf-8&#34;))
            )
E           Exception: Command docker compose -f &#34;/home/ubuntu/SGE-tester-B/projects/docker-compose.yml&#34; -p &#34;pytest16299&#34; up --build -d returned 1: &#34;&#34;&#34;time=&#34;2026-01-13T13:06:18Z&#34; level=warning msg=&#34;/home/ubuntu/SGE-tester-B/projects/docker-compose.yml: the attribute `version` is obsolete, it will be ignored, please remove it to avoid potential confusion&#34;
E            Network pytest16299_default  Creating
E            Network pytest16299_default  Created
E            Container pytest16299-db-1  Creating
E            Container pytest16299-db-1  Created
E            Container pytest16299-odoo-1  Creating
E            Container pytest16299-odoo-1  Created
E            Container pytest16299-db-1  Starting
E           Error response from daemon: failed to set up container networking: driver failed programming external connectivity on endpoint pytest16299-db-1 (b384af1ac54bd70252f868120209eba3b1061751d9bb1f2418be4f44beaa37e4): Bind for 0.0.0.0:5432 failed: port is already allocated
E           &#34;&#34;&#34;.

.venv/lib/python3.12/site-packages/pytest_docker/plugin.py:35: Exception</pre>
                        
                        

                        
                        
                        
                    </div>
                
                </div>
            </div>
            
            <div class="testclass">
                <h4>test_minimal_requirements.TestOtros</h4>
                <div class="testcases">
                
                    <div class="test outcome outcome-skipped">
                        <a id="a57609f2-79a3-42ad-b91a-e93a0417906c"></a>
                        <table class="proplist">
                            <tr><th>Test case:</th><td><b>test_log_sin_warnings</b></td></tr>
                            <tr><th>Outcome:</th><td>Skipped</td></tr>
                            <tr><th>Duration:</th><td>0.001 sec</td></tr>
                        
                        
                            <tr><th>Skipped</th><td></td></tr>
                        
                        </table>

                        
                        
                        <pre>skipped</pre>
                        

                        
                        
                        
                    </div>
                
                </div>
            </div>
            
            <div class="testclass">
                <h4>test_minimal_requirements.TestRNFAdicionalesKanban</h4>
                <div class="testcases">
                
                    <div class="test outcome outcome-skipped">
                        <a id="fd688387-d3b6-46f0-86d9-fb603003bfe3"></a>
                        <table class="proplist">
                            <tr><th>Test case:</th><td><b>test_vista_kanban[/kanban]</b></td></tr>
                            <tr><th>Outcome:</th><td>Skipped</td></tr>
                            <tr><th>Duration:</th><td>0.001 sec</td></tr>
                        
                        
                            <tr><th>Skipped</th><td></td></tr>
                        
                        </table>

                        
                        
                        <pre>skipped</pre>
                        

                        
                        
                        
                    </div>
                
                    <div class="test outcome outcome-skipped">
                        <a id="ac938704-2a5d-46fd-af33-dc43f2fc36de"></a>
                        <table class="proplist">
                            <tr><th>Test case:</th><td><b>test_vista_kanban[/kanban[@default_group_by]]</b></td></tr>
                            <tr><th>Outcome:</th><td>Skipped</td></tr>
                            <tr><th>Duration:</th><td>0.0 sec</td></tr>
                        
                        
                            <tr><th>Skipped</th><td></td></tr>
                        
                        </table>

                        
                        
                        <pre>skipped</pre>
                        

                        
                        
                        
                    </div>
                
                    <div class="test outcome outcome-skipped">
                        <a id="34419eb0-3765-4d1f-91d6-c128d3ab3136"></a>
                        <table class="proplist">
                            <tr><th>Test case:</th><td><b>test_vista_kanban_imagen[/img]</b></td></tr>
                            <tr><th>Outcome:</th><td>Skipped</td></tr>
                            <tr><th>Duration:</th><td>0.0 sec</td></tr>
                        
                        
                            <tr><th>Skipped</th><td></td></tr>
                        
                        </table>

                        
                        
                        <pre>skipped</pre>
                        

                        
                        
                        
                    </div>
                
                    <div class="test outcome outcome-skipped">
                        <a id="c08e57c3-e0cf-424f-a634-bdfbb820b52c"></a>
                        <table class="proplist">
                            <tr><th>Test case:</th><td><b>test_vista_kanban_imagen[/field[@preview_image]]</b></td></tr>
                            <tr><th>Outcome:</th><td>Skipped</td></tr>
                            <tr><th>Duration:</th><td>0.0 sec</td></tr>
                        
                        
                            <tr><th>Skipped</th><td></td></tr>
                        
                        </table>

                        
                        
                        <pre>skipped</pre>
                        

                        
                        
                        
                    </div>
                
                    <div class="test outcome outcome-skipped">
                        <a id="f9c0f9f9-f9b2-4486-98df-8c86ad2e403d"></a>
                        <table class="proplist">
                            <tr><th>Test case:</th><td><b>test_vista_kanban_imagen[/field[@widget=&#34;image&#34;]]</b></td></tr>
                            <tr><th>Outcome:</th><td>Skipped</td></tr>
                            <tr><th>Duration:</th><td>0.0 sec</td></tr>
                        
                        
                            <tr><th>Skipped</th><td></td></tr>
                        
                        </table>

                        
                        
                        <pre>skipped</pre>
                        

                        
                        
                        
                    </div>
                
                </div>
            </div>
            
            <div class="testclass">
                <h4>test_minimal_requirements.TestRNFAdicionalesBusqueda</h4>
                <div class="testcases">
                
                    <div class="test outcome outcome-skipped">
                        <a id="3150c7b3-4d05-43cd-b35b-d34e3023305f"></a>
                        <table class="proplist">
                            <tr><th>Test case:</th><td><b>test_vista_search[/search]</b></td></tr>
                            <tr><th>Outcome:</th><td>Skipped</td></tr>
                            <tr><th>Duration:</th><td>0.0 sec</td></tr>
                        
                        
                            <tr><th>Skipped</th><td></td></tr>
                        
                        </table>

                        
                        
                        <pre>skipped</pre>
                        

                        
                        
                        
                    </div>
                
                    <div class="test outcome outcome-skipped">
                        <a id="d9686a23-dc39-465b-9425-96695248db64"></a>
                        <table class="proplist">
                            <tr><th>Test case:</th><td><b>test_vista_search_compleja[/filter[@domain]]</b></td></tr>
                            <tr><th>Outcome:</th><td>Skipped</td></tr>
                            <tr><th>Duration:</th><td>0.0 sec</td></tr>
                        
                        
                            <tr><th>Skipped</th><td></td></tr>
                        
                        </table>

                        
                        
                        <pre>skipped</pre>
                        

                        
                        
                        
                    </div>
                
                    <div class="test outcome outcome-skipped">
                        <a id="3422b1b7-02fb-4c0b-b92b-370ef7e1245b"></a>
                        <table class="proplist">
                            <tr><th>Test case:</th><td><b>test_vista_search_compleja[/group//filter[@context]]</b></td></tr>
                            <tr><th>Outcome:</th><td>Skipped</td></tr>
                            <tr><th>Duration:</th><td>0.0 sec</td></tr>
                        
                        
                            <tr><th>Skipped</th><td></td></tr>
                        
                        </table>

                        
                        
                        <pre>skipped</pre>
                        

                        
                        
                        
                    </div>
                
                </div>
            </div>
            
            <div class="testclass">
                <h4>test_minimal_requirements.TestRNFAdicionalesOtrasVistas</h4>
                <div class="testcases">
                
                    <div class="test outcome outcome-skipped">
                        <a id="9313d2b3-1fb6-4ee8-8990-ec5c9a41ed0e"></a>
                        <table class="proplist">
                            <tr><th>Test case:</th><td><b>test_otras_vistas_adicionales[activity]</b></td></tr>
                            <tr><th>Outcome:</th><td>Skipped</td></tr>
                            <tr><th>Duration:</th><td>0.0 sec</td></tr>
                        
                        
                            <tr><th>Skipped</th><td></td></tr>
                        
                        </table>

                        
                        
                        <pre>skipped</pre>
                        

                        
                        
                        
                    </div>
                
                    <div class="test outcome outcome-skipped">
                        <a id="4785977b-905a-46e4-ba01-6348a10e8186"></a>
                        <table class="proplist">
                            <tr><th>Test case:</th><td><b>test_otras_vistas_adicionales[calendar]</b></td></tr>
                            <tr><th>Outcome:</th><td>Skipped</td></tr>
                            <tr><th>Duration:</th><td>0.0 sec</td></tr>
                        
                        
                            <tr><th>Skipped</th><td></td></tr>
                        
                        </table>

                        
                        
                        <pre>skipped</pre>
                        

                        
                        
                        
                    </div>
                
                    <div class="test outcome outcome-skipped">
                        <a id="caffda77-396d-41ca-baf5-09f94b33703d"></a>
                        <table class="proplist">
                            <tr><th>Test case:</th><td><b>test_otras_vistas_adicionales[graph]</b></td></tr>
                            <tr><th>Outcome:</th><td>Skipped</td></tr>
                            <tr><th>Duration:</th><td>0.0 sec</td></tr>
                        
                        
                            <tr><th>Skipped</th><td></td></tr>
                        
                        </table>

                        
                        
                        <pre>skipped</pre>
                        

                        
                        
                        
                    </div>
                
                    <div class="test outcome outcome-skipped">
                        <a id="a8c0f95f-ca42-446e-9cb4-8e368c80a60b"></a>
                        <table class="proplist">
                            <tr><th>Test case:</th><td><b>test_otras_vistas_adicionales[pivot]</b></td></tr>
                            <tr><th>Outcome:</th><td>Skipped</td></tr>
                            <tr><th>Duration:</th><td>0.0 sec</td></tr>
                        
                        
                            <tr><th>Skipped</th><td></td></tr>
                        
                        </table>

                        
                        
                        <pre>skipped</pre>
                        

                        
                        
                        
                    </div>
                
                </div>
            </div>
            
            <div class="testclass">
                <h4>test_minimal_requirements.TestRNFAdicionalesConstraints</h4>
                <div class="testcases">
                
                    <div class="test outcome outcome-skipped">
                        <a id="f10f6e0e-dc05-4c43-9353-a3cd6002eb76"></a>
                        <table class="proplist">
                            <tr><th>Test case:</th><td><b>test_constraints_sql</b></td></tr>
                            <tr><th>Outcome:</th><td>Skipped</td></tr>
                            <tr><th>Duration:</th><td>0.001 sec</td></tr>
                        
                        
                            <tr><th>Skipped</th><td></td></tr>
                        
                        </table>

                        
                        
                        <pre>skipped</pre>
                        

                        
                        
                        
                    </div>
                
                </div>
            </div>
            
            <div class="testclass">
                <h4>test_minimal_requirements.TestRNFAdicionalesSeguridadAvanzada</h4>
                <div class="testcases">
                
                    <div class="test outcome outcome-skipped">
                        <a id="96774c23-f647-448f-ad78-908a1f9dd49c"></a>
                        <table class="proplist">
                            <tr><th>Test case:</th><td><b>test_seguridad_con_grupos_propios</b></td></tr>
                            <tr><th>Outcome:</th><td>Skipped</td></tr>
                            <tr><th>Duration:</th><td>0.0 sec</td></tr>
                        
                        
                            <tr><th>Skipped</th><td></td></tr>
                        
                        </table>

                        
                        
                        <pre>skipped</pre>
                        

                        
                        
                        
                    </div>
                
                </div>
            </div>
            
            <div class="testclass">
                <h4>test_minimal_requirements.TestRNFAdicionalesDatosAvanzados</h4>
                <div class="testcases">
                
                    <div class="test outcome outcome-skipped">
                        <a id="795e9fe6-cf24-4705-bda6-4de7dedf2205"></a>
                        <table class="proplist">
                            <tr><th>Test case:</th><td><b>test_datos_maestros_o_demo_avanzados[binary]</b></td></tr>
                            <tr><th>Outcome:</th><td>Skipped</td></tr>
                            <tr><th>Duration:</th><td>0.001 sec</td></tr>
                        
                        
                            <tr><th>Skipped</th><td></td></tr>
                        
                        </table>

                        
                        
                        <pre>skipped</pre>
                        

                        
                        
                        
                    </div>
                
                    <div class="test outcome outcome-skipped">
                        <a id="2fb2a56c-72cf-415b-b9a6-14632e2826d0"></a>
                        <table class="proplist">
                            <tr><th>Test case:</th><td><b>test_datos_maestros_o_demo_avanzados[many2many]</b></td></tr>
                            <tr><th>Outcome:</th><td>Skipped</td></tr>
                            <tr><th>Duration:</th><td>0.0 sec</td></tr>
                        
                        
                            <tr><th>Skipped</th><td></td></tr>
                        
                        </table>

                        
                        
                        <pre>skipped</pre>
                        

                        
                        
                        
                    </div>
                
                    <div class="test outcome outcome-skipped">
                        <a id="af322b88-2fad-41ce-8281-78b54db26ba3"></a>
                        <table class="proplist">
                            <tr><th>Test case:</th><td><b>test_datos_maestros_o_demo_avanzados[many2one]</b></td></tr>
                            <tr><th>Outcome:</th><td>Skipped</td></tr>
                            <tr><th>Duration:</th><td>0.0 sec</td></tr>
                        
                        
                            <tr><th>Skipped</th><td></td></tr>
                        
                        </table>

                        
                        
                        <pre>skipped</pre>
                        

                        
                        
                        
                    </div>
                
                </div>
            </div>
            
            <div class="testclass">
                <h4>test_minimal_requirements.TestRNFAdicionalesHerenciaVistas</h4>
                <div class="testcases">
                
                    <div class="test outcome outcome-skipped">
                        <a id="e60c45ca-92e2-4e70-923d-556fd6e77565"></a>
                        <table class="proplist">
                            <tr><th>Test case:</th><td><b>test_herencia_en_vistas_con_position</b></td></tr>
                            <tr><th>Outcome:</th><td>Skipped</td></tr>
                            <tr><th>Duration:</th><td>0.001 sec</td></tr>
                        
                        
                            <tr><th>Skipped</th><td></td></tr>
                        
                        </table>

                        
                        
                        <pre>skipped</pre>
                        

                        
                        
                        
                    </div>
                
                    <div class="test outcome outcome-skipped">
                        <a id="5b7a0511-3bb0-4d1b-8886-a6b25a758a90"></a>
                        <table class="proplist">
                            <tr><th>Test case:</th><td><b>test_herencia_en_vistas_con_inherit_id</b></td></tr>
                            <tr><th>Outcome:</th><td>Skipped</td></tr>
                            <tr><th>Duration:</th><td>0.0 sec</td></tr>
                        
                        
                            <tr><th>Skipped</th><td></td></tr>
                        
                        </table>

                        
                        
                        <pre>skipped</pre>
                        

                        
                        
                        
                    </div>
                
                </div>
            </div>
            
            <div class="testclass">
                <h4>test_minimal_requirements.TestRNFAdicionalesHerenciaModelos</h4>
                <div class="testcases">
                
                    <div class="test outcome outcome-skipped">
                        <a id="7a35bc39-5a75-4f6f-83f5-4b56bea2148b"></a>
                        <table class="proplist">
                            <tr><th>Test case:</th><td><b>test_modelos_existentes_modificados_por_herencia</b></td></tr>
                            <tr><th>Outcome:</th><td>Skipped</td></tr>
                            <tr><th>Duration:</th><td>0.001 sec</td></tr>
                        
                        
                            <tr><th>Skipped</th><td></td></tr>
                        
                        </table>

                        
                        
                        <pre>skipped</pre>
                        

                        
                        
                        
                    </div>
                
                    <div class="test outcome outcome-skipped">
                        <a id="8d48f3e4-865e-4171-8bc1-78ff3f1a6f43"></a>
                        <table class="proplist">
                            <tr><th>Test case:</th><td><b>test_nuevos_modelos_con_herencia</b></td></tr>
                            <tr><th>Outcome:</th><td>Skipped</td></tr>
                            <tr><th>Duration:</th><td>0.001 sec</td></tr>
                        
                        
                            <tr><th>Skipped</th><td></td></tr>
                        
                        </table>

                        
                        
                        <pre>skipped</pre>
                        

                        
                        
                        
                    </div>
                
                </div>
            </div>
            
            <div class="testclass">
                <h4>test_minimal_requirements.TestRNFAdicionalesTraducciones</h4>
                <div class="testcases">
                
                    <div class="test outcome outcome-skipped">
                        <a id="5dfbdb5f-fd20-4da4-b044-f9f5944cd27f"></a>
                        <table class="proplist">
                            <tr><th>Test case:</th><td><b>test_i18n</b></td></tr>
                            <tr><th>Outcome:</th><td>Skipped</td></tr>
                            <tr><th>Duration:</th><td>0.0 sec</td></tr>
                        
                        
                            <tr><th>Skipped</th><td></td></tr>
                        
                        </table>

                        
                        
                        <pre>skipped</pre>
                        

                        
                        
                        
                    </div>
                
                </div>
            </div>
            
            <div class="testclass">
                <h4>test_minimal_requirements.TestRNFAdicionalesInformes</h4>
                <div class="testcases">
                
                    <div class="test outcome outcome-skipped">
                        <a id="01cf56c1-c4d0-475f-86a5-05777317904c"></a>
                        <table class="proplist">
                            <tr><th>Test case:</th><td><b>test_informes[report]</b></td></tr>
                            <tr><th>Outcome:</th><td>Skipped</td></tr>
                            <tr><th>Duration:</th><td>0.0 sec</td></tr>
                        
                        
                            <tr><th>Skipped</th><td></td></tr>
                        
                        </table>

                        
                        
                        <pre>skipped</pre>
                        

                        
                        
                        
                    </div>
                
                    <div class="test outcome outcome-skipped">
                        <a id="e4711a3e-2bf5-4f21-b131-27d1e9c316f0"></a>
                        <table class="proplist">
                            <tr><th>Test case:</th><td><b>test_informes[template]</b></td></tr>
                            <tr><th>Outcome:</th><td>Skipped</td></tr>
                            <tr><th>Duration:</th><td>0.001 sec</td></tr>
                        
                        
                            <tr><th>Skipped</th><td></td></tr>
                        
                        </table>

                        
                        
                        <pre>skipped</pre>
                        

                        
                        
                        
                    </div>
                
                    <div class="test outcome outcome-skipped">
                        <a id="0e0506eb-7162-42d8-b568-a584c794f178"></a>
                        <table class="proplist">
                            <tr><th>Test case:</th><td><b>test_informes_complejos[/t[@t-foreach]]</b></td></tr>
                            <tr><th>Outcome:</th><td>Skipped</td></tr>
                            <tr><th>Duration:</th><td>0.0 sec</td></tr>
                        
                        
                            <tr><th>Skipped</th><td></td></tr>
                        
                        </table>

                        
                        
                        <pre>skipped</pre>
                        

                        
                        
                        
                    </div>
                
                    <div class="test outcome outcome-skipped">
                        <a id="33fd997c-1756-4503-9b94-df4abda456b9"></a>
                        <table class="proplist">
                            <tr><th>Test case:</th><td><b>test_informes_complejos[/img[@t-att-src]]</b></td></tr>
                            <tr><th>Outcome:</th><td>Skipped</td></tr>
                            <tr><th>Duration:</th><td>0.001 sec</td></tr>
                        
                        
                            <tr><th>Skipped</th><td></td></tr>
                        
                        </table>

                        
                        
                        <pre>skipped</pre>
                        

                        
                        
                        
                    </div>
                
                    <div class="test outcome outcome-skipped">
                        <a id="af0f3ab9-def3-4414-90a6-84977c66b509"></a>
                        <table class="proplist">
                            <tr><th>Test case:</th><td><b>test_informes_complejos[/t[@t-call and not(@t-call=&#34;web.external_layout&#34; or @t-call=&#34;web.html_container&#34;)]]</b></td></tr>
                            <tr><th>Outcome:</th><td>Skipped</td></tr>
                            <tr><th>Duration:</th><td>0.0 sec</td></tr>
                        
                        
                            <tr><th>Skipped</th><td></td></tr>
                        
                        </table>

                        
                        
                        <pre>skipped</pre>
                        

                        
                        
                        
                    </div>
                
                </div>
            </div>
            
            <div class="testclass">
                <h4>test_minimal_requirements.TestRNFAdicionalesChatter</h4>
                <div class="testcases">
                
                    <div class="test outcome outcome-skipped">
                        <a id="369d1507-4324-47bc-b9ff-95157f11ae42"></a>
                        <table class="proplist">
                            <tr><th>Test case:</th><td><b>test_chatter[mail_thread]</b></td></tr>
                            <tr><th>Outcome:</th><td>Skipped</td></tr>
                            <tr><th>Duration:</th><td>0.001 sec</td></tr>
                        
                        
                            <tr><th>Skipped</th><td></td></tr>
                        
                        </table>

                        
                        
                        <pre>skipped</pre>
                        

                        
                        
                        
                    </div>
                
                    <div class="test outcome outcome-skipped">
                        <a id="5bba820e-01fc-44db-a739-476ba57b6fb3"></a>
                        <table class="proplist">
                            <tr><th>Test case:</th><td><b>test_chatter[mail_activity_mixin]</b></td></tr>
                            <tr><th>Outcome:</th><td>Skipped</td></tr>
                            <tr><th>Duration:</th><td>0.001 sec</td></tr>
                        
                        
                            <tr><th>Skipped</th><td></td></tr>
                        
                        </table>

                        
                        
                        <pre>skipped</pre>
                        

                        
                        
                        
                    </div>
                
                    <div class="test outcome outcome-skipped">
                        <a id="4f6e2d52-54b9-4faa-ad0a-68220f90b7c7"></a>
                        <table class="proplist">
                            <tr><th>Test case:</th><td><b>test_chatter_tracking</b></td></tr>
                            <tr><th>Outcome:</th><td>Skipped</td></tr>
                            <tr><th>Duration:</th><td>0.001 sec</td></tr>
                        
                        
                            <tr><th>Skipped</th><td></td></tr>
                        
                        </table>

                        
                        
                        <pre>skipped</pre>
                        

                        
                        
                        
                    </div>
                
                    <div class="test outcome outcome-skipped">
                        <a id="29b52b40-fa3c-4905-9be1-0c7c19f80bb2"></a>
                        <table class="proplist">
                            <tr><th>Test case:</th><td><b>test_vista_chatter_div</b></td></tr>
                            <tr><th>Outcome:</th><td>Skipped</td></tr>
                            <tr><th>Duration:</th><td>0.001 sec</td></tr>
                        
                        
                            <tr><th>Skipped</th><td></td></tr>
                        
                        </table>

                        
                        
                        <pre>skipped</pre>
                        

                        
                        
                        
                    </div>
                
                    <div class="test outcome outcome-skipped">
                        <a id="bc4c7c50-e8c2-40ab-9bd2-5570f383b449"></a>
                        <table class="proplist">
                            <tr><th>Test case:</th><td><b>test_vista_chatter_fields[.//field[@name=&#34;message_follower_ids&#34;]]</b></td></tr>
                            <tr><th>Outcome:</th><td>Skipped</td></tr>
                            <tr><th>Duration:</th><td>0.001 sec</td></tr>
                        
                        
                            <tr><th>Skipped</th><td></td></tr>
                        
                        </table>

                        
                        
                        <pre>skipped</pre>
                        

                        
                        
                        
                    </div>
                
                    <div class="test outcome outcome-skipped">
                        <a id="45ed390f-ce7d-41df-b788-dafec4a0e012"></a>
                        <table class="proplist">
                            <tr><th>Test case:</th><td><b>test_vista_chatter_fields[.//field[@name=&#34;activity_ids&#34;]]</b></td></tr>
                            <tr><th>Outcome:</th><td>Skipped</td></tr>
                            <tr><th>Duration:</th><td>0.0 sec</td></tr>
                        
                        
                            <tr><th>Skipped</th><td></td></tr>
                        
                        </table>

                        
                        
                        <pre>skipped</pre>
                        

                        
                        
                        
                    </div>
                
                    <div class="test outcome outcome-skipped">
                        <a id="18b3d24c-09dd-45ed-8311-0f3f01439630"></a>
                        <table class="proplist">
                            <tr><th>Test case:</th><td><b>test_vista_chatter_fields[.//field[@name=&#34;message_ids&#34;]]</b></td></tr>
                            <tr><th>Outcome:</th><td>Skipped</td></tr>
                            <tr><th>Duration:</th><td>0.0 sec</td></tr>
                        
                        
                            <tr><th>Skipped</th><td></td></tr>
                        
                        </table>

                        
                        
                        <pre>skipped</pre>
                        

                        
                        
                        
                    </div>
                
                    <div class="test outcome outcome-skipped">
                        <a id="7878c322-9411-45a0-b72b-4e7855c887f1"></a>
                        <table class="proplist">
                            <tr><th>Test case:</th><td><b>test_vista_chatter_fields[.//field[@widget=&#34;mail_followers&#34;]]</b></td></tr>
                            <tr><th>Outcome:</th><td>Skipped</td></tr>
                            <tr><th>Duration:</th><td>0.001 sec</td></tr>
                        
                        
                            <tr><th>Skipped</th><td></td></tr>
                        
                        </table>

                        
                        
                        <pre>skipped</pre>
                        

                        
                        
                        
                    </div>
                
                    <div class="test outcome outcome-skipped">
                        <a id="f3e95d85-3887-433d-b75a-a5478a67b3d3"></a>
                        <table class="proplist">
                            <tr><th>Test case:</th><td><b>test_vista_chatter_fields[.//field[@widget=&#34;mail_thread&#34;]]</b></td></tr>
                            <tr><th>Outcome:</th><td>Skipped</td></tr>
                            <tr><th>Duration:</th><td>0.001 sec</td></tr>
                        
                        
                            <tr><th>Skipped</th><td></td></tr>
                        
                        </table>

                        
                        
                        <pre>skipped</pre>
                        

                        
                        
                        
                    </div>
                
                    <div class="test outcome outcome-skipped">
                        <a id="859b507a-3294-4b8a-90dd-290c7d395c17"></a>
                        <table class="proplist">
                            <tr><th>Test case:</th><td><b>test_vista_chatter_fields[.//field[@widget=&#34;mail_activity&#34;]]</b></td></tr>
                            <tr><th>Outcome:</th><td>Skipped</td></tr>
                            <tr><th>Duration:</th><td>0.009 sec</td></tr>
                        
                        
                            <tr><th>Skipped</th><td></td></tr>
                        
                        </table>

                        
                        
                        <pre>skipped</pre>
                        

                        
                        
                        
                    </div>
                
                </div>
            </div>
            
        </div>
    </div>
    



<p class="footer">
    Generated by junit2html
</p>
</body>
</html>