<!DOCTYPE html>
<html lang="en">
<head>
    <meta charset="UTF-8">
    <title>sas_tienda_videojuegos-pytest.xml</title>
    <style type="text/css">
        body {
    background-color: white;
    padding-bottom: 20em;
    margin: 0;
    min-height: 15cm;
}

h1, h2, h3, h4, h5, h6, h7 {
    font-family: sans-serif;
}

h1 {
    background-color: #007acc;
    color: white;
    padding: 3mm;
    margin-top: 0;
    margin-bottom: 1mm;
}

.footer {
    font-style: italic;
    font-size: small;
    text-align: right;
    padding: 1em;
}

.testsuite {
    padding-bottom: 2em;
    margin-left: 1em;
}

.proplist {
    width: 100%;
    margin-bottom: 2em;
    border-collapse: collapse;
    border: 1px solid grey;
}

.proplist th {
    background-color: silver;
    width: 5em;
    padding: 2px;
    padding-right: 1em;
    text-align: left;
}

.proplist td {
    padding: 2px;
}

.index-table {
    width: 90%;
    margin-left: 1em;
}

.index-table td {
    vertical-align: top;
    max-width: 200px;
    word-wrap: break-word;
}

.failure-index {

}

.toc {
    margin-bottom: 2em;
    font-family: monospace;
}

.stdio, pre {
    min-height: 1em;
    background-color: #1e1e1e;
    color: silver;
    padding: 0.5em;
}
.tdpre {
    background-color: #1e1e1e;
}

.test {
    margin-left: 0.5cm;
}

.outcome {
    border-left: 1em;
    padding: 2px;
}

.outcome-failed {
    border-left: 1em solid lightcoral;
}

.outcome-passed {
    border-left: 1em solid lightgreen;
}

.outcome-skipped {
    border-left: 1em dotted silver;
}

.stats-table {
}

.stats-table td {
    min-width: 4em;
    text-align: right;
}

.stats-table .failed {
    background-color: lightcoral;
}

.stats-table .passed {
    background-color: lightgreen;
}

.matrix-table {
    table-layout: fixed;
    border-spacing: 0;
    width: available;
    margin-left: 1em;
}

.matrix-table td {
    vertical-align: center;
}

.matrix-table td:last-child {
    width: 0;
}

.matrix-table tr:hover {
    background-color: yellow;
}

.matrix-axis-name {
    white-space: nowrap;
    padding-right: 0.5em;
    border-left: 1px solid black;
    border-top: 1px solid black;
    text-align: right;
}

.matrix-axis-line {
    border-left: 1px solid black;
    width: 0.5em;
}

.matrix-classname {
    text-align: left;
    width: 100%;
    border-top: 2px solid grey;
    border-bottom: 1px solid silver;
}

.matrix-casename {
    text-align: left;
    font-weight: normal;
    font-style: italic;
    padding-left: 1em;
    border-bottom: 1px solid silver;
}

.matrix-result {
    display: block;
    width: 1em;
    text-align: center;
    padding: 1mm;
    margin: 0;
}

.matrix-result-combined {
    white-space: nowrap;
    padding-right: 0.2em;
    text-align: right;
}

.matrix-result-failed {
    background-color: lightcoral;
}

.matrix-result-passed {
    background-color: lightgreen;
}

.matrix-result-skipped {
    background-color: lightyellow;
}

.matrix-even {
    background-color: lightgray;
}
    </style>
</head>
<body>
    
<h1>
    Test Report : sas_tienda_videojuegos-pytest.xml
</h1>
<a id="toc"></a>
<table class="index-table">
    <tr>
        <td>
            <ul class="toc">
            
                
                <li>test_minimal_requirements.TestRNF1
                <ul>
                    
                    <li><a href="#e045c618-ee15-46d9-a662-c56a56e93cbe">test_app_tiene_al_menos_4_modelos</a></li>
                    
                    <li><a href="#022e3ddb-bd21-47e0-9d95-df10eec3ed36">test_modelos_en_ficheros_individuales</a></li>
                    
                </ul>
                </li>
                
                <li>test_minimal_requirements.TestRNF2
                <ul>
                    
                    <li><a href="#ada37c38-1d3b-4a7b-8ed5-4193ec2b9709">test_relacion_many2many</a></li>
                    
                    <li><a href="#72985a9f-bdf6-4b72-b5a1-c24a002dd99f">test_modelos_tienen_algun_campo_relacion[one2many]</a></li>
                    
                    <li><a href="#dd628788-8530-453d-8746-feb5281fdd5f">test_modelos_tienen_algun_campo_relacion[many2one]</a></li>
                    
                    <li><a href="#d65956fd-7c08-41f9-a9ea-364273563c88">test_unknown_comodel_name</a></li>
                    
                </ul>
                </li>
                
                <li>test_minimal_requirements.TestRNF3
                <ul>
                    
                    <li><a href="#e48428a9-794c-4d54-9f83-87a80e2c06a6">test_modelos_tienen_vista[tree]</a></li>
                    
                    <li><a href="#d7d2cfa3-f0d1-4b4f-a2e6-75fbf2f677a3">test_modelos_tienen_vista[form]</a></li>
                    
                    <li><a href="#2bd78ec4-d3a4-42d6-9522-3723183eab86">test_formularios_tienen_vista_anidada_para_campos_X2many[one2many]</a></li>
                    
                    <li><a href="#bdf592e0-74e4-4516-9fef-9345d7c87422">test_formularios_tienen_vista_anidada_para_campos_X2many[many2many]</a></li>
                    
                </ul>
                </li>
                
                <li>test_minimal_requirements.TestRNF4
                <ul>
                    
                    <li><a href="#a16dcf9d-6aba-4a45-870e-d146ec32670c">test_vistas_en_ficheros_individuales</a></li>
                    
                </ul>
                </li>
                
                <li>test_minimal_requirements.TestRNF5
                <ul>
                    
                    <li><a href="#8281da8c-be87-4841-ae26-f0db7e4550fe">test_modelos_tienen_algun_posible_campo_imagen</a></li>
                    
                    <li><a href="#6e61c8de-2034-403f-8f40-a9ceb025a4d6">test_alguna_vista_tiene_campo_imagen</a></li>
                    
                </ul>
                </li>
                
                <li>test_minimal_requirements.TestRNF6
                <ul>
                    
                    <li><a href="#2cefa091-7f7a-4e2e-85d9-a255c7d44e8f">test_modelos_tienen_acciones</a></li>
                    
                    <li><a href="#0b3a0efb-b7d6-47f3-ac6d-2cc4ac9f7b73">test_hay_elementos_de_menu[.//menuitem[@action]]</a></li>
                    
                </ul>
                </li>
                
                <li>test_minimal_requirements.TestRNF7
                <ul>
                    
                    <li><a href="#1a658ee1-0490-45f5-be2f-ffc2628b8e4c">test_modelos_tienen_permisos</a></li>
                    
                </ul>
                </li>
                
                <li>test_minimal_requirements.TestRNF8
                <ul>
                    
                    <li><a href="#d706c45e-a8cc-40ba-9e22-20f01c3dfb60">test_app_tiene_icono</a></li>
                    
                </ul>
                </li>
                
                <li>test_minimal_requirements.TestRNF9
                <ul>
                    
                    <li><a href="#0a3f8c4d-b784-4667-bb94-b4b2769ef22a">test_modelos_tienen_datos_demo</a></li>
                    
                </ul>
                </li>
                
                <li>test_minimal_requirements.TestRNFGit
                <ul>
                    
                    <li><a href="#2f0bd3e7-c8d9-4b9d-9e55-34c505ab887d">test_git_commit_frecuentes</a></li>
                    
                </ul>
                </li>
                
                <li>test_minimal_requirements.TestRNFCalidad
                <ul>
                    
                    <li><a href="#cca3a97a-3792-47bf-82a7-d937163b6eff">test_odoo_disponible</a></li>
                    
                    <li><a href="#fc708c5b-aac7-47bf-80fd-7f60b1ec92d8">test_app_instalada</a></li>
                    
                    <li><a href="#c272e138-9032-4f67-b3f9-9f020968eaa0">test_otras_apps_entregadas_son_dependencias</a></li>
                    
                    <li><a href="#45ca866f-bd61-4a0c-85a6-95f6593ef45a">test_no_hay_elementos_xml_comentados</a></li>
                    
                    <li><a href="#fffaa35c-3371-4b92-90e7-b6c7ca0b7f3a">test_no_hay_codigo_python_comentado</a></li>
                    
                    <li><a href="#5c499fa4-286e-4e86-8562-2e1e2f1d8c9d">test_log_servidor_sin_errores</a></li>
                    
                </ul>
                </li>
                
                <li>test_minimal_requirements.TestOtros
                <ul>
                    
                    <li><a href="#a5c8111c-7fd8-44b0-b843-afb8c781a65d">test_log_sin_warnings</a>[s]</li>
                    
                </ul>
                </li>
                
                <li>test_minimal_requirements.TestRNFAdicionalesKanban
                <ul>
                    
                    <li><a href="#3d54035a-3fb3-403b-9642-103691de27b3">test_vista_kanban[/kanban]</a>[s]</li>
                    
                    <li><a href="#bf1213c9-72ac-4e2b-a42d-c650f70bd896">test_vista_kanban[/kanban[@default_group_by]]</a>[s]</li>
                    
                    <li><a href="#d7f081a6-f014-4ab2-b806-96d4d30cf2b1">test_vista_kanban_imagen[/img]</a>[s]</li>
                    
                    <li><a href="#e301c45b-5325-4c02-9eea-7f78594f3979">test_vista_kanban_imagen[/field[@preview_image]]</a>[s]</li>
                    
                    <li><a href="#a96e2484-2720-43f1-a098-4b7205a9aff5">test_vista_kanban_imagen[/field[@widget=&#34;image&#34;]]</a>[s]</li>
                    
                </ul>
                </li>
                
                <li>test_minimal_requirements.TestRNFAdicionalesBusqueda
                <ul>
                    
                    <li><a href="#0767187a-ba29-4239-918f-1eefd9edf912">test_vista_search[/search]</a>[s]</li>
                    
                    <li><a href="#a47d9fc4-6ff6-4082-bb6b-57aa2886f777">test_vista_search_compleja[/filter[@domain]]</a>[s]</li>
                    
                    <li><a href="#b34ea8aa-31d9-413c-b3be-1be06ebcd328">test_vista_search_compleja[/group//filter[@context]]</a>[s]</li>
                    
                </ul>
                </li>
                
                <li>test_minimal_requirements.TestRNFAdicionalesOtrasVistas
                <ul>
                    
                    <li><a href="#0c9bba3a-836a-4935-96ef-e22018fb66c2">test_otras_vistas_adicionales[activity]</a>[s]</li>
                    
                    <li><a href="#d5bf3ded-ca42-4160-b460-bb1eea9cfb4e">test_otras_vistas_adicionales[calendar]</a>[s]</li>
                    
                    <li><a href="#abc0f17a-a36a-45bd-9021-f90df3c6c09f">test_otras_vistas_adicionales[graph]</a>[s]</li>
                    
                    <li><a href="#3964e129-e548-42ec-963c-e7a5d16d8bca">test_otras_vistas_adicionales[pivot]</a>[s]</li>
                    
                </ul>
                </li>
                
                <li>test_minimal_requirements.TestRNFAdicionalesConstraints
                <ul>
                    
                    <li><a href="#71994b7d-a299-4e26-8e55-4de8e355a174">test_constraints_sql</a>[s]</li>
                    
                </ul>
                </li>
                
                <li>test_minimal_requirements.TestRNFAdicionalesSeguridadAvanzada
                <ul>
                    
                    <li><a href="#4eeef81c-4c2b-464d-b361-669d82bc2bb8">test_seguridad_con_grupos_propios</a>[s]</li>
                    
                </ul>
                </li>
                
                <li>test_minimal_requirements.TestRNFAdicionalesDatosAvanzados
                <ul>
                    
                    <li><a href="#40b2de8a-3e72-41d5-ba76-1cada223c481">test_datos_maestros_o_demo_avanzados[binary]</a>[s]</li>
                    
                    <li><a href="#0505c211-e3fa-438c-9508-394a7c32c890">test_datos_maestros_o_demo_avanzados[many2many]</a>[s]</li>
                    
                    <li><a href="#1025ad0d-3616-447a-9e3b-a3ea7f7daa93">test_datos_maestros_o_demo_avanzados[many2one]</a>[s]</li>
                    
                </ul>
                </li>
                
                <li>test_minimal_requirements.TestRNFAdicionalesHerenciaVistas
                <ul>
                    
                    <li><a href="#65a9d19e-7359-48e5-b7a3-7f545a21dc1d">test_herencia_en_vistas_con_position</a>[s]</li>
                    
                    <li><a href="#0d832b96-8d55-4be1-b04b-5fd7ec004e5d">test_herencia_en_vistas_con_inherit_id</a>[s]</li>
                    
                </ul>
                </li>
                
                <li>test_minimal_requirements.TestRNFAdicionalesHerenciaModelos
                <ul>
                    
                    <li><a href="#1aef8471-b107-4f9a-9e1f-a32d70ed0002">test_modelos_existentes_modificados_por_herencia</a>[s]</li>
                    
                    <li><a href="#15322e07-bb83-444a-af8a-192f743c01a7">test_nuevos_modelos_con_herencia</a>[s]</li>
                    
                </ul>
                </li>
                
                <li>test_minimal_requirements.TestRNFAdicionalesTraducciones
                <ul>
                    
                    <li><a href="#1b602853-94df-487e-8c37-1338234a86b2">test_i18n</a>[s]</li>
                    
                </ul>
                </li>
                
                <li>test_minimal_requirements.TestRNFAdicionalesInformes
                <ul>
                    
                    <li><a href="#dfeef596-92e1-4b57-9944-76bef07e3131">test_informes[report]</a>[s]</li>
                    
                    <li><a href="#16db549c-2f58-4272-a451-28d57689e13e">test_informes[template]</a>[s]</li>
                    
                    <li><a href="#c56a8805-e50e-4f15-96ac-b132847bc737">test_informes_complejos[/t[@t-foreach]]</a>[s]</li>
                    
                    <li><a href="#9595ff17-734f-47bc-97e3-140a6e3f776b">test_informes_complejos[/img[@t-att-src]]</a>[s]</li>
                    
                    <li><a href="#f155df17-cdd4-4ebc-95fc-3170f71d2f42">test_informes_complejos[/t[@t-call and not(@t-call=&#34;web.external_layout&#34; or @t-call=&#34;web.html_container&#34;)]]</a>[s]</li>
                    
                </ul>
                </li>
                
                <li>test_minimal_requirements.TestRNFAdicionalesChatter
                <ul>
                    
                    <li><a href="#f9ea7178-151b-4287-aafd-04d643c53034">test_chatter[mail_thread]</a>[s]</li>
                    
                    <li><a href="#87d858ca-1c2f-498b-b9d7-a44e98af92a2">test_chatter[mail_activity_mixin]</a>[s]</li>
                    
                    <li><a href="#5f2a680b-af87-4e7a-bcf8-4a4fcc819164">test_chatter_tracking</a>[s]</li>
                    
                    <li><a href="#625a1cc4-8100-4168-857c-7d1154e6f829">test_vista_chatter_div</a>[s]</li>
                    
                    <li><a href="#cb5c982f-7166-4e24-af09-a28b8f41a0f2">test_vista_chatter_fields[.//field[@name=&#34;message_follower_ids&#34;]]</a>[s]</li>
                    
                    <li><a href="#6fccad6a-c69b-48f0-8e99-0859721e307f">test_vista_chatter_fields[.//field[@name=&#34;activity_ids&#34;]]</a>[s]</li>
                    
                    <li><a href="#dcdc485e-f71a-4afe-9a4a-89b160acb5ee">test_vista_chatter_fields[.//field[@name=&#34;message_ids&#34;]]</a>[s]</li>
                    
                    <li><a href="#27556bd1-7ad7-4443-a870-2b5570362f96">test_vista_chatter_fields[.//field[@widget=&#34;mail_followers&#34;]]</a>[s]</li>
                    
                    <li><a href="#0e109c07-8710-4ee1-b239-7bb05cf973d3">test_vista_chatter_fields[.//field[@widget=&#34;mail_thread&#34;]]</a>[s]</li>
                    
                    <li><a href="#e3eba7f8-a996-4546-a50d-4201e8dc7d8c">test_vista_chatter_fields[.//field[@widget=&#34;mail_activity&#34;]]</a>[s]</li>
                    
                </ul>
                </li>
                
            
            </ul>
        </td>
        <td class="failure-index">
            <ul class="toc">
            
                
                    
                    
                    <li><a href="#e045c618-ee15-46d9-a662-c56a56e93cbe">[F] test_minimal_requirements.TestRNF1 : test_app_tiene_al_menos_4_modelos</a></li>
                    
                    
                    
                    <li><a href="#022e3ddb-bd21-47e0-9d95-df10eec3ed36">[F] test_minimal_requirements.TestRNF1 : test_modelos_en_ficheros_individuales</a></li>
                    
                    
                
                    
                    
                    <li><a href="#ada37c38-1d3b-4a7b-8ed5-4193ec2b9709">[F] test_minimal_requirements.TestRNF2 : test_relacion_many2many</a></li>
                    
                    
                    
                    <li><a href="#72985a9f-bdf6-4b72-b5a1-c24a002dd99f">[F] test_minimal_requirements.TestRNF2 : test_modelos_tienen_algun_campo_relacion[one2many]</a></li>
                    
                    
                    
                    <li><a href="#dd628788-8530-453d-8746-feb5281fdd5f">[F] test_minimal_requirements.TestRNF2 : test_modelos_tienen_algun_campo_relacion[many2one]</a></li>
                    
                    
                    
                    <li><a href="#d65956fd-7c08-41f9-a9ea-364273563c88">[F] test_minimal_requirements.TestRNF2 : test_unknown_comodel_name</a></li>
                    
                    
                
                    
                    
                    <li><a href="#e48428a9-794c-4d54-9f83-87a80e2c06a6">[F] test_minimal_requirements.TestRNF3 : test_modelos_tienen_vista[tree]</a></li>
                    
                    
                    
                    <li><a href="#d7d2cfa3-f0d1-4b4f-a2e6-75fbf2f677a3">[F] test_minimal_requirements.TestRNF3 : test_modelos_tienen_vista[form]</a></li>
                    
                    
                    
                    <li><a href="#2bd78ec4-d3a4-42d6-9522-3723183eab86">[F] test_minimal_requirements.TestRNF3 : test_formularios_tienen_vista_anidada_para_campos_X2many[one2many]</a></li>
                    
                    
                    
                    <li><a href="#bdf592e0-74e4-4516-9fef-9345d7c87422">[F] test_minimal_requirements.TestRNF3 : test_formularios_tienen_vista_anidada_para_campos_X2many[many2many]</a></li>
                    
                    
                
                    
                    
                    <li><a href="#a16dcf9d-6aba-4a45-870e-d146ec32670c">[F] test_minimal_requirements.TestRNF4 : test_vistas_en_ficheros_individuales</a></li>
                    
                    
                
                    
                    
                    <li><a href="#8281da8c-be87-4841-ae26-f0db7e4550fe">[F] test_minimal_requirements.TestRNF5 : test_modelos_tienen_algun_posible_campo_imagen</a></li>
                    
                    
                    
                    <li><a href="#6e61c8de-2034-403f-8f40-a9ceb025a4d6">[F] test_minimal_requirements.TestRNF5 : test_alguna_vista_tiene_campo_imagen</a></li>
                    
                    
                
                    
                    
                    <li><a href="#2cefa091-7f7a-4e2e-85d9-a255c7d44e8f">[F] test_minimal_requirements.TestRNF6 : test_modelos_tienen_acciones</a></li>
                    
                    
                    
                    <li><a href="#0b3a0efb-b7d6-47f3-ac6d-2cc4ac9f7b73">[F] test_minimal_requirements.TestRNF6 : test_hay_elementos_de_menu[.//menuitem[@action]]</a></li>
                    
                    
                
                    
                    
                    <li><a href="#1a658ee1-0490-45f5-be2f-ffc2628b8e4c">[F] test_minimal_requirements.TestRNF7 : test_modelos_tienen_permisos</a></li>
                    
                    
                
                    
                    
                    <li><a href="#d706c45e-a8cc-40ba-9e22-20f01c3dfb60">[F] test_minimal_requirements.TestRNF8 : test_app_tiene_icono</a></li>
                    
                    
                
                    
                    
                    <li><a href="#0a3f8c4d-b784-4667-bb94-b4b2769ef22a">[F] test_minimal_requirements.TestRNF9 : test_modelos_tienen_datos_demo</a></li>
                    
                    
                
                    
                    
                    <li><a href="#2f0bd3e7-c8d9-4b9d-9e55-34c505ab887d">[F] test_minimal_requirements.TestRNFGit : test_git_commit_frecuentes</a></li>
                    
                    
                
                    
                    
                    <li><a href="#cca3a97a-3792-47bf-82a7-d937163b6eff">[F] test_minimal_requirements.TestRNFCalidad : test_odoo_disponible</a></li>
                    
                    
                    
                    <li><a href="#fc708c5b-aac7-47bf-80fd-7f60b1ec92d8">[F] test_minimal_requirements.TestRNFCalidad : test_app_instalada</a></li>
                    
                    
                    
                    <li><a href="#c272e138-9032-4f67-b3f9-9f020968eaa0">[F] test_minimal_requirements.TestRNFCalidad : test_otras_apps_entregadas_son_dependencias</a></li>
                    
                    
                    
                    <li><a href="#45ca866f-bd61-4a0c-85a6-95f6593ef45a">[F] test_minimal_requirements.TestRNFCalidad : test_no_hay_elementos_xml_comentados</a></li>
                    
                    
                    
                    <li><a href="#fffaa35c-3371-4b92-90e7-b6c7ca0b7f3a">[F] test_minimal_requirements.TestRNFCalidad : test_no_hay_codigo_python_comentado</a></li>
                    
                    
                    
                    <li><a href="#5c499fa4-286e-4e86-8562-2e1e2f1d8c9d">[F] test_minimal_requirements.TestRNFCalidad : test_log_servidor_sin_errores</a></li>
                    
                    
                
                    
                    
                    
                
                    
                    
                    
                    
                    
                    
                    
                    
                    
                    
                    
                
                    
                    
                    
                    
                    
                    
                    
                
                    
                    
                    
                    
                    
                    
                    
                    
                    
                
                    
                    
                    
                
                    
                    
                    
                
                    
                    
                    
                    
                    
                    
                    
                
                    
                    
                    
                    
                    
                
                    
                    
                    
                    
                    
                
                    
                    
                    
                
                    
                    
                    
                    
                    
                    
                    
                    
                    
                    
                    
                
                    
                    
                    
                    
                    
                    
                    
                    
                    
                    
                    
                    
                    
                    
                    
                    
                    
                    
                    
                    
                    
                
            
            </ul>
        </td>
    </tr>
</table>


    <div class="testsuite">
        <h2>Test Suite: pytest</h2>
        <a id="1b7f6369-67dc-4e27-95ac-579bb24cf72d"></a>
        
        
        <h3>Results</h3>
        <table class="proplist">
            <tr>
                <th>Duration</th><td>9.804 sec</td>
            </tr>
            <tr>
                <th>Tests</th><td>63</td>
            </tr>
            <tr>
                <th>Failures</th><td>25</td>
            </tr>
        </table>

        <div class="testclasses">
            <h3>Tests</h3>
            
            <div class="testclass">
                <h4>test_minimal_requirements.TestRNF1</h4>
                <div class="testcases">
                
                    <div class="test outcome outcome-failed">
                        <a id="e045c618-ee15-46d9-a662-c56a56e93cbe"></a>
                        <table class="proplist">
                            <tr><th>Test case:</th><td><b>test_app_tiene_al_menos_4_modelos</b></td></tr>
                            <tr><th>Outcome:</th><td>Failed</td></tr>
                            <tr><th>Duration:</th><td>0.532 sec</td></tr>
                        
                            <tr><th>Failed</th><td>failed on setup with &#34;Exception: Command docker compose -f &#34;/home/ubuntu/SGE-tester-B/projects/docker-compose.yml&#34; -p &#34;pytest16577&#34; up --build -d returned 1: &#34;&#34;&#34;time=&#34;2026-01-13T13:06:26Z&#34; level=warning msg=&#34;/home/ubuntu/SGE-tester-B/projects/docker-compose.yml: the attribute `version` is obsolete, it will be ignored, please remove it to avoid potential confusion&#34;
 Network pytest16577_default  Creating
 Network pytest16577_default  Created
 Container pytest16577-db-1  Creating
 Container pytest16577-db-1  Created
 Container pytest16577-odoo-1  Creating
 Container pytest16577-odoo-1  Created
 Container pytest16577-db-1  Starting
Error response from daemon: failed to set up container networking: driver failed programming external connectivity on endpoint pytest16577-db-1 (0f540590d1d9bfe39925743794abcb795ef9ae9d258cc610cb1dabc52bbcebd8): Bind for 0.0.0.0:5432 failed: port is already allocated
&#34;&#34;&#34;.&#34;</td></tr>
                        
                        
                        </table>

                        
                        <pre>docker_compose_command = &#39;docker compose&#39;
docker_compose_file = &#39;/home/ubuntu/SGE-tester-B/projects/docker-compose.yml&#39;
docker_compose_project_name = &#39;pytest16577&#39;, docker_setup = [&#39;up --build -d&#39;]
docker_cleanup = [&#39;down -v&#39;]

    @pytest.fixture(scope=containers_scope)
    def docker_services(
        docker_compose_command: str,
        docker_compose_file: Union[List[str], str],
        docker_compose_project_name: str,
        docker_setup: str,
        docker_cleanup: str,
    ) -&gt; Iterator[Services]:
        &#34;&#34;&#34;Start all services from a docker compose file (`docker-compose up`).
        After test are finished, shutdown all services (`docker-compose down`).&#34;&#34;&#34;
    
&gt;       with get_docker_services(
            docker_compose_command,
            docker_compose_file,
            docker_compose_project_name,
            docker_setup,
            docker_cleanup,
        ) as docker_service:

.venv/lib/python3.12/site-packages/pytest_docker/plugin.py:238: 
_ _ _ _ _ _ _ _ _ _ _ _ _ _ _ _ _ _ _ _ _ _ _ _ _ _ _ _ _ _ _ _ _ _ _ _ _ _ _ _ 
/usr/lib/python3.12/contextlib.py:137: in __enter__
    return next(self.gen)
.venv/lib/python3.12/site-packages/pytest_docker/plugin.py:212: in get_docker_services
    docker_compose.execute(command)
.venv/lib/python3.12/site-packages/pytest_docker/plugin.py:140: in execute
    return execute(command)
_ _ _ _ _ _ _ _ _ _ _ _ _ _ _ _ _ _ _ _ _ _ _ _ _ _ _ _ _ _ _ _ _ _ _ _ _ _ _ _ 

command = &#39;docker compose -f &#34;/home/ubuntu/SGE-tester-B/projects/docker-compose.yml&#34; -p &#34;pytest16577&#34; up --build -d&#39;
success_codes = (0,)

    def execute(command: str, success_codes: Iterable[int] = (0,)) -&gt; Union[bytes, Any]:
        &#34;&#34;&#34;Run a shell command.&#34;&#34;&#34;
        try:
            output = subprocess.check_output(command, stderr=subprocess.STDOUT, shell=True)
            status = 0
        except subprocess.CalledProcessError as error:
            output = error.output or b&#34;&#34;
            status = error.returncode
            command = error.cmd
    
        if status not in success_codes:
&gt;           raise Exception(
                &#39;Command {} returned {}: &#34;&#34;&#34;{}&#34;&#34;&#34;.&#39;.format(command, status, output.decode(&#34;utf-8&#34;))
            )
E           Exception: Command docker compose -f &#34;/home/ubuntu/SGE-tester-B/projects/docker-compose.yml&#34; -p &#34;pytest16577&#34; up --build -d returned 1: &#34;&#34;&#34;time=&#34;2026-01-13T13:06:26Z&#34; level=warning msg=&#34;/home/ubuntu/SGE-tester-B/projects/docker-compose.yml: the attribute `version` is obsolete, it will be ignored, please remove it to avoid potential confusion&#34;
E            Network pytest16577_default  Creating
E            Network pytest16577_default  Created
E            Container pytest16577-db-1  Creating
E            Container pytest16577-db-1  Created
E            Container pytest16577-odoo-1  Creating
E            Container pytest16577-odoo-1  Created
E            Container pytest16577-db-1  Starting
E           Error response from daemon: failed to set up container networking: driver failed programming external connectivity on endpoint pytest16577-db-1 (0f540590d1d9bfe39925743794abcb795ef9ae9d258cc610cb1dabc52bbcebd8): Bind for 0.0.0.0:5432 failed: port is already allocated
E           &#34;&#34;&#34;.

.venv/lib/python3.12/site-packages/pytest_docker/plugin.py:35: Exception</pre>
                        
                        

                        
                        
                        
                    </div>
                
                    <div class="test outcome outcome-failed">
                        <a id="022e3ddb-bd21-47e0-9d95-df10eec3ed36"></a>
                        <table class="proplist">
                            <tr><th>Test case:</th><td><b>test_modelos_en_ficheros_individuales</b></td></tr>
                            <tr><th>Outcome:</th><td>Failed</td></tr>
                            <tr><th>Duration:</th><td>0.001 sec</td></tr>
                        
                            <tr><th>Failed</th><td>failed on setup with &#34;Exception: Command docker compose -f &#34;/home/ubuntu/SGE-tester-B/projects/docker-compose.yml&#34; -p &#34;pytest16577&#34; up --build -d returned 1: &#34;&#34;&#34;time=&#34;2026-01-13T13:06:26Z&#34; level=warning msg=&#34;/home/ubuntu/SGE-tester-B/projects/docker-compose.yml: the attribute `version` is obsolete, it will be ignored, please remove it to avoid potential confusion&#34;
 Network pytest16577_default  Creating
 Network pytest16577_default  Created
 Container pytest16577-db-1  Creating
 Container pytest16577-db-1  Created
 Container pytest16577-odoo-1  Creating
 Container pytest16577-odoo-1  Created
 Container pytest16577-db-1  Starting
Error response from daemon: failed to set up container networking: driver failed programming external connectivity on endpoint pytest16577-db-1 (0f540590d1d9bfe39925743794abcb795ef9ae9d258cc610cb1dabc52bbcebd8): Bind for 0.0.0.0:5432 failed: port is already allocated
&#34;&#34;&#34;.&#34;</td></tr>
                        
                        
                        </table>

                        
                        <pre>docker_compose_command = &#39;docker compose&#39;
docker_compose_file = &#39;/home/ubuntu/SGE-tester-B/projects/docker-compose.yml&#39;
docker_compose_project_name = &#39;pytest16577&#39;, docker_setup = [&#39;up --build -d&#39;]
docker_cleanup = [&#39;down -v&#39;]

    @pytest.fixture(scope=containers_scope)
    def docker_services(
        docker_compose_command: str,
        docker_compose_file: Union[List[str], str],
        docker_compose_project_name: str,
        docker_setup: str,
        docker_cleanup: str,
    ) -&gt; Iterator[Services]:
        &#34;&#34;&#34;Start all services from a docker compose file (`docker-compose up`).
        After test are finished, shutdown all services (`docker-compose down`).&#34;&#34;&#34;
    
&gt;       with get_docker_services(
            docker_compose_command,
            docker_compose_file,
            docker_compose_project_name,
            docker_setup,
            docker_cleanup,
        ) as docker_service:

.venv/lib/python3.12/site-packages/pytest_docker/plugin.py:238: 
_ _ _ _ _ _ _ _ _ _ _ _ _ _ _ _ _ _ _ _ _ _ _ _ _ _ _ _ _ _ _ _ _ _ _ _ _ _ _ _ 
/usr/lib/python3.12/contextlib.py:137: in __enter__
    return next(self.gen)
.venv/lib/python3.12/site-packages/pytest_docker/plugin.py:212: in get_docker_services
    docker_compose.execute(command)
.venv/lib/python3.12/site-packages/pytest_docker/plugin.py:140: in execute
    return execute(command)
_ _ _ _ _ _ _ _ _ _ _ _ _ _ _ _ _ _ _ _ _ _ _ _ _ _ _ _ _ _ _ _ _ _ _ _ _ _ _ _ 

command = &#39;docker compose -f &#34;/home/ubuntu/SGE-tester-B/projects/docker-compose.yml&#34; -p &#34;pytest16577&#34; up --build -d&#39;
success_codes = (0,)

    def execute(command: str, success_codes: Iterable[int] = (0,)) -&gt; Union[bytes, Any]:
        &#34;&#34;&#34;Run a shell command.&#34;&#34;&#34;
        try:
            output = subprocess.check_output(command, stderr=subprocess.STDOUT, shell=True)
            status = 0
        except subprocess.CalledProcessError as error:
            output = error.output or b&#34;&#34;
            status = error.returncode
            command = error.cmd
    
        if status not in success_codes:
&gt;           raise Exception(
                &#39;Command {} returned {}: &#34;&#34;&#34;{}&#34;&#34;&#34;.&#39;.format(command, status, output.decode(&#34;utf-8&#34;))
            )
E           Exception: Command docker compose -f &#34;/home/ubuntu/SGE-tester-B/projects/docker-compose.yml&#34; -p &#34;pytest16577&#34; up --build -d returned 1: &#34;&#34;&#34;time=&#34;2026-01-13T13:06:26Z&#34; level=warning msg=&#34;/home/ubuntu/SGE-tester-B/projects/docker-compose.yml: the attribute `version` is obsolete, it will be ignored, please remove it to avoid potential confusion&#34;
E            Network pytest16577_default  Creating
E            Network pytest16577_default  Created
E            Container pytest16577-db-1  Creating
E            Container pytest16577-db-1  Created
E            Container pytest16577-odoo-1  Creating
E            Container pytest16577-odoo-1  Created
E            Container pytest16577-db-1  Starting
E           Error response from daemon: failed to set up container networking: driver failed programming external connectivity on endpoint pytest16577-db-1 (0f540590d1d9bfe39925743794abcb795ef9ae9d258cc610cb1dabc52bbcebd8): Bind for 0.0.0.0:5432 failed: port is already allocated
E           &#34;&#34;&#34;.

.venv/lib/python3.12/site-packages/pytest_docker/plugin.py:35: Exception</pre>
                        
                        

                        
                        
                        
                    </div>
                
                </div>
            </div>
            
            <div class="testclass">
                <h4>test_minimal_requirements.TestRNF2</h4>
                <div class="testcases">
                
                    <div class="test outcome outcome-failed">
                        <a id="ada37c38-1d3b-4a7b-8ed5-4193ec2b9709"></a>
                        <table class="proplist">
                            <tr><th>Test case:</th><td><b>test_relacion_many2many</b></td></tr>
                            <tr><th>Outcome:</th><td>Failed</td></tr>
                            <tr><th>Duration:</th><td>0.001 sec</td></tr>
                        
                            <tr><th>Failed</th><td>failed on setup with &#34;Exception: Command docker compose -f &#34;/home/ubuntu/SGE-tester-B/projects/docker-compose.yml&#34; -p &#34;pytest16577&#34; up --build -d returned 1: &#34;&#34;&#34;time=&#34;2026-01-13T13:06:26Z&#34; level=warning msg=&#34;/home/ubuntu/SGE-tester-B/projects/docker-compose.yml: the attribute `version` is obsolete, it will be ignored, please remove it to avoid potential confusion&#34;
 Network pytest16577_default  Creating
 Network pytest16577_default  Created
 Container pytest16577-db-1  Creating
 Container pytest16577-db-1  Created
 Container pytest16577-odoo-1  Creating
 Container pytest16577-odoo-1  Created
 Container pytest16577-db-1  Starting
Error response from daemon: failed to set up container networking: driver failed programming external connectivity on endpoint pytest16577-db-1 (0f540590d1d9bfe39925743794abcb795ef9ae9d258cc610cb1dabc52bbcebd8): Bind for 0.0.0.0:5432 failed: port is already allocated
&#34;&#34;&#34;.&#34;</td></tr>
                        
                        
                        </table>

                        
                        <pre>docker_compose_command = &#39;docker compose&#39;
docker_compose_file = &#39;/home/ubuntu/SGE-tester-B/projects/docker-compose.yml&#39;
docker_compose_project_name = &#39;pytest16577&#39;, docker_setup = [&#39;up --build -d&#39;]
docker_cleanup = [&#39;down -v&#39;]

    @pytest.fixture(scope=containers_scope)
    def docker_services(
        docker_compose_command: str,
        docker_compose_file: Union[List[str], str],
        docker_compose_project_name: str,
        docker_setup: str,
        docker_cleanup: str,
    ) -&gt; Iterator[Services]:
        &#34;&#34;&#34;Start all services from a docker compose file (`docker-compose up`).
        After test are finished, shutdown all services (`docker-compose down`).&#34;&#34;&#34;
    
&gt;       with get_docker_services(
            docker_compose_command,
            docker_compose_file,
            docker_compose_project_name,
            docker_setup,
            docker_cleanup,
        ) as docker_service:

.venv/lib/python3.12/site-packages/pytest_docker/plugin.py:238: 
_ _ _ _ _ _ _ _ _ _ _ _ _ _ _ _ _ _ _ _ _ _ _ _ _ _ _ _ _ _ _ _ _ _ _ _ _ _ _ _ 
/usr/lib/python3.12/contextlib.py:137: in __enter__
    return next(self.gen)
.venv/lib/python3.12/site-packages/pytest_docker/plugin.py:212: in get_docker_services
    docker_compose.execute(command)
.venv/lib/python3.12/site-packages/pytest_docker/plugin.py:140: in execute
    return execute(command)
_ _ _ _ _ _ _ _ _ _ _ _ _ _ _ _ _ _ _ _ _ _ _ _ _ _ _ _ _ _ _ _ _ _ _ _ _ _ _ _ 

command = &#39;docker compose -f &#34;/home/ubuntu/SGE-tester-B/projects/docker-compose.yml&#34; -p &#34;pytest16577&#34; up --build -d&#39;
success_codes = (0,)

    def execute(command: str, success_codes: Iterable[int] = (0,)) -&gt; Union[bytes, Any]:
        &#34;&#34;&#34;Run a shell command.&#34;&#34;&#34;
        try:
            output = subprocess.check_output(command, stderr=subprocess.STDOUT, shell=True)
            status = 0
        except subprocess.CalledProcessError as error:
            output = error.output or b&#34;&#34;
            status = error.returncode
            command = error.cmd
    
        if status not in success_codes:
&gt;           raise Exception(
                &#39;Command {} returned {}: &#34;&#34;&#34;{}&#34;&#34;&#34;.&#39;.format(command, status, output.decode(&#34;utf-8&#34;))
            )
E           Exception: Command docker compose -f &#34;/home/ubuntu/SGE-tester-B/projects/docker-compose.yml&#34; -p &#34;pytest16577&#34; up --build -d returned 1: &#34;&#34;&#34;time=&#34;2026-01-13T13:06:26Z&#34; level=warning msg=&#34;/home/ubuntu/SGE-tester-B/projects/docker-compose.yml: the attribute `version` is obsolete, it will be ignored, please remove it to avoid potential confusion&#34;
E            Network pytest16577_default  Creating
E            Network pytest16577_default  Created
E            Container pytest16577-db-1  Creating
E            Container pytest16577-db-1  Created
E            Container pytest16577-odoo-1  Creating
E            Container pytest16577-odoo-1  Created
E            Container pytest16577-db-1  Starting
E           Error response from daemon: failed to set up container networking: driver failed programming external connectivity on endpoint pytest16577-db-1 (0f540590d1d9bfe39925743794abcb795ef9ae9d258cc610cb1dabc52bbcebd8): Bind for 0.0.0.0:5432 failed: port is already allocated
E           &#34;&#34;&#34;.

.venv/lib/python3.12/site-packages/pytest_docker/plugin.py:35: Exception</pre>
                        
                        

                        
                        
                        
                    </div>
                
                    <div class="test outcome outcome-failed">
                        <a id="72985a9f-bdf6-4b72-b5a1-c24a002dd99f"></a>
                        <table class="proplist">
                            <tr><th>Test case:</th><td><b>test_modelos_tienen_algun_campo_relacion[one2many]</b></td></tr>
                            <tr><th>Outcome:</th><td>Failed</td></tr>
                            <tr><th>Duration:</th><td>0.001 sec</td></tr>
                        
                            <tr><th>Failed</th><td>failed on setup with &#34;Exception: Command docker compose -f &#34;/home/ubuntu/SGE-tester-B/projects/docker-compose.yml&#34; -p &#34;pytest16577&#34; up --build -d returned 1: &#34;&#34;&#34;time=&#34;2026-01-13T13:06:26Z&#34; level=warning msg=&#34;/home/ubuntu/SGE-tester-B/projects/docker-compose.yml: the attribute `version` is obsolete, it will be ignored, please remove it to avoid potential confusion&#34;
 Network pytest16577_default  Creating
 Network pytest16577_default  Created
 Container pytest16577-db-1  Creating
 Container pytest16577-db-1  Created
 Container pytest16577-odoo-1  Creating
 Container pytest16577-odoo-1  Created
 Container pytest16577-db-1  Starting
Error response from daemon: failed to set up container networking: driver failed programming external connectivity on endpoint pytest16577-db-1 (0f540590d1d9bfe39925743794abcb795ef9ae9d258cc610cb1dabc52bbcebd8): Bind for 0.0.0.0:5432 failed: port is already allocated
&#34;&#34;&#34;.&#34;</td></tr>
                        
                        
                        </table>

                        
                        <pre>docker_compose_command = &#39;docker compose&#39;
docker_compose_file = &#39;/home/ubuntu/SGE-tester-B/projects/docker-compose.yml&#39;
docker_compose_project_name = &#39;pytest16577&#39;, docker_setup = [&#39;up --build -d&#39;]
docker_cleanup = [&#39;down -v&#39;]

    @pytest.fixture(scope=containers_scope)
    def docker_services(
        docker_compose_command: str,
        docker_compose_file: Union[List[str], str],
        docker_compose_project_name: str,
        docker_setup: str,
        docker_cleanup: str,
    ) -&gt; Iterator[Services]:
        &#34;&#34;&#34;Start all services from a docker compose file (`docker-compose up`).
        After test are finished, shutdown all services (`docker-compose down`).&#34;&#34;&#34;
    
&gt;       with get_docker_services(
            docker_compose_command,
            docker_compose_file,
            docker_compose_project_name,
            docker_setup,
            docker_cleanup,
        ) as docker_service:

.venv/lib/python3.12/site-packages/pytest_docker/plugin.py:238: 
_ _ _ _ _ _ _ _ _ _ _ _ _ _ _ _ _ _ _ _ _ _ _ _ _ _ _ _ _ _ _ _ _ _ _ _ _ _ _ _ 
/usr/lib/python3.12/contextlib.py:137: in __enter__
    return next(self.gen)
.venv/lib/python3.12/site-packages/pytest_docker/plugin.py:212: in get_docker_services
    docker_compose.execute(command)
.venv/lib/python3.12/site-packages/pytest_docker/plugin.py:140: in execute
    return execute(command)
_ _ _ _ _ _ _ _ _ _ _ _ _ _ _ _ _ _ _ _ _ _ _ _ _ _ _ _ _ _ _ _ _ _ _ _ _ _ _ _ 

command = &#39;docker compose -f &#34;/home/ubuntu/SGE-tester-B/projects/docker-compose.yml&#34; -p &#34;pytest16577&#34; up --build -d&#39;
success_codes = (0,)

    def execute(command: str, success_codes: Iterable[int] = (0,)) -&gt; Union[bytes, Any]:
        &#34;&#34;&#34;Run a shell command.&#34;&#34;&#34;
        try:
            output = subprocess.check_output(command, stderr=subprocess.STDOUT, shell=True)
            status = 0
        except subprocess.CalledProcessError as error:
            output = error.output or b&#34;&#34;
            status = error.returncode
            command = error.cmd
    
        if status not in success_codes:
&gt;           raise Exception(
                &#39;Command {} returned {}: &#34;&#34;&#34;{}&#34;&#34;&#34;.&#39;.format(command, status, output.decode(&#34;utf-8&#34;))
            )
E           Exception: Command docker compose -f &#34;/home/ubuntu/SGE-tester-B/projects/docker-compose.yml&#34; -p &#34;pytest16577&#34; up --build -d returned 1: &#34;&#34;&#34;time=&#34;2026-01-13T13:06:26Z&#34; level=warning msg=&#34;/home/ubuntu/SGE-tester-B/projects/docker-compose.yml: the attribute `version` is obsolete, it will be ignored, please remove it to avoid potential confusion&#34;
E            Network pytest16577_default  Creating
E            Network pytest16577_default  Created
E            Container pytest16577-db-1  Creating
E            Container pytest16577-db-1  Created
E            Container pytest16577-odoo-1  Creating
E            Container pytest16577-odoo-1  Created
E            Container pytest16577-db-1  Starting
E           Error response from daemon: failed to set up container networking: driver failed programming external connectivity on endpoint pytest16577-db-1 (0f540590d1d9bfe39925743794abcb795ef9ae9d258cc610cb1dabc52bbcebd8): Bind for 0.0.0.0:5432 failed: port is already allocated
E           &#34;&#34;&#34;.

.venv/lib/python3.12/site-packages/pytest_docker/plugin.py:35: Exception</pre>
                        
                        

                        
                        
                        
                    </div>
                
                    <div class="test outcome outcome-failed">
                        <a id="dd628788-8530-453d-8746-feb5281fdd5f"></a>
                        <table class="proplist">
                            <tr><th>Test case:</th><td><b>test_modelos_tienen_algun_campo_relacion[many2one]</b></td></tr>
                            <tr><th>Outcome:</th><td>Failed</td></tr>
                            <tr><th>Duration:</th><td>0.0 sec</td></tr>
                        
                            <tr><th>Failed</th><td>failed on setup with &#34;Exception: Command docker compose -f &#34;/home/ubuntu/SGE-tester-B/projects/docker-compose.yml&#34; -p &#34;pytest16577&#34; up --build -d returned 1: &#34;&#34;&#34;time=&#34;2026-01-13T13:06:26Z&#34; level=warning msg=&#34;/home/ubuntu/SGE-tester-B/projects/docker-compose.yml: the attribute `version` is obsolete, it will be ignored, please remove it to avoid potential confusion&#34;
 Network pytest16577_default  Creating
 Network pytest16577_default  Created
 Container pytest16577-db-1  Creating
 Container pytest16577-db-1  Created
 Container pytest16577-odoo-1  Creating
 Container pytest16577-odoo-1  Created
 Container pytest16577-db-1  Starting
Error response from daemon: failed to set up container networking: driver failed programming external connectivity on endpoint pytest16577-db-1 (0f540590d1d9bfe39925743794abcb795ef9ae9d258cc610cb1dabc52bbcebd8): Bind for 0.0.0.0:5432 failed: port is already allocated
&#34;&#34;&#34;.&#34;</td></tr>
                        
                        
                        </table>

                        
                        <pre>docker_compose_command = &#39;docker compose&#39;
docker_compose_file = &#39;/home/ubuntu/SGE-tester-B/projects/docker-compose.yml&#39;
docker_compose_project_name = &#39;pytest16577&#39;, docker_setup = [&#39;up --build -d&#39;]
docker_cleanup = [&#39;down -v&#39;]

    @pytest.fixture(scope=containers_scope)
    def docker_services(
        docker_compose_command: str,
        docker_compose_file: Union[List[str], str],
        docker_compose_project_name: str,
        docker_setup: str,
        docker_cleanup: str,
    ) -&gt; Iterator[Services]:
        &#34;&#34;&#34;Start all services from a docker compose file (`docker-compose up`).
        After test are finished, shutdown all services (`docker-compose down`).&#34;&#34;&#34;
    
&gt;       with get_docker_services(
            docker_compose_command,
            docker_compose_file,
            docker_compose_project_name,
            docker_setup,
            docker_cleanup,
        ) as docker_service:

.venv/lib/python3.12/site-packages/pytest_docker/plugin.py:238: 
_ _ _ _ _ _ _ _ _ _ _ _ _ _ _ _ _ _ _ _ _ _ _ _ _ _ _ _ _ _ _ _ _ _ _ _ _ _ _ _ 
/usr/lib/python3.12/contextlib.py:137: in __enter__
    return next(self.gen)
.venv/lib/python3.12/site-packages/pytest_docker/plugin.py:212: in get_docker_services
    docker_compose.execute(command)
.venv/lib/python3.12/site-packages/pytest_docker/plugin.py:140: in execute
    return execute(command)
_ _ _ _ _ _ _ _ _ _ _ _ _ _ _ _ _ _ _ _ _ _ _ _ _ _ _ _ _ _ _ _ _ _ _ _ _ _ _ _ 

command = &#39;docker compose -f &#34;/home/ubuntu/SGE-tester-B/projects/docker-compose.yml&#34; -p &#34;pytest16577&#34; up --build -d&#39;
success_codes = (0,)

    def execute(command: str, success_codes: Iterable[int] = (0,)) -&gt; Union[bytes, Any]:
        &#34;&#34;&#34;Run a shell command.&#34;&#34;&#34;
        try:
            output = subprocess.check_output(command, stderr=subprocess.STDOUT, shell=True)
            status = 0
        except subprocess.CalledProcessError as error:
            output = error.output or b&#34;&#34;
            status = error.returncode
            command = error.cmd
    
        if status not in success_codes:
&gt;           raise Exception(
                &#39;Command {} returned {}: &#34;&#34;&#34;{}&#34;&#34;&#34;.&#39;.format(command, status, output.decode(&#34;utf-8&#34;))
            )
E           Exception: Command docker compose -f &#34;/home/ubuntu/SGE-tester-B/projects/docker-compose.yml&#34; -p &#34;pytest16577&#34; up --build -d returned 1: &#34;&#34;&#34;time=&#34;2026-01-13T13:06:26Z&#34; level=warning msg=&#34;/home/ubuntu/SGE-tester-B/projects/docker-compose.yml: the attribute `version` is obsolete, it will be ignored, please remove it to avoid potential confusion&#34;
E            Network pytest16577_default  Creating
E            Network pytest16577_default  Created
E            Container pytest16577-db-1  Creating
E            Container pytest16577-db-1  Created
E            Container pytest16577-odoo-1  Creating
E            Container pytest16577-odoo-1  Created
E            Container pytest16577-db-1  Starting
E           Error response from daemon: failed to set up container networking: driver failed programming external connectivity on endpoint pytest16577-db-1 (0f540590d1d9bfe39925743794abcb795ef9ae9d258cc610cb1dabc52bbcebd8): Bind for 0.0.0.0:5432 failed: port is already allocated
E           &#34;&#34;&#34;.

.venv/lib/python3.12/site-packages/pytest_docker/plugin.py:35: Exception</pre>
                        
                        

                        
                        
                        
                    </div>
                
                    <div class="test outcome outcome-failed">
                        <a id="d65956fd-7c08-41f9-a9ea-364273563c88"></a>
                        <table class="proplist">
                            <tr><th>Test case:</th><td><b>test_unknown_comodel_name</b></td></tr>
                            <tr><th>Outcome:</th><td>Failed</td></tr>
                            <tr><th>Duration:</th><td>0.0 sec</td></tr>
                        
                            <tr><th>Failed</th><td>failed on setup with &#34;Exception: Command docker compose -f &#34;/home/ubuntu/SGE-tester-B/projects/docker-compose.yml&#34; -p &#34;pytest16577&#34; up --build -d returned 1: &#34;&#34;&#34;time=&#34;2026-01-13T13:06:26Z&#34; level=warning msg=&#34;/home/ubuntu/SGE-tester-B/projects/docker-compose.yml: the attribute `version` is obsolete, it will be ignored, please remove it to avoid potential confusion&#34;
 Network pytest16577_default  Creating
 Network pytest16577_default  Created
 Container pytest16577-db-1  Creating
 Container pytest16577-db-1  Created
 Container pytest16577-odoo-1  Creating
 Container pytest16577-odoo-1  Created
 Container pytest16577-db-1  Starting
Error response from daemon: failed to set up container networking: driver failed programming external connectivity on endpoint pytest16577-db-1 (0f540590d1d9bfe39925743794abcb795ef9ae9d258cc610cb1dabc52bbcebd8): Bind for 0.0.0.0:5432 failed: port is already allocated
&#34;&#34;&#34;.&#34;</td></tr>
                        
                        
                        </table>

                        
                        <pre>docker_compose_command = &#39;docker compose&#39;
docker_compose_file = &#39;/home/ubuntu/SGE-tester-B/projects/docker-compose.yml&#39;
docker_compose_project_name = &#39;pytest16577&#39;, docker_setup = [&#39;up --build -d&#39;]
docker_cleanup = [&#39;down -v&#39;]

    @pytest.fixture(scope=containers_scope)
    def docker_services(
        docker_compose_command: str,
        docker_compose_file: Union[List[str], str],
        docker_compose_project_name: str,
        docker_setup: str,
        docker_cleanup: str,
    ) -&gt; Iterator[Services]:
        &#34;&#34;&#34;Start all services from a docker compose file (`docker-compose up`).
        After test are finished, shutdown all services (`docker-compose down`).&#34;&#34;&#34;
    
&gt;       with get_docker_services(
            docker_compose_command,
            docker_compose_file,
            docker_compose_project_name,
            docker_setup,
            docker_cleanup,
        ) as docker_service:

.venv/lib/python3.12/site-packages/pytest_docker/plugin.py:238: 
_ _ _ _ _ _ _ _ _ _ _ _ _ _ _ _ _ _ _ _ _ _ _ _ _ _ _ _ _ _ _ _ _ _ _ _ _ _ _ _ 
/usr/lib/python3.12/contextlib.py:137: in __enter__
    return next(self.gen)
.venv/lib/python3.12/site-packages/pytest_docker/plugin.py:212: in get_docker_services
    docker_compose.execute(command)
.venv/lib/python3.12/site-packages/pytest_docker/plugin.py:140: in execute
    return execute(command)
_ _ _ _ _ _ _ _ _ _ _ _ _ _ _ _ _ _ _ _ _ _ _ _ _ _ _ _ _ _ _ _ _ _ _ _ _ _ _ _ 

command = &#39;docker compose -f &#34;/home/ubuntu/SGE-tester-B/projects/docker-compose.yml&#34; -p &#34;pytest16577&#34; up --build -d&#39;
success_codes = (0,)

    def execute(command: str, success_codes: Iterable[int] = (0,)) -&gt; Union[bytes, Any]:
        &#34;&#34;&#34;Run a shell command.&#34;&#34;&#34;
        try:
            output = subprocess.check_output(command, stderr=subprocess.STDOUT, shell=True)
            status = 0
        except subprocess.CalledProcessError as error:
            output = error.output or b&#34;&#34;
            status = error.returncode
            command = error.cmd
    
        if status not in success_codes:
&gt;           raise Exception(
                &#39;Command {} returned {}: &#34;&#34;&#34;{}&#34;&#34;&#34;.&#39;.format(command, status, output.decode(&#34;utf-8&#34;))
            )
E           Exception: Command docker compose -f &#34;/home/ubuntu/SGE-tester-B/projects/docker-compose.yml&#34; -p &#34;pytest16577&#34; up --build -d returned 1: &#34;&#34;&#34;time=&#34;2026-01-13T13:06:26Z&#34; level=warning msg=&#34;/home/ubuntu/SGE-tester-B/projects/docker-compose.yml: the attribute `version` is obsolete, it will be ignored, please remove it to avoid potential confusion&#34;
E            Network pytest16577_default  Creating
E            Network pytest16577_default  Created
E            Container pytest16577-db-1  Creating
E            Container pytest16577-db-1  Created
E            Container pytest16577-odoo-1  Creating
E            Container pytest16577-odoo-1  Created
E            Container pytest16577-db-1  Starting
E           Error response from daemon: failed to set up container networking: driver failed programming external connectivity on endpoint pytest16577-db-1 (0f540590d1d9bfe39925743794abcb795ef9ae9d258cc610cb1dabc52bbcebd8): Bind for 0.0.0.0:5432 failed: port is already allocated
E           &#34;&#34;&#34;.

.venv/lib/python3.12/site-packages/pytest_docker/plugin.py:35: Exception</pre>
                        
                        

                        
                        
                        
                    </div>
                
                </div>
            </div>
            
            <div class="testclass">
                <h4>test_minimal_requirements.TestRNF3</h4>
                <div class="testcases">
                
                    <div class="test outcome outcome-failed">
                        <a id="e48428a9-794c-4d54-9f83-87a80e2c06a6"></a>
                        <table class="proplist">
                            <tr><th>Test case:</th><td><b>test_modelos_tienen_vista[tree]</b></td></tr>
                            <tr><th>Outcome:</th><td>Failed</td></tr>
                            <tr><th>Duration:</th><td>0.0 sec</td></tr>
                        
                            <tr><th>Failed</th><td>failed on setup with &#34;Exception: Command docker compose -f &#34;/home/ubuntu/SGE-tester-B/projects/docker-compose.yml&#34; -p &#34;pytest16577&#34; up --build -d returned 1: &#34;&#34;&#34;time=&#34;2026-01-13T13:06:26Z&#34; level=warning msg=&#34;/home/ubuntu/SGE-tester-B/projects/docker-compose.yml: the attribute `version` is obsolete, it will be ignored, please remove it to avoid potential confusion&#34;
 Network pytest16577_default  Creating
 Network pytest16577_default  Created
 Container pytest16577-db-1  Creating
 Container pytest16577-db-1  Created
 Container pytest16577-odoo-1  Creating
 Container pytest16577-odoo-1  Created
 Container pytest16577-db-1  Starting
Error response from daemon: failed to set up container networking: driver failed programming external connectivity on endpoint pytest16577-db-1 (0f540590d1d9bfe39925743794abcb795ef9ae9d258cc610cb1dabc52bbcebd8): Bind for 0.0.0.0:5432 failed: port is already allocated
&#34;&#34;&#34;.&#34;</td></tr>
                        
                        
                        </table>

                        
                        <pre>docker_compose_command = &#39;docker compose&#39;
docker_compose_file = &#39;/home/ubuntu/SGE-tester-B/projects/docker-compose.yml&#39;
docker_compose_project_name = &#39;pytest16577&#39;, docker_setup = [&#39;up --build -d&#39;]
docker_cleanup = [&#39;down -v&#39;]

    @pytest.fixture(scope=containers_scope)
    def docker_services(
        docker_compose_command: str,
        docker_compose_file: Union[List[str], str],
        docker_compose_project_name: str,
        docker_setup: str,
        docker_cleanup: str,
    ) -&gt; Iterator[Services]:
        &#34;&#34;&#34;Start all services from a docker compose file (`docker-compose up`).
        After test are finished, shutdown all services (`docker-compose down`).&#34;&#34;&#34;
    
&gt;       with get_docker_services(
            docker_compose_command,
            docker_compose_file,
            docker_compose_project_name,
            docker_setup,
            docker_cleanup,
        ) as docker_service:

.venv/lib/python3.12/site-packages/pytest_docker/plugin.py:238: 
_ _ _ _ _ _ _ _ _ _ _ _ _ _ _ _ _ _ _ _ _ _ _ _ _ _ _ _ _ _ _ _ _ _ _ _ _ _ _ _ 
/usr/lib/python3.12/contextlib.py:137: in __enter__
    return next(self.gen)
.venv/lib/python3.12/site-packages/pytest_docker/plugin.py:212: in get_docker_services
    docker_compose.execute(command)
.venv/lib/python3.12/site-packages/pytest_docker/plugin.py:140: in execute
    return execute(command)
_ _ _ _ _ _ _ _ _ _ _ _ _ _ _ _ _ _ _ _ _ _ _ _ _ _ _ _ _ _ _ _ _ _ _ _ _ _ _ _ 

command = &#39;docker compose -f &#34;/home/ubuntu/SGE-tester-B/projects/docker-compose.yml&#34; -p &#34;pytest16577&#34; up --build -d&#39;
success_codes = (0,)

    def execute(command: str, success_codes: Iterable[int] = (0,)) -&gt; Union[bytes, Any]:
        &#34;&#34;&#34;Run a shell command.&#34;&#34;&#34;
        try:
            output = subprocess.check_output(command, stderr=subprocess.STDOUT, shell=True)
            status = 0
        except subprocess.CalledProcessError as error:
            output = error.output or b&#34;&#34;
            status = error.returncode
            command = error.cmd
    
        if status not in success_codes:
&gt;           raise Exception(
                &#39;Command {} returned {}: &#34;&#34;&#34;{}&#34;&#34;&#34;.&#39;.format(command, status, output.decode(&#34;utf-8&#34;))
            )
E           Exception: Command docker compose -f &#34;/home/ubuntu/SGE-tester-B/projects/docker-compose.yml&#34; -p &#34;pytest16577&#34; up --build -d returned 1: &#34;&#34;&#34;time=&#34;2026-01-13T13:06:26Z&#34; level=warning msg=&#34;/home/ubuntu/SGE-tester-B/projects/docker-compose.yml: the attribute `version` is obsolete, it will be ignored, please remove it to avoid potential confusion&#34;
E            Network pytest16577_default  Creating
E            Network pytest16577_default  Created
E            Container pytest16577-db-1  Creating
E            Container pytest16577-db-1  Created
E            Container pytest16577-odoo-1  Creating
E            Container pytest16577-odoo-1  Created
E            Container pytest16577-db-1  Starting
E           Error response from daemon: failed to set up container networking: driver failed programming external connectivity on endpoint pytest16577-db-1 (0f540590d1d9bfe39925743794abcb795ef9ae9d258cc610cb1dabc52bbcebd8): Bind for 0.0.0.0:5432 failed: port is already allocated
E           &#34;&#34;&#34;.

.venv/lib/python3.12/site-packages/pytest_docker/plugin.py:35: Exception</pre>
                        
                        

                        
                        
                        
                    </div>
                
                    <div class="test outcome outcome-failed">
                        <a id="d7d2cfa3-f0d1-4b4f-a2e6-75fbf2f677a3"></a>
                        <table class="proplist">
                            <tr><th>Test case:</th><td><b>test_modelos_tienen_vista[form]</b></td></tr>
                            <tr><th>Outcome:</th><td>Failed</td></tr>
                            <tr><th>Duration:</th><td>0.0 sec</td></tr>
                        
                            <tr><th>Failed</th><td>failed on setup with &#34;Exception: Command docker compose -f &#34;/home/ubuntu/SGE-tester-B/projects/docker-compose.yml&#34; -p &#34;pytest16577&#34; up --build -d returned 1: &#34;&#34;&#34;time=&#34;2026-01-13T13:06:26Z&#34; level=warning msg=&#34;/home/ubuntu/SGE-tester-B/projects/docker-compose.yml: the attribute `version` is obsolete, it will be ignored, please remove it to avoid potential confusion&#34;
 Network pytest16577_default  Creating
 Network pytest16577_default  Created
 Container pytest16577-db-1  Creating
 Container pytest16577-db-1  Created
 Container pytest16577-odoo-1  Creating
 Container pytest16577-odoo-1  Created
 Container pytest16577-db-1  Starting
Error response from daemon: failed to set up container networking: driver failed programming external connectivity on endpoint pytest16577-db-1 (0f540590d1d9bfe39925743794abcb795ef9ae9d258cc610cb1dabc52bbcebd8): Bind for 0.0.0.0:5432 failed: port is already allocated
&#34;&#34;&#34;.&#34;</td></tr>
                        
                        
                        </table>

                        
                        <pre>docker_compose_command = &#39;docker compose&#39;
docker_compose_file = &#39;/home/ubuntu/SGE-tester-B/projects/docker-compose.yml&#39;
docker_compose_project_name = &#39;pytest16577&#39;, docker_setup = [&#39;up --build -d&#39;]
docker_cleanup = [&#39;down -v&#39;]

    @pytest.fixture(scope=containers_scope)
    def docker_services(
        docker_compose_command: str,
        docker_compose_file: Union[List[str], str],
        docker_compose_project_name: str,
        docker_setup: str,
        docker_cleanup: str,
    ) -&gt; Iterator[Services]:
        &#34;&#34;&#34;Start all services from a docker compose file (`docker-compose up`).
        After test are finished, shutdown all services (`docker-compose down`).&#34;&#34;&#34;
    
&gt;       with get_docker_services(
            docker_compose_command,
            docker_compose_file,
            docker_compose_project_name,
            docker_setup,
            docker_cleanup,
        ) as docker_service:

.venv/lib/python3.12/site-packages/pytest_docker/plugin.py:238: 
_ _ _ _ _ _ _ _ _ _ _ _ _ _ _ _ _ _ _ _ _ _ _ _ _ _ _ _ _ _ _ _ _ _ _ _ _ _ _ _ 
/usr/lib/python3.12/contextlib.py:137: in __enter__
    return next(self.gen)
.venv/lib/python3.12/site-packages/pytest_docker/plugin.py:212: in get_docker_services
    docker_compose.execute(command)
.venv/lib/python3.12/site-packages/pytest_docker/plugin.py:140: in execute
    return execute(command)
_ _ _ _ _ _ _ _ _ _ _ _ _ _ _ _ _ _ _ _ _ _ _ _ _ _ _ _ _ _ _ _ _ _ _ _ _ _ _ _ 

command = &#39;docker compose -f &#34;/home/ubuntu/SGE-tester-B/projects/docker-compose.yml&#34; -p &#34;pytest16577&#34; up --build -d&#39;
success_codes = (0,)

    def execute(command: str, success_codes: Iterable[int] = (0,)) -&gt; Union[bytes, Any]:
        &#34;&#34;&#34;Run a shell command.&#34;&#34;&#34;
        try:
            output = subprocess.check_output(command, stderr=subprocess.STDOUT, shell=True)
            status = 0
        except subprocess.CalledProcessError as error:
            output = error.output or b&#34;&#34;
            status = error.returncode
            command = error.cmd
    
        if status not in success_codes:
&gt;           raise Exception(
                &#39;Command {} returned {}: &#34;&#34;&#34;{}&#34;&#34;&#34;.&#39;.format(command, status, output.decode(&#34;utf-8&#34;))
            )
E           Exception: Command docker compose -f &#34;/home/ubuntu/SGE-tester-B/projects/docker-compose.yml&#34; -p &#34;pytest16577&#34; up --build -d returned 1: &#34;&#34;&#34;time=&#34;2026-01-13T13:06:26Z&#34; level=warning msg=&#34;/home/ubuntu/SGE-tester-B/projects/docker-compose.yml: the attribute `version` is obsolete, it will be ignored, please remove it to avoid potential confusion&#34;
E            Network pytest16577_default  Creating
E            Network pytest16577_default  Created
E            Container pytest16577-db-1  Creating
E            Container pytest16577-db-1  Created
E            Container pytest16577-odoo-1  Creating
E            Container pytest16577-odoo-1  Created
E            Container pytest16577-db-1  Starting
E           Error response from daemon: failed to set up container networking: driver failed programming external connectivity on endpoint pytest16577-db-1 (0f540590d1d9bfe39925743794abcb795ef9ae9d258cc610cb1dabc52bbcebd8): Bind for 0.0.0.0:5432 failed: port is already allocated
E           &#34;&#34;&#34;.

.venv/lib/python3.12/site-packages/pytest_docker/plugin.py:35: Exception</pre>
                        
                        

                        
                        
                        
                    </div>
                
                    <div class="test outcome outcome-failed">
                        <a id="2bd78ec4-d3a4-42d6-9522-3723183eab86"></a>
                        <table class="proplist">
                            <tr><th>Test case:</th><td><b>test_formularios_tienen_vista_anidada_para_campos_X2many[one2many]</b></td></tr>
                            <tr><th>Outcome:</th><td>Failed</td></tr>
                            <tr><th>Duration:</th><td>0.0 sec</td></tr>
                        
                            <tr><th>Failed</th><td>failed on setup with &#34;Exception: Command docker compose -f &#34;/home/ubuntu/SGE-tester-B/projects/docker-compose.yml&#34; -p &#34;pytest16577&#34; up --build -d returned 1: &#34;&#34;&#34;time=&#34;2026-01-13T13:06:26Z&#34; level=warning msg=&#34;/home/ubuntu/SGE-tester-B/projects/docker-compose.yml: the attribute `version` is obsolete, it will be ignored, please remove it to avoid potential confusion&#34;
 Network pytest16577_default  Creating
 Network pytest16577_default  Created
 Container pytest16577-db-1  Creating
 Container pytest16577-db-1  Created
 Container pytest16577-odoo-1  Creating
 Container pytest16577-odoo-1  Created
 Container pytest16577-db-1  Starting
Error response from daemon: failed to set up container networking: driver failed programming external connectivity on endpoint pytest16577-db-1 (0f540590d1d9bfe39925743794abcb795ef9ae9d258cc610cb1dabc52bbcebd8): Bind for 0.0.0.0:5432 failed: port is already allocated
&#34;&#34;&#34;.&#34;</td></tr>
                        
                        
                        </table>

                        
                        <pre>docker_compose_command = &#39;docker compose&#39;
docker_compose_file = &#39;/home/ubuntu/SGE-tester-B/projects/docker-compose.yml&#39;
docker_compose_project_name = &#39;pytest16577&#39;, docker_setup = [&#39;up --build -d&#39;]
docker_cleanup = [&#39;down -v&#39;]

    @pytest.fixture(scope=containers_scope)
    def docker_services(
        docker_compose_command: str,
        docker_compose_file: Union[List[str], str],
        docker_compose_project_name: str,
        docker_setup: str,
        docker_cleanup: str,
    ) -&gt; Iterator[Services]:
        &#34;&#34;&#34;Start all services from a docker compose file (`docker-compose up`).
        After test are finished, shutdown all services (`docker-compose down`).&#34;&#34;&#34;
    
&gt;       with get_docker_services(
            docker_compose_command,
            docker_compose_file,
            docker_compose_project_name,
            docker_setup,
            docker_cleanup,
        ) as docker_service:

.venv/lib/python3.12/site-packages/pytest_docker/plugin.py:238: 
_ _ _ _ _ _ _ _ _ _ _ _ _ _ _ _ _ _ _ _ _ _ _ _ _ _ _ _ _ _ _ _ _ _ _ _ _ _ _ _ 
/usr/lib/python3.12/contextlib.py:137: in __enter__
    return next(self.gen)
.venv/lib/python3.12/site-packages/pytest_docker/plugin.py:212: in get_docker_services
    docker_compose.execute(command)
.venv/lib/python3.12/site-packages/pytest_docker/plugin.py:140: in execute
    return execute(command)
_ _ _ _ _ _ _ _ _ _ _ _ _ _ _ _ _ _ _ _ _ _ _ _ _ _ _ _ _ _ _ _ _ _ _ _ _ _ _ _ 

command = &#39;docker compose -f &#34;/home/ubuntu/SGE-tester-B/projects/docker-compose.yml&#34; -p &#34;pytest16577&#34; up --build -d&#39;
success_codes = (0,)

    def execute(command: str, success_codes: Iterable[int] = (0,)) -&gt; Union[bytes, Any]:
        &#34;&#34;&#34;Run a shell command.&#34;&#34;&#34;
        try:
            output = subprocess.check_output(command, stderr=subprocess.STDOUT, shell=True)
            status = 0
        except subprocess.CalledProcessError as error:
            output = error.output or b&#34;&#34;
            status = error.returncode
            command = error.cmd
    
        if status not in success_codes:
&gt;           raise Exception(
                &#39;Command {} returned {}: &#34;&#34;&#34;{}&#34;&#34;&#34;.&#39;.format(command, status, output.decode(&#34;utf-8&#34;))
            )
E           Exception: Command docker compose -f &#34;/home/ubuntu/SGE-tester-B/projects/docker-compose.yml&#34; -p &#34;pytest16577&#34; up --build -d returned 1: &#34;&#34;&#34;time=&#34;2026-01-13T13:06:26Z&#34; level=warning msg=&#34;/home/ubuntu/SGE-tester-B/projects/docker-compose.yml: the attribute `version` is obsolete, it will be ignored, please remove it to avoid potential confusion&#34;
E            Network pytest16577_default  Creating
E            Network pytest16577_default  Created
E            Container pytest16577-db-1  Creating
E            Container pytest16577-db-1  Created
E            Container pytest16577-odoo-1  Creating
E            Container pytest16577-odoo-1  Created
E            Container pytest16577-db-1  Starting
E           Error response from daemon: failed to set up container networking: driver failed programming external connectivity on endpoint pytest16577-db-1 (0f540590d1d9bfe39925743794abcb795ef9ae9d258cc610cb1dabc52bbcebd8): Bind for 0.0.0.0:5432 failed: port is already allocated
E           &#34;&#34;&#34;.

.venv/lib/python3.12/site-packages/pytest_docker/plugin.py:35: Exception</pre>
                        
                        

                        
                        
                        
                    </div>
                
                    <div class="test outcome outcome-failed">
                        <a id="bdf592e0-74e4-4516-9fef-9345d7c87422"></a>
                        <table class="proplist">
                            <tr><th>Test case:</th><td><b>test_formularios_tienen_vista_anidada_para_campos_X2many[many2many]</b></td></tr>
                            <tr><th>Outcome:</th><td>Failed</td></tr>
                            <tr><th>Duration:</th><td>0.0 sec</td></tr>
                        
                            <tr><th>Failed</th><td>failed on setup with &#34;Exception: Command docker compose -f &#34;/home/ubuntu/SGE-tester-B/projects/docker-compose.yml&#34; -p &#34;pytest16577&#34; up --build -d returned 1: &#34;&#34;&#34;time=&#34;2026-01-13T13:06:26Z&#34; level=warning msg=&#34;/home/ubuntu/SGE-tester-B/projects/docker-compose.yml: the attribute `version` is obsolete, it will be ignored, please remove it to avoid potential confusion&#34;
 Network pytest16577_default  Creating
 Network pytest16577_default  Created
 Container pytest16577-db-1  Creating
 Container pytest16577-db-1  Created
 Container pytest16577-odoo-1  Creating
 Container pytest16577-odoo-1  Created
 Container pytest16577-db-1  Starting
Error response from daemon: failed to set up container networking: driver failed programming external connectivity on endpoint pytest16577-db-1 (0f540590d1d9bfe39925743794abcb795ef9ae9d258cc610cb1dabc52bbcebd8): Bind for 0.0.0.0:5432 failed: port is already allocated
&#34;&#34;&#34;.&#34;</td></tr>
                        
                        
                        </table>

                        
                        <pre>docker_compose_command = &#39;docker compose&#39;
docker_compose_file = &#39;/home/ubuntu/SGE-tester-B/projects/docker-compose.yml&#39;
docker_compose_project_name = &#39;pytest16577&#39;, docker_setup = [&#39;up --build -d&#39;]
docker_cleanup = [&#39;down -v&#39;]

    @pytest.fixture(scope=containers_scope)
    def docker_services(
        docker_compose_command: str,
        docker_compose_file: Union[List[str], str],
        docker_compose_project_name: str,
        docker_setup: str,
        docker_cleanup: str,
    ) -&gt; Iterator[Services]:
        &#34;&#34;&#34;Start all services from a docker compose file (`docker-compose up`).
        After test are finished, shutdown all services (`docker-compose down`).&#34;&#34;&#34;
    
&gt;       with get_docker_services(
            docker_compose_command,
            docker_compose_file,
            docker_compose_project_name,
            docker_setup,
            docker_cleanup,
        ) as docker_service:

.venv/lib/python3.12/site-packages/pytest_docker/plugin.py:238: 
_ _ _ _ _ _ _ _ _ _ _ _ _ _ _ _ _ _ _ _ _ _ _ _ _ _ _ _ _ _ _ _ _ _ _ _ _ _ _ _ 
/usr/lib/python3.12/contextlib.py:137: in __enter__
    return next(self.gen)
.venv/lib/python3.12/site-packages/pytest_docker/plugin.py:212: in get_docker_services
    docker_compose.execute(command)
.venv/lib/python3.12/site-packages/pytest_docker/plugin.py:140: in execute
    return execute(command)
_ _ _ _ _ _ _ _ _ _ _ _ _ _ _ _ _ _ _ _ _ _ _ _ _ _ _ _ _ _ _ _ _ _ _ _ _ _ _ _ 

command = &#39;docker compose -f &#34;/home/ubuntu/SGE-tester-B/projects/docker-compose.yml&#34; -p &#34;pytest16577&#34; up --build -d&#39;
success_codes = (0,)

    def execute(command: str, success_codes: Iterable[int] = (0,)) -&gt; Union[bytes, Any]:
        &#34;&#34;&#34;Run a shell command.&#34;&#34;&#34;
        try:
            output = subprocess.check_output(command, stderr=subprocess.STDOUT, shell=True)
            status = 0
        except subprocess.CalledProcessError as error:
            output = error.output or b&#34;&#34;
            status = error.returncode
            command = error.cmd
    
        if status not in success_codes:
&gt;           raise Exception(
                &#39;Command {} returned {}: &#34;&#34;&#34;{}&#34;&#34;&#34;.&#39;.format(command, status, output.decode(&#34;utf-8&#34;))
            )
E           Exception: Command docker compose -f &#34;/home/ubuntu/SGE-tester-B/projects/docker-compose.yml&#34; -p &#34;pytest16577&#34; up --build -d returned 1: &#34;&#34;&#34;time=&#34;2026-01-13T13:06:26Z&#34; level=warning msg=&#34;/home/ubuntu/SGE-tester-B/projects/docker-compose.yml: the attribute `version` is obsolete, it will be ignored, please remove it to avoid potential confusion&#34;
E            Network pytest16577_default  Creating
E            Network pytest16577_default  Created
E            Container pytest16577-db-1  Creating
E            Container pytest16577-db-1  Created
E            Container pytest16577-odoo-1  Creating
E            Container pytest16577-odoo-1  Created
E            Container pytest16577-db-1  Starting
E           Error response from daemon: failed to set up container networking: driver failed programming external connectivity on endpoint pytest16577-db-1 (0f540590d1d9bfe39925743794abcb795ef9ae9d258cc610cb1dabc52bbcebd8): Bind for 0.0.0.0:5432 failed: port is already allocated
E           &#34;&#34;&#34;.

.venv/lib/python3.12/site-packages/pytest_docker/plugin.py:35: Exception</pre>
                        
                        

                        
                        
                        
                    </div>
                
                </div>
            </div>
            
            <div class="testclass">
                <h4>test_minimal_requirements.TestRNF4</h4>
                <div class="testcases">
                
                    <div class="test outcome outcome-failed">
                        <a id="a16dcf9d-6aba-4a45-870e-d146ec32670c"></a>
                        <table class="proplist">
                            <tr><th>Test case:</th><td><b>test_vistas_en_ficheros_individuales</b></td></tr>
                            <tr><th>Outcome:</th><td>Failed</td></tr>
                            <tr><th>Duration:</th><td>0.001 sec</td></tr>
                        
                            <tr><th>Failed</th><td>failed on setup with &#34;Exception: Command docker compose -f &#34;/home/ubuntu/SGE-tester-B/projects/docker-compose.yml&#34; -p &#34;pytest16577&#34; up --build -d returned 1: &#34;&#34;&#34;time=&#34;2026-01-13T13:06:26Z&#34; level=warning msg=&#34;/home/ubuntu/SGE-tester-B/projects/docker-compose.yml: the attribute `version` is obsolete, it will be ignored, please remove it to avoid potential confusion&#34;
 Network pytest16577_default  Creating
 Network pytest16577_default  Created
 Container pytest16577-db-1  Creating
 Container pytest16577-db-1  Created
 Container pytest16577-odoo-1  Creating
 Container pytest16577-odoo-1  Created
 Container pytest16577-db-1  Starting
Error response from daemon: failed to set up container networking: driver failed programming external connectivity on endpoint pytest16577-db-1 (0f540590d1d9bfe39925743794abcb795ef9ae9d258cc610cb1dabc52bbcebd8): Bind for 0.0.0.0:5432 failed: port is already allocated
&#34;&#34;&#34;.&#34;</td></tr>
                        
                        
                        </table>

                        
                        <pre>docker_compose_command = &#39;docker compose&#39;
docker_compose_file = &#39;/home/ubuntu/SGE-tester-B/projects/docker-compose.yml&#39;
docker_compose_project_name = &#39;pytest16577&#39;, docker_setup = [&#39;up --build -d&#39;]
docker_cleanup = [&#39;down -v&#39;]

    @pytest.fixture(scope=containers_scope)
    def docker_services(
        docker_compose_command: str,
        docker_compose_file: Union[List[str], str],
        docker_compose_project_name: str,
        docker_setup: str,
        docker_cleanup: str,
    ) -&gt; Iterator[Services]:
        &#34;&#34;&#34;Start all services from a docker compose file (`docker-compose up`).
        After test are finished, shutdown all services (`docker-compose down`).&#34;&#34;&#34;
    
&gt;       with get_docker_services(
            docker_compose_command,
            docker_compose_file,
            docker_compose_project_name,
            docker_setup,
            docker_cleanup,
        ) as docker_service:

.venv/lib/python3.12/site-packages/pytest_docker/plugin.py:238: 
_ _ _ _ _ _ _ _ _ _ _ _ _ _ _ _ _ _ _ _ _ _ _ _ _ _ _ _ _ _ _ _ _ _ _ _ _ _ _ _ 
/usr/lib/python3.12/contextlib.py:137: in __enter__
    return next(self.gen)
.venv/lib/python3.12/site-packages/pytest_docker/plugin.py:212: in get_docker_services
    docker_compose.execute(command)
.venv/lib/python3.12/site-packages/pytest_docker/plugin.py:140: in execute
    return execute(command)
_ _ _ _ _ _ _ _ _ _ _ _ _ _ _ _ _ _ _ _ _ _ _ _ _ _ _ _ _ _ _ _ _ _ _ _ _ _ _ _ 

command = &#39;docker compose -f &#34;/home/ubuntu/SGE-tester-B/projects/docker-compose.yml&#34; -p &#34;pytest16577&#34; up --build -d&#39;
success_codes = (0,)

    def execute(command: str, success_codes: Iterable[int] = (0,)) -&gt; Union[bytes, Any]:
        &#34;&#34;&#34;Run a shell command.&#34;&#34;&#34;
        try:
            output = subprocess.check_output(command, stderr=subprocess.STDOUT, shell=True)
            status = 0
        except subprocess.CalledProcessError as error:
            output = error.output or b&#34;&#34;
            status = error.returncode
            command = error.cmd
    
        if status not in success_codes:
&gt;           raise Exception(
                &#39;Command {} returned {}: &#34;&#34;&#34;{}&#34;&#34;&#34;.&#39;.format(command, status, output.decode(&#34;utf-8&#34;))
            )
E           Exception: Command docker compose -f &#34;/home/ubuntu/SGE-tester-B/projects/docker-compose.yml&#34; -p &#34;pytest16577&#34; up --build -d returned 1: &#34;&#34;&#34;time=&#34;2026-01-13T13:06:26Z&#34; level=warning msg=&#34;/home/ubuntu/SGE-tester-B/projects/docker-compose.yml: the attribute `version` is obsolete, it will be ignored, please remove it to avoid potential confusion&#34;
E            Network pytest16577_default  Creating
E            Network pytest16577_default  Created
E            Container pytest16577-db-1  Creating
E            Container pytest16577-db-1  Created
E            Container pytest16577-odoo-1  Creating
E            Container pytest16577-odoo-1  Created
E            Container pytest16577-db-1  Starting
E           Error response from daemon: failed to set up container networking: driver failed programming external connectivity on endpoint pytest16577-db-1 (0f540590d1d9bfe39925743794abcb795ef9ae9d258cc610cb1dabc52bbcebd8): Bind for 0.0.0.0:5432 failed: port is already allocated
E           &#34;&#34;&#34;.

.venv/lib/python3.12/site-packages/pytest_docker/plugin.py:35: Exception</pre>
                        
                        

                        
                        
                        
                    </div>
                
                </div>
            </div>
            
            <div class="testclass">
                <h4>test_minimal_requirements.TestRNF5</h4>
                <div class="testcases">
                
                    <div class="test outcome outcome-failed">
                        <a id="8281da8c-be87-4841-ae26-f0db7e4550fe"></a>
                        <table class="proplist">
                            <tr><th>Test case:</th><td><b>test_modelos_tienen_algun_posible_campo_imagen</b></td></tr>
                            <tr><th>Outcome:</th><td>Failed</td></tr>
                            <tr><th>Duration:</th><td>0.0 sec</td></tr>
                        
                            <tr><th>Failed</th><td>failed on setup with &#34;Exception: Command docker compose -f &#34;/home/ubuntu/SGE-tester-B/projects/docker-compose.yml&#34; -p &#34;pytest16577&#34; up --build -d returned 1: &#34;&#34;&#34;time=&#34;2026-01-13T13:06:26Z&#34; level=warning msg=&#34;/home/ubuntu/SGE-tester-B/projects/docker-compose.yml: the attribute `version` is obsolete, it will be ignored, please remove it to avoid potential confusion&#34;
 Network pytest16577_default  Creating
 Network pytest16577_default  Created
 Container pytest16577-db-1  Creating
 Container pytest16577-db-1  Created
 Container pytest16577-odoo-1  Creating
 Container pytest16577-odoo-1  Created
 Container pytest16577-db-1  Starting
Error response from daemon: failed to set up container networking: driver failed programming external connectivity on endpoint pytest16577-db-1 (0f540590d1d9bfe39925743794abcb795ef9ae9d258cc610cb1dabc52bbcebd8): Bind for 0.0.0.0:5432 failed: port is already allocated
&#34;&#34;&#34;.&#34;</td></tr>
                        
                        
                        </table>

                        
                        <pre>docker_compose_command = &#39;docker compose&#39;
docker_compose_file = &#39;/home/ubuntu/SGE-tester-B/projects/docker-compose.yml&#39;
docker_compose_project_name = &#39;pytest16577&#39;, docker_setup = [&#39;up --build -d&#39;]
docker_cleanup = [&#39;down -v&#39;]

    @pytest.fixture(scope=containers_scope)
    def docker_services(
        docker_compose_command: str,
        docker_compose_file: Union[List[str], str],
        docker_compose_project_name: str,
        docker_setup: str,
        docker_cleanup: str,
    ) -&gt; Iterator[Services]:
        &#34;&#34;&#34;Start all services from a docker compose file (`docker-compose up`).
        After test are finished, shutdown all services (`docker-compose down`).&#34;&#34;&#34;
    
&gt;       with get_docker_services(
            docker_compose_command,
            docker_compose_file,
            docker_compose_project_name,
            docker_setup,
            docker_cleanup,
        ) as docker_service:

.venv/lib/python3.12/site-packages/pytest_docker/plugin.py:238: 
_ _ _ _ _ _ _ _ _ _ _ _ _ _ _ _ _ _ _ _ _ _ _ _ _ _ _ _ _ _ _ _ _ _ _ _ _ _ _ _ 
/usr/lib/python3.12/contextlib.py:137: in __enter__
    return next(self.gen)
.venv/lib/python3.12/site-packages/pytest_docker/plugin.py:212: in get_docker_services
    docker_compose.execute(command)
.venv/lib/python3.12/site-packages/pytest_docker/plugin.py:140: in execute
    return execute(command)
_ _ _ _ _ _ _ _ _ _ _ _ _ _ _ _ _ _ _ _ _ _ _ _ _ _ _ _ _ _ _ _ _ _ _ _ _ _ _ _ 

command = &#39;docker compose -f &#34;/home/ubuntu/SGE-tester-B/projects/docker-compose.yml&#34; -p &#34;pytest16577&#34; up --build -d&#39;
success_codes = (0,)

    def execute(command: str, success_codes: Iterable[int] = (0,)) -&gt; Union[bytes, Any]:
        &#34;&#34;&#34;Run a shell command.&#34;&#34;&#34;
        try:
            output = subprocess.check_output(command, stderr=subprocess.STDOUT, shell=True)
            status = 0
        except subprocess.CalledProcessError as error:
            output = error.output or b&#34;&#34;
            status = error.returncode
            command = error.cmd
    
        if status not in success_codes:
&gt;           raise Exception(
                &#39;Command {} returned {}: &#34;&#34;&#34;{}&#34;&#34;&#34;.&#39;.format(command, status, output.decode(&#34;utf-8&#34;))
            )
E           Exception: Command docker compose -f &#34;/home/ubuntu/SGE-tester-B/projects/docker-compose.yml&#34; -p &#34;pytest16577&#34; up --build -d returned 1: &#34;&#34;&#34;time=&#34;2026-01-13T13:06:26Z&#34; level=warning msg=&#34;/home/ubuntu/SGE-tester-B/projects/docker-compose.yml: the attribute `version` is obsolete, it will be ignored, please remove it to avoid potential confusion&#34;
E            Network pytest16577_default  Creating
E            Network pytest16577_default  Created
E            Container pytest16577-db-1  Creating
E            Container pytest16577-db-1  Created
E            Container pytest16577-odoo-1  Creating
E            Container pytest16577-odoo-1  Created
E            Container pytest16577-db-1  Starting
E           Error response from daemon: failed to set up container networking: driver failed programming external connectivity on endpoint pytest16577-db-1 (0f540590d1d9bfe39925743794abcb795ef9ae9d258cc610cb1dabc52bbcebd8): Bind for 0.0.0.0:5432 failed: port is already allocated
E           &#34;&#34;&#34;.

.venv/lib/python3.12/site-packages/pytest_docker/plugin.py:35: Exception</pre>
                        
                        

                        
                        
                        
                    </div>
                
                    <div class="test outcome outcome-failed">
                        <a id="6e61c8de-2034-403f-8f40-a9ceb025a4d6"></a>
                        <table class="proplist">
                            <tr><th>Test case:</th><td><b>test_alguna_vista_tiene_campo_imagen</b></td></tr>
                            <tr><th>Outcome:</th><td>Failed</td></tr>
                            <tr><th>Duration:</th><td>0.0 sec</td></tr>
                        
                            <tr><th>Failed</th><td>failed on setup with &#34;Exception: Command docker compose -f &#34;/home/ubuntu/SGE-tester-B/projects/docker-compose.yml&#34; -p &#34;pytest16577&#34; up --build -d returned 1: &#34;&#34;&#34;time=&#34;2026-01-13T13:06:26Z&#34; level=warning msg=&#34;/home/ubuntu/SGE-tester-B/projects/docker-compose.yml: the attribute `version` is obsolete, it will be ignored, please remove it to avoid potential confusion&#34;
 Network pytest16577_default  Creating
 Network pytest16577_default  Created
 Container pytest16577-db-1  Creating
 Container pytest16577-db-1  Created
 Container pytest16577-odoo-1  Creating
 Container pytest16577-odoo-1  Created
 Container pytest16577-db-1  Starting
Error response from daemon: failed to set up container networking: driver failed programming external connectivity on endpoint pytest16577-db-1 (0f540590d1d9bfe39925743794abcb795ef9ae9d258cc610cb1dabc52bbcebd8): Bind for 0.0.0.0:5432 failed: port is already allocated
&#34;&#34;&#34;.&#34;</td></tr>
                        
                        
                        </table>

                        
                        <pre>docker_compose_command = &#39;docker compose&#39;
docker_compose_file = &#39;/home/ubuntu/SGE-tester-B/projects/docker-compose.yml&#39;
docker_compose_project_name = &#39;pytest16577&#39;, docker_setup = [&#39;up --build -d&#39;]
docker_cleanup = [&#39;down -v&#39;]

    @pytest.fixture(scope=containers_scope)
    def docker_services(
        docker_compose_command: str,
        docker_compose_file: Union[List[str], str],
        docker_compose_project_name: str,
        docker_setup: str,
        docker_cleanup: str,
    ) -&gt; Iterator[Services]:
        &#34;&#34;&#34;Start all services from a docker compose file (`docker-compose up`).
        After test are finished, shutdown all services (`docker-compose down`).&#34;&#34;&#34;
    
&gt;       with get_docker_services(
            docker_compose_command,
            docker_compose_file,
            docker_compose_project_name,
            docker_setup,
            docker_cleanup,
        ) as docker_service:

.venv/lib/python3.12/site-packages/pytest_docker/plugin.py:238: 
_ _ _ _ _ _ _ _ _ _ _ _ _ _ _ _ _ _ _ _ _ _ _ _ _ _ _ _ _ _ _ _ _ _ _ _ _ _ _ _ 
/usr/lib/python3.12/contextlib.py:137: in __enter__
    return next(self.gen)
.venv/lib/python3.12/site-packages/pytest_docker/plugin.py:212: in get_docker_services
    docker_compose.execute(command)
.venv/lib/python3.12/site-packages/pytest_docker/plugin.py:140: in execute
    return execute(command)
_ _ _ _ _ _ _ _ _ _ _ _ _ _ _ _ _ _ _ _ _ _ _ _ _ _ _ _ _ _ _ _ _ _ _ _ _ _ _ _ 

command = &#39;docker compose -f &#34;/home/ubuntu/SGE-tester-B/projects/docker-compose.yml&#34; -p &#34;pytest16577&#34; up --build -d&#39;
success_codes = (0,)

    def execute(command: str, success_codes: Iterable[int] = (0,)) -&gt; Union[bytes, Any]:
        &#34;&#34;&#34;Run a shell command.&#34;&#34;&#34;
        try:
            output = subprocess.check_output(command, stderr=subprocess.STDOUT, shell=True)
            status = 0
        except subprocess.CalledProcessError as error:
            output = error.output or b&#34;&#34;
            status = error.returncode
            command = error.cmd
    
        if status not in success_codes:
&gt;           raise Exception(
                &#39;Command {} returned {}: &#34;&#34;&#34;{}&#34;&#34;&#34;.&#39;.format(command, status, output.decode(&#34;utf-8&#34;))
            )
E           Exception: Command docker compose -f &#34;/home/ubuntu/SGE-tester-B/projects/docker-compose.yml&#34; -p &#34;pytest16577&#34; up --build -d returned 1: &#34;&#34;&#34;time=&#34;2026-01-13T13:06:26Z&#34; level=warning msg=&#34;/home/ubuntu/SGE-tester-B/projects/docker-compose.yml: the attribute `version` is obsolete, it will be ignored, please remove it to avoid potential confusion&#34;
E            Network pytest16577_default  Creating
E            Network pytest16577_default  Created
E            Container pytest16577-db-1  Creating
E            Container pytest16577-db-1  Created
E            Container pytest16577-odoo-1  Creating
E            Container pytest16577-odoo-1  Created
E            Container pytest16577-db-1  Starting
E           Error response from daemon: failed to set up container networking: driver failed programming external connectivity on endpoint pytest16577-db-1 (0f540590d1d9bfe39925743794abcb795ef9ae9d258cc610cb1dabc52bbcebd8): Bind for 0.0.0.0:5432 failed: port is already allocated
E           &#34;&#34;&#34;.

.venv/lib/python3.12/site-packages/pytest_docker/plugin.py:35: Exception</pre>
                        
                        

                        
                        
                        
                    </div>
                
                </div>
            </div>
            
            <div class="testclass">
                <h4>test_minimal_requirements.TestRNF6</h4>
                <div class="testcases">
                
                    <div class="test outcome outcome-failed">
                        <a id="2cefa091-7f7a-4e2e-85d9-a255c7d44e8f"></a>
                        <table class="proplist">
                            <tr><th>Test case:</th><td><b>test_modelos_tienen_acciones</b></td></tr>
                            <tr><th>Outcome:</th><td>Failed</td></tr>
                            <tr><th>Duration:</th><td>0.001 sec</td></tr>
                        
                            <tr><th>Failed</th><td>failed on setup with &#34;Exception: Command docker compose -f &#34;/home/ubuntu/SGE-tester-B/projects/docker-compose.yml&#34; -p &#34;pytest16577&#34; up --build -d returned 1: &#34;&#34;&#34;time=&#34;2026-01-13T13:06:26Z&#34; level=warning msg=&#34;/home/ubuntu/SGE-tester-B/projects/docker-compose.yml: the attribute `version` is obsolete, it will be ignored, please remove it to avoid potential confusion&#34;
 Network pytest16577_default  Creating
 Network pytest16577_default  Created
 Container pytest16577-db-1  Creating
 Container pytest16577-db-1  Created
 Container pytest16577-odoo-1  Creating
 Container pytest16577-odoo-1  Created
 Container pytest16577-db-1  Starting
Error response from daemon: failed to set up container networking: driver failed programming external connectivity on endpoint pytest16577-db-1 (0f540590d1d9bfe39925743794abcb795ef9ae9d258cc610cb1dabc52bbcebd8): Bind for 0.0.0.0:5432 failed: port is already allocated
&#34;&#34;&#34;.&#34;</td></tr>
                        
                        
                        </table>

                        
                        <pre>docker_compose_command = &#39;docker compose&#39;
docker_compose_file = &#39;/home/ubuntu/SGE-tester-B/projects/docker-compose.yml&#39;
docker_compose_project_name = &#39;pytest16577&#39;, docker_setup = [&#39;up --build -d&#39;]
docker_cleanup = [&#39;down -v&#39;]

    @pytest.fixture(scope=containers_scope)
    def docker_services(
        docker_compose_command: str,
        docker_compose_file: Union[List[str], str],
        docker_compose_project_name: str,
        docker_setup: str,
        docker_cleanup: str,
    ) -&gt; Iterator[Services]:
        &#34;&#34;&#34;Start all services from a docker compose file (`docker-compose up`).
        After test are finished, shutdown all services (`docker-compose down`).&#34;&#34;&#34;
    
&gt;       with get_docker_services(
            docker_compose_command,
            docker_compose_file,
            docker_compose_project_name,
            docker_setup,
            docker_cleanup,
        ) as docker_service:

.venv/lib/python3.12/site-packages/pytest_docker/plugin.py:238: 
_ _ _ _ _ _ _ _ _ _ _ _ _ _ _ _ _ _ _ _ _ _ _ _ _ _ _ _ _ _ _ _ _ _ _ _ _ _ _ _ 
/usr/lib/python3.12/contextlib.py:137: in __enter__
    return next(self.gen)
.venv/lib/python3.12/site-packages/pytest_docker/plugin.py:212: in get_docker_services
    docker_compose.execute(command)
.venv/lib/python3.12/site-packages/pytest_docker/plugin.py:140: in execute
    return execute(command)
_ _ _ _ _ _ _ _ _ _ _ _ _ _ _ _ _ _ _ _ _ _ _ _ _ _ _ _ _ _ _ _ _ _ _ _ _ _ _ _ 

command = &#39;docker compose -f &#34;/home/ubuntu/SGE-tester-B/projects/docker-compose.yml&#34; -p &#34;pytest16577&#34; up --build -d&#39;
success_codes = (0,)

    def execute(command: str, success_codes: Iterable[int] = (0,)) -&gt; Union[bytes, Any]:
        &#34;&#34;&#34;Run a shell command.&#34;&#34;&#34;
        try:
            output = subprocess.check_output(command, stderr=subprocess.STDOUT, shell=True)
            status = 0
        except subprocess.CalledProcessError as error:
            output = error.output or b&#34;&#34;
            status = error.returncode
            command = error.cmd
    
        if status not in success_codes:
&gt;           raise Exception(
                &#39;Command {} returned {}: &#34;&#34;&#34;{}&#34;&#34;&#34;.&#39;.format(command, status, output.decode(&#34;utf-8&#34;))
            )
E           Exception: Command docker compose -f &#34;/home/ubuntu/SGE-tester-B/projects/docker-compose.yml&#34; -p &#34;pytest16577&#34; up --build -d returned 1: &#34;&#34;&#34;time=&#34;2026-01-13T13:06:26Z&#34; level=warning msg=&#34;/home/ubuntu/SGE-tester-B/projects/docker-compose.yml: the attribute `version` is obsolete, it will be ignored, please remove it to avoid potential confusion&#34;
E            Network pytest16577_default  Creating
E            Network pytest16577_default  Created
E            Container pytest16577-db-1  Creating
E            Container pytest16577-db-1  Created
E            Container pytest16577-odoo-1  Creating
E            Container pytest16577-odoo-1  Created
E            Container pytest16577-db-1  Starting
E           Error response from daemon: failed to set up container networking: driver failed programming external connectivity on endpoint pytest16577-db-1 (0f540590d1d9bfe39925743794abcb795ef9ae9d258cc610cb1dabc52bbcebd8): Bind for 0.0.0.0:5432 failed: port is already allocated
E           &#34;&#34;&#34;.

.venv/lib/python3.12/site-packages/pytest_docker/plugin.py:35: Exception</pre>
                        
                        

                        
                        
                        
                    </div>
                
                    <div class="test outcome outcome-failed">
                        <a id="0b3a0efb-b7d6-47f3-ac6d-2cc4ac9f7b73"></a>
                        <table class="proplist">
                            <tr><th>Test case:</th><td><b>test_hay_elementos_de_menu[.//menuitem[@action]]</b></td></tr>
                            <tr><th>Outcome:</th><td>Failed</td></tr>
                            <tr><th>Duration:</th><td>0.0 sec</td></tr>
                        
                            <tr><th>Failed</th><td>failed on setup with &#34;Exception: Command docker compose -f &#34;/home/ubuntu/SGE-tester-B/projects/docker-compose.yml&#34; -p &#34;pytest16577&#34; up --build -d returned 1: &#34;&#34;&#34;time=&#34;2026-01-13T13:06:26Z&#34; level=warning msg=&#34;/home/ubuntu/SGE-tester-B/projects/docker-compose.yml: the attribute `version` is obsolete, it will be ignored, please remove it to avoid potential confusion&#34;
 Network pytest16577_default  Creating
 Network pytest16577_default  Created
 Container pytest16577-db-1  Creating
 Container pytest16577-db-1  Created
 Container pytest16577-odoo-1  Creating
 Container pytest16577-odoo-1  Created
 Container pytest16577-db-1  Starting
Error response from daemon: failed to set up container networking: driver failed programming external connectivity on endpoint pytest16577-db-1 (0f540590d1d9bfe39925743794abcb795ef9ae9d258cc610cb1dabc52bbcebd8): Bind for 0.0.0.0:5432 failed: port is already allocated
&#34;&#34;&#34;.&#34;</td></tr>
                        
                        
                        </table>

                        
                        <pre>docker_compose_command = &#39;docker compose&#39;
docker_compose_file = &#39;/home/ubuntu/SGE-tester-B/projects/docker-compose.yml&#39;
docker_compose_project_name = &#39;pytest16577&#39;, docker_setup = [&#39;up --build -d&#39;]
docker_cleanup = [&#39;down -v&#39;]

    @pytest.fixture(scope=containers_scope)
    def docker_services(
        docker_compose_command: str,
        docker_compose_file: Union[List[str], str],
        docker_compose_project_name: str,
        docker_setup: str,
        docker_cleanup: str,
    ) -&gt; Iterator[Services]:
        &#34;&#34;&#34;Start all services from a docker compose file (`docker-compose up`).
        After test are finished, shutdown all services (`docker-compose down`).&#34;&#34;&#34;
    
&gt;       with get_docker_services(
            docker_compose_command,
            docker_compose_file,
            docker_compose_project_name,
            docker_setup,
            docker_cleanup,
        ) as docker_service:

.venv/lib/python3.12/site-packages/pytest_docker/plugin.py:238: 
_ _ _ _ _ _ _ _ _ _ _ _ _ _ _ _ _ _ _ _ _ _ _ _ _ _ _ _ _ _ _ _ _ _ _ _ _ _ _ _ 
/usr/lib/python3.12/contextlib.py:137: in __enter__
    return next(self.gen)
.venv/lib/python3.12/site-packages/pytest_docker/plugin.py:212: in get_docker_services
    docker_compose.execute(command)
.venv/lib/python3.12/site-packages/pytest_docker/plugin.py:140: in execute
    return execute(command)
_ _ _ _ _ _ _ _ _ _ _ _ _ _ _ _ _ _ _ _ _ _ _ _ _ _ _ _ _ _ _ _ _ _ _ _ _ _ _ _ 

command = &#39;docker compose -f &#34;/home/ubuntu/SGE-tester-B/projects/docker-compose.yml&#34; -p &#34;pytest16577&#34; up --build -d&#39;
success_codes = (0,)

    def execute(command: str, success_codes: Iterable[int] = (0,)) -&gt; Union[bytes, Any]:
        &#34;&#34;&#34;Run a shell command.&#34;&#34;&#34;
        try:
            output = subprocess.check_output(command, stderr=subprocess.STDOUT, shell=True)
            status = 0
        except subprocess.CalledProcessError as error:
            output = error.output or b&#34;&#34;
            status = error.returncode
            command = error.cmd
    
        if status not in success_codes:
&gt;           raise Exception(
                &#39;Command {} returned {}: &#34;&#34;&#34;{}&#34;&#34;&#34;.&#39;.format(command, status, output.decode(&#34;utf-8&#34;))
            )
E           Exception: Command docker compose -f &#34;/home/ubuntu/SGE-tester-B/projects/docker-compose.yml&#34; -p &#34;pytest16577&#34; up --build -d returned 1: &#34;&#34;&#34;time=&#34;2026-01-13T13:06:26Z&#34; level=warning msg=&#34;/home/ubuntu/SGE-tester-B/projects/docker-compose.yml: the attribute `version` is obsolete, it will be ignored, please remove it to avoid potential confusion&#34;
E            Network pytest16577_default  Creating
E            Network pytest16577_default  Created
E            Container pytest16577-db-1  Creating
E            Container pytest16577-db-1  Created
E            Container pytest16577-odoo-1  Creating
E            Container pytest16577-odoo-1  Created
E            Container pytest16577-db-1  Starting
E           Error response from daemon: failed to set up container networking: driver failed programming external connectivity on endpoint pytest16577-db-1 (0f540590d1d9bfe39925743794abcb795ef9ae9d258cc610cb1dabc52bbcebd8): Bind for 0.0.0.0:5432 failed: port is already allocated
E           &#34;&#34;&#34;.

.venv/lib/python3.12/site-packages/pytest_docker/plugin.py:35: Exception</pre>
                        
                        

                        
                        
                        
                    </div>
                
                </div>
            </div>
            
            <div class="testclass">
                <h4>test_minimal_requirements.TestRNF7</h4>
                <div class="testcases">
                
                    <div class="test outcome outcome-failed">
                        <a id="1a658ee1-0490-45f5-be2f-ffc2628b8e4c"></a>
                        <table class="proplist">
                            <tr><th>Test case:</th><td><b>test_modelos_tienen_permisos</b></td></tr>
                            <tr><th>Outcome:</th><td>Failed</td></tr>
                            <tr><th>Duration:</th><td>0.0 sec</td></tr>
                        
                            <tr><th>Failed</th><td>failed on setup with &#34;Exception: Command docker compose -f &#34;/home/ubuntu/SGE-tester-B/projects/docker-compose.yml&#34; -p &#34;pytest16577&#34; up --build -d returned 1: &#34;&#34;&#34;time=&#34;2026-01-13T13:06:26Z&#34; level=warning msg=&#34;/home/ubuntu/SGE-tester-B/projects/docker-compose.yml: the attribute `version` is obsolete, it will be ignored, please remove it to avoid potential confusion&#34;
 Network pytest16577_default  Creating
 Network pytest16577_default  Created
 Container pytest16577-db-1  Creating
 Container pytest16577-db-1  Created
 Container pytest16577-odoo-1  Creating
 Container pytest16577-odoo-1  Created
 Container pytest16577-db-1  Starting
Error response from daemon: failed to set up container networking: driver failed programming external connectivity on endpoint pytest16577-db-1 (0f540590d1d9bfe39925743794abcb795ef9ae9d258cc610cb1dabc52bbcebd8): Bind for 0.0.0.0:5432 failed: port is already allocated
&#34;&#34;&#34;.&#34;</td></tr>
                        
                        
                        </table>

                        
                        <pre>docker_compose_command = &#39;docker compose&#39;
docker_compose_file = &#39;/home/ubuntu/SGE-tester-B/projects/docker-compose.yml&#39;
docker_compose_project_name = &#39;pytest16577&#39;, docker_setup = [&#39;up --build -d&#39;]
docker_cleanup = [&#39;down -v&#39;]

    @pytest.fixture(scope=containers_scope)
    def docker_services(
        docker_compose_command: str,
        docker_compose_file: Union[List[str], str],
        docker_compose_project_name: str,
        docker_setup: str,
        docker_cleanup: str,
    ) -&gt; Iterator[Services]:
        &#34;&#34;&#34;Start all services from a docker compose file (`docker-compose up`).
        After test are finished, shutdown all services (`docker-compose down`).&#34;&#34;&#34;
    
&gt;       with get_docker_services(
            docker_compose_command,
            docker_compose_file,
            docker_compose_project_name,
            docker_setup,
            docker_cleanup,
        ) as docker_service:

.venv/lib/python3.12/site-packages/pytest_docker/plugin.py:238: 
_ _ _ _ _ _ _ _ _ _ _ _ _ _ _ _ _ _ _ _ _ _ _ _ _ _ _ _ _ _ _ _ _ _ _ _ _ _ _ _ 
/usr/lib/python3.12/contextlib.py:137: in __enter__
    return next(self.gen)
.venv/lib/python3.12/site-packages/pytest_docker/plugin.py:212: in get_docker_services
    docker_compose.execute(command)
.venv/lib/python3.12/site-packages/pytest_docker/plugin.py:140: in execute
    return execute(command)
_ _ _ _ _ _ _ _ _ _ _ _ _ _ _ _ _ _ _ _ _ _ _ _ _ _ _ _ _ _ _ _ _ _ _ _ _ _ _ _ 

command = &#39;docker compose -f &#34;/home/ubuntu/SGE-tester-B/projects/docker-compose.yml&#34; -p &#34;pytest16577&#34; up --build -d&#39;
success_codes = (0,)

    def execute(command: str, success_codes: Iterable[int] = (0,)) -&gt; Union[bytes, Any]:
        &#34;&#34;&#34;Run a shell command.&#34;&#34;&#34;
        try:
            output = subprocess.check_output(command, stderr=subprocess.STDOUT, shell=True)
            status = 0
        except subprocess.CalledProcessError as error:
            output = error.output or b&#34;&#34;
            status = error.returncode
            command = error.cmd
    
        if status not in success_codes:
&gt;           raise Exception(
                &#39;Command {} returned {}: &#34;&#34;&#34;{}&#34;&#34;&#34;.&#39;.format(command, status, output.decode(&#34;utf-8&#34;))
            )
E           Exception: Command docker compose -f &#34;/home/ubuntu/SGE-tester-B/projects/docker-compose.yml&#34; -p &#34;pytest16577&#34; up --build -d returned 1: &#34;&#34;&#34;time=&#34;2026-01-13T13:06:26Z&#34; level=warning msg=&#34;/home/ubuntu/SGE-tester-B/projects/docker-compose.yml: the attribute `version` is obsolete, it will be ignored, please remove it to avoid potential confusion&#34;
E            Network pytest16577_default  Creating
E            Network pytest16577_default  Created
E            Container pytest16577-db-1  Creating
E            Container pytest16577-db-1  Created
E            Container pytest16577-odoo-1  Creating
E            Container pytest16577-odoo-1  Created
E            Container pytest16577-db-1  Starting
E           Error response from daemon: failed to set up container networking: driver failed programming external connectivity on endpoint pytest16577-db-1 (0f540590d1d9bfe39925743794abcb795ef9ae9d258cc610cb1dabc52bbcebd8): Bind for 0.0.0.0:5432 failed: port is already allocated
E           &#34;&#34;&#34;.

.venv/lib/python3.12/site-packages/pytest_docker/plugin.py:35: Exception</pre>
                        
                        

                        
                        
                        
                    </div>
                
                </div>
            </div>
            
            <div class="testclass">
                <h4>test_minimal_requirements.TestRNF8</h4>
                <div class="testcases">
                
                    <div class="test outcome outcome-failed">
                        <a id="d706c45e-a8cc-40ba-9e22-20f01c3dfb60"></a>
                        <table class="proplist">
                            <tr><th>Test case:</th><td><b>test_app_tiene_icono</b></td></tr>
                            <tr><th>Outcome:</th><td>Failed</td></tr>
                            <tr><th>Duration:</th><td>0.0 sec</td></tr>
                        
                            <tr><th>Failed</th><td>failed on setup with &#34;Exception: Command docker compose -f &#34;/home/ubuntu/SGE-tester-B/projects/docker-compose.yml&#34; -p &#34;pytest16577&#34; up --build -d returned 1: &#34;&#34;&#34;time=&#34;2026-01-13T13:06:26Z&#34; level=warning msg=&#34;/home/ubuntu/SGE-tester-B/projects/docker-compose.yml: the attribute `version` is obsolete, it will be ignored, please remove it to avoid potential confusion&#34;
 Network pytest16577_default  Creating
 Network pytest16577_default  Created
 Container pytest16577-db-1  Creating
 Container pytest16577-db-1  Created
 Container pytest16577-odoo-1  Creating
 Container pytest16577-odoo-1  Created
 Container pytest16577-db-1  Starting
Error response from daemon: failed to set up container networking: driver failed programming external connectivity on endpoint pytest16577-db-1 (0f540590d1d9bfe39925743794abcb795ef9ae9d258cc610cb1dabc52bbcebd8): Bind for 0.0.0.0:5432 failed: port is already allocated
&#34;&#34;&#34;.&#34;</td></tr>
                        
                        
                        </table>

                        
                        <pre>docker_compose_command = &#39;docker compose&#39;
docker_compose_file = &#39;/home/ubuntu/SGE-tester-B/projects/docker-compose.yml&#39;
docker_compose_project_name = &#39;pytest16577&#39;, docker_setup = [&#39;up --build -d&#39;]
docker_cleanup = [&#39;down -v&#39;]

    @pytest.fixture(scope=containers_scope)
    def docker_services(
        docker_compose_command: str,
        docker_compose_file: Union[List[str], str],
        docker_compose_project_name: str,
        docker_setup: str,
        docker_cleanup: str,
    ) -&gt; Iterator[Services]:
        &#34;&#34;&#34;Start all services from a docker compose file (`docker-compose up`).
        After test are finished, shutdown all services (`docker-compose down`).&#34;&#34;&#34;
    
&gt;       with get_docker_services(
            docker_compose_command,
            docker_compose_file,
            docker_compose_project_name,
            docker_setup,
            docker_cleanup,
        ) as docker_service:

.venv/lib/python3.12/site-packages/pytest_docker/plugin.py:238: 
_ _ _ _ _ _ _ _ _ _ _ _ _ _ _ _ _ _ _ _ _ _ _ _ _ _ _ _ _ _ _ _ _ _ _ _ _ _ _ _ 
/usr/lib/python3.12/contextlib.py:137: in __enter__
    return next(self.gen)
.venv/lib/python3.12/site-packages/pytest_docker/plugin.py:212: in get_docker_services
    docker_compose.execute(command)
.venv/lib/python3.12/site-packages/pytest_docker/plugin.py:140: in execute
    return execute(command)
_ _ _ _ _ _ _ _ _ _ _ _ _ _ _ _ _ _ _ _ _ _ _ _ _ _ _ _ _ _ _ _ _ _ _ _ _ _ _ _ 

command = &#39;docker compose -f &#34;/home/ubuntu/SGE-tester-B/projects/docker-compose.yml&#34; -p &#34;pytest16577&#34; up --build -d&#39;
success_codes = (0,)

    def execute(command: str, success_codes: Iterable[int] = (0,)) -&gt; Union[bytes, Any]:
        &#34;&#34;&#34;Run a shell command.&#34;&#34;&#34;
        try:
            output = subprocess.check_output(command, stderr=subprocess.STDOUT, shell=True)
            status = 0
        except subprocess.CalledProcessError as error:
            output = error.output or b&#34;&#34;
            status = error.returncode
            command = error.cmd
    
        if status not in success_codes:
&gt;           raise Exception(
                &#39;Command {} returned {}: &#34;&#34;&#34;{}&#34;&#34;&#34;.&#39;.format(command, status, output.decode(&#34;utf-8&#34;))
            )
E           Exception: Command docker compose -f &#34;/home/ubuntu/SGE-tester-B/projects/docker-compose.yml&#34; -p &#34;pytest16577&#34; up --build -d returned 1: &#34;&#34;&#34;time=&#34;2026-01-13T13:06:26Z&#34; level=warning msg=&#34;/home/ubuntu/SGE-tester-B/projects/docker-compose.yml: the attribute `version` is obsolete, it will be ignored, please remove it to avoid potential confusion&#34;
E            Network pytest16577_default  Creating
E            Network pytest16577_default  Created
E            Container pytest16577-db-1  Creating
E            Container pytest16577-db-1  Created
E            Container pytest16577-odoo-1  Creating
E            Container pytest16577-odoo-1  Created
E            Container pytest16577-db-1  Starting
E           Error response from daemon: failed to set up container networking: driver failed programming external connectivity on endpoint pytest16577-db-1 (0f540590d1d9bfe39925743794abcb795ef9ae9d258cc610cb1dabc52bbcebd8): Bind for 0.0.0.0:5432 failed: port is already allocated
E           &#34;&#34;&#34;.

.venv/lib/python3.12/site-packages/pytest_docker/plugin.py:35: Exception</pre>
                        
                        

                        
                        
                        
                    </div>
                
                </div>
            </div>
            
            <div class="testclass">
                <h4>test_minimal_requirements.TestRNF9</h4>
                <div class="testcases">
                
                    <div class="test outcome outcome-failed">
                        <a id="0a3f8c4d-b784-4667-bb94-b4b2769ef22a"></a>
                        <table class="proplist">
                            <tr><th>Test case:</th><td><b>test_modelos_tienen_datos_demo</b></td></tr>
                            <tr><th>Outcome:</th><td>Failed</td></tr>
                            <tr><th>Duration:</th><td>0.001 sec</td></tr>
                        
                            <tr><th>Failed</th><td>failed on setup with &#34;Exception: Command docker compose -f &#34;/home/ubuntu/SGE-tester-B/projects/docker-compose.yml&#34; -p &#34;pytest16577&#34; up --build -d returned 1: &#34;&#34;&#34;time=&#34;2026-01-13T13:06:26Z&#34; level=warning msg=&#34;/home/ubuntu/SGE-tester-B/projects/docker-compose.yml: the attribute `version` is obsolete, it will be ignored, please remove it to avoid potential confusion&#34;
 Network pytest16577_default  Creating
 Network pytest16577_default  Created
 Container pytest16577-db-1  Creating
 Container pytest16577-db-1  Created
 Container pytest16577-odoo-1  Creating
 Container pytest16577-odoo-1  Created
 Container pytest16577-db-1  Starting
Error response from daemon: failed to set up container networking: driver failed programming external connectivity on endpoint pytest16577-db-1 (0f540590d1d9bfe39925743794abcb795ef9ae9d258cc610cb1dabc52bbcebd8): Bind for 0.0.0.0:5432 failed: port is already allocated
&#34;&#34;&#34;.&#34;</td></tr>
                        
                        
                        </table>

                        
                        <pre>docker_compose_command = &#39;docker compose&#39;
docker_compose_file = &#39;/home/ubuntu/SGE-tester-B/projects/docker-compose.yml&#39;
docker_compose_project_name = &#39;pytest16577&#39;, docker_setup = [&#39;up --build -d&#39;]
docker_cleanup = [&#39;down -v&#39;]

    @pytest.fixture(scope=containers_scope)
    def docker_services(
        docker_compose_command: str,
        docker_compose_file: Union[List[str], str],
        docker_compose_project_name: str,
        docker_setup: str,
        docker_cleanup: str,
    ) -&gt; Iterator[Services]:
        &#34;&#34;&#34;Start all services from a docker compose file (`docker-compose up`).
        After test are finished, shutdown all services (`docker-compose down`).&#34;&#34;&#34;
    
&gt;       with get_docker_services(
            docker_compose_command,
            docker_compose_file,
            docker_compose_project_name,
            docker_setup,
            docker_cleanup,
        ) as docker_service:

.venv/lib/python3.12/site-packages/pytest_docker/plugin.py:238: 
_ _ _ _ _ _ _ _ _ _ _ _ _ _ _ _ _ _ _ _ _ _ _ _ _ _ _ _ _ _ _ _ _ _ _ _ _ _ _ _ 
/usr/lib/python3.12/contextlib.py:137: in __enter__
    return next(self.gen)
.venv/lib/python3.12/site-packages/pytest_docker/plugin.py:212: in get_docker_services
    docker_compose.execute(command)
.venv/lib/python3.12/site-packages/pytest_docker/plugin.py:140: in execute
    return execute(command)
_ _ _ _ _ _ _ _ _ _ _ _ _ _ _ _ _ _ _ _ _ _ _ _ _ _ _ _ _ _ _ _ _ _ _ _ _ _ _ _ 

command = &#39;docker compose -f &#34;/home/ubuntu/SGE-tester-B/projects/docker-compose.yml&#34; -p &#34;pytest16577&#34; up --build -d&#39;
success_codes = (0,)

    def execute(command: str, success_codes: Iterable[int] = (0,)) -&gt; Union[bytes, Any]:
        &#34;&#34;&#34;Run a shell command.&#34;&#34;&#34;
        try:
            output = subprocess.check_output(command, stderr=subprocess.STDOUT, shell=True)
            status = 0
        except subprocess.CalledProcessError as error:
            output = error.output or b&#34;&#34;
            status = error.returncode
            command = error.cmd
    
        if status not in success_codes:
&gt;           raise Exception(
                &#39;Command {} returned {}: &#34;&#34;&#34;{}&#34;&#34;&#34;.&#39;.format(command, status, output.decode(&#34;utf-8&#34;))
            )
E           Exception: Command docker compose -f &#34;/home/ubuntu/SGE-tester-B/projects/docker-compose.yml&#34; -p &#34;pytest16577&#34; up --build -d returned 1: &#34;&#34;&#34;time=&#34;2026-01-13T13:06:26Z&#34; level=warning msg=&#34;/home/ubuntu/SGE-tester-B/projects/docker-compose.yml: the attribute `version` is obsolete, it will be ignored, please remove it to avoid potential confusion&#34;
E            Network pytest16577_default  Creating
E            Network pytest16577_default  Created
E            Container pytest16577-db-1  Creating
E            Container pytest16577-db-1  Created
E            Container pytest16577-odoo-1  Creating
E            Container pytest16577-odoo-1  Created
E            Container pytest16577-db-1  Starting
E           Error response from daemon: failed to set up container networking: driver failed programming external connectivity on endpoint pytest16577-db-1 (0f540590d1d9bfe39925743794abcb795ef9ae9d258cc610cb1dabc52bbcebd8): Bind for 0.0.0.0:5432 failed: port is already allocated
E           &#34;&#34;&#34;.

.venv/lib/python3.12/site-packages/pytest_docker/plugin.py:35: Exception</pre>
                        
                        

                        
                        
                        
                    </div>
                
                </div>
            </div>
            
            <div class="testclass">
                <h4>test_minimal_requirements.TestRNFGit</h4>
                <div class="testcases">
                
                    <div class="test outcome outcome-failed">
                        <a id="2f0bd3e7-c8d9-4b9d-9e55-34c505ab887d"></a>
                        <table class="proplist">
                            <tr><th>Test case:</th><td><b>test_git_commit_frecuentes</b></td></tr>
                            <tr><th>Outcome:</th><td>Failed</td></tr>
                            <tr><th>Duration:</th><td>0.001 sec</td></tr>
                        
                            <tr><th>Failed</th><td>failed on setup with &#34;Exception: Command docker compose -f &#34;/home/ubuntu/SGE-tester-B/projects/docker-compose.yml&#34; -p &#34;pytest16577&#34; up --build -d returned 1: &#34;&#34;&#34;time=&#34;2026-01-13T13:06:26Z&#34; level=warning msg=&#34;/home/ubuntu/SGE-tester-B/projects/docker-compose.yml: the attribute `version` is obsolete, it will be ignored, please remove it to avoid potential confusion&#34;
 Network pytest16577_default  Creating
 Network pytest16577_default  Created
 Container pytest16577-db-1  Creating
 Container pytest16577-db-1  Created
 Container pytest16577-odoo-1  Creating
 Container pytest16577-odoo-1  Created
 Container pytest16577-db-1  Starting
Error response from daemon: failed to set up container networking: driver failed programming external connectivity on endpoint pytest16577-db-1 (0f540590d1d9bfe39925743794abcb795ef9ae9d258cc610cb1dabc52bbcebd8): Bind for 0.0.0.0:5432 failed: port is already allocated
&#34;&#34;&#34;.&#34;</td></tr>
                        
                        
                        </table>

                        
                        <pre>docker_compose_command = &#39;docker compose&#39;
docker_compose_file = &#39;/home/ubuntu/SGE-tester-B/projects/docker-compose.yml&#39;
docker_compose_project_name = &#39;pytest16577&#39;, docker_setup = [&#39;up --build -d&#39;]
docker_cleanup = [&#39;down -v&#39;]

    @pytest.fixture(scope=containers_scope)
    def docker_services(
        docker_compose_command: str,
        docker_compose_file: Union[List[str], str],
        docker_compose_project_name: str,
        docker_setup: str,
        docker_cleanup: str,
    ) -&gt; Iterator[Services]:
        &#34;&#34;&#34;Start all services from a docker compose file (`docker-compose up`).
        After test are finished, shutdown all services (`docker-compose down`).&#34;&#34;&#34;
    
&gt;       with get_docker_services(
            docker_compose_command,
            docker_compose_file,
            docker_compose_project_name,
            docker_setup,
            docker_cleanup,
        ) as docker_service:

.venv/lib/python3.12/site-packages/pytest_docker/plugin.py:238: 
_ _ _ _ _ _ _ _ _ _ _ _ _ _ _ _ _ _ _ _ _ _ _ _ _ _ _ _ _ _ _ _ _ _ _ _ _ _ _ _ 
/usr/lib/python3.12/contextlib.py:137: in __enter__
    return next(self.gen)
.venv/lib/python3.12/site-packages/pytest_docker/plugin.py:212: in get_docker_services
    docker_compose.execute(command)
.venv/lib/python3.12/site-packages/pytest_docker/plugin.py:140: in execute
    return execute(command)
_ _ _ _ _ _ _ _ _ _ _ _ _ _ _ _ _ _ _ _ _ _ _ _ _ _ _ _ _ _ _ _ _ _ _ _ _ _ _ _ 

command = &#39;docker compose -f &#34;/home/ubuntu/SGE-tester-B/projects/docker-compose.yml&#34; -p &#34;pytest16577&#34; up --build -d&#39;
success_codes = (0,)

    def execute(command: str, success_codes: Iterable[int] = (0,)) -&gt; Union[bytes, Any]:
        &#34;&#34;&#34;Run a shell command.&#34;&#34;&#34;
        try:
            output = subprocess.check_output(command, stderr=subprocess.STDOUT, shell=True)
            status = 0
        except subprocess.CalledProcessError as error:
            output = error.output or b&#34;&#34;
            status = error.returncode
            command = error.cmd
    
        if status not in success_codes:
&gt;           raise Exception(
                &#39;Command {} returned {}: &#34;&#34;&#34;{}&#34;&#34;&#34;.&#39;.format(command, status, output.decode(&#34;utf-8&#34;))
            )
E           Exception: Command docker compose -f &#34;/home/ubuntu/SGE-tester-B/projects/docker-compose.yml&#34; -p &#34;pytest16577&#34; up --build -d returned 1: &#34;&#34;&#34;time=&#34;2026-01-13T13:06:26Z&#34; level=warning msg=&#34;/home/ubuntu/SGE-tester-B/projects/docker-compose.yml: the attribute `version` is obsolete, it will be ignored, please remove it to avoid potential confusion&#34;
E            Network pytest16577_default  Creating
E            Network pytest16577_default  Created
E            Container pytest16577-db-1  Creating
E            Container pytest16577-db-1  Created
E            Container pytest16577-odoo-1  Creating
E            Container pytest16577-odoo-1  Created
E            Container pytest16577-db-1  Starting
E           Error response from daemon: failed to set up container networking: driver failed programming external connectivity on endpoint pytest16577-db-1 (0f540590d1d9bfe39925743794abcb795ef9ae9d258cc610cb1dabc52bbcebd8): Bind for 0.0.0.0:5432 failed: port is already allocated
E           &#34;&#34;&#34;.

.venv/lib/python3.12/site-packages/pytest_docker/plugin.py:35: Exception</pre>
                        
                        

                        
                        
                        
                    </div>
                
                </div>
            </div>
            
            <div class="testclass">
                <h4>test_minimal_requirements.TestRNFCalidad</h4>
                <div class="testcases">
                
                    <div class="test outcome outcome-failed">
                        <a id="cca3a97a-3792-47bf-82a7-d937163b6eff"></a>
                        <table class="proplist">
                            <tr><th>Test case:</th><td><b>test_odoo_disponible</b></td></tr>
                            <tr><th>Outcome:</th><td>Failed</td></tr>
                            <tr><th>Duration:</th><td>0.0 sec</td></tr>
                        
                            <tr><th>Failed</th><td>failed on setup with &#34;Exception: Command docker compose -f &#34;/home/ubuntu/SGE-tester-B/projects/docker-compose.yml&#34; -p &#34;pytest16577&#34; up --build -d returned 1: &#34;&#34;&#34;time=&#34;2026-01-13T13:06:26Z&#34; level=warning msg=&#34;/home/ubuntu/SGE-tester-B/projects/docker-compose.yml: the attribute `version` is obsolete, it will be ignored, please remove it to avoid potential confusion&#34;
 Network pytest16577_default  Creating
 Network pytest16577_default  Created
 Container pytest16577-db-1  Creating
 Container pytest16577-db-1  Created
 Container pytest16577-odoo-1  Creating
 Container pytest16577-odoo-1  Created
 Container pytest16577-db-1  Starting
Error response from daemon: failed to set up container networking: driver failed programming external connectivity on endpoint pytest16577-db-1 (0f540590d1d9bfe39925743794abcb795ef9ae9d258cc610cb1dabc52bbcebd8): Bind for 0.0.0.0:5432 failed: port is already allocated
&#34;&#34;&#34;.&#34;</td></tr>
                        
                        
                        </table>

                        
                        <pre>docker_compose_command = &#39;docker compose&#39;
docker_compose_file = &#39;/home/ubuntu/SGE-tester-B/projects/docker-compose.yml&#39;
docker_compose_project_name = &#39;pytest16577&#39;, docker_setup = [&#39;up --build -d&#39;]
docker_cleanup = [&#39;down -v&#39;]

    @pytest.fixture(scope=containers_scope)
    def docker_services(
        docker_compose_command: str,
        docker_compose_file: Union[List[str], str],
        docker_compose_project_name: str,
        docker_setup: str,
        docker_cleanup: str,
    ) -&gt; Iterator[Services]:
        &#34;&#34;&#34;Start all services from a docker compose file (`docker-compose up`).
        After test are finished, shutdown all services (`docker-compose down`).&#34;&#34;&#34;
    
&gt;       with get_docker_services(
            docker_compose_command,
            docker_compose_file,
            docker_compose_project_name,
            docker_setup,
            docker_cleanup,
        ) as docker_service:

.venv/lib/python3.12/site-packages/pytest_docker/plugin.py:238: 
_ _ _ _ _ _ _ _ _ _ _ _ _ _ _ _ _ _ _ _ _ _ _ _ _ _ _ _ _ _ _ _ _ _ _ _ _ _ _ _ 
/usr/lib/python3.12/contextlib.py:137: in __enter__
    return next(self.gen)
.venv/lib/python3.12/site-packages/pytest_docker/plugin.py:212: in get_docker_services
    docker_compose.execute(command)
.venv/lib/python3.12/site-packages/pytest_docker/plugin.py:140: in execute
    return execute(command)
_ _ _ _ _ _ _ _ _ _ _ _ _ _ _ _ _ _ _ _ _ _ _ _ _ _ _ _ _ _ _ _ _ _ _ _ _ _ _ _ 

command = &#39;docker compose -f &#34;/home/ubuntu/SGE-tester-B/projects/docker-compose.yml&#34; -p &#34;pytest16577&#34; up --build -d&#39;
success_codes = (0,)

    def execute(command: str, success_codes: Iterable[int] = (0,)) -&gt; Union[bytes, Any]:
        &#34;&#34;&#34;Run a shell command.&#34;&#34;&#34;
        try:
            output = subprocess.check_output(command, stderr=subprocess.STDOUT, shell=True)
            status = 0
        except subprocess.CalledProcessError as error:
            output = error.output or b&#34;&#34;
            status = error.returncode
            command = error.cmd
    
        if status not in success_codes:
&gt;           raise Exception(
                &#39;Command {} returned {}: &#34;&#34;&#34;{}&#34;&#34;&#34;.&#39;.format(command, status, output.decode(&#34;utf-8&#34;))
            )
E           Exception: Command docker compose -f &#34;/home/ubuntu/SGE-tester-B/projects/docker-compose.yml&#34; -p &#34;pytest16577&#34; up --build -d returned 1: &#34;&#34;&#34;time=&#34;2026-01-13T13:06:26Z&#34; level=warning msg=&#34;/home/ubuntu/SGE-tester-B/projects/docker-compose.yml: the attribute `version` is obsolete, it will be ignored, please remove it to avoid potential confusion&#34;
E            Network pytest16577_default  Creating
E            Network pytest16577_default  Created
E            Container pytest16577-db-1  Creating
E            Container pytest16577-db-1  Created
E            Container pytest16577-odoo-1  Creating
E            Container pytest16577-odoo-1  Created
E            Container pytest16577-db-1  Starting
E           Error response from daemon: failed to set up container networking: driver failed programming external connectivity on endpoint pytest16577-db-1 (0f540590d1d9bfe39925743794abcb795ef9ae9d258cc610cb1dabc52bbcebd8): Bind for 0.0.0.0:5432 failed: port is already allocated
E           &#34;&#34;&#34;.

.venv/lib/python3.12/site-packages/pytest_docker/plugin.py:35: Exception</pre>
                        
                        

                        
                        
                        
                    </div>
                
                    <div class="test outcome outcome-failed">
                        <a id="fc708c5b-aac7-47bf-80fd-7f60b1ec92d8"></a>
                        <table class="proplist">
                            <tr><th>Test case:</th><td><b>test_app_instalada</b></td></tr>
                            <tr><th>Outcome:</th><td>Failed</td></tr>
                            <tr><th>Duration:</th><td>0.001 sec</td></tr>
                        
                            <tr><th>Failed</th><td>failed on setup with &#34;Exception: Command docker compose -f &#34;/home/ubuntu/SGE-tester-B/projects/docker-compose.yml&#34; -p &#34;pytest16577&#34; up --build -d returned 1: &#34;&#34;&#34;time=&#34;2026-01-13T13:06:26Z&#34; level=warning msg=&#34;/home/ubuntu/SGE-tester-B/projects/docker-compose.yml: the attribute `version` is obsolete, it will be ignored, please remove it to avoid potential confusion&#34;
 Network pytest16577_default  Creating
 Network pytest16577_default  Created
 Container pytest16577-db-1  Creating
 Container pytest16577-db-1  Created
 Container pytest16577-odoo-1  Creating
 Container pytest16577-odoo-1  Created
 Container pytest16577-db-1  Starting
Error response from daemon: failed to set up container networking: driver failed programming external connectivity on endpoint pytest16577-db-1 (0f540590d1d9bfe39925743794abcb795ef9ae9d258cc610cb1dabc52bbcebd8): Bind for 0.0.0.0:5432 failed: port is already allocated
&#34;&#34;&#34;.&#34;</td></tr>
                        
                        
                        </table>

                        
                        <pre>docker_compose_command = &#39;docker compose&#39;
docker_compose_file = &#39;/home/ubuntu/SGE-tester-B/projects/docker-compose.yml&#39;
docker_compose_project_name = &#39;pytest16577&#39;, docker_setup = [&#39;up --build -d&#39;]
docker_cleanup = [&#39;down -v&#39;]

    @pytest.fixture(scope=containers_scope)
    def docker_services(
        docker_compose_command: str,
        docker_compose_file: Union[List[str], str],
        docker_compose_project_name: str,
        docker_setup: str,
        docker_cleanup: str,
    ) -&gt; Iterator[Services]:
        &#34;&#34;&#34;Start all services from a docker compose file (`docker-compose up`).
        After test are finished, shutdown all services (`docker-compose down`).&#34;&#34;&#34;
    
&gt;       with get_docker_services(
            docker_compose_command,
            docker_compose_file,
            docker_compose_project_name,
            docker_setup,
            docker_cleanup,
        ) as docker_service:

.venv/lib/python3.12/site-packages/pytest_docker/plugin.py:238: 
_ _ _ _ _ _ _ _ _ _ _ _ _ _ _ _ _ _ _ _ _ _ _ _ _ _ _ _ _ _ _ _ _ _ _ _ _ _ _ _ 
/usr/lib/python3.12/contextlib.py:137: in __enter__
    return next(self.gen)
.venv/lib/python3.12/site-packages/pytest_docker/plugin.py:212: in get_docker_services
    docker_compose.execute(command)
.venv/lib/python3.12/site-packages/pytest_docker/plugin.py:140: in execute
    return execute(command)
_ _ _ _ _ _ _ _ _ _ _ _ _ _ _ _ _ _ _ _ _ _ _ _ _ _ _ _ _ _ _ _ _ _ _ _ _ _ _ _ 

command = &#39;docker compose -f &#34;/home/ubuntu/SGE-tester-B/projects/docker-compose.yml&#34; -p &#34;pytest16577&#34; up --build -d&#39;
success_codes = (0,)

    def execute(command: str, success_codes: Iterable[int] = (0,)) -&gt; Union[bytes, Any]:
        &#34;&#34;&#34;Run a shell command.&#34;&#34;&#34;
        try:
            output = subprocess.check_output(command, stderr=subprocess.STDOUT, shell=True)
            status = 0
        except subprocess.CalledProcessError as error:
            output = error.output or b&#34;&#34;
            status = error.returncode
            command = error.cmd
    
        if status not in success_codes:
&gt;           raise Exception(
                &#39;Command {} returned {}: &#34;&#34;&#34;{}&#34;&#34;&#34;.&#39;.format(command, status, output.decode(&#34;utf-8&#34;))
            )
E           Exception: Command docker compose -f &#34;/home/ubuntu/SGE-tester-B/projects/docker-compose.yml&#34; -p &#34;pytest16577&#34; up --build -d returned 1: &#34;&#34;&#34;time=&#34;2026-01-13T13:06:26Z&#34; level=warning msg=&#34;/home/ubuntu/SGE-tester-B/projects/docker-compose.yml: the attribute `version` is obsolete, it will be ignored, please remove it to avoid potential confusion&#34;
E            Network pytest16577_default  Creating
E            Network pytest16577_default  Created
E            Container pytest16577-db-1  Creating
E            Container pytest16577-db-1  Created
E            Container pytest16577-odoo-1  Creating
E            Container pytest16577-odoo-1  Created
E            Container pytest16577-db-1  Starting
E           Error response from daemon: failed to set up container networking: driver failed programming external connectivity on endpoint pytest16577-db-1 (0f540590d1d9bfe39925743794abcb795ef9ae9d258cc610cb1dabc52bbcebd8): Bind for 0.0.0.0:5432 failed: port is already allocated
E           &#34;&#34;&#34;.

.venv/lib/python3.12/site-packages/pytest_docker/plugin.py:35: Exception</pre>
                        
                        

                        
                        
                        
                    </div>
                
                    <div class="test outcome outcome-failed">
                        <a id="c272e138-9032-4f67-b3f9-9f020968eaa0"></a>
                        <table class="proplist">
                            <tr><th>Test case:</th><td><b>test_otras_apps_entregadas_son_dependencias</b></td></tr>
                            <tr><th>Outcome:</th><td>Failed</td></tr>
                            <tr><th>Duration:</th><td>0.0 sec</td></tr>
                        
                            <tr><th>Failed</th><td>failed on setup with &#34;Exception: Command docker compose -f &#34;/home/ubuntu/SGE-tester-B/projects/docker-compose.yml&#34; -p &#34;pytest16577&#34; up --build -d returned 1: &#34;&#34;&#34;time=&#34;2026-01-13T13:06:26Z&#34; level=warning msg=&#34;/home/ubuntu/SGE-tester-B/projects/docker-compose.yml: the attribute `version` is obsolete, it will be ignored, please remove it to avoid potential confusion&#34;
 Network pytest16577_default  Creating
 Network pytest16577_default  Created
 Container pytest16577-db-1  Creating
 Container pytest16577-db-1  Created
 Container pytest16577-odoo-1  Creating
 Container pytest16577-odoo-1  Created
 Container pytest16577-db-1  Starting
Error response from daemon: failed to set up container networking: driver failed programming external connectivity on endpoint pytest16577-db-1 (0f540590d1d9bfe39925743794abcb795ef9ae9d258cc610cb1dabc52bbcebd8): Bind for 0.0.0.0:5432 failed: port is already allocated
&#34;&#34;&#34;.&#34;</td></tr>
                        
                        
                        </table>

                        
                        <pre>docker_compose_command = &#39;docker compose&#39;
docker_compose_file = &#39;/home/ubuntu/SGE-tester-B/projects/docker-compose.yml&#39;
docker_compose_project_name = &#39;pytest16577&#39;, docker_setup = [&#39;up --build -d&#39;]
docker_cleanup = [&#39;down -v&#39;]

    @pytest.fixture(scope=containers_scope)
    def docker_services(
        docker_compose_command: str,
        docker_compose_file: Union[List[str], str],
        docker_compose_project_name: str,
        docker_setup: str,
        docker_cleanup: str,
    ) -&gt; Iterator[Services]:
        &#34;&#34;&#34;Start all services from a docker compose file (`docker-compose up`).
        After test are finished, shutdown all services (`docker-compose down`).&#34;&#34;&#34;
    
&gt;       with get_docker_services(
            docker_compose_command,
            docker_compose_file,
            docker_compose_project_name,
            docker_setup,
            docker_cleanup,
        ) as docker_service:

.venv/lib/python3.12/site-packages/pytest_docker/plugin.py:238: 
_ _ _ _ _ _ _ _ _ _ _ _ _ _ _ _ _ _ _ _ _ _ _ _ _ _ _ _ _ _ _ _ _ _ _ _ _ _ _ _ 
/usr/lib/python3.12/contextlib.py:137: in __enter__
    return next(self.gen)
.venv/lib/python3.12/site-packages/pytest_docker/plugin.py:212: in get_docker_services
    docker_compose.execute(command)
.venv/lib/python3.12/site-packages/pytest_docker/plugin.py:140: in execute
    return execute(command)
_ _ _ _ _ _ _ _ _ _ _ _ _ _ _ _ _ _ _ _ _ _ _ _ _ _ _ _ _ _ _ _ _ _ _ _ _ _ _ _ 

command = &#39;docker compose -f &#34;/home/ubuntu/SGE-tester-B/projects/docker-compose.yml&#34; -p &#34;pytest16577&#34; up --build -d&#39;
success_codes = (0,)

    def execute(command: str, success_codes: Iterable[int] = (0,)) -&gt; Union[bytes, Any]:
        &#34;&#34;&#34;Run a shell command.&#34;&#34;&#34;
        try:
            output = subprocess.check_output(command, stderr=subprocess.STDOUT, shell=True)
            status = 0
        except subprocess.CalledProcessError as error:
            output = error.output or b&#34;&#34;
            status = error.returncode
            command = error.cmd
    
        if status not in success_codes:
&gt;           raise Exception(
                &#39;Command {} returned {}: &#34;&#34;&#34;{}&#34;&#34;&#34;.&#39;.format(command, status, output.decode(&#34;utf-8&#34;))
            )
E           Exception: Command docker compose -f &#34;/home/ubuntu/SGE-tester-B/projects/docker-compose.yml&#34; -p &#34;pytest16577&#34; up --build -d returned 1: &#34;&#34;&#34;time=&#34;2026-01-13T13:06:26Z&#34; level=warning msg=&#34;/home/ubuntu/SGE-tester-B/projects/docker-compose.yml: the attribute `version` is obsolete, it will be ignored, please remove it to avoid potential confusion&#34;
E            Network pytest16577_default  Creating
E            Network pytest16577_default  Created
E            Container pytest16577-db-1  Creating
E            Container pytest16577-db-1  Created
E            Container pytest16577-odoo-1  Creating
E            Container pytest16577-odoo-1  Created
E            Container pytest16577-db-1  Starting
E           Error response from daemon: failed to set up container networking: driver failed programming external connectivity on endpoint pytest16577-db-1 (0f540590d1d9bfe39925743794abcb795ef9ae9d258cc610cb1dabc52bbcebd8): Bind for 0.0.0.0:5432 failed: port is already allocated
E           &#34;&#34;&#34;.

.venv/lib/python3.12/site-packages/pytest_docker/plugin.py:35: Exception</pre>
                        
                        

                        
                        
                        
                    </div>
                
                    <div class="test outcome outcome-failed">
                        <a id="45ca866f-bd61-4a0c-85a6-95f6593ef45a"></a>
                        <table class="proplist">
                            <tr><th>Test case:</th><td><b>test_no_hay_elementos_xml_comentados</b></td></tr>
                            <tr><th>Outcome:</th><td>Failed</td></tr>
                            <tr><th>Duration:</th><td>0.001 sec</td></tr>
                        
                            <tr><th>Failed</th><td>failed on setup with &#34;Exception: Command docker compose -f &#34;/home/ubuntu/SGE-tester-B/projects/docker-compose.yml&#34; -p &#34;pytest16577&#34; up --build -d returned 1: &#34;&#34;&#34;time=&#34;2026-01-13T13:06:26Z&#34; level=warning msg=&#34;/home/ubuntu/SGE-tester-B/projects/docker-compose.yml: the attribute `version` is obsolete, it will be ignored, please remove it to avoid potential confusion&#34;
 Network pytest16577_default  Creating
 Network pytest16577_default  Created
 Container pytest16577-db-1  Creating
 Container pytest16577-db-1  Created
 Container pytest16577-odoo-1  Creating
 Container pytest16577-odoo-1  Created
 Container pytest16577-db-1  Starting
Error response from daemon: failed to set up container networking: driver failed programming external connectivity on endpoint pytest16577-db-1 (0f540590d1d9bfe39925743794abcb795ef9ae9d258cc610cb1dabc52bbcebd8): Bind for 0.0.0.0:5432 failed: port is already allocated
&#34;&#34;&#34;.&#34;</td></tr>
                        
                        
                        </table>

                        
                        <pre>docker_compose_command = &#39;docker compose&#39;
docker_compose_file = &#39;/home/ubuntu/SGE-tester-B/projects/docker-compose.yml&#39;
docker_compose_project_name = &#39;pytest16577&#39;, docker_setup = [&#39;up --build -d&#39;]
docker_cleanup = [&#39;down -v&#39;]

    @pytest.fixture(scope=containers_scope)
    def docker_services(
        docker_compose_command: str,
        docker_compose_file: Union[List[str], str],
        docker_compose_project_name: str,
        docker_setup: str,
        docker_cleanup: str,
    ) -&gt; Iterator[Services]:
        &#34;&#34;&#34;Start all services from a docker compose file (`docker-compose up`).
        After test are finished, shutdown all services (`docker-compose down`).&#34;&#34;&#34;
    
&gt;       with get_docker_services(
            docker_compose_command,
            docker_compose_file,
            docker_compose_project_name,
            docker_setup,
            docker_cleanup,
        ) as docker_service:

.venv/lib/python3.12/site-packages/pytest_docker/plugin.py:238: 
_ _ _ _ _ _ _ _ _ _ _ _ _ _ _ _ _ _ _ _ _ _ _ _ _ _ _ _ _ _ _ _ _ _ _ _ _ _ _ _ 
/usr/lib/python3.12/contextlib.py:137: in __enter__
    return next(self.gen)
.venv/lib/python3.12/site-packages/pytest_docker/plugin.py:212: in get_docker_services
    docker_compose.execute(command)
.venv/lib/python3.12/site-packages/pytest_docker/plugin.py:140: in execute
    return execute(command)
_ _ _ _ _ _ _ _ _ _ _ _ _ _ _ _ _ _ _ _ _ _ _ _ _ _ _ _ _ _ _ _ _ _ _ _ _ _ _ _ 

command = &#39;docker compose -f &#34;/home/ubuntu/SGE-tester-B/projects/docker-compose.yml&#34; -p &#34;pytest16577&#34; up --build -d&#39;
success_codes = (0,)

    def execute(command: str, success_codes: Iterable[int] = (0,)) -&gt; Union[bytes, Any]:
        &#34;&#34;&#34;Run a shell command.&#34;&#34;&#34;
        try:
            output = subprocess.check_output(command, stderr=subprocess.STDOUT, shell=True)
            status = 0
        except subprocess.CalledProcessError as error:
            output = error.output or b&#34;&#34;
            status = error.returncode
            command = error.cmd
    
        if status not in success_codes:
&gt;           raise Exception(
                &#39;Command {} returned {}: &#34;&#34;&#34;{}&#34;&#34;&#34;.&#39;.format(command, status, output.decode(&#34;utf-8&#34;))
            )
E           Exception: Command docker compose -f &#34;/home/ubuntu/SGE-tester-B/projects/docker-compose.yml&#34; -p &#34;pytest16577&#34; up --build -d returned 1: &#34;&#34;&#34;time=&#34;2026-01-13T13:06:26Z&#34; level=warning msg=&#34;/home/ubuntu/SGE-tester-B/projects/docker-compose.yml: the attribute `version` is obsolete, it will be ignored, please remove it to avoid potential confusion&#34;
E            Network pytest16577_default  Creating
E            Network pytest16577_default  Created
E            Container pytest16577-db-1  Creating
E            Container pytest16577-db-1  Created
E            Container pytest16577-odoo-1  Creating
E            Container pytest16577-odoo-1  Created
E            Container pytest16577-db-1  Starting
E           Error response from daemon: failed to set up container networking: driver failed programming external connectivity on endpoint pytest16577-db-1 (0f540590d1d9bfe39925743794abcb795ef9ae9d258cc610cb1dabc52bbcebd8): Bind for 0.0.0.0:5432 failed: port is already allocated
E           &#34;&#34;&#34;.

.venv/lib/python3.12/site-packages/pytest_docker/plugin.py:35: Exception</pre>
                        
                        

                        
                        
                        
                    </div>
                
                    <div class="test outcome outcome-failed">
                        <a id="fffaa35c-3371-4b92-90e7-b6c7ca0b7f3a"></a>
                        <table class="proplist">
                            <tr><th>Test case:</th><td><b>test_no_hay_codigo_python_comentado</b></td></tr>
                            <tr><th>Outcome:</th><td>Failed</td></tr>
                            <tr><th>Duration:</th><td>0.0 sec</td></tr>
                        
                            <tr><th>Failed</th><td>failed on setup with &#34;Exception: Command docker compose -f &#34;/home/ubuntu/SGE-tester-B/projects/docker-compose.yml&#34; -p &#34;pytest16577&#34; up --build -d returned 1: &#34;&#34;&#34;time=&#34;2026-01-13T13:06:26Z&#34; level=warning msg=&#34;/home/ubuntu/SGE-tester-B/projects/docker-compose.yml: the attribute `version` is obsolete, it will be ignored, please remove it to avoid potential confusion&#34;
 Network pytest16577_default  Creating
 Network pytest16577_default  Created
 Container pytest16577-db-1  Creating
 Container pytest16577-db-1  Created
 Container pytest16577-odoo-1  Creating
 Container pytest16577-odoo-1  Created
 Container pytest16577-db-1  Starting
Error response from daemon: failed to set up container networking: driver failed programming external connectivity on endpoint pytest16577-db-1 (0f540590d1d9bfe39925743794abcb795ef9ae9d258cc610cb1dabc52bbcebd8): Bind for 0.0.0.0:5432 failed: port is already allocated
&#34;&#34;&#34;.&#34;</td></tr>
                        
                        
                        </table>

                        
                        <pre>docker_compose_command = &#39;docker compose&#39;
docker_compose_file = &#39;/home/ubuntu/SGE-tester-B/projects/docker-compose.yml&#39;
docker_compose_project_name = &#39;pytest16577&#39;, docker_setup = [&#39;up --build -d&#39;]
docker_cleanup = [&#39;down -v&#39;]

    @pytest.fixture(scope=containers_scope)
    def docker_services(
        docker_compose_command: str,
        docker_compose_file: Union[List[str], str],
        docker_compose_project_name: str,
        docker_setup: str,
        docker_cleanup: str,
    ) -&gt; Iterator[Services]:
        &#34;&#34;&#34;Start all services from a docker compose file (`docker-compose up`).
        After test are finished, shutdown all services (`docker-compose down`).&#34;&#34;&#34;
    
&gt;       with get_docker_services(
            docker_compose_command,
            docker_compose_file,
            docker_compose_project_name,
            docker_setup,
            docker_cleanup,
        ) as docker_service:

.venv/lib/python3.12/site-packages/pytest_docker/plugin.py:238: 
_ _ _ _ _ _ _ _ _ _ _ _ _ _ _ _ _ _ _ _ _ _ _ _ _ _ _ _ _ _ _ _ _ _ _ _ _ _ _ _ 
/usr/lib/python3.12/contextlib.py:137: in __enter__
    return next(self.gen)
.venv/lib/python3.12/site-packages/pytest_docker/plugin.py:212: in get_docker_services
    docker_compose.execute(command)
.venv/lib/python3.12/site-packages/pytest_docker/plugin.py:140: in execute
    return execute(command)
_ _ _ _ _ _ _ _ _ _ _ _ _ _ _ _ _ _ _ _ _ _ _ _ _ _ _ _ _ _ _ _ _ _ _ _ _ _ _ _ 

command = &#39;docker compose -f &#34;/home/ubuntu/SGE-tester-B/projects/docker-compose.yml&#34; -p &#34;pytest16577&#34; up --build -d&#39;
success_codes = (0,)

    def execute(command: str, success_codes: Iterable[int] = (0,)) -&gt; Union[bytes, Any]:
        &#34;&#34;&#34;Run a shell command.&#34;&#34;&#34;
        try:
            output = subprocess.check_output(command, stderr=subprocess.STDOUT, shell=True)
            status = 0
        except subprocess.CalledProcessError as error:
            output = error.output or b&#34;&#34;
            status = error.returncode
            command = error.cmd
    
        if status not in success_codes:
&gt;           raise Exception(
                &#39;Command {} returned {}: &#34;&#34;&#34;{}&#34;&#34;&#34;.&#39;.format(command, status, output.decode(&#34;utf-8&#34;))
            )
E           Exception: Command docker compose -f &#34;/home/ubuntu/SGE-tester-B/projects/docker-compose.yml&#34; -p &#34;pytest16577&#34; up --build -d returned 1: &#34;&#34;&#34;time=&#34;2026-01-13T13:06:26Z&#34; level=warning msg=&#34;/home/ubuntu/SGE-tester-B/projects/docker-compose.yml: the attribute `version` is obsolete, it will be ignored, please remove it to avoid potential confusion&#34;
E            Network pytest16577_default  Creating
E            Network pytest16577_default  Created
E            Container pytest16577-db-1  Creating
E            Container pytest16577-db-1  Created
E            Container pytest16577-odoo-1  Creating
E            Container pytest16577-odoo-1  Created
E            Container pytest16577-db-1  Starting
E           Error response from daemon: failed to set up container networking: driver failed programming external connectivity on endpoint pytest16577-db-1 (0f540590d1d9bfe39925743794abcb795ef9ae9d258cc610cb1dabc52bbcebd8): Bind for 0.0.0.0:5432 failed: port is already allocated
E           &#34;&#34;&#34;.

.venv/lib/python3.12/site-packages/pytest_docker/plugin.py:35: Exception</pre>
                        
                        

                        
                        
                        
                    </div>
                
                    <div class="test outcome outcome-failed">
                        <a id="5c499fa4-286e-4e86-8562-2e1e2f1d8c9d"></a>
                        <table class="proplist">
                            <tr><th>Test case:</th><td><b>test_log_servidor_sin_errores</b></td></tr>
                            <tr><th>Outcome:</th><td>Failed</td></tr>
                            <tr><th>Duration:</th><td>0.0 sec</td></tr>
                        
                            <tr><th>Failed</th><td>failed on setup with &#34;Exception: Command docker compose -f &#34;/home/ubuntu/SGE-tester-B/projects/docker-compose.yml&#34; -p &#34;pytest16577&#34; up --build -d returned 1: &#34;&#34;&#34;time=&#34;2026-01-13T13:06:26Z&#34; level=warning msg=&#34;/home/ubuntu/SGE-tester-B/projects/docker-compose.yml: the attribute `version` is obsolete, it will be ignored, please remove it to avoid potential confusion&#34;
 Network pytest16577_default  Creating
 Network pytest16577_default  Created
 Container pytest16577-db-1  Creating
 Container pytest16577-db-1  Created
 Container pytest16577-odoo-1  Creating
 Container pytest16577-odoo-1  Created
 Container pytest16577-db-1  Starting
Error response from daemon: failed to set up container networking: driver failed programming external connectivity on endpoint pytest16577-db-1 (0f540590d1d9bfe39925743794abcb795ef9ae9d258cc610cb1dabc52bbcebd8): Bind for 0.0.0.0:5432 failed: port is already allocated
&#34;&#34;&#34;.&#34;</td></tr>
                        
                        
                        </table>

                        
                        <pre>docker_compose_command = &#39;docker compose&#39;
docker_compose_file = &#39;/home/ubuntu/SGE-tester-B/projects/docker-compose.yml&#39;
docker_compose_project_name = &#39;pytest16577&#39;, docker_setup = [&#39;up --build -d&#39;]
docker_cleanup = [&#39;down -v&#39;]

    @pytest.fixture(scope=containers_scope)
    def docker_services(
        docker_compose_command: str,
        docker_compose_file: Union[List[str], str],
        docker_compose_project_name: str,
        docker_setup: str,
        docker_cleanup: str,
    ) -&gt; Iterator[Services]:
        &#34;&#34;&#34;Start all services from a docker compose file (`docker-compose up`).
        After test are finished, shutdown all services (`docker-compose down`).&#34;&#34;&#34;
    
&gt;       with get_docker_services(
            docker_compose_command,
            docker_compose_file,
            docker_compose_project_name,
            docker_setup,
            docker_cleanup,
        ) as docker_service:

.venv/lib/python3.12/site-packages/pytest_docker/plugin.py:238: 
_ _ _ _ _ _ _ _ _ _ _ _ _ _ _ _ _ _ _ _ _ _ _ _ _ _ _ _ _ _ _ _ _ _ _ _ _ _ _ _ 
/usr/lib/python3.12/contextlib.py:137: in __enter__
    return next(self.gen)
.venv/lib/python3.12/site-packages/pytest_docker/plugin.py:212: in get_docker_services
    docker_compose.execute(command)
.venv/lib/python3.12/site-packages/pytest_docker/plugin.py:140: in execute
    return execute(command)
_ _ _ _ _ _ _ _ _ _ _ _ _ _ _ _ _ _ _ _ _ _ _ _ _ _ _ _ _ _ _ _ _ _ _ _ _ _ _ _ 

command = &#39;docker compose -f &#34;/home/ubuntu/SGE-tester-B/projects/docker-compose.yml&#34; -p &#34;pytest16577&#34; up --build -d&#39;
success_codes = (0,)

    def execute(command: str, success_codes: Iterable[int] = (0,)) -&gt; Union[bytes, Any]:
        &#34;&#34;&#34;Run a shell command.&#34;&#34;&#34;
        try:
            output = subprocess.check_output(command, stderr=subprocess.STDOUT, shell=True)
            status = 0
        except subprocess.CalledProcessError as error:
            output = error.output or b&#34;&#34;
            status = error.returncode
            command = error.cmd
    
        if status not in success_codes:
&gt;           raise Exception(
                &#39;Command {} returned {}: &#34;&#34;&#34;{}&#34;&#34;&#34;.&#39;.format(command, status, output.decode(&#34;utf-8&#34;))
            )
E           Exception: Command docker compose -f &#34;/home/ubuntu/SGE-tester-B/projects/docker-compose.yml&#34; -p &#34;pytest16577&#34; up --build -d returned 1: &#34;&#34;&#34;time=&#34;2026-01-13T13:06:26Z&#34; level=warning msg=&#34;/home/ubuntu/SGE-tester-B/projects/docker-compose.yml: the attribute `version` is obsolete, it will be ignored, please remove it to avoid potential confusion&#34;
E            Network pytest16577_default  Creating
E            Network pytest16577_default  Created
E            Container pytest16577-db-1  Creating
E            Container pytest16577-db-1  Created
E            Container pytest16577-odoo-1  Creating
E            Container pytest16577-odoo-1  Created
E            Container pytest16577-db-1  Starting
E           Error response from daemon: failed to set up container networking: driver failed programming external connectivity on endpoint pytest16577-db-1 (0f540590d1d9bfe39925743794abcb795ef9ae9d258cc610cb1dabc52bbcebd8): Bind for 0.0.0.0:5432 failed: port is already allocated
E           &#34;&#34;&#34;.

.venv/lib/python3.12/site-packages/pytest_docker/plugin.py:35: Exception</pre>
                        
                        

                        
                        
                        
                    </div>
                
                </div>
            </div>
            
            <div class="testclass">
                <h4>test_minimal_requirements.TestOtros</h4>
                <div class="testcases">
                
                    <div class="test outcome outcome-skipped">
                        <a id="a5c8111c-7fd8-44b0-b843-afb8c781a65d"></a>
                        <table class="proplist">
                            <tr><th>Test case:</th><td><b>test_log_sin_warnings</b></td></tr>
                            <tr><th>Outcome:</th><td>Skipped</td></tr>
                            <tr><th>Duration:</th><td>0.0 sec</td></tr>
                        
                        
                            <tr><th>Skipped</th><td></td></tr>
                        
                        </table>

                        
                        
                        <pre>skipped</pre>
                        

                        
                        
                        
                    </div>
                
                </div>
            </div>
            
            <div class="testclass">
                <h4>test_minimal_requirements.TestRNFAdicionalesKanban</h4>
                <div class="testcases">
                
                    <div class="test outcome outcome-skipped">
                        <a id="3d54035a-3fb3-403b-9642-103691de27b3"></a>
                        <table class="proplist">
                            <tr><th>Test case:</th><td><b>test_vista_kanban[/kanban]</b></td></tr>
                            <tr><th>Outcome:</th><td>Skipped</td></tr>
                            <tr><th>Duration:</th><td>0.0 sec</td></tr>
                        
                        
                            <tr><th>Skipped</th><td></td></tr>
                        
                        </table>

                        
                        
                        <pre>skipped</pre>
                        

                        
                        
                        
                    </div>
                
                    <div class="test outcome outcome-skipped">
                        <a id="bf1213c9-72ac-4e2b-a42d-c650f70bd896"></a>
                        <table class="proplist">
                            <tr><th>Test case:</th><td><b>test_vista_kanban[/kanban[@default_group_by]]</b></td></tr>
                            <tr><th>Outcome:</th><td>Skipped</td></tr>
                            <tr><th>Duration:</th><td>0.0 sec</td></tr>
                        
                        
                            <tr><th>Skipped</th><td></td></tr>
                        
                        </table>

                        
                        
                        <pre>skipped</pre>
                        

                        
                        
                        
                    </div>
                
                    <div class="test outcome outcome-skipped">
                        <a id="d7f081a6-f014-4ab2-b806-96d4d30cf2b1"></a>
                        <table class="proplist">
                            <tr><th>Test case:</th><td><b>test_vista_kanban_imagen[/img]</b></td></tr>
                            <tr><th>Outcome:</th><td>Skipped</td></tr>
                            <tr><th>Duration:</th><td>0.001 sec</td></tr>
                        
                        
                            <tr><th>Skipped</th><td></td></tr>
                        
                        </table>

                        
                        
                        <pre>skipped</pre>
                        

                        
                        
                        
                    </div>
                
                    <div class="test outcome outcome-skipped">
                        <a id="e301c45b-5325-4c02-9eea-7f78594f3979"></a>
                        <table class="proplist">
                            <tr><th>Test case:</th><td><b>test_vista_kanban_imagen[/field[@preview_image]]</b></td></tr>
                            <tr><th>Outcome:</th><td>Skipped</td></tr>
                            <tr><th>Duration:</th><td>0.001 sec</td></tr>
                        
                        
                            <tr><th>Skipped</th><td></td></tr>
                        
                        </table>

                        
                        
                        <pre>skipped</pre>
                        

                        
                        
                        
                    </div>
                
                    <div class="test outcome outcome-skipped">
                        <a id="a96e2484-2720-43f1-a098-4b7205a9aff5"></a>
                        <table class="proplist">
                            <tr><th>Test case:</th><td><b>test_vista_kanban_imagen[/field[@widget=&#34;image&#34;]]</b></td></tr>
                            <tr><th>Outcome:</th><td>Skipped</td></tr>
                            <tr><th>Duration:</th><td>0.001 sec</td></tr>
                        
                        
                            <tr><th>Skipped</th><td></td></tr>
                        
                        </table>

                        
                        
                        <pre>skipped</pre>
                        

                        
                        
                        
                    </div>
                
                </div>
            </div>
            
            <div class="testclass">
                <h4>test_minimal_requirements.TestRNFAdicionalesBusqueda</h4>
                <div class="testcases">
                
                    <div class="test outcome outcome-skipped">
                        <a id="0767187a-ba29-4239-918f-1eefd9edf912"></a>
                        <table class="proplist">
                            <tr><th>Test case:</th><td><b>test_vista_search[/search]</b></td></tr>
                            <tr><th>Outcome:</th><td>Skipped</td></tr>
                            <tr><th>Duration:</th><td>0.001 sec</td></tr>
                        
                        
                            <tr><th>Skipped</th><td></td></tr>
                        
                        </table>

                        
                        
                        <pre>skipped</pre>
                        

                        
                        
                        
                    </div>
                
                    <div class="test outcome outcome-skipped">
                        <a id="a47d9fc4-6ff6-4082-bb6b-57aa2886f777"></a>
                        <table class="proplist">
                            <tr><th>Test case:</th><td><b>test_vista_search_compleja[/filter[@domain]]</b></td></tr>
                            <tr><th>Outcome:</th><td>Skipped</td></tr>
                            <tr><th>Duration:</th><td>0.001 sec</td></tr>
                        
                        
                            <tr><th>Skipped</th><td></td></tr>
                        
                        </table>

                        
                        
                        <pre>skipped</pre>
                        

                        
                        
                        
                    </div>
                
                    <div class="test outcome outcome-skipped">
                        <a id="b34ea8aa-31d9-413c-b3be-1be06ebcd328"></a>
                        <table class="proplist">
                            <tr><th>Test case:</th><td><b>test_vista_search_compleja[/group//filter[@context]]</b></td></tr>
                            <tr><th>Outcome:</th><td>Skipped</td></tr>
                            <tr><th>Duration:</th><td>0.001 sec</td></tr>
                        
                        
                            <tr><th>Skipped</th><td></td></tr>
                        
                        </table>

                        
                        
                        <pre>skipped</pre>
                        

                        
                        
                        
                    </div>
                
                </div>
            </div>
            
            <div class="testclass">
                <h4>test_minimal_requirements.TestRNFAdicionalesOtrasVistas</h4>
                <div class="testcases">
                
                    <div class="test outcome outcome-skipped">
                        <a id="0c9bba3a-836a-4935-96ef-e22018fb66c2"></a>
                        <table class="proplist">
                            <tr><th>Test case:</th><td><b>test_otras_vistas_adicionales[activity]</b></td></tr>
                            <tr><th>Outcome:</th><td>Skipped</td></tr>
                            <tr><th>Duration:</th><td>0.001 sec</td></tr>
                        
                        
                            <tr><th>Skipped</th><td></td></tr>
                        
                        </table>

                        
                        
                        <pre>skipped</pre>
                        

                        
                        
                        
                    </div>
                
                    <div class="test outcome outcome-skipped">
                        <a id="d5bf3ded-ca42-4160-b460-bb1eea9cfb4e"></a>
                        <table class="proplist">
                            <tr><th>Test case:</th><td><b>test_otras_vistas_adicionales[calendar]</b></td></tr>
                            <tr><th>Outcome:</th><td>Skipped</td></tr>
                            <tr><th>Duration:</th><td>0.001 sec</td></tr>
                        
                        
                            <tr><th>Skipped</th><td></td></tr>
                        
                        </table>

                        
                        
                        <pre>skipped</pre>
                        

                        
                        
                        
                    </div>
                
                    <div class="test outcome outcome-skipped">
                        <a id="abc0f17a-a36a-45bd-9021-f90df3c6c09f"></a>
                        <table class="proplist">
                            <tr><th>Test case:</th><td><b>test_otras_vistas_adicionales[graph]</b></td></tr>
                            <tr><th>Outcome:</th><td>Skipped</td></tr>
                            <tr><th>Duration:</th><td>0.001 sec</td></tr>
                        
                        
                            <tr><th>Skipped</th><td></td></tr>
                        
                        </table>

                        
                        
                        <pre>skipped</pre>
                        

                        
                        
                        
                    </div>
                
                    <div class="test outcome outcome-skipped">
                        <a id="3964e129-e548-42ec-963c-e7a5d16d8bca"></a>
                        <table class="proplist">
                            <tr><th>Test case:</th><td><b>test_otras_vistas_adicionales[pivot]</b></td></tr>
                            <tr><th>Outcome:</th><td>Skipped</td></tr>
                            <tr><th>Duration:</th><td>0.001 sec</td></tr>
                        
                        
                            <tr><th>Skipped</th><td></td></tr>
                        
                        </table>

                        
                        
                        <pre>skipped</pre>
                        

                        
                        
                        
                    </div>
                
                </div>
            </div>
            
            <div class="testclass">
                <h4>test_minimal_requirements.TestRNFAdicionalesConstraints</h4>
                <div class="testcases">
                
                    <div class="test outcome outcome-skipped">
                        <a id="71994b7d-a299-4e26-8e55-4de8e355a174"></a>
                        <table class="proplist">
                            <tr><th>Test case:</th><td><b>test_constraints_sql</b></td></tr>
                            <tr><th>Outcome:</th><td>Skipped</td></tr>
                            <tr><th>Duration:</th><td>0.001 sec</td></tr>
                        
                        
                            <tr><th>Skipped</th><td></td></tr>
                        
                        </table>

                        
                        
                        <pre>skipped</pre>
                        

                        
                        
                        
                    </div>
                
                </div>
            </div>
            
            <div class="testclass">
                <h4>test_minimal_requirements.TestRNFAdicionalesSeguridadAvanzada</h4>
                <div class="testcases">
                
                    <div class="test outcome outcome-skipped">
                        <a id="4eeef81c-4c2b-464d-b361-669d82bc2bb8"></a>
                        <table class="proplist">
                            <tr><th>Test case:</th><td><b>test_seguridad_con_grupos_propios</b></td></tr>
                            <tr><th>Outcome:</th><td>Skipped</td></tr>
                            <tr><th>Duration:</th><td>0.001 sec</td></tr>
                        
                        
                            <tr><th>Skipped</th><td></td></tr>
                        
                        </table>

                        
                        
                        <pre>skipped</pre>
                        

                        
                        
                        
                    </div>
                
                </div>
            </div>
            
            <div class="testclass">
                <h4>test_minimal_requirements.TestRNFAdicionalesDatosAvanzados</h4>
                <div class="testcases">
                
                    <div class="test outcome outcome-skipped">
                        <a id="40b2de8a-3e72-41d5-ba76-1cada223c481"></a>
                        <table class="proplist">
                            <tr><th>Test case:</th><td><b>test_datos_maestros_o_demo_avanzados[binary]</b></td></tr>
                            <tr><th>Outcome:</th><td>Skipped</td></tr>
                            <tr><th>Duration:</th><td>0.001 sec</td></tr>
                        
                        
                            <tr><th>Skipped</th><td></td></tr>
                        
                        </table>

                        
                        
                        <pre>skipped</pre>
                        

                        
                        
                        
                    </div>
                
                    <div class="test outcome outcome-skipped">
                        <a id="0505c211-e3fa-438c-9508-394a7c32c890"></a>
                        <table class="proplist">
                            <tr><th>Test case:</th><td><b>test_datos_maestros_o_demo_avanzados[many2many]</b></td></tr>
                            <tr><th>Outcome:</th><td>Skipped</td></tr>
                            <tr><th>Duration:</th><td>0.001 sec</td></tr>
                        
                        
                            <tr><th>Skipped</th><td></td></tr>
                        
                        </table>

                        
                        
                        <pre>skipped</pre>
                        

                        
                        
                        
                    </div>
                
                    <div class="test outcome outcome-skipped">
                        <a id="1025ad0d-3616-447a-9e3b-a3ea7f7daa93"></a>
                        <table class="proplist">
                            <tr><th>Test case:</th><td><b>test_datos_maestros_o_demo_avanzados[many2one]</b></td></tr>
                            <tr><th>Outcome:</th><td>Skipped</td></tr>
                            <tr><th>Duration:</th><td>0.001 sec</td></tr>
                        
                        
                            <tr><th>Skipped</th><td></td></tr>
                        
                        </table>

                        
                        
                        <pre>skipped</pre>
                        

                        
                        
                        
                    </div>
                
                </div>
            </div>
            
            <div class="testclass">
                <h4>test_minimal_requirements.TestRNFAdicionalesHerenciaVistas</h4>
                <div class="testcases">
                
                    <div class="test outcome outcome-skipped">
                        <a id="65a9d19e-7359-48e5-b7a3-7f545a21dc1d"></a>
                        <table class="proplist">
                            <tr><th>Test case:</th><td><b>test_herencia_en_vistas_con_position</b></td></tr>
                            <tr><th>Outcome:</th><td>Skipped</td></tr>
                            <tr><th>Duration:</th><td>0.001 sec</td></tr>
                        
                        
                            <tr><th>Skipped</th><td></td></tr>
                        
                        </table>

                        
                        
                        <pre>skipped</pre>
                        

                        
                        
                        
                    </div>
                
                    <div class="test outcome outcome-skipped">
                        <a id="0d832b96-8d55-4be1-b04b-5fd7ec004e5d"></a>
                        <table class="proplist">
                            <tr><th>Test case:</th><td><b>test_herencia_en_vistas_con_inherit_id</b></td></tr>
                            <tr><th>Outcome:</th><td>Skipped</td></tr>
                            <tr><th>Duration:</th><td>0.001 sec</td></tr>
                        
                        
                            <tr><th>Skipped</th><td></td></tr>
                        
                        </table>

                        
                        
                        <pre>skipped</pre>
                        

                        
                        
                        
                    </div>
                
                </div>
            </div>
            
            <div class="testclass">
                <h4>test_minimal_requirements.TestRNFAdicionalesHerenciaModelos</h4>
                <div class="testcases">
                
                    <div class="test outcome outcome-skipped">
                        <a id="1aef8471-b107-4f9a-9e1f-a32d70ed0002"></a>
                        <table class="proplist">
                            <tr><th>Test case:</th><td><b>test_modelos_existentes_modificados_por_herencia</b></td></tr>
                            <tr><th>Outcome:</th><td>Skipped</td></tr>
                            <tr><th>Duration:</th><td>0.001 sec</td></tr>
                        
                        
                            <tr><th>Skipped</th><td></td></tr>
                        
                        </table>

                        
                        
                        <pre>skipped</pre>
                        

                        
                        
                        
                    </div>
                
                    <div class="test outcome outcome-skipped">
                        <a id="15322e07-bb83-444a-af8a-192f743c01a7"></a>
                        <table class="proplist">
                            <tr><th>Test case:</th><td><b>test_nuevos_modelos_con_herencia</b></td></tr>
                            <tr><th>Outcome:</th><td>Skipped</td></tr>
                            <tr><th>Duration:</th><td>0.001 sec</td></tr>
                        
                        
                            <tr><th>Skipped</th><td></td></tr>
                        
                        </table>

                        
                        
                        <pre>skipped</pre>
                        

                        
                        
                        
                    </div>
                
                </div>
            </div>
            
            <div class="testclass">
                <h4>test_minimal_requirements.TestRNFAdicionalesTraducciones</h4>
                <div class="testcases">
                
                    <div class="test outcome outcome-skipped">
                        <a id="1b602853-94df-487e-8c37-1338234a86b2"></a>
                        <table class="proplist">
                            <tr><th>Test case:</th><td><b>test_i18n</b></td></tr>
                            <tr><th>Outcome:</th><td>Skipped</td></tr>
                            <tr><th>Duration:</th><td>0.001 sec</td></tr>
                        
                        
                            <tr><th>Skipped</th><td></td></tr>
                        
                        </table>

                        
                        
                        <pre>skipped</pre>
                        

                        
                        
                        
                    </div>
                
                </div>
            </div>
            
            <div class="testclass">
                <h4>test_minimal_requirements.TestRNFAdicionalesInformes</h4>
                <div class="testcases">
                
                    <div class="test outcome outcome-skipped">
                        <a id="dfeef596-92e1-4b57-9944-76bef07e3131"></a>
                        <table class="proplist">
                            <tr><th>Test case:</th><td><b>test_informes[report]</b></td></tr>
                            <tr><th>Outcome:</th><td>Skipped</td></tr>
                            <tr><th>Duration:</th><td>0.001 sec</td></tr>
                        
                        
                            <tr><th>Skipped</th><td></td></tr>
                        
                        </table>

                        
                        
                        <pre>skipped</pre>
                        

                        
                        
                        
                    </div>
                
                    <div class="test outcome outcome-skipped">
                        <a id="16db549c-2f58-4272-a451-28d57689e13e"></a>
                        <table class="proplist">
                            <tr><th>Test case:</th><td><b>test_informes[template]</b></td></tr>
                            <tr><th>Outcome:</th><td>Skipped</td></tr>
                            <tr><th>Duration:</th><td>0.001 sec</td></tr>
                        
                        
                            <tr><th>Skipped</th><td></td></tr>
                        
                        </table>

                        
                        
                        <pre>skipped</pre>
                        

                        
                        
                        
                    </div>
                
                    <div class="test outcome outcome-skipped">
                        <a id="c56a8805-e50e-4f15-96ac-b132847bc737"></a>
                        <table class="proplist">
                            <tr><th>Test case:</th><td><b>test_informes_complejos[/t[@t-foreach]]</b></td></tr>
                            <tr><th>Outcome:</th><td>Skipped</td></tr>
                            <tr><th>Duration:</th><td>0.001 sec</td></tr>
                        
                        
                            <tr><th>Skipped</th><td></td></tr>
                        
                        </table>

                        
                        
                        <pre>skipped</pre>
                        

                        
                        
                        
                    </div>
                
                    <div class="test outcome outcome-skipped">
                        <a id="9595ff17-734f-47bc-97e3-140a6e3f776b"></a>
                        <table class="proplist">
                            <tr><th>Test case:</th><td><b>test_informes_complejos[/img[@t-att-src]]</b></td></tr>
                            <tr><th>Outcome:</th><td>Skipped</td></tr>
                            <tr><th>Duration:</th><td>0.001 sec</td></tr>
                        
                        
                            <tr><th>Skipped</th><td></td></tr>
                        
                        </table>

                        
                        
                        <pre>skipped</pre>
                        

                        
                        
                        
                    </div>
                
                    <div class="test outcome outcome-skipped">
                        <a id="f155df17-cdd4-4ebc-95fc-3170f71d2f42"></a>
                        <table class="proplist">
                            <tr><th>Test case:</th><td><b>test_informes_complejos[/t[@t-call and not(@t-call=&#34;web.external_layout&#34; or @t-call=&#34;web.html_container&#34;)]]</b></td></tr>
                            <tr><th>Outcome:</th><td>Skipped</td></tr>
                            <tr><th>Duration:</th><td>0.001 sec</td></tr>
                        
                        
                            <tr><th>Skipped</th><td></td></tr>
                        
                        </table>

                        
                        
                        <pre>skipped</pre>
                        

                        
                        
                        
                    </div>
                
                </div>
            </div>
            
            <div class="testclass">
                <h4>test_minimal_requirements.TestRNFAdicionalesChatter</h4>
                <div class="testcases">
                
                    <div class="test outcome outcome-skipped">
                        <a id="f9ea7178-151b-4287-aafd-04d643c53034"></a>
                        <table class="proplist">
                            <tr><th>Test case:</th><td><b>test_chatter[mail_thread]</b></td></tr>
                            <tr><th>Outcome:</th><td>Skipped</td></tr>
                            <tr><th>Duration:</th><td>0.0 sec</td></tr>
                        
                        
                            <tr><th>Skipped</th><td></td></tr>
                        
                        </table>

                        
                        
                        <pre>skipped</pre>
                        

                        
                        
                        
                    </div>
                
                    <div class="test outcome outcome-skipped">
                        <a id="87d858ca-1c2f-498b-b9d7-a44e98af92a2"></a>
                        <table class="proplist">
                            <tr><th>Test case:</th><td><b>test_chatter[mail_activity_mixin]</b></td></tr>
                            <tr><th>Outcome:</th><td>Skipped</td></tr>
                            <tr><th>Duration:</th><td>0.0 sec</td></tr>
                        
                        
                            <tr><th>Skipped</th><td></td></tr>
                        
                        </table>

                        
                        
                        <pre>skipped</pre>
                        

                        
                        
                        
                    </div>
                
                    <div class="test outcome outcome-skipped">
                        <a id="5f2a680b-af87-4e7a-bcf8-4a4fcc819164"></a>
                        <table class="proplist">
                            <tr><th>Test case:</th><td><b>test_chatter_tracking</b></td></tr>
                            <tr><th>Outcome:</th><td>Skipped</td></tr>
                            <tr><th>Duration:</th><td>0.001 sec</td></tr>
                        
                        
                            <tr><th>Skipped</th><td></td></tr>
                        
                        </table>

                        
                        
                        <pre>skipped</pre>
                        

                        
                        
                        
                    </div>
                
                    <div class="test outcome outcome-skipped">
                        <a id="625a1cc4-8100-4168-857c-7d1154e6f829"></a>
                        <table class="proplist">
                            <tr><th>Test case:</th><td><b>test_vista_chatter_div</b></td></tr>
                            <tr><th>Outcome:</th><td>Skipped</td></tr>
                            <tr><th>Duration:</th><td>0.001 sec</td></tr>
                        
                        
                            <tr><th>Skipped</th><td></td></tr>
                        
                        </table>

                        
                        
                        <pre>skipped</pre>
                        

                        
                        
                        
                    </div>
                
                    <div class="test outcome outcome-skipped">
                        <a id="cb5c982f-7166-4e24-af09-a28b8f41a0f2"></a>
                        <table class="proplist">
                            <tr><th>Test case:</th><td><b>test_vista_chatter_fields[.//field[@name=&#34;message_follower_ids&#34;]]</b></td></tr>
                            <tr><th>Outcome:</th><td>Skipped</td></tr>
                            <tr><th>Duration:</th><td>0.001 sec</td></tr>
                        
                        
                            <tr><th>Skipped</th><td></td></tr>
                        
                        </table>

                        
                        
                        <pre>skipped</pre>
                        

                        
                        
                        
                    </div>
                
                    <div class="test outcome outcome-skipped">
                        <a id="6fccad6a-c69b-48f0-8e99-0859721e307f"></a>
                        <table class="proplist">
                            <tr><th>Test case:</th><td><b>test_vista_chatter_fields[.//field[@name=&#34;activity_ids&#34;]]</b></td></tr>
                            <tr><th>Outcome:</th><td>Skipped</td></tr>
                            <tr><th>Duration:</th><td>0.001 sec</td></tr>
                        
                        
                            <tr><th>Skipped</th><td></td></tr>
                        
                        </table>

                        
                        
                        <pre>skipped</pre>
                        

                        
                        
                        
                    </div>
                
                    <div class="test outcome outcome-skipped">
                        <a id="dcdc485e-f71a-4afe-9a4a-89b160acb5ee"></a>
                        <table class="proplist">
                            <tr><th>Test case:</th><td><b>test_vista_chatter_fields[.//field[@name=&#34;message_ids&#34;]]</b></td></tr>
                            <tr><th>Outcome:</th><td>Skipped</td></tr>
                            <tr><th>Duration:</th><td>0.001 sec</td></tr>
                        
                        
                            <tr><th>Skipped</th><td></td></tr>
                        
                        </table>

                        
                        
                        <pre>skipped</pre>
                        

                        
                        
                        
                    </div>
                
                    <div class="test outcome outcome-skipped">
                        <a id="27556bd1-7ad7-4443-a870-2b5570362f96"></a>
                        <table class="proplist">
                            <tr><th>Test case:</th><td><b>test_vista_chatter_fields[.//field[@widget=&#34;mail_followers&#34;]]</b></td></tr>
                            <tr><th>Outcome:</th><td>Skipped</td></tr>
                            <tr><th>Duration:</th><td>0.001 sec</td></tr>
                        
                        
                            <tr><th>Skipped</th><td></td></tr>
                        
                        </table>

                        
                        
                        <pre>skipped</pre>
                        

                        
                        
                        
                    </div>
                
                    <div class="test outcome outcome-skipped">
                        <a id="0e109c07-8710-4ee1-b239-7bb05cf973d3"></a>
                        <table class="proplist">
                            <tr><th>Test case:</th><td><b>test_vista_chatter_fields[.//field[@widget=&#34;mail_thread&#34;]]</b></td></tr>
                            <tr><th>Outcome:</th><td>Skipped</td></tr>
                            <tr><th>Duration:</th><td>0.001 sec</td></tr>
                        
                        
                            <tr><th>Skipped</th><td></td></tr>
                        
                        </table>

                        
                        
                        <pre>skipped</pre>
                        

                        
                        
                        
                    </div>
                
                    <div class="test outcome outcome-skipped">
                        <a id="e3eba7f8-a996-4546-a50d-4201e8dc7d8c"></a>
                        <table class="proplist">
                            <tr><th>Test case:</th><td><b>test_vista_chatter_fields[.//field[@widget=&#34;mail_activity&#34;]]</b></td></tr>
                            <tr><th>Outcome:</th><td>Skipped</td></tr>
                            <tr><th>Duration:</th><td>0.017 sec</td></tr>
                        
                        
                            <tr><th>Skipped</th><td></td></tr>
                        
                        </table>

                        
                        
                        <pre>skipped</pre>
                        

                        
                        
                        
                    </div>
                
                </div>
            </div>
            
        </div>
    </div>
    



<p class="footer">
    Generated by junit2html
</p>
</body>
</html>