<!DOCTYPE html>
<html lang="en">
<head>
    <meta charset="UTF-8">
    <title>cfl_videojuegos-pytest.xml</title>
    <style type="text/css">
        body {
    background-color: white;
    padding-bottom: 20em;
    margin: 0;
    min-height: 15cm;
}

h1, h2, h3, h4, h5, h6, h7 {
    font-family: sans-serif;
}

h1 {
    background-color: #007acc;
    color: white;
    padding: 3mm;
    margin-top: 0;
    margin-bottom: 1mm;
}

.footer {
    font-style: italic;
    font-size: small;
    text-align: right;
    padding: 1em;
}

.testsuite {
    padding-bottom: 2em;
    margin-left: 1em;
}

.proplist {
    width: 100%;
    margin-bottom: 2em;
    border-collapse: collapse;
    border: 1px solid grey;
}

.proplist th {
    background-color: silver;
    width: 5em;
    padding: 2px;
    padding-right: 1em;
    text-align: left;
}

.proplist td {
    padding: 2px;
}

.index-table {
    width: 90%;
    margin-left: 1em;
}

.index-table td {
    vertical-align: top;
    max-width: 200px;
    word-wrap: break-word;
}

.failure-index {

}

.toc {
    margin-bottom: 2em;
    font-family: monospace;
}

.stdio, pre {
    min-height: 1em;
    background-color: #1e1e1e;
    color: silver;
    padding: 0.5em;
}
.tdpre {
    background-color: #1e1e1e;
}

.test {
    margin-left: 0.5cm;
}

.outcome {
    border-left: 1em;
    padding: 2px;
}

.outcome-failed {
    border-left: 1em solid lightcoral;
}

.outcome-passed {
    border-left: 1em solid lightgreen;
}

.outcome-skipped {
    border-left: 1em dotted silver;
}

.stats-table {
}

.stats-table td {
    min-width: 4em;
    text-align: right;
}

.stats-table .failed {
    background-color: lightcoral;
}

.stats-table .passed {
    background-color: lightgreen;
}

.matrix-table {
    table-layout: fixed;
    border-spacing: 0;
    width: available;
    margin-left: 1em;
}

.matrix-table td {
    vertical-align: center;
}

.matrix-table td:last-child {
    width: 0;
}

.matrix-table tr:hover {
    background-color: yellow;
}

.matrix-axis-name {
    white-space: nowrap;
    padding-right: 0.5em;
    border-left: 1px solid black;
    border-top: 1px solid black;
    text-align: right;
}

.matrix-axis-line {
    border-left: 1px solid black;
    width: 0.5em;
}

.matrix-classname {
    text-align: left;
    width: 100%;
    border-top: 2px solid grey;
    border-bottom: 1px solid silver;
}

.matrix-casename {
    text-align: left;
    font-weight: normal;
    font-style: italic;
    padding-left: 1em;
    border-bottom: 1px solid silver;
}

.matrix-result {
    display: block;
    width: 1em;
    text-align: center;
    padding: 1mm;
    margin: 0;
}

.matrix-result-combined {
    white-space: nowrap;
    padding-right: 0.2em;
    text-align: right;
}

.matrix-result-failed {
    background-color: lightcoral;
}

.matrix-result-passed {
    background-color: lightgreen;
}

.matrix-result-skipped {
    background-color: lightyellow;
}

.matrix-even {
    background-color: lightgray;
}
    </style>
</head>
<body>
    
<h1>
    Test Report : cfl_videojuegos-pytest.xml
</h1>
<a id="toc"></a>
<table class="index-table">
    <tr>
        <td>
            <ul class="toc">
            
                
                <li>test_minimal_requirements.TestRNF1
                <ul>
                    
                    <li><a href="#1b19f385-61f0-47f3-a917-05ac3a815fc5">test_app_tiene_al_menos_4_modelos</a></li>
                    
                    <li><a href="#4df9e191-8e6a-43f8-b864-27e0fcc69364">test_modelos_en_ficheros_individuales</a></li>
                    
                </ul>
                </li>
                
                <li>test_minimal_requirements.TestRNF2
                <ul>
                    
                    <li><a href="#5bfda81a-39f5-49f0-9b6a-208767b73bf3">test_relacion_many2many</a></li>
                    
                    <li><a href="#a87ab91d-5ecc-4b50-b2f6-90d495931784">test_modelos_tienen_algun_campo_relacion[one2many]</a></li>
                    
                    <li><a href="#245f71fc-73f9-435d-ac3b-2eb8fb5907a5">test_modelos_tienen_algun_campo_relacion[many2one]</a></li>
                    
                    <li><a href="#04391385-d0e7-414f-8ae6-4b27bef5d4ef">test_unknown_comodel_name</a></li>
                    
                </ul>
                </li>
                
                <li>test_minimal_requirements.TestRNF3
                <ul>
                    
                    <li><a href="#3276e338-cd2f-46f0-a0c4-166371449114">test_modelos_tienen_vista[tree]</a></li>
                    
                    <li><a href="#bf5e874a-f8cd-406b-a511-4afacf1395f2">test_modelos_tienen_vista[form]</a></li>
                    
                    <li><a href="#3a110625-b741-4ae4-8a84-e17b3603e783">test_formularios_tienen_vista_anidada_para_campos_X2many[one2many]</a></li>
                    
                    <li><a href="#8c830557-2113-4c3d-89ea-624af747ce1c">test_formularios_tienen_vista_anidada_para_campos_X2many[many2many]</a></li>
                    
                </ul>
                </li>
                
                <li>test_minimal_requirements.TestRNF4
                <ul>
                    
                    <li><a href="#100703f9-717a-45c3-aebe-8699ef1d502f">test_vistas_en_ficheros_individuales</a></li>
                    
                </ul>
                </li>
                
                <li>test_minimal_requirements.TestRNF5
                <ul>
                    
                    <li><a href="#725781c6-9740-42c9-a4c6-4526b08d4c47">test_modelos_tienen_algun_posible_campo_imagen</a></li>
                    
                    <li><a href="#f7d74a53-4524-43a5-91a5-7f6269b03f64">test_alguna_vista_tiene_campo_imagen</a></li>
                    
                </ul>
                </li>
                
                <li>test_minimal_requirements.TestRNF6
                <ul>
                    
                    <li><a href="#ed742739-9786-4a4a-aa83-a5e6078d6784">test_modelos_tienen_acciones</a></li>
                    
                    <li><a href="#ff866e3c-f436-4c4e-900b-66bd53b8c071">test_hay_elementos_de_menu[.//menuitem[@action]]</a></li>
                    
                </ul>
                </li>
                
                <li>test_minimal_requirements.TestRNF7
                <ul>
                    
                    <li><a href="#f83767d1-8456-45f7-8fc0-b45eedcf64e0">test_modelos_tienen_permisos</a></li>
                    
                </ul>
                </li>
                
                <li>test_minimal_requirements.TestRNF8
                <ul>
                    
                    <li><a href="#76705ecc-311b-4e37-abf2-26148b7061e0">test_app_tiene_icono</a></li>
                    
                </ul>
                </li>
                
                <li>test_minimal_requirements.TestRNF9
                <ul>
                    
                    <li><a href="#023b8a3c-2df5-4a3e-b0f6-7d043adb9256">test_modelos_tienen_datos_demo</a></li>
                    
                </ul>
                </li>
                
                <li>test_minimal_requirements.TestRNFGit
                <ul>
                    
                    <li><a href="#3bf20a45-67ae-49a8-ba3f-cccd359f3a8b">test_git_commit_frecuentes</a></li>
                    
                </ul>
                </li>
                
                <li>test_minimal_requirements.TestRNFCalidad
                <ul>
                    
                    <li><a href="#f7a918de-ce9d-4126-96ec-140883f25c1f">test_odoo_disponible</a></li>
                    
                    <li><a href="#7e34105a-5baa-4a3d-8a45-1634c2794cc3">test_app_instalada</a></li>
                    
                    <li><a href="#581f0560-eb14-421b-b5e6-5e3186b98895">test_otras_apps_entregadas_son_dependencias</a></li>
                    
                    <li><a href="#daf4d53a-8bfb-467c-a6c0-279902e9f254">test_no_hay_elementos_xml_comentados</a></li>
                    
                    <li><a href="#84c5bfd3-300e-4650-9104-1c98f2e61db8">test_no_hay_codigo_python_comentado</a></li>
                    
                    <li><a href="#c777f06b-16b5-4681-9d1a-abe8be984442">test_log_servidor_sin_errores</a></li>
                    
                </ul>
                </li>
                
                <li>test_minimal_requirements.TestOtros
                <ul>
                    
                    <li><a href="#5ef8e3d2-3219-410c-8716-a9213258cf36">test_log_sin_warnings</a>[s]</li>
                    
                </ul>
                </li>
                
                <li>test_minimal_requirements.TestRNFAdicionalesKanban
                <ul>
                    
                    <li><a href="#e43020bd-553d-467f-aa04-20f36b509242">test_vista_kanban[/kanban]</a>[s]</li>
                    
                    <li><a href="#9fb09dc1-da48-45b2-beec-45e4027c0b08">test_vista_kanban[/kanban[@default_group_by]]</a>[s]</li>
                    
                    <li><a href="#b03eca16-f226-4a8f-9307-8a240d3287ca">test_vista_kanban_imagen[/img]</a>[s]</li>
                    
                    <li><a href="#a4187028-ba00-46e9-9a67-9d607d2a83c5">test_vista_kanban_imagen[/field[@preview_image]]</a>[s]</li>
                    
                    <li><a href="#17aa68d1-d91b-4ba3-b123-d63d322ff78d">test_vista_kanban_imagen[/field[@widget=&#34;image&#34;]]</a>[s]</li>
                    
                </ul>
                </li>
                
                <li>test_minimal_requirements.TestRNFAdicionalesBusqueda
                <ul>
                    
                    <li><a href="#0a43062e-21df-4e2a-8bc2-829f8c5f3258">test_vista_search[/search]</a>[s]</li>
                    
                    <li><a href="#9fd21b3c-33d8-40e6-812d-a372479232e1">test_vista_search_compleja[/filter[@domain]]</a>[s]</li>
                    
                    <li><a href="#b9ce8782-d3fe-409a-aaf5-d573c91f7852">test_vista_search_compleja[/group//filter[@context]]</a>[s]</li>
                    
                </ul>
                </li>
                
                <li>test_minimal_requirements.TestRNFAdicionalesOtrasVistas
                <ul>
                    
                    <li><a href="#23c15ef8-e03a-400b-b304-27678d1d523a">test_otras_vistas_adicionales[activity]</a>[s]</li>
                    
                    <li><a href="#1bb96d5b-cfef-4e36-bcba-95db992b3de2">test_otras_vistas_adicionales[calendar]</a>[s]</li>
                    
                    <li><a href="#09cccf4c-7bfd-48a4-8712-cafbda9dd333">test_otras_vistas_adicionales[graph]</a>[s]</li>
                    
                    <li><a href="#121d5b10-42c3-4f8e-a457-b88a27bed5ed">test_otras_vistas_adicionales[pivot]</a>[s]</li>
                    
                </ul>
                </li>
                
                <li>test_minimal_requirements.TestRNFAdicionalesConstraints
                <ul>
                    
                    <li><a href="#ef00cf7d-e521-460e-a31a-71e70d9f6575">test_constraints_sql</a>[s]</li>
                    
                </ul>
                </li>
                
                <li>test_minimal_requirements.TestRNFAdicionalesSeguridadAvanzada
                <ul>
                    
                    <li><a href="#51adcfc6-4cda-46bc-9e6d-d9a164bb3bbb">test_seguridad_con_grupos_propios</a>[s]</li>
                    
                </ul>
                </li>
                
                <li>test_minimal_requirements.TestRNFAdicionalesDatosAvanzados
                <ul>
                    
                    <li><a href="#08a2dc34-c9eb-405f-8eca-66dd1d6d6ee8">test_datos_maestros_o_demo_avanzados[binary]</a>[s]</li>
                    
                    <li><a href="#210e30cf-1e5e-410e-9df1-463a07d74b28">test_datos_maestros_o_demo_avanzados[many2many]</a>[s]</li>
                    
                    <li><a href="#76ccdb0c-0899-474d-917c-9a2d7f0a83ca">test_datos_maestros_o_demo_avanzados[many2one]</a>[s]</li>
                    
                </ul>
                </li>
                
                <li>test_minimal_requirements.TestRNFAdicionalesHerenciaVistas
                <ul>
                    
                    <li><a href="#fc669f71-d1d1-48a6-a3fa-52fee7f11a10">test_herencia_en_vistas_con_position</a>[s]</li>
                    
                    <li><a href="#90494118-c7eb-4bdc-971f-0f3a00d487ec">test_herencia_en_vistas_con_inherit_id</a>[s]</li>
                    
                </ul>
                </li>
                
                <li>test_minimal_requirements.TestRNFAdicionalesHerenciaModelos
                <ul>
                    
                    <li><a href="#abfa9fad-fb40-4be0-84d4-5bdd28febcb2">test_modelos_existentes_modificados_por_herencia</a>[s]</li>
                    
                    <li><a href="#1f28df74-b964-4691-bee0-1c6789905a3f">test_nuevos_modelos_con_herencia</a>[s]</li>
                    
                </ul>
                </li>
                
                <li>test_minimal_requirements.TestRNFAdicionalesTraducciones
                <ul>
                    
                    <li><a href="#cf0c49c0-9151-4879-8956-a3f59a61c953">test_i18n</a>[s]</li>
                    
                </ul>
                </li>
                
                <li>test_minimal_requirements.TestRNFAdicionalesInformes
                <ul>
                    
                    <li><a href="#9df54f08-822d-4c34-bbf4-302c1fab80d6">test_informes[report]</a>[s]</li>
                    
                    <li><a href="#f30d2f05-790b-4405-8f90-ddadd85af981">test_informes[template]</a>[s]</li>
                    
                    <li><a href="#fa438267-89e0-4fb1-a2c7-a90cec272e64">test_informes_complejos[/t[@t-foreach]]</a>[s]</li>
                    
                    <li><a href="#863df4e1-2602-471b-a073-3b10676a2f2a">test_informes_complejos[/img[@t-att-src]]</a>[s]</li>
                    
                    <li><a href="#17e63be2-644f-4199-b9fb-6bbb85b7b918">test_informes_complejos[/t[@t-call and not(@t-call=&#34;web.external_layout&#34; or @t-call=&#34;web.html_container&#34;)]]</a>[s]</li>
                    
                </ul>
                </li>
                
                <li>test_minimal_requirements.TestRNFAdicionalesChatter
                <ul>
                    
                    <li><a href="#80c6bfc5-e786-4573-918b-61a858d2e288">test_chatter[mail_thread]</a>[s]</li>
                    
                    <li><a href="#614c48ef-a9a6-49ba-867a-542585874605">test_chatter[mail_activity_mixin]</a>[s]</li>
                    
                    <li><a href="#26f4b232-e8ce-4400-a3e2-8663c7abeb67">test_chatter_tracking</a>[s]</li>
                    
                    <li><a href="#d719610b-b6dc-4361-96c3-f9b5dcad16dc">test_vista_chatter_div</a>[s]</li>
                    
                    <li><a href="#0dcfe75b-90d5-4af5-ab55-825deee7de6a">test_vista_chatter_fields[.//field[@name=&#34;message_follower_ids&#34;]]</a>[s]</li>
                    
                    <li><a href="#c1935726-ee16-4b6c-8d0c-5a112f177c75">test_vista_chatter_fields[.//field[@name=&#34;activity_ids&#34;]]</a>[s]</li>
                    
                    <li><a href="#a38e74e7-2e5e-4bb9-bda9-20023a24b7e7">test_vista_chatter_fields[.//field[@name=&#34;message_ids&#34;]]</a>[s]</li>
                    
                    <li><a href="#6ee2a73e-48b4-44b5-886d-89ee939c1262">test_vista_chatter_fields[.//field[@widget=&#34;mail_followers&#34;]]</a>[s]</li>
                    
                    <li><a href="#737af27a-11ff-401c-a55f-439b0f94c630">test_vista_chatter_fields[.//field[@widget=&#34;mail_thread&#34;]]</a>[s]</li>
                    
                    <li><a href="#c6220fe2-6d7a-4527-a4d3-c200fe0ddee5">test_vista_chatter_fields[.//field[@widget=&#34;mail_activity&#34;]]</a>[s]</li>
                    
                </ul>
                </li>
                
            
            </ul>
        </td>
        <td class="failure-index">
            <ul class="toc">
            
                
                    
                    
                    <li><a href="#1b19f385-61f0-47f3-a917-05ac3a815fc5">[F] test_minimal_requirements.TestRNF1 : test_app_tiene_al_menos_4_modelos</a></li>
                    
                    
                    
                    <li><a href="#4df9e191-8e6a-43f8-b864-27e0fcc69364">[F] test_minimal_requirements.TestRNF1 : test_modelos_en_ficheros_individuales</a></li>
                    
                    
                
                    
                    
                    <li><a href="#5bfda81a-39f5-49f0-9b6a-208767b73bf3">[F] test_minimal_requirements.TestRNF2 : test_relacion_many2many</a></li>
                    
                    
                    
                    <li><a href="#a87ab91d-5ecc-4b50-b2f6-90d495931784">[F] test_minimal_requirements.TestRNF2 : test_modelos_tienen_algun_campo_relacion[one2many]</a></li>
                    
                    
                    
                    <li><a href="#245f71fc-73f9-435d-ac3b-2eb8fb5907a5">[F] test_minimal_requirements.TestRNF2 : test_modelos_tienen_algun_campo_relacion[many2one]</a></li>
                    
                    
                    
                    <li><a href="#04391385-d0e7-414f-8ae6-4b27bef5d4ef">[F] test_minimal_requirements.TestRNF2 : test_unknown_comodel_name</a></li>
                    
                    
                
                    
                    
                    <li><a href="#3276e338-cd2f-46f0-a0c4-166371449114">[F] test_minimal_requirements.TestRNF3 : test_modelos_tienen_vista[tree]</a></li>
                    
                    
                    
                    <li><a href="#bf5e874a-f8cd-406b-a511-4afacf1395f2">[F] test_minimal_requirements.TestRNF3 : test_modelos_tienen_vista[form]</a></li>
                    
                    
                    
                    <li><a href="#3a110625-b741-4ae4-8a84-e17b3603e783">[F] test_minimal_requirements.TestRNF3 : test_formularios_tienen_vista_anidada_para_campos_X2many[one2many]</a></li>
                    
                    
                    
                    <li><a href="#8c830557-2113-4c3d-89ea-624af747ce1c">[F] test_minimal_requirements.TestRNF3 : test_formularios_tienen_vista_anidada_para_campos_X2many[many2many]</a></li>
                    
                    
                
                    
                    
                    <li><a href="#100703f9-717a-45c3-aebe-8699ef1d502f">[F] test_minimal_requirements.TestRNF4 : test_vistas_en_ficheros_individuales</a></li>
                    
                    
                
                    
                    
                    <li><a href="#725781c6-9740-42c9-a4c6-4526b08d4c47">[F] test_minimal_requirements.TestRNF5 : test_modelos_tienen_algun_posible_campo_imagen</a></li>
                    
                    
                    
                    <li><a href="#f7d74a53-4524-43a5-91a5-7f6269b03f64">[F] test_minimal_requirements.TestRNF5 : test_alguna_vista_tiene_campo_imagen</a></li>
                    
                    
                
                    
                    
                    <li><a href="#ed742739-9786-4a4a-aa83-a5e6078d6784">[F] test_minimal_requirements.TestRNF6 : test_modelos_tienen_acciones</a></li>
                    
                    
                    
                    <li><a href="#ff866e3c-f436-4c4e-900b-66bd53b8c071">[F] test_minimal_requirements.TestRNF6 : test_hay_elementos_de_menu[.//menuitem[@action]]</a></li>
                    
                    
                
                    
                    
                    <li><a href="#f83767d1-8456-45f7-8fc0-b45eedcf64e0">[F] test_minimal_requirements.TestRNF7 : test_modelos_tienen_permisos</a></li>
                    
                    
                
                    
                    
                    <li><a href="#76705ecc-311b-4e37-abf2-26148b7061e0">[F] test_minimal_requirements.TestRNF8 : test_app_tiene_icono</a></li>
                    
                    
                
                    
                    
                    <li><a href="#023b8a3c-2df5-4a3e-b0f6-7d043adb9256">[F] test_minimal_requirements.TestRNF9 : test_modelos_tienen_datos_demo</a></li>
                    
                    
                
                    
                    
                    <li><a href="#3bf20a45-67ae-49a8-ba3f-cccd359f3a8b">[F] test_minimal_requirements.TestRNFGit : test_git_commit_frecuentes</a></li>
                    
                    
                
                    
                    
                    <li><a href="#f7a918de-ce9d-4126-96ec-140883f25c1f">[F] test_minimal_requirements.TestRNFCalidad : test_odoo_disponible</a></li>
                    
                    
                    
                    <li><a href="#7e34105a-5baa-4a3d-8a45-1634c2794cc3">[F] test_minimal_requirements.TestRNFCalidad : test_app_instalada</a></li>
                    
                    
                    
                    <li><a href="#581f0560-eb14-421b-b5e6-5e3186b98895">[F] test_minimal_requirements.TestRNFCalidad : test_otras_apps_entregadas_son_dependencias</a></li>
                    
                    
                    
                    <li><a href="#daf4d53a-8bfb-467c-a6c0-279902e9f254">[F] test_minimal_requirements.TestRNFCalidad : test_no_hay_elementos_xml_comentados</a></li>
                    
                    
                    
                    <li><a href="#84c5bfd3-300e-4650-9104-1c98f2e61db8">[F] test_minimal_requirements.TestRNFCalidad : test_no_hay_codigo_python_comentado</a></li>
                    
                    
                    
                    <li><a href="#c777f06b-16b5-4681-9d1a-abe8be984442">[F] test_minimal_requirements.TestRNFCalidad : test_log_servidor_sin_errores</a></li>
                    
                    
                
                    
                    
                    
                
                    
                    
                    
                    
                    
                    
                    
                    
                    
                    
                    
                
                    
                    
                    
                    
                    
                    
                    
                
                    
                    
                    
                    
                    
                    
                    
                    
                    
                
                    
                    
                    
                
                    
                    
                    
                
                    
                    
                    
                    
                    
                    
                    
                
                    
                    
                    
                    
                    
                
                    
                    
                    
                    
                    
                
                    
                    
                    
                
                    
                    
                    
                    
                    
                    
                    
                    
                    
                    
                    
                
                    
                    
                    
                    
                    
                    
                    
                    
                    
                    
                    
                    
                    
                    
                    
                    
                    
                    
                    
                    
                    
                
            
            </ul>
        </td>
    </tr>
</table>


    <div class="testsuite">
        <h2>Test Suite: pytest</h2>
        <a id="d6b575fe-a6fe-4d7d-a695-f83c2ac3c6a9"></a>
        
        
        <h3>Results</h3>
        <table class="proplist">
            <tr>
                <th>Duration</th><td>6.407 sec</td>
            </tr>
            <tr>
                <th>Tests</th><td>63</td>
            </tr>
            <tr>
                <th>Failures</th><td>25</td>
            </tr>
        </table>

        <div class="testclasses">
            <h3>Tests</h3>
            
            <div class="testclass">
                <h4>test_minimal_requirements.TestRNF1</h4>
                <div class="testcases">
                
                    <div class="test outcome outcome-failed">
                        <a id="1b19f385-61f0-47f3-a917-05ac3a815fc5"></a>
                        <table class="proplist">
                            <tr><th>Test case:</th><td><b>test_app_tiene_al_menos_4_modelos</b></td></tr>
                            <tr><th>Outcome:</th><td>Failed</td></tr>
                            <tr><th>Duration:</th><td>0.494 sec</td></tr>
                        
                            <tr><th>Failed</th><td>failed on setup with &#34;Exception: Command docker compose -f &#34;/home/ubuntu/SGE-tester-A/projects/docker-compose.yml&#34; -p &#34;pytest8476&#34; up --build -d returned 1: &#34;&#34;&#34;time=&#34;2026-01-13T13:01:30Z&#34; level=warning msg=&#34;/home/ubuntu/SGE-tester-A/projects/docker-compose.yml: the attribute `version` is obsolete, it will be ignored, please remove it to avoid potential confusion&#34;
 Network pytest8476_default  Creating
 Network pytest8476_default  Created
 Container pytest8476-db-1  Creating
 Container pytest8476-db-1  Created
 Container pytest8476-odoo-1  Creating
 Container pytest8476-odoo-1  Created
 Container pytest8476-db-1  Starting
Error response from daemon: failed to set up container networking: driver failed programming external connectivity on endpoint pytest8476-db-1 (855511bf03cced77b686fcd20b1385a0c2c6d9bd2a2689ea7b72ab44519060a3): Bind for 0.0.0.0:5432 failed: port is already allocated
&#34;&#34;&#34;.&#34;</td></tr>
                        
                        
                        </table>

                        
                        <pre>docker_compose_command = &#39;docker compose&#39;, docker_compose_file = &#39;/home/ubuntu/SGE-tester-A/projects/docker-compose.yml&#39;, docker_compose_project_name = &#39;pytest8476&#39;
docker_setup = [&#39;up --build -d&#39;], docker_cleanup = [&#39;down -v&#39;]

    @pytest.fixture(scope=containers_scope)
    def docker_services(
        docker_compose_command: str,
        docker_compose_file: Union[List[str], str],
        docker_compose_project_name: str,
        docker_setup: str,
        docker_cleanup: str,
    ) -&gt; Iterator[Services]:
        &#34;&#34;&#34;Start all services from a docker compose file (`docker-compose up`).
        After test are finished, shutdown all services (`docker-compose down`).&#34;&#34;&#34;
    
&gt;       with get_docker_services(
            docker_compose_command,
            docker_compose_file,
            docker_compose_project_name,
            docker_setup,
            docker_cleanup,
        ) as docker_service:

.venv/lib/python3.12/site-packages/pytest_docker/plugin.py:238: 
_ _ _ _ _ _ _ _ _ _ _ _ _ _ _ _ _ _ _ _ _ _ _ _ _ _ _ _ _ _ _ _ _ _ _ _ _ _ _ _ _ _ _ _ _ _ _ _ _ _ _ _ _ _ _ _ _ _ _ _ _ _ _ _ _ _ _ _ _ _ _ _ _ _ _ _ _ _ _ _ _ _ _ _ 
/usr/lib/python3.12/contextlib.py:137: in __enter__
    return next(self.gen)
.venv/lib/python3.12/site-packages/pytest_docker/plugin.py:212: in get_docker_services
    docker_compose.execute(command)
.venv/lib/python3.12/site-packages/pytest_docker/plugin.py:140: in execute
    return execute(command)
_ _ _ _ _ _ _ _ _ _ _ _ _ _ _ _ _ _ _ _ _ _ _ _ _ _ _ _ _ _ _ _ _ _ _ _ _ _ _ _ _ _ _ _ _ _ _ _ _ _ _ _ _ _ _ _ _ _ _ _ _ _ _ _ _ _ _ _ _ _ _ _ _ _ _ _ _ _ _ _ _ _ _ _ 

command = &#39;docker compose -f &#34;/home/ubuntu/SGE-tester-A/projects/docker-compose.yml&#34; -p &#34;pytest8476&#34; up --build -d&#39;, success_codes = (0,)

    def execute(command: str, success_codes: Iterable[int] = (0,)) -&gt; Union[bytes, Any]:
        &#34;&#34;&#34;Run a shell command.&#34;&#34;&#34;
        try:
            output = subprocess.check_output(command, stderr=subprocess.STDOUT, shell=True)
            status = 0
        except subprocess.CalledProcessError as error:
            output = error.output or b&#34;&#34;
            status = error.returncode
            command = error.cmd
    
        if status not in success_codes:
&gt;           raise Exception(
                &#39;Command {} returned {}: &#34;&#34;&#34;{}&#34;&#34;&#34;.&#39;.format(command, status, output.decode(&#34;utf-8&#34;))
            )
E           Exception: Command docker compose -f &#34;/home/ubuntu/SGE-tester-A/projects/docker-compose.yml&#34; -p &#34;pytest8476&#34; up --build -d returned 1: &#34;&#34;&#34;time=&#34;2026-01-13T13:01:30Z&#34; level=warning msg=&#34;/home/ubuntu/SGE-tester-A/projects/docker-compose.yml: the attribute `version` is obsolete, it will be ignored, please remove it to avoid potential confusion&#34;
E            Network pytest8476_default  Creating
E            Network pytest8476_default  Created
E            Container pytest8476-db-1  Creating
E            Container pytest8476-db-1  Created
E            Container pytest8476-odoo-1  Creating
E            Container pytest8476-odoo-1  Created
E            Container pytest8476-db-1  Starting
E           Error response from daemon: failed to set up container networking: driver failed programming external connectivity on endpoint pytest8476-db-1 (855511bf03cced77b686fcd20b1385a0c2c6d9bd2a2689ea7b72ab44519060a3): Bind for 0.0.0.0:5432 failed: port is already allocated
E           &#34;&#34;&#34;.

.venv/lib/python3.12/site-packages/pytest_docker/plugin.py:35: Exception</pre>
                        
                        

                        
                        
                        
                    </div>
                
                    <div class="test outcome outcome-failed">
                        <a id="4df9e191-8e6a-43f8-b864-27e0fcc69364"></a>
                        <table class="proplist">
                            <tr><th>Test case:</th><td><b>test_modelos_en_ficheros_individuales</b></td></tr>
                            <tr><th>Outcome:</th><td>Failed</td></tr>
                            <tr><th>Duration:</th><td>0.001 sec</td></tr>
                        
                            <tr><th>Failed</th><td>failed on setup with &#34;Exception: Command docker compose -f &#34;/home/ubuntu/SGE-tester-A/projects/docker-compose.yml&#34; -p &#34;pytest8476&#34; up --build -d returned 1: &#34;&#34;&#34;time=&#34;2026-01-13T13:01:30Z&#34; level=warning msg=&#34;/home/ubuntu/SGE-tester-A/projects/docker-compose.yml: the attribute `version` is obsolete, it will be ignored, please remove it to avoid potential confusion&#34;
 Network pytest8476_default  Creating
 Network pytest8476_default  Created
 Container pytest8476-db-1  Creating
 Container pytest8476-db-1  Created
 Container pytest8476-odoo-1  Creating
 Container pytest8476-odoo-1  Created
 Container pytest8476-db-1  Starting
Error response from daemon: failed to set up container networking: driver failed programming external connectivity on endpoint pytest8476-db-1 (855511bf03cced77b686fcd20b1385a0c2c6d9bd2a2689ea7b72ab44519060a3): Bind for 0.0.0.0:5432 failed: port is already allocated
&#34;&#34;&#34;.&#34;</td></tr>
                        
                        
                        </table>

                        
                        <pre>docker_compose_command = &#39;docker compose&#39;, docker_compose_file = &#39;/home/ubuntu/SGE-tester-A/projects/docker-compose.yml&#39;, docker_compose_project_name = &#39;pytest8476&#39;
docker_setup = [&#39;up --build -d&#39;], docker_cleanup = [&#39;down -v&#39;]

    @pytest.fixture(scope=containers_scope)
    def docker_services(
        docker_compose_command: str,
        docker_compose_file: Union[List[str], str],
        docker_compose_project_name: str,
        docker_setup: str,
        docker_cleanup: str,
    ) -&gt; Iterator[Services]:
        &#34;&#34;&#34;Start all services from a docker compose file (`docker-compose up`).
        After test are finished, shutdown all services (`docker-compose down`).&#34;&#34;&#34;
    
&gt;       with get_docker_services(
            docker_compose_command,
            docker_compose_file,
            docker_compose_project_name,
            docker_setup,
            docker_cleanup,
        ) as docker_service:

.venv/lib/python3.12/site-packages/pytest_docker/plugin.py:238: 
_ _ _ _ _ _ _ _ _ _ _ _ _ _ _ _ _ _ _ _ _ _ _ _ _ _ _ _ _ _ _ _ _ _ _ _ _ _ _ _ _ _ _ _ _ _ _ _ _ _ _ _ _ _ _ _ _ _ _ _ _ _ _ _ _ _ _ _ _ _ _ _ _ _ _ _ _ _ _ _ _ _ _ _ 
/usr/lib/python3.12/contextlib.py:137: in __enter__
    return next(self.gen)
.venv/lib/python3.12/site-packages/pytest_docker/plugin.py:212: in get_docker_services
    docker_compose.execute(command)
.venv/lib/python3.12/site-packages/pytest_docker/plugin.py:140: in execute
    return execute(command)
_ _ _ _ _ _ _ _ _ _ _ _ _ _ _ _ _ _ _ _ _ _ _ _ _ _ _ _ _ _ _ _ _ _ _ _ _ _ _ _ _ _ _ _ _ _ _ _ _ _ _ _ _ _ _ _ _ _ _ _ _ _ _ _ _ _ _ _ _ _ _ _ _ _ _ _ _ _ _ _ _ _ _ _ 

command = &#39;docker compose -f &#34;/home/ubuntu/SGE-tester-A/projects/docker-compose.yml&#34; -p &#34;pytest8476&#34; up --build -d&#39;, success_codes = (0,)

    def execute(command: str, success_codes: Iterable[int] = (0,)) -&gt; Union[bytes, Any]:
        &#34;&#34;&#34;Run a shell command.&#34;&#34;&#34;
        try:
            output = subprocess.check_output(command, stderr=subprocess.STDOUT, shell=True)
            status = 0
        except subprocess.CalledProcessError as error:
            output = error.output or b&#34;&#34;
            status = error.returncode
            command = error.cmd
    
        if status not in success_codes:
&gt;           raise Exception(
                &#39;Command {} returned {}: &#34;&#34;&#34;{}&#34;&#34;&#34;.&#39;.format(command, status, output.decode(&#34;utf-8&#34;))
            )
E           Exception: Command docker compose -f &#34;/home/ubuntu/SGE-tester-A/projects/docker-compose.yml&#34; -p &#34;pytest8476&#34; up --build -d returned 1: &#34;&#34;&#34;time=&#34;2026-01-13T13:01:30Z&#34; level=warning msg=&#34;/home/ubuntu/SGE-tester-A/projects/docker-compose.yml: the attribute `version` is obsolete, it will be ignored, please remove it to avoid potential confusion&#34;
E            Network pytest8476_default  Creating
E            Network pytest8476_default  Created
E            Container pytest8476-db-1  Creating
E            Container pytest8476-db-1  Created
E            Container pytest8476-odoo-1  Creating
E            Container pytest8476-odoo-1  Created
E            Container pytest8476-db-1  Starting
E           Error response from daemon: failed to set up container networking: driver failed programming external connectivity on endpoint pytest8476-db-1 (855511bf03cced77b686fcd20b1385a0c2c6d9bd2a2689ea7b72ab44519060a3): Bind for 0.0.0.0:5432 failed: port is already allocated
E           &#34;&#34;&#34;.

.venv/lib/python3.12/site-packages/pytest_docker/plugin.py:35: Exception</pre>
                        
                        

                        
                        
                        
                    </div>
                
                </div>
            </div>
            
            <div class="testclass">
                <h4>test_minimal_requirements.TestRNF2</h4>
                <div class="testcases">
                
                    <div class="test outcome outcome-failed">
                        <a id="5bfda81a-39f5-49f0-9b6a-208767b73bf3"></a>
                        <table class="proplist">
                            <tr><th>Test case:</th><td><b>test_relacion_many2many</b></td></tr>
                            <tr><th>Outcome:</th><td>Failed</td></tr>
                            <tr><th>Duration:</th><td>0.001 sec</td></tr>
                        
                            <tr><th>Failed</th><td>failed on setup with &#34;Exception: Command docker compose -f &#34;/home/ubuntu/SGE-tester-A/projects/docker-compose.yml&#34; -p &#34;pytest8476&#34; up --build -d returned 1: &#34;&#34;&#34;time=&#34;2026-01-13T13:01:30Z&#34; level=warning msg=&#34;/home/ubuntu/SGE-tester-A/projects/docker-compose.yml: the attribute `version` is obsolete, it will be ignored, please remove it to avoid potential confusion&#34;
 Network pytest8476_default  Creating
 Network pytest8476_default  Created
 Container pytest8476-db-1  Creating
 Container pytest8476-db-1  Created
 Container pytest8476-odoo-1  Creating
 Container pytest8476-odoo-1  Created
 Container pytest8476-db-1  Starting
Error response from daemon: failed to set up container networking: driver failed programming external connectivity on endpoint pytest8476-db-1 (855511bf03cced77b686fcd20b1385a0c2c6d9bd2a2689ea7b72ab44519060a3): Bind for 0.0.0.0:5432 failed: port is already allocated
&#34;&#34;&#34;.&#34;</td></tr>
                        
                        
                        </table>

                        
                        <pre>docker_compose_command = &#39;docker compose&#39;, docker_compose_file = &#39;/home/ubuntu/SGE-tester-A/projects/docker-compose.yml&#39;, docker_compose_project_name = &#39;pytest8476&#39;
docker_setup = [&#39;up --build -d&#39;], docker_cleanup = [&#39;down -v&#39;]

    @pytest.fixture(scope=containers_scope)
    def docker_services(
        docker_compose_command: str,
        docker_compose_file: Union[List[str], str],
        docker_compose_project_name: str,
        docker_setup: str,
        docker_cleanup: str,
    ) -&gt; Iterator[Services]:
        &#34;&#34;&#34;Start all services from a docker compose file (`docker-compose up`).
        After test are finished, shutdown all services (`docker-compose down`).&#34;&#34;&#34;
    
&gt;       with get_docker_services(
            docker_compose_command,
            docker_compose_file,
            docker_compose_project_name,
            docker_setup,
            docker_cleanup,
        ) as docker_service:

.venv/lib/python3.12/site-packages/pytest_docker/plugin.py:238: 
_ _ _ _ _ _ _ _ _ _ _ _ _ _ _ _ _ _ _ _ _ _ _ _ _ _ _ _ _ _ _ _ _ _ _ _ _ _ _ _ _ _ _ _ _ _ _ _ _ _ _ _ _ _ _ _ _ _ _ _ _ _ _ _ _ _ _ _ _ _ _ _ _ _ _ _ _ _ _ _ _ _ _ _ 
/usr/lib/python3.12/contextlib.py:137: in __enter__
    return next(self.gen)
.venv/lib/python3.12/site-packages/pytest_docker/plugin.py:212: in get_docker_services
    docker_compose.execute(command)
.venv/lib/python3.12/site-packages/pytest_docker/plugin.py:140: in execute
    return execute(command)
_ _ _ _ _ _ _ _ _ _ _ _ _ _ _ _ _ _ _ _ _ _ _ _ _ _ _ _ _ _ _ _ _ _ _ _ _ _ _ _ _ _ _ _ _ _ _ _ _ _ _ _ _ _ _ _ _ _ _ _ _ _ _ _ _ _ _ _ _ _ _ _ _ _ _ _ _ _ _ _ _ _ _ _ 

command = &#39;docker compose -f &#34;/home/ubuntu/SGE-tester-A/projects/docker-compose.yml&#34; -p &#34;pytest8476&#34; up --build -d&#39;, success_codes = (0,)

    def execute(command: str, success_codes: Iterable[int] = (0,)) -&gt; Union[bytes, Any]:
        &#34;&#34;&#34;Run a shell command.&#34;&#34;&#34;
        try:
            output = subprocess.check_output(command, stderr=subprocess.STDOUT, shell=True)
            status = 0
        except subprocess.CalledProcessError as error:
            output = error.output or b&#34;&#34;
            status = error.returncode
            command = error.cmd
    
        if status not in success_codes:
&gt;           raise Exception(
                &#39;Command {} returned {}: &#34;&#34;&#34;{}&#34;&#34;&#34;.&#39;.format(command, status, output.decode(&#34;utf-8&#34;))
            )
E           Exception: Command docker compose -f &#34;/home/ubuntu/SGE-tester-A/projects/docker-compose.yml&#34; -p &#34;pytest8476&#34; up --build -d returned 1: &#34;&#34;&#34;time=&#34;2026-01-13T13:01:30Z&#34; level=warning msg=&#34;/home/ubuntu/SGE-tester-A/projects/docker-compose.yml: the attribute `version` is obsolete, it will be ignored, please remove it to avoid potential confusion&#34;
E            Network pytest8476_default  Creating
E            Network pytest8476_default  Created
E            Container pytest8476-db-1  Creating
E            Container pytest8476-db-1  Created
E            Container pytest8476-odoo-1  Creating
E            Container pytest8476-odoo-1  Created
E            Container pytest8476-db-1  Starting
E           Error response from daemon: failed to set up container networking: driver failed programming external connectivity on endpoint pytest8476-db-1 (855511bf03cced77b686fcd20b1385a0c2c6d9bd2a2689ea7b72ab44519060a3): Bind for 0.0.0.0:5432 failed: port is already allocated
E           &#34;&#34;&#34;.

.venv/lib/python3.12/site-packages/pytest_docker/plugin.py:35: Exception</pre>
                        
                        

                        
                        
                        
                    </div>
                
                    <div class="test outcome outcome-failed">
                        <a id="a87ab91d-5ecc-4b50-b2f6-90d495931784"></a>
                        <table class="proplist">
                            <tr><th>Test case:</th><td><b>test_modelos_tienen_algun_campo_relacion[one2many]</b></td></tr>
                            <tr><th>Outcome:</th><td>Failed</td></tr>
                            <tr><th>Duration:</th><td>0.001 sec</td></tr>
                        
                            <tr><th>Failed</th><td>failed on setup with &#34;Exception: Command docker compose -f &#34;/home/ubuntu/SGE-tester-A/projects/docker-compose.yml&#34; -p &#34;pytest8476&#34; up --build -d returned 1: &#34;&#34;&#34;time=&#34;2026-01-13T13:01:30Z&#34; level=warning msg=&#34;/home/ubuntu/SGE-tester-A/projects/docker-compose.yml: the attribute `version` is obsolete, it will be ignored, please remove it to avoid potential confusion&#34;
 Network pytest8476_default  Creating
 Network pytest8476_default  Created
 Container pytest8476-db-1  Creating
 Container pytest8476-db-1  Created
 Container pytest8476-odoo-1  Creating
 Container pytest8476-odoo-1  Created
 Container pytest8476-db-1  Starting
Error response from daemon: failed to set up container networking: driver failed programming external connectivity on endpoint pytest8476-db-1 (855511bf03cced77b686fcd20b1385a0c2c6d9bd2a2689ea7b72ab44519060a3): Bind for 0.0.0.0:5432 failed: port is already allocated
&#34;&#34;&#34;.&#34;</td></tr>
                        
                        
                        </table>

                        
                        <pre>docker_compose_command = &#39;docker compose&#39;, docker_compose_file = &#39;/home/ubuntu/SGE-tester-A/projects/docker-compose.yml&#39;, docker_compose_project_name = &#39;pytest8476&#39;
docker_setup = [&#39;up --build -d&#39;], docker_cleanup = [&#39;down -v&#39;]

    @pytest.fixture(scope=containers_scope)
    def docker_services(
        docker_compose_command: str,
        docker_compose_file: Union[List[str], str],
        docker_compose_project_name: str,
        docker_setup: str,
        docker_cleanup: str,
    ) -&gt; Iterator[Services]:
        &#34;&#34;&#34;Start all services from a docker compose file (`docker-compose up`).
        After test are finished, shutdown all services (`docker-compose down`).&#34;&#34;&#34;
    
&gt;       with get_docker_services(
            docker_compose_command,
            docker_compose_file,
            docker_compose_project_name,
            docker_setup,
            docker_cleanup,
        ) as docker_service:

.venv/lib/python3.12/site-packages/pytest_docker/plugin.py:238: 
_ _ _ _ _ _ _ _ _ _ _ _ _ _ _ _ _ _ _ _ _ _ _ _ _ _ _ _ _ _ _ _ _ _ _ _ _ _ _ _ _ _ _ _ _ _ _ _ _ _ _ _ _ _ _ _ _ _ _ _ _ _ _ _ _ _ _ _ _ _ _ _ _ _ _ _ _ _ _ _ _ _ _ _ 
/usr/lib/python3.12/contextlib.py:137: in __enter__
    return next(self.gen)
.venv/lib/python3.12/site-packages/pytest_docker/plugin.py:212: in get_docker_services
    docker_compose.execute(command)
.venv/lib/python3.12/site-packages/pytest_docker/plugin.py:140: in execute
    return execute(command)
_ _ _ _ _ _ _ _ _ _ _ _ _ _ _ _ _ _ _ _ _ _ _ _ _ _ _ _ _ _ _ _ _ _ _ _ _ _ _ _ _ _ _ _ _ _ _ _ _ _ _ _ _ _ _ _ _ _ _ _ _ _ _ _ _ _ _ _ _ _ _ _ _ _ _ _ _ _ _ _ _ _ _ _ 

command = &#39;docker compose -f &#34;/home/ubuntu/SGE-tester-A/projects/docker-compose.yml&#34; -p &#34;pytest8476&#34; up --build -d&#39;, success_codes = (0,)

    def execute(command: str, success_codes: Iterable[int] = (0,)) -&gt; Union[bytes, Any]:
        &#34;&#34;&#34;Run a shell command.&#34;&#34;&#34;
        try:
            output = subprocess.check_output(command, stderr=subprocess.STDOUT, shell=True)
            status = 0
        except subprocess.CalledProcessError as error:
            output = error.output or b&#34;&#34;
            status = error.returncode
            command = error.cmd
    
        if status not in success_codes:
&gt;           raise Exception(
                &#39;Command {} returned {}: &#34;&#34;&#34;{}&#34;&#34;&#34;.&#39;.format(command, status, output.decode(&#34;utf-8&#34;))
            )
E           Exception: Command docker compose -f &#34;/home/ubuntu/SGE-tester-A/projects/docker-compose.yml&#34; -p &#34;pytest8476&#34; up --build -d returned 1: &#34;&#34;&#34;time=&#34;2026-01-13T13:01:30Z&#34; level=warning msg=&#34;/home/ubuntu/SGE-tester-A/projects/docker-compose.yml: the attribute `version` is obsolete, it will be ignored, please remove it to avoid potential confusion&#34;
E            Network pytest8476_default  Creating
E            Network pytest8476_default  Created
E            Container pytest8476-db-1  Creating
E            Container pytest8476-db-1  Created
E            Container pytest8476-odoo-1  Creating
E            Container pytest8476-odoo-1  Created
E            Container pytest8476-db-1  Starting
E           Error response from daemon: failed to set up container networking: driver failed programming external connectivity on endpoint pytest8476-db-1 (855511bf03cced77b686fcd20b1385a0c2c6d9bd2a2689ea7b72ab44519060a3): Bind for 0.0.0.0:5432 failed: port is already allocated
E           &#34;&#34;&#34;.

.venv/lib/python3.12/site-packages/pytest_docker/plugin.py:35: Exception</pre>
                        
                        

                        
                        
                        
                    </div>
                
                    <div class="test outcome outcome-failed">
                        <a id="245f71fc-73f9-435d-ac3b-2eb8fb5907a5"></a>
                        <table class="proplist">
                            <tr><th>Test case:</th><td><b>test_modelos_tienen_algun_campo_relacion[many2one]</b></td></tr>
                            <tr><th>Outcome:</th><td>Failed</td></tr>
                            <tr><th>Duration:</th><td>0.001 sec</td></tr>
                        
                            <tr><th>Failed</th><td>failed on setup with &#34;Exception: Command docker compose -f &#34;/home/ubuntu/SGE-tester-A/projects/docker-compose.yml&#34; -p &#34;pytest8476&#34; up --build -d returned 1: &#34;&#34;&#34;time=&#34;2026-01-13T13:01:30Z&#34; level=warning msg=&#34;/home/ubuntu/SGE-tester-A/projects/docker-compose.yml: the attribute `version` is obsolete, it will be ignored, please remove it to avoid potential confusion&#34;
 Network pytest8476_default  Creating
 Network pytest8476_default  Created
 Container pytest8476-db-1  Creating
 Container pytest8476-db-1  Created
 Container pytest8476-odoo-1  Creating
 Container pytest8476-odoo-1  Created
 Container pytest8476-db-1  Starting
Error response from daemon: failed to set up container networking: driver failed programming external connectivity on endpoint pytest8476-db-1 (855511bf03cced77b686fcd20b1385a0c2c6d9bd2a2689ea7b72ab44519060a3): Bind for 0.0.0.0:5432 failed: port is already allocated
&#34;&#34;&#34;.&#34;</td></tr>
                        
                        
                        </table>

                        
                        <pre>docker_compose_command = &#39;docker compose&#39;, docker_compose_file = &#39;/home/ubuntu/SGE-tester-A/projects/docker-compose.yml&#39;, docker_compose_project_name = &#39;pytest8476&#39;
docker_setup = [&#39;up --build -d&#39;], docker_cleanup = [&#39;down -v&#39;]

    @pytest.fixture(scope=containers_scope)
    def docker_services(
        docker_compose_command: str,
        docker_compose_file: Union[List[str], str],
        docker_compose_project_name: str,
        docker_setup: str,
        docker_cleanup: str,
    ) -&gt; Iterator[Services]:
        &#34;&#34;&#34;Start all services from a docker compose file (`docker-compose up`).
        After test are finished, shutdown all services (`docker-compose down`).&#34;&#34;&#34;
    
&gt;       with get_docker_services(
            docker_compose_command,
            docker_compose_file,
            docker_compose_project_name,
            docker_setup,
            docker_cleanup,
        ) as docker_service:

.venv/lib/python3.12/site-packages/pytest_docker/plugin.py:238: 
_ _ _ _ _ _ _ _ _ _ _ _ _ _ _ _ _ _ _ _ _ _ _ _ _ _ _ _ _ _ _ _ _ _ _ _ _ _ _ _ _ _ _ _ _ _ _ _ _ _ _ _ _ _ _ _ _ _ _ _ _ _ _ _ _ _ _ _ _ _ _ _ _ _ _ _ _ _ _ _ _ _ _ _ 
/usr/lib/python3.12/contextlib.py:137: in __enter__
    return next(self.gen)
.venv/lib/python3.12/site-packages/pytest_docker/plugin.py:212: in get_docker_services
    docker_compose.execute(command)
.venv/lib/python3.12/site-packages/pytest_docker/plugin.py:140: in execute
    return execute(command)
_ _ _ _ _ _ _ _ _ _ _ _ _ _ _ _ _ _ _ _ _ _ _ _ _ _ _ _ _ _ _ _ _ _ _ _ _ _ _ _ _ _ _ _ _ _ _ _ _ _ _ _ _ _ _ _ _ _ _ _ _ _ _ _ _ _ _ _ _ _ _ _ _ _ _ _ _ _ _ _ _ _ _ _ 

command = &#39;docker compose -f &#34;/home/ubuntu/SGE-tester-A/projects/docker-compose.yml&#34; -p &#34;pytest8476&#34; up --build -d&#39;, success_codes = (0,)

    def execute(command: str, success_codes: Iterable[int] = (0,)) -&gt; Union[bytes, Any]:
        &#34;&#34;&#34;Run a shell command.&#34;&#34;&#34;
        try:
            output = subprocess.check_output(command, stderr=subprocess.STDOUT, shell=True)
            status = 0
        except subprocess.CalledProcessError as error:
            output = error.output or b&#34;&#34;
            status = error.returncode
            command = error.cmd
    
        if status not in success_codes:
&gt;           raise Exception(
                &#39;Command {} returned {}: &#34;&#34;&#34;{}&#34;&#34;&#34;.&#39;.format(command, status, output.decode(&#34;utf-8&#34;))
            )
E           Exception: Command docker compose -f &#34;/home/ubuntu/SGE-tester-A/projects/docker-compose.yml&#34; -p &#34;pytest8476&#34; up --build -d returned 1: &#34;&#34;&#34;time=&#34;2026-01-13T13:01:30Z&#34; level=warning msg=&#34;/home/ubuntu/SGE-tester-A/projects/docker-compose.yml: the attribute `version` is obsolete, it will be ignored, please remove it to avoid potential confusion&#34;
E            Network pytest8476_default  Creating
E            Network pytest8476_default  Created
E            Container pytest8476-db-1  Creating
E            Container pytest8476-db-1  Created
E            Container pytest8476-odoo-1  Creating
E            Container pytest8476-odoo-1  Created
E            Container pytest8476-db-1  Starting
E           Error response from daemon: failed to set up container networking: driver failed programming external connectivity on endpoint pytest8476-db-1 (855511bf03cced77b686fcd20b1385a0c2c6d9bd2a2689ea7b72ab44519060a3): Bind for 0.0.0.0:5432 failed: port is already allocated
E           &#34;&#34;&#34;.

.venv/lib/python3.12/site-packages/pytest_docker/plugin.py:35: Exception</pre>
                        
                        

                        
                        
                        
                    </div>
                
                    <div class="test outcome outcome-failed">
                        <a id="04391385-d0e7-414f-8ae6-4b27bef5d4ef"></a>
                        <table class="proplist">
                            <tr><th>Test case:</th><td><b>test_unknown_comodel_name</b></td></tr>
                            <tr><th>Outcome:</th><td>Failed</td></tr>
                            <tr><th>Duration:</th><td>0.001 sec</td></tr>
                        
                            <tr><th>Failed</th><td>failed on setup with &#34;Exception: Command docker compose -f &#34;/home/ubuntu/SGE-tester-A/projects/docker-compose.yml&#34; -p &#34;pytest8476&#34; up --build -d returned 1: &#34;&#34;&#34;time=&#34;2026-01-13T13:01:30Z&#34; level=warning msg=&#34;/home/ubuntu/SGE-tester-A/projects/docker-compose.yml: the attribute `version` is obsolete, it will be ignored, please remove it to avoid potential confusion&#34;
 Network pytest8476_default  Creating
 Network pytest8476_default  Created
 Container pytest8476-db-1  Creating
 Container pytest8476-db-1  Created
 Container pytest8476-odoo-1  Creating
 Container pytest8476-odoo-1  Created
 Container pytest8476-db-1  Starting
Error response from daemon: failed to set up container networking: driver failed programming external connectivity on endpoint pytest8476-db-1 (855511bf03cced77b686fcd20b1385a0c2c6d9bd2a2689ea7b72ab44519060a3): Bind for 0.0.0.0:5432 failed: port is already allocated
&#34;&#34;&#34;.&#34;</td></tr>
                        
                        
                        </table>

                        
                        <pre>docker_compose_command = &#39;docker compose&#39;, docker_compose_file = &#39;/home/ubuntu/SGE-tester-A/projects/docker-compose.yml&#39;, docker_compose_project_name = &#39;pytest8476&#39;
docker_setup = [&#39;up --build -d&#39;], docker_cleanup = [&#39;down -v&#39;]

    @pytest.fixture(scope=containers_scope)
    def docker_services(
        docker_compose_command: str,
        docker_compose_file: Union[List[str], str],
        docker_compose_project_name: str,
        docker_setup: str,
        docker_cleanup: str,
    ) -&gt; Iterator[Services]:
        &#34;&#34;&#34;Start all services from a docker compose file (`docker-compose up`).
        After test are finished, shutdown all services (`docker-compose down`).&#34;&#34;&#34;
    
&gt;       with get_docker_services(
            docker_compose_command,
            docker_compose_file,
            docker_compose_project_name,
            docker_setup,
            docker_cleanup,
        ) as docker_service:

.venv/lib/python3.12/site-packages/pytest_docker/plugin.py:238: 
_ _ _ _ _ _ _ _ _ _ _ _ _ _ _ _ _ _ _ _ _ _ _ _ _ _ _ _ _ _ _ _ _ _ _ _ _ _ _ _ _ _ _ _ _ _ _ _ _ _ _ _ _ _ _ _ _ _ _ _ _ _ _ _ _ _ _ _ _ _ _ _ _ _ _ _ _ _ _ _ _ _ _ _ 
/usr/lib/python3.12/contextlib.py:137: in __enter__
    return next(self.gen)
.venv/lib/python3.12/site-packages/pytest_docker/plugin.py:212: in get_docker_services
    docker_compose.execute(command)
.venv/lib/python3.12/site-packages/pytest_docker/plugin.py:140: in execute
    return execute(command)
_ _ _ _ _ _ _ _ _ _ _ _ _ _ _ _ _ _ _ _ _ _ _ _ _ _ _ _ _ _ _ _ _ _ _ _ _ _ _ _ _ _ _ _ _ _ _ _ _ _ _ _ _ _ _ _ _ _ _ _ _ _ _ _ _ _ _ _ _ _ _ _ _ _ _ _ _ _ _ _ _ _ _ _ 

command = &#39;docker compose -f &#34;/home/ubuntu/SGE-tester-A/projects/docker-compose.yml&#34; -p &#34;pytest8476&#34; up --build -d&#39;, success_codes = (0,)

    def execute(command: str, success_codes: Iterable[int] = (0,)) -&gt; Union[bytes, Any]:
        &#34;&#34;&#34;Run a shell command.&#34;&#34;&#34;
        try:
            output = subprocess.check_output(command, stderr=subprocess.STDOUT, shell=True)
            status = 0
        except subprocess.CalledProcessError as error:
            output = error.output or b&#34;&#34;
            status = error.returncode
            command = error.cmd
    
        if status not in success_codes:
&gt;           raise Exception(
                &#39;Command {} returned {}: &#34;&#34;&#34;{}&#34;&#34;&#34;.&#39;.format(command, status, output.decode(&#34;utf-8&#34;))
            )
E           Exception: Command docker compose -f &#34;/home/ubuntu/SGE-tester-A/projects/docker-compose.yml&#34; -p &#34;pytest8476&#34; up --build -d returned 1: &#34;&#34;&#34;time=&#34;2026-01-13T13:01:30Z&#34; level=warning msg=&#34;/home/ubuntu/SGE-tester-A/projects/docker-compose.yml: the attribute `version` is obsolete, it will be ignored, please remove it to avoid potential confusion&#34;
E            Network pytest8476_default  Creating
E            Network pytest8476_default  Created
E            Container pytest8476-db-1  Creating
E            Container pytest8476-db-1  Created
E            Container pytest8476-odoo-1  Creating
E            Container pytest8476-odoo-1  Created
E            Container pytest8476-db-1  Starting
E           Error response from daemon: failed to set up container networking: driver failed programming external connectivity on endpoint pytest8476-db-1 (855511bf03cced77b686fcd20b1385a0c2c6d9bd2a2689ea7b72ab44519060a3): Bind for 0.0.0.0:5432 failed: port is already allocated
E           &#34;&#34;&#34;.

.venv/lib/python3.12/site-packages/pytest_docker/plugin.py:35: Exception</pre>
                        
                        

                        
                        
                        
                    </div>
                
                </div>
            </div>
            
            <div class="testclass">
                <h4>test_minimal_requirements.TestRNF3</h4>
                <div class="testcases">
                
                    <div class="test outcome outcome-failed">
                        <a id="3276e338-cd2f-46f0-a0c4-166371449114"></a>
                        <table class="proplist">
                            <tr><th>Test case:</th><td><b>test_modelos_tienen_vista[tree]</b></td></tr>
                            <tr><th>Outcome:</th><td>Failed</td></tr>
                            <tr><th>Duration:</th><td>0.001 sec</td></tr>
                        
                            <tr><th>Failed</th><td>failed on setup with &#34;Exception: Command docker compose -f &#34;/home/ubuntu/SGE-tester-A/projects/docker-compose.yml&#34; -p &#34;pytest8476&#34; up --build -d returned 1: &#34;&#34;&#34;time=&#34;2026-01-13T13:01:30Z&#34; level=warning msg=&#34;/home/ubuntu/SGE-tester-A/projects/docker-compose.yml: the attribute `version` is obsolete, it will be ignored, please remove it to avoid potential confusion&#34;
 Network pytest8476_default  Creating
 Network pytest8476_default  Created
 Container pytest8476-db-1  Creating
 Container pytest8476-db-1  Created
 Container pytest8476-odoo-1  Creating
 Container pytest8476-odoo-1  Created
 Container pytest8476-db-1  Starting
Error response from daemon: failed to set up container networking: driver failed programming external connectivity on endpoint pytest8476-db-1 (855511bf03cced77b686fcd20b1385a0c2c6d9bd2a2689ea7b72ab44519060a3): Bind for 0.0.0.0:5432 failed: port is already allocated
&#34;&#34;&#34;.&#34;</td></tr>
                        
                        
                        </table>

                        
                        <pre>docker_compose_command = &#39;docker compose&#39;, docker_compose_file = &#39;/home/ubuntu/SGE-tester-A/projects/docker-compose.yml&#39;, docker_compose_project_name = &#39;pytest8476&#39;
docker_setup = [&#39;up --build -d&#39;], docker_cleanup = [&#39;down -v&#39;]

    @pytest.fixture(scope=containers_scope)
    def docker_services(
        docker_compose_command: str,
        docker_compose_file: Union[List[str], str],
        docker_compose_project_name: str,
        docker_setup: str,
        docker_cleanup: str,
    ) -&gt; Iterator[Services]:
        &#34;&#34;&#34;Start all services from a docker compose file (`docker-compose up`).
        After test are finished, shutdown all services (`docker-compose down`).&#34;&#34;&#34;
    
&gt;       with get_docker_services(
            docker_compose_command,
            docker_compose_file,
            docker_compose_project_name,
            docker_setup,
            docker_cleanup,
        ) as docker_service:

.venv/lib/python3.12/site-packages/pytest_docker/plugin.py:238: 
_ _ _ _ _ _ _ _ _ _ _ _ _ _ _ _ _ _ _ _ _ _ _ _ _ _ _ _ _ _ _ _ _ _ _ _ _ _ _ _ _ _ _ _ _ _ _ _ _ _ _ _ _ _ _ _ _ _ _ _ _ _ _ _ _ _ _ _ _ _ _ _ _ _ _ _ _ _ _ _ _ _ _ _ 
/usr/lib/python3.12/contextlib.py:137: in __enter__
    return next(self.gen)
.venv/lib/python3.12/site-packages/pytest_docker/plugin.py:212: in get_docker_services
    docker_compose.execute(command)
.venv/lib/python3.12/site-packages/pytest_docker/plugin.py:140: in execute
    return execute(command)
_ _ _ _ _ _ _ _ _ _ _ _ _ _ _ _ _ _ _ _ _ _ _ _ _ _ _ _ _ _ _ _ _ _ _ _ _ _ _ _ _ _ _ _ _ _ _ _ _ _ _ _ _ _ _ _ _ _ _ _ _ _ _ _ _ _ _ _ _ _ _ _ _ _ _ _ _ _ _ _ _ _ _ _ 

command = &#39;docker compose -f &#34;/home/ubuntu/SGE-tester-A/projects/docker-compose.yml&#34; -p &#34;pytest8476&#34; up --build -d&#39;, success_codes = (0,)

    def execute(command: str, success_codes: Iterable[int] = (0,)) -&gt; Union[bytes, Any]:
        &#34;&#34;&#34;Run a shell command.&#34;&#34;&#34;
        try:
            output = subprocess.check_output(command, stderr=subprocess.STDOUT, shell=True)
            status = 0
        except subprocess.CalledProcessError as error:
            output = error.output or b&#34;&#34;
            status = error.returncode
            command = error.cmd
    
        if status not in success_codes:
&gt;           raise Exception(
                &#39;Command {} returned {}: &#34;&#34;&#34;{}&#34;&#34;&#34;.&#39;.format(command, status, output.decode(&#34;utf-8&#34;))
            )
E           Exception: Command docker compose -f &#34;/home/ubuntu/SGE-tester-A/projects/docker-compose.yml&#34; -p &#34;pytest8476&#34; up --build -d returned 1: &#34;&#34;&#34;time=&#34;2026-01-13T13:01:30Z&#34; level=warning msg=&#34;/home/ubuntu/SGE-tester-A/projects/docker-compose.yml: the attribute `version` is obsolete, it will be ignored, please remove it to avoid potential confusion&#34;
E            Network pytest8476_default  Creating
E            Network pytest8476_default  Created
E            Container pytest8476-db-1  Creating
E            Container pytest8476-db-1  Created
E            Container pytest8476-odoo-1  Creating
E            Container pytest8476-odoo-1  Created
E            Container pytest8476-db-1  Starting
E           Error response from daemon: failed to set up container networking: driver failed programming external connectivity on endpoint pytest8476-db-1 (855511bf03cced77b686fcd20b1385a0c2c6d9bd2a2689ea7b72ab44519060a3): Bind for 0.0.0.0:5432 failed: port is already allocated
E           &#34;&#34;&#34;.

.venv/lib/python3.12/site-packages/pytest_docker/plugin.py:35: Exception</pre>
                        
                        

                        
                        
                        
                    </div>
                
                    <div class="test outcome outcome-failed">
                        <a id="bf5e874a-f8cd-406b-a511-4afacf1395f2"></a>
                        <table class="proplist">
                            <tr><th>Test case:</th><td><b>test_modelos_tienen_vista[form]</b></td></tr>
                            <tr><th>Outcome:</th><td>Failed</td></tr>
                            <tr><th>Duration:</th><td>0.001 sec</td></tr>
                        
                            <tr><th>Failed</th><td>failed on setup with &#34;Exception: Command docker compose -f &#34;/home/ubuntu/SGE-tester-A/projects/docker-compose.yml&#34; -p &#34;pytest8476&#34; up --build -d returned 1: &#34;&#34;&#34;time=&#34;2026-01-13T13:01:30Z&#34; level=warning msg=&#34;/home/ubuntu/SGE-tester-A/projects/docker-compose.yml: the attribute `version` is obsolete, it will be ignored, please remove it to avoid potential confusion&#34;
 Network pytest8476_default  Creating
 Network pytest8476_default  Created
 Container pytest8476-db-1  Creating
 Container pytest8476-db-1  Created
 Container pytest8476-odoo-1  Creating
 Container pytest8476-odoo-1  Created
 Container pytest8476-db-1  Starting
Error response from daemon: failed to set up container networking: driver failed programming external connectivity on endpoint pytest8476-db-1 (855511bf03cced77b686fcd20b1385a0c2c6d9bd2a2689ea7b72ab44519060a3): Bind for 0.0.0.0:5432 failed: port is already allocated
&#34;&#34;&#34;.&#34;</td></tr>
                        
                        
                        </table>

                        
                        <pre>docker_compose_command = &#39;docker compose&#39;, docker_compose_file = &#39;/home/ubuntu/SGE-tester-A/projects/docker-compose.yml&#39;, docker_compose_project_name = &#39;pytest8476&#39;
docker_setup = [&#39;up --build -d&#39;], docker_cleanup = [&#39;down -v&#39;]

    @pytest.fixture(scope=containers_scope)
    def docker_services(
        docker_compose_command: str,
        docker_compose_file: Union[List[str], str],
        docker_compose_project_name: str,
        docker_setup: str,
        docker_cleanup: str,
    ) -&gt; Iterator[Services]:
        &#34;&#34;&#34;Start all services from a docker compose file (`docker-compose up`).
        After test are finished, shutdown all services (`docker-compose down`).&#34;&#34;&#34;
    
&gt;       with get_docker_services(
            docker_compose_command,
            docker_compose_file,
            docker_compose_project_name,
            docker_setup,
            docker_cleanup,
        ) as docker_service:

.venv/lib/python3.12/site-packages/pytest_docker/plugin.py:238: 
_ _ _ _ _ _ _ _ _ _ _ _ _ _ _ _ _ _ _ _ _ _ _ _ _ _ _ _ _ _ _ _ _ _ _ _ _ _ _ _ _ _ _ _ _ _ _ _ _ _ _ _ _ _ _ _ _ _ _ _ _ _ _ _ _ _ _ _ _ _ _ _ _ _ _ _ _ _ _ _ _ _ _ _ 
/usr/lib/python3.12/contextlib.py:137: in __enter__
    return next(self.gen)
.venv/lib/python3.12/site-packages/pytest_docker/plugin.py:212: in get_docker_services
    docker_compose.execute(command)
.venv/lib/python3.12/site-packages/pytest_docker/plugin.py:140: in execute
    return execute(command)
_ _ _ _ _ _ _ _ _ _ _ _ _ _ _ _ _ _ _ _ _ _ _ _ _ _ _ _ _ _ _ _ _ _ _ _ _ _ _ _ _ _ _ _ _ _ _ _ _ _ _ _ _ _ _ _ _ _ _ _ _ _ _ _ _ _ _ _ _ _ _ _ _ _ _ _ _ _ _ _ _ _ _ _ 

command = &#39;docker compose -f &#34;/home/ubuntu/SGE-tester-A/projects/docker-compose.yml&#34; -p &#34;pytest8476&#34; up --build -d&#39;, success_codes = (0,)

    def execute(command: str, success_codes: Iterable[int] = (0,)) -&gt; Union[bytes, Any]:
        &#34;&#34;&#34;Run a shell command.&#34;&#34;&#34;
        try:
            output = subprocess.check_output(command, stderr=subprocess.STDOUT, shell=True)
            status = 0
        except subprocess.CalledProcessError as error:
            output = error.output or b&#34;&#34;
            status = error.returncode
            command = error.cmd
    
        if status not in success_codes:
&gt;           raise Exception(
                &#39;Command {} returned {}: &#34;&#34;&#34;{}&#34;&#34;&#34;.&#39;.format(command, status, output.decode(&#34;utf-8&#34;))
            )
E           Exception: Command docker compose -f &#34;/home/ubuntu/SGE-tester-A/projects/docker-compose.yml&#34; -p &#34;pytest8476&#34; up --build -d returned 1: &#34;&#34;&#34;time=&#34;2026-01-13T13:01:30Z&#34; level=warning msg=&#34;/home/ubuntu/SGE-tester-A/projects/docker-compose.yml: the attribute `version` is obsolete, it will be ignored, please remove it to avoid potential confusion&#34;
E            Network pytest8476_default  Creating
E            Network pytest8476_default  Created
E            Container pytest8476-db-1  Creating
E            Container pytest8476-db-1  Created
E            Container pytest8476-odoo-1  Creating
E            Container pytest8476-odoo-1  Created
E            Container pytest8476-db-1  Starting
E           Error response from daemon: failed to set up container networking: driver failed programming external connectivity on endpoint pytest8476-db-1 (855511bf03cced77b686fcd20b1385a0c2c6d9bd2a2689ea7b72ab44519060a3): Bind for 0.0.0.0:5432 failed: port is already allocated
E           &#34;&#34;&#34;.

.venv/lib/python3.12/site-packages/pytest_docker/plugin.py:35: Exception</pre>
                        
                        

                        
                        
                        
                    </div>
                
                    <div class="test outcome outcome-failed">
                        <a id="3a110625-b741-4ae4-8a84-e17b3603e783"></a>
                        <table class="proplist">
                            <tr><th>Test case:</th><td><b>test_formularios_tienen_vista_anidada_para_campos_X2many[one2many]</b></td></tr>
                            <tr><th>Outcome:</th><td>Failed</td></tr>
                            <tr><th>Duration:</th><td>0.001 sec</td></tr>
                        
                            <tr><th>Failed</th><td>failed on setup with &#34;Exception: Command docker compose -f &#34;/home/ubuntu/SGE-tester-A/projects/docker-compose.yml&#34; -p &#34;pytest8476&#34; up --build -d returned 1: &#34;&#34;&#34;time=&#34;2026-01-13T13:01:30Z&#34; level=warning msg=&#34;/home/ubuntu/SGE-tester-A/projects/docker-compose.yml: the attribute `version` is obsolete, it will be ignored, please remove it to avoid potential confusion&#34;
 Network pytest8476_default  Creating
 Network pytest8476_default  Created
 Container pytest8476-db-1  Creating
 Container pytest8476-db-1  Created
 Container pytest8476-odoo-1  Creating
 Container pytest8476-odoo-1  Created
 Container pytest8476-db-1  Starting
Error response from daemon: failed to set up container networking: driver failed programming external connectivity on endpoint pytest8476-db-1 (855511bf03cced77b686fcd20b1385a0c2c6d9bd2a2689ea7b72ab44519060a3): Bind for 0.0.0.0:5432 failed: port is already allocated
&#34;&#34;&#34;.&#34;</td></tr>
                        
                        
                        </table>

                        
                        <pre>docker_compose_command = &#39;docker compose&#39;, docker_compose_file = &#39;/home/ubuntu/SGE-tester-A/projects/docker-compose.yml&#39;, docker_compose_project_name = &#39;pytest8476&#39;
docker_setup = [&#39;up --build -d&#39;], docker_cleanup = [&#39;down -v&#39;]

    @pytest.fixture(scope=containers_scope)
    def docker_services(
        docker_compose_command: str,
        docker_compose_file: Union[List[str], str],
        docker_compose_project_name: str,
        docker_setup: str,
        docker_cleanup: str,
    ) -&gt; Iterator[Services]:
        &#34;&#34;&#34;Start all services from a docker compose file (`docker-compose up`).
        After test are finished, shutdown all services (`docker-compose down`).&#34;&#34;&#34;
    
&gt;       with get_docker_services(
            docker_compose_command,
            docker_compose_file,
            docker_compose_project_name,
            docker_setup,
            docker_cleanup,
        ) as docker_service:

.venv/lib/python3.12/site-packages/pytest_docker/plugin.py:238: 
_ _ _ _ _ _ _ _ _ _ _ _ _ _ _ _ _ _ _ _ _ _ _ _ _ _ _ _ _ _ _ _ _ _ _ _ _ _ _ _ _ _ _ _ _ _ _ _ _ _ _ _ _ _ _ _ _ _ _ _ _ _ _ _ _ _ _ _ _ _ _ _ _ _ _ _ _ _ _ _ _ _ _ _ 
/usr/lib/python3.12/contextlib.py:137: in __enter__
    return next(self.gen)
.venv/lib/python3.12/site-packages/pytest_docker/plugin.py:212: in get_docker_services
    docker_compose.execute(command)
.venv/lib/python3.12/site-packages/pytest_docker/plugin.py:140: in execute
    return execute(command)
_ _ _ _ _ _ _ _ _ _ _ _ _ _ _ _ _ _ _ _ _ _ _ _ _ _ _ _ _ _ _ _ _ _ _ _ _ _ _ _ _ _ _ _ _ _ _ _ _ _ _ _ _ _ _ _ _ _ _ _ _ _ _ _ _ _ _ _ _ _ _ _ _ _ _ _ _ _ _ _ _ _ _ _ 

command = &#39;docker compose -f &#34;/home/ubuntu/SGE-tester-A/projects/docker-compose.yml&#34; -p &#34;pytest8476&#34; up --build -d&#39;, success_codes = (0,)

    def execute(command: str, success_codes: Iterable[int] = (0,)) -&gt; Union[bytes, Any]:
        &#34;&#34;&#34;Run a shell command.&#34;&#34;&#34;
        try:
            output = subprocess.check_output(command, stderr=subprocess.STDOUT, shell=True)
            status = 0
        except subprocess.CalledProcessError as error:
            output = error.output or b&#34;&#34;
            status = error.returncode
            command = error.cmd
    
        if status not in success_codes:
&gt;           raise Exception(
                &#39;Command {} returned {}: &#34;&#34;&#34;{}&#34;&#34;&#34;.&#39;.format(command, status, output.decode(&#34;utf-8&#34;))
            )
E           Exception: Command docker compose -f &#34;/home/ubuntu/SGE-tester-A/projects/docker-compose.yml&#34; -p &#34;pytest8476&#34; up --build -d returned 1: &#34;&#34;&#34;time=&#34;2026-01-13T13:01:30Z&#34; level=warning msg=&#34;/home/ubuntu/SGE-tester-A/projects/docker-compose.yml: the attribute `version` is obsolete, it will be ignored, please remove it to avoid potential confusion&#34;
E            Network pytest8476_default  Creating
E            Network pytest8476_default  Created
E            Container pytest8476-db-1  Creating
E            Container pytest8476-db-1  Created
E            Container pytest8476-odoo-1  Creating
E            Container pytest8476-odoo-1  Created
E            Container pytest8476-db-1  Starting
E           Error response from daemon: failed to set up container networking: driver failed programming external connectivity on endpoint pytest8476-db-1 (855511bf03cced77b686fcd20b1385a0c2c6d9bd2a2689ea7b72ab44519060a3): Bind for 0.0.0.0:5432 failed: port is already allocated
E           &#34;&#34;&#34;.

.venv/lib/python3.12/site-packages/pytest_docker/plugin.py:35: Exception</pre>
                        
                        

                        
                        
                        
                    </div>
                
                    <div class="test outcome outcome-failed">
                        <a id="8c830557-2113-4c3d-89ea-624af747ce1c"></a>
                        <table class="proplist">
                            <tr><th>Test case:</th><td><b>test_formularios_tienen_vista_anidada_para_campos_X2many[many2many]</b></td></tr>
                            <tr><th>Outcome:</th><td>Failed</td></tr>
                            <tr><th>Duration:</th><td>0.001 sec</td></tr>
                        
                            <tr><th>Failed</th><td>failed on setup with &#34;Exception: Command docker compose -f &#34;/home/ubuntu/SGE-tester-A/projects/docker-compose.yml&#34; -p &#34;pytest8476&#34; up --build -d returned 1: &#34;&#34;&#34;time=&#34;2026-01-13T13:01:30Z&#34; level=warning msg=&#34;/home/ubuntu/SGE-tester-A/projects/docker-compose.yml: the attribute `version` is obsolete, it will be ignored, please remove it to avoid potential confusion&#34;
 Network pytest8476_default  Creating
 Network pytest8476_default  Created
 Container pytest8476-db-1  Creating
 Container pytest8476-db-1  Created
 Container pytest8476-odoo-1  Creating
 Container pytest8476-odoo-1  Created
 Container pytest8476-db-1  Starting
Error response from daemon: failed to set up container networking: driver failed programming external connectivity on endpoint pytest8476-db-1 (855511bf03cced77b686fcd20b1385a0c2c6d9bd2a2689ea7b72ab44519060a3): Bind for 0.0.0.0:5432 failed: port is already allocated
&#34;&#34;&#34;.&#34;</td></tr>
                        
                        
                        </table>

                        
                        <pre>docker_compose_command = &#39;docker compose&#39;, docker_compose_file = &#39;/home/ubuntu/SGE-tester-A/projects/docker-compose.yml&#39;, docker_compose_project_name = &#39;pytest8476&#39;
docker_setup = [&#39;up --build -d&#39;], docker_cleanup = [&#39;down -v&#39;]

    @pytest.fixture(scope=containers_scope)
    def docker_services(
        docker_compose_command: str,
        docker_compose_file: Union[List[str], str],
        docker_compose_project_name: str,
        docker_setup: str,
        docker_cleanup: str,
    ) -&gt; Iterator[Services]:
        &#34;&#34;&#34;Start all services from a docker compose file (`docker-compose up`).
        After test are finished, shutdown all services (`docker-compose down`).&#34;&#34;&#34;
    
&gt;       with get_docker_services(
            docker_compose_command,
            docker_compose_file,
            docker_compose_project_name,
            docker_setup,
            docker_cleanup,
        ) as docker_service:

.venv/lib/python3.12/site-packages/pytest_docker/plugin.py:238: 
_ _ _ _ _ _ _ _ _ _ _ _ _ _ _ _ _ _ _ _ _ _ _ _ _ _ _ _ _ _ _ _ _ _ _ _ _ _ _ _ _ _ _ _ _ _ _ _ _ _ _ _ _ _ _ _ _ _ _ _ _ _ _ _ _ _ _ _ _ _ _ _ _ _ _ _ _ _ _ _ _ _ _ _ 
/usr/lib/python3.12/contextlib.py:137: in __enter__
    return next(self.gen)
.venv/lib/python3.12/site-packages/pytest_docker/plugin.py:212: in get_docker_services
    docker_compose.execute(command)
.venv/lib/python3.12/site-packages/pytest_docker/plugin.py:140: in execute
    return execute(command)
_ _ _ _ _ _ _ _ _ _ _ _ _ _ _ _ _ _ _ _ _ _ _ _ _ _ _ _ _ _ _ _ _ _ _ _ _ _ _ _ _ _ _ _ _ _ _ _ _ _ _ _ _ _ _ _ _ _ _ _ _ _ _ _ _ _ _ _ _ _ _ _ _ _ _ _ _ _ _ _ _ _ _ _ 

command = &#39;docker compose -f &#34;/home/ubuntu/SGE-tester-A/projects/docker-compose.yml&#34; -p &#34;pytest8476&#34; up --build -d&#39;, success_codes = (0,)

    def execute(command: str, success_codes: Iterable[int] = (0,)) -&gt; Union[bytes, Any]:
        &#34;&#34;&#34;Run a shell command.&#34;&#34;&#34;
        try:
            output = subprocess.check_output(command, stderr=subprocess.STDOUT, shell=True)
            status = 0
        except subprocess.CalledProcessError as error:
            output = error.output or b&#34;&#34;
            status = error.returncode
            command = error.cmd
    
        if status not in success_codes:
&gt;           raise Exception(
                &#39;Command {} returned {}: &#34;&#34;&#34;{}&#34;&#34;&#34;.&#39;.format(command, status, output.decode(&#34;utf-8&#34;))
            )
E           Exception: Command docker compose -f &#34;/home/ubuntu/SGE-tester-A/projects/docker-compose.yml&#34; -p &#34;pytest8476&#34; up --build -d returned 1: &#34;&#34;&#34;time=&#34;2026-01-13T13:01:30Z&#34; level=warning msg=&#34;/home/ubuntu/SGE-tester-A/projects/docker-compose.yml: the attribute `version` is obsolete, it will be ignored, please remove it to avoid potential confusion&#34;
E            Network pytest8476_default  Creating
E            Network pytest8476_default  Created
E            Container pytest8476-db-1  Creating
E            Container pytest8476-db-1  Created
E            Container pytest8476-odoo-1  Creating
E            Container pytest8476-odoo-1  Created
E            Container pytest8476-db-1  Starting
E           Error response from daemon: failed to set up container networking: driver failed programming external connectivity on endpoint pytest8476-db-1 (855511bf03cced77b686fcd20b1385a0c2c6d9bd2a2689ea7b72ab44519060a3): Bind for 0.0.0.0:5432 failed: port is already allocated
E           &#34;&#34;&#34;.

.venv/lib/python3.12/site-packages/pytest_docker/plugin.py:35: Exception</pre>
                        
                        

                        
                        
                        
                    </div>
                
                </div>
            </div>
            
            <div class="testclass">
                <h4>test_minimal_requirements.TestRNF4</h4>
                <div class="testcases">
                
                    <div class="test outcome outcome-failed">
                        <a id="100703f9-717a-45c3-aebe-8699ef1d502f"></a>
                        <table class="proplist">
                            <tr><th>Test case:</th><td><b>test_vistas_en_ficheros_individuales</b></td></tr>
                            <tr><th>Outcome:</th><td>Failed</td></tr>
                            <tr><th>Duration:</th><td>0.001 sec</td></tr>
                        
                            <tr><th>Failed</th><td>failed on setup with &#34;Exception: Command docker compose -f &#34;/home/ubuntu/SGE-tester-A/projects/docker-compose.yml&#34; -p &#34;pytest8476&#34; up --build -d returned 1: &#34;&#34;&#34;time=&#34;2026-01-13T13:01:30Z&#34; level=warning msg=&#34;/home/ubuntu/SGE-tester-A/projects/docker-compose.yml: the attribute `version` is obsolete, it will be ignored, please remove it to avoid potential confusion&#34;
 Network pytest8476_default  Creating
 Network pytest8476_default  Created
 Container pytest8476-db-1  Creating
 Container pytest8476-db-1  Created
 Container pytest8476-odoo-1  Creating
 Container pytest8476-odoo-1  Created
 Container pytest8476-db-1  Starting
Error response from daemon: failed to set up container networking: driver failed programming external connectivity on endpoint pytest8476-db-1 (855511bf03cced77b686fcd20b1385a0c2c6d9bd2a2689ea7b72ab44519060a3): Bind for 0.0.0.0:5432 failed: port is already allocated
&#34;&#34;&#34;.&#34;</td></tr>
                        
                        
                        </table>

                        
                        <pre>docker_compose_command = &#39;docker compose&#39;, docker_compose_file = &#39;/home/ubuntu/SGE-tester-A/projects/docker-compose.yml&#39;, docker_compose_project_name = &#39;pytest8476&#39;
docker_setup = [&#39;up --build -d&#39;], docker_cleanup = [&#39;down -v&#39;]

    @pytest.fixture(scope=containers_scope)
    def docker_services(
        docker_compose_command: str,
        docker_compose_file: Union[List[str], str],
        docker_compose_project_name: str,
        docker_setup: str,
        docker_cleanup: str,
    ) -&gt; Iterator[Services]:
        &#34;&#34;&#34;Start all services from a docker compose file (`docker-compose up`).
        After test are finished, shutdown all services (`docker-compose down`).&#34;&#34;&#34;
    
&gt;       with get_docker_services(
            docker_compose_command,
            docker_compose_file,
            docker_compose_project_name,
            docker_setup,
            docker_cleanup,
        ) as docker_service:

.venv/lib/python3.12/site-packages/pytest_docker/plugin.py:238: 
_ _ _ _ _ _ _ _ _ _ _ _ _ _ _ _ _ _ _ _ _ _ _ _ _ _ _ _ _ _ _ _ _ _ _ _ _ _ _ _ _ _ _ _ _ _ _ _ _ _ _ _ _ _ _ _ _ _ _ _ _ _ _ _ _ _ _ _ _ _ _ _ _ _ _ _ _ _ _ _ _ _ _ _ 
/usr/lib/python3.12/contextlib.py:137: in __enter__
    return next(self.gen)
.venv/lib/python3.12/site-packages/pytest_docker/plugin.py:212: in get_docker_services
    docker_compose.execute(command)
.venv/lib/python3.12/site-packages/pytest_docker/plugin.py:140: in execute
    return execute(command)
_ _ _ _ _ _ _ _ _ _ _ _ _ _ _ _ _ _ _ _ _ _ _ _ _ _ _ _ _ _ _ _ _ _ _ _ _ _ _ _ _ _ _ _ _ _ _ _ _ _ _ _ _ _ _ _ _ _ _ _ _ _ _ _ _ _ _ _ _ _ _ _ _ _ _ _ _ _ _ _ _ _ _ _ 

command = &#39;docker compose -f &#34;/home/ubuntu/SGE-tester-A/projects/docker-compose.yml&#34; -p &#34;pytest8476&#34; up --build -d&#39;, success_codes = (0,)

    def execute(command: str, success_codes: Iterable[int] = (0,)) -&gt; Union[bytes, Any]:
        &#34;&#34;&#34;Run a shell command.&#34;&#34;&#34;
        try:
            output = subprocess.check_output(command, stderr=subprocess.STDOUT, shell=True)
            status = 0
        except subprocess.CalledProcessError as error:
            output = error.output or b&#34;&#34;
            status = error.returncode
            command = error.cmd
    
        if status not in success_codes:
&gt;           raise Exception(
                &#39;Command {} returned {}: &#34;&#34;&#34;{}&#34;&#34;&#34;.&#39;.format(command, status, output.decode(&#34;utf-8&#34;))
            )
E           Exception: Command docker compose -f &#34;/home/ubuntu/SGE-tester-A/projects/docker-compose.yml&#34; -p &#34;pytest8476&#34; up --build -d returned 1: &#34;&#34;&#34;time=&#34;2026-01-13T13:01:30Z&#34; level=warning msg=&#34;/home/ubuntu/SGE-tester-A/projects/docker-compose.yml: the attribute `version` is obsolete, it will be ignored, please remove it to avoid potential confusion&#34;
E            Network pytest8476_default  Creating
E            Network pytest8476_default  Created
E            Container pytest8476-db-1  Creating
E            Container pytest8476-db-1  Created
E            Container pytest8476-odoo-1  Creating
E            Container pytest8476-odoo-1  Created
E            Container pytest8476-db-1  Starting
E           Error response from daemon: failed to set up container networking: driver failed programming external connectivity on endpoint pytest8476-db-1 (855511bf03cced77b686fcd20b1385a0c2c6d9bd2a2689ea7b72ab44519060a3): Bind for 0.0.0.0:5432 failed: port is already allocated
E           &#34;&#34;&#34;.

.venv/lib/python3.12/site-packages/pytest_docker/plugin.py:35: Exception</pre>
                        
                        

                        
                        
                        
                    </div>
                
                </div>
            </div>
            
            <div class="testclass">
                <h4>test_minimal_requirements.TestRNF5</h4>
                <div class="testcases">
                
                    <div class="test outcome outcome-failed">
                        <a id="725781c6-9740-42c9-a4c6-4526b08d4c47"></a>
                        <table class="proplist">
                            <tr><th>Test case:</th><td><b>test_modelos_tienen_algun_posible_campo_imagen</b></td></tr>
                            <tr><th>Outcome:</th><td>Failed</td></tr>
                            <tr><th>Duration:</th><td>0.001 sec</td></tr>
                        
                            <tr><th>Failed</th><td>failed on setup with &#34;Exception: Command docker compose -f &#34;/home/ubuntu/SGE-tester-A/projects/docker-compose.yml&#34; -p &#34;pytest8476&#34; up --build -d returned 1: &#34;&#34;&#34;time=&#34;2026-01-13T13:01:30Z&#34; level=warning msg=&#34;/home/ubuntu/SGE-tester-A/projects/docker-compose.yml: the attribute `version` is obsolete, it will be ignored, please remove it to avoid potential confusion&#34;
 Network pytest8476_default  Creating
 Network pytest8476_default  Created
 Container pytest8476-db-1  Creating
 Container pytest8476-db-1  Created
 Container pytest8476-odoo-1  Creating
 Container pytest8476-odoo-1  Created
 Container pytest8476-db-1  Starting
Error response from daemon: failed to set up container networking: driver failed programming external connectivity on endpoint pytest8476-db-1 (855511bf03cced77b686fcd20b1385a0c2c6d9bd2a2689ea7b72ab44519060a3): Bind for 0.0.0.0:5432 failed: port is already allocated
&#34;&#34;&#34;.&#34;</td></tr>
                        
                        
                        </table>

                        
                        <pre>docker_compose_command = &#39;docker compose&#39;, docker_compose_file = &#39;/home/ubuntu/SGE-tester-A/projects/docker-compose.yml&#39;, docker_compose_project_name = &#39;pytest8476&#39;
docker_setup = [&#39;up --build -d&#39;], docker_cleanup = [&#39;down -v&#39;]

    @pytest.fixture(scope=containers_scope)
    def docker_services(
        docker_compose_command: str,
        docker_compose_file: Union[List[str], str],
        docker_compose_project_name: str,
        docker_setup: str,
        docker_cleanup: str,
    ) -&gt; Iterator[Services]:
        &#34;&#34;&#34;Start all services from a docker compose file (`docker-compose up`).
        After test are finished, shutdown all services (`docker-compose down`).&#34;&#34;&#34;
    
&gt;       with get_docker_services(
            docker_compose_command,
            docker_compose_file,
            docker_compose_project_name,
            docker_setup,
            docker_cleanup,
        ) as docker_service:

.venv/lib/python3.12/site-packages/pytest_docker/plugin.py:238: 
_ _ _ _ _ _ _ _ _ _ _ _ _ _ _ _ _ _ _ _ _ _ _ _ _ _ _ _ _ _ _ _ _ _ _ _ _ _ _ _ _ _ _ _ _ _ _ _ _ _ _ _ _ _ _ _ _ _ _ _ _ _ _ _ _ _ _ _ _ _ _ _ _ _ _ _ _ _ _ _ _ _ _ _ 
/usr/lib/python3.12/contextlib.py:137: in __enter__
    return next(self.gen)
.venv/lib/python3.12/site-packages/pytest_docker/plugin.py:212: in get_docker_services
    docker_compose.execute(command)
.venv/lib/python3.12/site-packages/pytest_docker/plugin.py:140: in execute
    return execute(command)
_ _ _ _ _ _ _ _ _ _ _ _ _ _ _ _ _ _ _ _ _ _ _ _ _ _ _ _ _ _ _ _ _ _ _ _ _ _ _ _ _ _ _ _ _ _ _ _ _ _ _ _ _ _ _ _ _ _ _ _ _ _ _ _ _ _ _ _ _ _ _ _ _ _ _ _ _ _ _ _ _ _ _ _ 

command = &#39;docker compose -f &#34;/home/ubuntu/SGE-tester-A/projects/docker-compose.yml&#34; -p &#34;pytest8476&#34; up --build -d&#39;, success_codes = (0,)

    def execute(command: str, success_codes: Iterable[int] = (0,)) -&gt; Union[bytes, Any]:
        &#34;&#34;&#34;Run a shell command.&#34;&#34;&#34;
        try:
            output = subprocess.check_output(command, stderr=subprocess.STDOUT, shell=True)
            status = 0
        except subprocess.CalledProcessError as error:
            output = error.output or b&#34;&#34;
            status = error.returncode
            command = error.cmd
    
        if status not in success_codes:
&gt;           raise Exception(
                &#39;Command {} returned {}: &#34;&#34;&#34;{}&#34;&#34;&#34;.&#39;.format(command, status, output.decode(&#34;utf-8&#34;))
            )
E           Exception: Command docker compose -f &#34;/home/ubuntu/SGE-tester-A/projects/docker-compose.yml&#34; -p &#34;pytest8476&#34; up --build -d returned 1: &#34;&#34;&#34;time=&#34;2026-01-13T13:01:30Z&#34; level=warning msg=&#34;/home/ubuntu/SGE-tester-A/projects/docker-compose.yml: the attribute `version` is obsolete, it will be ignored, please remove it to avoid potential confusion&#34;
E            Network pytest8476_default  Creating
E            Network pytest8476_default  Created
E            Container pytest8476-db-1  Creating
E            Container pytest8476-db-1  Created
E            Container pytest8476-odoo-1  Creating
E            Container pytest8476-odoo-1  Created
E            Container pytest8476-db-1  Starting
E           Error response from daemon: failed to set up container networking: driver failed programming external connectivity on endpoint pytest8476-db-1 (855511bf03cced77b686fcd20b1385a0c2c6d9bd2a2689ea7b72ab44519060a3): Bind for 0.0.0.0:5432 failed: port is already allocated
E           &#34;&#34;&#34;.

.venv/lib/python3.12/site-packages/pytest_docker/plugin.py:35: Exception</pre>
                        
                        

                        
                        
                        
                    </div>
                
                    <div class="test outcome outcome-failed">
                        <a id="f7d74a53-4524-43a5-91a5-7f6269b03f64"></a>
                        <table class="proplist">
                            <tr><th>Test case:</th><td><b>test_alguna_vista_tiene_campo_imagen</b></td></tr>
                            <tr><th>Outcome:</th><td>Failed</td></tr>
                            <tr><th>Duration:</th><td>0.001 sec</td></tr>
                        
                            <tr><th>Failed</th><td>failed on setup with &#34;Exception: Command docker compose -f &#34;/home/ubuntu/SGE-tester-A/projects/docker-compose.yml&#34; -p &#34;pytest8476&#34; up --build -d returned 1: &#34;&#34;&#34;time=&#34;2026-01-13T13:01:30Z&#34; level=warning msg=&#34;/home/ubuntu/SGE-tester-A/projects/docker-compose.yml: the attribute `version` is obsolete, it will be ignored, please remove it to avoid potential confusion&#34;
 Network pytest8476_default  Creating
 Network pytest8476_default  Created
 Container pytest8476-db-1  Creating
 Container pytest8476-db-1  Created
 Container pytest8476-odoo-1  Creating
 Container pytest8476-odoo-1  Created
 Container pytest8476-db-1  Starting
Error response from daemon: failed to set up container networking: driver failed programming external connectivity on endpoint pytest8476-db-1 (855511bf03cced77b686fcd20b1385a0c2c6d9bd2a2689ea7b72ab44519060a3): Bind for 0.0.0.0:5432 failed: port is already allocated
&#34;&#34;&#34;.&#34;</td></tr>
                        
                        
                        </table>

                        
                        <pre>docker_compose_command = &#39;docker compose&#39;, docker_compose_file = &#39;/home/ubuntu/SGE-tester-A/projects/docker-compose.yml&#39;, docker_compose_project_name = &#39;pytest8476&#39;
docker_setup = [&#39;up --build -d&#39;], docker_cleanup = [&#39;down -v&#39;]

    @pytest.fixture(scope=containers_scope)
    def docker_services(
        docker_compose_command: str,
        docker_compose_file: Union[List[str], str],
        docker_compose_project_name: str,
        docker_setup: str,
        docker_cleanup: str,
    ) -&gt; Iterator[Services]:
        &#34;&#34;&#34;Start all services from a docker compose file (`docker-compose up`).
        After test are finished, shutdown all services (`docker-compose down`).&#34;&#34;&#34;
    
&gt;       with get_docker_services(
            docker_compose_command,
            docker_compose_file,
            docker_compose_project_name,
            docker_setup,
            docker_cleanup,
        ) as docker_service:

.venv/lib/python3.12/site-packages/pytest_docker/plugin.py:238: 
_ _ _ _ _ _ _ _ _ _ _ _ _ _ _ _ _ _ _ _ _ _ _ _ _ _ _ _ _ _ _ _ _ _ _ _ _ _ _ _ _ _ _ _ _ _ _ _ _ _ _ _ _ _ _ _ _ _ _ _ _ _ _ _ _ _ _ _ _ _ _ _ _ _ _ _ _ _ _ _ _ _ _ _ 
/usr/lib/python3.12/contextlib.py:137: in __enter__
    return next(self.gen)
.venv/lib/python3.12/site-packages/pytest_docker/plugin.py:212: in get_docker_services
    docker_compose.execute(command)
.venv/lib/python3.12/site-packages/pytest_docker/plugin.py:140: in execute
    return execute(command)
_ _ _ _ _ _ _ _ _ _ _ _ _ _ _ _ _ _ _ _ _ _ _ _ _ _ _ _ _ _ _ _ _ _ _ _ _ _ _ _ _ _ _ _ _ _ _ _ _ _ _ _ _ _ _ _ _ _ _ _ _ _ _ _ _ _ _ _ _ _ _ _ _ _ _ _ _ _ _ _ _ _ _ _ 

command = &#39;docker compose -f &#34;/home/ubuntu/SGE-tester-A/projects/docker-compose.yml&#34; -p &#34;pytest8476&#34; up --build -d&#39;, success_codes = (0,)

    def execute(command: str, success_codes: Iterable[int] = (0,)) -&gt; Union[bytes, Any]:
        &#34;&#34;&#34;Run a shell command.&#34;&#34;&#34;
        try:
            output = subprocess.check_output(command, stderr=subprocess.STDOUT, shell=True)
            status = 0
        except subprocess.CalledProcessError as error:
            output = error.output or b&#34;&#34;
            status = error.returncode
            command = error.cmd
    
        if status not in success_codes:
&gt;           raise Exception(
                &#39;Command {} returned {}: &#34;&#34;&#34;{}&#34;&#34;&#34;.&#39;.format(command, status, output.decode(&#34;utf-8&#34;))
            )
E           Exception: Command docker compose -f &#34;/home/ubuntu/SGE-tester-A/projects/docker-compose.yml&#34; -p &#34;pytest8476&#34; up --build -d returned 1: &#34;&#34;&#34;time=&#34;2026-01-13T13:01:30Z&#34; level=warning msg=&#34;/home/ubuntu/SGE-tester-A/projects/docker-compose.yml: the attribute `version` is obsolete, it will be ignored, please remove it to avoid potential confusion&#34;
E            Network pytest8476_default  Creating
E            Network pytest8476_default  Created
E            Container pytest8476-db-1  Creating
E            Container pytest8476-db-1  Created
E            Container pytest8476-odoo-1  Creating
E            Container pytest8476-odoo-1  Created
E            Container pytest8476-db-1  Starting
E           Error response from daemon: failed to set up container networking: driver failed programming external connectivity on endpoint pytest8476-db-1 (855511bf03cced77b686fcd20b1385a0c2c6d9bd2a2689ea7b72ab44519060a3): Bind for 0.0.0.0:5432 failed: port is already allocated
E           &#34;&#34;&#34;.

.venv/lib/python3.12/site-packages/pytest_docker/plugin.py:35: Exception</pre>
                        
                        

                        
                        
                        
                    </div>
                
                </div>
            </div>
            
            <div class="testclass">
                <h4>test_minimal_requirements.TestRNF6</h4>
                <div class="testcases">
                
                    <div class="test outcome outcome-failed">
                        <a id="ed742739-9786-4a4a-aa83-a5e6078d6784"></a>
                        <table class="proplist">
                            <tr><th>Test case:</th><td><b>test_modelos_tienen_acciones</b></td></tr>
                            <tr><th>Outcome:</th><td>Failed</td></tr>
                            <tr><th>Duration:</th><td>0.001 sec</td></tr>
                        
                            <tr><th>Failed</th><td>failed on setup with &#34;Exception: Command docker compose -f &#34;/home/ubuntu/SGE-tester-A/projects/docker-compose.yml&#34; -p &#34;pytest8476&#34; up --build -d returned 1: &#34;&#34;&#34;time=&#34;2026-01-13T13:01:30Z&#34; level=warning msg=&#34;/home/ubuntu/SGE-tester-A/projects/docker-compose.yml: the attribute `version` is obsolete, it will be ignored, please remove it to avoid potential confusion&#34;
 Network pytest8476_default  Creating
 Network pytest8476_default  Created
 Container pytest8476-db-1  Creating
 Container pytest8476-db-1  Created
 Container pytest8476-odoo-1  Creating
 Container pytest8476-odoo-1  Created
 Container pytest8476-db-1  Starting
Error response from daemon: failed to set up container networking: driver failed programming external connectivity on endpoint pytest8476-db-1 (855511bf03cced77b686fcd20b1385a0c2c6d9bd2a2689ea7b72ab44519060a3): Bind for 0.0.0.0:5432 failed: port is already allocated
&#34;&#34;&#34;.&#34;</td></tr>
                        
                        
                        </table>

                        
                        <pre>docker_compose_command = &#39;docker compose&#39;, docker_compose_file = &#39;/home/ubuntu/SGE-tester-A/projects/docker-compose.yml&#39;, docker_compose_project_name = &#39;pytest8476&#39;
docker_setup = [&#39;up --build -d&#39;], docker_cleanup = [&#39;down -v&#39;]

    @pytest.fixture(scope=containers_scope)
    def docker_services(
        docker_compose_command: str,
        docker_compose_file: Union[List[str], str],
        docker_compose_project_name: str,
        docker_setup: str,
        docker_cleanup: str,
    ) -&gt; Iterator[Services]:
        &#34;&#34;&#34;Start all services from a docker compose file (`docker-compose up`).
        After test are finished, shutdown all services (`docker-compose down`).&#34;&#34;&#34;
    
&gt;       with get_docker_services(
            docker_compose_command,
            docker_compose_file,
            docker_compose_project_name,
            docker_setup,
            docker_cleanup,
        ) as docker_service:

.venv/lib/python3.12/site-packages/pytest_docker/plugin.py:238: 
_ _ _ _ _ _ _ _ _ _ _ _ _ _ _ _ _ _ _ _ _ _ _ _ _ _ _ _ _ _ _ _ _ _ _ _ _ _ _ _ _ _ _ _ _ _ _ _ _ _ _ _ _ _ _ _ _ _ _ _ _ _ _ _ _ _ _ _ _ _ _ _ _ _ _ _ _ _ _ _ _ _ _ _ 
/usr/lib/python3.12/contextlib.py:137: in __enter__
    return next(self.gen)
.venv/lib/python3.12/site-packages/pytest_docker/plugin.py:212: in get_docker_services
    docker_compose.execute(command)
.venv/lib/python3.12/site-packages/pytest_docker/plugin.py:140: in execute
    return execute(command)
_ _ _ _ _ _ _ _ _ _ _ _ _ _ _ _ _ _ _ _ _ _ _ _ _ _ _ _ _ _ _ _ _ _ _ _ _ _ _ _ _ _ _ _ _ _ _ _ _ _ _ _ _ _ _ _ _ _ _ _ _ _ _ _ _ _ _ _ _ _ _ _ _ _ _ _ _ _ _ _ _ _ _ _ 

command = &#39;docker compose -f &#34;/home/ubuntu/SGE-tester-A/projects/docker-compose.yml&#34; -p &#34;pytest8476&#34; up --build -d&#39;, success_codes = (0,)

    def execute(command: str, success_codes: Iterable[int] = (0,)) -&gt; Union[bytes, Any]:
        &#34;&#34;&#34;Run a shell command.&#34;&#34;&#34;
        try:
            output = subprocess.check_output(command, stderr=subprocess.STDOUT, shell=True)
            status = 0
        except subprocess.CalledProcessError as error:
            output = error.output or b&#34;&#34;
            status = error.returncode
            command = error.cmd
    
        if status not in success_codes:
&gt;           raise Exception(
                &#39;Command {} returned {}: &#34;&#34;&#34;{}&#34;&#34;&#34;.&#39;.format(command, status, output.decode(&#34;utf-8&#34;))
            )
E           Exception: Command docker compose -f &#34;/home/ubuntu/SGE-tester-A/projects/docker-compose.yml&#34; -p &#34;pytest8476&#34; up --build -d returned 1: &#34;&#34;&#34;time=&#34;2026-01-13T13:01:30Z&#34; level=warning msg=&#34;/home/ubuntu/SGE-tester-A/projects/docker-compose.yml: the attribute `version` is obsolete, it will be ignored, please remove it to avoid potential confusion&#34;
E            Network pytest8476_default  Creating
E            Network pytest8476_default  Created
E            Container pytest8476-db-1  Creating
E            Container pytest8476-db-1  Created
E            Container pytest8476-odoo-1  Creating
E            Container pytest8476-odoo-1  Created
E            Container pytest8476-db-1  Starting
E           Error response from daemon: failed to set up container networking: driver failed programming external connectivity on endpoint pytest8476-db-1 (855511bf03cced77b686fcd20b1385a0c2c6d9bd2a2689ea7b72ab44519060a3): Bind for 0.0.0.0:5432 failed: port is already allocated
E           &#34;&#34;&#34;.

.venv/lib/python3.12/site-packages/pytest_docker/plugin.py:35: Exception</pre>
                        
                        

                        
                        
                        
                    </div>
                
                    <div class="test outcome outcome-failed">
                        <a id="ff866e3c-f436-4c4e-900b-66bd53b8c071"></a>
                        <table class="proplist">
                            <tr><th>Test case:</th><td><b>test_hay_elementos_de_menu[.//menuitem[@action]]</b></td></tr>
                            <tr><th>Outcome:</th><td>Failed</td></tr>
                            <tr><th>Duration:</th><td>0.001 sec</td></tr>
                        
                            <tr><th>Failed</th><td>failed on setup with &#34;Exception: Command docker compose -f &#34;/home/ubuntu/SGE-tester-A/projects/docker-compose.yml&#34; -p &#34;pytest8476&#34; up --build -d returned 1: &#34;&#34;&#34;time=&#34;2026-01-13T13:01:30Z&#34; level=warning msg=&#34;/home/ubuntu/SGE-tester-A/projects/docker-compose.yml: the attribute `version` is obsolete, it will be ignored, please remove it to avoid potential confusion&#34;
 Network pytest8476_default  Creating
 Network pytest8476_default  Created
 Container pytest8476-db-1  Creating
 Container pytest8476-db-1  Created
 Container pytest8476-odoo-1  Creating
 Container pytest8476-odoo-1  Created
 Container pytest8476-db-1  Starting
Error response from daemon: failed to set up container networking: driver failed programming external connectivity on endpoint pytest8476-db-1 (855511bf03cced77b686fcd20b1385a0c2c6d9bd2a2689ea7b72ab44519060a3): Bind for 0.0.0.0:5432 failed: port is already allocated
&#34;&#34;&#34;.&#34;</td></tr>
                        
                        
                        </table>

                        
                        <pre>docker_compose_command = &#39;docker compose&#39;, docker_compose_file = &#39;/home/ubuntu/SGE-tester-A/projects/docker-compose.yml&#39;, docker_compose_project_name = &#39;pytest8476&#39;
docker_setup = [&#39;up --build -d&#39;], docker_cleanup = [&#39;down -v&#39;]

    @pytest.fixture(scope=containers_scope)
    def docker_services(
        docker_compose_command: str,
        docker_compose_file: Union[List[str], str],
        docker_compose_project_name: str,
        docker_setup: str,
        docker_cleanup: str,
    ) -&gt; Iterator[Services]:
        &#34;&#34;&#34;Start all services from a docker compose file (`docker-compose up`).
        After test are finished, shutdown all services (`docker-compose down`).&#34;&#34;&#34;
    
&gt;       with get_docker_services(
            docker_compose_command,
            docker_compose_file,
            docker_compose_project_name,
            docker_setup,
            docker_cleanup,
        ) as docker_service:

.venv/lib/python3.12/site-packages/pytest_docker/plugin.py:238: 
_ _ _ _ _ _ _ _ _ _ _ _ _ _ _ _ _ _ _ _ _ _ _ _ _ _ _ _ _ _ _ _ _ _ _ _ _ _ _ _ _ _ _ _ _ _ _ _ _ _ _ _ _ _ _ _ _ _ _ _ _ _ _ _ _ _ _ _ _ _ _ _ _ _ _ _ _ _ _ _ _ _ _ _ 
/usr/lib/python3.12/contextlib.py:137: in __enter__
    return next(self.gen)
.venv/lib/python3.12/site-packages/pytest_docker/plugin.py:212: in get_docker_services
    docker_compose.execute(command)
.venv/lib/python3.12/site-packages/pytest_docker/plugin.py:140: in execute
    return execute(command)
_ _ _ _ _ _ _ _ _ _ _ _ _ _ _ _ _ _ _ _ _ _ _ _ _ _ _ _ _ _ _ _ _ _ _ _ _ _ _ _ _ _ _ _ _ _ _ _ _ _ _ _ _ _ _ _ _ _ _ _ _ _ _ _ _ _ _ _ _ _ _ _ _ _ _ _ _ _ _ _ _ _ _ _ 

command = &#39;docker compose -f &#34;/home/ubuntu/SGE-tester-A/projects/docker-compose.yml&#34; -p &#34;pytest8476&#34; up --build -d&#39;, success_codes = (0,)

    def execute(command: str, success_codes: Iterable[int] = (0,)) -&gt; Union[bytes, Any]:
        &#34;&#34;&#34;Run a shell command.&#34;&#34;&#34;
        try:
            output = subprocess.check_output(command, stderr=subprocess.STDOUT, shell=True)
            status = 0
        except subprocess.CalledProcessError as error:
            output = error.output or b&#34;&#34;
            status = error.returncode
            command = error.cmd
    
        if status not in success_codes:
&gt;           raise Exception(
                &#39;Command {} returned {}: &#34;&#34;&#34;{}&#34;&#34;&#34;.&#39;.format(command, status, output.decode(&#34;utf-8&#34;))
            )
E           Exception: Command docker compose -f &#34;/home/ubuntu/SGE-tester-A/projects/docker-compose.yml&#34; -p &#34;pytest8476&#34; up --build -d returned 1: &#34;&#34;&#34;time=&#34;2026-01-13T13:01:30Z&#34; level=warning msg=&#34;/home/ubuntu/SGE-tester-A/projects/docker-compose.yml: the attribute `version` is obsolete, it will be ignored, please remove it to avoid potential confusion&#34;
E            Network pytest8476_default  Creating
E            Network pytest8476_default  Created
E            Container pytest8476-db-1  Creating
E            Container pytest8476-db-1  Created
E            Container pytest8476-odoo-1  Creating
E            Container pytest8476-odoo-1  Created
E            Container pytest8476-db-1  Starting
E           Error response from daemon: failed to set up container networking: driver failed programming external connectivity on endpoint pytest8476-db-1 (855511bf03cced77b686fcd20b1385a0c2c6d9bd2a2689ea7b72ab44519060a3): Bind for 0.0.0.0:5432 failed: port is already allocated
E           &#34;&#34;&#34;.

.venv/lib/python3.12/site-packages/pytest_docker/plugin.py:35: Exception</pre>
                        
                        

                        
                        
                        
                    </div>
                
                </div>
            </div>
            
            <div class="testclass">
                <h4>test_minimal_requirements.TestRNF7</h4>
                <div class="testcases">
                
                    <div class="test outcome outcome-failed">
                        <a id="f83767d1-8456-45f7-8fc0-b45eedcf64e0"></a>
                        <table class="proplist">
                            <tr><th>Test case:</th><td><b>test_modelos_tienen_permisos</b></td></tr>
                            <tr><th>Outcome:</th><td>Failed</td></tr>
                            <tr><th>Duration:</th><td>0.001 sec</td></tr>
                        
                            <tr><th>Failed</th><td>failed on setup with &#34;Exception: Command docker compose -f &#34;/home/ubuntu/SGE-tester-A/projects/docker-compose.yml&#34; -p &#34;pytest8476&#34; up --build -d returned 1: &#34;&#34;&#34;time=&#34;2026-01-13T13:01:30Z&#34; level=warning msg=&#34;/home/ubuntu/SGE-tester-A/projects/docker-compose.yml: the attribute `version` is obsolete, it will be ignored, please remove it to avoid potential confusion&#34;
 Network pytest8476_default  Creating
 Network pytest8476_default  Created
 Container pytest8476-db-1  Creating
 Container pytest8476-db-1  Created
 Container pytest8476-odoo-1  Creating
 Container pytest8476-odoo-1  Created
 Container pytest8476-db-1  Starting
Error response from daemon: failed to set up container networking: driver failed programming external connectivity on endpoint pytest8476-db-1 (855511bf03cced77b686fcd20b1385a0c2c6d9bd2a2689ea7b72ab44519060a3): Bind for 0.0.0.0:5432 failed: port is already allocated
&#34;&#34;&#34;.&#34;</td></tr>
                        
                        
                        </table>

                        
                        <pre>docker_compose_command = &#39;docker compose&#39;, docker_compose_file = &#39;/home/ubuntu/SGE-tester-A/projects/docker-compose.yml&#39;, docker_compose_project_name = &#39;pytest8476&#39;
docker_setup = [&#39;up --build -d&#39;], docker_cleanup = [&#39;down -v&#39;]

    @pytest.fixture(scope=containers_scope)
    def docker_services(
        docker_compose_command: str,
        docker_compose_file: Union[List[str], str],
        docker_compose_project_name: str,
        docker_setup: str,
        docker_cleanup: str,
    ) -&gt; Iterator[Services]:
        &#34;&#34;&#34;Start all services from a docker compose file (`docker-compose up`).
        After test are finished, shutdown all services (`docker-compose down`).&#34;&#34;&#34;
    
&gt;       with get_docker_services(
            docker_compose_command,
            docker_compose_file,
            docker_compose_project_name,
            docker_setup,
            docker_cleanup,
        ) as docker_service:

.venv/lib/python3.12/site-packages/pytest_docker/plugin.py:238: 
_ _ _ _ _ _ _ _ _ _ _ _ _ _ _ _ _ _ _ _ _ _ _ _ _ _ _ _ _ _ _ _ _ _ _ _ _ _ _ _ _ _ _ _ _ _ _ _ _ _ _ _ _ _ _ _ _ _ _ _ _ _ _ _ _ _ _ _ _ _ _ _ _ _ _ _ _ _ _ _ _ _ _ _ 
/usr/lib/python3.12/contextlib.py:137: in __enter__
    return next(self.gen)
.venv/lib/python3.12/site-packages/pytest_docker/plugin.py:212: in get_docker_services
    docker_compose.execute(command)
.venv/lib/python3.12/site-packages/pytest_docker/plugin.py:140: in execute
    return execute(command)
_ _ _ _ _ _ _ _ _ _ _ _ _ _ _ _ _ _ _ _ _ _ _ _ _ _ _ _ _ _ _ _ _ _ _ _ _ _ _ _ _ _ _ _ _ _ _ _ _ _ _ _ _ _ _ _ _ _ _ _ _ _ _ _ _ _ _ _ _ _ _ _ _ _ _ _ _ _ _ _ _ _ _ _ 

command = &#39;docker compose -f &#34;/home/ubuntu/SGE-tester-A/projects/docker-compose.yml&#34; -p &#34;pytest8476&#34; up --build -d&#39;, success_codes = (0,)

    def execute(command: str, success_codes: Iterable[int] = (0,)) -&gt; Union[bytes, Any]:
        &#34;&#34;&#34;Run a shell command.&#34;&#34;&#34;
        try:
            output = subprocess.check_output(command, stderr=subprocess.STDOUT, shell=True)
            status = 0
        except subprocess.CalledProcessError as error:
            output = error.output or b&#34;&#34;
            status = error.returncode
            command = error.cmd
    
        if status not in success_codes:
&gt;           raise Exception(
                &#39;Command {} returned {}: &#34;&#34;&#34;{}&#34;&#34;&#34;.&#39;.format(command, status, output.decode(&#34;utf-8&#34;))
            )
E           Exception: Command docker compose -f &#34;/home/ubuntu/SGE-tester-A/projects/docker-compose.yml&#34; -p &#34;pytest8476&#34; up --build -d returned 1: &#34;&#34;&#34;time=&#34;2026-01-13T13:01:30Z&#34; level=warning msg=&#34;/home/ubuntu/SGE-tester-A/projects/docker-compose.yml: the attribute `version` is obsolete, it will be ignored, please remove it to avoid potential confusion&#34;
E            Network pytest8476_default  Creating
E            Network pytest8476_default  Created
E            Container pytest8476-db-1  Creating
E            Container pytest8476-db-1  Created
E            Container pytest8476-odoo-1  Creating
E            Container pytest8476-odoo-1  Created
E            Container pytest8476-db-1  Starting
E           Error response from daemon: failed to set up container networking: driver failed programming external connectivity on endpoint pytest8476-db-1 (855511bf03cced77b686fcd20b1385a0c2c6d9bd2a2689ea7b72ab44519060a3): Bind for 0.0.0.0:5432 failed: port is already allocated
E           &#34;&#34;&#34;.

.venv/lib/python3.12/site-packages/pytest_docker/plugin.py:35: Exception</pre>
                        
                        

                        
                        
                        
                    </div>
                
                </div>
            </div>
            
            <div class="testclass">
                <h4>test_minimal_requirements.TestRNF8</h4>
                <div class="testcases">
                
                    <div class="test outcome outcome-failed">
                        <a id="76705ecc-311b-4e37-abf2-26148b7061e0"></a>
                        <table class="proplist">
                            <tr><th>Test case:</th><td><b>test_app_tiene_icono</b></td></tr>
                            <tr><th>Outcome:</th><td>Failed</td></tr>
                            <tr><th>Duration:</th><td>0.001 sec</td></tr>
                        
                            <tr><th>Failed</th><td>failed on setup with &#34;Exception: Command docker compose -f &#34;/home/ubuntu/SGE-tester-A/projects/docker-compose.yml&#34; -p &#34;pytest8476&#34; up --build -d returned 1: &#34;&#34;&#34;time=&#34;2026-01-13T13:01:30Z&#34; level=warning msg=&#34;/home/ubuntu/SGE-tester-A/projects/docker-compose.yml: the attribute `version` is obsolete, it will be ignored, please remove it to avoid potential confusion&#34;
 Network pytest8476_default  Creating
 Network pytest8476_default  Created
 Container pytest8476-db-1  Creating
 Container pytest8476-db-1  Created
 Container pytest8476-odoo-1  Creating
 Container pytest8476-odoo-1  Created
 Container pytest8476-db-1  Starting
Error response from daemon: failed to set up container networking: driver failed programming external connectivity on endpoint pytest8476-db-1 (855511bf03cced77b686fcd20b1385a0c2c6d9bd2a2689ea7b72ab44519060a3): Bind for 0.0.0.0:5432 failed: port is already allocated
&#34;&#34;&#34;.&#34;</td></tr>
                        
                        
                        </table>

                        
                        <pre>docker_compose_command = &#39;docker compose&#39;, docker_compose_file = &#39;/home/ubuntu/SGE-tester-A/projects/docker-compose.yml&#39;, docker_compose_project_name = &#39;pytest8476&#39;
docker_setup = [&#39;up --build -d&#39;], docker_cleanup = [&#39;down -v&#39;]

    @pytest.fixture(scope=containers_scope)
    def docker_services(
        docker_compose_command: str,
        docker_compose_file: Union[List[str], str],
        docker_compose_project_name: str,
        docker_setup: str,
        docker_cleanup: str,
    ) -&gt; Iterator[Services]:
        &#34;&#34;&#34;Start all services from a docker compose file (`docker-compose up`).
        After test are finished, shutdown all services (`docker-compose down`).&#34;&#34;&#34;
    
&gt;       with get_docker_services(
            docker_compose_command,
            docker_compose_file,
            docker_compose_project_name,
            docker_setup,
            docker_cleanup,
        ) as docker_service:

.venv/lib/python3.12/site-packages/pytest_docker/plugin.py:238: 
_ _ _ _ _ _ _ _ _ _ _ _ _ _ _ _ _ _ _ _ _ _ _ _ _ _ _ _ _ _ _ _ _ _ _ _ _ _ _ _ _ _ _ _ _ _ _ _ _ _ _ _ _ _ _ _ _ _ _ _ _ _ _ _ _ _ _ _ _ _ _ _ _ _ _ _ _ _ _ _ _ _ _ _ 
/usr/lib/python3.12/contextlib.py:137: in __enter__
    return next(self.gen)
.venv/lib/python3.12/site-packages/pytest_docker/plugin.py:212: in get_docker_services
    docker_compose.execute(command)
.venv/lib/python3.12/site-packages/pytest_docker/plugin.py:140: in execute
    return execute(command)
_ _ _ _ _ _ _ _ _ _ _ _ _ _ _ _ _ _ _ _ _ _ _ _ _ _ _ _ _ _ _ _ _ _ _ _ _ _ _ _ _ _ _ _ _ _ _ _ _ _ _ _ _ _ _ _ _ _ _ _ _ _ _ _ _ _ _ _ _ _ _ _ _ _ _ _ _ _ _ _ _ _ _ _ 

command = &#39;docker compose -f &#34;/home/ubuntu/SGE-tester-A/projects/docker-compose.yml&#34; -p &#34;pytest8476&#34; up --build -d&#39;, success_codes = (0,)

    def execute(command: str, success_codes: Iterable[int] = (0,)) -&gt; Union[bytes, Any]:
        &#34;&#34;&#34;Run a shell command.&#34;&#34;&#34;
        try:
            output = subprocess.check_output(command, stderr=subprocess.STDOUT, shell=True)
            status = 0
        except subprocess.CalledProcessError as error:
            output = error.output or b&#34;&#34;
            status = error.returncode
            command = error.cmd
    
        if status not in success_codes:
&gt;           raise Exception(
                &#39;Command {} returned {}: &#34;&#34;&#34;{}&#34;&#34;&#34;.&#39;.format(command, status, output.decode(&#34;utf-8&#34;))
            )
E           Exception: Command docker compose -f &#34;/home/ubuntu/SGE-tester-A/projects/docker-compose.yml&#34; -p &#34;pytest8476&#34; up --build -d returned 1: &#34;&#34;&#34;time=&#34;2026-01-13T13:01:30Z&#34; level=warning msg=&#34;/home/ubuntu/SGE-tester-A/projects/docker-compose.yml: the attribute `version` is obsolete, it will be ignored, please remove it to avoid potential confusion&#34;
E            Network pytest8476_default  Creating
E            Network pytest8476_default  Created
E            Container pytest8476-db-1  Creating
E            Container pytest8476-db-1  Created
E            Container pytest8476-odoo-1  Creating
E            Container pytest8476-odoo-1  Created
E            Container pytest8476-db-1  Starting
E           Error response from daemon: failed to set up container networking: driver failed programming external connectivity on endpoint pytest8476-db-1 (855511bf03cced77b686fcd20b1385a0c2c6d9bd2a2689ea7b72ab44519060a3): Bind for 0.0.0.0:5432 failed: port is already allocated
E           &#34;&#34;&#34;.

.venv/lib/python3.12/site-packages/pytest_docker/plugin.py:35: Exception</pre>
                        
                        

                        
                        
                        
                    </div>
                
                </div>
            </div>
            
            <div class="testclass">
                <h4>test_minimal_requirements.TestRNF9</h4>
                <div class="testcases">
                
                    <div class="test outcome outcome-failed">
                        <a id="023b8a3c-2df5-4a3e-b0f6-7d043adb9256"></a>
                        <table class="proplist">
                            <tr><th>Test case:</th><td><b>test_modelos_tienen_datos_demo</b></td></tr>
                            <tr><th>Outcome:</th><td>Failed</td></tr>
                            <tr><th>Duration:</th><td>0.001 sec</td></tr>
                        
                            <tr><th>Failed</th><td>failed on setup with &#34;Exception: Command docker compose -f &#34;/home/ubuntu/SGE-tester-A/projects/docker-compose.yml&#34; -p &#34;pytest8476&#34; up --build -d returned 1: &#34;&#34;&#34;time=&#34;2026-01-13T13:01:30Z&#34; level=warning msg=&#34;/home/ubuntu/SGE-tester-A/projects/docker-compose.yml: the attribute `version` is obsolete, it will be ignored, please remove it to avoid potential confusion&#34;
 Network pytest8476_default  Creating
 Network pytest8476_default  Created
 Container pytest8476-db-1  Creating
 Container pytest8476-db-1  Created
 Container pytest8476-odoo-1  Creating
 Container pytest8476-odoo-1  Created
 Container pytest8476-db-1  Starting
Error response from daemon: failed to set up container networking: driver failed programming external connectivity on endpoint pytest8476-db-1 (855511bf03cced77b686fcd20b1385a0c2c6d9bd2a2689ea7b72ab44519060a3): Bind for 0.0.0.0:5432 failed: port is already allocated
&#34;&#34;&#34;.&#34;</td></tr>
                        
                        
                        </table>

                        
                        <pre>docker_compose_command = &#39;docker compose&#39;, docker_compose_file = &#39;/home/ubuntu/SGE-tester-A/projects/docker-compose.yml&#39;, docker_compose_project_name = &#39;pytest8476&#39;
docker_setup = [&#39;up --build -d&#39;], docker_cleanup = [&#39;down -v&#39;]

    @pytest.fixture(scope=containers_scope)
    def docker_services(
        docker_compose_command: str,
        docker_compose_file: Union[List[str], str],
        docker_compose_project_name: str,
        docker_setup: str,
        docker_cleanup: str,
    ) -&gt; Iterator[Services]:
        &#34;&#34;&#34;Start all services from a docker compose file (`docker-compose up`).
        After test are finished, shutdown all services (`docker-compose down`).&#34;&#34;&#34;
    
&gt;       with get_docker_services(
            docker_compose_command,
            docker_compose_file,
            docker_compose_project_name,
            docker_setup,
            docker_cleanup,
        ) as docker_service:

.venv/lib/python3.12/site-packages/pytest_docker/plugin.py:238: 
_ _ _ _ _ _ _ _ _ _ _ _ _ _ _ _ _ _ _ _ _ _ _ _ _ _ _ _ _ _ _ _ _ _ _ _ _ _ _ _ _ _ _ _ _ _ _ _ _ _ _ _ _ _ _ _ _ _ _ _ _ _ _ _ _ _ _ _ _ _ _ _ _ _ _ _ _ _ _ _ _ _ _ _ 
/usr/lib/python3.12/contextlib.py:137: in __enter__
    return next(self.gen)
.venv/lib/python3.12/site-packages/pytest_docker/plugin.py:212: in get_docker_services
    docker_compose.execute(command)
.venv/lib/python3.12/site-packages/pytest_docker/plugin.py:140: in execute
    return execute(command)
_ _ _ _ _ _ _ _ _ _ _ _ _ _ _ _ _ _ _ _ _ _ _ _ _ _ _ _ _ _ _ _ _ _ _ _ _ _ _ _ _ _ _ _ _ _ _ _ _ _ _ _ _ _ _ _ _ _ _ _ _ _ _ _ _ _ _ _ _ _ _ _ _ _ _ _ _ _ _ _ _ _ _ _ 

command = &#39;docker compose -f &#34;/home/ubuntu/SGE-tester-A/projects/docker-compose.yml&#34; -p &#34;pytest8476&#34; up --build -d&#39;, success_codes = (0,)

    def execute(command: str, success_codes: Iterable[int] = (0,)) -&gt; Union[bytes, Any]:
        &#34;&#34;&#34;Run a shell command.&#34;&#34;&#34;
        try:
            output = subprocess.check_output(command, stderr=subprocess.STDOUT, shell=True)
            status = 0
        except subprocess.CalledProcessError as error:
            output = error.output or b&#34;&#34;
            status = error.returncode
            command = error.cmd
    
        if status not in success_codes:
&gt;           raise Exception(
                &#39;Command {} returned {}: &#34;&#34;&#34;{}&#34;&#34;&#34;.&#39;.format(command, status, output.decode(&#34;utf-8&#34;))
            )
E           Exception: Command docker compose -f &#34;/home/ubuntu/SGE-tester-A/projects/docker-compose.yml&#34; -p &#34;pytest8476&#34; up --build -d returned 1: &#34;&#34;&#34;time=&#34;2026-01-13T13:01:30Z&#34; level=warning msg=&#34;/home/ubuntu/SGE-tester-A/projects/docker-compose.yml: the attribute `version` is obsolete, it will be ignored, please remove it to avoid potential confusion&#34;
E            Network pytest8476_default  Creating
E            Network pytest8476_default  Created
E            Container pytest8476-db-1  Creating
E            Container pytest8476-db-1  Created
E            Container pytest8476-odoo-1  Creating
E            Container pytest8476-odoo-1  Created
E            Container pytest8476-db-1  Starting
E           Error response from daemon: failed to set up container networking: driver failed programming external connectivity on endpoint pytest8476-db-1 (855511bf03cced77b686fcd20b1385a0c2c6d9bd2a2689ea7b72ab44519060a3): Bind for 0.0.0.0:5432 failed: port is already allocated
E           &#34;&#34;&#34;.

.venv/lib/python3.12/site-packages/pytest_docker/plugin.py:35: Exception</pre>
                        
                        

                        
                        
                        
                    </div>
                
                </div>
            </div>
            
            <div class="testclass">
                <h4>test_minimal_requirements.TestRNFGit</h4>
                <div class="testcases">
                
                    <div class="test outcome outcome-failed">
                        <a id="3bf20a45-67ae-49a8-ba3f-cccd359f3a8b"></a>
                        <table class="proplist">
                            <tr><th>Test case:</th><td><b>test_git_commit_frecuentes</b></td></tr>
                            <tr><th>Outcome:</th><td>Failed</td></tr>
                            <tr><th>Duration:</th><td>0.001 sec</td></tr>
                        
                            <tr><th>Failed</th><td>failed on setup with &#34;Exception: Command docker compose -f &#34;/home/ubuntu/SGE-tester-A/projects/docker-compose.yml&#34; -p &#34;pytest8476&#34; up --build -d returned 1: &#34;&#34;&#34;time=&#34;2026-01-13T13:01:30Z&#34; level=warning msg=&#34;/home/ubuntu/SGE-tester-A/projects/docker-compose.yml: the attribute `version` is obsolete, it will be ignored, please remove it to avoid potential confusion&#34;
 Network pytest8476_default  Creating
 Network pytest8476_default  Created
 Container pytest8476-db-1  Creating
 Container pytest8476-db-1  Created
 Container pytest8476-odoo-1  Creating
 Container pytest8476-odoo-1  Created
 Container pytest8476-db-1  Starting
Error response from daemon: failed to set up container networking: driver failed programming external connectivity on endpoint pytest8476-db-1 (855511bf03cced77b686fcd20b1385a0c2c6d9bd2a2689ea7b72ab44519060a3): Bind for 0.0.0.0:5432 failed: port is already allocated
&#34;&#34;&#34;.&#34;</td></tr>
                        
                        
                        </table>

                        
                        <pre>docker_compose_command = &#39;docker compose&#39;, docker_compose_file = &#39;/home/ubuntu/SGE-tester-A/projects/docker-compose.yml&#39;, docker_compose_project_name = &#39;pytest8476&#39;
docker_setup = [&#39;up --build -d&#39;], docker_cleanup = [&#39;down -v&#39;]

    @pytest.fixture(scope=containers_scope)
    def docker_services(
        docker_compose_command: str,
        docker_compose_file: Union[List[str], str],
        docker_compose_project_name: str,
        docker_setup: str,
        docker_cleanup: str,
    ) -&gt; Iterator[Services]:
        &#34;&#34;&#34;Start all services from a docker compose file (`docker-compose up`).
        After test are finished, shutdown all services (`docker-compose down`).&#34;&#34;&#34;
    
&gt;       with get_docker_services(
            docker_compose_command,
            docker_compose_file,
            docker_compose_project_name,
            docker_setup,
            docker_cleanup,
        ) as docker_service:

.venv/lib/python3.12/site-packages/pytest_docker/plugin.py:238: 
_ _ _ _ _ _ _ _ _ _ _ _ _ _ _ _ _ _ _ _ _ _ _ _ _ _ _ _ _ _ _ _ _ _ _ _ _ _ _ _ _ _ _ _ _ _ _ _ _ _ _ _ _ _ _ _ _ _ _ _ _ _ _ _ _ _ _ _ _ _ _ _ _ _ _ _ _ _ _ _ _ _ _ _ 
/usr/lib/python3.12/contextlib.py:137: in __enter__
    return next(self.gen)
.venv/lib/python3.12/site-packages/pytest_docker/plugin.py:212: in get_docker_services
    docker_compose.execute(command)
.venv/lib/python3.12/site-packages/pytest_docker/plugin.py:140: in execute
    return execute(command)
_ _ _ _ _ _ _ _ _ _ _ _ _ _ _ _ _ _ _ _ _ _ _ _ _ _ _ _ _ _ _ _ _ _ _ _ _ _ _ _ _ _ _ _ _ _ _ _ _ _ _ _ _ _ _ _ _ _ _ _ _ _ _ _ _ _ _ _ _ _ _ _ _ _ _ _ _ _ _ _ _ _ _ _ 

command = &#39;docker compose -f &#34;/home/ubuntu/SGE-tester-A/projects/docker-compose.yml&#34; -p &#34;pytest8476&#34; up --build -d&#39;, success_codes = (0,)

    def execute(command: str, success_codes: Iterable[int] = (0,)) -&gt; Union[bytes, Any]:
        &#34;&#34;&#34;Run a shell command.&#34;&#34;&#34;
        try:
            output = subprocess.check_output(command, stderr=subprocess.STDOUT, shell=True)
            status = 0
        except subprocess.CalledProcessError as error:
            output = error.output or b&#34;&#34;
            status = error.returncode
            command = error.cmd
    
        if status not in success_codes:
&gt;           raise Exception(
                &#39;Command {} returned {}: &#34;&#34;&#34;{}&#34;&#34;&#34;.&#39;.format(command, status, output.decode(&#34;utf-8&#34;))
            )
E           Exception: Command docker compose -f &#34;/home/ubuntu/SGE-tester-A/projects/docker-compose.yml&#34; -p &#34;pytest8476&#34; up --build -d returned 1: &#34;&#34;&#34;time=&#34;2026-01-13T13:01:30Z&#34; level=warning msg=&#34;/home/ubuntu/SGE-tester-A/projects/docker-compose.yml: the attribute `version` is obsolete, it will be ignored, please remove it to avoid potential confusion&#34;
E            Network pytest8476_default  Creating
E            Network pytest8476_default  Created
E            Container pytest8476-db-1  Creating
E            Container pytest8476-db-1  Created
E            Container pytest8476-odoo-1  Creating
E            Container pytest8476-odoo-1  Created
E            Container pytest8476-db-1  Starting
E           Error response from daemon: failed to set up container networking: driver failed programming external connectivity on endpoint pytest8476-db-1 (855511bf03cced77b686fcd20b1385a0c2c6d9bd2a2689ea7b72ab44519060a3): Bind for 0.0.0.0:5432 failed: port is already allocated
E           &#34;&#34;&#34;.

.venv/lib/python3.12/site-packages/pytest_docker/plugin.py:35: Exception</pre>
                        
                        

                        
                        
                        
                    </div>
                
                </div>
            </div>
            
            <div class="testclass">
                <h4>test_minimal_requirements.TestRNFCalidad</h4>
                <div class="testcases">
                
                    <div class="test outcome outcome-failed">
                        <a id="f7a918de-ce9d-4126-96ec-140883f25c1f"></a>
                        <table class="proplist">
                            <tr><th>Test case:</th><td><b>test_odoo_disponible</b></td></tr>
                            <tr><th>Outcome:</th><td>Failed</td></tr>
                            <tr><th>Duration:</th><td>0.001 sec</td></tr>
                        
                            <tr><th>Failed</th><td>failed on setup with &#34;Exception: Command docker compose -f &#34;/home/ubuntu/SGE-tester-A/projects/docker-compose.yml&#34; -p &#34;pytest8476&#34; up --build -d returned 1: &#34;&#34;&#34;time=&#34;2026-01-13T13:01:30Z&#34; level=warning msg=&#34;/home/ubuntu/SGE-tester-A/projects/docker-compose.yml: the attribute `version` is obsolete, it will be ignored, please remove it to avoid potential confusion&#34;
 Network pytest8476_default  Creating
 Network pytest8476_default  Created
 Container pytest8476-db-1  Creating
 Container pytest8476-db-1  Created
 Container pytest8476-odoo-1  Creating
 Container pytest8476-odoo-1  Created
 Container pytest8476-db-1  Starting
Error response from daemon: failed to set up container networking: driver failed programming external connectivity on endpoint pytest8476-db-1 (855511bf03cced77b686fcd20b1385a0c2c6d9bd2a2689ea7b72ab44519060a3): Bind for 0.0.0.0:5432 failed: port is already allocated
&#34;&#34;&#34;.&#34;</td></tr>
                        
                        
                        </table>

                        
                        <pre>docker_compose_command = &#39;docker compose&#39;, docker_compose_file = &#39;/home/ubuntu/SGE-tester-A/projects/docker-compose.yml&#39;, docker_compose_project_name = &#39;pytest8476&#39;
docker_setup = [&#39;up --build -d&#39;], docker_cleanup = [&#39;down -v&#39;]

    @pytest.fixture(scope=containers_scope)
    def docker_services(
        docker_compose_command: str,
        docker_compose_file: Union[List[str], str],
        docker_compose_project_name: str,
        docker_setup: str,
        docker_cleanup: str,
    ) -&gt; Iterator[Services]:
        &#34;&#34;&#34;Start all services from a docker compose file (`docker-compose up`).
        After test are finished, shutdown all services (`docker-compose down`).&#34;&#34;&#34;
    
&gt;       with get_docker_services(
            docker_compose_command,
            docker_compose_file,
            docker_compose_project_name,
            docker_setup,
            docker_cleanup,
        ) as docker_service:

.venv/lib/python3.12/site-packages/pytest_docker/plugin.py:238: 
_ _ _ _ _ _ _ _ _ _ _ _ _ _ _ _ _ _ _ _ _ _ _ _ _ _ _ _ _ _ _ _ _ _ _ _ _ _ _ _ _ _ _ _ _ _ _ _ _ _ _ _ _ _ _ _ _ _ _ _ _ _ _ _ _ _ _ _ _ _ _ _ _ _ _ _ _ _ _ _ _ _ _ _ 
/usr/lib/python3.12/contextlib.py:137: in __enter__
    return next(self.gen)
.venv/lib/python3.12/site-packages/pytest_docker/plugin.py:212: in get_docker_services
    docker_compose.execute(command)
.venv/lib/python3.12/site-packages/pytest_docker/plugin.py:140: in execute
    return execute(command)
_ _ _ _ _ _ _ _ _ _ _ _ _ _ _ _ _ _ _ _ _ _ _ _ _ _ _ _ _ _ _ _ _ _ _ _ _ _ _ _ _ _ _ _ _ _ _ _ _ _ _ _ _ _ _ _ _ _ _ _ _ _ _ _ _ _ _ _ _ _ _ _ _ _ _ _ _ _ _ _ _ _ _ _ 

command = &#39;docker compose -f &#34;/home/ubuntu/SGE-tester-A/projects/docker-compose.yml&#34; -p &#34;pytest8476&#34; up --build -d&#39;, success_codes = (0,)

    def execute(command: str, success_codes: Iterable[int] = (0,)) -&gt; Union[bytes, Any]:
        &#34;&#34;&#34;Run a shell command.&#34;&#34;&#34;
        try:
            output = subprocess.check_output(command, stderr=subprocess.STDOUT, shell=True)
            status = 0
        except subprocess.CalledProcessError as error:
            output = error.output or b&#34;&#34;
            status = error.returncode
            command = error.cmd
    
        if status not in success_codes:
&gt;           raise Exception(
                &#39;Command {} returned {}: &#34;&#34;&#34;{}&#34;&#34;&#34;.&#39;.format(command, status, output.decode(&#34;utf-8&#34;))
            )
E           Exception: Command docker compose -f &#34;/home/ubuntu/SGE-tester-A/projects/docker-compose.yml&#34; -p &#34;pytest8476&#34; up --build -d returned 1: &#34;&#34;&#34;time=&#34;2026-01-13T13:01:30Z&#34; level=warning msg=&#34;/home/ubuntu/SGE-tester-A/projects/docker-compose.yml: the attribute `version` is obsolete, it will be ignored, please remove it to avoid potential confusion&#34;
E            Network pytest8476_default  Creating
E            Network pytest8476_default  Created
E            Container pytest8476-db-1  Creating
E            Container pytest8476-db-1  Created
E            Container pytest8476-odoo-1  Creating
E            Container pytest8476-odoo-1  Created
E            Container pytest8476-db-1  Starting
E           Error response from daemon: failed to set up container networking: driver failed programming external connectivity on endpoint pytest8476-db-1 (855511bf03cced77b686fcd20b1385a0c2c6d9bd2a2689ea7b72ab44519060a3): Bind for 0.0.0.0:5432 failed: port is already allocated
E           &#34;&#34;&#34;.

.venv/lib/python3.12/site-packages/pytest_docker/plugin.py:35: Exception</pre>
                        
                        

                        
                        
                        
                    </div>
                
                    <div class="test outcome outcome-failed">
                        <a id="7e34105a-5baa-4a3d-8a45-1634c2794cc3"></a>
                        <table class="proplist">
                            <tr><th>Test case:</th><td><b>test_app_instalada</b></td></tr>
                            <tr><th>Outcome:</th><td>Failed</td></tr>
                            <tr><th>Duration:</th><td>0.001 sec</td></tr>
                        
                            <tr><th>Failed</th><td>failed on setup with &#34;Exception: Command docker compose -f &#34;/home/ubuntu/SGE-tester-A/projects/docker-compose.yml&#34; -p &#34;pytest8476&#34; up --build -d returned 1: &#34;&#34;&#34;time=&#34;2026-01-13T13:01:30Z&#34; level=warning msg=&#34;/home/ubuntu/SGE-tester-A/projects/docker-compose.yml: the attribute `version` is obsolete, it will be ignored, please remove it to avoid potential confusion&#34;
 Network pytest8476_default  Creating
 Network pytest8476_default  Created
 Container pytest8476-db-1  Creating
 Container pytest8476-db-1  Created
 Container pytest8476-odoo-1  Creating
 Container pytest8476-odoo-1  Created
 Container pytest8476-db-1  Starting
Error response from daemon: failed to set up container networking: driver failed programming external connectivity on endpoint pytest8476-db-1 (855511bf03cced77b686fcd20b1385a0c2c6d9bd2a2689ea7b72ab44519060a3): Bind for 0.0.0.0:5432 failed: port is already allocated
&#34;&#34;&#34;.&#34;</td></tr>
                        
                        
                        </table>

                        
                        <pre>docker_compose_command = &#39;docker compose&#39;, docker_compose_file = &#39;/home/ubuntu/SGE-tester-A/projects/docker-compose.yml&#39;, docker_compose_project_name = &#39;pytest8476&#39;
docker_setup = [&#39;up --build -d&#39;], docker_cleanup = [&#39;down -v&#39;]

    @pytest.fixture(scope=containers_scope)
    def docker_services(
        docker_compose_command: str,
        docker_compose_file: Union[List[str], str],
        docker_compose_project_name: str,
        docker_setup: str,
        docker_cleanup: str,
    ) -&gt; Iterator[Services]:
        &#34;&#34;&#34;Start all services from a docker compose file (`docker-compose up`).
        After test are finished, shutdown all services (`docker-compose down`).&#34;&#34;&#34;
    
&gt;       with get_docker_services(
            docker_compose_command,
            docker_compose_file,
            docker_compose_project_name,
            docker_setup,
            docker_cleanup,
        ) as docker_service:

.venv/lib/python3.12/site-packages/pytest_docker/plugin.py:238: 
_ _ _ _ _ _ _ _ _ _ _ _ _ _ _ _ _ _ _ _ _ _ _ _ _ _ _ _ _ _ _ _ _ _ _ _ _ _ _ _ _ _ _ _ _ _ _ _ _ _ _ _ _ _ _ _ _ _ _ _ _ _ _ _ _ _ _ _ _ _ _ _ _ _ _ _ _ _ _ _ _ _ _ _ 
/usr/lib/python3.12/contextlib.py:137: in __enter__
    return next(self.gen)
.venv/lib/python3.12/site-packages/pytest_docker/plugin.py:212: in get_docker_services
    docker_compose.execute(command)
.venv/lib/python3.12/site-packages/pytest_docker/plugin.py:140: in execute
    return execute(command)
_ _ _ _ _ _ _ _ _ _ _ _ _ _ _ _ _ _ _ _ _ _ _ _ _ _ _ _ _ _ _ _ _ _ _ _ _ _ _ _ _ _ _ _ _ _ _ _ _ _ _ _ _ _ _ _ _ _ _ _ _ _ _ _ _ _ _ _ _ _ _ _ _ _ _ _ _ _ _ _ _ _ _ _ 

command = &#39;docker compose -f &#34;/home/ubuntu/SGE-tester-A/projects/docker-compose.yml&#34; -p &#34;pytest8476&#34; up --build -d&#39;, success_codes = (0,)

    def execute(command: str, success_codes: Iterable[int] = (0,)) -&gt; Union[bytes, Any]:
        &#34;&#34;&#34;Run a shell command.&#34;&#34;&#34;
        try:
            output = subprocess.check_output(command, stderr=subprocess.STDOUT, shell=True)
            status = 0
        except subprocess.CalledProcessError as error:
            output = error.output or b&#34;&#34;
            status = error.returncode
            command = error.cmd
    
        if status not in success_codes:
&gt;           raise Exception(
                &#39;Command {} returned {}: &#34;&#34;&#34;{}&#34;&#34;&#34;.&#39;.format(command, status, output.decode(&#34;utf-8&#34;))
            )
E           Exception: Command docker compose -f &#34;/home/ubuntu/SGE-tester-A/projects/docker-compose.yml&#34; -p &#34;pytest8476&#34; up --build -d returned 1: &#34;&#34;&#34;time=&#34;2026-01-13T13:01:30Z&#34; level=warning msg=&#34;/home/ubuntu/SGE-tester-A/projects/docker-compose.yml: the attribute `version` is obsolete, it will be ignored, please remove it to avoid potential confusion&#34;
E            Network pytest8476_default  Creating
E            Network pytest8476_default  Created
E            Container pytest8476-db-1  Creating
E            Container pytest8476-db-1  Created
E            Container pytest8476-odoo-1  Creating
E            Container pytest8476-odoo-1  Created
E            Container pytest8476-db-1  Starting
E           Error response from daemon: failed to set up container networking: driver failed programming external connectivity on endpoint pytest8476-db-1 (855511bf03cced77b686fcd20b1385a0c2c6d9bd2a2689ea7b72ab44519060a3): Bind for 0.0.0.0:5432 failed: port is already allocated
E           &#34;&#34;&#34;.

.venv/lib/python3.12/site-packages/pytest_docker/plugin.py:35: Exception</pre>
                        
                        

                        
                        
                        
                    </div>
                
                    <div class="test outcome outcome-failed">
                        <a id="581f0560-eb14-421b-b5e6-5e3186b98895"></a>
                        <table class="proplist">
                            <tr><th>Test case:</th><td><b>test_otras_apps_entregadas_son_dependencias</b></td></tr>
                            <tr><th>Outcome:</th><td>Failed</td></tr>
                            <tr><th>Duration:</th><td>0.001 sec</td></tr>
                        
                            <tr><th>Failed</th><td>failed on setup with &#34;Exception: Command docker compose -f &#34;/home/ubuntu/SGE-tester-A/projects/docker-compose.yml&#34; -p &#34;pytest8476&#34; up --build -d returned 1: &#34;&#34;&#34;time=&#34;2026-01-13T13:01:30Z&#34; level=warning msg=&#34;/home/ubuntu/SGE-tester-A/projects/docker-compose.yml: the attribute `version` is obsolete, it will be ignored, please remove it to avoid potential confusion&#34;
 Network pytest8476_default  Creating
 Network pytest8476_default  Created
 Container pytest8476-db-1  Creating
 Container pytest8476-db-1  Created
 Container pytest8476-odoo-1  Creating
 Container pytest8476-odoo-1  Created
 Container pytest8476-db-1  Starting
Error response from daemon: failed to set up container networking: driver failed programming external connectivity on endpoint pytest8476-db-1 (855511bf03cced77b686fcd20b1385a0c2c6d9bd2a2689ea7b72ab44519060a3): Bind for 0.0.0.0:5432 failed: port is already allocated
&#34;&#34;&#34;.&#34;</td></tr>
                        
                        
                        </table>

                        
                        <pre>docker_compose_command = &#39;docker compose&#39;, docker_compose_file = &#39;/home/ubuntu/SGE-tester-A/projects/docker-compose.yml&#39;, docker_compose_project_name = &#39;pytest8476&#39;
docker_setup = [&#39;up --build -d&#39;], docker_cleanup = [&#39;down -v&#39;]

    @pytest.fixture(scope=containers_scope)
    def docker_services(
        docker_compose_command: str,
        docker_compose_file: Union[List[str], str],
        docker_compose_project_name: str,
        docker_setup: str,
        docker_cleanup: str,
    ) -&gt; Iterator[Services]:
        &#34;&#34;&#34;Start all services from a docker compose file (`docker-compose up`).
        After test are finished, shutdown all services (`docker-compose down`).&#34;&#34;&#34;
    
&gt;       with get_docker_services(
            docker_compose_command,
            docker_compose_file,
            docker_compose_project_name,
            docker_setup,
            docker_cleanup,
        ) as docker_service:

.venv/lib/python3.12/site-packages/pytest_docker/plugin.py:238: 
_ _ _ _ _ _ _ _ _ _ _ _ _ _ _ _ _ _ _ _ _ _ _ _ _ _ _ _ _ _ _ _ _ _ _ _ _ _ _ _ _ _ _ _ _ _ _ _ _ _ _ _ _ _ _ _ _ _ _ _ _ _ _ _ _ _ _ _ _ _ _ _ _ _ _ _ _ _ _ _ _ _ _ _ 
/usr/lib/python3.12/contextlib.py:137: in __enter__
    return next(self.gen)
.venv/lib/python3.12/site-packages/pytest_docker/plugin.py:212: in get_docker_services
    docker_compose.execute(command)
.venv/lib/python3.12/site-packages/pytest_docker/plugin.py:140: in execute
    return execute(command)
_ _ _ _ _ _ _ _ _ _ _ _ _ _ _ _ _ _ _ _ _ _ _ _ _ _ _ _ _ _ _ _ _ _ _ _ _ _ _ _ _ _ _ _ _ _ _ _ _ _ _ _ _ _ _ _ _ _ _ _ _ _ _ _ _ _ _ _ _ _ _ _ _ _ _ _ _ _ _ _ _ _ _ _ 

command = &#39;docker compose -f &#34;/home/ubuntu/SGE-tester-A/projects/docker-compose.yml&#34; -p &#34;pytest8476&#34; up --build -d&#39;, success_codes = (0,)

    def execute(command: str, success_codes: Iterable[int] = (0,)) -&gt; Union[bytes, Any]:
        &#34;&#34;&#34;Run a shell command.&#34;&#34;&#34;
        try:
            output = subprocess.check_output(command, stderr=subprocess.STDOUT, shell=True)
            status = 0
        except subprocess.CalledProcessError as error:
            output = error.output or b&#34;&#34;
            status = error.returncode
            command = error.cmd
    
        if status not in success_codes:
&gt;           raise Exception(
                &#39;Command {} returned {}: &#34;&#34;&#34;{}&#34;&#34;&#34;.&#39;.format(command, status, output.decode(&#34;utf-8&#34;))
            )
E           Exception: Command docker compose -f &#34;/home/ubuntu/SGE-tester-A/projects/docker-compose.yml&#34; -p &#34;pytest8476&#34; up --build -d returned 1: &#34;&#34;&#34;time=&#34;2026-01-13T13:01:30Z&#34; level=warning msg=&#34;/home/ubuntu/SGE-tester-A/projects/docker-compose.yml: the attribute `version` is obsolete, it will be ignored, please remove it to avoid potential confusion&#34;
E            Network pytest8476_default  Creating
E            Network pytest8476_default  Created
E            Container pytest8476-db-1  Creating
E            Container pytest8476-db-1  Created
E            Container pytest8476-odoo-1  Creating
E            Container pytest8476-odoo-1  Created
E            Container pytest8476-db-1  Starting
E           Error response from daemon: failed to set up container networking: driver failed programming external connectivity on endpoint pytest8476-db-1 (855511bf03cced77b686fcd20b1385a0c2c6d9bd2a2689ea7b72ab44519060a3): Bind for 0.0.0.0:5432 failed: port is already allocated
E           &#34;&#34;&#34;.

.venv/lib/python3.12/site-packages/pytest_docker/plugin.py:35: Exception</pre>
                        
                        

                        
                        
                        
                    </div>
                
                    <div class="test outcome outcome-failed">
                        <a id="daf4d53a-8bfb-467c-a6c0-279902e9f254"></a>
                        <table class="proplist">
                            <tr><th>Test case:</th><td><b>test_no_hay_elementos_xml_comentados</b></td></tr>
                            <tr><th>Outcome:</th><td>Failed</td></tr>
                            <tr><th>Duration:</th><td>0.001 sec</td></tr>
                        
                            <tr><th>Failed</th><td>failed on setup with &#34;Exception: Command docker compose -f &#34;/home/ubuntu/SGE-tester-A/projects/docker-compose.yml&#34; -p &#34;pytest8476&#34; up --build -d returned 1: &#34;&#34;&#34;time=&#34;2026-01-13T13:01:30Z&#34; level=warning msg=&#34;/home/ubuntu/SGE-tester-A/projects/docker-compose.yml: the attribute `version` is obsolete, it will be ignored, please remove it to avoid potential confusion&#34;
 Network pytest8476_default  Creating
 Network pytest8476_default  Created
 Container pytest8476-db-1  Creating
 Container pytest8476-db-1  Created
 Container pytest8476-odoo-1  Creating
 Container pytest8476-odoo-1  Created
 Container pytest8476-db-1  Starting
Error response from daemon: failed to set up container networking: driver failed programming external connectivity on endpoint pytest8476-db-1 (855511bf03cced77b686fcd20b1385a0c2c6d9bd2a2689ea7b72ab44519060a3): Bind for 0.0.0.0:5432 failed: port is already allocated
&#34;&#34;&#34;.&#34;</td></tr>
                        
                        
                        </table>

                        
                        <pre>docker_compose_command = &#39;docker compose&#39;, docker_compose_file = &#39;/home/ubuntu/SGE-tester-A/projects/docker-compose.yml&#39;, docker_compose_project_name = &#39;pytest8476&#39;
docker_setup = [&#39;up --build -d&#39;], docker_cleanup = [&#39;down -v&#39;]

    @pytest.fixture(scope=containers_scope)
    def docker_services(
        docker_compose_command: str,
        docker_compose_file: Union[List[str], str],
        docker_compose_project_name: str,
        docker_setup: str,
        docker_cleanup: str,
    ) -&gt; Iterator[Services]:
        &#34;&#34;&#34;Start all services from a docker compose file (`docker-compose up`).
        After test are finished, shutdown all services (`docker-compose down`).&#34;&#34;&#34;
    
&gt;       with get_docker_services(
            docker_compose_command,
            docker_compose_file,
            docker_compose_project_name,
            docker_setup,
            docker_cleanup,
        ) as docker_service:

.venv/lib/python3.12/site-packages/pytest_docker/plugin.py:238: 
_ _ _ _ _ _ _ _ _ _ _ _ _ _ _ _ _ _ _ _ _ _ _ _ _ _ _ _ _ _ _ _ _ _ _ _ _ _ _ _ _ _ _ _ _ _ _ _ _ _ _ _ _ _ _ _ _ _ _ _ _ _ _ _ _ _ _ _ _ _ _ _ _ _ _ _ _ _ _ _ _ _ _ _ 
/usr/lib/python3.12/contextlib.py:137: in __enter__
    return next(self.gen)
.venv/lib/python3.12/site-packages/pytest_docker/plugin.py:212: in get_docker_services
    docker_compose.execute(command)
.venv/lib/python3.12/site-packages/pytest_docker/plugin.py:140: in execute
    return execute(command)
_ _ _ _ _ _ _ _ _ _ _ _ _ _ _ _ _ _ _ _ _ _ _ _ _ _ _ _ _ _ _ _ _ _ _ _ _ _ _ _ _ _ _ _ _ _ _ _ _ _ _ _ _ _ _ _ _ _ _ _ _ _ _ _ _ _ _ _ _ _ _ _ _ _ _ _ _ _ _ _ _ _ _ _ 

command = &#39;docker compose -f &#34;/home/ubuntu/SGE-tester-A/projects/docker-compose.yml&#34; -p &#34;pytest8476&#34; up --build -d&#39;, success_codes = (0,)

    def execute(command: str, success_codes: Iterable[int] = (0,)) -&gt; Union[bytes, Any]:
        &#34;&#34;&#34;Run a shell command.&#34;&#34;&#34;
        try:
            output = subprocess.check_output(command, stderr=subprocess.STDOUT, shell=True)
            status = 0
        except subprocess.CalledProcessError as error:
            output = error.output or b&#34;&#34;
            status = error.returncode
            command = error.cmd
    
        if status not in success_codes:
&gt;           raise Exception(
                &#39;Command {} returned {}: &#34;&#34;&#34;{}&#34;&#34;&#34;.&#39;.format(command, status, output.decode(&#34;utf-8&#34;))
            )
E           Exception: Command docker compose -f &#34;/home/ubuntu/SGE-tester-A/projects/docker-compose.yml&#34; -p &#34;pytest8476&#34; up --build -d returned 1: &#34;&#34;&#34;time=&#34;2026-01-13T13:01:30Z&#34; level=warning msg=&#34;/home/ubuntu/SGE-tester-A/projects/docker-compose.yml: the attribute `version` is obsolete, it will be ignored, please remove it to avoid potential confusion&#34;
E            Network pytest8476_default  Creating
E            Network pytest8476_default  Created
E            Container pytest8476-db-1  Creating
E            Container pytest8476-db-1  Created
E            Container pytest8476-odoo-1  Creating
E            Container pytest8476-odoo-1  Created
E            Container pytest8476-db-1  Starting
E           Error response from daemon: failed to set up container networking: driver failed programming external connectivity on endpoint pytest8476-db-1 (855511bf03cced77b686fcd20b1385a0c2c6d9bd2a2689ea7b72ab44519060a3): Bind for 0.0.0.0:5432 failed: port is already allocated
E           &#34;&#34;&#34;.

.venv/lib/python3.12/site-packages/pytest_docker/plugin.py:35: Exception</pre>
                        
                        

                        
                        
                        
                    </div>
                
                    <div class="test outcome outcome-failed">
                        <a id="84c5bfd3-300e-4650-9104-1c98f2e61db8"></a>
                        <table class="proplist">
                            <tr><th>Test case:</th><td><b>test_no_hay_codigo_python_comentado</b></td></tr>
                            <tr><th>Outcome:</th><td>Failed</td></tr>
                            <tr><th>Duration:</th><td>0.001 sec</td></tr>
                        
                            <tr><th>Failed</th><td>failed on setup with &#34;Exception: Command docker compose -f &#34;/home/ubuntu/SGE-tester-A/projects/docker-compose.yml&#34; -p &#34;pytest8476&#34; up --build -d returned 1: &#34;&#34;&#34;time=&#34;2026-01-13T13:01:30Z&#34; level=warning msg=&#34;/home/ubuntu/SGE-tester-A/projects/docker-compose.yml: the attribute `version` is obsolete, it will be ignored, please remove it to avoid potential confusion&#34;
 Network pytest8476_default  Creating
 Network pytest8476_default  Created
 Container pytest8476-db-1  Creating
 Container pytest8476-db-1  Created
 Container pytest8476-odoo-1  Creating
 Container pytest8476-odoo-1  Created
 Container pytest8476-db-1  Starting
Error response from daemon: failed to set up container networking: driver failed programming external connectivity on endpoint pytest8476-db-1 (855511bf03cced77b686fcd20b1385a0c2c6d9bd2a2689ea7b72ab44519060a3): Bind for 0.0.0.0:5432 failed: port is already allocated
&#34;&#34;&#34;.&#34;</td></tr>
                        
                        
                        </table>

                        
                        <pre>docker_compose_command = &#39;docker compose&#39;, docker_compose_file = &#39;/home/ubuntu/SGE-tester-A/projects/docker-compose.yml&#39;, docker_compose_project_name = &#39;pytest8476&#39;
docker_setup = [&#39;up --build -d&#39;], docker_cleanup = [&#39;down -v&#39;]

    @pytest.fixture(scope=containers_scope)
    def docker_services(
        docker_compose_command: str,
        docker_compose_file: Union[List[str], str],
        docker_compose_project_name: str,
        docker_setup: str,
        docker_cleanup: str,
    ) -&gt; Iterator[Services]:
        &#34;&#34;&#34;Start all services from a docker compose file (`docker-compose up`).
        After test are finished, shutdown all services (`docker-compose down`).&#34;&#34;&#34;
    
&gt;       with get_docker_services(
            docker_compose_command,
            docker_compose_file,
            docker_compose_project_name,
            docker_setup,
            docker_cleanup,
        ) as docker_service:

.venv/lib/python3.12/site-packages/pytest_docker/plugin.py:238: 
_ _ _ _ _ _ _ _ _ _ _ _ _ _ _ _ _ _ _ _ _ _ _ _ _ _ _ _ _ _ _ _ _ _ _ _ _ _ _ _ _ _ _ _ _ _ _ _ _ _ _ _ _ _ _ _ _ _ _ _ _ _ _ _ _ _ _ _ _ _ _ _ _ _ _ _ _ _ _ _ _ _ _ _ 
/usr/lib/python3.12/contextlib.py:137: in __enter__
    return next(self.gen)
.venv/lib/python3.12/site-packages/pytest_docker/plugin.py:212: in get_docker_services
    docker_compose.execute(command)
.venv/lib/python3.12/site-packages/pytest_docker/plugin.py:140: in execute
    return execute(command)
_ _ _ _ _ _ _ _ _ _ _ _ _ _ _ _ _ _ _ _ _ _ _ _ _ _ _ _ _ _ _ _ _ _ _ _ _ _ _ _ _ _ _ _ _ _ _ _ _ _ _ _ _ _ _ _ _ _ _ _ _ _ _ _ _ _ _ _ _ _ _ _ _ _ _ _ _ _ _ _ _ _ _ _ 

command = &#39;docker compose -f &#34;/home/ubuntu/SGE-tester-A/projects/docker-compose.yml&#34; -p &#34;pytest8476&#34; up --build -d&#39;, success_codes = (0,)

    def execute(command: str, success_codes: Iterable[int] = (0,)) -&gt; Union[bytes, Any]:
        &#34;&#34;&#34;Run a shell command.&#34;&#34;&#34;
        try:
            output = subprocess.check_output(command, stderr=subprocess.STDOUT, shell=True)
            status = 0
        except subprocess.CalledProcessError as error:
            output = error.output or b&#34;&#34;
            status = error.returncode
            command = error.cmd
    
        if status not in success_codes:
&gt;           raise Exception(
                &#39;Command {} returned {}: &#34;&#34;&#34;{}&#34;&#34;&#34;.&#39;.format(command, status, output.decode(&#34;utf-8&#34;))
            )
E           Exception: Command docker compose -f &#34;/home/ubuntu/SGE-tester-A/projects/docker-compose.yml&#34; -p &#34;pytest8476&#34; up --build -d returned 1: &#34;&#34;&#34;time=&#34;2026-01-13T13:01:30Z&#34; level=warning msg=&#34;/home/ubuntu/SGE-tester-A/projects/docker-compose.yml: the attribute `version` is obsolete, it will be ignored, please remove it to avoid potential confusion&#34;
E            Network pytest8476_default  Creating
E            Network pytest8476_default  Created
E            Container pytest8476-db-1  Creating
E            Container pytest8476-db-1  Created
E            Container pytest8476-odoo-1  Creating
E            Container pytest8476-odoo-1  Created
E            Container pytest8476-db-1  Starting
E           Error response from daemon: failed to set up container networking: driver failed programming external connectivity on endpoint pytest8476-db-1 (855511bf03cced77b686fcd20b1385a0c2c6d9bd2a2689ea7b72ab44519060a3): Bind for 0.0.0.0:5432 failed: port is already allocated
E           &#34;&#34;&#34;.

.venv/lib/python3.12/site-packages/pytest_docker/plugin.py:35: Exception</pre>
                        
                        

                        
                        
                        
                    </div>
                
                    <div class="test outcome outcome-failed">
                        <a id="c777f06b-16b5-4681-9d1a-abe8be984442"></a>
                        <table class="proplist">
                            <tr><th>Test case:</th><td><b>test_log_servidor_sin_errores</b></td></tr>
                            <tr><th>Outcome:</th><td>Failed</td></tr>
                            <tr><th>Duration:</th><td>0.001 sec</td></tr>
                        
                            <tr><th>Failed</th><td>failed on setup with &#34;Exception: Command docker compose -f &#34;/home/ubuntu/SGE-tester-A/projects/docker-compose.yml&#34; -p &#34;pytest8476&#34; up --build -d returned 1: &#34;&#34;&#34;time=&#34;2026-01-13T13:01:30Z&#34; level=warning msg=&#34;/home/ubuntu/SGE-tester-A/projects/docker-compose.yml: the attribute `version` is obsolete, it will be ignored, please remove it to avoid potential confusion&#34;
 Network pytest8476_default  Creating
 Network pytest8476_default  Created
 Container pytest8476-db-1  Creating
 Container pytest8476-db-1  Created
 Container pytest8476-odoo-1  Creating
 Container pytest8476-odoo-1  Created
 Container pytest8476-db-1  Starting
Error response from daemon: failed to set up container networking: driver failed programming external connectivity on endpoint pytest8476-db-1 (855511bf03cced77b686fcd20b1385a0c2c6d9bd2a2689ea7b72ab44519060a3): Bind for 0.0.0.0:5432 failed: port is already allocated
&#34;&#34;&#34;.&#34;</td></tr>
                        
                        
                        </table>

                        
                        <pre>docker_compose_command = &#39;docker compose&#39;, docker_compose_file = &#39;/home/ubuntu/SGE-tester-A/projects/docker-compose.yml&#39;, docker_compose_project_name = &#39;pytest8476&#39;
docker_setup = [&#39;up --build -d&#39;], docker_cleanup = [&#39;down -v&#39;]

    @pytest.fixture(scope=containers_scope)
    def docker_services(
        docker_compose_command: str,
        docker_compose_file: Union[List[str], str],
        docker_compose_project_name: str,
        docker_setup: str,
        docker_cleanup: str,
    ) -&gt; Iterator[Services]:
        &#34;&#34;&#34;Start all services from a docker compose file (`docker-compose up`).
        After test are finished, shutdown all services (`docker-compose down`).&#34;&#34;&#34;
    
&gt;       with get_docker_services(
            docker_compose_command,
            docker_compose_file,
            docker_compose_project_name,
            docker_setup,
            docker_cleanup,
        ) as docker_service:

.venv/lib/python3.12/site-packages/pytest_docker/plugin.py:238: 
_ _ _ _ _ _ _ _ _ _ _ _ _ _ _ _ _ _ _ _ _ _ _ _ _ _ _ _ _ _ _ _ _ _ _ _ _ _ _ _ _ _ _ _ _ _ _ _ _ _ _ _ _ _ _ _ _ _ _ _ _ _ _ _ _ _ _ _ _ _ _ _ _ _ _ _ _ _ _ _ _ _ _ _ 
/usr/lib/python3.12/contextlib.py:137: in __enter__
    return next(self.gen)
.venv/lib/python3.12/site-packages/pytest_docker/plugin.py:212: in get_docker_services
    docker_compose.execute(command)
.venv/lib/python3.12/site-packages/pytest_docker/plugin.py:140: in execute
    return execute(command)
_ _ _ _ _ _ _ _ _ _ _ _ _ _ _ _ _ _ _ _ _ _ _ _ _ _ _ _ _ _ _ _ _ _ _ _ _ _ _ _ _ _ _ _ _ _ _ _ _ _ _ _ _ _ _ _ _ _ _ _ _ _ _ _ _ _ _ _ _ _ _ _ _ _ _ _ _ _ _ _ _ _ _ _ 

command = &#39;docker compose -f &#34;/home/ubuntu/SGE-tester-A/projects/docker-compose.yml&#34; -p &#34;pytest8476&#34; up --build -d&#39;, success_codes = (0,)

    def execute(command: str, success_codes: Iterable[int] = (0,)) -&gt; Union[bytes, Any]:
        &#34;&#34;&#34;Run a shell command.&#34;&#34;&#34;
        try:
            output = subprocess.check_output(command, stderr=subprocess.STDOUT, shell=True)
            status = 0
        except subprocess.CalledProcessError as error:
            output = error.output or b&#34;&#34;
            status = error.returncode
            command = error.cmd
    
        if status not in success_codes:
&gt;           raise Exception(
                &#39;Command {} returned {}: &#34;&#34;&#34;{}&#34;&#34;&#34;.&#39;.format(command, status, output.decode(&#34;utf-8&#34;))
            )
E           Exception: Command docker compose -f &#34;/home/ubuntu/SGE-tester-A/projects/docker-compose.yml&#34; -p &#34;pytest8476&#34; up --build -d returned 1: &#34;&#34;&#34;time=&#34;2026-01-13T13:01:30Z&#34; level=warning msg=&#34;/home/ubuntu/SGE-tester-A/projects/docker-compose.yml: the attribute `version` is obsolete, it will be ignored, please remove it to avoid potential confusion&#34;
E            Network pytest8476_default  Creating
E            Network pytest8476_default  Created
E            Container pytest8476-db-1  Creating
E            Container pytest8476-db-1  Created
E            Container pytest8476-odoo-1  Creating
E            Container pytest8476-odoo-1  Created
E            Container pytest8476-db-1  Starting
E           Error response from daemon: failed to set up container networking: driver failed programming external connectivity on endpoint pytest8476-db-1 (855511bf03cced77b686fcd20b1385a0c2c6d9bd2a2689ea7b72ab44519060a3): Bind for 0.0.0.0:5432 failed: port is already allocated
E           &#34;&#34;&#34;.

.venv/lib/python3.12/site-packages/pytest_docker/plugin.py:35: Exception</pre>
                        
                        

                        
                        
                        
                    </div>
                
                </div>
            </div>
            
            <div class="testclass">
                <h4>test_minimal_requirements.TestOtros</h4>
                <div class="testcases">
                
                    <div class="test outcome outcome-skipped">
                        <a id="5ef8e3d2-3219-410c-8716-a9213258cf36"></a>
                        <table class="proplist">
                            <tr><th>Test case:</th><td><b>test_log_sin_warnings</b></td></tr>
                            <tr><th>Outcome:</th><td>Skipped</td></tr>
                            <tr><th>Duration:</th><td>0.001 sec</td></tr>
                        
                        
                            <tr><th>Skipped</th><td></td></tr>
                        
                        </table>

                        
                        
                        <pre>skipped</pre>
                        

                        
                        
                        
                    </div>
                
                </div>
            </div>
            
            <div class="testclass">
                <h4>test_minimal_requirements.TestRNFAdicionalesKanban</h4>
                <div class="testcases">
                
                    <div class="test outcome outcome-skipped">
                        <a id="e43020bd-553d-467f-aa04-20f36b509242"></a>
                        <table class="proplist">
                            <tr><th>Test case:</th><td><b>test_vista_kanban[/kanban]</b></td></tr>
                            <tr><th>Outcome:</th><td>Skipped</td></tr>
                            <tr><th>Duration:</th><td>0.001 sec</td></tr>
                        
                        
                            <tr><th>Skipped</th><td></td></tr>
                        
                        </table>

                        
                        
                        <pre>skipped</pre>
                        

                        
                        
                        
                    </div>
                
                    <div class="test outcome outcome-skipped">
                        <a id="9fb09dc1-da48-45b2-beec-45e4027c0b08"></a>
                        <table class="proplist">
                            <tr><th>Test case:</th><td><b>test_vista_kanban[/kanban[@default_group_by]]</b></td></tr>
                            <tr><th>Outcome:</th><td>Skipped</td></tr>
                            <tr><th>Duration:</th><td>0.001 sec</td></tr>
                        
                        
                            <tr><th>Skipped</th><td></td></tr>
                        
                        </table>

                        
                        
                        <pre>skipped</pre>
                        

                        
                        
                        
                    </div>
                
                    <div class="test outcome outcome-skipped">
                        <a id="b03eca16-f226-4a8f-9307-8a240d3287ca"></a>
                        <table class="proplist">
                            <tr><th>Test case:</th><td><b>test_vista_kanban_imagen[/img]</b></td></tr>
                            <tr><th>Outcome:</th><td>Skipped</td></tr>
                            <tr><th>Duration:</th><td>0.001 sec</td></tr>
                        
                        
                            <tr><th>Skipped</th><td></td></tr>
                        
                        </table>

                        
                        
                        <pre>skipped</pre>
                        

                        
                        
                        
                    </div>
                
                    <div class="test outcome outcome-skipped">
                        <a id="a4187028-ba00-46e9-9a67-9d607d2a83c5"></a>
                        <table class="proplist">
                            <tr><th>Test case:</th><td><b>test_vista_kanban_imagen[/field[@preview_image]]</b></td></tr>
                            <tr><th>Outcome:</th><td>Skipped</td></tr>
                            <tr><th>Duration:</th><td>0.001 sec</td></tr>
                        
                        
                            <tr><th>Skipped</th><td></td></tr>
                        
                        </table>

                        
                        
                        <pre>skipped</pre>
                        

                        
                        
                        
                    </div>
                
                    <div class="test outcome outcome-skipped">
                        <a id="17aa68d1-d91b-4ba3-b123-d63d322ff78d"></a>
                        <table class="proplist">
                            <tr><th>Test case:</th><td><b>test_vista_kanban_imagen[/field[@widget=&#34;image&#34;]]</b></td></tr>
                            <tr><th>Outcome:</th><td>Skipped</td></tr>
                            <tr><th>Duration:</th><td>0.001 sec</td></tr>
                        
                        
                            <tr><th>Skipped</th><td></td></tr>
                        
                        </table>

                        
                        
                        <pre>skipped</pre>
                        

                        
                        
                        
                    </div>
                
                </div>
            </div>
            
            <div class="testclass">
                <h4>test_minimal_requirements.TestRNFAdicionalesBusqueda</h4>
                <div class="testcases">
                
                    <div class="test outcome outcome-skipped">
                        <a id="0a43062e-21df-4e2a-8bc2-829f8c5f3258"></a>
                        <table class="proplist">
                            <tr><th>Test case:</th><td><b>test_vista_search[/search]</b></td></tr>
                            <tr><th>Outcome:</th><td>Skipped</td></tr>
                            <tr><th>Duration:</th><td>0.001 sec</td></tr>
                        
                        
                            <tr><th>Skipped</th><td></td></tr>
                        
                        </table>

                        
                        
                        <pre>skipped</pre>
                        

                        
                        
                        
                    </div>
                
                    <div class="test outcome outcome-skipped">
                        <a id="9fd21b3c-33d8-40e6-812d-a372479232e1"></a>
                        <table class="proplist">
                            <tr><th>Test case:</th><td><b>test_vista_search_compleja[/filter[@domain]]</b></td></tr>
                            <tr><th>Outcome:</th><td>Skipped</td></tr>
                            <tr><th>Duration:</th><td>0.001 sec</td></tr>
                        
                        
                            <tr><th>Skipped</th><td></td></tr>
                        
                        </table>

                        
                        
                        <pre>skipped</pre>
                        

                        
                        
                        
                    </div>
                
                    <div class="test outcome outcome-skipped">
                        <a id="b9ce8782-d3fe-409a-aaf5-d573c91f7852"></a>
                        <table class="proplist">
                            <tr><th>Test case:</th><td><b>test_vista_search_compleja[/group//filter[@context]]</b></td></tr>
                            <tr><th>Outcome:</th><td>Skipped</td></tr>
                            <tr><th>Duration:</th><td>0.001 sec</td></tr>
                        
                        
                            <tr><th>Skipped</th><td></td></tr>
                        
                        </table>

                        
                        
                        <pre>skipped</pre>
                        

                        
                        
                        
                    </div>
                
                </div>
            </div>
            
            <div class="testclass">
                <h4>test_minimal_requirements.TestRNFAdicionalesOtrasVistas</h4>
                <div class="testcases">
                
                    <div class="test outcome outcome-skipped">
                        <a id="23c15ef8-e03a-400b-b304-27678d1d523a"></a>
                        <table class="proplist">
                            <tr><th>Test case:</th><td><b>test_otras_vistas_adicionales[activity]</b></td></tr>
                            <tr><th>Outcome:</th><td>Skipped</td></tr>
                            <tr><th>Duration:</th><td>0.001 sec</td></tr>
                        
                        
                            <tr><th>Skipped</th><td></td></tr>
                        
                        </table>

                        
                        
                        <pre>skipped</pre>
                        

                        
                        
                        
                    </div>
                
                    <div class="test outcome outcome-skipped">
                        <a id="1bb96d5b-cfef-4e36-bcba-95db992b3de2"></a>
                        <table class="proplist">
                            <tr><th>Test case:</th><td><b>test_otras_vistas_adicionales[calendar]</b></td></tr>
                            <tr><th>Outcome:</th><td>Skipped</td></tr>
                            <tr><th>Duration:</th><td>0.001 sec</td></tr>
                        
                        
                            <tr><th>Skipped</th><td></td></tr>
                        
                        </table>

                        
                        
                        <pre>skipped</pre>
                        

                        
                        
                        
                    </div>
                
                    <div class="test outcome outcome-skipped">
                        <a id="09cccf4c-7bfd-48a4-8712-cafbda9dd333"></a>
                        <table class="proplist">
                            <tr><th>Test case:</th><td><b>test_otras_vistas_adicionales[graph]</b></td></tr>
                            <tr><th>Outcome:</th><td>Skipped</td></tr>
                            <tr><th>Duration:</th><td>0.001 sec</td></tr>
                        
                        
                            <tr><th>Skipped</th><td></td></tr>
                        
                        </table>

                        
                        
                        <pre>skipped</pre>
                        

                        
                        
                        
                    </div>
                
                    <div class="test outcome outcome-skipped">
                        <a id="121d5b10-42c3-4f8e-a457-b88a27bed5ed"></a>
                        <table class="proplist">
                            <tr><th>Test case:</th><td><b>test_otras_vistas_adicionales[pivot]</b></td></tr>
                            <tr><th>Outcome:</th><td>Skipped</td></tr>
                            <tr><th>Duration:</th><td>0.001 sec</td></tr>
                        
                        
                            <tr><th>Skipped</th><td></td></tr>
                        
                        </table>

                        
                        
                        <pre>skipped</pre>
                        

                        
                        
                        
                    </div>
                
                </div>
            </div>
            
            <div class="testclass">
                <h4>test_minimal_requirements.TestRNFAdicionalesConstraints</h4>
                <div class="testcases">
                
                    <div class="test outcome outcome-skipped">
                        <a id="ef00cf7d-e521-460e-a31a-71e70d9f6575"></a>
                        <table class="proplist">
                            <tr><th>Test case:</th><td><b>test_constraints_sql</b></td></tr>
                            <tr><th>Outcome:</th><td>Skipped</td></tr>
                            <tr><th>Duration:</th><td>0.001 sec</td></tr>
                        
                        
                            <tr><th>Skipped</th><td></td></tr>
                        
                        </table>

                        
                        
                        <pre>skipped</pre>
                        

                        
                        
                        
                    </div>
                
                </div>
            </div>
            
            <div class="testclass">
                <h4>test_minimal_requirements.TestRNFAdicionalesSeguridadAvanzada</h4>
                <div class="testcases">
                
                    <div class="test outcome outcome-skipped">
                        <a id="51adcfc6-4cda-46bc-9e6d-d9a164bb3bbb"></a>
                        <table class="proplist">
                            <tr><th>Test case:</th><td><b>test_seguridad_con_grupos_propios</b></td></tr>
                            <tr><th>Outcome:</th><td>Skipped</td></tr>
                            <tr><th>Duration:</th><td>0.001 sec</td></tr>
                        
                        
                            <tr><th>Skipped</th><td></td></tr>
                        
                        </table>

                        
                        
                        <pre>skipped</pre>
                        

                        
                        
                        
                    </div>
                
                </div>
            </div>
            
            <div class="testclass">
                <h4>test_minimal_requirements.TestRNFAdicionalesDatosAvanzados</h4>
                <div class="testcases">
                
                    <div class="test outcome outcome-skipped">
                        <a id="08a2dc34-c9eb-405f-8eca-66dd1d6d6ee8"></a>
                        <table class="proplist">
                            <tr><th>Test case:</th><td><b>test_datos_maestros_o_demo_avanzados[binary]</b></td></tr>
                            <tr><th>Outcome:</th><td>Skipped</td></tr>
                            <tr><th>Duration:</th><td>0.001 sec</td></tr>
                        
                        
                            <tr><th>Skipped</th><td></td></tr>
                        
                        </table>

                        
                        
                        <pre>skipped</pre>
                        

                        
                        
                        
                    </div>
                
                    <div class="test outcome outcome-skipped">
                        <a id="210e30cf-1e5e-410e-9df1-463a07d74b28"></a>
                        <table class="proplist">
                            <tr><th>Test case:</th><td><b>test_datos_maestros_o_demo_avanzados[many2many]</b></td></tr>
                            <tr><th>Outcome:</th><td>Skipped</td></tr>
                            <tr><th>Duration:</th><td>0.001 sec</td></tr>
                        
                        
                            <tr><th>Skipped</th><td></td></tr>
                        
                        </table>

                        
                        
                        <pre>skipped</pre>
                        

                        
                        
                        
                    </div>
                
                    <div class="test outcome outcome-skipped">
                        <a id="76ccdb0c-0899-474d-917c-9a2d7f0a83ca"></a>
                        <table class="proplist">
                            <tr><th>Test case:</th><td><b>test_datos_maestros_o_demo_avanzados[many2one]</b></td></tr>
                            <tr><th>Outcome:</th><td>Skipped</td></tr>
                            <tr><th>Duration:</th><td>0.001 sec</td></tr>
                        
                        
                            <tr><th>Skipped</th><td></td></tr>
                        
                        </table>

                        
                        
                        <pre>skipped</pre>
                        

                        
                        
                        
                    </div>
                
                </div>
            </div>
            
            <div class="testclass">
                <h4>test_minimal_requirements.TestRNFAdicionalesHerenciaVistas</h4>
                <div class="testcases">
                
                    <div class="test outcome outcome-skipped">
                        <a id="fc669f71-d1d1-48a6-a3fa-52fee7f11a10"></a>
                        <table class="proplist">
                            <tr><th>Test case:</th><td><b>test_herencia_en_vistas_con_position</b></td></tr>
                            <tr><th>Outcome:</th><td>Skipped</td></tr>
                            <tr><th>Duration:</th><td>0.001 sec</td></tr>
                        
                        
                            <tr><th>Skipped</th><td></td></tr>
                        
                        </table>

                        
                        
                        <pre>skipped</pre>
                        

                        
                        
                        
                    </div>
                
                    <div class="test outcome outcome-skipped">
                        <a id="90494118-c7eb-4bdc-971f-0f3a00d487ec"></a>
                        <table class="proplist">
                            <tr><th>Test case:</th><td><b>test_herencia_en_vistas_con_inherit_id</b></td></tr>
                            <tr><th>Outcome:</th><td>Skipped</td></tr>
                            <tr><th>Duration:</th><td>0.001 sec</td></tr>
                        
                        
                            <tr><th>Skipped</th><td></td></tr>
                        
                        </table>

                        
                        
                        <pre>skipped</pre>
                        

                        
                        
                        
                    </div>
                
                </div>
            </div>
            
            <div class="testclass">
                <h4>test_minimal_requirements.TestRNFAdicionalesHerenciaModelos</h4>
                <div class="testcases">
                
                    <div class="test outcome outcome-skipped">
                        <a id="abfa9fad-fb40-4be0-84d4-5bdd28febcb2"></a>
                        <table class="proplist">
                            <tr><th>Test case:</th><td><b>test_modelos_existentes_modificados_por_herencia</b></td></tr>
                            <tr><th>Outcome:</th><td>Skipped</td></tr>
                            <tr><th>Duration:</th><td>0.001 sec</td></tr>
                        
                        
                            <tr><th>Skipped</th><td></td></tr>
                        
                        </table>

                        
                        
                        <pre>skipped</pre>
                        

                        
                        
                        
                    </div>
                
                    <div class="test outcome outcome-skipped">
                        <a id="1f28df74-b964-4691-bee0-1c6789905a3f"></a>
                        <table class="proplist">
                            <tr><th>Test case:</th><td><b>test_nuevos_modelos_con_herencia</b></td></tr>
                            <tr><th>Outcome:</th><td>Skipped</td></tr>
                            <tr><th>Duration:</th><td>0.001 sec</td></tr>
                        
                        
                            <tr><th>Skipped</th><td></td></tr>
                        
                        </table>

                        
                        
                        <pre>skipped</pre>
                        

                        
                        
                        
                    </div>
                
                </div>
            </div>
            
            <div class="testclass">
                <h4>test_minimal_requirements.TestRNFAdicionalesTraducciones</h4>
                <div class="testcases">
                
                    <div class="test outcome outcome-skipped">
                        <a id="cf0c49c0-9151-4879-8956-a3f59a61c953"></a>
                        <table class="proplist">
                            <tr><th>Test case:</th><td><b>test_i18n</b></td></tr>
                            <tr><th>Outcome:</th><td>Skipped</td></tr>
                            <tr><th>Duration:</th><td>0.001 sec</td></tr>
                        
                        
                            <tr><th>Skipped</th><td></td></tr>
                        
                        </table>

                        
                        
                        <pre>skipped</pre>
                        

                        
                        
                        
                    </div>
                
                </div>
            </div>
            
            <div class="testclass">
                <h4>test_minimal_requirements.TestRNFAdicionalesInformes</h4>
                <div class="testcases">
                
                    <div class="test outcome outcome-skipped">
                        <a id="9df54f08-822d-4c34-bbf4-302c1fab80d6"></a>
                        <table class="proplist">
                            <tr><th>Test case:</th><td><b>test_informes[report]</b></td></tr>
                            <tr><th>Outcome:</th><td>Skipped</td></tr>
                            <tr><th>Duration:</th><td>0.001 sec</td></tr>
                        
                        
                            <tr><th>Skipped</th><td></td></tr>
                        
                        </table>

                        
                        
                        <pre>skipped</pre>
                        

                        
                        
                        
                    </div>
                
                    <div class="test outcome outcome-skipped">
                        <a id="f30d2f05-790b-4405-8f90-ddadd85af981"></a>
                        <table class="proplist">
                            <tr><th>Test case:</th><td><b>test_informes[template]</b></td></tr>
                            <tr><th>Outcome:</th><td>Skipped</td></tr>
                            <tr><th>Duration:</th><td>0.001 sec</td></tr>
                        
                        
                            <tr><th>Skipped</th><td></td></tr>
                        
                        </table>

                        
                        
                        <pre>skipped</pre>
                        

                        
                        
                        
                    </div>
                
                    <div class="test outcome outcome-skipped">
                        <a id="fa438267-89e0-4fb1-a2c7-a90cec272e64"></a>
                        <table class="proplist">
                            <tr><th>Test case:</th><td><b>test_informes_complejos[/t[@t-foreach]]</b></td></tr>
                            <tr><th>Outcome:</th><td>Skipped</td></tr>
                            <tr><th>Duration:</th><td>0.001 sec</td></tr>
                        
                        
                            <tr><th>Skipped</th><td></td></tr>
                        
                        </table>

                        
                        
                        <pre>skipped</pre>
                        

                        
                        
                        
                    </div>
                
                    <div class="test outcome outcome-skipped">
                        <a id="863df4e1-2602-471b-a073-3b10676a2f2a"></a>
                        <table class="proplist">
                            <tr><th>Test case:</th><td><b>test_informes_complejos[/img[@t-att-src]]</b></td></tr>
                            <tr><th>Outcome:</th><td>Skipped</td></tr>
                            <tr><th>Duration:</th><td>0.001 sec</td></tr>
                        
                        
                            <tr><th>Skipped</th><td></td></tr>
                        
                        </table>

                        
                        
                        <pre>skipped</pre>
                        

                        
                        
                        
                    </div>
                
                    <div class="test outcome outcome-skipped">
                        <a id="17e63be2-644f-4199-b9fb-6bbb85b7b918"></a>
                        <table class="proplist">
                            <tr><th>Test case:</th><td><b>test_informes_complejos[/t[@t-call and not(@t-call=&#34;web.external_layout&#34; or @t-call=&#34;web.html_container&#34;)]]</b></td></tr>
                            <tr><th>Outcome:</th><td>Skipped</td></tr>
                            <tr><th>Duration:</th><td>0.001 sec</td></tr>
                        
                        
                            <tr><th>Skipped</th><td></td></tr>
                        
                        </table>

                        
                        
                        <pre>skipped</pre>
                        

                        
                        
                        
                    </div>
                
                </div>
            </div>
            
            <div class="testclass">
                <h4>test_minimal_requirements.TestRNFAdicionalesChatter</h4>
                <div class="testcases">
                
                    <div class="test outcome outcome-skipped">
                        <a id="80c6bfc5-e786-4573-918b-61a858d2e288"></a>
                        <table class="proplist">
                            <tr><th>Test case:</th><td><b>test_chatter[mail_thread]</b></td></tr>
                            <tr><th>Outcome:</th><td>Skipped</td></tr>
                            <tr><th>Duration:</th><td>0.001 sec</td></tr>
                        
                        
                            <tr><th>Skipped</th><td></td></tr>
                        
                        </table>

                        
                        
                        <pre>skipped</pre>
                        

                        
                        
                        
                    </div>
                
                    <div class="test outcome outcome-skipped">
                        <a id="614c48ef-a9a6-49ba-867a-542585874605"></a>
                        <table class="proplist">
                            <tr><th>Test case:</th><td><b>test_chatter[mail_activity_mixin]</b></td></tr>
                            <tr><th>Outcome:</th><td>Skipped</td></tr>
                            <tr><th>Duration:</th><td>0.001 sec</td></tr>
                        
                        
                            <tr><th>Skipped</th><td></td></tr>
                        
                        </table>

                        
                        
                        <pre>skipped</pre>
                        

                        
                        
                        
                    </div>
                
                    <div class="test outcome outcome-skipped">
                        <a id="26f4b232-e8ce-4400-a3e2-8663c7abeb67"></a>
                        <table class="proplist">
                            <tr><th>Test case:</th><td><b>test_chatter_tracking</b></td></tr>
                            <tr><th>Outcome:</th><td>Skipped</td></tr>
                            <tr><th>Duration:</th><td>0.001 sec</td></tr>
                        
                        
                            <tr><th>Skipped</th><td></td></tr>
                        
                        </table>

                        
                        
                        <pre>skipped</pre>
                        

                        
                        
                        
                    </div>
                
                    <div class="test outcome outcome-skipped">
                        <a id="d719610b-b6dc-4361-96c3-f9b5dcad16dc"></a>
                        <table class="proplist">
                            <tr><th>Test case:</th><td><b>test_vista_chatter_div</b></td></tr>
                            <tr><th>Outcome:</th><td>Skipped</td></tr>
                            <tr><th>Duration:</th><td>0.001 sec</td></tr>
                        
                        
                            <tr><th>Skipped</th><td></td></tr>
                        
                        </table>

                        
                        
                        <pre>skipped</pre>
                        

                        
                        
                        
                    </div>
                
                    <div class="test outcome outcome-skipped">
                        <a id="0dcfe75b-90d5-4af5-ab55-825deee7de6a"></a>
                        <table class="proplist">
                            <tr><th>Test case:</th><td><b>test_vista_chatter_fields[.//field[@name=&#34;message_follower_ids&#34;]]</b></td></tr>
                            <tr><th>Outcome:</th><td>Skipped</td></tr>
                            <tr><th>Duration:</th><td>0.001 sec</td></tr>
                        
                        
                            <tr><th>Skipped</th><td></td></tr>
                        
                        </table>

                        
                        
                        <pre>skipped</pre>
                        

                        
                        
                        
                    </div>
                
                    <div class="test outcome outcome-skipped">
                        <a id="c1935726-ee16-4b6c-8d0c-5a112f177c75"></a>
                        <table class="proplist">
                            <tr><th>Test case:</th><td><b>test_vista_chatter_fields[.//field[@name=&#34;activity_ids&#34;]]</b></td></tr>
                            <tr><th>Outcome:</th><td>Skipped</td></tr>
                            <tr><th>Duration:</th><td>0.001 sec</td></tr>
                        
                        
                            <tr><th>Skipped</th><td></td></tr>
                        
                        </table>

                        
                        
                        <pre>skipped</pre>
                        

                        
                        
                        
                    </div>
                
                    <div class="test outcome outcome-skipped">
                        <a id="a38e74e7-2e5e-4bb9-bda9-20023a24b7e7"></a>
                        <table class="proplist">
                            <tr><th>Test case:</th><td><b>test_vista_chatter_fields[.//field[@name=&#34;message_ids&#34;]]</b></td></tr>
                            <tr><th>Outcome:</th><td>Skipped</td></tr>
                            <tr><th>Duration:</th><td>0.001 sec</td></tr>
                        
                        
                            <tr><th>Skipped</th><td></td></tr>
                        
                        </table>

                        
                        
                        <pre>skipped</pre>
                        

                        
                        
                        
                    </div>
                
                    <div class="test outcome outcome-skipped">
                        <a id="6ee2a73e-48b4-44b5-886d-89ee939c1262"></a>
                        <table class="proplist">
                            <tr><th>Test case:</th><td><b>test_vista_chatter_fields[.//field[@widget=&#34;mail_followers&#34;]]</b></td></tr>
                            <tr><th>Outcome:</th><td>Skipped</td></tr>
                            <tr><th>Duration:</th><td>0.001 sec</td></tr>
                        
                        
                            <tr><th>Skipped</th><td></td></tr>
                        
                        </table>

                        
                        
                        <pre>skipped</pre>
                        

                        
                        
                        
                    </div>
                
                    <div class="test outcome outcome-skipped">
                        <a id="737af27a-11ff-401c-a55f-439b0f94c630"></a>
                        <table class="proplist">
                            <tr><th>Test case:</th><td><b>test_vista_chatter_fields[.//field[@widget=&#34;mail_thread&#34;]]</b></td></tr>
                            <tr><th>Outcome:</th><td>Skipped</td></tr>
                            <tr><th>Duration:</th><td>0.001 sec</td></tr>
                        
                        
                            <tr><th>Skipped</th><td></td></tr>
                        
                        </table>

                        
                        
                        <pre>skipped</pre>
                        

                        
                        
                        
                    </div>
                
                    <div class="test outcome outcome-skipped">
                        <a id="c6220fe2-6d7a-4527-a4d3-c200fe0ddee5"></a>
                        <table class="proplist">
                            <tr><th>Test case:</th><td><b>test_vista_chatter_fields[.//field[@widget=&#34;mail_activity&#34;]]</b></td></tr>
                            <tr><th>Outcome:</th><td>Skipped</td></tr>
                            <tr><th>Duration:</th><td>0.009 sec</td></tr>
                        
                        
                            <tr><th>Skipped</th><td></td></tr>
                        
                        </table>

                        
                        
                        <pre>skipped</pre>
                        

                        
                        
                        
                    </div>
                
                </div>
            </div>
            
        </div>
    </div>
    



<p class="footer">
    Generated by junit2html
</p>
</body>
</html>