<!DOCTYPE html>
<html lang="en">
<head>
    <meta charset="UTF-8">
    <title>mbg_gestor_tareas-pytest.xml</title>
    <style type="text/css">
        body {
    background-color: white;
    padding-bottom: 20em;
    margin: 0;
    min-height: 15cm;
}

h1, h2, h3, h4, h5, h6, h7 {
    font-family: sans-serif;
}

h1 {
    background-color: #007acc;
    color: white;
    padding: 3mm;
    margin-top: 0;
    margin-bottom: 1mm;
}

.footer {
    font-style: italic;
    font-size: small;
    text-align: right;
    padding: 1em;
}

.testsuite {
    padding-bottom: 2em;
    margin-left: 1em;
}

.proplist {
    width: 100%;
    margin-bottom: 2em;
    border-collapse: collapse;
    border: 1px solid grey;
}

.proplist th {
    background-color: silver;
    width: 5em;
    padding: 2px;
    padding-right: 1em;
    text-align: left;
}

.proplist td {
    padding: 2px;
}

.index-table {
    width: 90%;
    margin-left: 1em;
}

.index-table td {
    vertical-align: top;
    max-width: 200px;
    word-wrap: break-word;
}

.failure-index {

}

.toc {
    margin-bottom: 2em;
    font-family: monospace;
}

.stdio, pre {
    min-height: 1em;
    background-color: #1e1e1e;
    color: silver;
    padding: 0.5em;
}
.tdpre {
    background-color: #1e1e1e;
}

.test {
    margin-left: 0.5cm;
}

.outcome {
    border-left: 1em;
    padding: 2px;
}

.outcome-failed {
    border-left: 1em solid lightcoral;
}

.outcome-passed {
    border-left: 1em solid lightgreen;
}

.outcome-skipped {
    border-left: 1em dotted silver;
}

.stats-table {
}

.stats-table td {
    min-width: 4em;
    text-align: right;
}

.stats-table .failed {
    background-color: lightcoral;
}

.stats-table .passed {
    background-color: lightgreen;
}

.matrix-table {
    table-layout: fixed;
    border-spacing: 0;
    width: available;
    margin-left: 1em;
}

.matrix-table td {
    vertical-align: center;
}

.matrix-table td:last-child {
    width: 0;
}

.matrix-table tr:hover {
    background-color: yellow;
}

.matrix-axis-name {
    white-space: nowrap;
    padding-right: 0.5em;
    border-left: 1px solid black;
    border-top: 1px solid black;
    text-align: right;
}

.matrix-axis-line {
    border-left: 1px solid black;
    width: 0.5em;
}

.matrix-classname {
    text-align: left;
    width: 100%;
    border-top: 2px solid grey;
    border-bottom: 1px solid silver;
}

.matrix-casename {
    text-align: left;
    font-weight: normal;
    font-style: italic;
    padding-left: 1em;
    border-bottom: 1px solid silver;
}

.matrix-result {
    display: block;
    width: 1em;
    text-align: center;
    padding: 1mm;
    margin: 0;
}

.matrix-result-combined {
    white-space: nowrap;
    padding-right: 0.2em;
    text-align: right;
}

.matrix-result-failed {
    background-color: lightcoral;
}

.matrix-result-passed {
    background-color: lightgreen;
}

.matrix-result-skipped {
    background-color: lightyellow;
}

.matrix-even {
    background-color: lightgray;
}
    </style>
</head>
<body>
    
<h1>
    Test Report : mbg_gestor_tareas-pytest.xml
</h1>
<a id="toc"></a>
<table class="index-table">
    <tr>
        <td>
            <ul class="toc">
            
                
                <li>test_minimal_requirements.TestRNF1
                <ul>
                    
                    <li><a href="#2c42013a-7eae-4494-83cf-53eef99d62cf">test_app_tiene_al_menos_4_modelos</a></li>
                    
                    <li><a href="#77e8d753-f326-4ca6-b356-09090734e129">test_modelos_en_ficheros_individuales</a></li>
                    
                </ul>
                </li>
                
                <li>test_minimal_requirements.TestRNF2
                <ul>
                    
                    <li><a href="#39ea4aa3-8d85-450f-9797-dc98e2f8dc4a">test_relacion_many2many</a></li>
                    
                    <li><a href="#ca34841f-3f50-4169-8008-5b01217de24e">test_modelos_tienen_algun_campo_relacion[one2many]</a></li>
                    
                    <li><a href="#3c89c781-f3bc-49bb-b330-54302ea2ef3d">test_modelos_tienen_algun_campo_relacion[many2one]</a></li>
                    
                    <li><a href="#a3ed1b52-d27c-4ca5-a77c-864f51974267">test_unknown_comodel_name</a></li>
                    
                </ul>
                </li>
                
                <li>test_minimal_requirements.TestRNF3
                <ul>
                    
                    <li><a href="#e92fe74b-d558-46f9-b373-3a6780d4750d">test_modelos_tienen_vista[tree]</a></li>
                    
                    <li><a href="#0538bbc6-df34-4629-bb98-0bbd82adacdf">test_modelos_tienen_vista[form]</a></li>
                    
                    <li><a href="#c1b330b2-ee5c-43e0-b70d-32b3b523e5de">test_formularios_tienen_vista_anidada_para_campos_X2many[one2many]</a></li>
                    
                    <li><a href="#8c677671-4bd1-44e7-8ac6-df81fdf03f6e">test_formularios_tienen_vista_anidada_para_campos_X2many[many2many]</a></li>
                    
                </ul>
                </li>
                
                <li>test_minimal_requirements.TestRNF4
                <ul>
                    
                    <li><a href="#52f323a3-bda1-4289-bc4f-f9be913bf8ba">test_vistas_en_ficheros_individuales</a></li>
                    
                </ul>
                </li>
                
                <li>test_minimal_requirements.TestRNF5
                <ul>
                    
                    <li><a href="#71218fb2-886b-434e-9d6f-f47153d9f2ae">test_modelos_tienen_algun_posible_campo_imagen</a></li>
                    
                    <li><a href="#47c3af46-cf28-4812-92f4-fbaec28c0f22">test_alguna_vista_tiene_campo_imagen</a></li>
                    
                </ul>
                </li>
                
                <li>test_minimal_requirements.TestRNF6
                <ul>
                    
                    <li><a href="#4eed78e5-9435-4936-bfd8-8ab09aaf163c">test_modelos_tienen_acciones</a></li>
                    
                    <li><a href="#2f5b8c36-965b-4cf2-a757-2c4292bdb0ff">test_hay_elementos_de_menu[.//menuitem[@action]]</a></li>
                    
                </ul>
                </li>
                
                <li>test_minimal_requirements.TestRNF7
                <ul>
                    
                    <li><a href="#b3e61bda-4182-4292-bd82-d664a78d3bb9">test_modelos_tienen_permisos</a></li>
                    
                </ul>
                </li>
                
                <li>test_minimal_requirements.TestRNF8
                <ul>
                    
                    <li><a href="#38316fcb-c419-47bf-a8fb-c38d8d966cca">test_app_tiene_icono</a></li>
                    
                </ul>
                </li>
                
                <li>test_minimal_requirements.TestRNF9
                <ul>
                    
                    <li><a href="#658978ea-d5d2-4878-8c8f-9ec05ee6e467">test_modelos_tienen_datos_demo</a></li>
                    
                </ul>
                </li>
                
                <li>test_minimal_requirements.TestRNFGit
                <ul>
                    
                    <li><a href="#e33d74e1-e3b0-411e-8487-c1271a4929cf">test_git_commit_frecuentes</a></li>
                    
                </ul>
                </li>
                
                <li>test_minimal_requirements.TestRNFCalidad
                <ul>
                    
                    <li><a href="#34581c6b-a5c1-4515-adad-bac4ba7c2f5e">test_odoo_disponible</a></li>
                    
                    <li><a href="#a0a2115b-d83d-4d65-a0b5-b2e6283ea5e4">test_app_instalada</a></li>
                    
                    <li><a href="#e35e70f6-0e90-4561-8505-0ec76f793fe9">test_otras_apps_entregadas_son_dependencias</a></li>
                    
                    <li><a href="#b45bfbf9-da8a-4893-bf69-1779824664e6">test_no_hay_elementos_xml_comentados</a></li>
                    
                    <li><a href="#14263efd-7860-4e2c-a881-6bd909183d59">test_no_hay_codigo_python_comentado</a></li>
                    
                    <li><a href="#f2c6bae1-6c1e-475e-a6c1-a33c134b2e7b">test_log_servidor_sin_errores</a></li>
                    
                </ul>
                </li>
                
                <li>test_minimal_requirements.TestOtros
                <ul>
                    
                    <li><a href="#fa995ede-92aa-48ed-9ff4-757a1e340196">test_log_sin_warnings</a>[s]</li>
                    
                </ul>
                </li>
                
                <li>test_minimal_requirements.TestRNFAdicionalesKanban
                <ul>
                    
                    <li><a href="#61de02ba-e33d-46f3-b454-6d369bbf53f1">test_vista_kanban[/kanban]</a>[s]</li>
                    
                    <li><a href="#6ca5a465-3707-4222-b997-6153bc3b0553">test_vista_kanban[/kanban[@default_group_by]]</a>[s]</li>
                    
                    <li><a href="#17482726-eb6b-4c8e-a122-6eeda26627da">test_vista_kanban_imagen[/img]</a>[s]</li>
                    
                    <li><a href="#29ff6c8c-69a0-4fcf-afd7-5c498d06a3a2">test_vista_kanban_imagen[/field[@preview_image]]</a>[s]</li>
                    
                    <li><a href="#781b55ac-99d6-4067-b5e3-26a25d343380">test_vista_kanban_imagen[/field[@widget=&#34;image&#34;]]</a>[s]</li>
                    
                </ul>
                </li>
                
                <li>test_minimal_requirements.TestRNFAdicionalesBusqueda
                <ul>
                    
                    <li><a href="#d4f2a893-9218-4ac6-bb2b-08c18765ea8e">test_vista_search[/search]</a>[s]</li>
                    
                    <li><a href="#a4f0ad92-5f65-4c02-9056-0d36b7ed0bcb">test_vista_search_compleja[/filter[@domain]]</a>[s]</li>
                    
                    <li><a href="#745a65de-e88b-4311-b2f0-5e4ec2db3af7">test_vista_search_compleja[/group//filter[@context]]</a>[s]</li>
                    
                </ul>
                </li>
                
                <li>test_minimal_requirements.TestRNFAdicionalesOtrasVistas
                <ul>
                    
                    <li><a href="#65f80ca7-0b28-4e8e-9142-0e620e69b62f">test_otras_vistas_adicionales[activity]</a>[s]</li>
                    
                    <li><a href="#d5cdf6b5-87d7-4748-91cc-2c1d369181a6">test_otras_vistas_adicionales[calendar]</a>[s]</li>
                    
                    <li><a href="#c545e602-87e4-43bb-b6d2-48624415d7b1">test_otras_vistas_adicionales[graph]</a>[s]</li>
                    
                    <li><a href="#4cfa8748-71fd-4297-8232-9691cbe6964f">test_otras_vistas_adicionales[pivot]</a>[s]</li>
                    
                </ul>
                </li>
                
                <li>test_minimal_requirements.TestRNFAdicionalesConstraints
                <ul>
                    
                    <li><a href="#e4387c58-6fa5-4f1f-a00e-cf7f048c6943">test_constraints_sql</a>[s]</li>
                    
                </ul>
                </li>
                
                <li>test_minimal_requirements.TestRNFAdicionalesSeguridadAvanzada
                <ul>
                    
                    <li><a href="#183540be-6083-499b-ba7c-436bef17b00c">test_seguridad_con_grupos_propios</a>[s]</li>
                    
                </ul>
                </li>
                
                <li>test_minimal_requirements.TestRNFAdicionalesDatosAvanzados
                <ul>
                    
                    <li><a href="#93a34935-2fe1-4f3d-aeb7-08aafc04094a">test_datos_maestros_o_demo_avanzados[binary]</a>[s]</li>
                    
                    <li><a href="#a67ce4a1-dd53-4df9-8c24-308cd833584c">test_datos_maestros_o_demo_avanzados[many2many]</a>[s]</li>
                    
                    <li><a href="#9f4df4b8-3752-4898-89b1-2d11fd58c8d7">test_datos_maestros_o_demo_avanzados[many2one]</a>[s]</li>
                    
                </ul>
                </li>
                
                <li>test_minimal_requirements.TestRNFAdicionalesHerenciaVistas
                <ul>
                    
                    <li><a href="#45038ccc-e0d2-4121-8ca2-b59c337797ac">test_herencia_en_vistas_con_position</a>[s]</li>
                    
                    <li><a href="#3449856c-4858-4ef7-888b-8e12632ab116">test_herencia_en_vistas_con_inherit_id</a>[s]</li>
                    
                </ul>
                </li>
                
                <li>test_minimal_requirements.TestRNFAdicionalesHerenciaModelos
                <ul>
                    
                    <li><a href="#f696d4f8-3140-43be-8f23-9b6a12ff8d40">test_modelos_existentes_modificados_por_herencia</a>[s]</li>
                    
                    <li><a href="#90501271-04dd-4292-8b3c-b522b6a9e316">test_nuevos_modelos_con_herencia</a>[s]</li>
                    
                </ul>
                </li>
                
                <li>test_minimal_requirements.TestRNFAdicionalesTraducciones
                <ul>
                    
                    <li><a href="#906cfbf2-f3f6-4766-b452-dc193eaa0810">test_i18n</a>[s]</li>
                    
                </ul>
                </li>
                
                <li>test_minimal_requirements.TestRNFAdicionalesInformes
                <ul>
                    
                    <li><a href="#923b3036-7981-4a45-b9d6-ec3b2298c57a">test_informes[report]</a>[s]</li>
                    
                    <li><a href="#0fe3613f-9dbd-438e-994e-3c0fba1f66bb">test_informes[template]</a>[s]</li>
                    
                    <li><a href="#205740a6-f45e-4ebe-9ce3-c357bb980eb4">test_informes_complejos[/t[@t-foreach]]</a>[s]</li>
                    
                    <li><a href="#69bd2f82-2549-4a6f-ac1a-f94b932ac1dd">test_informes_complejos[/img[@t-att-src]]</a>[s]</li>
                    
                    <li><a href="#e5080d20-ed52-4455-9291-bd60849d5992">test_informes_complejos[/t[@t-call and not(@t-call=&#34;web.external_layout&#34; or @t-call=&#34;web.html_container&#34;)]]</a>[s]</li>
                    
                </ul>
                </li>
                
                <li>test_minimal_requirements.TestRNFAdicionalesChatter
                <ul>
                    
                    <li><a href="#6eee87f1-e1e9-4066-8f3c-79f68c2c0bb3">test_chatter[mail_thread]</a>[s]</li>
                    
                    <li><a href="#1aa91b8b-7bdb-49a9-beff-c23c9f4f535c">test_chatter[mail_activity_mixin]</a>[s]</li>
                    
                    <li><a href="#e7a76626-b7f8-44d5-9cab-9e5eef1f4ca3">test_chatter_tracking</a>[s]</li>
                    
                    <li><a href="#69de2e7e-c563-4cf2-b93c-eaaa84288b8e">test_vista_chatter_div</a>[s]</li>
                    
                    <li><a href="#41623999-9a79-4834-ad47-bf7ab4f060a5">test_vista_chatter_fields[.//field[@name=&#34;message_follower_ids&#34;]]</a>[s]</li>
                    
                    <li><a href="#031b06e8-2575-407f-b6fa-4482c52d5523">test_vista_chatter_fields[.//field[@name=&#34;activity_ids&#34;]]</a>[s]</li>
                    
                    <li><a href="#e947b0a8-d844-4482-8374-fac6207769a7">test_vista_chatter_fields[.//field[@name=&#34;message_ids&#34;]]</a>[s]</li>
                    
                    <li><a href="#a67c037f-1ee3-4b3c-b421-3d3c1aaccc1f">test_vista_chatter_fields[.//field[@widget=&#34;mail_followers&#34;]]</a>[s]</li>
                    
                    <li><a href="#111780b8-20c6-4ef1-a1de-eebe89accd1b">test_vista_chatter_fields[.//field[@widget=&#34;mail_thread&#34;]]</a>[s]</li>
                    
                    <li><a href="#2a8acc1a-5bd6-4f41-b006-4ea89962aa94">test_vista_chatter_fields[.//field[@widget=&#34;mail_activity&#34;]]</a>[s]</li>
                    
                </ul>
                </li>
                
            
            </ul>
        </td>
        <td class="failure-index">
            <ul class="toc">
            
                
                    
                    
                    <li><a href="#2c42013a-7eae-4494-83cf-53eef99d62cf">[F] test_minimal_requirements.TestRNF1 : test_app_tiene_al_menos_4_modelos</a></li>
                    
                    
                    
                    <li><a href="#77e8d753-f326-4ca6-b356-09090734e129">[F] test_minimal_requirements.TestRNF1 : test_modelos_en_ficheros_individuales</a></li>
                    
                    
                
                    
                    
                    <li><a href="#39ea4aa3-8d85-450f-9797-dc98e2f8dc4a">[F] test_minimal_requirements.TestRNF2 : test_relacion_many2many</a></li>
                    
                    
                    
                    <li><a href="#ca34841f-3f50-4169-8008-5b01217de24e">[F] test_minimal_requirements.TestRNF2 : test_modelos_tienen_algun_campo_relacion[one2many]</a></li>
                    
                    
                    
                    <li><a href="#3c89c781-f3bc-49bb-b330-54302ea2ef3d">[F] test_minimal_requirements.TestRNF2 : test_modelos_tienen_algun_campo_relacion[many2one]</a></li>
                    
                    
                    
                    <li><a href="#a3ed1b52-d27c-4ca5-a77c-864f51974267">[F] test_minimal_requirements.TestRNF2 : test_unknown_comodel_name</a></li>
                    
                    
                
                    
                    
                    <li><a href="#e92fe74b-d558-46f9-b373-3a6780d4750d">[F] test_minimal_requirements.TestRNF3 : test_modelos_tienen_vista[tree]</a></li>
                    
                    
                    
                    <li><a href="#0538bbc6-df34-4629-bb98-0bbd82adacdf">[F] test_minimal_requirements.TestRNF3 : test_modelos_tienen_vista[form]</a></li>
                    
                    
                    
                    <li><a href="#c1b330b2-ee5c-43e0-b70d-32b3b523e5de">[F] test_minimal_requirements.TestRNF3 : test_formularios_tienen_vista_anidada_para_campos_X2many[one2many]</a></li>
                    
                    
                    
                    <li><a href="#8c677671-4bd1-44e7-8ac6-df81fdf03f6e">[F] test_minimal_requirements.TestRNF3 : test_formularios_tienen_vista_anidada_para_campos_X2many[many2many]</a></li>
                    
                    
                
                    
                    
                    <li><a href="#52f323a3-bda1-4289-bc4f-f9be913bf8ba">[F] test_minimal_requirements.TestRNF4 : test_vistas_en_ficheros_individuales</a></li>
                    
                    
                
                    
                    
                    <li><a href="#71218fb2-886b-434e-9d6f-f47153d9f2ae">[F] test_minimal_requirements.TestRNF5 : test_modelos_tienen_algun_posible_campo_imagen</a></li>
                    
                    
                    
                    <li><a href="#47c3af46-cf28-4812-92f4-fbaec28c0f22">[F] test_minimal_requirements.TestRNF5 : test_alguna_vista_tiene_campo_imagen</a></li>
                    
                    
                
                    
                    
                    <li><a href="#4eed78e5-9435-4936-bfd8-8ab09aaf163c">[F] test_minimal_requirements.TestRNF6 : test_modelos_tienen_acciones</a></li>
                    
                    
                    
                    <li><a href="#2f5b8c36-965b-4cf2-a757-2c4292bdb0ff">[F] test_minimal_requirements.TestRNF6 : test_hay_elementos_de_menu[.//menuitem[@action]]</a></li>
                    
                    
                
                    
                    
                    <li><a href="#b3e61bda-4182-4292-bd82-d664a78d3bb9">[F] test_minimal_requirements.TestRNF7 : test_modelos_tienen_permisos</a></li>
                    
                    
                
                    
                    
                    <li><a href="#38316fcb-c419-47bf-a8fb-c38d8d966cca">[F] test_minimal_requirements.TestRNF8 : test_app_tiene_icono</a></li>
                    
                    
                
                    
                    
                    <li><a href="#658978ea-d5d2-4878-8c8f-9ec05ee6e467">[F] test_minimal_requirements.TestRNF9 : test_modelos_tienen_datos_demo</a></li>
                    
                    
                
                    
                    
                    <li><a href="#e33d74e1-e3b0-411e-8487-c1271a4929cf">[F] test_minimal_requirements.TestRNFGit : test_git_commit_frecuentes</a></li>
                    
                    
                
                    
                    
                    <li><a href="#34581c6b-a5c1-4515-adad-bac4ba7c2f5e">[F] test_minimal_requirements.TestRNFCalidad : test_odoo_disponible</a></li>
                    
                    
                    
                    <li><a href="#a0a2115b-d83d-4d65-a0b5-b2e6283ea5e4">[F] test_minimal_requirements.TestRNFCalidad : test_app_instalada</a></li>
                    
                    
                    
                    <li><a href="#e35e70f6-0e90-4561-8505-0ec76f793fe9">[F] test_minimal_requirements.TestRNFCalidad : test_otras_apps_entregadas_son_dependencias</a></li>
                    
                    
                    
                    <li><a href="#b45bfbf9-da8a-4893-bf69-1779824664e6">[F] test_minimal_requirements.TestRNFCalidad : test_no_hay_elementos_xml_comentados</a></li>
                    
                    
                    
                    <li><a href="#14263efd-7860-4e2c-a881-6bd909183d59">[F] test_minimal_requirements.TestRNFCalidad : test_no_hay_codigo_python_comentado</a></li>
                    
                    
                    
                    <li><a href="#f2c6bae1-6c1e-475e-a6c1-a33c134b2e7b">[F] test_minimal_requirements.TestRNFCalidad : test_log_servidor_sin_errores</a></li>
                    
                    
                
                    
                    
                    
                
                    
                    
                    
                    
                    
                    
                    
                    
                    
                    
                    
                
                    
                    
                    
                    
                    
                    
                    
                
                    
                    
                    
                    
                    
                    
                    
                    
                    
                
                    
                    
                    
                
                    
                    
                    
                
                    
                    
                    
                    
                    
                    
                    
                
                    
                    
                    
                    
                    
                
                    
                    
                    
                    
                    
                
                    
                    
                    
                
                    
                    
                    
                    
                    
                    
                    
                    
                    
                    
                    
                
                    
                    
                    
                    
                    
                    
                    
                    
                    
                    
                    
                    
                    
                    
                    
                    
                    
                    
                    
                    
                    
                
            
            </ul>
        </td>
    </tr>
</table>


    <div class="testsuite">
        <h2>Test Suite: pytest</h2>
        <a id="7de609a2-94a3-4d12-8ed8-99cc7804ecd8"></a>
        
        
        <h3>Results</h3>
        <table class="proplist">
            <tr>
                <th>Duration</th><td>6.535 sec</td>
            </tr>
            <tr>
                <th>Tests</th><td>63</td>
            </tr>
            <tr>
                <th>Failures</th><td>25</td>
            </tr>
        </table>

        <div class="testclasses">
            <h3>Tests</h3>
            
            <div class="testclass">
                <h4>test_minimal_requirements.TestRNF1</h4>
                <div class="testcases">
                
                    <div class="test outcome outcome-failed">
                        <a id="2c42013a-7eae-4494-83cf-53eef99d62cf"></a>
                        <table class="proplist">
                            <tr><th>Test case:</th><td><b>test_app_tiene_al_menos_4_modelos</b></td></tr>
                            <tr><th>Outcome:</th><td>Failed</td></tr>
                            <tr><th>Duration:</th><td>0.53 sec</td></tr>
                        
                            <tr><th>Failed</th><td>failed on setup with &#34;Exception: Command docker compose -f &#34;/home/ubuntu/SGE-tester-A/projects/docker-compose.yml&#34; -p &#34;pytest24219&#34; up --build -d returned 1: &#34;&#34;&#34;time=&#34;2026-01-13T13:09:47Z&#34; level=warning msg=&#34;/home/ubuntu/SGE-tester-A/projects/docker-compose.yml: the attribute `version` is obsolete, it will be ignored, please remove it to avoid potential confusion&#34;
 Network pytest24219_default  Creating
 Network pytest24219_default  Created
 Container pytest24219-db-1  Creating
 Container pytest24219-db-1  Created
 Container pytest24219-odoo-1  Creating
 Container pytest24219-odoo-1  Created
 Container pytest24219-db-1  Starting
Error response from daemon: failed to set up container networking: driver failed programming external connectivity on endpoint pytest24219-db-1 (5a69bee796ffedb04cbb675bb18e70b9a7c65ee1333c5cabcbd995a07d31d987): Bind for 0.0.0.0:5432 failed: port is already allocated
&#34;&#34;&#34;.&#34;</td></tr>
                        
                        
                        </table>

                        
                        <pre>docker_compose_command = &#39;docker compose&#39;, docker_compose_file = &#39;/home/ubuntu/SGE-tester-A/projects/docker-compose.yml&#39;, docker_compose_project_name = &#39;pytest24219&#39;
docker_setup = [&#39;up --build -d&#39;], docker_cleanup = [&#39;down -v&#39;]

    @pytest.fixture(scope=containers_scope)
    def docker_services(
        docker_compose_command: str,
        docker_compose_file: Union[List[str], str],
        docker_compose_project_name: str,
        docker_setup: str,
        docker_cleanup: str,
    ) -&gt; Iterator[Services]:
        &#34;&#34;&#34;Start all services from a docker compose file (`docker-compose up`).
        After test are finished, shutdown all services (`docker-compose down`).&#34;&#34;&#34;
    
&gt;       with get_docker_services(
            docker_compose_command,
            docker_compose_file,
            docker_compose_project_name,
            docker_setup,
            docker_cleanup,
        ) as docker_service:

.venv/lib/python3.12/site-packages/pytest_docker/plugin.py:238: 
_ _ _ _ _ _ _ _ _ _ _ _ _ _ _ _ _ _ _ _ _ _ _ _ _ _ _ _ _ _ _ _ _ _ _ _ _ _ _ _ _ _ _ _ _ _ _ _ _ _ _ _ _ _ _ _ _ _ _ _ _ _ _ _ _ _ _ _ _ _ _ _ _ _ _ _ _ _ _ _ _ _ _ _ 
/usr/lib/python3.12/contextlib.py:137: in __enter__
    return next(self.gen)
.venv/lib/python3.12/site-packages/pytest_docker/plugin.py:212: in get_docker_services
    docker_compose.execute(command)
.venv/lib/python3.12/site-packages/pytest_docker/plugin.py:140: in execute
    return execute(command)
_ _ _ _ _ _ _ _ _ _ _ _ _ _ _ _ _ _ _ _ _ _ _ _ _ _ _ _ _ _ _ _ _ _ _ _ _ _ _ _ _ _ _ _ _ _ _ _ _ _ _ _ _ _ _ _ _ _ _ _ _ _ _ _ _ _ _ _ _ _ _ _ _ _ _ _ _ _ _ _ _ _ _ _ 

command = &#39;docker compose -f &#34;/home/ubuntu/SGE-tester-A/projects/docker-compose.yml&#34; -p &#34;pytest24219&#34; up --build -d&#39;, success_codes = (0,)

    def execute(command: str, success_codes: Iterable[int] = (0,)) -&gt; Union[bytes, Any]:
        &#34;&#34;&#34;Run a shell command.&#34;&#34;&#34;
        try:
            output = subprocess.check_output(command, stderr=subprocess.STDOUT, shell=True)
            status = 0
        except subprocess.CalledProcessError as error:
            output = error.output or b&#34;&#34;
            status = error.returncode
            command = error.cmd
    
        if status not in success_codes:
&gt;           raise Exception(
                &#39;Command {} returned {}: &#34;&#34;&#34;{}&#34;&#34;&#34;.&#39;.format(command, status, output.decode(&#34;utf-8&#34;))
            )
E           Exception: Command docker compose -f &#34;/home/ubuntu/SGE-tester-A/projects/docker-compose.yml&#34; -p &#34;pytest24219&#34; up --build -d returned 1: &#34;&#34;&#34;time=&#34;2026-01-13T13:09:47Z&#34; level=warning msg=&#34;/home/ubuntu/SGE-tester-A/projects/docker-compose.yml: the attribute `version` is obsolete, it will be ignored, please remove it to avoid potential confusion&#34;
E            Network pytest24219_default  Creating
E            Network pytest24219_default  Created
E            Container pytest24219-db-1  Creating
E            Container pytest24219-db-1  Created
E            Container pytest24219-odoo-1  Creating
E            Container pytest24219-odoo-1  Created
E            Container pytest24219-db-1  Starting
E           Error response from daemon: failed to set up container networking: driver failed programming external connectivity on endpoint pytest24219-db-1 (5a69bee796ffedb04cbb675bb18e70b9a7c65ee1333c5cabcbd995a07d31d987): Bind for 0.0.0.0:5432 failed: port is already allocated
E           &#34;&#34;&#34;.

.venv/lib/python3.12/site-packages/pytest_docker/plugin.py:35: Exception</pre>
                        
                        

                        
                        
                        
                    </div>
                
                    <div class="test outcome outcome-failed">
                        <a id="77e8d753-f326-4ca6-b356-09090734e129"></a>
                        <table class="proplist">
                            <tr><th>Test case:</th><td><b>test_modelos_en_ficheros_individuales</b></td></tr>
                            <tr><th>Outcome:</th><td>Failed</td></tr>
                            <tr><th>Duration:</th><td>0.001 sec</td></tr>
                        
                            <tr><th>Failed</th><td>failed on setup with &#34;Exception: Command docker compose -f &#34;/home/ubuntu/SGE-tester-A/projects/docker-compose.yml&#34; -p &#34;pytest24219&#34; up --build -d returned 1: &#34;&#34;&#34;time=&#34;2026-01-13T13:09:47Z&#34; level=warning msg=&#34;/home/ubuntu/SGE-tester-A/projects/docker-compose.yml: the attribute `version` is obsolete, it will be ignored, please remove it to avoid potential confusion&#34;
 Network pytest24219_default  Creating
 Network pytest24219_default  Created
 Container pytest24219-db-1  Creating
 Container pytest24219-db-1  Created
 Container pytest24219-odoo-1  Creating
 Container pytest24219-odoo-1  Created
 Container pytest24219-db-1  Starting
Error response from daemon: failed to set up container networking: driver failed programming external connectivity on endpoint pytest24219-db-1 (5a69bee796ffedb04cbb675bb18e70b9a7c65ee1333c5cabcbd995a07d31d987): Bind for 0.0.0.0:5432 failed: port is already allocated
&#34;&#34;&#34;.&#34;</td></tr>
                        
                        
                        </table>

                        
                        <pre>docker_compose_command = &#39;docker compose&#39;, docker_compose_file = &#39;/home/ubuntu/SGE-tester-A/projects/docker-compose.yml&#39;, docker_compose_project_name = &#39;pytest24219&#39;
docker_setup = [&#39;up --build -d&#39;], docker_cleanup = [&#39;down -v&#39;]

    @pytest.fixture(scope=containers_scope)
    def docker_services(
        docker_compose_command: str,
        docker_compose_file: Union[List[str], str],
        docker_compose_project_name: str,
        docker_setup: str,
        docker_cleanup: str,
    ) -&gt; Iterator[Services]:
        &#34;&#34;&#34;Start all services from a docker compose file (`docker-compose up`).
        After test are finished, shutdown all services (`docker-compose down`).&#34;&#34;&#34;
    
&gt;       with get_docker_services(
            docker_compose_command,
            docker_compose_file,
            docker_compose_project_name,
            docker_setup,
            docker_cleanup,
        ) as docker_service:

.venv/lib/python3.12/site-packages/pytest_docker/plugin.py:238: 
_ _ _ _ _ _ _ _ _ _ _ _ _ _ _ _ _ _ _ _ _ _ _ _ _ _ _ _ _ _ _ _ _ _ _ _ _ _ _ _ _ _ _ _ _ _ _ _ _ _ _ _ _ _ _ _ _ _ _ _ _ _ _ _ _ _ _ _ _ _ _ _ _ _ _ _ _ _ _ _ _ _ _ _ 
/usr/lib/python3.12/contextlib.py:137: in __enter__
    return next(self.gen)
.venv/lib/python3.12/site-packages/pytest_docker/plugin.py:212: in get_docker_services
    docker_compose.execute(command)
.venv/lib/python3.12/site-packages/pytest_docker/plugin.py:140: in execute
    return execute(command)
_ _ _ _ _ _ _ _ _ _ _ _ _ _ _ _ _ _ _ _ _ _ _ _ _ _ _ _ _ _ _ _ _ _ _ _ _ _ _ _ _ _ _ _ _ _ _ _ _ _ _ _ _ _ _ _ _ _ _ _ _ _ _ _ _ _ _ _ _ _ _ _ _ _ _ _ _ _ _ _ _ _ _ _ 

command = &#39;docker compose -f &#34;/home/ubuntu/SGE-tester-A/projects/docker-compose.yml&#34; -p &#34;pytest24219&#34; up --build -d&#39;, success_codes = (0,)

    def execute(command: str, success_codes: Iterable[int] = (0,)) -&gt; Union[bytes, Any]:
        &#34;&#34;&#34;Run a shell command.&#34;&#34;&#34;
        try:
            output = subprocess.check_output(command, stderr=subprocess.STDOUT, shell=True)
            status = 0
        except subprocess.CalledProcessError as error:
            output = error.output or b&#34;&#34;
            status = error.returncode
            command = error.cmd
    
        if status not in success_codes:
&gt;           raise Exception(
                &#39;Command {} returned {}: &#34;&#34;&#34;{}&#34;&#34;&#34;.&#39;.format(command, status, output.decode(&#34;utf-8&#34;))
            )
E           Exception: Command docker compose -f &#34;/home/ubuntu/SGE-tester-A/projects/docker-compose.yml&#34; -p &#34;pytest24219&#34; up --build -d returned 1: &#34;&#34;&#34;time=&#34;2026-01-13T13:09:47Z&#34; level=warning msg=&#34;/home/ubuntu/SGE-tester-A/projects/docker-compose.yml: the attribute `version` is obsolete, it will be ignored, please remove it to avoid potential confusion&#34;
E            Network pytest24219_default  Creating
E            Network pytest24219_default  Created
E            Container pytest24219-db-1  Creating
E            Container pytest24219-db-1  Created
E            Container pytest24219-odoo-1  Creating
E            Container pytest24219-odoo-1  Created
E            Container pytest24219-db-1  Starting
E           Error response from daemon: failed to set up container networking: driver failed programming external connectivity on endpoint pytest24219-db-1 (5a69bee796ffedb04cbb675bb18e70b9a7c65ee1333c5cabcbd995a07d31d987): Bind for 0.0.0.0:5432 failed: port is already allocated
E           &#34;&#34;&#34;.

.venv/lib/python3.12/site-packages/pytest_docker/plugin.py:35: Exception</pre>
                        
                        

                        
                        
                        
                    </div>
                
                </div>
            </div>
            
            <div class="testclass">
                <h4>test_minimal_requirements.TestRNF2</h4>
                <div class="testcases">
                
                    <div class="test outcome outcome-failed">
                        <a id="39ea4aa3-8d85-450f-9797-dc98e2f8dc4a"></a>
                        <table class="proplist">
                            <tr><th>Test case:</th><td><b>test_relacion_many2many</b></td></tr>
                            <tr><th>Outcome:</th><td>Failed</td></tr>
                            <tr><th>Duration:</th><td>0.001 sec</td></tr>
                        
                            <tr><th>Failed</th><td>failed on setup with &#34;Exception: Command docker compose -f &#34;/home/ubuntu/SGE-tester-A/projects/docker-compose.yml&#34; -p &#34;pytest24219&#34; up --build -d returned 1: &#34;&#34;&#34;time=&#34;2026-01-13T13:09:47Z&#34; level=warning msg=&#34;/home/ubuntu/SGE-tester-A/projects/docker-compose.yml: the attribute `version` is obsolete, it will be ignored, please remove it to avoid potential confusion&#34;
 Network pytest24219_default  Creating
 Network pytest24219_default  Created
 Container pytest24219-db-1  Creating
 Container pytest24219-db-1  Created
 Container pytest24219-odoo-1  Creating
 Container pytest24219-odoo-1  Created
 Container pytest24219-db-1  Starting
Error response from daemon: failed to set up container networking: driver failed programming external connectivity on endpoint pytest24219-db-1 (5a69bee796ffedb04cbb675bb18e70b9a7c65ee1333c5cabcbd995a07d31d987): Bind for 0.0.0.0:5432 failed: port is already allocated
&#34;&#34;&#34;.&#34;</td></tr>
                        
                        
                        </table>

                        
                        <pre>docker_compose_command = &#39;docker compose&#39;, docker_compose_file = &#39;/home/ubuntu/SGE-tester-A/projects/docker-compose.yml&#39;, docker_compose_project_name = &#39;pytest24219&#39;
docker_setup = [&#39;up --build -d&#39;], docker_cleanup = [&#39;down -v&#39;]

    @pytest.fixture(scope=containers_scope)
    def docker_services(
        docker_compose_command: str,
        docker_compose_file: Union[List[str], str],
        docker_compose_project_name: str,
        docker_setup: str,
        docker_cleanup: str,
    ) -&gt; Iterator[Services]:
        &#34;&#34;&#34;Start all services from a docker compose file (`docker-compose up`).
        After test are finished, shutdown all services (`docker-compose down`).&#34;&#34;&#34;
    
&gt;       with get_docker_services(
            docker_compose_command,
            docker_compose_file,
            docker_compose_project_name,
            docker_setup,
            docker_cleanup,
        ) as docker_service:

.venv/lib/python3.12/site-packages/pytest_docker/plugin.py:238: 
_ _ _ _ _ _ _ _ _ _ _ _ _ _ _ _ _ _ _ _ _ _ _ _ _ _ _ _ _ _ _ _ _ _ _ _ _ _ _ _ _ _ _ _ _ _ _ _ _ _ _ _ _ _ _ _ _ _ _ _ _ _ _ _ _ _ _ _ _ _ _ _ _ _ _ _ _ _ _ _ _ _ _ _ 
/usr/lib/python3.12/contextlib.py:137: in __enter__
    return next(self.gen)
.venv/lib/python3.12/site-packages/pytest_docker/plugin.py:212: in get_docker_services
    docker_compose.execute(command)
.venv/lib/python3.12/site-packages/pytest_docker/plugin.py:140: in execute
    return execute(command)
_ _ _ _ _ _ _ _ _ _ _ _ _ _ _ _ _ _ _ _ _ _ _ _ _ _ _ _ _ _ _ _ _ _ _ _ _ _ _ _ _ _ _ _ _ _ _ _ _ _ _ _ _ _ _ _ _ _ _ _ _ _ _ _ _ _ _ _ _ _ _ _ _ _ _ _ _ _ _ _ _ _ _ _ 

command = &#39;docker compose -f &#34;/home/ubuntu/SGE-tester-A/projects/docker-compose.yml&#34; -p &#34;pytest24219&#34; up --build -d&#39;, success_codes = (0,)

    def execute(command: str, success_codes: Iterable[int] = (0,)) -&gt; Union[bytes, Any]:
        &#34;&#34;&#34;Run a shell command.&#34;&#34;&#34;
        try:
            output = subprocess.check_output(command, stderr=subprocess.STDOUT, shell=True)
            status = 0
        except subprocess.CalledProcessError as error:
            output = error.output or b&#34;&#34;
            status = error.returncode
            command = error.cmd
    
        if status not in success_codes:
&gt;           raise Exception(
                &#39;Command {} returned {}: &#34;&#34;&#34;{}&#34;&#34;&#34;.&#39;.format(command, status, output.decode(&#34;utf-8&#34;))
            )
E           Exception: Command docker compose -f &#34;/home/ubuntu/SGE-tester-A/projects/docker-compose.yml&#34; -p &#34;pytest24219&#34; up --build -d returned 1: &#34;&#34;&#34;time=&#34;2026-01-13T13:09:47Z&#34; level=warning msg=&#34;/home/ubuntu/SGE-tester-A/projects/docker-compose.yml: the attribute `version` is obsolete, it will be ignored, please remove it to avoid potential confusion&#34;
E            Network pytest24219_default  Creating
E            Network pytest24219_default  Created
E            Container pytest24219-db-1  Creating
E            Container pytest24219-db-1  Created
E            Container pytest24219-odoo-1  Creating
E            Container pytest24219-odoo-1  Created
E            Container pytest24219-db-1  Starting
E           Error response from daemon: failed to set up container networking: driver failed programming external connectivity on endpoint pytest24219-db-1 (5a69bee796ffedb04cbb675bb18e70b9a7c65ee1333c5cabcbd995a07d31d987): Bind for 0.0.0.0:5432 failed: port is already allocated
E           &#34;&#34;&#34;.

.venv/lib/python3.12/site-packages/pytest_docker/plugin.py:35: Exception</pre>
                        
                        

                        
                        
                        
                    </div>
                
                    <div class="test outcome outcome-failed">
                        <a id="ca34841f-3f50-4169-8008-5b01217de24e"></a>
                        <table class="proplist">
                            <tr><th>Test case:</th><td><b>test_modelos_tienen_algun_campo_relacion[one2many]</b></td></tr>
                            <tr><th>Outcome:</th><td>Failed</td></tr>
                            <tr><th>Duration:</th><td>0.001 sec</td></tr>
                        
                            <tr><th>Failed</th><td>failed on setup with &#34;Exception: Command docker compose -f &#34;/home/ubuntu/SGE-tester-A/projects/docker-compose.yml&#34; -p &#34;pytest24219&#34; up --build -d returned 1: &#34;&#34;&#34;time=&#34;2026-01-13T13:09:47Z&#34; level=warning msg=&#34;/home/ubuntu/SGE-tester-A/projects/docker-compose.yml: the attribute `version` is obsolete, it will be ignored, please remove it to avoid potential confusion&#34;
 Network pytest24219_default  Creating
 Network pytest24219_default  Created
 Container pytest24219-db-1  Creating
 Container pytest24219-db-1  Created
 Container pytest24219-odoo-1  Creating
 Container pytest24219-odoo-1  Created
 Container pytest24219-db-1  Starting
Error response from daemon: failed to set up container networking: driver failed programming external connectivity on endpoint pytest24219-db-1 (5a69bee796ffedb04cbb675bb18e70b9a7c65ee1333c5cabcbd995a07d31d987): Bind for 0.0.0.0:5432 failed: port is already allocated
&#34;&#34;&#34;.&#34;</td></tr>
                        
                        
                        </table>

                        
                        <pre>docker_compose_command = &#39;docker compose&#39;, docker_compose_file = &#39;/home/ubuntu/SGE-tester-A/projects/docker-compose.yml&#39;, docker_compose_project_name = &#39;pytest24219&#39;
docker_setup = [&#39;up --build -d&#39;], docker_cleanup = [&#39;down -v&#39;]

    @pytest.fixture(scope=containers_scope)
    def docker_services(
        docker_compose_command: str,
        docker_compose_file: Union[List[str], str],
        docker_compose_project_name: str,
        docker_setup: str,
        docker_cleanup: str,
    ) -&gt; Iterator[Services]:
        &#34;&#34;&#34;Start all services from a docker compose file (`docker-compose up`).
        After test are finished, shutdown all services (`docker-compose down`).&#34;&#34;&#34;
    
&gt;       with get_docker_services(
            docker_compose_command,
            docker_compose_file,
            docker_compose_project_name,
            docker_setup,
            docker_cleanup,
        ) as docker_service:

.venv/lib/python3.12/site-packages/pytest_docker/plugin.py:238: 
_ _ _ _ _ _ _ _ _ _ _ _ _ _ _ _ _ _ _ _ _ _ _ _ _ _ _ _ _ _ _ _ _ _ _ _ _ _ _ _ _ _ _ _ _ _ _ _ _ _ _ _ _ _ _ _ _ _ _ _ _ _ _ _ _ _ _ _ _ _ _ _ _ _ _ _ _ _ _ _ _ _ _ _ 
/usr/lib/python3.12/contextlib.py:137: in __enter__
    return next(self.gen)
.venv/lib/python3.12/site-packages/pytest_docker/plugin.py:212: in get_docker_services
    docker_compose.execute(command)
.venv/lib/python3.12/site-packages/pytest_docker/plugin.py:140: in execute
    return execute(command)
_ _ _ _ _ _ _ _ _ _ _ _ _ _ _ _ _ _ _ _ _ _ _ _ _ _ _ _ _ _ _ _ _ _ _ _ _ _ _ _ _ _ _ _ _ _ _ _ _ _ _ _ _ _ _ _ _ _ _ _ _ _ _ _ _ _ _ _ _ _ _ _ _ _ _ _ _ _ _ _ _ _ _ _ 

command = &#39;docker compose -f &#34;/home/ubuntu/SGE-tester-A/projects/docker-compose.yml&#34; -p &#34;pytest24219&#34; up --build -d&#39;, success_codes = (0,)

    def execute(command: str, success_codes: Iterable[int] = (0,)) -&gt; Union[bytes, Any]:
        &#34;&#34;&#34;Run a shell command.&#34;&#34;&#34;
        try:
            output = subprocess.check_output(command, stderr=subprocess.STDOUT, shell=True)
            status = 0
        except subprocess.CalledProcessError as error:
            output = error.output or b&#34;&#34;
            status = error.returncode
            command = error.cmd
    
        if status not in success_codes:
&gt;           raise Exception(
                &#39;Command {} returned {}: &#34;&#34;&#34;{}&#34;&#34;&#34;.&#39;.format(command, status, output.decode(&#34;utf-8&#34;))
            )
E           Exception: Command docker compose -f &#34;/home/ubuntu/SGE-tester-A/projects/docker-compose.yml&#34; -p &#34;pytest24219&#34; up --build -d returned 1: &#34;&#34;&#34;time=&#34;2026-01-13T13:09:47Z&#34; level=warning msg=&#34;/home/ubuntu/SGE-tester-A/projects/docker-compose.yml: the attribute `version` is obsolete, it will be ignored, please remove it to avoid potential confusion&#34;
E            Network pytest24219_default  Creating
E            Network pytest24219_default  Created
E            Container pytest24219-db-1  Creating
E            Container pytest24219-db-1  Created
E            Container pytest24219-odoo-1  Creating
E            Container pytest24219-odoo-1  Created
E            Container pytest24219-db-1  Starting
E           Error response from daemon: failed to set up container networking: driver failed programming external connectivity on endpoint pytest24219-db-1 (5a69bee796ffedb04cbb675bb18e70b9a7c65ee1333c5cabcbd995a07d31d987): Bind for 0.0.0.0:5432 failed: port is already allocated
E           &#34;&#34;&#34;.

.venv/lib/python3.12/site-packages/pytest_docker/plugin.py:35: Exception</pre>
                        
                        

                        
                        
                        
                    </div>
                
                    <div class="test outcome outcome-failed">
                        <a id="3c89c781-f3bc-49bb-b330-54302ea2ef3d"></a>
                        <table class="proplist">
                            <tr><th>Test case:</th><td><b>test_modelos_tienen_algun_campo_relacion[many2one]</b></td></tr>
                            <tr><th>Outcome:</th><td>Failed</td></tr>
                            <tr><th>Duration:</th><td>0.001 sec</td></tr>
                        
                            <tr><th>Failed</th><td>failed on setup with &#34;Exception: Command docker compose -f &#34;/home/ubuntu/SGE-tester-A/projects/docker-compose.yml&#34; -p &#34;pytest24219&#34; up --build -d returned 1: &#34;&#34;&#34;time=&#34;2026-01-13T13:09:47Z&#34; level=warning msg=&#34;/home/ubuntu/SGE-tester-A/projects/docker-compose.yml: the attribute `version` is obsolete, it will be ignored, please remove it to avoid potential confusion&#34;
 Network pytest24219_default  Creating
 Network pytest24219_default  Created
 Container pytest24219-db-1  Creating
 Container pytest24219-db-1  Created
 Container pytest24219-odoo-1  Creating
 Container pytest24219-odoo-1  Created
 Container pytest24219-db-1  Starting
Error response from daemon: failed to set up container networking: driver failed programming external connectivity on endpoint pytest24219-db-1 (5a69bee796ffedb04cbb675bb18e70b9a7c65ee1333c5cabcbd995a07d31d987): Bind for 0.0.0.0:5432 failed: port is already allocated
&#34;&#34;&#34;.&#34;</td></tr>
                        
                        
                        </table>

                        
                        <pre>docker_compose_command = &#39;docker compose&#39;, docker_compose_file = &#39;/home/ubuntu/SGE-tester-A/projects/docker-compose.yml&#39;, docker_compose_project_name = &#39;pytest24219&#39;
docker_setup = [&#39;up --build -d&#39;], docker_cleanup = [&#39;down -v&#39;]

    @pytest.fixture(scope=containers_scope)
    def docker_services(
        docker_compose_command: str,
        docker_compose_file: Union[List[str], str],
        docker_compose_project_name: str,
        docker_setup: str,
        docker_cleanup: str,
    ) -&gt; Iterator[Services]:
        &#34;&#34;&#34;Start all services from a docker compose file (`docker-compose up`).
        After test are finished, shutdown all services (`docker-compose down`).&#34;&#34;&#34;
    
&gt;       with get_docker_services(
            docker_compose_command,
            docker_compose_file,
            docker_compose_project_name,
            docker_setup,
            docker_cleanup,
        ) as docker_service:

.venv/lib/python3.12/site-packages/pytest_docker/plugin.py:238: 
_ _ _ _ _ _ _ _ _ _ _ _ _ _ _ _ _ _ _ _ _ _ _ _ _ _ _ _ _ _ _ _ _ _ _ _ _ _ _ _ _ _ _ _ _ _ _ _ _ _ _ _ _ _ _ _ _ _ _ _ _ _ _ _ _ _ _ _ _ _ _ _ _ _ _ _ _ _ _ _ _ _ _ _ 
/usr/lib/python3.12/contextlib.py:137: in __enter__
    return next(self.gen)
.venv/lib/python3.12/site-packages/pytest_docker/plugin.py:212: in get_docker_services
    docker_compose.execute(command)
.venv/lib/python3.12/site-packages/pytest_docker/plugin.py:140: in execute
    return execute(command)
_ _ _ _ _ _ _ _ _ _ _ _ _ _ _ _ _ _ _ _ _ _ _ _ _ _ _ _ _ _ _ _ _ _ _ _ _ _ _ _ _ _ _ _ _ _ _ _ _ _ _ _ _ _ _ _ _ _ _ _ _ _ _ _ _ _ _ _ _ _ _ _ _ _ _ _ _ _ _ _ _ _ _ _ 

command = &#39;docker compose -f &#34;/home/ubuntu/SGE-tester-A/projects/docker-compose.yml&#34; -p &#34;pytest24219&#34; up --build -d&#39;, success_codes = (0,)

    def execute(command: str, success_codes: Iterable[int] = (0,)) -&gt; Union[bytes, Any]:
        &#34;&#34;&#34;Run a shell command.&#34;&#34;&#34;
        try:
            output = subprocess.check_output(command, stderr=subprocess.STDOUT, shell=True)
            status = 0
        except subprocess.CalledProcessError as error:
            output = error.output or b&#34;&#34;
            status = error.returncode
            command = error.cmd
    
        if status not in success_codes:
&gt;           raise Exception(
                &#39;Command {} returned {}: &#34;&#34;&#34;{}&#34;&#34;&#34;.&#39;.format(command, status, output.decode(&#34;utf-8&#34;))
            )
E           Exception: Command docker compose -f &#34;/home/ubuntu/SGE-tester-A/projects/docker-compose.yml&#34; -p &#34;pytest24219&#34; up --build -d returned 1: &#34;&#34;&#34;time=&#34;2026-01-13T13:09:47Z&#34; level=warning msg=&#34;/home/ubuntu/SGE-tester-A/projects/docker-compose.yml: the attribute `version` is obsolete, it will be ignored, please remove it to avoid potential confusion&#34;
E            Network pytest24219_default  Creating
E            Network pytest24219_default  Created
E            Container pytest24219-db-1  Creating
E            Container pytest24219-db-1  Created
E            Container pytest24219-odoo-1  Creating
E            Container pytest24219-odoo-1  Created
E            Container pytest24219-db-1  Starting
E           Error response from daemon: failed to set up container networking: driver failed programming external connectivity on endpoint pytest24219-db-1 (5a69bee796ffedb04cbb675bb18e70b9a7c65ee1333c5cabcbd995a07d31d987): Bind for 0.0.0.0:5432 failed: port is already allocated
E           &#34;&#34;&#34;.

.venv/lib/python3.12/site-packages/pytest_docker/plugin.py:35: Exception</pre>
                        
                        

                        
                        
                        
                    </div>
                
                    <div class="test outcome outcome-failed">
                        <a id="a3ed1b52-d27c-4ca5-a77c-864f51974267"></a>
                        <table class="proplist">
                            <tr><th>Test case:</th><td><b>test_unknown_comodel_name</b></td></tr>
                            <tr><th>Outcome:</th><td>Failed</td></tr>
                            <tr><th>Duration:</th><td>0.001 sec</td></tr>
                        
                            <tr><th>Failed</th><td>failed on setup with &#34;Exception: Command docker compose -f &#34;/home/ubuntu/SGE-tester-A/projects/docker-compose.yml&#34; -p &#34;pytest24219&#34; up --build -d returned 1: &#34;&#34;&#34;time=&#34;2026-01-13T13:09:47Z&#34; level=warning msg=&#34;/home/ubuntu/SGE-tester-A/projects/docker-compose.yml: the attribute `version` is obsolete, it will be ignored, please remove it to avoid potential confusion&#34;
 Network pytest24219_default  Creating
 Network pytest24219_default  Created
 Container pytest24219-db-1  Creating
 Container pytest24219-db-1  Created
 Container pytest24219-odoo-1  Creating
 Container pytest24219-odoo-1  Created
 Container pytest24219-db-1  Starting
Error response from daemon: failed to set up container networking: driver failed programming external connectivity on endpoint pytest24219-db-1 (5a69bee796ffedb04cbb675bb18e70b9a7c65ee1333c5cabcbd995a07d31d987): Bind for 0.0.0.0:5432 failed: port is already allocated
&#34;&#34;&#34;.&#34;</td></tr>
                        
                        
                        </table>

                        
                        <pre>docker_compose_command = &#39;docker compose&#39;, docker_compose_file = &#39;/home/ubuntu/SGE-tester-A/projects/docker-compose.yml&#39;, docker_compose_project_name = &#39;pytest24219&#39;
docker_setup = [&#39;up --build -d&#39;], docker_cleanup = [&#39;down -v&#39;]

    @pytest.fixture(scope=containers_scope)
    def docker_services(
        docker_compose_command: str,
        docker_compose_file: Union[List[str], str],
        docker_compose_project_name: str,
        docker_setup: str,
        docker_cleanup: str,
    ) -&gt; Iterator[Services]:
        &#34;&#34;&#34;Start all services from a docker compose file (`docker-compose up`).
        After test are finished, shutdown all services (`docker-compose down`).&#34;&#34;&#34;
    
&gt;       with get_docker_services(
            docker_compose_command,
            docker_compose_file,
            docker_compose_project_name,
            docker_setup,
            docker_cleanup,
        ) as docker_service:

.venv/lib/python3.12/site-packages/pytest_docker/plugin.py:238: 
_ _ _ _ _ _ _ _ _ _ _ _ _ _ _ _ _ _ _ _ _ _ _ _ _ _ _ _ _ _ _ _ _ _ _ _ _ _ _ _ _ _ _ _ _ _ _ _ _ _ _ _ _ _ _ _ _ _ _ _ _ _ _ _ _ _ _ _ _ _ _ _ _ _ _ _ _ _ _ _ _ _ _ _ 
/usr/lib/python3.12/contextlib.py:137: in __enter__
    return next(self.gen)
.venv/lib/python3.12/site-packages/pytest_docker/plugin.py:212: in get_docker_services
    docker_compose.execute(command)
.venv/lib/python3.12/site-packages/pytest_docker/plugin.py:140: in execute
    return execute(command)
_ _ _ _ _ _ _ _ _ _ _ _ _ _ _ _ _ _ _ _ _ _ _ _ _ _ _ _ _ _ _ _ _ _ _ _ _ _ _ _ _ _ _ _ _ _ _ _ _ _ _ _ _ _ _ _ _ _ _ _ _ _ _ _ _ _ _ _ _ _ _ _ _ _ _ _ _ _ _ _ _ _ _ _ 

command = &#39;docker compose -f &#34;/home/ubuntu/SGE-tester-A/projects/docker-compose.yml&#34; -p &#34;pytest24219&#34; up --build -d&#39;, success_codes = (0,)

    def execute(command: str, success_codes: Iterable[int] = (0,)) -&gt; Union[bytes, Any]:
        &#34;&#34;&#34;Run a shell command.&#34;&#34;&#34;
        try:
            output = subprocess.check_output(command, stderr=subprocess.STDOUT, shell=True)
            status = 0
        except subprocess.CalledProcessError as error:
            output = error.output or b&#34;&#34;
            status = error.returncode
            command = error.cmd
    
        if status not in success_codes:
&gt;           raise Exception(
                &#39;Command {} returned {}: &#34;&#34;&#34;{}&#34;&#34;&#34;.&#39;.format(command, status, output.decode(&#34;utf-8&#34;))
            )
E           Exception: Command docker compose -f &#34;/home/ubuntu/SGE-tester-A/projects/docker-compose.yml&#34; -p &#34;pytest24219&#34; up --build -d returned 1: &#34;&#34;&#34;time=&#34;2026-01-13T13:09:47Z&#34; level=warning msg=&#34;/home/ubuntu/SGE-tester-A/projects/docker-compose.yml: the attribute `version` is obsolete, it will be ignored, please remove it to avoid potential confusion&#34;
E            Network pytest24219_default  Creating
E            Network pytest24219_default  Created
E            Container pytest24219-db-1  Creating
E            Container pytest24219-db-1  Created
E            Container pytest24219-odoo-1  Creating
E            Container pytest24219-odoo-1  Created
E            Container pytest24219-db-1  Starting
E           Error response from daemon: failed to set up container networking: driver failed programming external connectivity on endpoint pytest24219-db-1 (5a69bee796ffedb04cbb675bb18e70b9a7c65ee1333c5cabcbd995a07d31d987): Bind for 0.0.0.0:5432 failed: port is already allocated
E           &#34;&#34;&#34;.

.venv/lib/python3.12/site-packages/pytest_docker/plugin.py:35: Exception</pre>
                        
                        

                        
                        
                        
                    </div>
                
                </div>
            </div>
            
            <div class="testclass">
                <h4>test_minimal_requirements.TestRNF3</h4>
                <div class="testcases">
                
                    <div class="test outcome outcome-failed">
                        <a id="e92fe74b-d558-46f9-b373-3a6780d4750d"></a>
                        <table class="proplist">
                            <tr><th>Test case:</th><td><b>test_modelos_tienen_vista[tree]</b></td></tr>
                            <tr><th>Outcome:</th><td>Failed</td></tr>
                            <tr><th>Duration:</th><td>0.001 sec</td></tr>
                        
                            <tr><th>Failed</th><td>failed on setup with &#34;Exception: Command docker compose -f &#34;/home/ubuntu/SGE-tester-A/projects/docker-compose.yml&#34; -p &#34;pytest24219&#34; up --build -d returned 1: &#34;&#34;&#34;time=&#34;2026-01-13T13:09:47Z&#34; level=warning msg=&#34;/home/ubuntu/SGE-tester-A/projects/docker-compose.yml: the attribute `version` is obsolete, it will be ignored, please remove it to avoid potential confusion&#34;
 Network pytest24219_default  Creating
 Network pytest24219_default  Created
 Container pytest24219-db-1  Creating
 Container pytest24219-db-1  Created
 Container pytest24219-odoo-1  Creating
 Container pytest24219-odoo-1  Created
 Container pytest24219-db-1  Starting
Error response from daemon: failed to set up container networking: driver failed programming external connectivity on endpoint pytest24219-db-1 (5a69bee796ffedb04cbb675bb18e70b9a7c65ee1333c5cabcbd995a07d31d987): Bind for 0.0.0.0:5432 failed: port is already allocated
&#34;&#34;&#34;.&#34;</td></tr>
                        
                        
                        </table>

                        
                        <pre>docker_compose_command = &#39;docker compose&#39;, docker_compose_file = &#39;/home/ubuntu/SGE-tester-A/projects/docker-compose.yml&#39;, docker_compose_project_name = &#39;pytest24219&#39;
docker_setup = [&#39;up --build -d&#39;], docker_cleanup = [&#39;down -v&#39;]

    @pytest.fixture(scope=containers_scope)
    def docker_services(
        docker_compose_command: str,
        docker_compose_file: Union[List[str], str],
        docker_compose_project_name: str,
        docker_setup: str,
        docker_cleanup: str,
    ) -&gt; Iterator[Services]:
        &#34;&#34;&#34;Start all services from a docker compose file (`docker-compose up`).
        After test are finished, shutdown all services (`docker-compose down`).&#34;&#34;&#34;
    
&gt;       with get_docker_services(
            docker_compose_command,
            docker_compose_file,
            docker_compose_project_name,
            docker_setup,
            docker_cleanup,
        ) as docker_service:

.venv/lib/python3.12/site-packages/pytest_docker/plugin.py:238: 
_ _ _ _ _ _ _ _ _ _ _ _ _ _ _ _ _ _ _ _ _ _ _ _ _ _ _ _ _ _ _ _ _ _ _ _ _ _ _ _ _ _ _ _ _ _ _ _ _ _ _ _ _ _ _ _ _ _ _ _ _ _ _ _ _ _ _ _ _ _ _ _ _ _ _ _ _ _ _ _ _ _ _ _ 
/usr/lib/python3.12/contextlib.py:137: in __enter__
    return next(self.gen)
.venv/lib/python3.12/site-packages/pytest_docker/plugin.py:212: in get_docker_services
    docker_compose.execute(command)
.venv/lib/python3.12/site-packages/pytest_docker/plugin.py:140: in execute
    return execute(command)
_ _ _ _ _ _ _ _ _ _ _ _ _ _ _ _ _ _ _ _ _ _ _ _ _ _ _ _ _ _ _ _ _ _ _ _ _ _ _ _ _ _ _ _ _ _ _ _ _ _ _ _ _ _ _ _ _ _ _ _ _ _ _ _ _ _ _ _ _ _ _ _ _ _ _ _ _ _ _ _ _ _ _ _ 

command = &#39;docker compose -f &#34;/home/ubuntu/SGE-tester-A/projects/docker-compose.yml&#34; -p &#34;pytest24219&#34; up --build -d&#39;, success_codes = (0,)

    def execute(command: str, success_codes: Iterable[int] = (0,)) -&gt; Union[bytes, Any]:
        &#34;&#34;&#34;Run a shell command.&#34;&#34;&#34;
        try:
            output = subprocess.check_output(command, stderr=subprocess.STDOUT, shell=True)
            status = 0
        except subprocess.CalledProcessError as error:
            output = error.output or b&#34;&#34;
            status = error.returncode
            command = error.cmd
    
        if status not in success_codes:
&gt;           raise Exception(
                &#39;Command {} returned {}: &#34;&#34;&#34;{}&#34;&#34;&#34;.&#39;.format(command, status, output.decode(&#34;utf-8&#34;))
            )
E           Exception: Command docker compose -f &#34;/home/ubuntu/SGE-tester-A/projects/docker-compose.yml&#34; -p &#34;pytest24219&#34; up --build -d returned 1: &#34;&#34;&#34;time=&#34;2026-01-13T13:09:47Z&#34; level=warning msg=&#34;/home/ubuntu/SGE-tester-A/projects/docker-compose.yml: the attribute `version` is obsolete, it will be ignored, please remove it to avoid potential confusion&#34;
E            Network pytest24219_default  Creating
E            Network pytest24219_default  Created
E            Container pytest24219-db-1  Creating
E            Container pytest24219-db-1  Created
E            Container pytest24219-odoo-1  Creating
E            Container pytest24219-odoo-1  Created
E            Container pytest24219-db-1  Starting
E           Error response from daemon: failed to set up container networking: driver failed programming external connectivity on endpoint pytest24219-db-1 (5a69bee796ffedb04cbb675bb18e70b9a7c65ee1333c5cabcbd995a07d31d987): Bind for 0.0.0.0:5432 failed: port is already allocated
E           &#34;&#34;&#34;.

.venv/lib/python3.12/site-packages/pytest_docker/plugin.py:35: Exception</pre>
                        
                        

                        
                        
                        
                    </div>
                
                    <div class="test outcome outcome-failed">
                        <a id="0538bbc6-df34-4629-bb98-0bbd82adacdf"></a>
                        <table class="proplist">
                            <tr><th>Test case:</th><td><b>test_modelos_tienen_vista[form]</b></td></tr>
                            <tr><th>Outcome:</th><td>Failed</td></tr>
                            <tr><th>Duration:</th><td>0.001 sec</td></tr>
                        
                            <tr><th>Failed</th><td>failed on setup with &#34;Exception: Command docker compose -f &#34;/home/ubuntu/SGE-tester-A/projects/docker-compose.yml&#34; -p &#34;pytest24219&#34; up --build -d returned 1: &#34;&#34;&#34;time=&#34;2026-01-13T13:09:47Z&#34; level=warning msg=&#34;/home/ubuntu/SGE-tester-A/projects/docker-compose.yml: the attribute `version` is obsolete, it will be ignored, please remove it to avoid potential confusion&#34;
 Network pytest24219_default  Creating
 Network pytest24219_default  Created
 Container pytest24219-db-1  Creating
 Container pytest24219-db-1  Created
 Container pytest24219-odoo-1  Creating
 Container pytest24219-odoo-1  Created
 Container pytest24219-db-1  Starting
Error response from daemon: failed to set up container networking: driver failed programming external connectivity on endpoint pytest24219-db-1 (5a69bee796ffedb04cbb675bb18e70b9a7c65ee1333c5cabcbd995a07d31d987): Bind for 0.0.0.0:5432 failed: port is already allocated
&#34;&#34;&#34;.&#34;</td></tr>
                        
                        
                        </table>

                        
                        <pre>docker_compose_command = &#39;docker compose&#39;, docker_compose_file = &#39;/home/ubuntu/SGE-tester-A/projects/docker-compose.yml&#39;, docker_compose_project_name = &#39;pytest24219&#39;
docker_setup = [&#39;up --build -d&#39;], docker_cleanup = [&#39;down -v&#39;]

    @pytest.fixture(scope=containers_scope)
    def docker_services(
        docker_compose_command: str,
        docker_compose_file: Union[List[str], str],
        docker_compose_project_name: str,
        docker_setup: str,
        docker_cleanup: str,
    ) -&gt; Iterator[Services]:
        &#34;&#34;&#34;Start all services from a docker compose file (`docker-compose up`).
        After test are finished, shutdown all services (`docker-compose down`).&#34;&#34;&#34;
    
&gt;       with get_docker_services(
            docker_compose_command,
            docker_compose_file,
            docker_compose_project_name,
            docker_setup,
            docker_cleanup,
        ) as docker_service:

.venv/lib/python3.12/site-packages/pytest_docker/plugin.py:238: 
_ _ _ _ _ _ _ _ _ _ _ _ _ _ _ _ _ _ _ _ _ _ _ _ _ _ _ _ _ _ _ _ _ _ _ _ _ _ _ _ _ _ _ _ _ _ _ _ _ _ _ _ _ _ _ _ _ _ _ _ _ _ _ _ _ _ _ _ _ _ _ _ _ _ _ _ _ _ _ _ _ _ _ _ 
/usr/lib/python3.12/contextlib.py:137: in __enter__
    return next(self.gen)
.venv/lib/python3.12/site-packages/pytest_docker/plugin.py:212: in get_docker_services
    docker_compose.execute(command)
.venv/lib/python3.12/site-packages/pytest_docker/plugin.py:140: in execute
    return execute(command)
_ _ _ _ _ _ _ _ _ _ _ _ _ _ _ _ _ _ _ _ _ _ _ _ _ _ _ _ _ _ _ _ _ _ _ _ _ _ _ _ _ _ _ _ _ _ _ _ _ _ _ _ _ _ _ _ _ _ _ _ _ _ _ _ _ _ _ _ _ _ _ _ _ _ _ _ _ _ _ _ _ _ _ _ 

command = &#39;docker compose -f &#34;/home/ubuntu/SGE-tester-A/projects/docker-compose.yml&#34; -p &#34;pytest24219&#34; up --build -d&#39;, success_codes = (0,)

    def execute(command: str, success_codes: Iterable[int] = (0,)) -&gt; Union[bytes, Any]:
        &#34;&#34;&#34;Run a shell command.&#34;&#34;&#34;
        try:
            output = subprocess.check_output(command, stderr=subprocess.STDOUT, shell=True)
            status = 0
        except subprocess.CalledProcessError as error:
            output = error.output or b&#34;&#34;
            status = error.returncode
            command = error.cmd
    
        if status not in success_codes:
&gt;           raise Exception(
                &#39;Command {} returned {}: &#34;&#34;&#34;{}&#34;&#34;&#34;.&#39;.format(command, status, output.decode(&#34;utf-8&#34;))
            )
E           Exception: Command docker compose -f &#34;/home/ubuntu/SGE-tester-A/projects/docker-compose.yml&#34; -p &#34;pytest24219&#34; up --build -d returned 1: &#34;&#34;&#34;time=&#34;2026-01-13T13:09:47Z&#34; level=warning msg=&#34;/home/ubuntu/SGE-tester-A/projects/docker-compose.yml: the attribute `version` is obsolete, it will be ignored, please remove it to avoid potential confusion&#34;
E            Network pytest24219_default  Creating
E            Network pytest24219_default  Created
E            Container pytest24219-db-1  Creating
E            Container pytest24219-db-1  Created
E            Container pytest24219-odoo-1  Creating
E            Container pytest24219-odoo-1  Created
E            Container pytest24219-db-1  Starting
E           Error response from daemon: failed to set up container networking: driver failed programming external connectivity on endpoint pytest24219-db-1 (5a69bee796ffedb04cbb675bb18e70b9a7c65ee1333c5cabcbd995a07d31d987): Bind for 0.0.0.0:5432 failed: port is already allocated
E           &#34;&#34;&#34;.

.venv/lib/python3.12/site-packages/pytest_docker/plugin.py:35: Exception</pre>
                        
                        

                        
                        
                        
                    </div>
                
                    <div class="test outcome outcome-failed">
                        <a id="c1b330b2-ee5c-43e0-b70d-32b3b523e5de"></a>
                        <table class="proplist">
                            <tr><th>Test case:</th><td><b>test_formularios_tienen_vista_anidada_para_campos_X2many[one2many]</b></td></tr>
                            <tr><th>Outcome:</th><td>Failed</td></tr>
                            <tr><th>Duration:</th><td>0.001 sec</td></tr>
                        
                            <tr><th>Failed</th><td>failed on setup with &#34;Exception: Command docker compose -f &#34;/home/ubuntu/SGE-tester-A/projects/docker-compose.yml&#34; -p &#34;pytest24219&#34; up --build -d returned 1: &#34;&#34;&#34;time=&#34;2026-01-13T13:09:47Z&#34; level=warning msg=&#34;/home/ubuntu/SGE-tester-A/projects/docker-compose.yml: the attribute `version` is obsolete, it will be ignored, please remove it to avoid potential confusion&#34;
 Network pytest24219_default  Creating
 Network pytest24219_default  Created
 Container pytest24219-db-1  Creating
 Container pytest24219-db-1  Created
 Container pytest24219-odoo-1  Creating
 Container pytest24219-odoo-1  Created
 Container pytest24219-db-1  Starting
Error response from daemon: failed to set up container networking: driver failed programming external connectivity on endpoint pytest24219-db-1 (5a69bee796ffedb04cbb675bb18e70b9a7c65ee1333c5cabcbd995a07d31d987): Bind for 0.0.0.0:5432 failed: port is already allocated
&#34;&#34;&#34;.&#34;</td></tr>
                        
                        
                        </table>

                        
                        <pre>docker_compose_command = &#39;docker compose&#39;, docker_compose_file = &#39;/home/ubuntu/SGE-tester-A/projects/docker-compose.yml&#39;, docker_compose_project_name = &#39;pytest24219&#39;
docker_setup = [&#39;up --build -d&#39;], docker_cleanup = [&#39;down -v&#39;]

    @pytest.fixture(scope=containers_scope)
    def docker_services(
        docker_compose_command: str,
        docker_compose_file: Union[List[str], str],
        docker_compose_project_name: str,
        docker_setup: str,
        docker_cleanup: str,
    ) -&gt; Iterator[Services]:
        &#34;&#34;&#34;Start all services from a docker compose file (`docker-compose up`).
        After test are finished, shutdown all services (`docker-compose down`).&#34;&#34;&#34;
    
&gt;       with get_docker_services(
            docker_compose_command,
            docker_compose_file,
            docker_compose_project_name,
            docker_setup,
            docker_cleanup,
        ) as docker_service:

.venv/lib/python3.12/site-packages/pytest_docker/plugin.py:238: 
_ _ _ _ _ _ _ _ _ _ _ _ _ _ _ _ _ _ _ _ _ _ _ _ _ _ _ _ _ _ _ _ _ _ _ _ _ _ _ _ _ _ _ _ _ _ _ _ _ _ _ _ _ _ _ _ _ _ _ _ _ _ _ _ _ _ _ _ _ _ _ _ _ _ _ _ _ _ _ _ _ _ _ _ 
/usr/lib/python3.12/contextlib.py:137: in __enter__
    return next(self.gen)
.venv/lib/python3.12/site-packages/pytest_docker/plugin.py:212: in get_docker_services
    docker_compose.execute(command)
.venv/lib/python3.12/site-packages/pytest_docker/plugin.py:140: in execute
    return execute(command)
_ _ _ _ _ _ _ _ _ _ _ _ _ _ _ _ _ _ _ _ _ _ _ _ _ _ _ _ _ _ _ _ _ _ _ _ _ _ _ _ _ _ _ _ _ _ _ _ _ _ _ _ _ _ _ _ _ _ _ _ _ _ _ _ _ _ _ _ _ _ _ _ _ _ _ _ _ _ _ _ _ _ _ _ 

command = &#39;docker compose -f &#34;/home/ubuntu/SGE-tester-A/projects/docker-compose.yml&#34; -p &#34;pytest24219&#34; up --build -d&#39;, success_codes = (0,)

    def execute(command: str, success_codes: Iterable[int] = (0,)) -&gt; Union[bytes, Any]:
        &#34;&#34;&#34;Run a shell command.&#34;&#34;&#34;
        try:
            output = subprocess.check_output(command, stderr=subprocess.STDOUT, shell=True)
            status = 0
        except subprocess.CalledProcessError as error:
            output = error.output or b&#34;&#34;
            status = error.returncode
            command = error.cmd
    
        if status not in success_codes:
&gt;           raise Exception(
                &#39;Command {} returned {}: &#34;&#34;&#34;{}&#34;&#34;&#34;.&#39;.format(command, status, output.decode(&#34;utf-8&#34;))
            )
E           Exception: Command docker compose -f &#34;/home/ubuntu/SGE-tester-A/projects/docker-compose.yml&#34; -p &#34;pytest24219&#34; up --build -d returned 1: &#34;&#34;&#34;time=&#34;2026-01-13T13:09:47Z&#34; level=warning msg=&#34;/home/ubuntu/SGE-tester-A/projects/docker-compose.yml: the attribute `version` is obsolete, it will be ignored, please remove it to avoid potential confusion&#34;
E            Network pytest24219_default  Creating
E            Network pytest24219_default  Created
E            Container pytest24219-db-1  Creating
E            Container pytest24219-db-1  Created
E            Container pytest24219-odoo-1  Creating
E            Container pytest24219-odoo-1  Created
E            Container pytest24219-db-1  Starting
E           Error response from daemon: failed to set up container networking: driver failed programming external connectivity on endpoint pytest24219-db-1 (5a69bee796ffedb04cbb675bb18e70b9a7c65ee1333c5cabcbd995a07d31d987): Bind for 0.0.0.0:5432 failed: port is already allocated
E           &#34;&#34;&#34;.

.venv/lib/python3.12/site-packages/pytest_docker/plugin.py:35: Exception</pre>
                        
                        

                        
                        
                        
                    </div>
                
                    <div class="test outcome outcome-failed">
                        <a id="8c677671-4bd1-44e7-8ac6-df81fdf03f6e"></a>
                        <table class="proplist">
                            <tr><th>Test case:</th><td><b>test_formularios_tienen_vista_anidada_para_campos_X2many[many2many]</b></td></tr>
                            <tr><th>Outcome:</th><td>Failed</td></tr>
                            <tr><th>Duration:</th><td>0.001 sec</td></tr>
                        
                            <tr><th>Failed</th><td>failed on setup with &#34;Exception: Command docker compose -f &#34;/home/ubuntu/SGE-tester-A/projects/docker-compose.yml&#34; -p &#34;pytest24219&#34; up --build -d returned 1: &#34;&#34;&#34;time=&#34;2026-01-13T13:09:47Z&#34; level=warning msg=&#34;/home/ubuntu/SGE-tester-A/projects/docker-compose.yml: the attribute `version` is obsolete, it will be ignored, please remove it to avoid potential confusion&#34;
 Network pytest24219_default  Creating
 Network pytest24219_default  Created
 Container pytest24219-db-1  Creating
 Container pytest24219-db-1  Created
 Container pytest24219-odoo-1  Creating
 Container pytest24219-odoo-1  Created
 Container pytest24219-db-1  Starting
Error response from daemon: failed to set up container networking: driver failed programming external connectivity on endpoint pytest24219-db-1 (5a69bee796ffedb04cbb675bb18e70b9a7c65ee1333c5cabcbd995a07d31d987): Bind for 0.0.0.0:5432 failed: port is already allocated
&#34;&#34;&#34;.&#34;</td></tr>
                        
                        
                        </table>

                        
                        <pre>docker_compose_command = &#39;docker compose&#39;, docker_compose_file = &#39;/home/ubuntu/SGE-tester-A/projects/docker-compose.yml&#39;, docker_compose_project_name = &#39;pytest24219&#39;
docker_setup = [&#39;up --build -d&#39;], docker_cleanup = [&#39;down -v&#39;]

    @pytest.fixture(scope=containers_scope)
    def docker_services(
        docker_compose_command: str,
        docker_compose_file: Union[List[str], str],
        docker_compose_project_name: str,
        docker_setup: str,
        docker_cleanup: str,
    ) -&gt; Iterator[Services]:
        &#34;&#34;&#34;Start all services from a docker compose file (`docker-compose up`).
        After test are finished, shutdown all services (`docker-compose down`).&#34;&#34;&#34;
    
&gt;       with get_docker_services(
            docker_compose_command,
            docker_compose_file,
            docker_compose_project_name,
            docker_setup,
            docker_cleanup,
        ) as docker_service:

.venv/lib/python3.12/site-packages/pytest_docker/plugin.py:238: 
_ _ _ _ _ _ _ _ _ _ _ _ _ _ _ _ _ _ _ _ _ _ _ _ _ _ _ _ _ _ _ _ _ _ _ _ _ _ _ _ _ _ _ _ _ _ _ _ _ _ _ _ _ _ _ _ _ _ _ _ _ _ _ _ _ _ _ _ _ _ _ _ _ _ _ _ _ _ _ _ _ _ _ _ 
/usr/lib/python3.12/contextlib.py:137: in __enter__
    return next(self.gen)
.venv/lib/python3.12/site-packages/pytest_docker/plugin.py:212: in get_docker_services
    docker_compose.execute(command)
.venv/lib/python3.12/site-packages/pytest_docker/plugin.py:140: in execute
    return execute(command)
_ _ _ _ _ _ _ _ _ _ _ _ _ _ _ _ _ _ _ _ _ _ _ _ _ _ _ _ _ _ _ _ _ _ _ _ _ _ _ _ _ _ _ _ _ _ _ _ _ _ _ _ _ _ _ _ _ _ _ _ _ _ _ _ _ _ _ _ _ _ _ _ _ _ _ _ _ _ _ _ _ _ _ _ 

command = &#39;docker compose -f &#34;/home/ubuntu/SGE-tester-A/projects/docker-compose.yml&#34; -p &#34;pytest24219&#34; up --build -d&#39;, success_codes = (0,)

    def execute(command: str, success_codes: Iterable[int] = (0,)) -&gt; Union[bytes, Any]:
        &#34;&#34;&#34;Run a shell command.&#34;&#34;&#34;
        try:
            output = subprocess.check_output(command, stderr=subprocess.STDOUT, shell=True)
            status = 0
        except subprocess.CalledProcessError as error:
            output = error.output or b&#34;&#34;
            status = error.returncode
            command = error.cmd
    
        if status not in success_codes:
&gt;           raise Exception(
                &#39;Command {} returned {}: &#34;&#34;&#34;{}&#34;&#34;&#34;.&#39;.format(command, status, output.decode(&#34;utf-8&#34;))
            )
E           Exception: Command docker compose -f &#34;/home/ubuntu/SGE-tester-A/projects/docker-compose.yml&#34; -p &#34;pytest24219&#34; up --build -d returned 1: &#34;&#34;&#34;time=&#34;2026-01-13T13:09:47Z&#34; level=warning msg=&#34;/home/ubuntu/SGE-tester-A/projects/docker-compose.yml: the attribute `version` is obsolete, it will be ignored, please remove it to avoid potential confusion&#34;
E            Network pytest24219_default  Creating
E            Network pytest24219_default  Created
E            Container pytest24219-db-1  Creating
E            Container pytest24219-db-1  Created
E            Container pytest24219-odoo-1  Creating
E            Container pytest24219-odoo-1  Created
E            Container pytest24219-db-1  Starting
E           Error response from daemon: failed to set up container networking: driver failed programming external connectivity on endpoint pytest24219-db-1 (5a69bee796ffedb04cbb675bb18e70b9a7c65ee1333c5cabcbd995a07d31d987): Bind for 0.0.0.0:5432 failed: port is already allocated
E           &#34;&#34;&#34;.

.venv/lib/python3.12/site-packages/pytest_docker/plugin.py:35: Exception</pre>
                        
                        

                        
                        
                        
                    </div>
                
                </div>
            </div>
            
            <div class="testclass">
                <h4>test_minimal_requirements.TestRNF4</h4>
                <div class="testcases">
                
                    <div class="test outcome outcome-failed">
                        <a id="52f323a3-bda1-4289-bc4f-f9be913bf8ba"></a>
                        <table class="proplist">
                            <tr><th>Test case:</th><td><b>test_vistas_en_ficheros_individuales</b></td></tr>
                            <tr><th>Outcome:</th><td>Failed</td></tr>
                            <tr><th>Duration:</th><td>0.001 sec</td></tr>
                        
                            <tr><th>Failed</th><td>failed on setup with &#34;Exception: Command docker compose -f &#34;/home/ubuntu/SGE-tester-A/projects/docker-compose.yml&#34; -p &#34;pytest24219&#34; up --build -d returned 1: &#34;&#34;&#34;time=&#34;2026-01-13T13:09:47Z&#34; level=warning msg=&#34;/home/ubuntu/SGE-tester-A/projects/docker-compose.yml: the attribute `version` is obsolete, it will be ignored, please remove it to avoid potential confusion&#34;
 Network pytest24219_default  Creating
 Network pytest24219_default  Created
 Container pytest24219-db-1  Creating
 Container pytest24219-db-1  Created
 Container pytest24219-odoo-1  Creating
 Container pytest24219-odoo-1  Created
 Container pytest24219-db-1  Starting
Error response from daemon: failed to set up container networking: driver failed programming external connectivity on endpoint pytest24219-db-1 (5a69bee796ffedb04cbb675bb18e70b9a7c65ee1333c5cabcbd995a07d31d987): Bind for 0.0.0.0:5432 failed: port is already allocated
&#34;&#34;&#34;.&#34;</td></tr>
                        
                        
                        </table>

                        
                        <pre>docker_compose_command = &#39;docker compose&#39;, docker_compose_file = &#39;/home/ubuntu/SGE-tester-A/projects/docker-compose.yml&#39;, docker_compose_project_name = &#39;pytest24219&#39;
docker_setup = [&#39;up --build -d&#39;], docker_cleanup = [&#39;down -v&#39;]

    @pytest.fixture(scope=containers_scope)
    def docker_services(
        docker_compose_command: str,
        docker_compose_file: Union[List[str], str],
        docker_compose_project_name: str,
        docker_setup: str,
        docker_cleanup: str,
    ) -&gt; Iterator[Services]:
        &#34;&#34;&#34;Start all services from a docker compose file (`docker-compose up`).
        After test are finished, shutdown all services (`docker-compose down`).&#34;&#34;&#34;
    
&gt;       with get_docker_services(
            docker_compose_command,
            docker_compose_file,
            docker_compose_project_name,
            docker_setup,
            docker_cleanup,
        ) as docker_service:

.venv/lib/python3.12/site-packages/pytest_docker/plugin.py:238: 
_ _ _ _ _ _ _ _ _ _ _ _ _ _ _ _ _ _ _ _ _ _ _ _ _ _ _ _ _ _ _ _ _ _ _ _ _ _ _ _ _ _ _ _ _ _ _ _ _ _ _ _ _ _ _ _ _ _ _ _ _ _ _ _ _ _ _ _ _ _ _ _ _ _ _ _ _ _ _ _ _ _ _ _ 
/usr/lib/python3.12/contextlib.py:137: in __enter__
    return next(self.gen)
.venv/lib/python3.12/site-packages/pytest_docker/plugin.py:212: in get_docker_services
    docker_compose.execute(command)
.venv/lib/python3.12/site-packages/pytest_docker/plugin.py:140: in execute
    return execute(command)
_ _ _ _ _ _ _ _ _ _ _ _ _ _ _ _ _ _ _ _ _ _ _ _ _ _ _ _ _ _ _ _ _ _ _ _ _ _ _ _ _ _ _ _ _ _ _ _ _ _ _ _ _ _ _ _ _ _ _ _ _ _ _ _ _ _ _ _ _ _ _ _ _ _ _ _ _ _ _ _ _ _ _ _ 

command = &#39;docker compose -f &#34;/home/ubuntu/SGE-tester-A/projects/docker-compose.yml&#34; -p &#34;pytest24219&#34; up --build -d&#39;, success_codes = (0,)

    def execute(command: str, success_codes: Iterable[int] = (0,)) -&gt; Union[bytes, Any]:
        &#34;&#34;&#34;Run a shell command.&#34;&#34;&#34;
        try:
            output = subprocess.check_output(command, stderr=subprocess.STDOUT, shell=True)
            status = 0
        except subprocess.CalledProcessError as error:
            output = error.output or b&#34;&#34;
            status = error.returncode
            command = error.cmd
    
        if status not in success_codes:
&gt;           raise Exception(
                &#39;Command {} returned {}: &#34;&#34;&#34;{}&#34;&#34;&#34;.&#39;.format(command, status, output.decode(&#34;utf-8&#34;))
            )
E           Exception: Command docker compose -f &#34;/home/ubuntu/SGE-tester-A/projects/docker-compose.yml&#34; -p &#34;pytest24219&#34; up --build -d returned 1: &#34;&#34;&#34;time=&#34;2026-01-13T13:09:47Z&#34; level=warning msg=&#34;/home/ubuntu/SGE-tester-A/projects/docker-compose.yml: the attribute `version` is obsolete, it will be ignored, please remove it to avoid potential confusion&#34;
E            Network pytest24219_default  Creating
E            Network pytest24219_default  Created
E            Container pytest24219-db-1  Creating
E            Container pytest24219-db-1  Created
E            Container pytest24219-odoo-1  Creating
E            Container pytest24219-odoo-1  Created
E            Container pytest24219-db-1  Starting
E           Error response from daemon: failed to set up container networking: driver failed programming external connectivity on endpoint pytest24219-db-1 (5a69bee796ffedb04cbb675bb18e70b9a7c65ee1333c5cabcbd995a07d31d987): Bind for 0.0.0.0:5432 failed: port is already allocated
E           &#34;&#34;&#34;.

.venv/lib/python3.12/site-packages/pytest_docker/plugin.py:35: Exception</pre>
                        
                        

                        
                        
                        
                    </div>
                
                </div>
            </div>
            
            <div class="testclass">
                <h4>test_minimal_requirements.TestRNF5</h4>
                <div class="testcases">
                
                    <div class="test outcome outcome-failed">
                        <a id="71218fb2-886b-434e-9d6f-f47153d9f2ae"></a>
                        <table class="proplist">
                            <tr><th>Test case:</th><td><b>test_modelos_tienen_algun_posible_campo_imagen</b></td></tr>
                            <tr><th>Outcome:</th><td>Failed</td></tr>
                            <tr><th>Duration:</th><td>0.001 sec</td></tr>
                        
                            <tr><th>Failed</th><td>failed on setup with &#34;Exception: Command docker compose -f &#34;/home/ubuntu/SGE-tester-A/projects/docker-compose.yml&#34; -p &#34;pytest24219&#34; up --build -d returned 1: &#34;&#34;&#34;time=&#34;2026-01-13T13:09:47Z&#34; level=warning msg=&#34;/home/ubuntu/SGE-tester-A/projects/docker-compose.yml: the attribute `version` is obsolete, it will be ignored, please remove it to avoid potential confusion&#34;
 Network pytest24219_default  Creating
 Network pytest24219_default  Created
 Container pytest24219-db-1  Creating
 Container pytest24219-db-1  Created
 Container pytest24219-odoo-1  Creating
 Container pytest24219-odoo-1  Created
 Container pytest24219-db-1  Starting
Error response from daemon: failed to set up container networking: driver failed programming external connectivity on endpoint pytest24219-db-1 (5a69bee796ffedb04cbb675bb18e70b9a7c65ee1333c5cabcbd995a07d31d987): Bind for 0.0.0.0:5432 failed: port is already allocated
&#34;&#34;&#34;.&#34;</td></tr>
                        
                        
                        </table>

                        
                        <pre>docker_compose_command = &#39;docker compose&#39;, docker_compose_file = &#39;/home/ubuntu/SGE-tester-A/projects/docker-compose.yml&#39;, docker_compose_project_name = &#39;pytest24219&#39;
docker_setup = [&#39;up --build -d&#39;], docker_cleanup = [&#39;down -v&#39;]

    @pytest.fixture(scope=containers_scope)
    def docker_services(
        docker_compose_command: str,
        docker_compose_file: Union[List[str], str],
        docker_compose_project_name: str,
        docker_setup: str,
        docker_cleanup: str,
    ) -&gt; Iterator[Services]:
        &#34;&#34;&#34;Start all services from a docker compose file (`docker-compose up`).
        After test are finished, shutdown all services (`docker-compose down`).&#34;&#34;&#34;
    
&gt;       with get_docker_services(
            docker_compose_command,
            docker_compose_file,
            docker_compose_project_name,
            docker_setup,
            docker_cleanup,
        ) as docker_service:

.venv/lib/python3.12/site-packages/pytest_docker/plugin.py:238: 
_ _ _ _ _ _ _ _ _ _ _ _ _ _ _ _ _ _ _ _ _ _ _ _ _ _ _ _ _ _ _ _ _ _ _ _ _ _ _ _ _ _ _ _ _ _ _ _ _ _ _ _ _ _ _ _ _ _ _ _ _ _ _ _ _ _ _ _ _ _ _ _ _ _ _ _ _ _ _ _ _ _ _ _ 
/usr/lib/python3.12/contextlib.py:137: in __enter__
    return next(self.gen)
.venv/lib/python3.12/site-packages/pytest_docker/plugin.py:212: in get_docker_services
    docker_compose.execute(command)
.venv/lib/python3.12/site-packages/pytest_docker/plugin.py:140: in execute
    return execute(command)
_ _ _ _ _ _ _ _ _ _ _ _ _ _ _ _ _ _ _ _ _ _ _ _ _ _ _ _ _ _ _ _ _ _ _ _ _ _ _ _ _ _ _ _ _ _ _ _ _ _ _ _ _ _ _ _ _ _ _ _ _ _ _ _ _ _ _ _ _ _ _ _ _ _ _ _ _ _ _ _ _ _ _ _ 

command = &#39;docker compose -f &#34;/home/ubuntu/SGE-tester-A/projects/docker-compose.yml&#34; -p &#34;pytest24219&#34; up --build -d&#39;, success_codes = (0,)

    def execute(command: str, success_codes: Iterable[int] = (0,)) -&gt; Union[bytes, Any]:
        &#34;&#34;&#34;Run a shell command.&#34;&#34;&#34;
        try:
            output = subprocess.check_output(command, stderr=subprocess.STDOUT, shell=True)
            status = 0
        except subprocess.CalledProcessError as error:
            output = error.output or b&#34;&#34;
            status = error.returncode
            command = error.cmd
    
        if status not in success_codes:
&gt;           raise Exception(
                &#39;Command {} returned {}: &#34;&#34;&#34;{}&#34;&#34;&#34;.&#39;.format(command, status, output.decode(&#34;utf-8&#34;))
            )
E           Exception: Command docker compose -f &#34;/home/ubuntu/SGE-tester-A/projects/docker-compose.yml&#34; -p &#34;pytest24219&#34; up --build -d returned 1: &#34;&#34;&#34;time=&#34;2026-01-13T13:09:47Z&#34; level=warning msg=&#34;/home/ubuntu/SGE-tester-A/projects/docker-compose.yml: the attribute `version` is obsolete, it will be ignored, please remove it to avoid potential confusion&#34;
E            Network pytest24219_default  Creating
E            Network pytest24219_default  Created
E            Container pytest24219-db-1  Creating
E            Container pytest24219-db-1  Created
E            Container pytest24219-odoo-1  Creating
E            Container pytest24219-odoo-1  Created
E            Container pytest24219-db-1  Starting
E           Error response from daemon: failed to set up container networking: driver failed programming external connectivity on endpoint pytest24219-db-1 (5a69bee796ffedb04cbb675bb18e70b9a7c65ee1333c5cabcbd995a07d31d987): Bind for 0.0.0.0:5432 failed: port is already allocated
E           &#34;&#34;&#34;.

.venv/lib/python3.12/site-packages/pytest_docker/plugin.py:35: Exception</pre>
                        
                        

                        
                        
                        
                    </div>
                
                    <div class="test outcome outcome-failed">
                        <a id="47c3af46-cf28-4812-92f4-fbaec28c0f22"></a>
                        <table class="proplist">
                            <tr><th>Test case:</th><td><b>test_alguna_vista_tiene_campo_imagen</b></td></tr>
                            <tr><th>Outcome:</th><td>Failed</td></tr>
                            <tr><th>Duration:</th><td>0.001 sec</td></tr>
                        
                            <tr><th>Failed</th><td>failed on setup with &#34;Exception: Command docker compose -f &#34;/home/ubuntu/SGE-tester-A/projects/docker-compose.yml&#34; -p &#34;pytest24219&#34; up --build -d returned 1: &#34;&#34;&#34;time=&#34;2026-01-13T13:09:47Z&#34; level=warning msg=&#34;/home/ubuntu/SGE-tester-A/projects/docker-compose.yml: the attribute `version` is obsolete, it will be ignored, please remove it to avoid potential confusion&#34;
 Network pytest24219_default  Creating
 Network pytest24219_default  Created
 Container pytest24219-db-1  Creating
 Container pytest24219-db-1  Created
 Container pytest24219-odoo-1  Creating
 Container pytest24219-odoo-1  Created
 Container pytest24219-db-1  Starting
Error response from daemon: failed to set up container networking: driver failed programming external connectivity on endpoint pytest24219-db-1 (5a69bee796ffedb04cbb675bb18e70b9a7c65ee1333c5cabcbd995a07d31d987): Bind for 0.0.0.0:5432 failed: port is already allocated
&#34;&#34;&#34;.&#34;</td></tr>
                        
                        
                        </table>

                        
                        <pre>docker_compose_command = &#39;docker compose&#39;, docker_compose_file = &#39;/home/ubuntu/SGE-tester-A/projects/docker-compose.yml&#39;, docker_compose_project_name = &#39;pytest24219&#39;
docker_setup = [&#39;up --build -d&#39;], docker_cleanup = [&#39;down -v&#39;]

    @pytest.fixture(scope=containers_scope)
    def docker_services(
        docker_compose_command: str,
        docker_compose_file: Union[List[str], str],
        docker_compose_project_name: str,
        docker_setup: str,
        docker_cleanup: str,
    ) -&gt; Iterator[Services]:
        &#34;&#34;&#34;Start all services from a docker compose file (`docker-compose up`).
        After test are finished, shutdown all services (`docker-compose down`).&#34;&#34;&#34;
    
&gt;       with get_docker_services(
            docker_compose_command,
            docker_compose_file,
            docker_compose_project_name,
            docker_setup,
            docker_cleanup,
        ) as docker_service:

.venv/lib/python3.12/site-packages/pytest_docker/plugin.py:238: 
_ _ _ _ _ _ _ _ _ _ _ _ _ _ _ _ _ _ _ _ _ _ _ _ _ _ _ _ _ _ _ _ _ _ _ _ _ _ _ _ _ _ _ _ _ _ _ _ _ _ _ _ _ _ _ _ _ _ _ _ _ _ _ _ _ _ _ _ _ _ _ _ _ _ _ _ _ _ _ _ _ _ _ _ 
/usr/lib/python3.12/contextlib.py:137: in __enter__
    return next(self.gen)
.venv/lib/python3.12/site-packages/pytest_docker/plugin.py:212: in get_docker_services
    docker_compose.execute(command)
.venv/lib/python3.12/site-packages/pytest_docker/plugin.py:140: in execute
    return execute(command)
_ _ _ _ _ _ _ _ _ _ _ _ _ _ _ _ _ _ _ _ _ _ _ _ _ _ _ _ _ _ _ _ _ _ _ _ _ _ _ _ _ _ _ _ _ _ _ _ _ _ _ _ _ _ _ _ _ _ _ _ _ _ _ _ _ _ _ _ _ _ _ _ _ _ _ _ _ _ _ _ _ _ _ _ 

command = &#39;docker compose -f &#34;/home/ubuntu/SGE-tester-A/projects/docker-compose.yml&#34; -p &#34;pytest24219&#34; up --build -d&#39;, success_codes = (0,)

    def execute(command: str, success_codes: Iterable[int] = (0,)) -&gt; Union[bytes, Any]:
        &#34;&#34;&#34;Run a shell command.&#34;&#34;&#34;
        try:
            output = subprocess.check_output(command, stderr=subprocess.STDOUT, shell=True)
            status = 0
        except subprocess.CalledProcessError as error:
            output = error.output or b&#34;&#34;
            status = error.returncode
            command = error.cmd
    
        if status not in success_codes:
&gt;           raise Exception(
                &#39;Command {} returned {}: &#34;&#34;&#34;{}&#34;&#34;&#34;.&#39;.format(command, status, output.decode(&#34;utf-8&#34;))
            )
E           Exception: Command docker compose -f &#34;/home/ubuntu/SGE-tester-A/projects/docker-compose.yml&#34; -p &#34;pytest24219&#34; up --build -d returned 1: &#34;&#34;&#34;time=&#34;2026-01-13T13:09:47Z&#34; level=warning msg=&#34;/home/ubuntu/SGE-tester-A/projects/docker-compose.yml: the attribute `version` is obsolete, it will be ignored, please remove it to avoid potential confusion&#34;
E            Network pytest24219_default  Creating
E            Network pytest24219_default  Created
E            Container pytest24219-db-1  Creating
E            Container pytest24219-db-1  Created
E            Container pytest24219-odoo-1  Creating
E            Container pytest24219-odoo-1  Created
E            Container pytest24219-db-1  Starting
E           Error response from daemon: failed to set up container networking: driver failed programming external connectivity on endpoint pytest24219-db-1 (5a69bee796ffedb04cbb675bb18e70b9a7c65ee1333c5cabcbd995a07d31d987): Bind for 0.0.0.0:5432 failed: port is already allocated
E           &#34;&#34;&#34;.

.venv/lib/python3.12/site-packages/pytest_docker/plugin.py:35: Exception</pre>
                        
                        

                        
                        
                        
                    </div>
                
                </div>
            </div>
            
            <div class="testclass">
                <h4>test_minimal_requirements.TestRNF6</h4>
                <div class="testcases">
                
                    <div class="test outcome outcome-failed">
                        <a id="4eed78e5-9435-4936-bfd8-8ab09aaf163c"></a>
                        <table class="proplist">
                            <tr><th>Test case:</th><td><b>test_modelos_tienen_acciones</b></td></tr>
                            <tr><th>Outcome:</th><td>Failed</td></tr>
                            <tr><th>Duration:</th><td>0.001 sec</td></tr>
                        
                            <tr><th>Failed</th><td>failed on setup with &#34;Exception: Command docker compose -f &#34;/home/ubuntu/SGE-tester-A/projects/docker-compose.yml&#34; -p &#34;pytest24219&#34; up --build -d returned 1: &#34;&#34;&#34;time=&#34;2026-01-13T13:09:47Z&#34; level=warning msg=&#34;/home/ubuntu/SGE-tester-A/projects/docker-compose.yml: the attribute `version` is obsolete, it will be ignored, please remove it to avoid potential confusion&#34;
 Network pytest24219_default  Creating
 Network pytest24219_default  Created
 Container pytest24219-db-1  Creating
 Container pytest24219-db-1  Created
 Container pytest24219-odoo-1  Creating
 Container pytest24219-odoo-1  Created
 Container pytest24219-db-1  Starting
Error response from daemon: failed to set up container networking: driver failed programming external connectivity on endpoint pytest24219-db-1 (5a69bee796ffedb04cbb675bb18e70b9a7c65ee1333c5cabcbd995a07d31d987): Bind for 0.0.0.0:5432 failed: port is already allocated
&#34;&#34;&#34;.&#34;</td></tr>
                        
                        
                        </table>

                        
                        <pre>docker_compose_command = &#39;docker compose&#39;, docker_compose_file = &#39;/home/ubuntu/SGE-tester-A/projects/docker-compose.yml&#39;, docker_compose_project_name = &#39;pytest24219&#39;
docker_setup = [&#39;up --build -d&#39;], docker_cleanup = [&#39;down -v&#39;]

    @pytest.fixture(scope=containers_scope)
    def docker_services(
        docker_compose_command: str,
        docker_compose_file: Union[List[str], str],
        docker_compose_project_name: str,
        docker_setup: str,
        docker_cleanup: str,
    ) -&gt; Iterator[Services]:
        &#34;&#34;&#34;Start all services from a docker compose file (`docker-compose up`).
        After test are finished, shutdown all services (`docker-compose down`).&#34;&#34;&#34;
    
&gt;       with get_docker_services(
            docker_compose_command,
            docker_compose_file,
            docker_compose_project_name,
            docker_setup,
            docker_cleanup,
        ) as docker_service:

.venv/lib/python3.12/site-packages/pytest_docker/plugin.py:238: 
_ _ _ _ _ _ _ _ _ _ _ _ _ _ _ _ _ _ _ _ _ _ _ _ _ _ _ _ _ _ _ _ _ _ _ _ _ _ _ _ _ _ _ _ _ _ _ _ _ _ _ _ _ _ _ _ _ _ _ _ _ _ _ _ _ _ _ _ _ _ _ _ _ _ _ _ _ _ _ _ _ _ _ _ 
/usr/lib/python3.12/contextlib.py:137: in __enter__
    return next(self.gen)
.venv/lib/python3.12/site-packages/pytest_docker/plugin.py:212: in get_docker_services
    docker_compose.execute(command)
.venv/lib/python3.12/site-packages/pytest_docker/plugin.py:140: in execute
    return execute(command)
_ _ _ _ _ _ _ _ _ _ _ _ _ _ _ _ _ _ _ _ _ _ _ _ _ _ _ _ _ _ _ _ _ _ _ _ _ _ _ _ _ _ _ _ _ _ _ _ _ _ _ _ _ _ _ _ _ _ _ _ _ _ _ _ _ _ _ _ _ _ _ _ _ _ _ _ _ _ _ _ _ _ _ _ 

command = &#39;docker compose -f &#34;/home/ubuntu/SGE-tester-A/projects/docker-compose.yml&#34; -p &#34;pytest24219&#34; up --build -d&#39;, success_codes = (0,)

    def execute(command: str, success_codes: Iterable[int] = (0,)) -&gt; Union[bytes, Any]:
        &#34;&#34;&#34;Run a shell command.&#34;&#34;&#34;
        try:
            output = subprocess.check_output(command, stderr=subprocess.STDOUT, shell=True)
            status = 0
        except subprocess.CalledProcessError as error:
            output = error.output or b&#34;&#34;
            status = error.returncode
            command = error.cmd
    
        if status not in success_codes:
&gt;           raise Exception(
                &#39;Command {} returned {}: &#34;&#34;&#34;{}&#34;&#34;&#34;.&#39;.format(command, status, output.decode(&#34;utf-8&#34;))
            )
E           Exception: Command docker compose -f &#34;/home/ubuntu/SGE-tester-A/projects/docker-compose.yml&#34; -p &#34;pytest24219&#34; up --build -d returned 1: &#34;&#34;&#34;time=&#34;2026-01-13T13:09:47Z&#34; level=warning msg=&#34;/home/ubuntu/SGE-tester-A/projects/docker-compose.yml: the attribute `version` is obsolete, it will be ignored, please remove it to avoid potential confusion&#34;
E            Network pytest24219_default  Creating
E            Network pytest24219_default  Created
E            Container pytest24219-db-1  Creating
E            Container pytest24219-db-1  Created
E            Container pytest24219-odoo-1  Creating
E            Container pytest24219-odoo-1  Created
E            Container pytest24219-db-1  Starting
E           Error response from daemon: failed to set up container networking: driver failed programming external connectivity on endpoint pytest24219-db-1 (5a69bee796ffedb04cbb675bb18e70b9a7c65ee1333c5cabcbd995a07d31d987): Bind for 0.0.0.0:5432 failed: port is already allocated
E           &#34;&#34;&#34;.

.venv/lib/python3.12/site-packages/pytest_docker/plugin.py:35: Exception</pre>
                        
                        

                        
                        
                        
                    </div>
                
                    <div class="test outcome outcome-failed">
                        <a id="2f5b8c36-965b-4cf2-a757-2c4292bdb0ff"></a>
                        <table class="proplist">
                            <tr><th>Test case:</th><td><b>test_hay_elementos_de_menu[.//menuitem[@action]]</b></td></tr>
                            <tr><th>Outcome:</th><td>Failed</td></tr>
                            <tr><th>Duration:</th><td>0.001 sec</td></tr>
                        
                            <tr><th>Failed</th><td>failed on setup with &#34;Exception: Command docker compose -f &#34;/home/ubuntu/SGE-tester-A/projects/docker-compose.yml&#34; -p &#34;pytest24219&#34; up --build -d returned 1: &#34;&#34;&#34;time=&#34;2026-01-13T13:09:47Z&#34; level=warning msg=&#34;/home/ubuntu/SGE-tester-A/projects/docker-compose.yml: the attribute `version` is obsolete, it will be ignored, please remove it to avoid potential confusion&#34;
 Network pytest24219_default  Creating
 Network pytest24219_default  Created
 Container pytest24219-db-1  Creating
 Container pytest24219-db-1  Created
 Container pytest24219-odoo-1  Creating
 Container pytest24219-odoo-1  Created
 Container pytest24219-db-1  Starting
Error response from daemon: failed to set up container networking: driver failed programming external connectivity on endpoint pytest24219-db-1 (5a69bee796ffedb04cbb675bb18e70b9a7c65ee1333c5cabcbd995a07d31d987): Bind for 0.0.0.0:5432 failed: port is already allocated
&#34;&#34;&#34;.&#34;</td></tr>
                        
                        
                        </table>

                        
                        <pre>docker_compose_command = &#39;docker compose&#39;, docker_compose_file = &#39;/home/ubuntu/SGE-tester-A/projects/docker-compose.yml&#39;, docker_compose_project_name = &#39;pytest24219&#39;
docker_setup = [&#39;up --build -d&#39;], docker_cleanup = [&#39;down -v&#39;]

    @pytest.fixture(scope=containers_scope)
    def docker_services(
        docker_compose_command: str,
        docker_compose_file: Union[List[str], str],
        docker_compose_project_name: str,
        docker_setup: str,
        docker_cleanup: str,
    ) -&gt; Iterator[Services]:
        &#34;&#34;&#34;Start all services from a docker compose file (`docker-compose up`).
        After test are finished, shutdown all services (`docker-compose down`).&#34;&#34;&#34;
    
&gt;       with get_docker_services(
            docker_compose_command,
            docker_compose_file,
            docker_compose_project_name,
            docker_setup,
            docker_cleanup,
        ) as docker_service:

.venv/lib/python3.12/site-packages/pytest_docker/plugin.py:238: 
_ _ _ _ _ _ _ _ _ _ _ _ _ _ _ _ _ _ _ _ _ _ _ _ _ _ _ _ _ _ _ _ _ _ _ _ _ _ _ _ _ _ _ _ _ _ _ _ _ _ _ _ _ _ _ _ _ _ _ _ _ _ _ _ _ _ _ _ _ _ _ _ _ _ _ _ _ _ _ _ _ _ _ _ 
/usr/lib/python3.12/contextlib.py:137: in __enter__
    return next(self.gen)
.venv/lib/python3.12/site-packages/pytest_docker/plugin.py:212: in get_docker_services
    docker_compose.execute(command)
.venv/lib/python3.12/site-packages/pytest_docker/plugin.py:140: in execute
    return execute(command)
_ _ _ _ _ _ _ _ _ _ _ _ _ _ _ _ _ _ _ _ _ _ _ _ _ _ _ _ _ _ _ _ _ _ _ _ _ _ _ _ _ _ _ _ _ _ _ _ _ _ _ _ _ _ _ _ _ _ _ _ _ _ _ _ _ _ _ _ _ _ _ _ _ _ _ _ _ _ _ _ _ _ _ _ 

command = &#39;docker compose -f &#34;/home/ubuntu/SGE-tester-A/projects/docker-compose.yml&#34; -p &#34;pytest24219&#34; up --build -d&#39;, success_codes = (0,)

    def execute(command: str, success_codes: Iterable[int] = (0,)) -&gt; Union[bytes, Any]:
        &#34;&#34;&#34;Run a shell command.&#34;&#34;&#34;
        try:
            output = subprocess.check_output(command, stderr=subprocess.STDOUT, shell=True)
            status = 0
        except subprocess.CalledProcessError as error:
            output = error.output or b&#34;&#34;
            status = error.returncode
            command = error.cmd
    
        if status not in success_codes:
&gt;           raise Exception(
                &#39;Command {} returned {}: &#34;&#34;&#34;{}&#34;&#34;&#34;.&#39;.format(command, status, output.decode(&#34;utf-8&#34;))
            )
E           Exception: Command docker compose -f &#34;/home/ubuntu/SGE-tester-A/projects/docker-compose.yml&#34; -p &#34;pytest24219&#34; up --build -d returned 1: &#34;&#34;&#34;time=&#34;2026-01-13T13:09:47Z&#34; level=warning msg=&#34;/home/ubuntu/SGE-tester-A/projects/docker-compose.yml: the attribute `version` is obsolete, it will be ignored, please remove it to avoid potential confusion&#34;
E            Network pytest24219_default  Creating
E            Network pytest24219_default  Created
E            Container pytest24219-db-1  Creating
E            Container pytest24219-db-1  Created
E            Container pytest24219-odoo-1  Creating
E            Container pytest24219-odoo-1  Created
E            Container pytest24219-db-1  Starting
E           Error response from daemon: failed to set up container networking: driver failed programming external connectivity on endpoint pytest24219-db-1 (5a69bee796ffedb04cbb675bb18e70b9a7c65ee1333c5cabcbd995a07d31d987): Bind for 0.0.0.0:5432 failed: port is already allocated
E           &#34;&#34;&#34;.

.venv/lib/python3.12/site-packages/pytest_docker/plugin.py:35: Exception</pre>
                        
                        

                        
                        
                        
                    </div>
                
                </div>
            </div>
            
            <div class="testclass">
                <h4>test_minimal_requirements.TestRNF7</h4>
                <div class="testcases">
                
                    <div class="test outcome outcome-failed">
                        <a id="b3e61bda-4182-4292-bd82-d664a78d3bb9"></a>
                        <table class="proplist">
                            <tr><th>Test case:</th><td><b>test_modelos_tienen_permisos</b></td></tr>
                            <tr><th>Outcome:</th><td>Failed</td></tr>
                            <tr><th>Duration:</th><td>0.001 sec</td></tr>
                        
                            <tr><th>Failed</th><td>failed on setup with &#34;Exception: Command docker compose -f &#34;/home/ubuntu/SGE-tester-A/projects/docker-compose.yml&#34; -p &#34;pytest24219&#34; up --build -d returned 1: &#34;&#34;&#34;time=&#34;2026-01-13T13:09:47Z&#34; level=warning msg=&#34;/home/ubuntu/SGE-tester-A/projects/docker-compose.yml: the attribute `version` is obsolete, it will be ignored, please remove it to avoid potential confusion&#34;
 Network pytest24219_default  Creating
 Network pytest24219_default  Created
 Container pytest24219-db-1  Creating
 Container pytest24219-db-1  Created
 Container pytest24219-odoo-1  Creating
 Container pytest24219-odoo-1  Created
 Container pytest24219-db-1  Starting
Error response from daemon: failed to set up container networking: driver failed programming external connectivity on endpoint pytest24219-db-1 (5a69bee796ffedb04cbb675bb18e70b9a7c65ee1333c5cabcbd995a07d31d987): Bind for 0.0.0.0:5432 failed: port is already allocated
&#34;&#34;&#34;.&#34;</td></tr>
                        
                        
                        </table>

                        
                        <pre>docker_compose_command = &#39;docker compose&#39;, docker_compose_file = &#39;/home/ubuntu/SGE-tester-A/projects/docker-compose.yml&#39;, docker_compose_project_name = &#39;pytest24219&#39;
docker_setup = [&#39;up --build -d&#39;], docker_cleanup = [&#39;down -v&#39;]

    @pytest.fixture(scope=containers_scope)
    def docker_services(
        docker_compose_command: str,
        docker_compose_file: Union[List[str], str],
        docker_compose_project_name: str,
        docker_setup: str,
        docker_cleanup: str,
    ) -&gt; Iterator[Services]:
        &#34;&#34;&#34;Start all services from a docker compose file (`docker-compose up`).
        After test are finished, shutdown all services (`docker-compose down`).&#34;&#34;&#34;
    
&gt;       with get_docker_services(
            docker_compose_command,
            docker_compose_file,
            docker_compose_project_name,
            docker_setup,
            docker_cleanup,
        ) as docker_service:

.venv/lib/python3.12/site-packages/pytest_docker/plugin.py:238: 
_ _ _ _ _ _ _ _ _ _ _ _ _ _ _ _ _ _ _ _ _ _ _ _ _ _ _ _ _ _ _ _ _ _ _ _ _ _ _ _ _ _ _ _ _ _ _ _ _ _ _ _ _ _ _ _ _ _ _ _ _ _ _ _ _ _ _ _ _ _ _ _ _ _ _ _ _ _ _ _ _ _ _ _ 
/usr/lib/python3.12/contextlib.py:137: in __enter__
    return next(self.gen)
.venv/lib/python3.12/site-packages/pytest_docker/plugin.py:212: in get_docker_services
    docker_compose.execute(command)
.venv/lib/python3.12/site-packages/pytest_docker/plugin.py:140: in execute
    return execute(command)
_ _ _ _ _ _ _ _ _ _ _ _ _ _ _ _ _ _ _ _ _ _ _ _ _ _ _ _ _ _ _ _ _ _ _ _ _ _ _ _ _ _ _ _ _ _ _ _ _ _ _ _ _ _ _ _ _ _ _ _ _ _ _ _ _ _ _ _ _ _ _ _ _ _ _ _ _ _ _ _ _ _ _ _ 

command = &#39;docker compose -f &#34;/home/ubuntu/SGE-tester-A/projects/docker-compose.yml&#34; -p &#34;pytest24219&#34; up --build -d&#39;, success_codes = (0,)

    def execute(command: str, success_codes: Iterable[int] = (0,)) -&gt; Union[bytes, Any]:
        &#34;&#34;&#34;Run a shell command.&#34;&#34;&#34;
        try:
            output = subprocess.check_output(command, stderr=subprocess.STDOUT, shell=True)
            status = 0
        except subprocess.CalledProcessError as error:
            output = error.output or b&#34;&#34;
            status = error.returncode
            command = error.cmd
    
        if status not in success_codes:
&gt;           raise Exception(
                &#39;Command {} returned {}: &#34;&#34;&#34;{}&#34;&#34;&#34;.&#39;.format(command, status, output.decode(&#34;utf-8&#34;))
            )
E           Exception: Command docker compose -f &#34;/home/ubuntu/SGE-tester-A/projects/docker-compose.yml&#34; -p &#34;pytest24219&#34; up --build -d returned 1: &#34;&#34;&#34;time=&#34;2026-01-13T13:09:47Z&#34; level=warning msg=&#34;/home/ubuntu/SGE-tester-A/projects/docker-compose.yml: the attribute `version` is obsolete, it will be ignored, please remove it to avoid potential confusion&#34;
E            Network pytest24219_default  Creating
E            Network pytest24219_default  Created
E            Container pytest24219-db-1  Creating
E            Container pytest24219-db-1  Created
E            Container pytest24219-odoo-1  Creating
E            Container pytest24219-odoo-1  Created
E            Container pytest24219-db-1  Starting
E           Error response from daemon: failed to set up container networking: driver failed programming external connectivity on endpoint pytest24219-db-1 (5a69bee796ffedb04cbb675bb18e70b9a7c65ee1333c5cabcbd995a07d31d987): Bind for 0.0.0.0:5432 failed: port is already allocated
E           &#34;&#34;&#34;.

.venv/lib/python3.12/site-packages/pytest_docker/plugin.py:35: Exception</pre>
                        
                        

                        
                        
                        
                    </div>
                
                </div>
            </div>
            
            <div class="testclass">
                <h4>test_minimal_requirements.TestRNF8</h4>
                <div class="testcases">
                
                    <div class="test outcome outcome-failed">
                        <a id="38316fcb-c419-47bf-a8fb-c38d8d966cca"></a>
                        <table class="proplist">
                            <tr><th>Test case:</th><td><b>test_app_tiene_icono</b></td></tr>
                            <tr><th>Outcome:</th><td>Failed</td></tr>
                            <tr><th>Duration:</th><td>0.001 sec</td></tr>
                        
                            <tr><th>Failed</th><td>failed on setup with &#34;Exception: Command docker compose -f &#34;/home/ubuntu/SGE-tester-A/projects/docker-compose.yml&#34; -p &#34;pytest24219&#34; up --build -d returned 1: &#34;&#34;&#34;time=&#34;2026-01-13T13:09:47Z&#34; level=warning msg=&#34;/home/ubuntu/SGE-tester-A/projects/docker-compose.yml: the attribute `version` is obsolete, it will be ignored, please remove it to avoid potential confusion&#34;
 Network pytest24219_default  Creating
 Network pytest24219_default  Created
 Container pytest24219-db-1  Creating
 Container pytest24219-db-1  Created
 Container pytest24219-odoo-1  Creating
 Container pytest24219-odoo-1  Created
 Container pytest24219-db-1  Starting
Error response from daemon: failed to set up container networking: driver failed programming external connectivity on endpoint pytest24219-db-1 (5a69bee796ffedb04cbb675bb18e70b9a7c65ee1333c5cabcbd995a07d31d987): Bind for 0.0.0.0:5432 failed: port is already allocated
&#34;&#34;&#34;.&#34;</td></tr>
                        
                        
                        </table>

                        
                        <pre>docker_compose_command = &#39;docker compose&#39;, docker_compose_file = &#39;/home/ubuntu/SGE-tester-A/projects/docker-compose.yml&#39;, docker_compose_project_name = &#39;pytest24219&#39;
docker_setup = [&#39;up --build -d&#39;], docker_cleanup = [&#39;down -v&#39;]

    @pytest.fixture(scope=containers_scope)
    def docker_services(
        docker_compose_command: str,
        docker_compose_file: Union[List[str], str],
        docker_compose_project_name: str,
        docker_setup: str,
        docker_cleanup: str,
    ) -&gt; Iterator[Services]:
        &#34;&#34;&#34;Start all services from a docker compose file (`docker-compose up`).
        After test are finished, shutdown all services (`docker-compose down`).&#34;&#34;&#34;
    
&gt;       with get_docker_services(
            docker_compose_command,
            docker_compose_file,
            docker_compose_project_name,
            docker_setup,
            docker_cleanup,
        ) as docker_service:

.venv/lib/python3.12/site-packages/pytest_docker/plugin.py:238: 
_ _ _ _ _ _ _ _ _ _ _ _ _ _ _ _ _ _ _ _ _ _ _ _ _ _ _ _ _ _ _ _ _ _ _ _ _ _ _ _ _ _ _ _ _ _ _ _ _ _ _ _ _ _ _ _ _ _ _ _ _ _ _ _ _ _ _ _ _ _ _ _ _ _ _ _ _ _ _ _ _ _ _ _ 
/usr/lib/python3.12/contextlib.py:137: in __enter__
    return next(self.gen)
.venv/lib/python3.12/site-packages/pytest_docker/plugin.py:212: in get_docker_services
    docker_compose.execute(command)
.venv/lib/python3.12/site-packages/pytest_docker/plugin.py:140: in execute
    return execute(command)
_ _ _ _ _ _ _ _ _ _ _ _ _ _ _ _ _ _ _ _ _ _ _ _ _ _ _ _ _ _ _ _ _ _ _ _ _ _ _ _ _ _ _ _ _ _ _ _ _ _ _ _ _ _ _ _ _ _ _ _ _ _ _ _ _ _ _ _ _ _ _ _ _ _ _ _ _ _ _ _ _ _ _ _ 

command = &#39;docker compose -f &#34;/home/ubuntu/SGE-tester-A/projects/docker-compose.yml&#34; -p &#34;pytest24219&#34; up --build -d&#39;, success_codes = (0,)

    def execute(command: str, success_codes: Iterable[int] = (0,)) -&gt; Union[bytes, Any]:
        &#34;&#34;&#34;Run a shell command.&#34;&#34;&#34;
        try:
            output = subprocess.check_output(command, stderr=subprocess.STDOUT, shell=True)
            status = 0
        except subprocess.CalledProcessError as error:
            output = error.output or b&#34;&#34;
            status = error.returncode
            command = error.cmd
    
        if status not in success_codes:
&gt;           raise Exception(
                &#39;Command {} returned {}: &#34;&#34;&#34;{}&#34;&#34;&#34;.&#39;.format(command, status, output.decode(&#34;utf-8&#34;))
            )
E           Exception: Command docker compose -f &#34;/home/ubuntu/SGE-tester-A/projects/docker-compose.yml&#34; -p &#34;pytest24219&#34; up --build -d returned 1: &#34;&#34;&#34;time=&#34;2026-01-13T13:09:47Z&#34; level=warning msg=&#34;/home/ubuntu/SGE-tester-A/projects/docker-compose.yml: the attribute `version` is obsolete, it will be ignored, please remove it to avoid potential confusion&#34;
E            Network pytest24219_default  Creating
E            Network pytest24219_default  Created
E            Container pytest24219-db-1  Creating
E            Container pytest24219-db-1  Created
E            Container pytest24219-odoo-1  Creating
E            Container pytest24219-odoo-1  Created
E            Container pytest24219-db-1  Starting
E           Error response from daemon: failed to set up container networking: driver failed programming external connectivity on endpoint pytest24219-db-1 (5a69bee796ffedb04cbb675bb18e70b9a7c65ee1333c5cabcbd995a07d31d987): Bind for 0.0.0.0:5432 failed: port is already allocated
E           &#34;&#34;&#34;.

.venv/lib/python3.12/site-packages/pytest_docker/plugin.py:35: Exception</pre>
                        
                        

                        
                        
                        
                    </div>
                
                </div>
            </div>
            
            <div class="testclass">
                <h4>test_minimal_requirements.TestRNF9</h4>
                <div class="testcases">
                
                    <div class="test outcome outcome-failed">
                        <a id="658978ea-d5d2-4878-8c8f-9ec05ee6e467"></a>
                        <table class="proplist">
                            <tr><th>Test case:</th><td><b>test_modelos_tienen_datos_demo</b></td></tr>
                            <tr><th>Outcome:</th><td>Failed</td></tr>
                            <tr><th>Duration:</th><td>0.001 sec</td></tr>
                        
                            <tr><th>Failed</th><td>failed on setup with &#34;Exception: Command docker compose -f &#34;/home/ubuntu/SGE-tester-A/projects/docker-compose.yml&#34; -p &#34;pytest24219&#34; up --build -d returned 1: &#34;&#34;&#34;time=&#34;2026-01-13T13:09:47Z&#34; level=warning msg=&#34;/home/ubuntu/SGE-tester-A/projects/docker-compose.yml: the attribute `version` is obsolete, it will be ignored, please remove it to avoid potential confusion&#34;
 Network pytest24219_default  Creating
 Network pytest24219_default  Created
 Container pytest24219-db-1  Creating
 Container pytest24219-db-1  Created
 Container pytest24219-odoo-1  Creating
 Container pytest24219-odoo-1  Created
 Container pytest24219-db-1  Starting
Error response from daemon: failed to set up container networking: driver failed programming external connectivity on endpoint pytest24219-db-1 (5a69bee796ffedb04cbb675bb18e70b9a7c65ee1333c5cabcbd995a07d31d987): Bind for 0.0.0.0:5432 failed: port is already allocated
&#34;&#34;&#34;.&#34;</td></tr>
                        
                        
                        </table>

                        
                        <pre>docker_compose_command = &#39;docker compose&#39;, docker_compose_file = &#39;/home/ubuntu/SGE-tester-A/projects/docker-compose.yml&#39;, docker_compose_project_name = &#39;pytest24219&#39;
docker_setup = [&#39;up --build -d&#39;], docker_cleanup = [&#39;down -v&#39;]

    @pytest.fixture(scope=containers_scope)
    def docker_services(
        docker_compose_command: str,
        docker_compose_file: Union[List[str], str],
        docker_compose_project_name: str,
        docker_setup: str,
        docker_cleanup: str,
    ) -&gt; Iterator[Services]:
        &#34;&#34;&#34;Start all services from a docker compose file (`docker-compose up`).
        After test are finished, shutdown all services (`docker-compose down`).&#34;&#34;&#34;
    
&gt;       with get_docker_services(
            docker_compose_command,
            docker_compose_file,
            docker_compose_project_name,
            docker_setup,
            docker_cleanup,
        ) as docker_service:

.venv/lib/python3.12/site-packages/pytest_docker/plugin.py:238: 
_ _ _ _ _ _ _ _ _ _ _ _ _ _ _ _ _ _ _ _ _ _ _ _ _ _ _ _ _ _ _ _ _ _ _ _ _ _ _ _ _ _ _ _ _ _ _ _ _ _ _ _ _ _ _ _ _ _ _ _ _ _ _ _ _ _ _ _ _ _ _ _ _ _ _ _ _ _ _ _ _ _ _ _ 
/usr/lib/python3.12/contextlib.py:137: in __enter__
    return next(self.gen)
.venv/lib/python3.12/site-packages/pytest_docker/plugin.py:212: in get_docker_services
    docker_compose.execute(command)
.venv/lib/python3.12/site-packages/pytest_docker/plugin.py:140: in execute
    return execute(command)
_ _ _ _ _ _ _ _ _ _ _ _ _ _ _ _ _ _ _ _ _ _ _ _ _ _ _ _ _ _ _ _ _ _ _ _ _ _ _ _ _ _ _ _ _ _ _ _ _ _ _ _ _ _ _ _ _ _ _ _ _ _ _ _ _ _ _ _ _ _ _ _ _ _ _ _ _ _ _ _ _ _ _ _ 

command = &#39;docker compose -f &#34;/home/ubuntu/SGE-tester-A/projects/docker-compose.yml&#34; -p &#34;pytest24219&#34; up --build -d&#39;, success_codes = (0,)

    def execute(command: str, success_codes: Iterable[int] = (0,)) -&gt; Union[bytes, Any]:
        &#34;&#34;&#34;Run a shell command.&#34;&#34;&#34;
        try:
            output = subprocess.check_output(command, stderr=subprocess.STDOUT, shell=True)
            status = 0
        except subprocess.CalledProcessError as error:
            output = error.output or b&#34;&#34;
            status = error.returncode
            command = error.cmd
    
        if status not in success_codes:
&gt;           raise Exception(
                &#39;Command {} returned {}: &#34;&#34;&#34;{}&#34;&#34;&#34;.&#39;.format(command, status, output.decode(&#34;utf-8&#34;))
            )
E           Exception: Command docker compose -f &#34;/home/ubuntu/SGE-tester-A/projects/docker-compose.yml&#34; -p &#34;pytest24219&#34; up --build -d returned 1: &#34;&#34;&#34;time=&#34;2026-01-13T13:09:47Z&#34; level=warning msg=&#34;/home/ubuntu/SGE-tester-A/projects/docker-compose.yml: the attribute `version` is obsolete, it will be ignored, please remove it to avoid potential confusion&#34;
E            Network pytest24219_default  Creating
E            Network pytest24219_default  Created
E            Container pytest24219-db-1  Creating
E            Container pytest24219-db-1  Created
E            Container pytest24219-odoo-1  Creating
E            Container pytest24219-odoo-1  Created
E            Container pytest24219-db-1  Starting
E           Error response from daemon: failed to set up container networking: driver failed programming external connectivity on endpoint pytest24219-db-1 (5a69bee796ffedb04cbb675bb18e70b9a7c65ee1333c5cabcbd995a07d31d987): Bind for 0.0.0.0:5432 failed: port is already allocated
E           &#34;&#34;&#34;.

.venv/lib/python3.12/site-packages/pytest_docker/plugin.py:35: Exception</pre>
                        
                        

                        
                        
                        
                    </div>
                
                </div>
            </div>
            
            <div class="testclass">
                <h4>test_minimal_requirements.TestRNFGit</h4>
                <div class="testcases">
                
                    <div class="test outcome outcome-failed">
                        <a id="e33d74e1-e3b0-411e-8487-c1271a4929cf"></a>
                        <table class="proplist">
                            <tr><th>Test case:</th><td><b>test_git_commit_frecuentes</b></td></tr>
                            <tr><th>Outcome:</th><td>Failed</td></tr>
                            <tr><th>Duration:</th><td>0.001 sec</td></tr>
                        
                            <tr><th>Failed</th><td>failed on setup with &#34;Exception: Command docker compose -f &#34;/home/ubuntu/SGE-tester-A/projects/docker-compose.yml&#34; -p &#34;pytest24219&#34; up --build -d returned 1: &#34;&#34;&#34;time=&#34;2026-01-13T13:09:47Z&#34; level=warning msg=&#34;/home/ubuntu/SGE-tester-A/projects/docker-compose.yml: the attribute `version` is obsolete, it will be ignored, please remove it to avoid potential confusion&#34;
 Network pytest24219_default  Creating
 Network pytest24219_default  Created
 Container pytest24219-db-1  Creating
 Container pytest24219-db-1  Created
 Container pytest24219-odoo-1  Creating
 Container pytest24219-odoo-1  Created
 Container pytest24219-db-1  Starting
Error response from daemon: failed to set up container networking: driver failed programming external connectivity on endpoint pytest24219-db-1 (5a69bee796ffedb04cbb675bb18e70b9a7c65ee1333c5cabcbd995a07d31d987): Bind for 0.0.0.0:5432 failed: port is already allocated
&#34;&#34;&#34;.&#34;</td></tr>
                        
                        
                        </table>

                        
                        <pre>docker_compose_command = &#39;docker compose&#39;, docker_compose_file = &#39;/home/ubuntu/SGE-tester-A/projects/docker-compose.yml&#39;, docker_compose_project_name = &#39;pytest24219&#39;
docker_setup = [&#39;up --build -d&#39;], docker_cleanup = [&#39;down -v&#39;]

    @pytest.fixture(scope=containers_scope)
    def docker_services(
        docker_compose_command: str,
        docker_compose_file: Union[List[str], str],
        docker_compose_project_name: str,
        docker_setup: str,
        docker_cleanup: str,
    ) -&gt; Iterator[Services]:
        &#34;&#34;&#34;Start all services from a docker compose file (`docker-compose up`).
        After test are finished, shutdown all services (`docker-compose down`).&#34;&#34;&#34;
    
&gt;       with get_docker_services(
            docker_compose_command,
            docker_compose_file,
            docker_compose_project_name,
            docker_setup,
            docker_cleanup,
        ) as docker_service:

.venv/lib/python3.12/site-packages/pytest_docker/plugin.py:238: 
_ _ _ _ _ _ _ _ _ _ _ _ _ _ _ _ _ _ _ _ _ _ _ _ _ _ _ _ _ _ _ _ _ _ _ _ _ _ _ _ _ _ _ _ _ _ _ _ _ _ _ _ _ _ _ _ _ _ _ _ _ _ _ _ _ _ _ _ _ _ _ _ _ _ _ _ _ _ _ _ _ _ _ _ 
/usr/lib/python3.12/contextlib.py:137: in __enter__
    return next(self.gen)
.venv/lib/python3.12/site-packages/pytest_docker/plugin.py:212: in get_docker_services
    docker_compose.execute(command)
.venv/lib/python3.12/site-packages/pytest_docker/plugin.py:140: in execute
    return execute(command)
_ _ _ _ _ _ _ _ _ _ _ _ _ _ _ _ _ _ _ _ _ _ _ _ _ _ _ _ _ _ _ _ _ _ _ _ _ _ _ _ _ _ _ _ _ _ _ _ _ _ _ _ _ _ _ _ _ _ _ _ _ _ _ _ _ _ _ _ _ _ _ _ _ _ _ _ _ _ _ _ _ _ _ _ 

command = &#39;docker compose -f &#34;/home/ubuntu/SGE-tester-A/projects/docker-compose.yml&#34; -p &#34;pytest24219&#34; up --build -d&#39;, success_codes = (0,)

    def execute(command: str, success_codes: Iterable[int] = (0,)) -&gt; Union[bytes, Any]:
        &#34;&#34;&#34;Run a shell command.&#34;&#34;&#34;
        try:
            output = subprocess.check_output(command, stderr=subprocess.STDOUT, shell=True)
            status = 0
        except subprocess.CalledProcessError as error:
            output = error.output or b&#34;&#34;
            status = error.returncode
            command = error.cmd
    
        if status not in success_codes:
&gt;           raise Exception(
                &#39;Command {} returned {}: &#34;&#34;&#34;{}&#34;&#34;&#34;.&#39;.format(command, status, output.decode(&#34;utf-8&#34;))
            )
E           Exception: Command docker compose -f &#34;/home/ubuntu/SGE-tester-A/projects/docker-compose.yml&#34; -p &#34;pytest24219&#34; up --build -d returned 1: &#34;&#34;&#34;time=&#34;2026-01-13T13:09:47Z&#34; level=warning msg=&#34;/home/ubuntu/SGE-tester-A/projects/docker-compose.yml: the attribute `version` is obsolete, it will be ignored, please remove it to avoid potential confusion&#34;
E            Network pytest24219_default  Creating
E            Network pytest24219_default  Created
E            Container pytest24219-db-1  Creating
E            Container pytest24219-db-1  Created
E            Container pytest24219-odoo-1  Creating
E            Container pytest24219-odoo-1  Created
E            Container pytest24219-db-1  Starting
E           Error response from daemon: failed to set up container networking: driver failed programming external connectivity on endpoint pytest24219-db-1 (5a69bee796ffedb04cbb675bb18e70b9a7c65ee1333c5cabcbd995a07d31d987): Bind for 0.0.0.0:5432 failed: port is already allocated
E           &#34;&#34;&#34;.

.venv/lib/python3.12/site-packages/pytest_docker/plugin.py:35: Exception</pre>
                        
                        

                        
                        
                        
                    </div>
                
                </div>
            </div>
            
            <div class="testclass">
                <h4>test_minimal_requirements.TestRNFCalidad</h4>
                <div class="testcases">
                
                    <div class="test outcome outcome-failed">
                        <a id="34581c6b-a5c1-4515-adad-bac4ba7c2f5e"></a>
                        <table class="proplist">
                            <tr><th>Test case:</th><td><b>test_odoo_disponible</b></td></tr>
                            <tr><th>Outcome:</th><td>Failed</td></tr>
                            <tr><th>Duration:</th><td>0.001 sec</td></tr>
                        
                            <tr><th>Failed</th><td>failed on setup with &#34;Exception: Command docker compose -f &#34;/home/ubuntu/SGE-tester-A/projects/docker-compose.yml&#34; -p &#34;pytest24219&#34; up --build -d returned 1: &#34;&#34;&#34;time=&#34;2026-01-13T13:09:47Z&#34; level=warning msg=&#34;/home/ubuntu/SGE-tester-A/projects/docker-compose.yml: the attribute `version` is obsolete, it will be ignored, please remove it to avoid potential confusion&#34;
 Network pytest24219_default  Creating
 Network pytest24219_default  Created
 Container pytest24219-db-1  Creating
 Container pytest24219-db-1  Created
 Container pytest24219-odoo-1  Creating
 Container pytest24219-odoo-1  Created
 Container pytest24219-db-1  Starting
Error response from daemon: failed to set up container networking: driver failed programming external connectivity on endpoint pytest24219-db-1 (5a69bee796ffedb04cbb675bb18e70b9a7c65ee1333c5cabcbd995a07d31d987): Bind for 0.0.0.0:5432 failed: port is already allocated
&#34;&#34;&#34;.&#34;</td></tr>
                        
                        
                        </table>

                        
                        <pre>docker_compose_command = &#39;docker compose&#39;, docker_compose_file = &#39;/home/ubuntu/SGE-tester-A/projects/docker-compose.yml&#39;, docker_compose_project_name = &#39;pytest24219&#39;
docker_setup = [&#39;up --build -d&#39;], docker_cleanup = [&#39;down -v&#39;]

    @pytest.fixture(scope=containers_scope)
    def docker_services(
        docker_compose_command: str,
        docker_compose_file: Union[List[str], str],
        docker_compose_project_name: str,
        docker_setup: str,
        docker_cleanup: str,
    ) -&gt; Iterator[Services]:
        &#34;&#34;&#34;Start all services from a docker compose file (`docker-compose up`).
        After test are finished, shutdown all services (`docker-compose down`).&#34;&#34;&#34;
    
&gt;       with get_docker_services(
            docker_compose_command,
            docker_compose_file,
            docker_compose_project_name,
            docker_setup,
            docker_cleanup,
        ) as docker_service:

.venv/lib/python3.12/site-packages/pytest_docker/plugin.py:238: 
_ _ _ _ _ _ _ _ _ _ _ _ _ _ _ _ _ _ _ _ _ _ _ _ _ _ _ _ _ _ _ _ _ _ _ _ _ _ _ _ _ _ _ _ _ _ _ _ _ _ _ _ _ _ _ _ _ _ _ _ _ _ _ _ _ _ _ _ _ _ _ _ _ _ _ _ _ _ _ _ _ _ _ _ 
/usr/lib/python3.12/contextlib.py:137: in __enter__
    return next(self.gen)
.venv/lib/python3.12/site-packages/pytest_docker/plugin.py:212: in get_docker_services
    docker_compose.execute(command)
.venv/lib/python3.12/site-packages/pytest_docker/plugin.py:140: in execute
    return execute(command)
_ _ _ _ _ _ _ _ _ _ _ _ _ _ _ _ _ _ _ _ _ _ _ _ _ _ _ _ _ _ _ _ _ _ _ _ _ _ _ _ _ _ _ _ _ _ _ _ _ _ _ _ _ _ _ _ _ _ _ _ _ _ _ _ _ _ _ _ _ _ _ _ _ _ _ _ _ _ _ _ _ _ _ _ 

command = &#39;docker compose -f &#34;/home/ubuntu/SGE-tester-A/projects/docker-compose.yml&#34; -p &#34;pytest24219&#34; up --build -d&#39;, success_codes = (0,)

    def execute(command: str, success_codes: Iterable[int] = (0,)) -&gt; Union[bytes, Any]:
        &#34;&#34;&#34;Run a shell command.&#34;&#34;&#34;
        try:
            output = subprocess.check_output(command, stderr=subprocess.STDOUT, shell=True)
            status = 0
        except subprocess.CalledProcessError as error:
            output = error.output or b&#34;&#34;
            status = error.returncode
            command = error.cmd
    
        if status not in success_codes:
&gt;           raise Exception(
                &#39;Command {} returned {}: &#34;&#34;&#34;{}&#34;&#34;&#34;.&#39;.format(command, status, output.decode(&#34;utf-8&#34;))
            )
E           Exception: Command docker compose -f &#34;/home/ubuntu/SGE-tester-A/projects/docker-compose.yml&#34; -p &#34;pytest24219&#34; up --build -d returned 1: &#34;&#34;&#34;time=&#34;2026-01-13T13:09:47Z&#34; level=warning msg=&#34;/home/ubuntu/SGE-tester-A/projects/docker-compose.yml: the attribute `version` is obsolete, it will be ignored, please remove it to avoid potential confusion&#34;
E            Network pytest24219_default  Creating
E            Network pytest24219_default  Created
E            Container pytest24219-db-1  Creating
E            Container pytest24219-db-1  Created
E            Container pytest24219-odoo-1  Creating
E            Container pytest24219-odoo-1  Created
E            Container pytest24219-db-1  Starting
E           Error response from daemon: failed to set up container networking: driver failed programming external connectivity on endpoint pytest24219-db-1 (5a69bee796ffedb04cbb675bb18e70b9a7c65ee1333c5cabcbd995a07d31d987): Bind for 0.0.0.0:5432 failed: port is already allocated
E           &#34;&#34;&#34;.

.venv/lib/python3.12/site-packages/pytest_docker/plugin.py:35: Exception</pre>
                        
                        

                        
                        
                        
                    </div>
                
                    <div class="test outcome outcome-failed">
                        <a id="a0a2115b-d83d-4d65-a0b5-b2e6283ea5e4"></a>
                        <table class="proplist">
                            <tr><th>Test case:</th><td><b>test_app_instalada</b></td></tr>
                            <tr><th>Outcome:</th><td>Failed</td></tr>
                            <tr><th>Duration:</th><td>0.001 sec</td></tr>
                        
                            <tr><th>Failed</th><td>failed on setup with &#34;Exception: Command docker compose -f &#34;/home/ubuntu/SGE-tester-A/projects/docker-compose.yml&#34; -p &#34;pytest24219&#34; up --build -d returned 1: &#34;&#34;&#34;time=&#34;2026-01-13T13:09:47Z&#34; level=warning msg=&#34;/home/ubuntu/SGE-tester-A/projects/docker-compose.yml: the attribute `version` is obsolete, it will be ignored, please remove it to avoid potential confusion&#34;
 Network pytest24219_default  Creating
 Network pytest24219_default  Created
 Container pytest24219-db-1  Creating
 Container pytest24219-db-1  Created
 Container pytest24219-odoo-1  Creating
 Container pytest24219-odoo-1  Created
 Container pytest24219-db-1  Starting
Error response from daemon: failed to set up container networking: driver failed programming external connectivity on endpoint pytest24219-db-1 (5a69bee796ffedb04cbb675bb18e70b9a7c65ee1333c5cabcbd995a07d31d987): Bind for 0.0.0.0:5432 failed: port is already allocated
&#34;&#34;&#34;.&#34;</td></tr>
                        
                        
                        </table>

                        
                        <pre>docker_compose_command = &#39;docker compose&#39;, docker_compose_file = &#39;/home/ubuntu/SGE-tester-A/projects/docker-compose.yml&#39;, docker_compose_project_name = &#39;pytest24219&#39;
docker_setup = [&#39;up --build -d&#39;], docker_cleanup = [&#39;down -v&#39;]

    @pytest.fixture(scope=containers_scope)
    def docker_services(
        docker_compose_command: str,
        docker_compose_file: Union[List[str], str],
        docker_compose_project_name: str,
        docker_setup: str,
        docker_cleanup: str,
    ) -&gt; Iterator[Services]:
        &#34;&#34;&#34;Start all services from a docker compose file (`docker-compose up`).
        After test are finished, shutdown all services (`docker-compose down`).&#34;&#34;&#34;
    
&gt;       with get_docker_services(
            docker_compose_command,
            docker_compose_file,
            docker_compose_project_name,
            docker_setup,
            docker_cleanup,
        ) as docker_service:

.venv/lib/python3.12/site-packages/pytest_docker/plugin.py:238: 
_ _ _ _ _ _ _ _ _ _ _ _ _ _ _ _ _ _ _ _ _ _ _ _ _ _ _ _ _ _ _ _ _ _ _ _ _ _ _ _ _ _ _ _ _ _ _ _ _ _ _ _ _ _ _ _ _ _ _ _ _ _ _ _ _ _ _ _ _ _ _ _ _ _ _ _ _ _ _ _ _ _ _ _ 
/usr/lib/python3.12/contextlib.py:137: in __enter__
    return next(self.gen)
.venv/lib/python3.12/site-packages/pytest_docker/plugin.py:212: in get_docker_services
    docker_compose.execute(command)
.venv/lib/python3.12/site-packages/pytest_docker/plugin.py:140: in execute
    return execute(command)
_ _ _ _ _ _ _ _ _ _ _ _ _ _ _ _ _ _ _ _ _ _ _ _ _ _ _ _ _ _ _ _ _ _ _ _ _ _ _ _ _ _ _ _ _ _ _ _ _ _ _ _ _ _ _ _ _ _ _ _ _ _ _ _ _ _ _ _ _ _ _ _ _ _ _ _ _ _ _ _ _ _ _ _ 

command = &#39;docker compose -f &#34;/home/ubuntu/SGE-tester-A/projects/docker-compose.yml&#34; -p &#34;pytest24219&#34; up --build -d&#39;, success_codes = (0,)

    def execute(command: str, success_codes: Iterable[int] = (0,)) -&gt; Union[bytes, Any]:
        &#34;&#34;&#34;Run a shell command.&#34;&#34;&#34;
        try:
            output = subprocess.check_output(command, stderr=subprocess.STDOUT, shell=True)
            status = 0
        except subprocess.CalledProcessError as error:
            output = error.output or b&#34;&#34;
            status = error.returncode
            command = error.cmd
    
        if status not in success_codes:
&gt;           raise Exception(
                &#39;Command {} returned {}: &#34;&#34;&#34;{}&#34;&#34;&#34;.&#39;.format(command, status, output.decode(&#34;utf-8&#34;))
            )
E           Exception: Command docker compose -f &#34;/home/ubuntu/SGE-tester-A/projects/docker-compose.yml&#34; -p &#34;pytest24219&#34; up --build -d returned 1: &#34;&#34;&#34;time=&#34;2026-01-13T13:09:47Z&#34; level=warning msg=&#34;/home/ubuntu/SGE-tester-A/projects/docker-compose.yml: the attribute `version` is obsolete, it will be ignored, please remove it to avoid potential confusion&#34;
E            Network pytest24219_default  Creating
E            Network pytest24219_default  Created
E            Container pytest24219-db-1  Creating
E            Container pytest24219-db-1  Created
E            Container pytest24219-odoo-1  Creating
E            Container pytest24219-odoo-1  Created
E            Container pytest24219-db-1  Starting
E           Error response from daemon: failed to set up container networking: driver failed programming external connectivity on endpoint pytest24219-db-1 (5a69bee796ffedb04cbb675bb18e70b9a7c65ee1333c5cabcbd995a07d31d987): Bind for 0.0.0.0:5432 failed: port is already allocated
E           &#34;&#34;&#34;.

.venv/lib/python3.12/site-packages/pytest_docker/plugin.py:35: Exception</pre>
                        
                        

                        
                        
                        
                    </div>
                
                    <div class="test outcome outcome-failed">
                        <a id="e35e70f6-0e90-4561-8505-0ec76f793fe9"></a>
                        <table class="proplist">
                            <tr><th>Test case:</th><td><b>test_otras_apps_entregadas_son_dependencias</b></td></tr>
                            <tr><th>Outcome:</th><td>Failed</td></tr>
                            <tr><th>Duration:</th><td>0.001 sec</td></tr>
                        
                            <tr><th>Failed</th><td>failed on setup with &#34;Exception: Command docker compose -f &#34;/home/ubuntu/SGE-tester-A/projects/docker-compose.yml&#34; -p &#34;pytest24219&#34; up --build -d returned 1: &#34;&#34;&#34;time=&#34;2026-01-13T13:09:47Z&#34; level=warning msg=&#34;/home/ubuntu/SGE-tester-A/projects/docker-compose.yml: the attribute `version` is obsolete, it will be ignored, please remove it to avoid potential confusion&#34;
 Network pytest24219_default  Creating
 Network pytest24219_default  Created
 Container pytest24219-db-1  Creating
 Container pytest24219-db-1  Created
 Container pytest24219-odoo-1  Creating
 Container pytest24219-odoo-1  Created
 Container pytest24219-db-1  Starting
Error response from daemon: failed to set up container networking: driver failed programming external connectivity on endpoint pytest24219-db-1 (5a69bee796ffedb04cbb675bb18e70b9a7c65ee1333c5cabcbd995a07d31d987): Bind for 0.0.0.0:5432 failed: port is already allocated
&#34;&#34;&#34;.&#34;</td></tr>
                        
                        
                        </table>

                        
                        <pre>docker_compose_command = &#39;docker compose&#39;, docker_compose_file = &#39;/home/ubuntu/SGE-tester-A/projects/docker-compose.yml&#39;, docker_compose_project_name = &#39;pytest24219&#39;
docker_setup = [&#39;up --build -d&#39;], docker_cleanup = [&#39;down -v&#39;]

    @pytest.fixture(scope=containers_scope)
    def docker_services(
        docker_compose_command: str,
        docker_compose_file: Union[List[str], str],
        docker_compose_project_name: str,
        docker_setup: str,
        docker_cleanup: str,
    ) -&gt; Iterator[Services]:
        &#34;&#34;&#34;Start all services from a docker compose file (`docker-compose up`).
        After test are finished, shutdown all services (`docker-compose down`).&#34;&#34;&#34;
    
&gt;       with get_docker_services(
            docker_compose_command,
            docker_compose_file,
            docker_compose_project_name,
            docker_setup,
            docker_cleanup,
        ) as docker_service:

.venv/lib/python3.12/site-packages/pytest_docker/plugin.py:238: 
_ _ _ _ _ _ _ _ _ _ _ _ _ _ _ _ _ _ _ _ _ _ _ _ _ _ _ _ _ _ _ _ _ _ _ _ _ _ _ _ _ _ _ _ _ _ _ _ _ _ _ _ _ _ _ _ _ _ _ _ _ _ _ _ _ _ _ _ _ _ _ _ _ _ _ _ _ _ _ _ _ _ _ _ 
/usr/lib/python3.12/contextlib.py:137: in __enter__
    return next(self.gen)
.venv/lib/python3.12/site-packages/pytest_docker/plugin.py:212: in get_docker_services
    docker_compose.execute(command)
.venv/lib/python3.12/site-packages/pytest_docker/plugin.py:140: in execute
    return execute(command)
_ _ _ _ _ _ _ _ _ _ _ _ _ _ _ _ _ _ _ _ _ _ _ _ _ _ _ _ _ _ _ _ _ _ _ _ _ _ _ _ _ _ _ _ _ _ _ _ _ _ _ _ _ _ _ _ _ _ _ _ _ _ _ _ _ _ _ _ _ _ _ _ _ _ _ _ _ _ _ _ _ _ _ _ 

command = &#39;docker compose -f &#34;/home/ubuntu/SGE-tester-A/projects/docker-compose.yml&#34; -p &#34;pytest24219&#34; up --build -d&#39;, success_codes = (0,)

    def execute(command: str, success_codes: Iterable[int] = (0,)) -&gt; Union[bytes, Any]:
        &#34;&#34;&#34;Run a shell command.&#34;&#34;&#34;
        try:
            output = subprocess.check_output(command, stderr=subprocess.STDOUT, shell=True)
            status = 0
        except subprocess.CalledProcessError as error:
            output = error.output or b&#34;&#34;
            status = error.returncode
            command = error.cmd
    
        if status not in success_codes:
&gt;           raise Exception(
                &#39;Command {} returned {}: &#34;&#34;&#34;{}&#34;&#34;&#34;.&#39;.format(command, status, output.decode(&#34;utf-8&#34;))
            )
E           Exception: Command docker compose -f &#34;/home/ubuntu/SGE-tester-A/projects/docker-compose.yml&#34; -p &#34;pytest24219&#34; up --build -d returned 1: &#34;&#34;&#34;time=&#34;2026-01-13T13:09:47Z&#34; level=warning msg=&#34;/home/ubuntu/SGE-tester-A/projects/docker-compose.yml: the attribute `version` is obsolete, it will be ignored, please remove it to avoid potential confusion&#34;
E            Network pytest24219_default  Creating
E            Network pytest24219_default  Created
E            Container pytest24219-db-1  Creating
E            Container pytest24219-db-1  Created
E            Container pytest24219-odoo-1  Creating
E            Container pytest24219-odoo-1  Created
E            Container pytest24219-db-1  Starting
E           Error response from daemon: failed to set up container networking: driver failed programming external connectivity on endpoint pytest24219-db-1 (5a69bee796ffedb04cbb675bb18e70b9a7c65ee1333c5cabcbd995a07d31d987): Bind for 0.0.0.0:5432 failed: port is already allocated
E           &#34;&#34;&#34;.

.venv/lib/python3.12/site-packages/pytest_docker/plugin.py:35: Exception</pre>
                        
                        

                        
                        
                        
                    </div>
                
                    <div class="test outcome outcome-failed">
                        <a id="b45bfbf9-da8a-4893-bf69-1779824664e6"></a>
                        <table class="proplist">
                            <tr><th>Test case:</th><td><b>test_no_hay_elementos_xml_comentados</b></td></tr>
                            <tr><th>Outcome:</th><td>Failed</td></tr>
                            <tr><th>Duration:</th><td>0.001 sec</td></tr>
                        
                            <tr><th>Failed</th><td>failed on setup with &#34;Exception: Command docker compose -f &#34;/home/ubuntu/SGE-tester-A/projects/docker-compose.yml&#34; -p &#34;pytest24219&#34; up --build -d returned 1: &#34;&#34;&#34;time=&#34;2026-01-13T13:09:47Z&#34; level=warning msg=&#34;/home/ubuntu/SGE-tester-A/projects/docker-compose.yml: the attribute `version` is obsolete, it will be ignored, please remove it to avoid potential confusion&#34;
 Network pytest24219_default  Creating
 Network pytest24219_default  Created
 Container pytest24219-db-1  Creating
 Container pytest24219-db-1  Created
 Container pytest24219-odoo-1  Creating
 Container pytest24219-odoo-1  Created
 Container pytest24219-db-1  Starting
Error response from daemon: failed to set up container networking: driver failed programming external connectivity on endpoint pytest24219-db-1 (5a69bee796ffedb04cbb675bb18e70b9a7c65ee1333c5cabcbd995a07d31d987): Bind for 0.0.0.0:5432 failed: port is already allocated
&#34;&#34;&#34;.&#34;</td></tr>
                        
                        
                        </table>

                        
                        <pre>docker_compose_command = &#39;docker compose&#39;, docker_compose_file = &#39;/home/ubuntu/SGE-tester-A/projects/docker-compose.yml&#39;, docker_compose_project_name = &#39;pytest24219&#39;
docker_setup = [&#39;up --build -d&#39;], docker_cleanup = [&#39;down -v&#39;]

    @pytest.fixture(scope=containers_scope)
    def docker_services(
        docker_compose_command: str,
        docker_compose_file: Union[List[str], str],
        docker_compose_project_name: str,
        docker_setup: str,
        docker_cleanup: str,
    ) -&gt; Iterator[Services]:
        &#34;&#34;&#34;Start all services from a docker compose file (`docker-compose up`).
        After test are finished, shutdown all services (`docker-compose down`).&#34;&#34;&#34;
    
&gt;       with get_docker_services(
            docker_compose_command,
            docker_compose_file,
            docker_compose_project_name,
            docker_setup,
            docker_cleanup,
        ) as docker_service:

.venv/lib/python3.12/site-packages/pytest_docker/plugin.py:238: 
_ _ _ _ _ _ _ _ _ _ _ _ _ _ _ _ _ _ _ _ _ _ _ _ _ _ _ _ _ _ _ _ _ _ _ _ _ _ _ _ _ _ _ _ _ _ _ _ _ _ _ _ _ _ _ _ _ _ _ _ _ _ _ _ _ _ _ _ _ _ _ _ _ _ _ _ _ _ _ _ _ _ _ _ 
/usr/lib/python3.12/contextlib.py:137: in __enter__
    return next(self.gen)
.venv/lib/python3.12/site-packages/pytest_docker/plugin.py:212: in get_docker_services
    docker_compose.execute(command)
.venv/lib/python3.12/site-packages/pytest_docker/plugin.py:140: in execute
    return execute(command)
_ _ _ _ _ _ _ _ _ _ _ _ _ _ _ _ _ _ _ _ _ _ _ _ _ _ _ _ _ _ _ _ _ _ _ _ _ _ _ _ _ _ _ _ _ _ _ _ _ _ _ _ _ _ _ _ _ _ _ _ _ _ _ _ _ _ _ _ _ _ _ _ _ _ _ _ _ _ _ _ _ _ _ _ 

command = &#39;docker compose -f &#34;/home/ubuntu/SGE-tester-A/projects/docker-compose.yml&#34; -p &#34;pytest24219&#34; up --build -d&#39;, success_codes = (0,)

    def execute(command: str, success_codes: Iterable[int] = (0,)) -&gt; Union[bytes, Any]:
        &#34;&#34;&#34;Run a shell command.&#34;&#34;&#34;
        try:
            output = subprocess.check_output(command, stderr=subprocess.STDOUT, shell=True)
            status = 0
        except subprocess.CalledProcessError as error:
            output = error.output or b&#34;&#34;
            status = error.returncode
            command = error.cmd
    
        if status not in success_codes:
&gt;           raise Exception(
                &#39;Command {} returned {}: &#34;&#34;&#34;{}&#34;&#34;&#34;.&#39;.format(command, status, output.decode(&#34;utf-8&#34;))
            )
E           Exception: Command docker compose -f &#34;/home/ubuntu/SGE-tester-A/projects/docker-compose.yml&#34; -p &#34;pytest24219&#34; up --build -d returned 1: &#34;&#34;&#34;time=&#34;2026-01-13T13:09:47Z&#34; level=warning msg=&#34;/home/ubuntu/SGE-tester-A/projects/docker-compose.yml: the attribute `version` is obsolete, it will be ignored, please remove it to avoid potential confusion&#34;
E            Network pytest24219_default  Creating
E            Network pytest24219_default  Created
E            Container pytest24219-db-1  Creating
E            Container pytest24219-db-1  Created
E            Container pytest24219-odoo-1  Creating
E            Container pytest24219-odoo-1  Created
E            Container pytest24219-db-1  Starting
E           Error response from daemon: failed to set up container networking: driver failed programming external connectivity on endpoint pytest24219-db-1 (5a69bee796ffedb04cbb675bb18e70b9a7c65ee1333c5cabcbd995a07d31d987): Bind for 0.0.0.0:5432 failed: port is already allocated
E           &#34;&#34;&#34;.

.venv/lib/python3.12/site-packages/pytest_docker/plugin.py:35: Exception</pre>
                        
                        

                        
                        
                        
                    </div>
                
                    <div class="test outcome outcome-failed">
                        <a id="14263efd-7860-4e2c-a881-6bd909183d59"></a>
                        <table class="proplist">
                            <tr><th>Test case:</th><td><b>test_no_hay_codigo_python_comentado</b></td></tr>
                            <tr><th>Outcome:</th><td>Failed</td></tr>
                            <tr><th>Duration:</th><td>0.001 sec</td></tr>
                        
                            <tr><th>Failed</th><td>failed on setup with &#34;Exception: Command docker compose -f &#34;/home/ubuntu/SGE-tester-A/projects/docker-compose.yml&#34; -p &#34;pytest24219&#34; up --build -d returned 1: &#34;&#34;&#34;time=&#34;2026-01-13T13:09:47Z&#34; level=warning msg=&#34;/home/ubuntu/SGE-tester-A/projects/docker-compose.yml: the attribute `version` is obsolete, it will be ignored, please remove it to avoid potential confusion&#34;
 Network pytest24219_default  Creating
 Network pytest24219_default  Created
 Container pytest24219-db-1  Creating
 Container pytest24219-db-1  Created
 Container pytest24219-odoo-1  Creating
 Container pytest24219-odoo-1  Created
 Container pytest24219-db-1  Starting
Error response from daemon: failed to set up container networking: driver failed programming external connectivity on endpoint pytest24219-db-1 (5a69bee796ffedb04cbb675bb18e70b9a7c65ee1333c5cabcbd995a07d31d987): Bind for 0.0.0.0:5432 failed: port is already allocated
&#34;&#34;&#34;.&#34;</td></tr>
                        
                        
                        </table>

                        
                        <pre>docker_compose_command = &#39;docker compose&#39;, docker_compose_file = &#39;/home/ubuntu/SGE-tester-A/projects/docker-compose.yml&#39;, docker_compose_project_name = &#39;pytest24219&#39;
docker_setup = [&#39;up --build -d&#39;], docker_cleanup = [&#39;down -v&#39;]

    @pytest.fixture(scope=containers_scope)
    def docker_services(
        docker_compose_command: str,
        docker_compose_file: Union[List[str], str],
        docker_compose_project_name: str,
        docker_setup: str,
        docker_cleanup: str,
    ) -&gt; Iterator[Services]:
        &#34;&#34;&#34;Start all services from a docker compose file (`docker-compose up`).
        After test are finished, shutdown all services (`docker-compose down`).&#34;&#34;&#34;
    
&gt;       with get_docker_services(
            docker_compose_command,
            docker_compose_file,
            docker_compose_project_name,
            docker_setup,
            docker_cleanup,
        ) as docker_service:

.venv/lib/python3.12/site-packages/pytest_docker/plugin.py:238: 
_ _ _ _ _ _ _ _ _ _ _ _ _ _ _ _ _ _ _ _ _ _ _ _ _ _ _ _ _ _ _ _ _ _ _ _ _ _ _ _ _ _ _ _ _ _ _ _ _ _ _ _ _ _ _ _ _ _ _ _ _ _ _ _ _ _ _ _ _ _ _ _ _ _ _ _ _ _ _ _ _ _ _ _ 
/usr/lib/python3.12/contextlib.py:137: in __enter__
    return next(self.gen)
.venv/lib/python3.12/site-packages/pytest_docker/plugin.py:212: in get_docker_services
    docker_compose.execute(command)
.venv/lib/python3.12/site-packages/pytest_docker/plugin.py:140: in execute
    return execute(command)
_ _ _ _ _ _ _ _ _ _ _ _ _ _ _ _ _ _ _ _ _ _ _ _ _ _ _ _ _ _ _ _ _ _ _ _ _ _ _ _ _ _ _ _ _ _ _ _ _ _ _ _ _ _ _ _ _ _ _ _ _ _ _ _ _ _ _ _ _ _ _ _ _ _ _ _ _ _ _ _ _ _ _ _ 

command = &#39;docker compose -f &#34;/home/ubuntu/SGE-tester-A/projects/docker-compose.yml&#34; -p &#34;pytest24219&#34; up --build -d&#39;, success_codes = (0,)

    def execute(command: str, success_codes: Iterable[int] = (0,)) -&gt; Union[bytes, Any]:
        &#34;&#34;&#34;Run a shell command.&#34;&#34;&#34;
        try:
            output = subprocess.check_output(command, stderr=subprocess.STDOUT, shell=True)
            status = 0
        except subprocess.CalledProcessError as error:
            output = error.output or b&#34;&#34;
            status = error.returncode
            command = error.cmd
    
        if status not in success_codes:
&gt;           raise Exception(
                &#39;Command {} returned {}: &#34;&#34;&#34;{}&#34;&#34;&#34;.&#39;.format(command, status, output.decode(&#34;utf-8&#34;))
            )
E           Exception: Command docker compose -f &#34;/home/ubuntu/SGE-tester-A/projects/docker-compose.yml&#34; -p &#34;pytest24219&#34; up --build -d returned 1: &#34;&#34;&#34;time=&#34;2026-01-13T13:09:47Z&#34; level=warning msg=&#34;/home/ubuntu/SGE-tester-A/projects/docker-compose.yml: the attribute `version` is obsolete, it will be ignored, please remove it to avoid potential confusion&#34;
E            Network pytest24219_default  Creating
E            Network pytest24219_default  Created
E            Container pytest24219-db-1  Creating
E            Container pytest24219-db-1  Created
E            Container pytest24219-odoo-1  Creating
E            Container pytest24219-odoo-1  Created
E            Container pytest24219-db-1  Starting
E           Error response from daemon: failed to set up container networking: driver failed programming external connectivity on endpoint pytest24219-db-1 (5a69bee796ffedb04cbb675bb18e70b9a7c65ee1333c5cabcbd995a07d31d987): Bind for 0.0.0.0:5432 failed: port is already allocated
E           &#34;&#34;&#34;.

.venv/lib/python3.12/site-packages/pytest_docker/plugin.py:35: Exception</pre>
                        
                        

                        
                        
                        
                    </div>
                
                    <div class="test outcome outcome-failed">
                        <a id="f2c6bae1-6c1e-475e-a6c1-a33c134b2e7b"></a>
                        <table class="proplist">
                            <tr><th>Test case:</th><td><b>test_log_servidor_sin_errores</b></td></tr>
                            <tr><th>Outcome:</th><td>Failed</td></tr>
                            <tr><th>Duration:</th><td>0.001 sec</td></tr>
                        
                            <tr><th>Failed</th><td>failed on setup with &#34;Exception: Command docker compose -f &#34;/home/ubuntu/SGE-tester-A/projects/docker-compose.yml&#34; -p &#34;pytest24219&#34; up --build -d returned 1: &#34;&#34;&#34;time=&#34;2026-01-13T13:09:47Z&#34; level=warning msg=&#34;/home/ubuntu/SGE-tester-A/projects/docker-compose.yml: the attribute `version` is obsolete, it will be ignored, please remove it to avoid potential confusion&#34;
 Network pytest24219_default  Creating
 Network pytest24219_default  Created
 Container pytest24219-db-1  Creating
 Container pytest24219-db-1  Created
 Container pytest24219-odoo-1  Creating
 Container pytest24219-odoo-1  Created
 Container pytest24219-db-1  Starting
Error response from daemon: failed to set up container networking: driver failed programming external connectivity on endpoint pytest24219-db-1 (5a69bee796ffedb04cbb675bb18e70b9a7c65ee1333c5cabcbd995a07d31d987): Bind for 0.0.0.0:5432 failed: port is already allocated
&#34;&#34;&#34;.&#34;</td></tr>
                        
                        
                        </table>

                        
                        <pre>docker_compose_command = &#39;docker compose&#39;, docker_compose_file = &#39;/home/ubuntu/SGE-tester-A/projects/docker-compose.yml&#39;, docker_compose_project_name = &#39;pytest24219&#39;
docker_setup = [&#39;up --build -d&#39;], docker_cleanup = [&#39;down -v&#39;]

    @pytest.fixture(scope=containers_scope)
    def docker_services(
        docker_compose_command: str,
        docker_compose_file: Union[List[str], str],
        docker_compose_project_name: str,
        docker_setup: str,
        docker_cleanup: str,
    ) -&gt; Iterator[Services]:
        &#34;&#34;&#34;Start all services from a docker compose file (`docker-compose up`).
        After test are finished, shutdown all services (`docker-compose down`).&#34;&#34;&#34;
    
&gt;       with get_docker_services(
            docker_compose_command,
            docker_compose_file,
            docker_compose_project_name,
            docker_setup,
            docker_cleanup,
        ) as docker_service:

.venv/lib/python3.12/site-packages/pytest_docker/plugin.py:238: 
_ _ _ _ _ _ _ _ _ _ _ _ _ _ _ _ _ _ _ _ _ _ _ _ _ _ _ _ _ _ _ _ _ _ _ _ _ _ _ _ _ _ _ _ _ _ _ _ _ _ _ _ _ _ _ _ _ _ _ _ _ _ _ _ _ _ _ _ _ _ _ _ _ _ _ _ _ _ _ _ _ _ _ _ 
/usr/lib/python3.12/contextlib.py:137: in __enter__
    return next(self.gen)
.venv/lib/python3.12/site-packages/pytest_docker/plugin.py:212: in get_docker_services
    docker_compose.execute(command)
.venv/lib/python3.12/site-packages/pytest_docker/plugin.py:140: in execute
    return execute(command)
_ _ _ _ _ _ _ _ _ _ _ _ _ _ _ _ _ _ _ _ _ _ _ _ _ _ _ _ _ _ _ _ _ _ _ _ _ _ _ _ _ _ _ _ _ _ _ _ _ _ _ _ _ _ _ _ _ _ _ _ _ _ _ _ _ _ _ _ _ _ _ _ _ _ _ _ _ _ _ _ _ _ _ _ 

command = &#39;docker compose -f &#34;/home/ubuntu/SGE-tester-A/projects/docker-compose.yml&#34; -p &#34;pytest24219&#34; up --build -d&#39;, success_codes = (0,)

    def execute(command: str, success_codes: Iterable[int] = (0,)) -&gt; Union[bytes, Any]:
        &#34;&#34;&#34;Run a shell command.&#34;&#34;&#34;
        try:
            output = subprocess.check_output(command, stderr=subprocess.STDOUT, shell=True)
            status = 0
        except subprocess.CalledProcessError as error:
            output = error.output or b&#34;&#34;
            status = error.returncode
            command = error.cmd
    
        if status not in success_codes:
&gt;           raise Exception(
                &#39;Command {} returned {}: &#34;&#34;&#34;{}&#34;&#34;&#34;.&#39;.format(command, status, output.decode(&#34;utf-8&#34;))
            )
E           Exception: Command docker compose -f &#34;/home/ubuntu/SGE-tester-A/projects/docker-compose.yml&#34; -p &#34;pytest24219&#34; up --build -d returned 1: &#34;&#34;&#34;time=&#34;2026-01-13T13:09:47Z&#34; level=warning msg=&#34;/home/ubuntu/SGE-tester-A/projects/docker-compose.yml: the attribute `version` is obsolete, it will be ignored, please remove it to avoid potential confusion&#34;
E            Network pytest24219_default  Creating
E            Network pytest24219_default  Created
E            Container pytest24219-db-1  Creating
E            Container pytest24219-db-1  Created
E            Container pytest24219-odoo-1  Creating
E            Container pytest24219-odoo-1  Created
E            Container pytest24219-db-1  Starting
E           Error response from daemon: failed to set up container networking: driver failed programming external connectivity on endpoint pytest24219-db-1 (5a69bee796ffedb04cbb675bb18e70b9a7c65ee1333c5cabcbd995a07d31d987): Bind for 0.0.0.0:5432 failed: port is already allocated
E           &#34;&#34;&#34;.

.venv/lib/python3.12/site-packages/pytest_docker/plugin.py:35: Exception</pre>
                        
                        

                        
                        
                        
                    </div>
                
                </div>
            </div>
            
            <div class="testclass">
                <h4>test_minimal_requirements.TestOtros</h4>
                <div class="testcases">
                
                    <div class="test outcome outcome-skipped">
                        <a id="fa995ede-92aa-48ed-9ff4-757a1e340196"></a>
                        <table class="proplist">
                            <tr><th>Test case:</th><td><b>test_log_sin_warnings</b></td></tr>
                            <tr><th>Outcome:</th><td>Skipped</td></tr>
                            <tr><th>Duration:</th><td>0.001 sec</td></tr>
                        
                        
                            <tr><th>Skipped</th><td></td></tr>
                        
                        </table>

                        
                        
                        <pre>skipped</pre>
                        

                        
                        
                        
                    </div>
                
                </div>
            </div>
            
            <div class="testclass">
                <h4>test_minimal_requirements.TestRNFAdicionalesKanban</h4>
                <div class="testcases">
                
                    <div class="test outcome outcome-skipped">
                        <a id="61de02ba-e33d-46f3-b454-6d369bbf53f1"></a>
                        <table class="proplist">
                            <tr><th>Test case:</th><td><b>test_vista_kanban[/kanban]</b></td></tr>
                            <tr><th>Outcome:</th><td>Skipped</td></tr>
                            <tr><th>Duration:</th><td>0.001 sec</td></tr>
                        
                        
                            <tr><th>Skipped</th><td></td></tr>
                        
                        </table>

                        
                        
                        <pre>skipped</pre>
                        

                        
                        
                        
                    </div>
                
                    <div class="test outcome outcome-skipped">
                        <a id="6ca5a465-3707-4222-b997-6153bc3b0553"></a>
                        <table class="proplist">
                            <tr><th>Test case:</th><td><b>test_vista_kanban[/kanban[@default_group_by]]</b></td></tr>
                            <tr><th>Outcome:</th><td>Skipped</td></tr>
                            <tr><th>Duration:</th><td>0.001 sec</td></tr>
                        
                        
                            <tr><th>Skipped</th><td></td></tr>
                        
                        </table>

                        
                        
                        <pre>skipped</pre>
                        

                        
                        
                        
                    </div>
                
                    <div class="test outcome outcome-skipped">
                        <a id="17482726-eb6b-4c8e-a122-6eeda26627da"></a>
                        <table class="proplist">
                            <tr><th>Test case:</th><td><b>test_vista_kanban_imagen[/img]</b></td></tr>
                            <tr><th>Outcome:</th><td>Skipped</td></tr>
                            <tr><th>Duration:</th><td>0.001 sec</td></tr>
                        
                        
                            <tr><th>Skipped</th><td></td></tr>
                        
                        </table>

                        
                        
                        <pre>skipped</pre>
                        

                        
                        
                        
                    </div>
                
                    <div class="test outcome outcome-skipped">
                        <a id="29ff6c8c-69a0-4fcf-afd7-5c498d06a3a2"></a>
                        <table class="proplist">
                            <tr><th>Test case:</th><td><b>test_vista_kanban_imagen[/field[@preview_image]]</b></td></tr>
                            <tr><th>Outcome:</th><td>Skipped</td></tr>
                            <tr><th>Duration:</th><td>0.001 sec</td></tr>
                        
                        
                            <tr><th>Skipped</th><td></td></tr>
                        
                        </table>

                        
                        
                        <pre>skipped</pre>
                        

                        
                        
                        
                    </div>
                
                    <div class="test outcome outcome-skipped">
                        <a id="781b55ac-99d6-4067-b5e3-26a25d343380"></a>
                        <table class="proplist">
                            <tr><th>Test case:</th><td><b>test_vista_kanban_imagen[/field[@widget=&#34;image&#34;]]</b></td></tr>
                            <tr><th>Outcome:</th><td>Skipped</td></tr>
                            <tr><th>Duration:</th><td>0.001 sec</td></tr>
                        
                        
                            <tr><th>Skipped</th><td></td></tr>
                        
                        </table>

                        
                        
                        <pre>skipped</pre>
                        

                        
                        
                        
                    </div>
                
                </div>
            </div>
            
            <div class="testclass">
                <h4>test_minimal_requirements.TestRNFAdicionalesBusqueda</h4>
                <div class="testcases">
                
                    <div class="test outcome outcome-skipped">
                        <a id="d4f2a893-9218-4ac6-bb2b-08c18765ea8e"></a>
                        <table class="proplist">
                            <tr><th>Test case:</th><td><b>test_vista_search[/search]</b></td></tr>
                            <tr><th>Outcome:</th><td>Skipped</td></tr>
                            <tr><th>Duration:</th><td>0.001 sec</td></tr>
                        
                        
                            <tr><th>Skipped</th><td></td></tr>
                        
                        </table>

                        
                        
                        <pre>skipped</pre>
                        

                        
                        
                        
                    </div>
                
                    <div class="test outcome outcome-skipped">
                        <a id="a4f0ad92-5f65-4c02-9056-0d36b7ed0bcb"></a>
                        <table class="proplist">
                            <tr><th>Test case:</th><td><b>test_vista_search_compleja[/filter[@domain]]</b></td></tr>
                            <tr><th>Outcome:</th><td>Skipped</td></tr>
                            <tr><th>Duration:</th><td>0.001 sec</td></tr>
                        
                        
                            <tr><th>Skipped</th><td></td></tr>
                        
                        </table>

                        
                        
                        <pre>skipped</pre>
                        

                        
                        
                        
                    </div>
                
                    <div class="test outcome outcome-skipped">
                        <a id="745a65de-e88b-4311-b2f0-5e4ec2db3af7"></a>
                        <table class="proplist">
                            <tr><th>Test case:</th><td><b>test_vista_search_compleja[/group//filter[@context]]</b></td></tr>
                            <tr><th>Outcome:</th><td>Skipped</td></tr>
                            <tr><th>Duration:</th><td>0.001 sec</td></tr>
                        
                        
                            <tr><th>Skipped</th><td></td></tr>
                        
                        </table>

                        
                        
                        <pre>skipped</pre>
                        

                        
                        
                        
                    </div>
                
                </div>
            </div>
            
            <div class="testclass">
                <h4>test_minimal_requirements.TestRNFAdicionalesOtrasVistas</h4>
                <div class="testcases">
                
                    <div class="test outcome outcome-skipped">
                        <a id="65f80ca7-0b28-4e8e-9142-0e620e69b62f"></a>
                        <table class="proplist">
                            <tr><th>Test case:</th><td><b>test_otras_vistas_adicionales[activity]</b></td></tr>
                            <tr><th>Outcome:</th><td>Skipped</td></tr>
                            <tr><th>Duration:</th><td>0.001 sec</td></tr>
                        
                        
                            <tr><th>Skipped</th><td></td></tr>
                        
                        </table>

                        
                        
                        <pre>skipped</pre>
                        

                        
                        
                        
                    </div>
                
                    <div class="test outcome outcome-skipped">
                        <a id="d5cdf6b5-87d7-4748-91cc-2c1d369181a6"></a>
                        <table class="proplist">
                            <tr><th>Test case:</th><td><b>test_otras_vistas_adicionales[calendar]</b></td></tr>
                            <tr><th>Outcome:</th><td>Skipped</td></tr>
                            <tr><th>Duration:</th><td>0.001 sec</td></tr>
                        
                        
                            <tr><th>Skipped</th><td></td></tr>
                        
                        </table>

                        
                        
                        <pre>skipped</pre>
                        

                        
                        
                        
                    </div>
                
                    <div class="test outcome outcome-skipped">
                        <a id="c545e602-87e4-43bb-b6d2-48624415d7b1"></a>
                        <table class="proplist">
                            <tr><th>Test case:</th><td><b>test_otras_vistas_adicionales[graph]</b></td></tr>
                            <tr><th>Outcome:</th><td>Skipped</td></tr>
                            <tr><th>Duration:</th><td>0.001 sec</td></tr>
                        
                        
                            <tr><th>Skipped</th><td></td></tr>
                        
                        </table>

                        
                        
                        <pre>skipped</pre>
                        

                        
                        
                        
                    </div>
                
                    <div class="test outcome outcome-skipped">
                        <a id="4cfa8748-71fd-4297-8232-9691cbe6964f"></a>
                        <table class="proplist">
                            <tr><th>Test case:</th><td><b>test_otras_vistas_adicionales[pivot]</b></td></tr>
                            <tr><th>Outcome:</th><td>Skipped</td></tr>
                            <tr><th>Duration:</th><td>0.001 sec</td></tr>
                        
                        
                            <tr><th>Skipped</th><td></td></tr>
                        
                        </table>

                        
                        
                        <pre>skipped</pre>
                        

                        
                        
                        
                    </div>
                
                </div>
            </div>
            
            <div class="testclass">
                <h4>test_minimal_requirements.TestRNFAdicionalesConstraints</h4>
                <div class="testcases">
                
                    <div class="test outcome outcome-skipped">
                        <a id="e4387c58-6fa5-4f1f-a00e-cf7f048c6943"></a>
                        <table class="proplist">
                            <tr><th>Test case:</th><td><b>test_constraints_sql</b></td></tr>
                            <tr><th>Outcome:</th><td>Skipped</td></tr>
                            <tr><th>Duration:</th><td>0.001 sec</td></tr>
                        
                        
                            <tr><th>Skipped</th><td></td></tr>
                        
                        </table>

                        
                        
                        <pre>skipped</pre>
                        

                        
                        
                        
                    </div>
                
                </div>
            </div>
            
            <div class="testclass">
                <h4>test_minimal_requirements.TestRNFAdicionalesSeguridadAvanzada</h4>
                <div class="testcases">
                
                    <div class="test outcome outcome-skipped">
                        <a id="183540be-6083-499b-ba7c-436bef17b00c"></a>
                        <table class="proplist">
                            <tr><th>Test case:</th><td><b>test_seguridad_con_grupos_propios</b></td></tr>
                            <tr><th>Outcome:</th><td>Skipped</td></tr>
                            <tr><th>Duration:</th><td>0.001 sec</td></tr>
                        
                        
                            <tr><th>Skipped</th><td></td></tr>
                        
                        </table>

                        
                        
                        <pre>skipped</pre>
                        

                        
                        
                        
                    </div>
                
                </div>
            </div>
            
            <div class="testclass">
                <h4>test_minimal_requirements.TestRNFAdicionalesDatosAvanzados</h4>
                <div class="testcases">
                
                    <div class="test outcome outcome-skipped">
                        <a id="93a34935-2fe1-4f3d-aeb7-08aafc04094a"></a>
                        <table class="proplist">
                            <tr><th>Test case:</th><td><b>test_datos_maestros_o_demo_avanzados[binary]</b></td></tr>
                            <tr><th>Outcome:</th><td>Skipped</td></tr>
                            <tr><th>Duration:</th><td>0.001 sec</td></tr>
                        
                        
                            <tr><th>Skipped</th><td></td></tr>
                        
                        </table>

                        
                        
                        <pre>skipped</pre>
                        

                        
                        
                        
                    </div>
                
                    <div class="test outcome outcome-skipped">
                        <a id="a67ce4a1-dd53-4df9-8c24-308cd833584c"></a>
                        <table class="proplist">
                            <tr><th>Test case:</th><td><b>test_datos_maestros_o_demo_avanzados[many2many]</b></td></tr>
                            <tr><th>Outcome:</th><td>Skipped</td></tr>
                            <tr><th>Duration:</th><td>0.001 sec</td></tr>
                        
                        
                            <tr><th>Skipped</th><td></td></tr>
                        
                        </table>

                        
                        
                        <pre>skipped</pre>
                        

                        
                        
                        
                    </div>
                
                    <div class="test outcome outcome-skipped">
                        <a id="9f4df4b8-3752-4898-89b1-2d11fd58c8d7"></a>
                        <table class="proplist">
                            <tr><th>Test case:</th><td><b>test_datos_maestros_o_demo_avanzados[many2one]</b></td></tr>
                            <tr><th>Outcome:</th><td>Skipped</td></tr>
                            <tr><th>Duration:</th><td>0.001 sec</td></tr>
                        
                        
                            <tr><th>Skipped</th><td></td></tr>
                        
                        </table>

                        
                        
                        <pre>skipped</pre>
                        

                        
                        
                        
                    </div>
                
                </div>
            </div>
            
            <div class="testclass">
                <h4>test_minimal_requirements.TestRNFAdicionalesHerenciaVistas</h4>
                <div class="testcases">
                
                    <div class="test outcome outcome-skipped">
                        <a id="45038ccc-e0d2-4121-8ca2-b59c337797ac"></a>
                        <table class="proplist">
                            <tr><th>Test case:</th><td><b>test_herencia_en_vistas_con_position</b></td></tr>
                            <tr><th>Outcome:</th><td>Skipped</td></tr>
                            <tr><th>Duration:</th><td>0.001 sec</td></tr>
                        
                        
                            <tr><th>Skipped</th><td></td></tr>
                        
                        </table>

                        
                        
                        <pre>skipped</pre>
                        

                        
                        
                        
                    </div>
                
                    <div class="test outcome outcome-skipped">
                        <a id="3449856c-4858-4ef7-888b-8e12632ab116"></a>
                        <table class="proplist">
                            <tr><th>Test case:</th><td><b>test_herencia_en_vistas_con_inherit_id</b></td></tr>
                            <tr><th>Outcome:</th><td>Skipped</td></tr>
                            <tr><th>Duration:</th><td>0.001 sec</td></tr>
                        
                        
                            <tr><th>Skipped</th><td></td></tr>
                        
                        </table>

                        
                        
                        <pre>skipped</pre>
                        

                        
                        
                        
                    </div>
                
                </div>
            </div>
            
            <div class="testclass">
                <h4>test_minimal_requirements.TestRNFAdicionalesHerenciaModelos</h4>
                <div class="testcases">
                
                    <div class="test outcome outcome-skipped">
                        <a id="f696d4f8-3140-43be-8f23-9b6a12ff8d40"></a>
                        <table class="proplist">
                            <tr><th>Test case:</th><td><b>test_modelos_existentes_modificados_por_herencia</b></td></tr>
                            <tr><th>Outcome:</th><td>Skipped</td></tr>
                            <tr><th>Duration:</th><td>0.001 sec</td></tr>
                        
                        
                            <tr><th>Skipped</th><td></td></tr>
                        
                        </table>

                        
                        
                        <pre>skipped</pre>
                        

                        
                        
                        
                    </div>
                
                    <div class="test outcome outcome-skipped">
                        <a id="90501271-04dd-4292-8b3c-b522b6a9e316"></a>
                        <table class="proplist">
                            <tr><th>Test case:</th><td><b>test_nuevos_modelos_con_herencia</b></td></tr>
                            <tr><th>Outcome:</th><td>Skipped</td></tr>
                            <tr><th>Duration:</th><td>0.001 sec</td></tr>
                        
                        
                            <tr><th>Skipped</th><td></td></tr>
                        
                        </table>

                        
                        
                        <pre>skipped</pre>
                        

                        
                        
                        
                    </div>
                
                </div>
            </div>
            
            <div class="testclass">
                <h4>test_minimal_requirements.TestRNFAdicionalesTraducciones</h4>
                <div class="testcases">
                
                    <div class="test outcome outcome-skipped">
                        <a id="906cfbf2-f3f6-4766-b452-dc193eaa0810"></a>
                        <table class="proplist">
                            <tr><th>Test case:</th><td><b>test_i18n</b></td></tr>
                            <tr><th>Outcome:</th><td>Skipped</td></tr>
                            <tr><th>Duration:</th><td>0.001 sec</td></tr>
                        
                        
                            <tr><th>Skipped</th><td></td></tr>
                        
                        </table>

                        
                        
                        <pre>skipped</pre>
                        

                        
                        
                        
                    </div>
                
                </div>
            </div>
            
            <div class="testclass">
                <h4>test_minimal_requirements.TestRNFAdicionalesInformes</h4>
                <div class="testcases">
                
                    <div class="test outcome outcome-skipped">
                        <a id="923b3036-7981-4a45-b9d6-ec3b2298c57a"></a>
                        <table class="proplist">
                            <tr><th>Test case:</th><td><b>test_informes[report]</b></td></tr>
                            <tr><th>Outcome:</th><td>Skipped</td></tr>
                            <tr><th>Duration:</th><td>0.001 sec</td></tr>
                        
                        
                            <tr><th>Skipped</th><td></td></tr>
                        
                        </table>

                        
                        
                        <pre>skipped</pre>
                        

                        
                        
                        
                    </div>
                
                    <div class="test outcome outcome-skipped">
                        <a id="0fe3613f-9dbd-438e-994e-3c0fba1f66bb"></a>
                        <table class="proplist">
                            <tr><th>Test case:</th><td><b>test_informes[template]</b></td></tr>
                            <tr><th>Outcome:</th><td>Skipped</td></tr>
                            <tr><th>Duration:</th><td>0.001 sec</td></tr>
                        
                        
                            <tr><th>Skipped</th><td></td></tr>
                        
                        </table>

                        
                        
                        <pre>skipped</pre>
                        

                        
                        
                        
                    </div>
                
                    <div class="test outcome outcome-skipped">
                        <a id="205740a6-f45e-4ebe-9ce3-c357bb980eb4"></a>
                        <table class="proplist">
                            <tr><th>Test case:</th><td><b>test_informes_complejos[/t[@t-foreach]]</b></td></tr>
                            <tr><th>Outcome:</th><td>Skipped</td></tr>
                            <tr><th>Duration:</th><td>0.001 sec</td></tr>
                        
                        
                            <tr><th>Skipped</th><td></td></tr>
                        
                        </table>

                        
                        
                        <pre>skipped</pre>
                        

                        
                        
                        
                    </div>
                
                    <div class="test outcome outcome-skipped">
                        <a id="69bd2f82-2549-4a6f-ac1a-f94b932ac1dd"></a>
                        <table class="proplist">
                            <tr><th>Test case:</th><td><b>test_informes_complejos[/img[@t-att-src]]</b></td></tr>
                            <tr><th>Outcome:</th><td>Skipped</td></tr>
                            <tr><th>Duration:</th><td>0.001 sec</td></tr>
                        
                        
                            <tr><th>Skipped</th><td></td></tr>
                        
                        </table>

                        
                        
                        <pre>skipped</pre>
                        

                        
                        
                        
                    </div>
                
                    <div class="test outcome outcome-skipped">
                        <a id="e5080d20-ed52-4455-9291-bd60849d5992"></a>
                        <table class="proplist">
                            <tr><th>Test case:</th><td><b>test_informes_complejos[/t[@t-call and not(@t-call=&#34;web.external_layout&#34; or @t-call=&#34;web.html_container&#34;)]]</b></td></tr>
                            <tr><th>Outcome:</th><td>Skipped</td></tr>
                            <tr><th>Duration:</th><td>0.001 sec</td></tr>
                        
                        
                            <tr><th>Skipped</th><td></td></tr>
                        
                        </table>

                        
                        
                        <pre>skipped</pre>
                        

                        
                        
                        
                    </div>
                
                </div>
            </div>
            
            <div class="testclass">
                <h4>test_minimal_requirements.TestRNFAdicionalesChatter</h4>
                <div class="testcases">
                
                    <div class="test outcome outcome-skipped">
                        <a id="6eee87f1-e1e9-4066-8f3c-79f68c2c0bb3"></a>
                        <table class="proplist">
                            <tr><th>Test case:</th><td><b>test_chatter[mail_thread]</b></td></tr>
                            <tr><th>Outcome:</th><td>Skipped</td></tr>
                            <tr><th>Duration:</th><td>0.001 sec</td></tr>
                        
                        
                            <tr><th>Skipped</th><td></td></tr>
                        
                        </table>

                        
                        
                        <pre>skipped</pre>
                        

                        
                        
                        
                    </div>
                
                    <div class="test outcome outcome-skipped">
                        <a id="1aa91b8b-7bdb-49a9-beff-c23c9f4f535c"></a>
                        <table class="proplist">
                            <tr><th>Test case:</th><td><b>test_chatter[mail_activity_mixin]</b></td></tr>
                            <tr><th>Outcome:</th><td>Skipped</td></tr>
                            <tr><th>Duration:</th><td>0.001 sec</td></tr>
                        
                        
                            <tr><th>Skipped</th><td></td></tr>
                        
                        </table>

                        
                        
                        <pre>skipped</pre>
                        

                        
                        
                        
                    </div>
                
                    <div class="test outcome outcome-skipped">
                        <a id="e7a76626-b7f8-44d5-9cab-9e5eef1f4ca3"></a>
                        <table class="proplist">
                            <tr><th>Test case:</th><td><b>test_chatter_tracking</b></td></tr>
                            <tr><th>Outcome:</th><td>Skipped</td></tr>
                            <tr><th>Duration:</th><td>0.001 sec</td></tr>
                        
                        
                            <tr><th>Skipped</th><td></td></tr>
                        
                        </table>

                        
                        
                        <pre>skipped</pre>
                        

                        
                        
                        
                    </div>
                
                    <div class="test outcome outcome-skipped">
                        <a id="69de2e7e-c563-4cf2-b93c-eaaa84288b8e"></a>
                        <table class="proplist">
                            <tr><th>Test case:</th><td><b>test_vista_chatter_div</b></td></tr>
                            <tr><th>Outcome:</th><td>Skipped</td></tr>
                            <tr><th>Duration:</th><td>0.001 sec</td></tr>
                        
                        
                            <tr><th>Skipped</th><td></td></tr>
                        
                        </table>

                        
                        
                        <pre>skipped</pre>
                        

                        
                        
                        
                    </div>
                
                    <div class="test outcome outcome-skipped">
                        <a id="41623999-9a79-4834-ad47-bf7ab4f060a5"></a>
                        <table class="proplist">
                            <tr><th>Test case:</th><td><b>test_vista_chatter_fields[.//field[@name=&#34;message_follower_ids&#34;]]</b></td></tr>
                            <tr><th>Outcome:</th><td>Skipped</td></tr>
                            <tr><th>Duration:</th><td>0.001 sec</td></tr>
                        
                        
                            <tr><th>Skipped</th><td></td></tr>
                        
                        </table>

                        
                        
                        <pre>skipped</pre>
                        

                        
                        
                        
                    </div>
                
                    <div class="test outcome outcome-skipped">
                        <a id="031b06e8-2575-407f-b6fa-4482c52d5523"></a>
                        <table class="proplist">
                            <tr><th>Test case:</th><td><b>test_vista_chatter_fields[.//field[@name=&#34;activity_ids&#34;]]</b></td></tr>
                            <tr><th>Outcome:</th><td>Skipped</td></tr>
                            <tr><th>Duration:</th><td>0.001 sec</td></tr>
                        
                        
                            <tr><th>Skipped</th><td></td></tr>
                        
                        </table>

                        
                        
                        <pre>skipped</pre>
                        

                        
                        
                        
                    </div>
                
                    <div class="test outcome outcome-skipped">
                        <a id="e947b0a8-d844-4482-8374-fac6207769a7"></a>
                        <table class="proplist">
                            <tr><th>Test case:</th><td><b>test_vista_chatter_fields[.//field[@name=&#34;message_ids&#34;]]</b></td></tr>
                            <tr><th>Outcome:</th><td>Skipped</td></tr>
                            <tr><th>Duration:</th><td>0.001 sec</td></tr>
                        
                        
                            <tr><th>Skipped</th><td></td></tr>
                        
                        </table>

                        
                        
                        <pre>skipped</pre>
                        

                        
                        
                        
                    </div>
                
                    <div class="test outcome outcome-skipped">
                        <a id="a67c037f-1ee3-4b3c-b421-3d3c1aaccc1f"></a>
                        <table class="proplist">
                            <tr><th>Test case:</th><td><b>test_vista_chatter_fields[.//field[@widget=&#34;mail_followers&#34;]]</b></td></tr>
                            <tr><th>Outcome:</th><td>Skipped</td></tr>
                            <tr><th>Duration:</th><td>0.001 sec</td></tr>
                        
                        
                            <tr><th>Skipped</th><td></td></tr>
                        
                        </table>

                        
                        
                        <pre>skipped</pre>
                        

                        
                        
                        
                    </div>
                
                    <div class="test outcome outcome-skipped">
                        <a id="111780b8-20c6-4ef1-a1de-eebe89accd1b"></a>
                        <table class="proplist">
                            <tr><th>Test case:</th><td><b>test_vista_chatter_fields[.//field[@widget=&#34;mail_thread&#34;]]</b></td></tr>
                            <tr><th>Outcome:</th><td>Skipped</td></tr>
                            <tr><th>Duration:</th><td>0.001 sec</td></tr>
                        
                        
                            <tr><th>Skipped</th><td></td></tr>
                        
                        </table>

                        
                        
                        <pre>skipped</pre>
                        

                        
                        
                        
                    </div>
                
                    <div class="test outcome outcome-skipped">
                        <a id="2a8acc1a-5bd6-4f41-b006-4ea89962aa94"></a>
                        <table class="proplist">
                            <tr><th>Test case:</th><td><b>test_vista_chatter_fields[.//field[@widget=&#34;mail_activity&#34;]]</b></td></tr>
                            <tr><th>Outcome:</th><td>Skipped</td></tr>
                            <tr><th>Duration:</th><td>0.009 sec</td></tr>
                        
                        
                            <tr><th>Skipped</th><td></td></tr>
                        
                        </table>

                        
                        
                        <pre>skipped</pre>
                        

                        
                        
                        
                    </div>
                
                </div>
            </div>
            
        </div>
    </div>
    



<p class="footer">
    Generated by junit2html
</p>
</body>
</html>