<!DOCTYPE html>
<html lang="en">
<head>
    <meta charset="UTF-8">
    <title>agb_torneo-pytest.xml</title>
    <style type="text/css">
        body {
    background-color: white;
    padding-bottom: 20em;
    margin: 0;
    min-height: 15cm;
}

h1, h2, h3, h4, h5, h6, h7 {
    font-family: sans-serif;
}

h1 {
    background-color: #007acc;
    color: white;
    padding: 3mm;
    margin-top: 0;
    margin-bottom: 1mm;
}

.footer {
    font-style: italic;
    font-size: small;
    text-align: right;
    padding: 1em;
}

.testsuite {
    padding-bottom: 2em;
    margin-left: 1em;
}

.proplist {
    width: 100%;
    margin-bottom: 2em;
    border-collapse: collapse;
    border: 1px solid grey;
}

.proplist th {
    background-color: silver;
    width: 5em;
    padding: 2px;
    padding-right: 1em;
    text-align: left;
}

.proplist td {
    padding: 2px;
}

.index-table {
    width: 90%;
    margin-left: 1em;
}

.index-table td {
    vertical-align: top;
    max-width: 200px;
    word-wrap: break-word;
}

.failure-index {

}

.toc {
    margin-bottom: 2em;
    font-family: monospace;
}

.stdio, pre {
    min-height: 1em;
    background-color: #1e1e1e;
    color: silver;
    padding: 0.5em;
}
.tdpre {
    background-color: #1e1e1e;
}

.test {
    margin-left: 0.5cm;
}

.outcome {
    border-left: 1em;
    padding: 2px;
}

.outcome-failed {
    border-left: 1em solid lightcoral;
}

.outcome-passed {
    border-left: 1em solid lightgreen;
}

.outcome-skipped {
    border-left: 1em dotted silver;
}

.stats-table {
}

.stats-table td {
    min-width: 4em;
    text-align: right;
}

.stats-table .failed {
    background-color: lightcoral;
}

.stats-table .passed {
    background-color: lightgreen;
}

.matrix-table {
    table-layout: fixed;
    border-spacing: 0;
    width: available;
    margin-left: 1em;
}

.matrix-table td {
    vertical-align: center;
}

.matrix-table td:last-child {
    width: 0;
}

.matrix-table tr:hover {
    background-color: yellow;
}

.matrix-axis-name {
    white-space: nowrap;
    padding-right: 0.5em;
    border-left: 1px solid black;
    border-top: 1px solid black;
    text-align: right;
}

.matrix-axis-line {
    border-left: 1px solid black;
    width: 0.5em;
}

.matrix-classname {
    text-align: left;
    width: 100%;
    border-top: 2px solid grey;
    border-bottom: 1px solid silver;
}

.matrix-casename {
    text-align: left;
    font-weight: normal;
    font-style: italic;
    padding-left: 1em;
    border-bottom: 1px solid silver;
}

.matrix-result {
    display: block;
    width: 1em;
    text-align: center;
    padding: 1mm;
    margin: 0;
}

.matrix-result-combined {
    white-space: nowrap;
    padding-right: 0.2em;
    text-align: right;
}

.matrix-result-failed {
    background-color: lightcoral;
}

.matrix-result-passed {
    background-color: lightgreen;
}

.matrix-result-skipped {
    background-color: lightyellow;
}

.matrix-even {
    background-color: lightgray;
}
    </style>
</head>
<body>
    
<h1>
    Test Report : agb_torneo-pytest.xml
</h1>
<a id="toc"></a>
<table class="index-table">
    <tr>
        <td>
            <ul class="toc">
            
                
                <li>test_minimal_requirements.TestRNF1
                <ul>
                    
                    <li><a href="#03f3c90d-6397-4c80-b506-45e837ec27f3">test_app_tiene_al_menos_4_modelos</a></li>
                    
                    <li><a href="#72698384-ad2f-400a-b01f-d7ca6597935d">test_modelos_en_ficheros_individuales</a></li>
                    
                </ul>
                </li>
                
                <li>test_minimal_requirements.TestRNF2
                <ul>
                    
                    <li><a href="#15cdba2c-945c-4308-8e83-197f1ce18603">test_relacion_many2many</a></li>
                    
                    <li><a href="#e1d79db4-855b-4a1e-a61b-e166714d7b79">test_modelos_tienen_algun_campo_relacion[one2many]</a></li>
                    
                    <li><a href="#eb82e9bd-e719-4c43-a943-5b7a98b96538">test_modelos_tienen_algun_campo_relacion[many2one]</a></li>
                    
                    <li><a href="#5ddb0704-0d4d-46ad-9e48-ef92a2d8e684">test_unknown_comodel_name</a></li>
                    
                </ul>
                </li>
                
                <li>test_minimal_requirements.TestRNF3
                <ul>
                    
                    <li><a href="#56a87816-b8d7-4ab5-ba5e-34a2f105e004">test_modelos_tienen_vista[tree]</a></li>
                    
                    <li><a href="#02b4dae0-d453-4ea1-baa1-b36cb9ee8bb2">test_modelos_tienen_vista[form]</a></li>
                    
                    <li><a href="#799d1c9b-5ad9-4874-9bce-c942bb04230b">test_formularios_tienen_vista_anidada_para_campos_X2many[one2many]</a></li>
                    
                    <li><a href="#443fbcd9-3a6f-4063-9f75-7caada38c6d5">test_formularios_tienen_vista_anidada_para_campos_X2many[many2many]</a></li>
                    
                </ul>
                </li>
                
                <li>test_minimal_requirements.TestRNF4
                <ul>
                    
                    <li><a href="#99fb1198-bc4b-4160-bc42-049a36742a40">test_vistas_en_ficheros_individuales</a></li>
                    
                </ul>
                </li>
                
                <li>test_minimal_requirements.TestRNF5
                <ul>
                    
                    <li><a href="#0d186bf5-b05e-4398-9749-9b2c0af333df">test_modelos_tienen_algun_posible_campo_imagen</a></li>
                    
                    <li><a href="#873d433b-edc4-481b-9dc1-686a28f8ca6f">test_alguna_vista_tiene_campo_imagen</a></li>
                    
                </ul>
                </li>
                
                <li>test_minimal_requirements.TestRNF6
                <ul>
                    
                    <li><a href="#13559dba-7561-4ed0-a9f5-fd62a035f159">test_modelos_tienen_acciones</a></li>
                    
                    <li><a href="#e5854388-332a-4f49-b043-63c03d5f14bd">test_hay_elementos_de_menu[.//menuitem[@action]]</a></li>
                    
                </ul>
                </li>
                
                <li>test_minimal_requirements.TestRNF7
                <ul>
                    
                    <li><a href="#4a202ab8-64a0-4021-972c-6fd442d8cebb">test_modelos_tienen_permisos</a></li>
                    
                </ul>
                </li>
                
                <li>test_minimal_requirements.TestRNF8
                <ul>
                    
                    <li><a href="#d8375edd-8601-4a99-bb6e-235c9ec0a6ad">test_app_tiene_icono</a></li>
                    
                </ul>
                </li>
                
                <li>test_minimal_requirements.TestRNF9
                <ul>
                    
                    <li><a href="#92e51882-e51d-4fe0-9364-588c3e4b49db">test_modelos_tienen_datos_demo</a></li>
                    
                </ul>
                </li>
                
                <li>test_minimal_requirements.TestRNFGit
                <ul>
                    
                    <li><a href="#e4066158-8878-42a4-89ea-949c016f1a7e">test_git_commit_frecuentes</a></li>
                    
                </ul>
                </li>
                
                <li>test_minimal_requirements.TestRNFCalidad
                <ul>
                    
                    <li><a href="#ba4a67c1-10c0-47e6-a837-bdc88ea3dbc9">test_odoo_disponible</a></li>
                    
                    <li><a href="#d590d584-ee37-4fa9-abef-53b75dc909f8">test_app_instalada</a></li>
                    
                    <li><a href="#01ca3d2e-1c5e-4712-991e-74b71d8e4ed5">test_otras_apps_entregadas_son_dependencias</a></li>
                    
                    <li><a href="#fadff604-a40a-4784-8a4a-0414c4ad8ba4">test_no_hay_elementos_xml_comentados</a></li>
                    
                    <li><a href="#190f5caa-235e-444f-bf59-8f8fc323cfe4">test_no_hay_codigo_python_comentado</a></li>
                    
                    <li><a href="#228610ca-9e49-4f2f-a3cd-2f7cf558bea0">test_log_servidor_sin_errores</a></li>
                    
                </ul>
                </li>
                
                <li>test_minimal_requirements.TestOtros
                <ul>
                    
                    <li><a href="#35faf129-0108-4654-919a-06c039e9296b">test_log_sin_warnings</a>[s]</li>
                    
                </ul>
                </li>
                
                <li>test_minimal_requirements.TestRNFAdicionalesKanban
                <ul>
                    
                    <li><a href="#7b8c3ca7-abb2-46ba-ad19-fb9c07ef6eec">test_vista_kanban[/kanban]</a>[s]</li>
                    
                    <li><a href="#eb794d1d-fc13-482a-96d4-344bab4338fc">test_vista_kanban[/kanban[@default_group_by]]</a>[s]</li>
                    
                    <li><a href="#cab7b0aa-180c-4aef-b983-dfdae2c1b3be">test_vista_kanban_imagen[/img]</a>[s]</li>
                    
                    <li><a href="#f9e394c4-cdeb-4b3d-b6ef-89552b0b3bf1">test_vista_kanban_imagen[/field[@preview_image]]</a>[s]</li>
                    
                    <li><a href="#7936298b-4a9b-4e38-b138-d970c642a35c">test_vista_kanban_imagen[/field[@widget=&#34;image&#34;]]</a>[s]</li>
                    
                </ul>
                </li>
                
                <li>test_minimal_requirements.TestRNFAdicionalesBusqueda
                <ul>
                    
                    <li><a href="#565b3cea-dc6f-4996-934f-43a05495ffe3">test_vista_search[/search]</a>[s]</li>
                    
                    <li><a href="#9403d5fc-d56a-4606-8030-4c12df9e29c8">test_vista_search_compleja[/filter[@domain]]</a>[s]</li>
                    
                    <li><a href="#2ab3b0e6-b267-4dd2-b028-03e95e4e75d7">test_vista_search_compleja[/group//filter[@context]]</a>[s]</li>
                    
                </ul>
                </li>
                
                <li>test_minimal_requirements.TestRNFAdicionalesOtrasVistas
                <ul>
                    
                    <li><a href="#fdcaf3d7-0a8d-45a6-aae4-09d23397256b">test_otras_vistas_adicionales[activity]</a>[s]</li>
                    
                    <li><a href="#1659c19c-8e3a-4500-975f-2d77a09f5b06">test_otras_vistas_adicionales[calendar]</a>[s]</li>
                    
                    <li><a href="#d29f4a28-4be4-4dca-8c27-126c883dc283">test_otras_vistas_adicionales[graph]</a>[s]</li>
                    
                    <li><a href="#cc314f45-fa7a-4f67-a546-6240b349de94">test_otras_vistas_adicionales[pivot]</a>[s]</li>
                    
                </ul>
                </li>
                
                <li>test_minimal_requirements.TestRNFAdicionalesConstraints
                <ul>
                    
                    <li><a href="#5d3417c4-56f9-4948-b772-428509fc3042">test_constraints_sql</a>[s]</li>
                    
                </ul>
                </li>
                
                <li>test_minimal_requirements.TestRNFAdicionalesSeguridadAvanzada
                <ul>
                    
                    <li><a href="#71fd9737-5036-4436-9858-82f32e136972">test_seguridad_con_grupos_propios</a>[s]</li>
                    
                </ul>
                </li>
                
                <li>test_minimal_requirements.TestRNFAdicionalesDatosAvanzados
                <ul>
                    
                    <li><a href="#832476c4-7726-4b27-a94f-40bbb73bfa1b">test_datos_maestros_o_demo_avanzados[binary]</a>[s]</li>
                    
                    <li><a href="#fe4d6ce3-478b-4d71-9ffe-6a713bb8e9b1">test_datos_maestros_o_demo_avanzados[many2many]</a>[s]</li>
                    
                    <li><a href="#08504bcd-b547-4598-846b-01fd95b55de7">test_datos_maestros_o_demo_avanzados[many2one]</a>[s]</li>
                    
                </ul>
                </li>
                
                <li>test_minimal_requirements.TestRNFAdicionalesHerenciaVistas
                <ul>
                    
                    <li><a href="#31451056-54a3-485b-a0d9-9ecc296702a6">test_herencia_en_vistas_con_position</a>[s]</li>
                    
                    <li><a href="#9bcebca4-8196-491e-b7a1-3bd18cb2ed09">test_herencia_en_vistas_con_inherit_id</a>[s]</li>
                    
                </ul>
                </li>
                
                <li>test_minimal_requirements.TestRNFAdicionalesHerenciaModelos
                <ul>
                    
                    <li><a href="#21b02ef9-cec2-4bfe-bcac-db5ee8244dcd">test_modelos_existentes_modificados_por_herencia</a>[s]</li>
                    
                    <li><a href="#e54355f2-d0e7-4a9c-81f1-2153ef65b467">test_nuevos_modelos_con_herencia</a>[s]</li>
                    
                </ul>
                </li>
                
                <li>test_minimal_requirements.TestRNFAdicionalesTraducciones
                <ul>
                    
                    <li><a href="#9a277c37-420a-41d3-8ab0-702b0455fa56">test_i18n</a>[s]</li>
                    
                </ul>
                </li>
                
                <li>test_minimal_requirements.TestRNFAdicionalesInformes
                <ul>
                    
                    <li><a href="#d6f74ecb-ab41-49de-a793-c80ffbad460d">test_informes[report]</a>[s]</li>
                    
                    <li><a href="#2a6fb7f9-3db5-47b9-a1b9-e8865f3bf01b">test_informes[template]</a>[s]</li>
                    
                    <li><a href="#aa3dffe9-d4a7-4242-a4a2-906040a4ba54">test_informes_complejos[/t[@t-foreach]]</a>[s]</li>
                    
                    <li><a href="#b3862c7b-387f-40d8-892f-0a712317ee7d">test_informes_complejos[/img[@t-att-src]]</a>[s]</li>
                    
                    <li><a href="#bc57a456-7384-431a-8904-266a552fb8b0">test_informes_complejos[/t[@t-call and not(@t-call=&#34;web.external_layout&#34; or @t-call=&#34;web.html_container&#34;)]]</a>[s]</li>
                    
                </ul>
                </li>
                
                <li>test_minimal_requirements.TestRNFAdicionalesChatter
                <ul>
                    
                    <li><a href="#3b274e35-ad07-4eee-b843-342357f0fc36">test_chatter[mail_thread]</a>[s]</li>
                    
                    <li><a href="#73884e1d-b8fd-4a21-b839-f1d0daf809f1">test_chatter[mail_activity_mixin]</a>[s]</li>
                    
                    <li><a href="#9e0bc7c1-5054-433c-ab11-04141ef73ec1">test_chatter_tracking</a>[s]</li>
                    
                    <li><a href="#18965ac6-a3e6-4172-a6d8-a20ad75f242a">test_vista_chatter_div</a>[s]</li>
                    
                    <li><a href="#3b0f7018-1513-4330-bd88-568663f766db">test_vista_chatter_fields[.//field[@name=&#34;message_follower_ids&#34;]]</a>[s]</li>
                    
                    <li><a href="#ae77a29c-5f61-4d5d-86d5-7ba341a8c4d9">test_vista_chatter_fields[.//field[@name=&#34;activity_ids&#34;]]</a>[s]</li>
                    
                    <li><a href="#68ffb98f-79b0-4fd0-acc8-532d881ead29">test_vista_chatter_fields[.//field[@name=&#34;message_ids&#34;]]</a>[s]</li>
                    
                    <li><a href="#de62f995-d4d0-461c-b93c-a3c010af3df7">test_vista_chatter_fields[.//field[@widget=&#34;mail_followers&#34;]]</a>[s]</li>
                    
                    <li><a href="#d02ab6ec-ec81-4321-a355-e5117dee2e0a">test_vista_chatter_fields[.//field[@widget=&#34;mail_thread&#34;]]</a>[s]</li>
                    
                    <li><a href="#e7a8d19e-bed2-4312-8164-ec74c8805ef9">test_vista_chatter_fields[.//field[@widget=&#34;mail_activity&#34;]]</a>[s]</li>
                    
                </ul>
                </li>
                
            
            </ul>
        </td>
        <td class="failure-index">
            <ul class="toc">
            
                
                    
                    
                    <li><a href="#03f3c90d-6397-4c80-b506-45e837ec27f3">[F] test_minimal_requirements.TestRNF1 : test_app_tiene_al_menos_4_modelos</a></li>
                    
                    
                    
                    <li><a href="#72698384-ad2f-400a-b01f-d7ca6597935d">[F] test_minimal_requirements.TestRNF1 : test_modelos_en_ficheros_individuales</a></li>
                    
                    
                
                    
                    
                    <li><a href="#15cdba2c-945c-4308-8e83-197f1ce18603">[F] test_minimal_requirements.TestRNF2 : test_relacion_many2many</a></li>
                    
                    
                    
                    <li><a href="#e1d79db4-855b-4a1e-a61b-e166714d7b79">[F] test_minimal_requirements.TestRNF2 : test_modelos_tienen_algun_campo_relacion[one2many]</a></li>
                    
                    
                    
                    <li><a href="#eb82e9bd-e719-4c43-a943-5b7a98b96538">[F] test_minimal_requirements.TestRNF2 : test_modelos_tienen_algun_campo_relacion[many2one]</a></li>
                    
                    
                    
                    <li><a href="#5ddb0704-0d4d-46ad-9e48-ef92a2d8e684">[F] test_minimal_requirements.TestRNF2 : test_unknown_comodel_name</a></li>
                    
                    
                
                    
                    
                    <li><a href="#56a87816-b8d7-4ab5-ba5e-34a2f105e004">[F] test_minimal_requirements.TestRNF3 : test_modelos_tienen_vista[tree]</a></li>
                    
                    
                    
                    <li><a href="#02b4dae0-d453-4ea1-baa1-b36cb9ee8bb2">[F] test_minimal_requirements.TestRNF3 : test_modelos_tienen_vista[form]</a></li>
                    
                    
                    
                    <li><a href="#799d1c9b-5ad9-4874-9bce-c942bb04230b">[F] test_minimal_requirements.TestRNF3 : test_formularios_tienen_vista_anidada_para_campos_X2many[one2many]</a></li>
                    
                    
                    
                    <li><a href="#443fbcd9-3a6f-4063-9f75-7caada38c6d5">[F] test_minimal_requirements.TestRNF3 : test_formularios_tienen_vista_anidada_para_campos_X2many[many2many]</a></li>
                    
                    
                
                    
                    
                    <li><a href="#99fb1198-bc4b-4160-bc42-049a36742a40">[F] test_minimal_requirements.TestRNF4 : test_vistas_en_ficheros_individuales</a></li>
                    
                    
                
                    
                    
                    <li><a href="#0d186bf5-b05e-4398-9749-9b2c0af333df">[F] test_minimal_requirements.TestRNF5 : test_modelos_tienen_algun_posible_campo_imagen</a></li>
                    
                    
                    
                    <li><a href="#873d433b-edc4-481b-9dc1-686a28f8ca6f">[F] test_minimal_requirements.TestRNF5 : test_alguna_vista_tiene_campo_imagen</a></li>
                    
                    
                
                    
                    
                    <li><a href="#13559dba-7561-4ed0-a9f5-fd62a035f159">[F] test_minimal_requirements.TestRNF6 : test_modelos_tienen_acciones</a></li>
                    
                    
                    
                    <li><a href="#e5854388-332a-4f49-b043-63c03d5f14bd">[F] test_minimal_requirements.TestRNF6 : test_hay_elementos_de_menu[.//menuitem[@action]]</a></li>
                    
                    
                
                    
                    
                    <li><a href="#4a202ab8-64a0-4021-972c-6fd442d8cebb">[F] test_minimal_requirements.TestRNF7 : test_modelos_tienen_permisos</a></li>
                    
                    
                
                    
                    
                    <li><a href="#d8375edd-8601-4a99-bb6e-235c9ec0a6ad">[F] test_minimal_requirements.TestRNF8 : test_app_tiene_icono</a></li>
                    
                    
                
                    
                    
                    <li><a href="#92e51882-e51d-4fe0-9364-588c3e4b49db">[F] test_minimal_requirements.TestRNF9 : test_modelos_tienen_datos_demo</a></li>
                    
                    
                
                    
                    
                    <li><a href="#e4066158-8878-42a4-89ea-949c016f1a7e">[F] test_minimal_requirements.TestRNFGit : test_git_commit_frecuentes</a></li>
                    
                    
                
                    
                    
                    <li><a href="#ba4a67c1-10c0-47e6-a837-bdc88ea3dbc9">[F] test_minimal_requirements.TestRNFCalidad : test_odoo_disponible</a></li>
                    
                    
                    
                    <li><a href="#d590d584-ee37-4fa9-abef-53b75dc909f8">[F] test_minimal_requirements.TestRNFCalidad : test_app_instalada</a></li>
                    
                    
                    
                    <li><a href="#01ca3d2e-1c5e-4712-991e-74b71d8e4ed5">[F] test_minimal_requirements.TestRNFCalidad : test_otras_apps_entregadas_son_dependencias</a></li>
                    
                    
                    
                    <li><a href="#fadff604-a40a-4784-8a4a-0414c4ad8ba4">[F] test_minimal_requirements.TestRNFCalidad : test_no_hay_elementos_xml_comentados</a></li>
                    
                    
                    
                    <li><a href="#190f5caa-235e-444f-bf59-8f8fc323cfe4">[F] test_minimal_requirements.TestRNFCalidad : test_no_hay_codigo_python_comentado</a></li>
                    
                    
                    
                    <li><a href="#228610ca-9e49-4f2f-a3cd-2f7cf558bea0">[F] test_minimal_requirements.TestRNFCalidad : test_log_servidor_sin_errores</a></li>
                    
                    
                
                    
                    
                    
                
                    
                    
                    
                    
                    
                    
                    
                    
                    
                    
                    
                
                    
                    
                    
                    
                    
                    
                    
                
                    
                    
                    
                    
                    
                    
                    
                    
                    
                
                    
                    
                    
                
                    
                    
                    
                
                    
                    
                    
                    
                    
                    
                    
                
                    
                    
                    
                    
                    
                
                    
                    
                    
                    
                    
                
                    
                    
                    
                
                    
                    
                    
                    
                    
                    
                    
                    
                    
                    
                    
                
                    
                    
                    
                    
                    
                    
                    
                    
                    
                    
                    
                    
                    
                    
                    
                    
                    
                    
                    
                    
                    
                
            
            </ul>
        </td>
    </tr>
</table>


    <div class="testsuite">
        <h2>Test Suite: pytest</h2>
        <a id="fa93c3a2-eeed-4ecf-a754-8a3c2abe4a9c"></a>
        
        
        <h3>Results</h3>
        <table class="proplist">
            <tr>
                <th>Duration</th><td>72.882 sec</td>
            </tr>
            <tr>
                <th>Tests</th><td>63</td>
            </tr>
            <tr>
                <th>Failures</th><td>25</td>
            </tr>
        </table>

        <div class="testclasses">
            <h3>Tests</h3>
            
            <div class="testclass">
                <h4>test_minimal_requirements.TestRNF1</h4>
                <div class="testcases">
                
                    <div class="test outcome outcome-failed">
                        <a id="03f3c90d-6397-4c80-b506-45e837ec27f3"></a>
                        <table class="proplist">
                            <tr><th>Test case:</th><td><b>test_app_tiene_al_menos_4_modelos</b></td></tr>
                            <tr><th>Outcome:</th><td>Failed</td></tr>
                            <tr><th>Duration:</th><td>66.318 sec</td></tr>
                        
                            <tr><th>Failed</th><td>failed on setup with &#34;Exception: Timeout reached while waiting on service!&#34;</td></tr>
                        
                        
                        </table>

                        
                        <pre>docker_ip = &#39;127.0.0.1&#39;
docker_services = Services(_docker_compose=DockerComposeExecutor(_compose_command=&#39;docker compose&#39;, _compose_files=[&#39;/home/madrid/Escrit...o-project-tester/projects/docker-compose.yml&#39;], _compose_project_name=&#39;pytest14029&#39;), _services={&#39;odoo&#39;: {8069: 8069}})

    @pytest.fixture(scope=&#34;session&#34;)
    def http_service(docker_ip, docker_services):
        &#34;&#34;&#34;Se asegura de que el servicio HTTP responde.&#34;&#34;&#34;
    
        # `port_for` takes a container port and returns the corresponding host port
        port = docker_services.port_for(&#34;odoo&#34;, 8069)
        url = f&#34;http://{docker_ip}:{port}&#34;
&gt;       docker_services.wait_until_responsive(
            timeout=60.0, pause=10, check=lambda: is_responsive(url)
        )

test_minimal_requirements.py:208: 
_ _ _ _ _ _ _ _ _ _ _ _ _ _ _ _ _ _ _ _ _ _ _ _ _ _ _ _ _ _ _ _ _ _ _ _ _ _ _ _ 

self = Services(_docker_compose=DockerComposeExecutor(_compose_command=&#39;docker compose&#39;, _compose_files=[&#39;/home/madrid/Escrit...o-project-tester/projects/docker-compose.yml&#39;], _compose_project_name=&#39;pytest14029&#39;), _services={&#39;odoo&#39;: {8069: 8069}})
check = &lt;function http_service.&lt;locals&gt;.&lt;lambda&gt; at 0x7f4a86caf940&gt;
timeout = 60.0, pause = 10, clock = &lt;built-in function perf_counter&gt;

    def wait_until_responsive(
        self,
        check: Any,
        timeout: float,
        pause: float,
        clock: Any = timeit.default_timer,
    ) -&gt; None:
        &#34;&#34;&#34;Wait until a service is responsive.&#34;&#34;&#34;
    
        ref = clock()
        now = ref
        while (now - ref) &lt; timeout:
            if check():
                return
            time.sleep(pause)
            now = clock()
    
&gt;       raise Exception(&#34;Timeout reached while waiting on service!&#34;)
E       Exception: Timeout reached while waiting on service!

.venv/lib/python3.8/site-packages/pytest_docker/plugin.py:120: Exception</pre>
                        
                        

                        
                        
                        
                    </div>
                
                    <div class="test outcome outcome-failed">
                        <a id="72698384-ad2f-400a-b01f-d7ca6597935d"></a>
                        <table class="proplist">
                            <tr><th>Test case:</th><td><b>test_modelos_en_ficheros_individuales</b></td></tr>
                            <tr><th>Outcome:</th><td>Failed</td></tr>
                            <tr><th>Duration:</th><td>0.001 sec</td></tr>
                        
                            <tr><th>Failed</th><td>failed on setup with &#34;Exception: Timeout reached while waiting on service!&#34;</td></tr>
                        
                        
                        </table>

                        
                        <pre>docker_ip = &#39;127.0.0.1&#39;
docker_services = Services(_docker_compose=DockerComposeExecutor(_compose_command=&#39;docker compose&#39;, _compose_files=[&#39;/home/madrid/Escrit...o-project-tester/projects/docker-compose.yml&#39;], _compose_project_name=&#39;pytest14029&#39;), _services={&#39;odoo&#39;: {8069: 8069}})

    @pytest.fixture(scope=&#34;session&#34;)
    def http_service(docker_ip, docker_services):
        &#34;&#34;&#34;Se asegura de que el servicio HTTP responde.&#34;&#34;&#34;
    
        # `port_for` takes a container port and returns the corresponding host port
        port = docker_services.port_for(&#34;odoo&#34;, 8069)
        url = f&#34;http://{docker_ip}:{port}&#34;
&gt;       docker_services.wait_until_responsive(
            timeout=60.0, pause=10, check=lambda: is_responsive(url)
        )

test_minimal_requirements.py:208: 
_ _ _ _ _ _ _ _ _ _ _ _ _ _ _ _ _ _ _ _ _ _ _ _ _ _ _ _ _ _ _ _ _ _ _ _ _ _ _ _ 

self = Services(_docker_compose=DockerComposeExecutor(_compose_command=&#39;docker compose&#39;, _compose_files=[&#39;/home/madrid/Escrit...o-project-tester/projects/docker-compose.yml&#39;], _compose_project_name=&#39;pytest14029&#39;), _services={&#39;odoo&#39;: {8069: 8069}})
check = &lt;function http_service.&lt;locals&gt;.&lt;lambda&gt; at 0x7f4a86caf940&gt;
timeout = 60.0, pause = 10, clock = &lt;built-in function perf_counter&gt;

    def wait_until_responsive(
        self,
        check: Any,
        timeout: float,
        pause: float,
        clock: Any = timeit.default_timer,
    ) -&gt; None:
        &#34;&#34;&#34;Wait until a service is responsive.&#34;&#34;&#34;
    
        ref = clock()
        now = ref
        while (now - ref) &lt; timeout:
            if check():
                return
            time.sleep(pause)
            now = clock()
    
&gt;       raise Exception(&#34;Timeout reached while waiting on service!&#34;)
E       Exception: Timeout reached while waiting on service!

.venv/lib/python3.8/site-packages/pytest_docker/plugin.py:120: Exception</pre>
                        
                        

                        
                        
                        
                    </div>
                
                </div>
            </div>
            
            <div class="testclass">
                <h4>test_minimal_requirements.TestRNF2</h4>
                <div class="testcases">
                
                    <div class="test outcome outcome-failed">
                        <a id="15cdba2c-945c-4308-8e83-197f1ce18603"></a>
                        <table class="proplist">
                            <tr><th>Test case:</th><td><b>test_relacion_many2many</b></td></tr>
                            <tr><th>Outcome:</th><td>Failed</td></tr>
                            <tr><th>Duration:</th><td>0.001 sec</td></tr>
                        
                            <tr><th>Failed</th><td>failed on setup with &#34;Exception: Timeout reached while waiting on service!&#34;</td></tr>
                        
                        
                        </table>

                        
                        <pre>docker_ip = &#39;127.0.0.1&#39;
docker_services = Services(_docker_compose=DockerComposeExecutor(_compose_command=&#39;docker compose&#39;, _compose_files=[&#39;/home/madrid/Escrit...o-project-tester/projects/docker-compose.yml&#39;], _compose_project_name=&#39;pytest14029&#39;), _services={&#39;odoo&#39;: {8069: 8069}})

    @pytest.fixture(scope=&#34;session&#34;)
    def http_service(docker_ip, docker_services):
        &#34;&#34;&#34;Se asegura de que el servicio HTTP responde.&#34;&#34;&#34;
    
        # `port_for` takes a container port and returns the corresponding host port
        port = docker_services.port_for(&#34;odoo&#34;, 8069)
        url = f&#34;http://{docker_ip}:{port}&#34;
&gt;       docker_services.wait_until_responsive(
            timeout=60.0, pause=10, check=lambda: is_responsive(url)
        )

test_minimal_requirements.py:208: 
_ _ _ _ _ _ _ _ _ _ _ _ _ _ _ _ _ _ _ _ _ _ _ _ _ _ _ _ _ _ _ _ _ _ _ _ _ _ _ _ 

self = Services(_docker_compose=DockerComposeExecutor(_compose_command=&#39;docker compose&#39;, _compose_files=[&#39;/home/madrid/Escrit...o-project-tester/projects/docker-compose.yml&#39;], _compose_project_name=&#39;pytest14029&#39;), _services={&#39;odoo&#39;: {8069: 8069}})
check = &lt;function http_service.&lt;locals&gt;.&lt;lambda&gt; at 0x7f4a86caf940&gt;
timeout = 60.0, pause = 10, clock = &lt;built-in function perf_counter&gt;

    def wait_until_responsive(
        self,
        check: Any,
        timeout: float,
        pause: float,
        clock: Any = timeit.default_timer,
    ) -&gt; None:
        &#34;&#34;&#34;Wait until a service is responsive.&#34;&#34;&#34;
    
        ref = clock()
        now = ref
        while (now - ref) &lt; timeout:
            if check():
                return
            time.sleep(pause)
            now = clock()
    
&gt;       raise Exception(&#34;Timeout reached while waiting on service!&#34;)
E       Exception: Timeout reached while waiting on service!

.venv/lib/python3.8/site-packages/pytest_docker/plugin.py:120: Exception</pre>
                        
                        

                        
                        
                        
                    </div>
                
                    <div class="test outcome outcome-failed">
                        <a id="e1d79db4-855b-4a1e-a61b-e166714d7b79"></a>
                        <table class="proplist">
                            <tr><th>Test case:</th><td><b>test_modelos_tienen_algun_campo_relacion[one2many]</b></td></tr>
                            <tr><th>Outcome:</th><td>Failed</td></tr>
                            <tr><th>Duration:</th><td>0.0 sec</td></tr>
                        
                            <tr><th>Failed</th><td>failed on setup with &#34;Exception: Timeout reached while waiting on service!&#34;</td></tr>
                        
                        
                        </table>

                        
                        <pre>docker_ip = &#39;127.0.0.1&#39;
docker_services = Services(_docker_compose=DockerComposeExecutor(_compose_command=&#39;docker compose&#39;, _compose_files=[&#39;/home/madrid/Escrit...o-project-tester/projects/docker-compose.yml&#39;], _compose_project_name=&#39;pytest14029&#39;), _services={&#39;odoo&#39;: {8069: 8069}})

    @pytest.fixture(scope=&#34;session&#34;)
    def http_service(docker_ip, docker_services):
        &#34;&#34;&#34;Se asegura de que el servicio HTTP responde.&#34;&#34;&#34;
    
        # `port_for` takes a container port and returns the corresponding host port
        port = docker_services.port_for(&#34;odoo&#34;, 8069)
        url = f&#34;http://{docker_ip}:{port}&#34;
&gt;       docker_services.wait_until_responsive(
            timeout=60.0, pause=10, check=lambda: is_responsive(url)
        )

test_minimal_requirements.py:208: 
_ _ _ _ _ _ _ _ _ _ _ _ _ _ _ _ _ _ _ _ _ _ _ _ _ _ _ _ _ _ _ _ _ _ _ _ _ _ _ _ 

self = Services(_docker_compose=DockerComposeExecutor(_compose_command=&#39;docker compose&#39;, _compose_files=[&#39;/home/madrid/Escrit...o-project-tester/projects/docker-compose.yml&#39;], _compose_project_name=&#39;pytest14029&#39;), _services={&#39;odoo&#39;: {8069: 8069}})
check = &lt;function http_service.&lt;locals&gt;.&lt;lambda&gt; at 0x7f4a86caf940&gt;
timeout = 60.0, pause = 10, clock = &lt;built-in function perf_counter&gt;

    def wait_until_responsive(
        self,
        check: Any,
        timeout: float,
        pause: float,
        clock: Any = timeit.default_timer,
    ) -&gt; None:
        &#34;&#34;&#34;Wait until a service is responsive.&#34;&#34;&#34;
    
        ref = clock()
        now = ref
        while (now - ref) &lt; timeout:
            if check():
                return
            time.sleep(pause)
            now = clock()
    
&gt;       raise Exception(&#34;Timeout reached while waiting on service!&#34;)
E       Exception: Timeout reached while waiting on service!

.venv/lib/python3.8/site-packages/pytest_docker/plugin.py:120: Exception</pre>
                        
                        

                        
                        
                        
                    </div>
                
                    <div class="test outcome outcome-failed">
                        <a id="eb82e9bd-e719-4c43-a943-5b7a98b96538"></a>
                        <table class="proplist">
                            <tr><th>Test case:</th><td><b>test_modelos_tienen_algun_campo_relacion[many2one]</b></td></tr>
                            <tr><th>Outcome:</th><td>Failed</td></tr>
                            <tr><th>Duration:</th><td>0.0 sec</td></tr>
                        
                            <tr><th>Failed</th><td>failed on setup with &#34;Exception: Timeout reached while waiting on service!&#34;</td></tr>
                        
                        
                        </table>

                        
                        <pre>docker_ip = &#39;127.0.0.1&#39;
docker_services = Services(_docker_compose=DockerComposeExecutor(_compose_command=&#39;docker compose&#39;, _compose_files=[&#39;/home/madrid/Escrit...o-project-tester/projects/docker-compose.yml&#39;], _compose_project_name=&#39;pytest14029&#39;), _services={&#39;odoo&#39;: {8069: 8069}})

    @pytest.fixture(scope=&#34;session&#34;)
    def http_service(docker_ip, docker_services):
        &#34;&#34;&#34;Se asegura de que el servicio HTTP responde.&#34;&#34;&#34;
    
        # `port_for` takes a container port and returns the corresponding host port
        port = docker_services.port_for(&#34;odoo&#34;, 8069)
        url = f&#34;http://{docker_ip}:{port}&#34;
&gt;       docker_services.wait_until_responsive(
            timeout=60.0, pause=10, check=lambda: is_responsive(url)
        )

test_minimal_requirements.py:208: 
_ _ _ _ _ _ _ _ _ _ _ _ _ _ _ _ _ _ _ _ _ _ _ _ _ _ _ _ _ _ _ _ _ _ _ _ _ _ _ _ 

self = Services(_docker_compose=DockerComposeExecutor(_compose_command=&#39;docker compose&#39;, _compose_files=[&#39;/home/madrid/Escrit...o-project-tester/projects/docker-compose.yml&#39;], _compose_project_name=&#39;pytest14029&#39;), _services={&#39;odoo&#39;: {8069: 8069}})
check = &lt;function http_service.&lt;locals&gt;.&lt;lambda&gt; at 0x7f4a86caf940&gt;
timeout = 60.0, pause = 10, clock = &lt;built-in function perf_counter&gt;

    def wait_until_responsive(
        self,
        check: Any,
        timeout: float,
        pause: float,
        clock: Any = timeit.default_timer,
    ) -&gt; None:
        &#34;&#34;&#34;Wait until a service is responsive.&#34;&#34;&#34;
    
        ref = clock()
        now = ref
        while (now - ref) &lt; timeout:
            if check():
                return
            time.sleep(pause)
            now = clock()
    
&gt;       raise Exception(&#34;Timeout reached while waiting on service!&#34;)
E       Exception: Timeout reached while waiting on service!

.venv/lib/python3.8/site-packages/pytest_docker/plugin.py:120: Exception</pre>
                        
                        

                        
                        
                        
                    </div>
                
                    <div class="test outcome outcome-failed">
                        <a id="5ddb0704-0d4d-46ad-9e48-ef92a2d8e684"></a>
                        <table class="proplist">
                            <tr><th>Test case:</th><td><b>test_unknown_comodel_name</b></td></tr>
                            <tr><th>Outcome:</th><td>Failed</td></tr>
                            <tr><th>Duration:</th><td>0.0 sec</td></tr>
                        
                            <tr><th>Failed</th><td>failed on setup with &#34;Exception: Timeout reached while waiting on service!&#34;</td></tr>
                        
                        
                        </table>

                        
                        <pre>docker_ip = &#39;127.0.0.1&#39;
docker_services = Services(_docker_compose=DockerComposeExecutor(_compose_command=&#39;docker compose&#39;, _compose_files=[&#39;/home/madrid/Escrit...o-project-tester/projects/docker-compose.yml&#39;], _compose_project_name=&#39;pytest14029&#39;), _services={&#39;odoo&#39;: {8069: 8069}})

    @pytest.fixture(scope=&#34;session&#34;)
    def http_service(docker_ip, docker_services):
        &#34;&#34;&#34;Se asegura de que el servicio HTTP responde.&#34;&#34;&#34;
    
        # `port_for` takes a container port and returns the corresponding host port
        port = docker_services.port_for(&#34;odoo&#34;, 8069)
        url = f&#34;http://{docker_ip}:{port}&#34;
&gt;       docker_services.wait_until_responsive(
            timeout=60.0, pause=10, check=lambda: is_responsive(url)
        )

test_minimal_requirements.py:208: 
_ _ _ _ _ _ _ _ _ _ _ _ _ _ _ _ _ _ _ _ _ _ _ _ _ _ _ _ _ _ _ _ _ _ _ _ _ _ _ _ 

self = Services(_docker_compose=DockerComposeExecutor(_compose_command=&#39;docker compose&#39;, _compose_files=[&#39;/home/madrid/Escrit...o-project-tester/projects/docker-compose.yml&#39;], _compose_project_name=&#39;pytest14029&#39;), _services={&#39;odoo&#39;: {8069: 8069}})
check = &lt;function http_service.&lt;locals&gt;.&lt;lambda&gt; at 0x7f4a86caf940&gt;
timeout = 60.0, pause = 10, clock = &lt;built-in function perf_counter&gt;

    def wait_until_responsive(
        self,
        check: Any,
        timeout: float,
        pause: float,
        clock: Any = timeit.default_timer,
    ) -&gt; None:
        &#34;&#34;&#34;Wait until a service is responsive.&#34;&#34;&#34;
    
        ref = clock()
        now = ref
        while (now - ref) &lt; timeout:
            if check():
                return
            time.sleep(pause)
            now = clock()
    
&gt;       raise Exception(&#34;Timeout reached while waiting on service!&#34;)
E       Exception: Timeout reached while waiting on service!

.venv/lib/python3.8/site-packages/pytest_docker/plugin.py:120: Exception</pre>
                        
                        

                        
                        
                        
                    </div>
                
                </div>
            </div>
            
            <div class="testclass">
                <h4>test_minimal_requirements.TestRNF3</h4>
                <div class="testcases">
                
                    <div class="test outcome outcome-failed">
                        <a id="56a87816-b8d7-4ab5-ba5e-34a2f105e004"></a>
                        <table class="proplist">
                            <tr><th>Test case:</th><td><b>test_modelos_tienen_vista[tree]</b></td></tr>
                            <tr><th>Outcome:</th><td>Failed</td></tr>
                            <tr><th>Duration:</th><td>0.0 sec</td></tr>
                        
                            <tr><th>Failed</th><td>failed on setup with &#34;Exception: Timeout reached while waiting on service!&#34;</td></tr>
                        
                        
                        </table>

                        
                        <pre>docker_ip = &#39;127.0.0.1&#39;
docker_services = Services(_docker_compose=DockerComposeExecutor(_compose_command=&#39;docker compose&#39;, _compose_files=[&#39;/home/madrid/Escrit...o-project-tester/projects/docker-compose.yml&#39;], _compose_project_name=&#39;pytest14029&#39;), _services={&#39;odoo&#39;: {8069: 8069}})

    @pytest.fixture(scope=&#34;session&#34;)
    def http_service(docker_ip, docker_services):
        &#34;&#34;&#34;Se asegura de que el servicio HTTP responde.&#34;&#34;&#34;
    
        # `port_for` takes a container port and returns the corresponding host port
        port = docker_services.port_for(&#34;odoo&#34;, 8069)
        url = f&#34;http://{docker_ip}:{port}&#34;
&gt;       docker_services.wait_until_responsive(
            timeout=60.0, pause=10, check=lambda: is_responsive(url)
        )

test_minimal_requirements.py:208: 
_ _ _ _ _ _ _ _ _ _ _ _ _ _ _ _ _ _ _ _ _ _ _ _ _ _ _ _ _ _ _ _ _ _ _ _ _ _ _ _ 

self = Services(_docker_compose=DockerComposeExecutor(_compose_command=&#39;docker compose&#39;, _compose_files=[&#39;/home/madrid/Escrit...o-project-tester/projects/docker-compose.yml&#39;], _compose_project_name=&#39;pytest14029&#39;), _services={&#39;odoo&#39;: {8069: 8069}})
check = &lt;function http_service.&lt;locals&gt;.&lt;lambda&gt; at 0x7f4a86caf940&gt;
timeout = 60.0, pause = 10, clock = &lt;built-in function perf_counter&gt;

    def wait_until_responsive(
        self,
        check: Any,
        timeout: float,
        pause: float,
        clock: Any = timeit.default_timer,
    ) -&gt; None:
        &#34;&#34;&#34;Wait until a service is responsive.&#34;&#34;&#34;
    
        ref = clock()
        now = ref
        while (now - ref) &lt; timeout:
            if check():
                return
            time.sleep(pause)
            now = clock()
    
&gt;       raise Exception(&#34;Timeout reached while waiting on service!&#34;)
E       Exception: Timeout reached while waiting on service!

.venv/lib/python3.8/site-packages/pytest_docker/plugin.py:120: Exception</pre>
                        
                        

                        
                        
                        
                    </div>
                
                    <div class="test outcome outcome-failed">
                        <a id="02b4dae0-d453-4ea1-baa1-b36cb9ee8bb2"></a>
                        <table class="proplist">
                            <tr><th>Test case:</th><td><b>test_modelos_tienen_vista[form]</b></td></tr>
                            <tr><th>Outcome:</th><td>Failed</td></tr>
                            <tr><th>Duration:</th><td>0.0 sec</td></tr>
                        
                            <tr><th>Failed</th><td>failed on setup with &#34;Exception: Timeout reached while waiting on service!&#34;</td></tr>
                        
                        
                        </table>

                        
                        <pre>docker_ip = &#39;127.0.0.1&#39;
docker_services = Services(_docker_compose=DockerComposeExecutor(_compose_command=&#39;docker compose&#39;, _compose_files=[&#39;/home/madrid/Escrit...o-project-tester/projects/docker-compose.yml&#39;], _compose_project_name=&#39;pytest14029&#39;), _services={&#39;odoo&#39;: {8069: 8069}})

    @pytest.fixture(scope=&#34;session&#34;)
    def http_service(docker_ip, docker_services):
        &#34;&#34;&#34;Se asegura de que el servicio HTTP responde.&#34;&#34;&#34;
    
        # `port_for` takes a container port and returns the corresponding host port
        port = docker_services.port_for(&#34;odoo&#34;, 8069)
        url = f&#34;http://{docker_ip}:{port}&#34;
&gt;       docker_services.wait_until_responsive(
            timeout=60.0, pause=10, check=lambda: is_responsive(url)
        )

test_minimal_requirements.py:208: 
_ _ _ _ _ _ _ _ _ _ _ _ _ _ _ _ _ _ _ _ _ _ _ _ _ _ _ _ _ _ _ _ _ _ _ _ _ _ _ _ 

self = Services(_docker_compose=DockerComposeExecutor(_compose_command=&#39;docker compose&#39;, _compose_files=[&#39;/home/madrid/Escrit...o-project-tester/projects/docker-compose.yml&#39;], _compose_project_name=&#39;pytest14029&#39;), _services={&#39;odoo&#39;: {8069: 8069}})
check = &lt;function http_service.&lt;locals&gt;.&lt;lambda&gt; at 0x7f4a86caf940&gt;
timeout = 60.0, pause = 10, clock = &lt;built-in function perf_counter&gt;

    def wait_until_responsive(
        self,
        check: Any,
        timeout: float,
        pause: float,
        clock: Any = timeit.default_timer,
    ) -&gt; None:
        &#34;&#34;&#34;Wait until a service is responsive.&#34;&#34;&#34;
    
        ref = clock()
        now = ref
        while (now - ref) &lt; timeout:
            if check():
                return
            time.sleep(pause)
            now = clock()
    
&gt;       raise Exception(&#34;Timeout reached while waiting on service!&#34;)
E       Exception: Timeout reached while waiting on service!

.venv/lib/python3.8/site-packages/pytest_docker/plugin.py:120: Exception</pre>
                        
                        

                        
                        
                        
                    </div>
                
                    <div class="test outcome outcome-failed">
                        <a id="799d1c9b-5ad9-4874-9bce-c942bb04230b"></a>
                        <table class="proplist">
                            <tr><th>Test case:</th><td><b>test_formularios_tienen_vista_anidada_para_campos_X2many[one2many]</b></td></tr>
                            <tr><th>Outcome:</th><td>Failed</td></tr>
                            <tr><th>Duration:</th><td>0.0 sec</td></tr>
                        
                            <tr><th>Failed</th><td>failed on setup with &#34;Exception: Timeout reached while waiting on service!&#34;</td></tr>
                        
                        
                        </table>

                        
                        <pre>docker_ip = &#39;127.0.0.1&#39;
docker_services = Services(_docker_compose=DockerComposeExecutor(_compose_command=&#39;docker compose&#39;, _compose_files=[&#39;/home/madrid/Escrit...o-project-tester/projects/docker-compose.yml&#39;], _compose_project_name=&#39;pytest14029&#39;), _services={&#39;odoo&#39;: {8069: 8069}})

    @pytest.fixture(scope=&#34;session&#34;)
    def http_service(docker_ip, docker_services):
        &#34;&#34;&#34;Se asegura de que el servicio HTTP responde.&#34;&#34;&#34;
    
        # `port_for` takes a container port and returns the corresponding host port
        port = docker_services.port_for(&#34;odoo&#34;, 8069)
        url = f&#34;http://{docker_ip}:{port}&#34;
&gt;       docker_services.wait_until_responsive(
            timeout=60.0, pause=10, check=lambda: is_responsive(url)
        )

test_minimal_requirements.py:208: 
_ _ _ _ _ _ _ _ _ _ _ _ _ _ _ _ _ _ _ _ _ _ _ _ _ _ _ _ _ _ _ _ _ _ _ _ _ _ _ _ 

self = Services(_docker_compose=DockerComposeExecutor(_compose_command=&#39;docker compose&#39;, _compose_files=[&#39;/home/madrid/Escrit...o-project-tester/projects/docker-compose.yml&#39;], _compose_project_name=&#39;pytest14029&#39;), _services={&#39;odoo&#39;: {8069: 8069}})
check = &lt;function http_service.&lt;locals&gt;.&lt;lambda&gt; at 0x7f4a86caf940&gt;
timeout = 60.0, pause = 10, clock = &lt;built-in function perf_counter&gt;

    def wait_until_responsive(
        self,
        check: Any,
        timeout: float,
        pause: float,
        clock: Any = timeit.default_timer,
    ) -&gt; None:
        &#34;&#34;&#34;Wait until a service is responsive.&#34;&#34;&#34;
    
        ref = clock()
        now = ref
        while (now - ref) &lt; timeout:
            if check():
                return
            time.sleep(pause)
            now = clock()
    
&gt;       raise Exception(&#34;Timeout reached while waiting on service!&#34;)
E       Exception: Timeout reached while waiting on service!

.venv/lib/python3.8/site-packages/pytest_docker/plugin.py:120: Exception</pre>
                        
                        

                        
                        
                        
                    </div>
                
                    <div class="test outcome outcome-failed">
                        <a id="443fbcd9-3a6f-4063-9f75-7caada38c6d5"></a>
                        <table class="proplist">
                            <tr><th>Test case:</th><td><b>test_formularios_tienen_vista_anidada_para_campos_X2many[many2many]</b></td></tr>
                            <tr><th>Outcome:</th><td>Failed</td></tr>
                            <tr><th>Duration:</th><td>0.0 sec</td></tr>
                        
                            <tr><th>Failed</th><td>failed on setup with &#34;Exception: Timeout reached while waiting on service!&#34;</td></tr>
                        
                        
                        </table>

                        
                        <pre>docker_ip = &#39;127.0.0.1&#39;
docker_services = Services(_docker_compose=DockerComposeExecutor(_compose_command=&#39;docker compose&#39;, _compose_files=[&#39;/home/madrid/Escrit...o-project-tester/projects/docker-compose.yml&#39;], _compose_project_name=&#39;pytest14029&#39;), _services={&#39;odoo&#39;: {8069: 8069}})

    @pytest.fixture(scope=&#34;session&#34;)
    def http_service(docker_ip, docker_services):
        &#34;&#34;&#34;Se asegura de que el servicio HTTP responde.&#34;&#34;&#34;
    
        # `port_for` takes a container port and returns the corresponding host port
        port = docker_services.port_for(&#34;odoo&#34;, 8069)
        url = f&#34;http://{docker_ip}:{port}&#34;
&gt;       docker_services.wait_until_responsive(
            timeout=60.0, pause=10, check=lambda: is_responsive(url)
        )

test_minimal_requirements.py:208: 
_ _ _ _ _ _ _ _ _ _ _ _ _ _ _ _ _ _ _ _ _ _ _ _ _ _ _ _ _ _ _ _ _ _ _ _ _ _ _ _ 

self = Services(_docker_compose=DockerComposeExecutor(_compose_command=&#39;docker compose&#39;, _compose_files=[&#39;/home/madrid/Escrit...o-project-tester/projects/docker-compose.yml&#39;], _compose_project_name=&#39;pytest14029&#39;), _services={&#39;odoo&#39;: {8069: 8069}})
check = &lt;function http_service.&lt;locals&gt;.&lt;lambda&gt; at 0x7f4a86caf940&gt;
timeout = 60.0, pause = 10, clock = &lt;built-in function perf_counter&gt;

    def wait_until_responsive(
        self,
        check: Any,
        timeout: float,
        pause: float,
        clock: Any = timeit.default_timer,
    ) -&gt; None:
        &#34;&#34;&#34;Wait until a service is responsive.&#34;&#34;&#34;
    
        ref = clock()
        now = ref
        while (now - ref) &lt; timeout:
            if check():
                return
            time.sleep(pause)
            now = clock()
    
&gt;       raise Exception(&#34;Timeout reached while waiting on service!&#34;)
E       Exception: Timeout reached while waiting on service!

.venv/lib/python3.8/site-packages/pytest_docker/plugin.py:120: Exception</pre>
                        
                        

                        
                        
                        
                    </div>
                
                </div>
            </div>
            
            <div class="testclass">
                <h4>test_minimal_requirements.TestRNF4</h4>
                <div class="testcases">
                
                    <div class="test outcome outcome-failed">
                        <a id="99fb1198-bc4b-4160-bc42-049a36742a40"></a>
                        <table class="proplist">
                            <tr><th>Test case:</th><td><b>test_vistas_en_ficheros_individuales</b></td></tr>
                            <tr><th>Outcome:</th><td>Failed</td></tr>
                            <tr><th>Duration:</th><td>0.0 sec</td></tr>
                        
                            <tr><th>Failed</th><td>failed on setup with &#34;Exception: Timeout reached while waiting on service!&#34;</td></tr>
                        
                        
                        </table>

                        
                        <pre>docker_ip = &#39;127.0.0.1&#39;
docker_services = Services(_docker_compose=DockerComposeExecutor(_compose_command=&#39;docker compose&#39;, _compose_files=[&#39;/home/madrid/Escrit...o-project-tester/projects/docker-compose.yml&#39;], _compose_project_name=&#39;pytest14029&#39;), _services={&#39;odoo&#39;: {8069: 8069}})

    @pytest.fixture(scope=&#34;session&#34;)
    def http_service(docker_ip, docker_services):
        &#34;&#34;&#34;Se asegura de que el servicio HTTP responde.&#34;&#34;&#34;
    
        # `port_for` takes a container port and returns the corresponding host port
        port = docker_services.port_for(&#34;odoo&#34;, 8069)
        url = f&#34;http://{docker_ip}:{port}&#34;
&gt;       docker_services.wait_until_responsive(
            timeout=60.0, pause=10, check=lambda: is_responsive(url)
        )

test_minimal_requirements.py:208: 
_ _ _ _ _ _ _ _ _ _ _ _ _ _ _ _ _ _ _ _ _ _ _ _ _ _ _ _ _ _ _ _ _ _ _ _ _ _ _ _ 

self = Services(_docker_compose=DockerComposeExecutor(_compose_command=&#39;docker compose&#39;, _compose_files=[&#39;/home/madrid/Escrit...o-project-tester/projects/docker-compose.yml&#39;], _compose_project_name=&#39;pytest14029&#39;), _services={&#39;odoo&#39;: {8069: 8069}})
check = &lt;function http_service.&lt;locals&gt;.&lt;lambda&gt; at 0x7f4a86caf940&gt;
timeout = 60.0, pause = 10, clock = &lt;built-in function perf_counter&gt;

    def wait_until_responsive(
        self,
        check: Any,
        timeout: float,
        pause: float,
        clock: Any = timeit.default_timer,
    ) -&gt; None:
        &#34;&#34;&#34;Wait until a service is responsive.&#34;&#34;&#34;
    
        ref = clock()
        now = ref
        while (now - ref) &lt; timeout:
            if check():
                return
            time.sleep(pause)
            now = clock()
    
&gt;       raise Exception(&#34;Timeout reached while waiting on service!&#34;)
E       Exception: Timeout reached while waiting on service!

.venv/lib/python3.8/site-packages/pytest_docker/plugin.py:120: Exception</pre>
                        
                        

                        
                        
                        
                    </div>
                
                </div>
            </div>
            
            <div class="testclass">
                <h4>test_minimal_requirements.TestRNF5</h4>
                <div class="testcases">
                
                    <div class="test outcome outcome-failed">
                        <a id="0d186bf5-b05e-4398-9749-9b2c0af333df"></a>
                        <table class="proplist">
                            <tr><th>Test case:</th><td><b>test_modelos_tienen_algun_posible_campo_imagen</b></td></tr>
                            <tr><th>Outcome:</th><td>Failed</td></tr>
                            <tr><th>Duration:</th><td>0.001 sec</td></tr>
                        
                            <tr><th>Failed</th><td>failed on setup with &#34;Exception: Timeout reached while waiting on service!&#34;</td></tr>
                        
                        
                        </table>

                        
                        <pre>docker_ip = &#39;127.0.0.1&#39;
docker_services = Services(_docker_compose=DockerComposeExecutor(_compose_command=&#39;docker compose&#39;, _compose_files=[&#39;/home/madrid/Escrit...o-project-tester/projects/docker-compose.yml&#39;], _compose_project_name=&#39;pytest14029&#39;), _services={&#39;odoo&#39;: {8069: 8069}})

    @pytest.fixture(scope=&#34;session&#34;)
    def http_service(docker_ip, docker_services):
        &#34;&#34;&#34;Se asegura de que el servicio HTTP responde.&#34;&#34;&#34;
    
        # `port_for` takes a container port and returns the corresponding host port
        port = docker_services.port_for(&#34;odoo&#34;, 8069)
        url = f&#34;http://{docker_ip}:{port}&#34;
&gt;       docker_services.wait_until_responsive(
            timeout=60.0, pause=10, check=lambda: is_responsive(url)
        )

test_minimal_requirements.py:208: 
_ _ _ _ _ _ _ _ _ _ _ _ _ _ _ _ _ _ _ _ _ _ _ _ _ _ _ _ _ _ _ _ _ _ _ _ _ _ _ _ 

self = Services(_docker_compose=DockerComposeExecutor(_compose_command=&#39;docker compose&#39;, _compose_files=[&#39;/home/madrid/Escrit...o-project-tester/projects/docker-compose.yml&#39;], _compose_project_name=&#39;pytest14029&#39;), _services={&#39;odoo&#39;: {8069: 8069}})
check = &lt;function http_service.&lt;locals&gt;.&lt;lambda&gt; at 0x7f4a86caf940&gt;
timeout = 60.0, pause = 10, clock = &lt;built-in function perf_counter&gt;

    def wait_until_responsive(
        self,
        check: Any,
        timeout: float,
        pause: float,
        clock: Any = timeit.default_timer,
    ) -&gt; None:
        &#34;&#34;&#34;Wait until a service is responsive.&#34;&#34;&#34;
    
        ref = clock()
        now = ref
        while (now - ref) &lt; timeout:
            if check():
                return
            time.sleep(pause)
            now = clock()
    
&gt;       raise Exception(&#34;Timeout reached while waiting on service!&#34;)
E       Exception: Timeout reached while waiting on service!

.venv/lib/python3.8/site-packages/pytest_docker/plugin.py:120: Exception</pre>
                        
                        

                        
                        
                        
                    </div>
                
                    <div class="test outcome outcome-failed">
                        <a id="873d433b-edc4-481b-9dc1-686a28f8ca6f"></a>
                        <table class="proplist">
                            <tr><th>Test case:</th><td><b>test_alguna_vista_tiene_campo_imagen</b></td></tr>
                            <tr><th>Outcome:</th><td>Failed</td></tr>
                            <tr><th>Duration:</th><td>0.001 sec</td></tr>
                        
                            <tr><th>Failed</th><td>failed on setup with &#34;Exception: Timeout reached while waiting on service!&#34;</td></tr>
                        
                        
                        </table>

                        
                        <pre>docker_ip = &#39;127.0.0.1&#39;
docker_services = Services(_docker_compose=DockerComposeExecutor(_compose_command=&#39;docker compose&#39;, _compose_files=[&#39;/home/madrid/Escrit...o-project-tester/projects/docker-compose.yml&#39;], _compose_project_name=&#39;pytest14029&#39;), _services={&#39;odoo&#39;: {8069: 8069}})

    @pytest.fixture(scope=&#34;session&#34;)
    def http_service(docker_ip, docker_services):
        &#34;&#34;&#34;Se asegura de que el servicio HTTP responde.&#34;&#34;&#34;
    
        # `port_for` takes a container port and returns the corresponding host port
        port = docker_services.port_for(&#34;odoo&#34;, 8069)
        url = f&#34;http://{docker_ip}:{port}&#34;
&gt;       docker_services.wait_until_responsive(
            timeout=60.0, pause=10, check=lambda: is_responsive(url)
        )

test_minimal_requirements.py:208: 
_ _ _ _ _ _ _ _ _ _ _ _ _ _ _ _ _ _ _ _ _ _ _ _ _ _ _ _ _ _ _ _ _ _ _ _ _ _ _ _ 

self = Services(_docker_compose=DockerComposeExecutor(_compose_command=&#39;docker compose&#39;, _compose_files=[&#39;/home/madrid/Escrit...o-project-tester/projects/docker-compose.yml&#39;], _compose_project_name=&#39;pytest14029&#39;), _services={&#39;odoo&#39;: {8069: 8069}})
check = &lt;function http_service.&lt;locals&gt;.&lt;lambda&gt; at 0x7f4a86caf940&gt;
timeout = 60.0, pause = 10, clock = &lt;built-in function perf_counter&gt;

    def wait_until_responsive(
        self,
        check: Any,
        timeout: float,
        pause: float,
        clock: Any = timeit.default_timer,
    ) -&gt; None:
        &#34;&#34;&#34;Wait until a service is responsive.&#34;&#34;&#34;
    
        ref = clock()
        now = ref
        while (now - ref) &lt; timeout:
            if check():
                return
            time.sleep(pause)
            now = clock()
    
&gt;       raise Exception(&#34;Timeout reached while waiting on service!&#34;)
E       Exception: Timeout reached while waiting on service!

.venv/lib/python3.8/site-packages/pytest_docker/plugin.py:120: Exception</pre>
                        
                        

                        
                        
                        
                    </div>
                
                </div>
            </div>
            
            <div class="testclass">
                <h4>test_minimal_requirements.TestRNF6</h4>
                <div class="testcases">
                
                    <div class="test outcome outcome-failed">
                        <a id="13559dba-7561-4ed0-a9f5-fd62a035f159"></a>
                        <table class="proplist">
                            <tr><th>Test case:</th><td><b>test_modelos_tienen_acciones</b></td></tr>
                            <tr><th>Outcome:</th><td>Failed</td></tr>
                            <tr><th>Duration:</th><td>0.001 sec</td></tr>
                        
                            <tr><th>Failed</th><td>failed on setup with &#34;Exception: Timeout reached while waiting on service!&#34;</td></tr>
                        
                        
                        </table>

                        
                        <pre>docker_ip = &#39;127.0.0.1&#39;
docker_services = Services(_docker_compose=DockerComposeExecutor(_compose_command=&#39;docker compose&#39;, _compose_files=[&#39;/home/madrid/Escrit...o-project-tester/projects/docker-compose.yml&#39;], _compose_project_name=&#39;pytest14029&#39;), _services={&#39;odoo&#39;: {8069: 8069}})

    @pytest.fixture(scope=&#34;session&#34;)
    def http_service(docker_ip, docker_services):
        &#34;&#34;&#34;Se asegura de que el servicio HTTP responde.&#34;&#34;&#34;
    
        # `port_for` takes a container port and returns the corresponding host port
        port = docker_services.port_for(&#34;odoo&#34;, 8069)
        url = f&#34;http://{docker_ip}:{port}&#34;
&gt;       docker_services.wait_until_responsive(
            timeout=60.0, pause=10, check=lambda: is_responsive(url)
        )

test_minimal_requirements.py:208: 
_ _ _ _ _ _ _ _ _ _ _ _ _ _ _ _ _ _ _ _ _ _ _ _ _ _ _ _ _ _ _ _ _ _ _ _ _ _ _ _ 

self = Services(_docker_compose=DockerComposeExecutor(_compose_command=&#39;docker compose&#39;, _compose_files=[&#39;/home/madrid/Escrit...o-project-tester/projects/docker-compose.yml&#39;], _compose_project_name=&#39;pytest14029&#39;), _services={&#39;odoo&#39;: {8069: 8069}})
check = &lt;function http_service.&lt;locals&gt;.&lt;lambda&gt; at 0x7f4a86caf940&gt;
timeout = 60.0, pause = 10, clock = &lt;built-in function perf_counter&gt;

    def wait_until_responsive(
        self,
        check: Any,
        timeout: float,
        pause: float,
        clock: Any = timeit.default_timer,
    ) -&gt; None:
        &#34;&#34;&#34;Wait until a service is responsive.&#34;&#34;&#34;
    
        ref = clock()
        now = ref
        while (now - ref) &lt; timeout:
            if check():
                return
            time.sleep(pause)
            now = clock()
    
&gt;       raise Exception(&#34;Timeout reached while waiting on service!&#34;)
E       Exception: Timeout reached while waiting on service!

.venv/lib/python3.8/site-packages/pytest_docker/plugin.py:120: Exception</pre>
                        
                        

                        
                        
                        
                    </div>
                
                    <div class="test outcome outcome-failed">
                        <a id="e5854388-332a-4f49-b043-63c03d5f14bd"></a>
                        <table class="proplist">
                            <tr><th>Test case:</th><td><b>test_hay_elementos_de_menu[.//menuitem[@action]]</b></td></tr>
                            <tr><th>Outcome:</th><td>Failed</td></tr>
                            <tr><th>Duration:</th><td>0.0 sec</td></tr>
                        
                            <tr><th>Failed</th><td>failed on setup with &#34;Exception: Timeout reached while waiting on service!&#34;</td></tr>
                        
                        
                        </table>

                        
                        <pre>docker_ip = &#39;127.0.0.1&#39;
docker_services = Services(_docker_compose=DockerComposeExecutor(_compose_command=&#39;docker compose&#39;, _compose_files=[&#39;/home/madrid/Escrit...o-project-tester/projects/docker-compose.yml&#39;], _compose_project_name=&#39;pytest14029&#39;), _services={&#39;odoo&#39;: {8069: 8069}})

    @pytest.fixture(scope=&#34;session&#34;)
    def http_service(docker_ip, docker_services):
        &#34;&#34;&#34;Se asegura de que el servicio HTTP responde.&#34;&#34;&#34;
    
        # `port_for` takes a container port and returns the corresponding host port
        port = docker_services.port_for(&#34;odoo&#34;, 8069)
        url = f&#34;http://{docker_ip}:{port}&#34;
&gt;       docker_services.wait_until_responsive(
            timeout=60.0, pause=10, check=lambda: is_responsive(url)
        )

test_minimal_requirements.py:208: 
_ _ _ _ _ _ _ _ _ _ _ _ _ _ _ _ _ _ _ _ _ _ _ _ _ _ _ _ _ _ _ _ _ _ _ _ _ _ _ _ 

self = Services(_docker_compose=DockerComposeExecutor(_compose_command=&#39;docker compose&#39;, _compose_files=[&#39;/home/madrid/Escrit...o-project-tester/projects/docker-compose.yml&#39;], _compose_project_name=&#39;pytest14029&#39;), _services={&#39;odoo&#39;: {8069: 8069}})
check = &lt;function http_service.&lt;locals&gt;.&lt;lambda&gt; at 0x7f4a86caf940&gt;
timeout = 60.0, pause = 10, clock = &lt;built-in function perf_counter&gt;

    def wait_until_responsive(
        self,
        check: Any,
        timeout: float,
        pause: float,
        clock: Any = timeit.default_timer,
    ) -&gt; None:
        &#34;&#34;&#34;Wait until a service is responsive.&#34;&#34;&#34;
    
        ref = clock()
        now = ref
        while (now - ref) &lt; timeout:
            if check():
                return
            time.sleep(pause)
            now = clock()
    
&gt;       raise Exception(&#34;Timeout reached while waiting on service!&#34;)
E       Exception: Timeout reached while waiting on service!

.venv/lib/python3.8/site-packages/pytest_docker/plugin.py:120: Exception</pre>
                        
                        

                        
                        
                        
                    </div>
                
                </div>
            </div>
            
            <div class="testclass">
                <h4>test_minimal_requirements.TestRNF7</h4>
                <div class="testcases">
                
                    <div class="test outcome outcome-failed">
                        <a id="4a202ab8-64a0-4021-972c-6fd442d8cebb"></a>
                        <table class="proplist">
                            <tr><th>Test case:</th><td><b>test_modelos_tienen_permisos</b></td></tr>
                            <tr><th>Outcome:</th><td>Failed</td></tr>
                            <tr><th>Duration:</th><td>0.0 sec</td></tr>
                        
                            <tr><th>Failed</th><td>failed on setup with &#34;Exception: Timeout reached while waiting on service!&#34;</td></tr>
                        
                        
                        </table>

                        
                        <pre>docker_ip = &#39;127.0.0.1&#39;
docker_services = Services(_docker_compose=DockerComposeExecutor(_compose_command=&#39;docker compose&#39;, _compose_files=[&#39;/home/madrid/Escrit...o-project-tester/projects/docker-compose.yml&#39;], _compose_project_name=&#39;pytest14029&#39;), _services={&#39;odoo&#39;: {8069: 8069}})

    @pytest.fixture(scope=&#34;session&#34;)
    def http_service(docker_ip, docker_services):
        &#34;&#34;&#34;Se asegura de que el servicio HTTP responde.&#34;&#34;&#34;
    
        # `port_for` takes a container port and returns the corresponding host port
        port = docker_services.port_for(&#34;odoo&#34;, 8069)
        url = f&#34;http://{docker_ip}:{port}&#34;
&gt;       docker_services.wait_until_responsive(
            timeout=60.0, pause=10, check=lambda: is_responsive(url)
        )

test_minimal_requirements.py:208: 
_ _ _ _ _ _ _ _ _ _ _ _ _ _ _ _ _ _ _ _ _ _ _ _ _ _ _ _ _ _ _ _ _ _ _ _ _ _ _ _ 

self = Services(_docker_compose=DockerComposeExecutor(_compose_command=&#39;docker compose&#39;, _compose_files=[&#39;/home/madrid/Escrit...o-project-tester/projects/docker-compose.yml&#39;], _compose_project_name=&#39;pytest14029&#39;), _services={&#39;odoo&#39;: {8069: 8069}})
check = &lt;function http_service.&lt;locals&gt;.&lt;lambda&gt; at 0x7f4a86caf940&gt;
timeout = 60.0, pause = 10, clock = &lt;built-in function perf_counter&gt;

    def wait_until_responsive(
        self,
        check: Any,
        timeout: float,
        pause: float,
        clock: Any = timeit.default_timer,
    ) -&gt; None:
        &#34;&#34;&#34;Wait until a service is responsive.&#34;&#34;&#34;
    
        ref = clock()
        now = ref
        while (now - ref) &lt; timeout:
            if check():
                return
            time.sleep(pause)
            now = clock()
    
&gt;       raise Exception(&#34;Timeout reached while waiting on service!&#34;)
E       Exception: Timeout reached while waiting on service!

.venv/lib/python3.8/site-packages/pytest_docker/plugin.py:120: Exception</pre>
                        
                        

                        
                        
                        
                    </div>
                
                </div>
            </div>
            
            <div class="testclass">
                <h4>test_minimal_requirements.TestRNF8</h4>
                <div class="testcases">
                
                    <div class="test outcome outcome-failed">
                        <a id="d8375edd-8601-4a99-bb6e-235c9ec0a6ad"></a>
                        <table class="proplist">
                            <tr><th>Test case:</th><td><b>test_app_tiene_icono</b></td></tr>
                            <tr><th>Outcome:</th><td>Failed</td></tr>
                            <tr><th>Duration:</th><td>0.001 sec</td></tr>
                        
                            <tr><th>Failed</th><td>failed on setup with &#34;Exception: Timeout reached while waiting on service!&#34;</td></tr>
                        
                        
                        </table>

                        
                        <pre>docker_ip = &#39;127.0.0.1&#39;
docker_services = Services(_docker_compose=DockerComposeExecutor(_compose_command=&#39;docker compose&#39;, _compose_files=[&#39;/home/madrid/Escrit...o-project-tester/projects/docker-compose.yml&#39;], _compose_project_name=&#39;pytest14029&#39;), _services={&#39;odoo&#39;: {8069: 8069}})

    @pytest.fixture(scope=&#34;session&#34;)
    def http_service(docker_ip, docker_services):
        &#34;&#34;&#34;Se asegura de que el servicio HTTP responde.&#34;&#34;&#34;
    
        # `port_for` takes a container port and returns the corresponding host port
        port = docker_services.port_for(&#34;odoo&#34;, 8069)
        url = f&#34;http://{docker_ip}:{port}&#34;
&gt;       docker_services.wait_until_responsive(
            timeout=60.0, pause=10, check=lambda: is_responsive(url)
        )

test_minimal_requirements.py:208: 
_ _ _ _ _ _ _ _ _ _ _ _ _ _ _ _ _ _ _ _ _ _ _ _ _ _ _ _ _ _ _ _ _ _ _ _ _ _ _ _ 

self = Services(_docker_compose=DockerComposeExecutor(_compose_command=&#39;docker compose&#39;, _compose_files=[&#39;/home/madrid/Escrit...o-project-tester/projects/docker-compose.yml&#39;], _compose_project_name=&#39;pytest14029&#39;), _services={&#39;odoo&#39;: {8069: 8069}})
check = &lt;function http_service.&lt;locals&gt;.&lt;lambda&gt; at 0x7f4a86caf940&gt;
timeout = 60.0, pause = 10, clock = &lt;built-in function perf_counter&gt;

    def wait_until_responsive(
        self,
        check: Any,
        timeout: float,
        pause: float,
        clock: Any = timeit.default_timer,
    ) -&gt; None:
        &#34;&#34;&#34;Wait until a service is responsive.&#34;&#34;&#34;
    
        ref = clock()
        now = ref
        while (now - ref) &lt; timeout:
            if check():
                return
            time.sleep(pause)
            now = clock()
    
&gt;       raise Exception(&#34;Timeout reached while waiting on service!&#34;)
E       Exception: Timeout reached while waiting on service!

.venv/lib/python3.8/site-packages/pytest_docker/plugin.py:120: Exception</pre>
                        
                        

                        
                        
                        
                    </div>
                
                </div>
            </div>
            
            <div class="testclass">
                <h4>test_minimal_requirements.TestRNF9</h4>
                <div class="testcases">
                
                    <div class="test outcome outcome-failed">
                        <a id="92e51882-e51d-4fe0-9364-588c3e4b49db"></a>
                        <table class="proplist">
                            <tr><th>Test case:</th><td><b>test_modelos_tienen_datos_demo</b></td></tr>
                            <tr><th>Outcome:</th><td>Failed</td></tr>
                            <tr><th>Duration:</th><td>0.0 sec</td></tr>
                        
                            <tr><th>Failed</th><td>failed on setup with &#34;Exception: Timeout reached while waiting on service!&#34;</td></tr>
                        
                        
                        </table>

                        
                        <pre>docker_ip = &#39;127.0.0.1&#39;
docker_services = Services(_docker_compose=DockerComposeExecutor(_compose_command=&#39;docker compose&#39;, _compose_files=[&#39;/home/madrid/Escrit...o-project-tester/projects/docker-compose.yml&#39;], _compose_project_name=&#39;pytest14029&#39;), _services={&#39;odoo&#39;: {8069: 8069}})

    @pytest.fixture(scope=&#34;session&#34;)
    def http_service(docker_ip, docker_services):
        &#34;&#34;&#34;Se asegura de que el servicio HTTP responde.&#34;&#34;&#34;
    
        # `port_for` takes a container port and returns the corresponding host port
        port = docker_services.port_for(&#34;odoo&#34;, 8069)
        url = f&#34;http://{docker_ip}:{port}&#34;
&gt;       docker_services.wait_until_responsive(
            timeout=60.0, pause=10, check=lambda: is_responsive(url)
        )

test_minimal_requirements.py:208: 
_ _ _ _ _ _ _ _ _ _ _ _ _ _ _ _ _ _ _ _ _ _ _ _ _ _ _ _ _ _ _ _ _ _ _ _ _ _ _ _ 

self = Services(_docker_compose=DockerComposeExecutor(_compose_command=&#39;docker compose&#39;, _compose_files=[&#39;/home/madrid/Escrit...o-project-tester/projects/docker-compose.yml&#39;], _compose_project_name=&#39;pytest14029&#39;), _services={&#39;odoo&#39;: {8069: 8069}})
check = &lt;function http_service.&lt;locals&gt;.&lt;lambda&gt; at 0x7f4a86caf940&gt;
timeout = 60.0, pause = 10, clock = &lt;built-in function perf_counter&gt;

    def wait_until_responsive(
        self,
        check: Any,
        timeout: float,
        pause: float,
        clock: Any = timeit.default_timer,
    ) -&gt; None:
        &#34;&#34;&#34;Wait until a service is responsive.&#34;&#34;&#34;
    
        ref = clock()
        now = ref
        while (now - ref) &lt; timeout:
            if check():
                return
            time.sleep(pause)
            now = clock()
    
&gt;       raise Exception(&#34;Timeout reached while waiting on service!&#34;)
E       Exception: Timeout reached while waiting on service!

.venv/lib/python3.8/site-packages/pytest_docker/plugin.py:120: Exception</pre>
                        
                        

                        
                        
                        
                    </div>
                
                </div>
            </div>
            
            <div class="testclass">
                <h4>test_minimal_requirements.TestRNFGit</h4>
                <div class="testcases">
                
                    <div class="test outcome outcome-failed">
                        <a id="e4066158-8878-42a4-89ea-949c016f1a7e"></a>
                        <table class="proplist">
                            <tr><th>Test case:</th><td><b>test_git_commit_frecuentes</b></td></tr>
                            <tr><th>Outcome:</th><td>Failed</td></tr>
                            <tr><th>Duration:</th><td>0.0 sec</td></tr>
                        
                            <tr><th>Failed</th><td>failed on setup with &#34;Exception: Timeout reached while waiting on service!&#34;</td></tr>
                        
                        
                        </table>

                        
                        <pre>docker_ip = &#39;127.0.0.1&#39;
docker_services = Services(_docker_compose=DockerComposeExecutor(_compose_command=&#39;docker compose&#39;, _compose_files=[&#39;/home/madrid/Escrit...o-project-tester/projects/docker-compose.yml&#39;], _compose_project_name=&#39;pytest14029&#39;), _services={&#39;odoo&#39;: {8069: 8069}})

    @pytest.fixture(scope=&#34;session&#34;)
    def http_service(docker_ip, docker_services):
        &#34;&#34;&#34;Se asegura de que el servicio HTTP responde.&#34;&#34;&#34;
    
        # `port_for` takes a container port and returns the corresponding host port
        port = docker_services.port_for(&#34;odoo&#34;, 8069)
        url = f&#34;http://{docker_ip}:{port}&#34;
&gt;       docker_services.wait_until_responsive(
            timeout=60.0, pause=10, check=lambda: is_responsive(url)
        )

test_minimal_requirements.py:208: 
_ _ _ _ _ _ _ _ _ _ _ _ _ _ _ _ _ _ _ _ _ _ _ _ _ _ _ _ _ _ _ _ _ _ _ _ _ _ _ _ 

self = Services(_docker_compose=DockerComposeExecutor(_compose_command=&#39;docker compose&#39;, _compose_files=[&#39;/home/madrid/Escrit...o-project-tester/projects/docker-compose.yml&#39;], _compose_project_name=&#39;pytest14029&#39;), _services={&#39;odoo&#39;: {8069: 8069}})
check = &lt;function http_service.&lt;locals&gt;.&lt;lambda&gt; at 0x7f4a86caf940&gt;
timeout = 60.0, pause = 10, clock = &lt;built-in function perf_counter&gt;

    def wait_until_responsive(
        self,
        check: Any,
        timeout: float,
        pause: float,
        clock: Any = timeit.default_timer,
    ) -&gt; None:
        &#34;&#34;&#34;Wait until a service is responsive.&#34;&#34;&#34;
    
        ref = clock()
        now = ref
        while (now - ref) &lt; timeout:
            if check():
                return
            time.sleep(pause)
            now = clock()
    
&gt;       raise Exception(&#34;Timeout reached while waiting on service!&#34;)
E       Exception: Timeout reached while waiting on service!

.venv/lib/python3.8/site-packages/pytest_docker/plugin.py:120: Exception</pre>
                        
                        

                        
                        
                        
                    </div>
                
                </div>
            </div>
            
            <div class="testclass">
                <h4>test_minimal_requirements.TestRNFCalidad</h4>
                <div class="testcases">
                
                    <div class="test outcome outcome-failed">
                        <a id="ba4a67c1-10c0-47e6-a837-bdc88ea3dbc9"></a>
                        <table class="proplist">
                            <tr><th>Test case:</th><td><b>test_odoo_disponible</b></td></tr>
                            <tr><th>Outcome:</th><td>Failed</td></tr>
                            <tr><th>Duration:</th><td>0.0 sec</td></tr>
                        
                            <tr><th>Failed</th><td>failed on setup with &#34;Exception: Timeout reached while waiting on service!&#34;</td></tr>
                        
                        
                        </table>

                        
                        <pre>docker_ip = &#39;127.0.0.1&#39;
docker_services = Services(_docker_compose=DockerComposeExecutor(_compose_command=&#39;docker compose&#39;, _compose_files=[&#39;/home/madrid/Escrit...o-project-tester/projects/docker-compose.yml&#39;], _compose_project_name=&#39;pytest14029&#39;), _services={&#39;odoo&#39;: {8069: 8069}})

    @pytest.fixture(scope=&#34;session&#34;)
    def http_service(docker_ip, docker_services):
        &#34;&#34;&#34;Se asegura de que el servicio HTTP responde.&#34;&#34;&#34;
    
        # `port_for` takes a container port and returns the corresponding host port
        port = docker_services.port_for(&#34;odoo&#34;, 8069)
        url = f&#34;http://{docker_ip}:{port}&#34;
&gt;       docker_services.wait_until_responsive(
            timeout=60.0, pause=10, check=lambda: is_responsive(url)
        )

test_minimal_requirements.py:208: 
_ _ _ _ _ _ _ _ _ _ _ _ _ _ _ _ _ _ _ _ _ _ _ _ _ _ _ _ _ _ _ _ _ _ _ _ _ _ _ _ 

self = Services(_docker_compose=DockerComposeExecutor(_compose_command=&#39;docker compose&#39;, _compose_files=[&#39;/home/madrid/Escrit...o-project-tester/projects/docker-compose.yml&#39;], _compose_project_name=&#39;pytest14029&#39;), _services={&#39;odoo&#39;: {8069: 8069}})
check = &lt;function http_service.&lt;locals&gt;.&lt;lambda&gt; at 0x7f4a86caf940&gt;
timeout = 60.0, pause = 10, clock = &lt;built-in function perf_counter&gt;

    def wait_until_responsive(
        self,
        check: Any,
        timeout: float,
        pause: float,
        clock: Any = timeit.default_timer,
    ) -&gt; None:
        &#34;&#34;&#34;Wait until a service is responsive.&#34;&#34;&#34;
    
        ref = clock()
        now = ref
        while (now - ref) &lt; timeout:
            if check():
                return
            time.sleep(pause)
            now = clock()
    
&gt;       raise Exception(&#34;Timeout reached while waiting on service!&#34;)
E       Exception: Timeout reached while waiting on service!

.venv/lib/python3.8/site-packages/pytest_docker/plugin.py:120: Exception</pre>
                        
                        

                        
                        
                        
                    </div>
                
                    <div class="test outcome outcome-failed">
                        <a id="d590d584-ee37-4fa9-abef-53b75dc909f8"></a>
                        <table class="proplist">
                            <tr><th>Test case:</th><td><b>test_app_instalada</b></td></tr>
                            <tr><th>Outcome:</th><td>Failed</td></tr>
                            <tr><th>Duration:</th><td>0.0 sec</td></tr>
                        
                            <tr><th>Failed</th><td>failed on setup with &#34;Exception: Timeout reached while waiting on service!&#34;</td></tr>
                        
                        
                        </table>

                        
                        <pre>docker_ip = &#39;127.0.0.1&#39;
docker_services = Services(_docker_compose=DockerComposeExecutor(_compose_command=&#39;docker compose&#39;, _compose_files=[&#39;/home/madrid/Escrit...o-project-tester/projects/docker-compose.yml&#39;], _compose_project_name=&#39;pytest14029&#39;), _services={&#39;odoo&#39;: {8069: 8069}})

    @pytest.fixture(scope=&#34;session&#34;)
    def http_service(docker_ip, docker_services):
        &#34;&#34;&#34;Se asegura de que el servicio HTTP responde.&#34;&#34;&#34;
    
        # `port_for` takes a container port and returns the corresponding host port
        port = docker_services.port_for(&#34;odoo&#34;, 8069)
        url = f&#34;http://{docker_ip}:{port}&#34;
&gt;       docker_services.wait_until_responsive(
            timeout=60.0, pause=10, check=lambda: is_responsive(url)
        )

test_minimal_requirements.py:208: 
_ _ _ _ _ _ _ _ _ _ _ _ _ _ _ _ _ _ _ _ _ _ _ _ _ _ _ _ _ _ _ _ _ _ _ _ _ _ _ _ 

self = Services(_docker_compose=DockerComposeExecutor(_compose_command=&#39;docker compose&#39;, _compose_files=[&#39;/home/madrid/Escrit...o-project-tester/projects/docker-compose.yml&#39;], _compose_project_name=&#39;pytest14029&#39;), _services={&#39;odoo&#39;: {8069: 8069}})
check = &lt;function http_service.&lt;locals&gt;.&lt;lambda&gt; at 0x7f4a86caf940&gt;
timeout = 60.0, pause = 10, clock = &lt;built-in function perf_counter&gt;

    def wait_until_responsive(
        self,
        check: Any,
        timeout: float,
        pause: float,
        clock: Any = timeit.default_timer,
    ) -&gt; None:
        &#34;&#34;&#34;Wait until a service is responsive.&#34;&#34;&#34;
    
        ref = clock()
        now = ref
        while (now - ref) &lt; timeout:
            if check():
                return
            time.sleep(pause)
            now = clock()
    
&gt;       raise Exception(&#34;Timeout reached while waiting on service!&#34;)
E       Exception: Timeout reached while waiting on service!

.venv/lib/python3.8/site-packages/pytest_docker/plugin.py:120: Exception</pre>
                        
                        

                        
                        
                        
                    </div>
                
                    <div class="test outcome outcome-failed">
                        <a id="01ca3d2e-1c5e-4712-991e-74b71d8e4ed5"></a>
                        <table class="proplist">
                            <tr><th>Test case:</th><td><b>test_otras_apps_entregadas_son_dependencias</b></td></tr>
                            <tr><th>Outcome:</th><td>Failed</td></tr>
                            <tr><th>Duration:</th><td>0.001 sec</td></tr>
                        
                            <tr><th>Failed</th><td>failed on setup with &#34;Exception: Timeout reached while waiting on service!&#34;</td></tr>
                        
                        
                        </table>

                        
                        <pre>docker_ip = &#39;127.0.0.1&#39;
docker_services = Services(_docker_compose=DockerComposeExecutor(_compose_command=&#39;docker compose&#39;, _compose_files=[&#39;/home/madrid/Escrit...o-project-tester/projects/docker-compose.yml&#39;], _compose_project_name=&#39;pytest14029&#39;), _services={&#39;odoo&#39;: {8069: 8069}})

    @pytest.fixture(scope=&#34;session&#34;)
    def http_service(docker_ip, docker_services):
        &#34;&#34;&#34;Se asegura de que el servicio HTTP responde.&#34;&#34;&#34;
    
        # `port_for` takes a container port and returns the corresponding host port
        port = docker_services.port_for(&#34;odoo&#34;, 8069)
        url = f&#34;http://{docker_ip}:{port}&#34;
&gt;       docker_services.wait_until_responsive(
            timeout=60.0, pause=10, check=lambda: is_responsive(url)
        )

test_minimal_requirements.py:208: 
_ _ _ _ _ _ _ _ _ _ _ _ _ _ _ _ _ _ _ _ _ _ _ _ _ _ _ _ _ _ _ _ _ _ _ _ _ _ _ _ 

self = Services(_docker_compose=DockerComposeExecutor(_compose_command=&#39;docker compose&#39;, _compose_files=[&#39;/home/madrid/Escrit...o-project-tester/projects/docker-compose.yml&#39;], _compose_project_name=&#39;pytest14029&#39;), _services={&#39;odoo&#39;: {8069: 8069}})
check = &lt;function http_service.&lt;locals&gt;.&lt;lambda&gt; at 0x7f4a86caf940&gt;
timeout = 60.0, pause = 10, clock = &lt;built-in function perf_counter&gt;

    def wait_until_responsive(
        self,
        check: Any,
        timeout: float,
        pause: float,
        clock: Any = timeit.default_timer,
    ) -&gt; None:
        &#34;&#34;&#34;Wait until a service is responsive.&#34;&#34;&#34;
    
        ref = clock()
        now = ref
        while (now - ref) &lt; timeout:
            if check():
                return
            time.sleep(pause)
            now = clock()
    
&gt;       raise Exception(&#34;Timeout reached while waiting on service!&#34;)
E       Exception: Timeout reached while waiting on service!

.venv/lib/python3.8/site-packages/pytest_docker/plugin.py:120: Exception</pre>
                        
                        

                        
                        
                        
                    </div>
                
                    <div class="test outcome outcome-failed">
                        <a id="fadff604-a40a-4784-8a4a-0414c4ad8ba4"></a>
                        <table class="proplist">
                            <tr><th>Test case:</th><td><b>test_no_hay_elementos_xml_comentados</b></td></tr>
                            <tr><th>Outcome:</th><td>Failed</td></tr>
                            <tr><th>Duration:</th><td>0.001 sec</td></tr>
                        
                            <tr><th>Failed</th><td>failed on setup with &#34;Exception: Timeout reached while waiting on service!&#34;</td></tr>
                        
                        
                        </table>

                        
                        <pre>docker_ip = &#39;127.0.0.1&#39;
docker_services = Services(_docker_compose=DockerComposeExecutor(_compose_command=&#39;docker compose&#39;, _compose_files=[&#39;/home/madrid/Escrit...o-project-tester/projects/docker-compose.yml&#39;], _compose_project_name=&#39;pytest14029&#39;), _services={&#39;odoo&#39;: {8069: 8069}})

    @pytest.fixture(scope=&#34;session&#34;)
    def http_service(docker_ip, docker_services):
        &#34;&#34;&#34;Se asegura de que el servicio HTTP responde.&#34;&#34;&#34;
    
        # `port_for` takes a container port and returns the corresponding host port
        port = docker_services.port_for(&#34;odoo&#34;, 8069)
        url = f&#34;http://{docker_ip}:{port}&#34;
&gt;       docker_services.wait_until_responsive(
            timeout=60.0, pause=10, check=lambda: is_responsive(url)
        )

test_minimal_requirements.py:208: 
_ _ _ _ _ _ _ _ _ _ _ _ _ _ _ _ _ _ _ _ _ _ _ _ _ _ _ _ _ _ _ _ _ _ _ _ _ _ _ _ 

self = Services(_docker_compose=DockerComposeExecutor(_compose_command=&#39;docker compose&#39;, _compose_files=[&#39;/home/madrid/Escrit...o-project-tester/projects/docker-compose.yml&#39;], _compose_project_name=&#39;pytest14029&#39;), _services={&#39;odoo&#39;: {8069: 8069}})
check = &lt;function http_service.&lt;locals&gt;.&lt;lambda&gt; at 0x7f4a86caf940&gt;
timeout = 60.0, pause = 10, clock = &lt;built-in function perf_counter&gt;

    def wait_until_responsive(
        self,
        check: Any,
        timeout: float,
        pause: float,
        clock: Any = timeit.default_timer,
    ) -&gt; None:
        &#34;&#34;&#34;Wait until a service is responsive.&#34;&#34;&#34;
    
        ref = clock()
        now = ref
        while (now - ref) &lt; timeout:
            if check():
                return
            time.sleep(pause)
            now = clock()
    
&gt;       raise Exception(&#34;Timeout reached while waiting on service!&#34;)
E       Exception: Timeout reached while waiting on service!

.venv/lib/python3.8/site-packages/pytest_docker/plugin.py:120: Exception</pre>
                        
                        

                        
                        
                        
                    </div>
                
                    <div class="test outcome outcome-failed">
                        <a id="190f5caa-235e-444f-bf59-8f8fc323cfe4"></a>
                        <table class="proplist">
                            <tr><th>Test case:</th><td><b>test_no_hay_codigo_python_comentado</b></td></tr>
                            <tr><th>Outcome:</th><td>Failed</td></tr>
                            <tr><th>Duration:</th><td>0.001 sec</td></tr>
                        
                            <tr><th>Failed</th><td>failed on setup with &#34;Exception: Timeout reached while waiting on service!&#34;</td></tr>
                        
                        
                        </table>

                        
                        <pre>docker_ip = &#39;127.0.0.1&#39;
docker_services = Services(_docker_compose=DockerComposeExecutor(_compose_command=&#39;docker compose&#39;, _compose_files=[&#39;/home/madrid/Escrit...o-project-tester/projects/docker-compose.yml&#39;], _compose_project_name=&#39;pytest14029&#39;), _services={&#39;odoo&#39;: {8069: 8069}})

    @pytest.fixture(scope=&#34;session&#34;)
    def http_service(docker_ip, docker_services):
        &#34;&#34;&#34;Se asegura de que el servicio HTTP responde.&#34;&#34;&#34;
    
        # `port_for` takes a container port and returns the corresponding host port
        port = docker_services.port_for(&#34;odoo&#34;, 8069)
        url = f&#34;http://{docker_ip}:{port}&#34;
&gt;       docker_services.wait_until_responsive(
            timeout=60.0, pause=10, check=lambda: is_responsive(url)
        )

test_minimal_requirements.py:208: 
_ _ _ _ _ _ _ _ _ _ _ _ _ _ _ _ _ _ _ _ _ _ _ _ _ _ _ _ _ _ _ _ _ _ _ _ _ _ _ _ 

self = Services(_docker_compose=DockerComposeExecutor(_compose_command=&#39;docker compose&#39;, _compose_files=[&#39;/home/madrid/Escrit...o-project-tester/projects/docker-compose.yml&#39;], _compose_project_name=&#39;pytest14029&#39;), _services={&#39;odoo&#39;: {8069: 8069}})
check = &lt;function http_service.&lt;locals&gt;.&lt;lambda&gt; at 0x7f4a86caf940&gt;
timeout = 60.0, pause = 10, clock = &lt;built-in function perf_counter&gt;

    def wait_until_responsive(
        self,
        check: Any,
        timeout: float,
        pause: float,
        clock: Any = timeit.default_timer,
    ) -&gt; None:
        &#34;&#34;&#34;Wait until a service is responsive.&#34;&#34;&#34;
    
        ref = clock()
        now = ref
        while (now - ref) &lt; timeout:
            if check():
                return
            time.sleep(pause)
            now = clock()
    
&gt;       raise Exception(&#34;Timeout reached while waiting on service!&#34;)
E       Exception: Timeout reached while waiting on service!

.venv/lib/python3.8/site-packages/pytest_docker/plugin.py:120: Exception</pre>
                        
                        

                        
                        
                        
                    </div>
                
                    <div class="test outcome outcome-failed">
                        <a id="228610ca-9e49-4f2f-a3cd-2f7cf558bea0"></a>
                        <table class="proplist">
                            <tr><th>Test case:</th><td><b>test_log_servidor_sin_errores</b></td></tr>
                            <tr><th>Outcome:</th><td>Failed</td></tr>
                            <tr><th>Duration:</th><td>0.001 sec</td></tr>
                        
                            <tr><th>Failed</th><td>failed on setup with &#34;Exception: Timeout reached while waiting on service!&#34;</td></tr>
                        
                        
                        </table>

                        
                        <pre>docker_ip = &#39;127.0.0.1&#39;
docker_services = Services(_docker_compose=DockerComposeExecutor(_compose_command=&#39;docker compose&#39;, _compose_files=[&#39;/home/madrid/Escrit...o-project-tester/projects/docker-compose.yml&#39;], _compose_project_name=&#39;pytest14029&#39;), _services={&#39;odoo&#39;: {8069: 8069}})

    @pytest.fixture(scope=&#34;session&#34;)
    def http_service(docker_ip, docker_services):
        &#34;&#34;&#34;Se asegura de que el servicio HTTP responde.&#34;&#34;&#34;
    
        # `port_for` takes a container port and returns the corresponding host port
        port = docker_services.port_for(&#34;odoo&#34;, 8069)
        url = f&#34;http://{docker_ip}:{port}&#34;
&gt;       docker_services.wait_until_responsive(
            timeout=60.0, pause=10, check=lambda: is_responsive(url)
        )

test_minimal_requirements.py:208: 
_ _ _ _ _ _ _ _ _ _ _ _ _ _ _ _ _ _ _ _ _ _ _ _ _ _ _ _ _ _ _ _ _ _ _ _ _ _ _ _ 

self = Services(_docker_compose=DockerComposeExecutor(_compose_command=&#39;docker compose&#39;, _compose_files=[&#39;/home/madrid/Escrit...o-project-tester/projects/docker-compose.yml&#39;], _compose_project_name=&#39;pytest14029&#39;), _services={&#39;odoo&#39;: {8069: 8069}})
check = &lt;function http_service.&lt;locals&gt;.&lt;lambda&gt; at 0x7f4a86caf940&gt;
timeout = 60.0, pause = 10, clock = &lt;built-in function perf_counter&gt;

    def wait_until_responsive(
        self,
        check: Any,
        timeout: float,
        pause: float,
        clock: Any = timeit.default_timer,
    ) -&gt; None:
        &#34;&#34;&#34;Wait until a service is responsive.&#34;&#34;&#34;
    
        ref = clock()
        now = ref
        while (now - ref) &lt; timeout:
            if check():
                return
            time.sleep(pause)
            now = clock()
    
&gt;       raise Exception(&#34;Timeout reached while waiting on service!&#34;)
E       Exception: Timeout reached while waiting on service!

.venv/lib/python3.8/site-packages/pytest_docker/plugin.py:120: Exception</pre>
                        
                        

                        
                        
                        
                    </div>
                
                </div>
            </div>
            
            <div class="testclass">
                <h4>test_minimal_requirements.TestOtros</h4>
                <div class="testcases">
                
                    <div class="test outcome outcome-skipped">
                        <a id="35faf129-0108-4654-919a-06c039e9296b"></a>
                        <table class="proplist">
                            <tr><th>Test case:</th><td><b>test_log_sin_warnings</b></td></tr>
                            <tr><th>Outcome:</th><td>Skipped</td></tr>
                            <tr><th>Duration:</th><td>0.001 sec</td></tr>
                        
                        
                            <tr><th>Skipped</th><td></td></tr>
                        
                        </table>

                        
                        
                        <pre>skipped</pre>
                        

                        
                        
                        
                    </div>
                
                </div>
            </div>
            
            <div class="testclass">
                <h4>test_minimal_requirements.TestRNFAdicionalesKanban</h4>
                <div class="testcases">
                
                    <div class="test outcome outcome-skipped">
                        <a id="7b8c3ca7-abb2-46ba-ad19-fb9c07ef6eec"></a>
                        <table class="proplist">
                            <tr><th>Test case:</th><td><b>test_vista_kanban[/kanban]</b></td></tr>
                            <tr><th>Outcome:</th><td>Skipped</td></tr>
                            <tr><th>Duration:</th><td>0.0 sec</td></tr>
                        
                        
                            <tr><th>Skipped</th><td></td></tr>
                        
                        </table>

                        
                        
                        <pre>skipped</pre>
                        

                        
                        
                        
                    </div>
                
                    <div class="test outcome outcome-skipped">
                        <a id="eb794d1d-fc13-482a-96d4-344bab4338fc"></a>
                        <table class="proplist">
                            <tr><th>Test case:</th><td><b>test_vista_kanban[/kanban[@default_group_by]]</b></td></tr>
                            <tr><th>Outcome:</th><td>Skipped</td></tr>
                            <tr><th>Duration:</th><td>0.001 sec</td></tr>
                        
                        
                            <tr><th>Skipped</th><td></td></tr>
                        
                        </table>

                        
                        
                        <pre>skipped</pre>
                        

                        
                        
                        
                    </div>
                
                    <div class="test outcome outcome-skipped">
                        <a id="cab7b0aa-180c-4aef-b983-dfdae2c1b3be"></a>
                        <table class="proplist">
                            <tr><th>Test case:</th><td><b>test_vista_kanban_imagen[/img]</b></td></tr>
                            <tr><th>Outcome:</th><td>Skipped</td></tr>
                            <tr><th>Duration:</th><td>0.001 sec</td></tr>
                        
                        
                            <tr><th>Skipped</th><td></td></tr>
                        
                        </table>

                        
                        
                        <pre>skipped</pre>
                        

                        
                        
                        
                    </div>
                
                    <div class="test outcome outcome-skipped">
                        <a id="f9e394c4-cdeb-4b3d-b6ef-89552b0b3bf1"></a>
                        <table class="proplist">
                            <tr><th>Test case:</th><td><b>test_vista_kanban_imagen[/field[@preview_image]]</b></td></tr>
                            <tr><th>Outcome:</th><td>Skipped</td></tr>
                            <tr><th>Duration:</th><td>0.001 sec</td></tr>
                        
                        
                            <tr><th>Skipped</th><td></td></tr>
                        
                        </table>

                        
                        
                        <pre>skipped</pre>
                        

                        
                        
                        
                    </div>
                
                    <div class="test outcome outcome-skipped">
                        <a id="7936298b-4a9b-4e38-b138-d970c642a35c"></a>
                        <table class="proplist">
                            <tr><th>Test case:</th><td><b>test_vista_kanban_imagen[/field[@widget=&#34;image&#34;]]</b></td></tr>
                            <tr><th>Outcome:</th><td>Skipped</td></tr>
                            <tr><th>Duration:</th><td>0.001 sec</td></tr>
                        
                        
                            <tr><th>Skipped</th><td></td></tr>
                        
                        </table>

                        
                        
                        <pre>skipped</pre>
                        

                        
                        
                        
                    </div>
                
                </div>
            </div>
            
            <div class="testclass">
                <h4>test_minimal_requirements.TestRNFAdicionalesBusqueda</h4>
                <div class="testcases">
                
                    <div class="test outcome outcome-skipped">
                        <a id="565b3cea-dc6f-4996-934f-43a05495ffe3"></a>
                        <table class="proplist">
                            <tr><th>Test case:</th><td><b>test_vista_search[/search]</b></td></tr>
                            <tr><th>Outcome:</th><td>Skipped</td></tr>
                            <tr><th>Duration:</th><td>0.001 sec</td></tr>
                        
                        
                            <tr><th>Skipped</th><td></td></tr>
                        
                        </table>

                        
                        
                        <pre>skipped</pre>
                        

                        
                        
                        
                    </div>
                
                    <div class="test outcome outcome-skipped">
                        <a id="9403d5fc-d56a-4606-8030-4c12df9e29c8"></a>
                        <table class="proplist">
                            <tr><th>Test case:</th><td><b>test_vista_search_compleja[/filter[@domain]]</b></td></tr>
                            <tr><th>Outcome:</th><td>Skipped</td></tr>
                            <tr><th>Duration:</th><td>0.001 sec</td></tr>
                        
                        
                            <tr><th>Skipped</th><td></td></tr>
                        
                        </table>

                        
                        
                        <pre>skipped</pre>
                        

                        
                        
                        
                    </div>
                
                    <div class="test outcome outcome-skipped">
                        <a id="2ab3b0e6-b267-4dd2-b028-03e95e4e75d7"></a>
                        <table class="proplist">
                            <tr><th>Test case:</th><td><b>test_vista_search_compleja[/group//filter[@context]]</b></td></tr>
                            <tr><th>Outcome:</th><td>Skipped</td></tr>
                            <tr><th>Duration:</th><td>0.0 sec</td></tr>
                        
                        
                            <tr><th>Skipped</th><td></td></tr>
                        
                        </table>

                        
                        
                        <pre>skipped</pre>
                        

                        
                        
                        
                    </div>
                
                </div>
            </div>
            
            <div class="testclass">
                <h4>test_minimal_requirements.TestRNFAdicionalesOtrasVistas</h4>
                <div class="testcases">
                
                    <div class="test outcome outcome-skipped">
                        <a id="fdcaf3d7-0a8d-45a6-aae4-09d23397256b"></a>
                        <table class="proplist">
                            <tr><th>Test case:</th><td><b>test_otras_vistas_adicionales[activity]</b></td></tr>
                            <tr><th>Outcome:</th><td>Skipped</td></tr>
                            <tr><th>Duration:</th><td>0.001 sec</td></tr>
                        
                        
                            <tr><th>Skipped</th><td></td></tr>
                        
                        </table>

                        
                        
                        <pre>skipped</pre>
                        

                        
                        
                        
                    </div>
                
                    <div class="test outcome outcome-skipped">
                        <a id="1659c19c-8e3a-4500-975f-2d77a09f5b06"></a>
                        <table class="proplist">
                            <tr><th>Test case:</th><td><b>test_otras_vistas_adicionales[calendar]</b></td></tr>
                            <tr><th>Outcome:</th><td>Skipped</td></tr>
                            <tr><th>Duration:</th><td>0.001 sec</td></tr>
                        
                        
                            <tr><th>Skipped</th><td></td></tr>
                        
                        </table>

                        
                        
                        <pre>skipped</pre>
                        

                        
                        
                        
                    </div>
                
                    <div class="test outcome outcome-skipped">
                        <a id="d29f4a28-4be4-4dca-8c27-126c883dc283"></a>
                        <table class="proplist">
                            <tr><th>Test case:</th><td><b>test_otras_vistas_adicionales[graph]</b></td></tr>
                            <tr><th>Outcome:</th><td>Skipped</td></tr>
                            <tr><th>Duration:</th><td>0.0 sec</td></tr>
                        
                        
                            <tr><th>Skipped</th><td></td></tr>
                        
                        </table>

                        
                        
                        <pre>skipped</pre>
                        

                        
                        
                        
                    </div>
                
                    <div class="test outcome outcome-skipped">
                        <a id="cc314f45-fa7a-4f67-a546-6240b349de94"></a>
                        <table class="proplist">
                            <tr><th>Test case:</th><td><b>test_otras_vistas_adicionales[pivot]</b></td></tr>
                            <tr><th>Outcome:</th><td>Skipped</td></tr>
                            <tr><th>Duration:</th><td>0.001 sec</td></tr>
                        
                        
                            <tr><th>Skipped</th><td></td></tr>
                        
                        </table>

                        
                        
                        <pre>skipped</pre>
                        

                        
                        
                        
                    </div>
                
                </div>
            </div>
            
            <div class="testclass">
                <h4>test_minimal_requirements.TestRNFAdicionalesConstraints</h4>
                <div class="testcases">
                
                    <div class="test outcome outcome-skipped">
                        <a id="5d3417c4-56f9-4948-b772-428509fc3042"></a>
                        <table class="proplist">
                            <tr><th>Test case:</th><td><b>test_constraints_sql</b></td></tr>
                            <tr><th>Outcome:</th><td>Skipped</td></tr>
                            <tr><th>Duration:</th><td>0.001 sec</td></tr>
                        
                        
                            <tr><th>Skipped</th><td></td></tr>
                        
                        </table>

                        
                        
                        <pre>skipped</pre>
                        

                        
                        
                        
                    </div>
                
                </div>
            </div>
            
            <div class="testclass">
                <h4>test_minimal_requirements.TestRNFAdicionalesSeguridadAvanzada</h4>
                <div class="testcases">
                
                    <div class="test outcome outcome-skipped">
                        <a id="71fd9737-5036-4436-9858-82f32e136972"></a>
                        <table class="proplist">
                            <tr><th>Test case:</th><td><b>test_seguridad_con_grupos_propios</b></td></tr>
                            <tr><th>Outcome:</th><td>Skipped</td></tr>
                            <tr><th>Duration:</th><td>0.001 sec</td></tr>
                        
                        
                            <tr><th>Skipped</th><td></td></tr>
                        
                        </table>

                        
                        
                        <pre>skipped</pre>
                        

                        
                        
                        
                    </div>
                
                </div>
            </div>
            
            <div class="testclass">
                <h4>test_minimal_requirements.TestRNFAdicionalesDatosAvanzados</h4>
                <div class="testcases">
                
                    <div class="test outcome outcome-skipped">
                        <a id="832476c4-7726-4b27-a94f-40bbb73bfa1b"></a>
                        <table class="proplist">
                            <tr><th>Test case:</th><td><b>test_datos_maestros_o_demo_avanzados[binary]</b></td></tr>
                            <tr><th>Outcome:</th><td>Skipped</td></tr>
                            <tr><th>Duration:</th><td>0.001 sec</td></tr>
                        
                        
                            <tr><th>Skipped</th><td></td></tr>
                        
                        </table>

                        
                        
                        <pre>skipped</pre>
                        

                        
                        
                        
                    </div>
                
                    <div class="test outcome outcome-skipped">
                        <a id="fe4d6ce3-478b-4d71-9ffe-6a713bb8e9b1"></a>
                        <table class="proplist">
                            <tr><th>Test case:</th><td><b>test_datos_maestros_o_demo_avanzados[many2many]</b></td></tr>
                            <tr><th>Outcome:</th><td>Skipped</td></tr>
                            <tr><th>Duration:</th><td>0.001 sec</td></tr>
                        
                        
                            <tr><th>Skipped</th><td></td></tr>
                        
                        </table>

                        
                        
                        <pre>skipped</pre>
                        

                        
                        
                        
                    </div>
                
                    <div class="test outcome outcome-skipped">
                        <a id="08504bcd-b547-4598-846b-01fd95b55de7"></a>
                        <table class="proplist">
                            <tr><th>Test case:</th><td><b>test_datos_maestros_o_demo_avanzados[many2one]</b></td></tr>
                            <tr><th>Outcome:</th><td>Skipped</td></tr>
                            <tr><th>Duration:</th><td>0.001 sec</td></tr>
                        
                        
                            <tr><th>Skipped</th><td></td></tr>
                        
                        </table>

                        
                        
                        <pre>skipped</pre>
                        

                        
                        
                        
                    </div>
                
                </div>
            </div>
            
            <div class="testclass">
                <h4>test_minimal_requirements.TestRNFAdicionalesHerenciaVistas</h4>
                <div class="testcases">
                
                    <div class="test outcome outcome-skipped">
                        <a id="31451056-54a3-485b-a0d9-9ecc296702a6"></a>
                        <table class="proplist">
                            <tr><th>Test case:</th><td><b>test_herencia_en_vistas_con_position</b></td></tr>
                            <tr><th>Outcome:</th><td>Skipped</td></tr>
                            <tr><th>Duration:</th><td>0.001 sec</td></tr>
                        
                        
                            <tr><th>Skipped</th><td></td></tr>
                        
                        </table>

                        
                        
                        <pre>skipped</pre>
                        

                        
                        
                        
                    </div>
                
                    <div class="test outcome outcome-skipped">
                        <a id="9bcebca4-8196-491e-b7a1-3bd18cb2ed09"></a>
                        <table class="proplist">
                            <tr><th>Test case:</th><td><b>test_herencia_en_vistas_con_inherit_id</b></td></tr>
                            <tr><th>Outcome:</th><td>Skipped</td></tr>
                            <tr><th>Duration:</th><td>0.001 sec</td></tr>
                        
                        
                            <tr><th>Skipped</th><td></td></tr>
                        
                        </table>

                        
                        
                        <pre>skipped</pre>
                        

                        
                        
                        
                    </div>
                
                </div>
            </div>
            
            <div class="testclass">
                <h4>test_minimal_requirements.TestRNFAdicionalesHerenciaModelos</h4>
                <div class="testcases">
                
                    <div class="test outcome outcome-skipped">
                        <a id="21b02ef9-cec2-4bfe-bcac-db5ee8244dcd"></a>
                        <table class="proplist">
                            <tr><th>Test case:</th><td><b>test_modelos_existentes_modificados_por_herencia</b></td></tr>
                            <tr><th>Outcome:</th><td>Skipped</td></tr>
                            <tr><th>Duration:</th><td>0.001 sec</td></tr>
                        
                        
                            <tr><th>Skipped</th><td></td></tr>
                        
                        </table>

                        
                        
                        <pre>skipped</pre>
                        

                        
                        
                        
                    </div>
                
                    <div class="test outcome outcome-skipped">
                        <a id="e54355f2-d0e7-4a9c-81f1-2153ef65b467"></a>
                        <table class="proplist">
                            <tr><th>Test case:</th><td><b>test_nuevos_modelos_con_herencia</b></td></tr>
                            <tr><th>Outcome:</th><td>Skipped</td></tr>
                            <tr><th>Duration:</th><td>0.001 sec</td></tr>
                        
                        
                            <tr><th>Skipped</th><td></td></tr>
                        
                        </table>

                        
                        
                        <pre>skipped</pre>
                        

                        
                        
                        
                    </div>
                
                </div>
            </div>
            
            <div class="testclass">
                <h4>test_minimal_requirements.TestRNFAdicionalesTraducciones</h4>
                <div class="testcases">
                
                    <div class="test outcome outcome-skipped">
                        <a id="9a277c37-420a-41d3-8ab0-702b0455fa56"></a>
                        <table class="proplist">
                            <tr><th>Test case:</th><td><b>test_i18n</b></td></tr>
                            <tr><th>Outcome:</th><td>Skipped</td></tr>
                            <tr><th>Duration:</th><td>0.001 sec</td></tr>
                        
                        
                            <tr><th>Skipped</th><td></td></tr>
                        
                        </table>

                        
                        
                        <pre>skipped</pre>
                        

                        
                        
                        
                    </div>
                
                </div>
            </div>
            
            <div class="testclass">
                <h4>test_minimal_requirements.TestRNFAdicionalesInformes</h4>
                <div class="testcases">
                
                    <div class="test outcome outcome-skipped">
                        <a id="d6f74ecb-ab41-49de-a793-c80ffbad460d"></a>
                        <table class="proplist">
                            <tr><th>Test case:</th><td><b>test_informes[report]</b></td></tr>
                            <tr><th>Outcome:</th><td>Skipped</td></tr>
                            <tr><th>Duration:</th><td>0.001 sec</td></tr>
                        
                        
                            <tr><th>Skipped</th><td></td></tr>
                        
                        </table>

                        
                        
                        <pre>skipped</pre>
                        

                        
                        
                        
                    </div>
                
                    <div class="test outcome outcome-skipped">
                        <a id="2a6fb7f9-3db5-47b9-a1b9-e8865f3bf01b"></a>
                        <table class="proplist">
                            <tr><th>Test case:</th><td><b>test_informes[template]</b></td></tr>
                            <tr><th>Outcome:</th><td>Skipped</td></tr>
                            <tr><th>Duration:</th><td>0.001 sec</td></tr>
                        
                        
                            <tr><th>Skipped</th><td></td></tr>
                        
                        </table>

                        
                        
                        <pre>skipped</pre>
                        

                        
                        
                        
                    </div>
                
                    <div class="test outcome outcome-skipped">
                        <a id="aa3dffe9-d4a7-4242-a4a2-906040a4ba54"></a>
                        <table class="proplist">
                            <tr><th>Test case:</th><td><b>test_informes_complejos[/t[@t-foreach]]</b></td></tr>
                            <tr><th>Outcome:</th><td>Skipped</td></tr>
                            <tr><th>Duration:</th><td>0.002 sec</td></tr>
                        
                        
                            <tr><th>Skipped</th><td></td></tr>
                        
                        </table>

                        
                        
                        <pre>skipped</pre>
                        

                        
                        
                        
                    </div>
                
                    <div class="test outcome outcome-skipped">
                        <a id="b3862c7b-387f-40d8-892f-0a712317ee7d"></a>
                        <table class="proplist">
                            <tr><th>Test case:</th><td><b>test_informes_complejos[/img[@t-att-src]]</b></td></tr>
                            <tr><th>Outcome:</th><td>Skipped</td></tr>
                            <tr><th>Duration:</th><td>0.001 sec</td></tr>
                        
                        
                            <tr><th>Skipped</th><td></td></tr>
                        
                        </table>

                        
                        
                        <pre>skipped</pre>
                        

                        
                        
                        
                    </div>
                
                    <div class="test outcome outcome-skipped">
                        <a id="bc57a456-7384-431a-8904-266a552fb8b0"></a>
                        <table class="proplist">
                            <tr><th>Test case:</th><td><b>test_informes_complejos[/t[@t-call and not(@t-call=&#34;web.external_layout&#34; or @t-call=&#34;web.html_container&#34;)]]</b></td></tr>
                            <tr><th>Outcome:</th><td>Skipped</td></tr>
                            <tr><th>Duration:</th><td>0.001 sec</td></tr>
                        
                        
                            <tr><th>Skipped</th><td></td></tr>
                        
                        </table>

                        
                        
                        <pre>skipped</pre>
                        

                        
                        
                        
                    </div>
                
                </div>
            </div>
            
            <div class="testclass">
                <h4>test_minimal_requirements.TestRNFAdicionalesChatter</h4>
                <div class="testcases">
                
                    <div class="test outcome outcome-skipped">
                        <a id="3b274e35-ad07-4eee-b843-342357f0fc36"></a>
                        <table class="proplist">
                            <tr><th>Test case:</th><td><b>test_chatter[mail_thread]</b></td></tr>
                            <tr><th>Outcome:</th><td>Skipped</td></tr>
                            <tr><th>Duration:</th><td>0.0 sec</td></tr>
                        
                        
                            <tr><th>Skipped</th><td></td></tr>
                        
                        </table>

                        
                        
                        <pre>skipped</pre>
                        

                        
                        
                        
                    </div>
                
                    <div class="test outcome outcome-skipped">
                        <a id="73884e1d-b8fd-4a21-b839-f1d0daf809f1"></a>
                        <table class="proplist">
                            <tr><th>Test case:</th><td><b>test_chatter[mail_activity_mixin]</b></td></tr>
                            <tr><th>Outcome:</th><td>Skipped</td></tr>
                            <tr><th>Duration:</th><td>0.001 sec</td></tr>
                        
                        
                            <tr><th>Skipped</th><td></td></tr>
                        
                        </table>

                        
                        
                        <pre>skipped</pre>
                        

                        
                        
                        
                    </div>
                
                    <div class="test outcome outcome-skipped">
                        <a id="9e0bc7c1-5054-433c-ab11-04141ef73ec1"></a>
                        <table class="proplist">
                            <tr><th>Test case:</th><td><b>test_chatter_tracking</b></td></tr>
                            <tr><th>Outcome:</th><td>Skipped</td></tr>
                            <tr><th>Duration:</th><td>0.001 sec</td></tr>
                        
                        
                            <tr><th>Skipped</th><td></td></tr>
                        
                        </table>

                        
                        
                        <pre>skipped</pre>
                        

                        
                        
                        
                    </div>
                
                    <div class="test outcome outcome-skipped">
                        <a id="18965ac6-a3e6-4172-a6d8-a20ad75f242a"></a>
                        <table class="proplist">
                            <tr><th>Test case:</th><td><b>test_vista_chatter_div</b></td></tr>
                            <tr><th>Outcome:</th><td>Skipped</td></tr>
                            <tr><th>Duration:</th><td>0.001 sec</td></tr>
                        
                        
                            <tr><th>Skipped</th><td></td></tr>
                        
                        </table>

                        
                        
                        <pre>skipped</pre>
                        

                        
                        
                        
                    </div>
                
                    <div class="test outcome outcome-skipped">
                        <a id="3b0f7018-1513-4330-bd88-568663f766db"></a>
                        <table class="proplist">
                            <tr><th>Test case:</th><td><b>test_vista_chatter_fields[.//field[@name=&#34;message_follower_ids&#34;]]</b></td></tr>
                            <tr><th>Outcome:</th><td>Skipped</td></tr>
                            <tr><th>Duration:</th><td>0.001 sec</td></tr>
                        
                        
                            <tr><th>Skipped</th><td></td></tr>
                        
                        </table>

                        
                        
                        <pre>skipped</pre>
                        

                        
                        
                        
                    </div>
                
                    <div class="test outcome outcome-skipped">
                        <a id="ae77a29c-5f61-4d5d-86d5-7ba341a8c4d9"></a>
                        <table class="proplist">
                            <tr><th>Test case:</th><td><b>test_vista_chatter_fields[.//field[@name=&#34;activity_ids&#34;]]</b></td></tr>
                            <tr><th>Outcome:</th><td>Skipped</td></tr>
                            <tr><th>Duration:</th><td>0.001 sec</td></tr>
                        
                        
                            <tr><th>Skipped</th><td></td></tr>
                        
                        </table>

                        
                        
                        <pre>skipped</pre>
                        

                        
                        
                        
                    </div>
                
                    <div class="test outcome outcome-skipped">
                        <a id="68ffb98f-79b0-4fd0-acc8-532d881ead29"></a>
                        <table class="proplist">
                            <tr><th>Test case:</th><td><b>test_vista_chatter_fields[.//field[@name=&#34;message_ids&#34;]]</b></td></tr>
                            <tr><th>Outcome:</th><td>Skipped</td></tr>
                            <tr><th>Duration:</th><td>0.001 sec</td></tr>
                        
                        
                            <tr><th>Skipped</th><td></td></tr>
                        
                        </table>

                        
                        
                        <pre>skipped</pre>
                        

                        
                        
                        
                    </div>
                
                    <div class="test outcome outcome-skipped">
                        <a id="de62f995-d4d0-461c-b93c-a3c010af3df7"></a>
                        <table class="proplist">
                            <tr><th>Test case:</th><td><b>test_vista_chatter_fields[.//field[@widget=&#34;mail_followers&#34;]]</b></td></tr>
                            <tr><th>Outcome:</th><td>Skipped</td></tr>
                            <tr><th>Duration:</th><td>0.001 sec</td></tr>
                        
                        
                            <tr><th>Skipped</th><td></td></tr>
                        
                        </table>

                        
                        
                        <pre>skipped</pre>
                        

                        
                        
                        
                    </div>
                
                    <div class="test outcome outcome-skipped">
                        <a id="d02ab6ec-ec81-4321-a355-e5117dee2e0a"></a>
                        <table class="proplist">
                            <tr><th>Test case:</th><td><b>test_vista_chatter_fields[.//field[@widget=&#34;mail_thread&#34;]]</b></td></tr>
                            <tr><th>Outcome:</th><td>Skipped</td></tr>
                            <tr><th>Duration:</th><td>0.001 sec</td></tr>
                        
                        
                            <tr><th>Skipped</th><td></td></tr>
                        
                        </table>

                        
                        
                        <pre>skipped</pre>
                        

                        
                        
                        
                    </div>
                
                    <div class="test outcome outcome-skipped">
                        <a id="e7a8d19e-bed2-4312-8164-ec74c8805ef9"></a>
                        <table class="proplist">
                            <tr><th>Test case:</th><td><b>test_vista_chatter_fields[.//field[@widget=&#34;mail_activity&#34;]]</b></td></tr>
                            <tr><th>Outcome:</th><td>Skipped</td></tr>
                            <tr><th>Duration:</th><td>4.091 sec</td></tr>
                        
                        
                            <tr><th>Skipped</th><td></td></tr>
                        
                        </table>

                        
                        
                        <pre>skipped</pre>
                        

                        
                        
                        
                    </div>
                
                </div>
            </div>
            
        </div>
    </div>
    



<p class="footer">
    Generated by junit2html
</p>
</body>
</html>