<!DOCTYPE html>
<html lang="en">
<head>
    <meta charset="UTF-8">
    <title>dmc_calificaciones-pytest.xml</title>
    <style type="text/css">
        body {
    background-color: white;
    padding-bottom: 20em;
    margin: 0;
    min-height: 15cm;
}

h1, h2, h3, h4, h5, h6, h7 {
    font-family: sans-serif;
}

h1 {
    background-color: #007acc;
    color: white;
    padding: 3mm;
    margin-top: 0;
    margin-bottom: 1mm;
}

.footer {
    font-style: italic;
    font-size: small;
    text-align: right;
    padding: 1em;
}

.testsuite {
    padding-bottom: 2em;
    margin-left: 1em;
}

.proplist {
    width: 100%;
    margin-bottom: 2em;
    border-collapse: collapse;
    border: 1px solid grey;
}

.proplist th {
    background-color: silver;
    width: 5em;
    padding: 2px;
    padding-right: 1em;
    text-align: left;
}

.proplist td {
    padding: 2px;
}

.index-table {
    width: 90%;
    margin-left: 1em;
}

.index-table td {
    vertical-align: top;
    max-width: 200px;
    word-wrap: break-word;
}

.failure-index {

}

.toc {
    margin-bottom: 2em;
    font-family: monospace;
}

.stdio, pre {
    min-height: 1em;
    background-color: #1e1e1e;
    color: silver;
    padding: 0.5em;
}
.tdpre {
    background-color: #1e1e1e;
}

.test {
    margin-left: 0.5cm;
}

.outcome {
    border-left: 1em;
    padding: 2px;
}

.outcome-failed {
    border-left: 1em solid lightcoral;
}

.outcome-passed {
    border-left: 1em solid lightgreen;
}

.outcome-skipped {
    border-left: 1em dotted silver;
}

.stats-table {
}

.stats-table td {
    min-width: 4em;
    text-align: right;
}

.stats-table .failed {
    background-color: lightcoral;
}

.stats-table .passed {
    background-color: lightgreen;
}

.matrix-table {
    table-layout: fixed;
    border-spacing: 0;
    width: available;
    margin-left: 1em;
}

.matrix-table td {
    vertical-align: center;
}

.matrix-table td:last-child {
    width: 0;
}

.matrix-table tr:hover {
    background-color: yellow;
}

.matrix-axis-name {
    white-space: nowrap;
    padding-right: 0.5em;
    border-left: 1px solid black;
    border-top: 1px solid black;
    text-align: right;
}

.matrix-axis-line {
    border-left: 1px solid black;
    width: 0.5em;
}

.matrix-classname {
    text-align: left;
    width: 100%;
    border-top: 2px solid grey;
    border-bottom: 1px solid silver;
}

.matrix-casename {
    text-align: left;
    font-weight: normal;
    font-style: italic;
    padding-left: 1em;
    border-bottom: 1px solid silver;
}

.matrix-result {
    display: block;
    width: 1em;
    text-align: center;
    padding: 1mm;
    margin: 0;
}

.matrix-result-combined {
    white-space: nowrap;
    padding-right: 0.2em;
    text-align: right;
}

.matrix-result-failed {
    background-color: lightcoral;
}

.matrix-result-passed {
    background-color: lightgreen;
}

.matrix-result-skipped {
    background-color: lightyellow;
}

.matrix-even {
    background-color: lightgray;
}
    </style>
</head>
<body>
    
<h1>
    Test Report : dmc_calificaciones-pytest.xml
</h1>
<a id="toc"></a>
<table class="index-table">
    <tr>
        <td>
            <ul class="toc">
            
                
                <li>test_minimal_requirements.TestRNF1
                <ul>
                    
                    <li><a href="#68dea3e2-45d3-41f5-a6bb-79f685f8867c">test_app_tiene_al_menos_4_modelos</a></li>
                    
                    <li><a href="#b6e21c15-0d49-4c9e-ab3d-102d2364431d">test_modelos_en_ficheros_individuales</a></li>
                    
                </ul>
                </li>
                
                <li>test_minimal_requirements.TestRNF2
                <ul>
                    
                    <li><a href="#b95a20c3-05b1-42c9-8ab7-6c09d3b8559d">test_relacion_many2many</a></li>
                    
                    <li><a href="#d69b75c7-f537-45cc-97ba-ead4aadddc6a">test_modelos_tienen_algun_campo_relacion[one2many]</a></li>
                    
                    <li><a href="#cadfde93-96ff-4870-b0fb-2edcff1f1c88">test_modelos_tienen_algun_campo_relacion[many2one]</a></li>
                    
                    <li><a href="#f9afa230-b69e-4f57-8418-7f63576b0c5f">test_unknown_comodel_name</a></li>
                    
                </ul>
                </li>
                
                <li>test_minimal_requirements.TestRNF3
                <ul>
                    
                    <li><a href="#4c9fddac-1c9f-4242-a2c4-af72178ed9c3">test_modelos_tienen_vista[tree]</a></li>
                    
                    <li><a href="#0a6c1d94-3555-46e2-91a9-b5061a34e51f">test_modelos_tienen_vista[form]</a></li>
                    
                    <li><a href="#0e999884-799e-426b-8fa2-c40f0858e138">test_formularios_tienen_vista_anidada_para_campos_X2many[one2many]</a></li>
                    
                    <li><a href="#fe860858-65e9-4ed6-9490-d63e712e71b4">test_formularios_tienen_vista_anidada_para_campos_X2many[many2many]</a></li>
                    
                </ul>
                </li>
                
                <li>test_minimal_requirements.TestRNF4
                <ul>
                    
                    <li><a href="#dc22b7d2-a3e5-4c6b-875c-4cade9561b20">test_vistas_en_ficheros_individuales</a></li>
                    
                </ul>
                </li>
                
                <li>test_minimal_requirements.TestRNF5
                <ul>
                    
                    <li><a href="#4269ab3a-3368-4154-8c60-83a9e1400862">test_modelos_tienen_algun_posible_campo_imagen</a></li>
                    
                    <li><a href="#87ecc09f-683f-4483-a70b-af47dd02c558">test_alguna_vista_tiene_campo_imagen</a></li>
                    
                </ul>
                </li>
                
                <li>test_minimal_requirements.TestRNF6
                <ul>
                    
                    <li><a href="#7478b548-d454-4856-8335-cd7ccefbfb28">test_modelos_tienen_acciones</a></li>
                    
                    <li><a href="#d43ca557-e99b-4000-a52e-5b99d40ad4a2">test_hay_elementos_de_menu[.//menuitem[@action]]</a></li>
                    
                </ul>
                </li>
                
                <li>test_minimal_requirements.TestRNF7
                <ul>
                    
                    <li><a href="#4b25b123-30e1-4968-acb1-a91d42a10bf7">test_modelos_tienen_permisos</a></li>
                    
                </ul>
                </li>
                
                <li>test_minimal_requirements.TestRNF8
                <ul>
                    
                    <li><a href="#6814c666-019e-46f8-9674-647789779b81">test_app_tiene_icono</a></li>
                    
                </ul>
                </li>
                
                <li>test_minimal_requirements.TestRNF9
                <ul>
                    
                    <li><a href="#2c121bc2-8eab-454d-a872-cadb7e9f84e1">test_modelos_tienen_datos_demo</a></li>
                    
                </ul>
                </li>
                
                <li>test_minimal_requirements.TestRNFGit
                <ul>
                    
                    <li><a href="#fbfa8390-2360-43b7-88db-dd52a14c2fde">test_git_commit_frecuentes</a></li>
                    
                </ul>
                </li>
                
                <li>test_minimal_requirements.TestRNFCalidad
                <ul>
                    
                    <li><a href="#6c610af7-3922-4916-a9ec-77df303aaabb">test_odoo_disponible</a></li>
                    
                    <li><a href="#04ca9633-f860-4b6a-a1c3-c26a7463c39f">test_app_instalada</a></li>
                    
                    <li><a href="#5849ae72-4042-4ef5-88ba-a245f9698cdc">test_solo_una_app_entregada</a></li>
                    
                    <li><a href="#cf8abf4d-ee2d-4a65-9f28-7b275baa8abe">test_no_hay_elementos_xml_comentados</a></li>
                    
                    <li><a href="#c8bd80cc-7bd4-4681-a825-5d0be72853f8">test_no_hay_codigo_python_comentado</a></li>
                    
                    <li><a href="#26b29417-0d2c-4f0a-bd37-f005a4224b7a">test_log_servidor_sin_errores</a></li>
                    
                </ul>
                </li>
                
                <li>test_minimal_requirements.TestRNFAdicionales
                <ul>
                    
                    <li><a href="#c6c8f2b3-a2f2-4b6a-8ef6-98ff3fb74af1">test_vista_kanban[/kanban]</a>[s]</li>
                    
                    <li><a href="#360bc19e-463d-4c78-b944-27185f156ece">test_vista_kanban[/kanban[@default_group_by]]</a>[s]</li>
                    
                    <li><a href="#f0070b61-3e6b-488e-885c-8bf81ec450cd">test_vista_search[/search]</a>[s]</li>
                    
                    <li><a href="#4cae192c-958a-4a54-a2b9-cb8ae91b7b3d">test_vista_search[/search//filter[@domain]]</a>[s]</li>
                    
                    <li><a href="#daa2bc45-c81b-4bea-be7d-edbe506720fd">test_vista_search[/search//group//filter[@context]]</a>[s]</li>
                    
                    <li><a href="#07aec0e2-ddca-4666-bbaf-fb3b98f606f1">test_otras_vistas_adicionales[activity]</a>[s]</li>
                    
                    <li><a href="#885fe9d0-538a-4dc0-8443-ad23f5bbd7b6">test_otras_vistas_adicionales[calendar]</a>[s]</li>
                    
                    <li><a href="#44c87534-42c9-42b4-9fb7-17985508b04b">test_otras_vistas_adicionales[graph]</a>[s]</li>
                    
                    <li><a href="#905ea716-ae69-4c46-bcf0-1a12ada2a3dd">test_otras_vistas_adicionales[pivot]</a>[s]</li>
                    
                    <li><a href="#4dfd2f46-f6c4-4a82-aeec-5b65ddb832a9">test_seguridad_con_grupos_propios</a>[s]</li>
                    
                    <li><a href="#bb6d53a4-d9d5-4fdf-8ca6-d4a37771ab06">test_herencia_en_vistas_con_position</a>[s]</li>
                    
                    <li><a href="#5a42e32f-d038-419a-a948-01523c54c16a">test_herencia_en_vistas_con_inherit_id</a>[s]</li>
                    
                    <li><a href="#ea9c5ff3-6af2-44f4-936b-6d29829335c1">test_herencia_en_modelos</a>[s]</li>
                    
                    <li><a href="#11db527b-0f2e-4a64-beb2-a43e877ad335">test_datos_maestros_o_demo_avanzados[binary]</a>[s]</li>
                    
                    <li><a href="#71fb18b1-53d5-49b9-9ba2-32aa5240cd9f">test_datos_maestros_o_demo_avanzados[many2many]</a>[s]</li>
                    
                    <li><a href="#039760ab-8635-4c58-88f1-a7307a793c66">test_datos_maestros_o_demo_avanzados[many2one]</a>[s]</li>
                    
                    <li><a href="#30a57c00-2bfe-46df-a93d-dccd22e6df9f">test_i18n</a>[s]</li>
                    
                    <li><a href="#14a28e12-8f54-4184-a347-6452e5e2d691">test_informes[report]</a>[s]</li>
                    
                    <li><a href="#7fcc26f9-f8ef-43d2-98d0-a023606b1c21">test_informes[template]</a>[s]</li>
                    
                </ul>
                </li>
                
                <li>test_minimal_requirements.TestOtros
                <ul>
                    
                    <li><a href="#67249fac-23c5-4bec-8ee0-239103ef6151">test_log_sin_warnings</a></li>
                    
                </ul>
                </li>
                
            
            </ul>
        </td>
        <td class="failure-index">
            <ul class="toc">
            
                
                    
                    
                    <li><a href="#68dea3e2-45d3-41f5-a6bb-79f685f8867c">[F] test_minimal_requirements.TestRNF1 : test_app_tiene_al_menos_4_modelos</a></li>
                    
                    
                    
                    <li><a href="#b6e21c15-0d49-4c9e-ab3d-102d2364431d">[F] test_minimal_requirements.TestRNF1 : test_modelos_en_ficheros_individuales</a></li>
                    
                    
                
                    
                    
                    <li><a href="#b95a20c3-05b1-42c9-8ab7-6c09d3b8559d">[F] test_minimal_requirements.TestRNF2 : test_relacion_many2many</a></li>
                    
                    
                    
                    <li><a href="#d69b75c7-f537-45cc-97ba-ead4aadddc6a">[F] test_minimal_requirements.TestRNF2 : test_modelos_tienen_algun_campo_relacion[one2many]</a></li>
                    
                    
                    
                    <li><a href="#cadfde93-96ff-4870-b0fb-2edcff1f1c88">[F] test_minimal_requirements.TestRNF2 : test_modelos_tienen_algun_campo_relacion[many2one]</a></li>
                    
                    
                    
                    
                
                    
                    
                    <li><a href="#4c9fddac-1c9f-4242-a2c4-af72178ed9c3">[F] test_minimal_requirements.TestRNF3 : test_modelos_tienen_vista[tree]</a></li>
                    
                    
                    
                    <li><a href="#0a6c1d94-3555-46e2-91a9-b5061a34e51f">[F] test_minimal_requirements.TestRNF3 : test_modelos_tienen_vista[form]</a></li>
                    
                    
                    
                    <li><a href="#0e999884-799e-426b-8fa2-c40f0858e138">[F] test_minimal_requirements.TestRNF3 : test_formularios_tienen_vista_anidada_para_campos_X2many[one2many]</a></li>
                    
                    
                    
                    <li><a href="#fe860858-65e9-4ed6-9490-d63e712e71b4">[F] test_minimal_requirements.TestRNF3 : test_formularios_tienen_vista_anidada_para_campos_X2many[many2many]</a></li>
                    
                    
                
                    
                    
                    
                
                    
                    
                    <li><a href="#4269ab3a-3368-4154-8c60-83a9e1400862">[F] test_minimal_requirements.TestRNF5 : test_modelos_tienen_algun_posible_campo_imagen</a></li>
                    
                    
                    
                    <li><a href="#87ecc09f-683f-4483-a70b-af47dd02c558">[F] test_minimal_requirements.TestRNF5 : test_alguna_vista_tiene_campo_imagen</a></li>
                    
                    
                
                    
                    
                    <li><a href="#7478b548-d454-4856-8335-cd7ccefbfb28">[F] test_minimal_requirements.TestRNF6 : test_modelos_tienen_acciones</a></li>
                    
                    
                    
                    <li><a href="#d43ca557-e99b-4000-a52e-5b99d40ad4a2">[F] test_minimal_requirements.TestRNF6 : test_hay_elementos_de_menu[.//menuitem[@action]]</a></li>
                    
                    
                
                    
                    
                    <li><a href="#4b25b123-30e1-4968-acb1-a91d42a10bf7">[F] test_minimal_requirements.TestRNF7 : test_modelos_tienen_permisos</a></li>
                    
                    
                
                    
                    
                    
                
                    
                    
                    <li><a href="#2c121bc2-8eab-454d-a872-cadb7e9f84e1">[F] test_minimal_requirements.TestRNF9 : test_modelos_tienen_datos_demo</a></li>
                    
                    
                
                    
                    
                    
                
                    
                    
                    
                    
                    
                    
                    <li><a href="#5849ae72-4042-4ef5-88ba-a245f9698cdc">[F] test_minimal_requirements.TestRNFCalidad : test_solo_una_app_entregada</a></li>
                    
                    
                    
                    <li><a href="#cf8abf4d-ee2d-4a65-9f28-7b275baa8abe">[F] test_minimal_requirements.TestRNFCalidad : test_no_hay_elementos_xml_comentados</a></li>
                    
                    
                    
                    <li><a href="#c8bd80cc-7bd4-4681-a825-5d0be72853f8">[F] test_minimal_requirements.TestRNFCalidad : test_no_hay_codigo_python_comentado</a></li>
                    
                    
                    
                    
                
                    
                    
                    
                    
                    
                    
                    
                    
                    
                    
                    
                    
                    
                    
                    
                    
                    
                    
                    
                    
                    
                    
                    
                    
                    
                    
                    
                    
                    
                    
                    
                    
                    
                    
                    
                    
                    
                    
                    
                
                    
                    
                    
                
            
            </ul>
        </td>
    </tr>
</table>


    <div class="testsuite">
        <h2>Test Suite: pytest</h2>
        <a id="52faf7b3-ee22-4bb8-900a-8bce7660c546"></a>
        
        
        <h3>Results</h3>
        <table class="proplist">
            <tr>
                <th>Duration</th><td>34.463 sec</td>
            </tr>
            <tr>
                <th>Tests</th><td>45</td>
            </tr>
            <tr>
                <th>Failures</th><td>18</td>
            </tr>
        </table>

        <div class="testclasses">
            <h3>Tests</h3>
            
            <div class="testclass">
                <h4>test_minimal_requirements.TestRNF1</h4>
                <div class="testcases">
                
                    <div class="test outcome outcome-failed">
                        <a id="68dea3e2-45d3-41f5-a6bb-79f685f8867c"></a>
                        <table class="proplist">
                            <tr><th>Test case:</th><td><b>test_app_tiene_al_menos_4_modelos</b></td></tr>
                            <tr><th>Outcome:</th><td>Failed</td></tr>
                            <tr><th>Duration:</th><td>29.569 sec</td></tr>
                        
                            <tr><th>Failed</th><td>AssertionError: Al menos **4 clases**, implementadas en ficheros diferentes.
assert 0 &gt;= 4
 +  where 0 = len([])
 +    where [] = &lt;test_minimal_requirements.SystemUnderTest object at 0x7fcc31f57790&gt;.basename_app_models
 +  and   4 = &lt;test_minimal_requirements.TestRNF1 object at 0x7fcc31f57b20&gt;.MIN</td></tr>
                        
                        
                        </table>

                        
                        <pre>self = &lt;test_minimal_requirements.TestRNF1 object at 0x7fcc31f57b20&gt;
sut = &lt;test_minimal_requirements.SystemUnderTest object at 0x7fcc31f57790&gt;

&gt;   ???
E   AssertionError: Al menos **4 clases**, implementadas en ficheros diferentes.
E   assert 0 &gt;= 4
E    +  where 0 = len([])
E    +    where [] = &lt;test_minimal_requirements.SystemUnderTest object at 0x7fcc31f57790&gt;.basename_app_models
E    +  and   4 = &lt;test_minimal_requirements.TestRNF1 object at 0x7fcc31f57b20&gt;.MIN

/home/madrid/Escritorio/SGE/SGE-odoo-project-tester-2DAMB/test_minimal_requirements.py:221: AssertionError</pre>
                        
                        

                        
                        
                        
                    </div>
                
                    <div class="test outcome outcome-failed">
                        <a id="b6e21c15-0d49-4c9e-ab3d-102d2364431d"></a>
                        <table class="proplist">
                            <tr><th>Test case:</th><td><b>test_modelos_en_ficheros_individuales</b></td></tr>
                            <tr><th>Outcome:</th><td>Failed</td></tr>
                            <tr><th>Duration:</th><td>0.001 sec</td></tr>
                        
                            <tr><th>Failed</th><td>AssertionError: No coinciden el número de modelos de datos de la aplicación con el número de ficheros Python en el paquete models - Al menos **4 clases**, implementadas en ficheros diferentes.
assert (0 + 0) == 5
 +  where 0 = len([])
 +    where [] = &lt;test_minimal_requirements.SystemUnderTest object at 0x7fcc31f57790&gt;.basename_app_models
 +  and   0 = len([])
 +    where [] = &lt;test_minimal_requirements.SystemUnderTest object at 0x7fcc31f57790&gt;.basename_app_inherited_models
 +  and   5 = len([&#39;calificaciones.py&#39;, &#39;calificar.py&#39;, &#39;clientes.py&#39;, &#39;models.py&#39;, &#39;empleados.py&#39;])
 +    where [&#39;calificaciones.py&#39;, &#39;calificar.py&#39;, &#39;clientes.py&#39;, &#39;models.py&#39;, &#39;empleados.py&#39;] = &lt;test_minimal_requirements.SystemUnderTest object at 0x7fcc31f57790&gt;.basename_model_files</td></tr>
                        
                        
                        </table>

                        
                        <pre>self = &lt;test_minimal_requirements.TestRNF1 object at 0x7fcc31f57eb0&gt;
sut = &lt;test_minimal_requirements.SystemUnderTest object at 0x7fcc31f57790&gt;

&gt;   ???
E   AssertionError: No coinciden el número de modelos de datos de la aplicación con el número de ficheros Python en el paquete models - Al menos **4 clases**, implementadas en ficheros diferentes.
E   assert (0 + 0) == 5
E    +  where 0 = len([])
E    +    where [] = &lt;test_minimal_requirements.SystemUnderTest object at 0x7fcc31f57790&gt;.basename_app_models
E    +  and   0 = len([])
E    +    where [] = &lt;test_minimal_requirements.SystemUnderTest object at 0x7fcc31f57790&gt;.basename_app_inherited_models
E    +  and   5 = len([&#39;calificaciones.py&#39;, &#39;calificar.py&#39;, &#39;clientes.py&#39;, &#39;models.py&#39;, &#39;empleados.py&#39;])
E    +    where [&#39;calificaciones.py&#39;, &#39;calificar.py&#39;, &#39;clientes.py&#39;, &#39;models.py&#39;, &#39;empleados.py&#39;] = &lt;test_minimal_requirements.SystemUnderTest object at 0x7fcc31f57790&gt;.basename_model_files

/home/madrid/Escritorio/SGE/SGE-odoo-project-tester-2DAMB/test_minimal_requirements.py:224: AssertionError</pre>
                        
                        

                        
                        
                        
                    </div>
                
                </div>
            </div>
            
            <div class="testclass">
                <h4>test_minimal_requirements.TestRNF2</h4>
                <div class="testcases">
                
                    <div class="test outcome outcome-failed">
                        <a id="b95a20c3-05b1-42c9-8ab7-6c09d3b8559d"></a>
                        <table class="proplist">
                            <tr><th>Test case:</th><td><b>test_relacion_many2many</b></td></tr>
                            <tr><th>Outcome:</th><td>Failed</td></tr>
                            <tr><th>Duration:</th><td>0.019 sec</td></tr>
                        
                            <tr><th>Failed</th><td>AssertionError: Diferentes tipos de campos simples y relacionales (_one2many_, _many2one_ y _many2many_).
      En tu proyecto se debe implementar **al menos uno de cada tipo**.
assert 0 &gt;= 1
 +  where 0 = len([])
 +  and   1 = &lt;test_minimal_requirements.TestRNF2 object at 0x7fcc31f6b340&gt;.MIN</td></tr>
                        
                        
                        </table>

                        
                        <pre>self = &lt;test_minimal_requirements.TestRNF2 object at 0x7fcc31f6b340&gt;
sut = &lt;test_minimal_requirements.SystemUnderTest object at 0x7fcc31f57790&gt;

&gt;   ???
E   AssertionError: Diferentes tipos de campos simples y relacionales (_one2many_, _many2one_ y _many2many_).
E         En tu proyecto se debe implementar **al menos uno de cada tipo**.
E   assert 0 &gt;= 1
E    +  where 0 = len([])
E    +  and   1 = &lt;test_minimal_requirements.TestRNF2 object at 0x7fcc31f6b340&gt;.MIN

/home/madrid/Escritorio/SGE/SGE-odoo-project-tester-2DAMB/test_minimal_requirements.py:238: AssertionError</pre>
                        
                        

                        
                        
                        
                    </div>
                
                    <div class="test outcome outcome-failed">
                        <a id="d69b75c7-f537-45cc-97ba-ead4aadddc6a"></a>
                        <table class="proplist">
                            <tr><th>Test case:</th><td><b>test_modelos_tienen_algun_campo_relacion[one2many]</b></td></tr>
                            <tr><th>Outcome:</th><td>Failed</td></tr>
                            <tr><th>Duration:</th><td>0.001 sec</td></tr>
                        
                            <tr><th>Failed</th><td>AssertionError: No hay modelos de datos
assert []
 +  where [] = &lt;test_minimal_requirements.SystemUnderTest object at 0x7fcc31f57790&gt;.app_models</td></tr>
                        
                        
                        </table>

                        
                        <pre>self = &lt;test_minimal_requirements.TestRNF2 object at 0x7fcc31f6b730&gt;
sut = &lt;test_minimal_requirements.SystemUnderTest object at 0x7fcc31f57790&gt;
relationship = &#39;one2many&#39;

&gt;   ???

/home/madrid/Escritorio/SGE/SGE-odoo-project-tester-2DAMB/test_minimal_requirements.py:242: 
_ _ _ _ _ _ _ _ _ _ _ _ _ _ _ _ _ _ _ _ _ _ _ _ _ _ _ _ _ _ _ _ _ _ _ _ _ _ _ _ 

self = &lt;test_minimal_requirements.SystemUnderTest object at 0x7fcc31f57790&gt;
type = &#39;one2many&#39;

&gt;   ???
E   AssertionError: No hay modelos de datos
E   assert []
E    +  where [] = &lt;test_minimal_requirements.SystemUnderTest object at 0x7fcc31f57790&gt;.app_models

/home/madrid/Escritorio/SGE/SGE-odoo-project-tester-2DAMB/test_minimal_requirements.py:112: AssertionError</pre>
                        
                        

                        
                        
                        
                    </div>
                
                    <div class="test outcome outcome-failed">
                        <a id="cadfde93-96ff-4870-b0fb-2edcff1f1c88"></a>
                        <table class="proplist">
                            <tr><th>Test case:</th><td><b>test_modelos_tienen_algun_campo_relacion[many2one]</b></td></tr>
                            <tr><th>Outcome:</th><td>Failed</td></tr>
                            <tr><th>Duration:</th><td>0.001 sec</td></tr>
                        
                            <tr><th>Failed</th><td>AssertionError: No hay modelos de datos
assert []
 +  where [] = &lt;test_minimal_requirements.SystemUnderTest object at 0x7fcc31f57790&gt;.app_models</td></tr>
                        
                        
                        </table>

                        
                        <pre>self = &lt;test_minimal_requirements.TestRNF2 object at 0x7fcc31f6bb50&gt;
sut = &lt;test_minimal_requirements.SystemUnderTest object at 0x7fcc31f57790&gt;
relationship = &#39;many2one&#39;

&gt;   ???

/home/madrid/Escritorio/SGE/SGE-odoo-project-tester-2DAMB/test_minimal_requirements.py:242: 
_ _ _ _ _ _ _ _ _ _ _ _ _ _ _ _ _ _ _ _ _ _ _ _ _ _ _ _ _ _ _ _ _ _ _ _ _ _ _ _ 

self = &lt;test_minimal_requirements.SystemUnderTest object at 0x7fcc31f57790&gt;
type = &#39;many2one&#39;

&gt;   ???
E   AssertionError: No hay modelos de datos
E   assert []
E    +  where [] = &lt;test_minimal_requirements.SystemUnderTest object at 0x7fcc31f57790&gt;.app_models

/home/madrid/Escritorio/SGE/SGE-odoo-project-tester-2DAMB/test_minimal_requirements.py:112: AssertionError</pre>
                        
                        

                        
                        
                        
                    </div>
                
                    <div class="test outcome outcome-passed">
                        <a id="f9afa230-b69e-4f57-8418-7f63576b0c5f"></a>
                        <table class="proplist">
                            <tr><th>Test case:</th><td><b>test_unknown_comodel_name</b></td></tr>
                            <tr><th>Outcome:</th><td>Passed</td></tr>
                            <tr><th>Duration:</th><td>0.001 sec</td></tr>
                        
                        
                        </table>

                        
                        

                        
                        
                        
                    </div>
                
                </div>
            </div>
            
            <div class="testclass">
                <h4>test_minimal_requirements.TestRNF3</h4>
                <div class="testcases">
                
                    <div class="test outcome outcome-failed">
                        <a id="4c9fddac-1c9f-4242-a2c4-af72178ed9c3"></a>
                        <table class="proplist">
                            <tr><th>Test case:</th><td><b>test_modelos_tienen_vista[tree]</b></td></tr>
                            <tr><th>Outcome:</th><td>Failed</td></tr>
                            <tr><th>Duration:</th><td>0.001 sec</td></tr>
                        
                            <tr><th>Failed</th><td>assert []
 +  where [] = &lt;test_minimal_requirements.SystemUnderTest object at 0x7fcc31f57790&gt;.app_models</td></tr>
                        
                        
                        </table>

                        
                        <pre>self = &lt;test_minimal_requirements.TestRNF3 object at 0x7fcc31f76250&gt;
sut = &lt;test_minimal_requirements.SystemUnderTest object at 0x7fcc31f57790&gt;
view_type = &#39;tree&#39;

&gt;   ???

/home/madrid/Escritorio/SGE/SGE-odoo-project-tester-2DAMB/test_minimal_requirements.py:258: 
_ _ _ _ _ _ _ _ _ _ _ _ _ _ _ _ _ _ _ _ _ _ _ _ _ _ _ _ _ _ _ _ _ _ _ _ _ _ _ _ 

self = &lt;test_minimal_requirements.SystemUnderTest object at 0x7fcc31f57790&gt;
type = &#39;tree&#39;

&gt;   ???
E   assert []
E    +  where [] = &lt;test_minimal_requirements.SystemUnderTest object at 0x7fcc31f57790&gt;.app_models

/home/madrid/Escritorio/SGE/SGE-odoo-project-tester-2DAMB/test_minimal_requirements.py:122: AssertionError</pre>
                        
                        

                        
                        
                        
                    </div>
                
                    <div class="test outcome outcome-failed">
                        <a id="0a6c1d94-3555-46e2-91a9-b5061a34e51f"></a>
                        <table class="proplist">
                            <tr><th>Test case:</th><td><b>test_modelos_tienen_vista[form]</b></td></tr>
                            <tr><th>Outcome:</th><td>Failed</td></tr>
                            <tr><th>Duration:</th><td>0.001 sec</td></tr>
                        
                            <tr><th>Failed</th><td>assert []
 +  where [] = &lt;test_minimal_requirements.SystemUnderTest object at 0x7fcc31f57790&gt;.app_models</td></tr>
                        
                        
                        </table>

                        
                        <pre>self = &lt;test_minimal_requirements.TestRNF3 object at 0x7fcc31f76430&gt;
sut = &lt;test_minimal_requirements.SystemUnderTest object at 0x7fcc31f57790&gt;
view_type = &#39;form&#39;

&gt;   ???

/home/madrid/Escritorio/SGE/SGE-odoo-project-tester-2DAMB/test_minimal_requirements.py:258: 
_ _ _ _ _ _ _ _ _ _ _ _ _ _ _ _ _ _ _ _ _ _ _ _ _ _ _ _ _ _ _ _ _ _ _ _ _ _ _ _ 

self = &lt;test_minimal_requirements.SystemUnderTest object at 0x7fcc31f57790&gt;
type = &#39;form&#39;

&gt;   ???
E   assert []
E    +  where [] = &lt;test_minimal_requirements.SystemUnderTest object at 0x7fcc31f57790&gt;.app_models

/home/madrid/Escritorio/SGE/SGE-odoo-project-tester-2DAMB/test_minimal_requirements.py:122: AssertionError</pre>
                        
                        

                        
                        
                        
                    </div>
                
                    <div class="test outcome outcome-failed">
                        <a id="0e999884-799e-426b-8fa2-c40f0858e138"></a>
                        <table class="proplist">
                            <tr><th>Test case:</th><td><b>test_formularios_tienen_vista_anidada_para_campos_X2many[one2many]</b></td></tr>
                            <tr><th>Outcome:</th><td>Failed</td></tr>
                            <tr><th>Duration:</th><td>0.001 sec</td></tr>
                        
                            <tr><th>Failed</th><td>AssertionError: No hay modelos de datos
assert []
 +  where [] = &lt;test_minimal_requirements.SystemUnderTest object at 0x7fcc31f57790&gt;.app_models</td></tr>
                        
                        
                        </table>

                        
                        <pre>self = &lt;test_minimal_requirements.TestRNF3 object at 0x7fcc31f76850&gt;
sut = &lt;test_minimal_requirements.SystemUnderTest object at 0x7fcc31f57790&gt;
relationship = &#39;one2many&#39;

&gt;   ???

/home/madrid/Escritorio/SGE/SGE-odoo-project-tester-2DAMB/test_minimal_requirements.py:269: 
_ _ _ _ _ _ _ _ _ _ _ _ _ _ _ _ _ _ _ _ _ _ _ _ _ _ _ _ _ _ _ _ _ _ _ _ _ _ _ _ 

self = &lt;test_minimal_requirements.SystemUnderTest object at 0x7fcc31f57790&gt;
type = &#39;one2many&#39;

&gt;   ???
E   AssertionError: No hay modelos de datos
E   assert []
E    +  where [] = &lt;test_minimal_requirements.SystemUnderTest object at 0x7fcc31f57790&gt;.app_models

/home/madrid/Escritorio/SGE/SGE-odoo-project-tester-2DAMB/test_minimal_requirements.py:112: AssertionError</pre>
                        
                        

                        
                        
                        
                    </div>
                
                    <div class="test outcome outcome-failed">
                        <a id="fe860858-65e9-4ed6-9490-d63e712e71b4"></a>
                        <table class="proplist">
                            <tr><th>Test case:</th><td><b>test_formularios_tienen_vista_anidada_para_campos_X2many[many2many]</b></td></tr>
                            <tr><th>Outcome:</th><td>Failed</td></tr>
                            <tr><th>Duration:</th><td>0.001 sec</td></tr>
                        
                            <tr><th>Failed</th><td>AssertionError: No hay modelos de datos
assert []
 +  where [] = &lt;test_minimal_requirements.SystemUnderTest object at 0x7fcc31f57790&gt;.app_models</td></tr>
                        
                        
                        </table>

                        
                        <pre>self = &lt;test_minimal_requirements.TestRNF3 object at 0x7fcc31f76a30&gt;
sut = &lt;test_minimal_requirements.SystemUnderTest object at 0x7fcc31f57790&gt;
relationship = &#39;many2many&#39;

&gt;   ???

/home/madrid/Escritorio/SGE/SGE-odoo-project-tester-2DAMB/test_minimal_requirements.py:269: 
_ _ _ _ _ _ _ _ _ _ _ _ _ _ _ _ _ _ _ _ _ _ _ _ _ _ _ _ _ _ _ _ _ _ _ _ _ _ _ _ 

self = &lt;test_minimal_requirements.SystemUnderTest object at 0x7fcc31f57790&gt;
type = &#39;many2many&#39;

&gt;   ???
E   AssertionError: No hay modelos de datos
E   assert []
E    +  where [] = &lt;test_minimal_requirements.SystemUnderTest object at 0x7fcc31f57790&gt;.app_models

/home/madrid/Escritorio/SGE/SGE-odoo-project-tester-2DAMB/test_minimal_requirements.py:112: AssertionError</pre>
                        
                        

                        
                        
                        
                    </div>
                
                </div>
            </div>
            
            <div class="testclass">
                <h4>test_minimal_requirements.TestRNF4</h4>
                <div class="testcases">
                
                    <div class="test outcome outcome-passed">
                        <a id="dc22b7d2-a3e5-4c6b-875c-4cade9561b20"></a>
                        <table class="proplist">
                            <tr><th>Test case:</th><td><b>test_vistas_en_ficheros_individuales</b></td></tr>
                            <tr><th>Outcome:</th><td>Passed</td></tr>
                            <tr><th>Duration:</th><td>0.001 sec</td></tr>
                        
                        
                        </table>

                        
                        

                        
                        
                        
                    </div>
                
                </div>
            </div>
            
            <div class="testclass">
                <h4>test_minimal_requirements.TestRNF5</h4>
                <div class="testcases">
                
                    <div class="test outcome outcome-failed">
                        <a id="4269ab3a-3368-4154-8c60-83a9e1400862"></a>
                        <table class="proplist">
                            <tr><th>Test case:</th><td><b>test_modelos_tienen_algun_posible_campo_imagen</b></td></tr>
                            <tr><th>Outcome:</th><td>Failed</td></tr>
                            <tr><th>Duration:</th><td>0.001 sec</td></tr>
                        
                            <tr><th>Failed</th><td>AssertionError: No hay modelos de datos
assert []
 +  where [] = &lt;test_minimal_requirements.SystemUnderTest object at 0x7fcc31f57790&gt;.app_models</td></tr>
                        
                        
                        </table>

                        
                        <pre>self = &lt;test_minimal_requirements.TestRNF5 object at 0x7fcc31f768e0&gt;
sut = &lt;test_minimal_requirements.SystemUnderTest object at 0x7fcc31f57790&gt;

&gt;   ???

/home/madrid/Escritorio/SGE/SGE-odoo-project-tester-2DAMB/test_minimal_requirements.py:289: 
_ _ _ _ _ _ _ _ _ _ _ _ _ _ _ _ _ _ _ _ _ _ _ _ _ _ _ _ _ _ _ _ _ _ _ _ _ _ _ _ 

self = &lt;test_minimal_requirements.SystemUnderTest object at 0x7fcc31f57790&gt;
type = &#39;binary&#39;

&gt;   ???
E   AssertionError: No hay modelos de datos
E   assert []
E    +  where [] = &lt;test_minimal_requirements.SystemUnderTest object at 0x7fcc31f57790&gt;.app_models

/home/madrid/Escritorio/SGE/SGE-odoo-project-tester-2DAMB/test_minimal_requirements.py:112: AssertionError</pre>
                        
                        

                        
                        
                        
                    </div>
                
                    <div class="test outcome outcome-failed">
                        <a id="87ecc09f-683f-4483-a70b-af47dd02c558"></a>
                        <table class="proplist">
                            <tr><th>Test case:</th><td><b>test_alguna_vista_tiene_campo_imagen</b></td></tr>
                            <tr><th>Outcome:</th><td>Failed</td></tr>
                            <tr><th>Duration:</th><td>0.001 sec</td></tr>
                        
                            <tr><th>Failed</th><td>AssertionError: No hay modelos de datos
assert []
 +  where [] = &lt;test_minimal_requirements.SystemUnderTest object at 0x7fcc31f57790&gt;.app_models</td></tr>
                        
                        
                        </table>

                        
                        <pre>self = &lt;test_minimal_requirements.TestRNF5 object at 0x7fcc31efb250&gt;
sut = &lt;test_minimal_requirements.SystemUnderTest object at 0x7fcc31f57790&gt;

&gt;   ???

/home/madrid/Escritorio/SGE/SGE-odoo-project-tester-2DAMB/test_minimal_requirements.py:294: 
_ _ _ _ _ _ _ _ _ _ _ _ _ _ _ _ _ _ _ _ _ _ _ _ _ _ _ _ _ _ _ _ _ _ _ _ _ _ _ _ 

self = &lt;test_minimal_requirements.SystemUnderTest object at 0x7fcc31f57790&gt;
type = &#39;binary&#39;

&gt;   ???
E   AssertionError: No hay modelos de datos
E   assert []
E    +  where [] = &lt;test_minimal_requirements.SystemUnderTest object at 0x7fcc31f57790&gt;.app_models

/home/madrid/Escritorio/SGE/SGE-odoo-project-tester-2DAMB/test_minimal_requirements.py:112: AssertionError</pre>
                        
                        

                        
                        
                        
                    </div>
                
                </div>
            </div>
            
            <div class="testclass">
                <h4>test_minimal_requirements.TestRNF6</h4>
                <div class="testcases">
                
                    <div class="test outcome outcome-failed">
                        <a id="7478b548-d454-4856-8335-cd7ccefbfb28"></a>
                        <table class="proplist">
                            <tr><th>Test case:</th><td><b>test_modelos_tienen_acciones</b></td></tr>
                            <tr><th>Outcome:</th><td>Failed</td></tr>
                            <tr><th>Duration:</th><td>0.001 sec</td></tr>
                        
                            <tr><th>Failed</th><td>assert []
 +  where [] = &lt;test_minimal_requirements.SystemUnderTest object at 0x7fcc31f57790&gt;.basename_app_models</td></tr>
                        
                        
                        </table>

                        
                        <pre>self = &lt;test_minimal_requirements.TestRNF6 object at 0x7fcc31efb6d0&gt;
sut = &lt;test_minimal_requirements.SystemUnderTest object at 0x7fcc31f57790&gt;

&gt;   ???
E   assert []
E    +  where [] = &lt;test_minimal_requirements.SystemUnderTest object at 0x7fcc31f57790&gt;.basename_app_models

/home/madrid/Escritorio/SGE/SGE-odoo-project-tester-2DAMB/test_minimal_requirements.py:301: AssertionError</pre>
                        
                        

                        
                        
                        
                    </div>
                
                    <div class="test outcome outcome-failed">
                        <a id="d43ca557-e99b-4000-a52e-5b99d40ad4a2"></a>
                        <table class="proplist">
                            <tr><th>Test case:</th><td><b>test_hay_elementos_de_menu[.//menuitem[@action]]</b></td></tr>
                            <tr><th>Outcome:</th><td>Failed</td></tr>
                            <tr><th>Duration:</th><td>0.001 sec</td></tr>
                        
                            <tr><th>Failed</th><td>xml.etree.ElementTree.ParseError: no element found: line 1, column 0</td></tr>
                        
                        
                        </table>

                        
                        <pre>self = &lt;test_minimal_requirements.TestRNF6 object at 0x7fcc31efbbe0&gt;
sut = &lt;test_minimal_requirements.SystemUnderTest object at 0x7fcc31f57790&gt;
xpath = &#39;.//menuitem[@action]&#39;

&gt;   ???

/home/madrid/Escritorio/SGE/SGE-odoo-project-tester-2DAMB/test_minimal_requirements.py:309: 
_ _ _ _ _ _ _ _ _ _ _ _ _ _ _ _ _ _ _ _ _ _ _ _ _ _ _ _ _ _ _ _ _ _ _ _ _ _ _ _ 
/home/madrid/Escritorio/SGE/SGE-odoo-project-tester-2DAMB/test_minimal_requirements.py:51: in hay_xml_con_xpath_valido
    ???
/usr/lib/python3.8/xml/etree/ElementTree.py:1202: in parse
    tree.parse(source, parser)
_ _ _ _ _ _ _ _ _ _ _ _ _ _ _ _ _ _ _ _ _ _ _ _ _ _ _ _ _ _ _ _ _ _ _ _ _ _ _ _ 

self = &lt;xml.etree.ElementTree.ElementTree object at 0x7fcc31e9b130&gt;
source = &lt;_io.BufferedReader name=&#39;/home/madrid/Escritorio/SGE/SGE-odoo-project-tester/projects/dmc_calificaciones/odoo/addons/dmc_calificaciones/views/empleados.xml&#39;&gt;
parser = &lt;xml.etree.ElementTree.XMLParser object at 0x7fcc31e9c8b0&gt;

    def parse(self, source, parser=None):
        &#34;&#34;&#34;Load external XML document into element tree.
    
        *source* is a file name or file object, *parser* is an optional parser
        instance that defaults to XMLParser.
    
        ParseError is raised if the parser fails to parse the document.
    
        Returns the root element of the given source document.
    
        &#34;&#34;&#34;
        close_source = False
        if not hasattr(source, &#34;read&#34;):
            source = open(source, &#34;rb&#34;)
            close_source = True
        try:
            if parser is None:
                # If no parser was specified, create a default XMLParser
                parser = XMLParser()
                if hasattr(parser, &#39;_parse_whole&#39;):
                    # The default XMLParser, when it comes from an accelerator,
                    # can define an internal _parse_whole API for efficiency.
                    # It can be used to parse the whole source without feeding
                    # it with chunks.
&gt;                   self._root = parser._parse_whole(source)
E                   xml.etree.ElementTree.ParseError: no element found: line 1, column 0

/usr/lib/python3.8/xml/etree/ElementTree.py:595: ParseError</pre>
                        
                        

                        
                        
                        
                    </div>
                
                </div>
            </div>
            
            <div class="testclass">
                <h4>test_minimal_requirements.TestRNF7</h4>
                <div class="testcases">
                
                    <div class="test outcome outcome-failed">
                        <a id="4b25b123-30e1-4968-acb1-a91d42a10bf7"></a>
                        <table class="proplist">
                            <tr><th>Test case:</th><td><b>test_modelos_tienen_permisos</b></td></tr>
                            <tr><th>Outcome:</th><td>Failed</td></tr>
                            <tr><th>Duration:</th><td>0.001 sec</td></tr>
                        
                            <tr><th>Failed</th><td>assert []
 +  where [] = &lt;test_minimal_requirements.SystemUnderTest object at 0x7fcc31f57790&gt;.app_models</td></tr>
                        
                        
                        </table>

                        
                        <pre>self = &lt;test_minimal_requirements.TestRNF7 object at 0x7fcc31efd0a0&gt;
sut = &lt;test_minimal_requirements.SystemUnderTest object at 0x7fcc31f57790&gt;

&gt;   ???
E   assert []
E    +  where [] = &lt;test_minimal_requirements.SystemUnderTest object at 0x7fcc31f57790&gt;.app_models

/home/madrid/Escritorio/SGE/SGE-odoo-project-tester-2DAMB/test_minimal_requirements.py:322: AssertionError</pre>
                        
                        

                        
                        
                        
                    </div>
                
                </div>
            </div>
            
            <div class="testclass">
                <h4>test_minimal_requirements.TestRNF8</h4>
                <div class="testcases">
                
                    <div class="test outcome outcome-passed">
                        <a id="6814c666-019e-46f8-9674-647789779b81"></a>
                        <table class="proplist">
                            <tr><th>Test case:</th><td><b>test_app_tiene_icono</b></td></tr>
                            <tr><th>Outcome:</th><td>Passed</td></tr>
                            <tr><th>Duration:</th><td>0.015 sec</td></tr>
                        
                        
                        </table>

                        
                        

                        
                        
                        
                    </div>
                
                </div>
            </div>
            
            <div class="testclass">
                <h4>test_minimal_requirements.TestRNF9</h4>
                <div class="testcases">
                
                    <div class="test outcome outcome-failed">
                        <a id="2c121bc2-8eab-454d-a872-cadb7e9f84e1"></a>
                        <table class="proplist">
                            <tr><th>Test case:</th><td><b>test_modelos_tienen_datos_demo</b></td></tr>
                            <tr><th>Outcome:</th><td>Failed</td></tr>
                            <tr><th>Duration:</th><td>0.001 sec</td></tr>
                        
                            <tr><th>Failed</th><td>AssertionError: No hay modelos de datos
assert []
 +  where [] = &lt;test_minimal_requirements.SystemUnderTest object at 0x7fcc31f57790&gt;.app_models</td></tr>
                        
                        
                        </table>

                        
                        <pre>self = &lt;test_minimal_requirements.TestRNF9 object at 0x7fcc31efd9d0&gt;
sut = &lt;test_minimal_requirements.SystemUnderTest object at 0x7fcc31f57790&gt;

&gt;   ???
E   AssertionError: No hay modelos de datos
E   assert []
E    +  where [] = &lt;test_minimal_requirements.SystemUnderTest object at 0x7fcc31f57790&gt;.app_models

/home/madrid/Escritorio/SGE/SGE-odoo-project-tester-2DAMB/test_minimal_requirements.py:349: AssertionError</pre>
                        
                        

                        
                        
                        
                    </div>
                
                </div>
            </div>
            
            <div class="testclass">
                <h4>test_minimal_requirements.TestRNFGit</h4>
                <div class="testcases">
                
                    <div class="test outcome outcome-passed">
                        <a id="fbfa8390-2360-43b7-88db-dd52a14c2fde"></a>
                        <table class="proplist">
                            <tr><th>Test case:</th><td><b>test_git_commit_frecuentes</b></td></tr>
                            <tr><th>Outcome:</th><td>Passed</td></tr>
                            <tr><th>Duration:</th><td>0.002 sec</td></tr>
                        
                        
                        </table>

                        
                        

                        
                        
                        
                    </div>
                
                </div>
            </div>
            
            <div class="testclass">
                <h4>test_minimal_requirements.TestRNFCalidad</h4>
                <div class="testcases">
                
                    <div class="test outcome outcome-passed">
                        <a id="6c610af7-3922-4916-a9ec-77df303aaabb"></a>
                        <table class="proplist">
                            <tr><th>Test case:</th><td><b>test_odoo_disponible</b></td></tr>
                            <tr><th>Outcome:</th><td>Passed</td></tr>
                            <tr><th>Duration:</th><td>0.008 sec</td></tr>
                        
                        
                        </table>

                        
                        

                        
                        
                        
                    </div>
                
                    <div class="test outcome outcome-passed">
                        <a id="04ca9633-f860-4b6a-a1c3-c26a7463c39f"></a>
                        <table class="proplist">
                            <tr><th>Test case:</th><td><b>test_app_instalada</b></td></tr>
                            <tr><th>Outcome:</th><td>Passed</td></tr>
                            <tr><th>Duration:</th><td>0.016 sec</td></tr>
                        
                        
                        </table>

                        
                        

                        
                        
                        
                    </div>
                
                    <div class="test outcome outcome-failed">
                        <a id="5849ae72-4042-4ef5-88ba-a245f9698cdc"></a>
                        <table class="proplist">
                            <tr><th>Test case:</th><td><b>test_solo_una_app_entregada</b></td></tr>
                            <tr><th>Outcome:</th><td>Failed</td></tr>
                            <tr><th>Duration:</th><td>0.001 sec</td></tr>
                        
                            <tr><th>Failed</th><td>AssertionError: Se ha encontrado más de una aplicación - Tu código debe estar bien probado, documentado, sin código comentado, sin ficheros innecesarios y con un *manifest* cuidado.
assert 2 == 1
 +  where 2 = len([&#39;/home/madrid/Escritorio/SGE/SGE-odoo-project-tester/projects/dmc_calificaciones/odoo/addons/dmc_calificaciones/../dmc_calificaciones/__manifest__.py&#39;, &#39;/home/madrid/Escritorio/SGE/SGE-odoo-project-tester/projects/dmc_calificaciones/odoo/addons/dmc_calificaciones/../libreria/__manifest__.py&#39;])</td></tr>
                        
                        
                        </table>

                        
                        <pre>self = &lt;test_minimal_requirements.TestRNFCalidad object at 0x7fcc31f02ac0&gt;
sut = &lt;test_minimal_requirements.SystemUnderTest object at 0x7fcc31f57790&gt;

&gt;   ???
E   AssertionError: Se ha encontrado más de una aplicación - Tu código debe estar bien probado, documentado, sin código comentado, sin ficheros innecesarios y con un *manifest* cuidado.
E   assert 2 == 1
E    +  where 2 = len([&#39;/home/madrid/Escritorio/SGE/SGE-odoo-project-tester/projects/dmc_calificaciones/odoo/addons/dmc_calificaciones/../dmc_calificaciones/__manifest__.py&#39;, &#39;/home/madrid/Escritorio/SGE/SGE-odoo-project-tester/projects/dmc_calificaciones/odoo/addons/dmc_calificaciones/../libreria/__manifest__.py&#39;])

/home/madrid/Escritorio/SGE/SGE-odoo-project-tester-2DAMB/test_minimal_requirements.py:394: AssertionError</pre>
                        
                        

                        
                        
                        
                    </div>
                
                    <div class="test outcome outcome-failed">
                        <a id="cf8abf4d-ee2d-4a65-9f28-7b275baa8abe"></a>
                        <table class="proplist">
                            <tr><th>Test case:</th><td><b>test_no_hay_elementos_xml_comentados</b></td></tr>
                            <tr><th>Outcome:</th><td>Failed</td></tr>
                            <tr><th>Duration:</th><td>0.002 sec</td></tr>
                        
                            <tr><th>Failed</th><td>xml.etree.ElementTree.ParseError: no element found: line 1, column 0</td></tr>
                        
                        
                        </table>

                        
                        <pre>self = &lt;test_minimal_requirements.TestRNFCalidad object at 0x7fcc31f02ee0&gt;
sut = &lt;test_minimal_requirements.SystemUnderTest object at 0x7fcc31f57790&gt;

&gt;   ???

/home/madrid/Escritorio/SGE/SGE-odoo-project-tester-2DAMB/test_minimal_requirements.py:403: 
_ _ _ _ _ _ _ _ _ _ _ _ _ _ _ _ _ _ _ _ _ _ _ _ _ _ _ _ _ _ _ _ _ _ _ _ _ _ _ _ 
/usr/lib/python3.8/xml/etree/ElementTree.py:1202: in parse
    tree.parse(source, parser)
_ _ _ _ _ _ _ _ _ _ _ _ _ _ _ _ _ _ _ _ _ _ _ _ _ _ _ _ _ _ _ _ _ _ _ _ _ _ _ _ 

self = &lt;xml.etree.ElementTree.ElementTree object at 0x7fcc31cfdfd0&gt;
source = &lt;_io.BufferedReader name=&#39;/home/madrid/Escritorio/SGE/SGE-odoo-project-tester/projects/dmc_calificaciones/odoo/addons/dmc_calificaciones/views/empleados.xml&#39;&gt;
parser = &lt;xml.etree.ElementTree.XMLParser object at 0x7fcc31e75e50&gt;

    def parse(self, source, parser=None):
        &#34;&#34;&#34;Load external XML document into element tree.
    
        *source* is a file name or file object, *parser* is an optional parser
        instance that defaults to XMLParser.
    
        ParseError is raised if the parser fails to parse the document.
    
        Returns the root element of the given source document.
    
        &#34;&#34;&#34;
        close_source = False
        if not hasattr(source, &#34;read&#34;):
            source = open(source, &#34;rb&#34;)
            close_source = True
        try:
            if parser is None:
                # If no parser was specified, create a default XMLParser
                parser = XMLParser()
                if hasattr(parser, &#39;_parse_whole&#39;):
                    # The default XMLParser, when it comes from an accelerator,
                    # can define an internal _parse_whole API for efficiency.
                    # It can be used to parse the whole source without feeding
                    # it with chunks.
                    self._root = parser._parse_whole(source)
                    return self._root
            while True:
                data = source.read(65536)
                if not data:
                    break
                parser.feed(data)
&gt;           self._root = parser.close()
E           xml.etree.ElementTree.ParseError: no element found: line 1, column 0

/usr/lib/python3.8/xml/etree/ElementTree.py:602: ParseError</pre>
                        
                        

                        
                        
                        
                    </div>
                
                    <div class="test outcome outcome-failed">
                        <a id="c8bd80cc-7bd4-4681-a825-5d0be72853f8"></a>
                        <table class="proplist">
                            <tr><th>Test case:</th><td><b>test_no_hay_codigo_python_comentado</b></td></tr>
                            <tr><th>Outcome:</th><td>Failed</td></tr>
                            <tr><th>Duration:</th><td>0.319 sec</td></tr>
                        
                            <tr><th>Failed</th><td>AssertionError: Se ha encontrado código Python comentado {&#39;models.py&#39;: &#39;-# from odoo import models, fields, api\n-#     _name = \&#39;dmc_calificaciones.dmc_calificaciones\&#39;\n-#     _description = \&#39;dmc_calificaciones.dmc_calificaciones\&#39;\n-#     name = fields.Char()\n-#     value = fields.Integer()\n-#     value2 = fields.Float(compute=&#34;_value_pc&#34;, store=True)\n-#     description = fields.Text()\n-#             record.value2 = float(record.value) / 100\n&#39;, &#39;controllers.py&#39;: &#39;-# from odoo import http\n-#         return &#34;Hello, world&#34;\n-#             \&#39;root\&#39;: \&#39;/dmc_calificaciones/dmc_calificaciones\&#39;,\n-#             \&#39;objects\&#39;: http.request.env[\&#39;dmc_calificaciones.dmc_calificaciones\&#39;].search([]),\n-#         })\n-#         })\n&#39;} - Tu código debe estar bien probado, documentado, sin código comentado, sin ficheros innecesarios y con un *manifest* cuidado.
assert {&#39;models.py&#39;: &#39;-# from odoo import models, fields, api\n-#     _name = \&#39;dmc_calificaciones.dmc_calificaciones\&#39;\n-#     _description = \&#39;dmc_calificaciones.dmc_calificaciones\&#39;\n-#     name = fields.Char()\n-#     value = fields.Integer()\n-#     value2 = fields.Float(compute=&#34;_value_pc&#34;, store=True)\n-#     description = fields.Text()\n-#             record.value2 = float(record.value) / 100\n&#39;, &#39;controllers.py&#39;: &#39;-# from odoo import http\n-#         return &#34;Hello, world&#34;\n-#             \&#39;root\&#39;: \&#39;/dmc_calificaciones/dmc_calificaciones\&#39;,\n-#             \&#39;objects\&#39;: http.request.env[\&#39;dmc_calificaciones.dmc_calificaciones\&#39;].search([]),\n-#         })\n-#         })\n&#39;} == {}
  
  Left contains 2 more items:
  {&#39;controllers.py&#39;: &#39;-# from odoo import http\n&#39;
                     &#39;-#         return &#34;Hello, world&#34;\n&#39;
                     &#34;-#             &#39;root&#39;: &#34;
                     &#34;&#39;/dmc_calificaciones/dmc_calificaciones&#39;,\n&#34;
                     &#34;-#             &#39;objects&#39;: &#34;
                     &#34;http.request.env[&#39;dmc_calificaciones.dmc_calificaciones&#39;].search([]),\n&#34;
                     &#39;-#         })\n&#39;
                     &#39;-#         })\n&#39;,
   &#39;models.py&#39;: &#39;-# from odoo import models, fields, api\n&#39;
                &#34;-#     _name = &#39;dmc_calificaciones.dmc_calificaciones&#39;\n&#34;
                &#34;-#     _description = &#39;dmc_calificaciones.dmc_calificaciones&#39;\n&#34;
                &#39;-#     name = fields.Char()\n&#39;
                &#39;-#     value = fields.Integer()\n&#39;
                &#39;-#     value2 = fields.Float(compute=&#34;_value_pc&#34;, store=True)\n&#39;
                &#39;-#     description = fields.Text()\n&#39;
                &#39;-#             record.value2 = float(record.value) / 100\n&#39;}
  
  Full diff:
  - {}
  + {
  +     &#39;controllers.py&#39;: &#39;-# from odoo import http\n&#39;
  +     &#39;-#         return &#34;Hello, world&#34;\n&#39;
  +     &#34;-#             &#39;root&#39;: &#39;/dmc_calificaciones/dmc_calificaciones&#39;,\n&#34;
  +     &#34;-#             &#39;objects&#39;: &#34;
  +     &#34;http.request.env[&#39;dmc_calificaciones.dmc_calificaciones&#39;].search([]),\n&#34;
  +     &#39;-#         })\n&#39;
  +     &#39;-#         })\n&#39;,
  +     &#39;models.py&#39;: &#39;-# from odoo import models, fields, api\n&#39;
  +     &#34;-#     _name = &#39;dmc_calificaciones.dmc_calificaciones&#39;\n&#34;
  +     &#34;-#     _description = &#39;dmc_calificaciones.dmc_calificaciones&#39;\n&#34;
  +     &#39;-#     name = fields.Char()\n&#39;
  +     &#39;-#     value = fields.Integer()\n&#39;
  +     &#39;-#     value2 = fields.Float(compute=&#34;_value_pc&#34;, store=True)\n&#39;
  +     &#39;-#     description = fields.Text()\n&#39;
  +     &#39;-#             record.value2 = float(record.value) / 100\n&#39;,
  + }</td></tr>
                        
                        
                        </table>

                        
                        <pre>self = &lt;test_minimal_requirements.TestRNFCalidad object at 0x7fcc31f09340&gt;
sut = &lt;test_minimal_requirements.SystemUnderTest object at 0x7fcc31f57790&gt;

&gt;   ???
E   AssertionError: Se ha encontrado código Python comentado {&#39;models.py&#39;: &#39;-# from odoo import models, fields, api\n-#     _name = \&#39;dmc_calificaciones.dmc_calificaciones\&#39;\n-#     _description = \&#39;dmc_calificaciones.dmc_calificaciones\&#39;\n-#     name = fields.Char()\n-#     value = fields.Integer()\n-#     value2 = fields.Float(compute=&#34;_value_pc&#34;, store=True)\n-#     description = fields.Text()\n-#             record.value2 = float(record.value) / 100\n&#39;, &#39;controllers.py&#39;: &#39;-# from odoo import http\n-#         return &#34;Hello, world&#34;\n-#             \&#39;root\&#39;: \&#39;/dmc_calificaciones/dmc_calificaciones\&#39;,\n-#             \&#39;objects\&#39;: http.request.env[\&#39;dmc_calificaciones.dmc_calificaciones\&#39;].search([]),\n-#         })\n-#         })\n&#39;} - Tu código debe estar bien probado, documentado, sin código comentado, sin ficheros innecesarios y con un *manifest* cuidado.
E   assert {&#39;models.py&#39;: &#39;-# from odoo import models, fields, api\n-#     _name = \&#39;dmc_calificaciones.dmc_calificaciones\&#39;\n-#     _description = \&#39;dmc_calificaciones.dmc_calificaciones\&#39;\n-#     name = fields.Char()\n-#     value = fields.Integer()\n-#     value2 = fields.Float(compute=&#34;_value_pc&#34;, store=True)\n-#     description = fields.Text()\n-#             record.value2 = float(record.value) / 100\n&#39;, &#39;controllers.py&#39;: &#39;-# from odoo import http\n-#         return &#34;Hello, world&#34;\n-#             \&#39;root\&#39;: \&#39;/dmc_calificaciones/dmc_calificaciones\&#39;,\n-#             \&#39;objects\&#39;: http.request.env[\&#39;dmc_calificaciones.dmc_calificaciones\&#39;].search([]),\n-#         })\n-#         })\n&#39;} == {}
E     
E     Left contains 2 more items:
E     {&#39;controllers.py&#39;: &#39;-# from odoo import http\n&#39;
E                        &#39;-#         return &#34;Hello, world&#34;\n&#39;
E                        &#34;-#             &#39;root&#39;: &#34;
E                        &#34;&#39;/dmc_calificaciones/dmc_calificaciones&#39;,\n&#34;
E                        &#34;-#             &#39;objects&#39;: &#34;
E                        &#34;http.request.env[&#39;dmc_calificaciones.dmc_calificaciones&#39;].search([]),\n&#34;
E                        &#39;-#         })\n&#39;
E                        &#39;-#         })\n&#39;,
E      &#39;models.py&#39;: &#39;-# from odoo import models, fields, api\n&#39;
E                   &#34;-#     _name = &#39;dmc_calificaciones.dmc_calificaciones&#39;\n&#34;
E                   &#34;-#     _description = &#39;dmc_calificaciones.dmc_calificaciones&#39;\n&#34;
E                   &#39;-#     name = fields.Char()\n&#39;
E                   &#39;-#     value = fields.Integer()\n&#39;
E                   &#39;-#     value2 = fields.Float(compute=&#34;_value_pc&#34;, store=True)\n&#39;
E                   &#39;-#     description = fields.Text()\n&#39;
E                   &#39;-#             record.value2 = float(record.value) / 100\n&#39;}
E     
E     Full diff:
E     - {}
E     + {
E     +     &#39;controllers.py&#39;: &#39;-# from odoo import http\n&#39;
E     +     &#39;-#         return &#34;Hello, world&#34;\n&#39;
E     +     &#34;-#             &#39;root&#39;: &#39;/dmc_calificaciones/dmc_calificaciones&#39;,\n&#34;
E     +     &#34;-#             &#39;objects&#39;: &#34;
E     +     &#34;http.request.env[&#39;dmc_calificaciones.dmc_calificaciones&#39;].search([]),\n&#34;
E     +     &#39;-#         })\n&#39;
E     +     &#39;-#         })\n&#39;,
E     +     &#39;models.py&#39;: &#39;-# from odoo import models, fields, api\n&#39;
E     +     &#34;-#     _name = &#39;dmc_calificaciones.dmc_calificaciones&#39;\n&#34;
E     +     &#34;-#     _description = &#39;dmc_calificaciones.dmc_calificaciones&#39;\n&#34;
E     +     &#39;-#     name = fields.Char()\n&#39;
E     +     &#39;-#     value = fields.Integer()\n&#39;
E     +     &#39;-#     value2 = fields.Float(compute=&#34;_value_pc&#34;, store=True)\n&#39;
E     +     &#39;-#     description = fields.Text()\n&#39;
E     +     &#39;-#             record.value2 = float(record.value) / 100\n&#39;,
E     + }

/home/madrid/Escritorio/SGE/SGE-odoo-project-tester-2DAMB/test_minimal_requirements.py:428: AssertionError</pre>
                        
                        

                        
                        
                        
                    </div>
                
                    <div class="test outcome outcome-passed">
                        <a id="26b29417-0d2c-4f0a-bd37-f005a4224b7a"></a>
                        <table class="proplist">
                            <tr><th>Test case:</th><td><b>test_log_servidor_sin_errores</b></td></tr>
                            <tr><th>Outcome:</th><td>Passed</td></tr>
                            <tr><th>Duration:</th><td>0.001 sec</td></tr>
                        
                        
                        </table>

                        
                        

                        
                        
                        
                    </div>
                
                </div>
            </div>
            
            <div class="testclass">
                <h4>test_minimal_requirements.TestRNFAdicionales</h4>
                <div class="testcases">
                
                    <div class="test outcome outcome-skipped">
                        <a id="c6c8f2b3-a2f2-4b6a-8ef6-98ff3fb74af1"></a>
                        <table class="proplist">
                            <tr><th>Test case:</th><td><b>test_vista_kanban[/kanban]</b></td></tr>
                            <tr><th>Outcome:</th><td>Skipped</td></tr>
                            <tr><th>Duration:</th><td>0.001 sec</td></tr>
                        
                        
                            <tr><th>Skipped</th><td></td></tr>
                        
                        </table>

                        
                        
                        <pre>skipped</pre>
                        

                        
                        
                        
                    </div>
                
                    <div class="test outcome outcome-skipped">
                        <a id="360bc19e-463d-4c78-b944-27185f156ece"></a>
                        <table class="proplist">
                            <tr><th>Test case:</th><td><b>test_vista_kanban[/kanban[@default_group_by]]</b></td></tr>
                            <tr><th>Outcome:</th><td>Skipped</td></tr>
                            <tr><th>Duration:</th><td>0.001 sec</td></tr>
                        
                        
                            <tr><th>Skipped</th><td></td></tr>
                        
                        </table>

                        
                        
                        <pre>skipped</pre>
                        

                        
                        
                        
                    </div>
                
                    <div class="test outcome outcome-skipped">
                        <a id="f0070b61-3e6b-488e-885c-8bf81ec450cd"></a>
                        <table class="proplist">
                            <tr><th>Test case:</th><td><b>test_vista_search[/search]</b></td></tr>
                            <tr><th>Outcome:</th><td>Skipped</td></tr>
                            <tr><th>Duration:</th><td>0.001 sec</td></tr>
                        
                        
                            <tr><th>Skipped</th><td></td></tr>
                        
                        </table>

                        
                        
                        <pre>skipped</pre>
                        

                        
                        
                        
                    </div>
                
                    <div class="test outcome outcome-skipped">
                        <a id="4cae192c-958a-4a54-a2b9-cb8ae91b7b3d"></a>
                        <table class="proplist">
                            <tr><th>Test case:</th><td><b>test_vista_search[/search//filter[@domain]]</b></td></tr>
                            <tr><th>Outcome:</th><td>Skipped</td></tr>
                            <tr><th>Duration:</th><td>0.001 sec</td></tr>
                        
                        
                            <tr><th>Skipped</th><td></td></tr>
                        
                        </table>

                        
                        
                        <pre>skipped</pre>
                        

                        
                        
                        
                    </div>
                
                    <div class="test outcome outcome-skipped">
                        <a id="daa2bc45-c81b-4bea-be7d-edbe506720fd"></a>
                        <table class="proplist">
                            <tr><th>Test case:</th><td><b>test_vista_search[/search//group//filter[@context]]</b></td></tr>
                            <tr><th>Outcome:</th><td>Skipped</td></tr>
                            <tr><th>Duration:</th><td>0.001 sec</td></tr>
                        
                        
                            <tr><th>Skipped</th><td></td></tr>
                        
                        </table>

                        
                        
                        <pre>skipped</pre>
                        

                        
                        
                        
                    </div>
                
                    <div class="test outcome outcome-skipped">
                        <a id="07aec0e2-ddca-4666-bbaf-fb3b98f606f1"></a>
                        <table class="proplist">
                            <tr><th>Test case:</th><td><b>test_otras_vistas_adicionales[activity]</b></td></tr>
                            <tr><th>Outcome:</th><td>Skipped</td></tr>
                            <tr><th>Duration:</th><td>0.001 sec</td></tr>
                        
                        
                            <tr><th>Skipped</th><td></td></tr>
                        
                        </table>

                        
                        
                        <pre>skipped</pre>
                        

                        
                        
                        
                    </div>
                
                    <div class="test outcome outcome-skipped">
                        <a id="885fe9d0-538a-4dc0-8443-ad23f5bbd7b6"></a>
                        <table class="proplist">
                            <tr><th>Test case:</th><td><b>test_otras_vistas_adicionales[calendar]</b></td></tr>
                            <tr><th>Outcome:</th><td>Skipped</td></tr>
                            <tr><th>Duration:</th><td>0.001 sec</td></tr>
                        
                        
                            <tr><th>Skipped</th><td></td></tr>
                        
                        </table>

                        
                        
                        <pre>skipped</pre>
                        

                        
                        
                        
                    </div>
                
                    <div class="test outcome outcome-skipped">
                        <a id="44c87534-42c9-42b4-9fb7-17985508b04b"></a>
                        <table class="proplist">
                            <tr><th>Test case:</th><td><b>test_otras_vistas_adicionales[graph]</b></td></tr>
                            <tr><th>Outcome:</th><td>Skipped</td></tr>
                            <tr><th>Duration:</th><td>0.001 sec</td></tr>
                        
                        
                            <tr><th>Skipped</th><td></td></tr>
                        
                        </table>

                        
                        
                        <pre>skipped</pre>
                        

                        
                        
                        
                    </div>
                
                    <div class="test outcome outcome-skipped">
                        <a id="905ea716-ae69-4c46-bcf0-1a12ada2a3dd"></a>
                        <table class="proplist">
                            <tr><th>Test case:</th><td><b>test_otras_vistas_adicionales[pivot]</b></td></tr>
                            <tr><th>Outcome:</th><td>Skipped</td></tr>
                            <tr><th>Duration:</th><td>0.001 sec</td></tr>
                        
                        
                            <tr><th>Skipped</th><td></td></tr>
                        
                        </table>

                        
                        
                        <pre>skipped</pre>
                        

                        
                        
                        
                    </div>
                
                    <div class="test outcome outcome-skipped">
                        <a id="4dfd2f46-f6c4-4a82-aeec-5b65ddb832a9"></a>
                        <table class="proplist">
                            <tr><th>Test case:</th><td><b>test_seguridad_con_grupos_propios</b></td></tr>
                            <tr><th>Outcome:</th><td>Skipped</td></tr>
                            <tr><th>Duration:</th><td>0.001 sec</td></tr>
                        
                        
                            <tr><th>Skipped</th><td></td></tr>
                        
                        </table>

                        
                        
                        <pre>skipped</pre>
                        

                        
                        
                        
                    </div>
                
                    <div class="test outcome outcome-skipped">
                        <a id="bb6d53a4-d9d5-4fdf-8ca6-d4a37771ab06"></a>
                        <table class="proplist">
                            <tr><th>Test case:</th><td><b>test_herencia_en_vistas_con_position</b></td></tr>
                            <tr><th>Outcome:</th><td>Skipped</td></tr>
                            <tr><th>Duration:</th><td>0.001 sec</td></tr>
                        
                        
                            <tr><th>Skipped</th><td></td></tr>
                        
                        </table>

                        
                        
                        <pre>skipped</pre>
                        

                        
                        
                        
                    </div>
                
                    <div class="test outcome outcome-skipped">
                        <a id="5a42e32f-d038-419a-a948-01523c54c16a"></a>
                        <table class="proplist">
                            <tr><th>Test case:</th><td><b>test_herencia_en_vistas_con_inherit_id</b></td></tr>
                            <tr><th>Outcome:</th><td>Skipped</td></tr>
                            <tr><th>Duration:</th><td>0.001 sec</td></tr>
                        
                        
                            <tr><th>Skipped</th><td></td></tr>
                        
                        </table>

                        
                        
                        <pre>skipped</pre>
                        

                        
                        
                        
                    </div>
                
                    <div class="test outcome outcome-skipped">
                        <a id="ea9c5ff3-6af2-44f4-936b-6d29829335c1"></a>
                        <table class="proplist">
                            <tr><th>Test case:</th><td><b>test_herencia_en_modelos</b></td></tr>
                            <tr><th>Outcome:</th><td>Skipped</td></tr>
                            <tr><th>Duration:</th><td>0.001 sec</td></tr>
                        
                        
                            <tr><th>Skipped</th><td></td></tr>
                        
                        </table>

                        
                        
                        <pre>skipped</pre>
                        

                        
                        
                        
                    </div>
                
                    <div class="test outcome outcome-skipped">
                        <a id="11db527b-0f2e-4a64-beb2-a43e877ad335"></a>
                        <table class="proplist">
                            <tr><th>Test case:</th><td><b>test_datos_maestros_o_demo_avanzados[binary]</b></td></tr>
                            <tr><th>Outcome:</th><td>Skipped</td></tr>
                            <tr><th>Duration:</th><td>0.001 sec</td></tr>
                        
                        
                            <tr><th>Skipped</th><td></td></tr>
                        
                        </table>

                        
                        
                        <pre>skipped</pre>
                        

                        
                        
                        
                    </div>
                
                    <div class="test outcome outcome-skipped">
                        <a id="71fb18b1-53d5-49b9-9ba2-32aa5240cd9f"></a>
                        <table class="proplist">
                            <tr><th>Test case:</th><td><b>test_datos_maestros_o_demo_avanzados[many2many]</b></td></tr>
                            <tr><th>Outcome:</th><td>Skipped</td></tr>
                            <tr><th>Duration:</th><td>0.001 sec</td></tr>
                        
                        
                            <tr><th>Skipped</th><td></td></tr>
                        
                        </table>

                        
                        
                        <pre>skipped</pre>
                        

                        
                        
                        
                    </div>
                
                    <div class="test outcome outcome-skipped">
                        <a id="039760ab-8635-4c58-88f1-a7307a793c66"></a>
                        <table class="proplist">
                            <tr><th>Test case:</th><td><b>test_datos_maestros_o_demo_avanzados[many2one]</b></td></tr>
                            <tr><th>Outcome:</th><td>Skipped</td></tr>
                            <tr><th>Duration:</th><td>0.001 sec</td></tr>
                        
                        
                            <tr><th>Skipped</th><td></td></tr>
                        
                        </table>

                        
                        
                        <pre>skipped</pre>
                        

                        
                        
                        
                    </div>
                
                    <div class="test outcome outcome-skipped">
                        <a id="30a57c00-2bfe-46df-a93d-dccd22e6df9f"></a>
                        <table class="proplist">
                            <tr><th>Test case:</th><td><b>test_i18n</b></td></tr>
                            <tr><th>Outcome:</th><td>Skipped</td></tr>
                            <tr><th>Duration:</th><td>0.001 sec</td></tr>
                        
                        
                            <tr><th>Skipped</th><td></td></tr>
                        
                        </table>

                        
                        
                        <pre>skipped</pre>
                        

                        
                        
                        
                    </div>
                
                    <div class="test outcome outcome-skipped">
                        <a id="14a28e12-8f54-4184-a347-6452e5e2d691"></a>
                        <table class="proplist">
                            <tr><th>Test case:</th><td><b>test_informes[report]</b></td></tr>
                            <tr><th>Outcome:</th><td>Skipped</td></tr>
                            <tr><th>Duration:</th><td>0.001 sec</td></tr>
                        
                        
                            <tr><th>Skipped</th><td></td></tr>
                        
                        </table>

                        
                        
                        <pre>skipped</pre>
                        

                        
                        
                        
                    </div>
                
                    <div class="test outcome outcome-skipped">
                        <a id="7fcc26f9-f8ef-43d2-98d0-a023606b1c21"></a>
                        <table class="proplist">
                            <tr><th>Test case:</th><td><b>test_informes[template]</b></td></tr>
                            <tr><th>Outcome:</th><td>Skipped</td></tr>
                            <tr><th>Duration:</th><td>0.001 sec</td></tr>
                        
                        
                            <tr><th>Skipped</th><td></td></tr>
                        
                        </table>

                        
                        
                        <pre>skipped</pre>
                        

                        
                        
                        
                    </div>
                
                </div>
            </div>
            
            <div class="testclass">
                <h4>test_minimal_requirements.TestOtros</h4>
                <div class="testcases">
                
                    <div class="test outcome outcome-passed">
                        <a id="67249fac-23c5-4bec-8ee0-239103ef6151"></a>
                        <table class="proplist">
                            <tr><th>Test case:</th><td><b>test_log_sin_warnings</b></td></tr>
                            <tr><th>Outcome:</th><td>Passed</td></tr>
                            <tr><th>Duration:</th><td>4.165 sec</td></tr>
                        
                        
                        </table>

                        
                        

                        
                        
                        
                    </div>
                
                </div>
            </div>
            
        </div>
    </div>
    



<p class="footer">
    Generated by junit2html
</p>
</body>
</html>