<!DOCTYPE html>
<html lang="en">
<head>
    <meta charset="UTF-8">
    <title>dmc_calificaciones-pytest.xml</title>
    <style type="text/css">
        body {
    background-color: white;
    padding-bottom: 20em;
    margin: 0;
    min-height: 15cm;
}

h1, h2, h3, h4, h5, h6, h7 {
    font-family: sans-serif;
}

h1 {
    background-color: #007acc;
    color: white;
    padding: 3mm;
    margin-top: 0;
    margin-bottom: 1mm;
}

.footer {
    font-style: italic;
    font-size: small;
    text-align: right;
    padding: 1em;
}

.testsuite {
    padding-bottom: 2em;
    margin-left: 1em;
}

.proplist {
    width: 100%;
    margin-bottom: 2em;
    border-collapse: collapse;
    border: 1px solid grey;
}

.proplist th {
    background-color: silver;
    width: 5em;
    padding: 2px;
    padding-right: 1em;
    text-align: left;
}

.proplist td {
    padding: 2px;
}

.index-table {
    width: 90%;
    margin-left: 1em;
}

.index-table td {
    vertical-align: top;
    max-width: 200px;
    word-wrap: break-word;
}

.failure-index {

}

.toc {
    margin-bottom: 2em;
    font-family: monospace;
}

.stdio, pre {
    min-height: 1em;
    background-color: #1e1e1e;
    color: silver;
    padding: 0.5em;
}
.tdpre {
    background-color: #1e1e1e;
}

.test {
    margin-left: 0.5cm;
}

.outcome {
    border-left: 1em;
    padding: 2px;
}

.outcome-failed {
    border-left: 1em solid lightcoral;
}

.outcome-passed {
    border-left: 1em solid lightgreen;
}

.outcome-skipped {
    border-left: 1em dotted silver;
}

.stats-table {
}

.stats-table td {
    min-width: 4em;
    text-align: right;
}

.stats-table .failed {
    background-color: lightcoral;
}

.stats-table .passed {
    background-color: lightgreen;
}

.matrix-table {
    table-layout: fixed;
    border-spacing: 0;
    width: available;
    margin-left: 1em;
}

.matrix-table td {
    vertical-align: center;
}

.matrix-table td:last-child {
    width: 0;
}

.matrix-table tr:hover {
    background-color: yellow;
}

.matrix-axis-name {
    white-space: nowrap;
    padding-right: 0.5em;
    border-left: 1px solid black;
    border-top: 1px solid black;
    text-align: right;
}

.matrix-axis-line {
    border-left: 1px solid black;
    width: 0.5em;
}

.matrix-classname {
    text-align: left;
    width: 100%;
    border-top: 2px solid grey;
    border-bottom: 1px solid silver;
}

.matrix-casename {
    text-align: left;
    font-weight: normal;
    font-style: italic;
    padding-left: 1em;
    border-bottom: 1px solid silver;
}

.matrix-result {
    display: block;
    width: 1em;
    text-align: center;
    padding: 1mm;
    margin: 0;
}

.matrix-result-combined {
    white-space: nowrap;
    padding-right: 0.2em;
    text-align: right;
}

.matrix-result-failed {
    background-color: lightcoral;
}

.matrix-result-passed {
    background-color: lightgreen;
}

.matrix-result-skipped {
    background-color: lightyellow;
}

.matrix-even {
    background-color: lightgray;
}
    </style>
</head>
<body>
    
<h1>
    Test Report : dmc_calificaciones-pytest.xml
</h1>
<a id="toc"></a>
<table class="index-table">
    <tr>
        <td>
            <ul class="toc">
            
                
                <li>test_minimal_requirements.TestRNF1
                <ul>
                    
                    <li><a href="#f18149e2-a9d0-4b92-a939-4f27df4ab463">test_app_tiene_al_menos_4_modelos</a></li>
                    
                    <li><a href="#0856c0f6-8df1-4a29-95ce-f43680283b09">test_modelos_en_ficheros_individuales</a></li>
                    
                </ul>
                </li>
                
                <li>test_minimal_requirements.TestRNF2
                <ul>
                    
                    <li><a href="#f8765276-2712-44f1-afc8-78ff0fabda7d">test_relacion_many2many</a></li>
                    
                    <li><a href="#886d0e12-7967-45c9-9d9a-f5177c1ecdb8">test_modelos_tienen_algun_campo_relacion[one2many]</a></li>
                    
                    <li><a href="#4421e73b-ba32-4ad9-9394-e51d99ba542e">test_modelos_tienen_algun_campo_relacion[many2one]</a></li>
                    
                    <li><a href="#f711106f-ffc9-4f55-8aee-a2a2fc4f4f64">test_unknown_comodel_name</a></li>
                    
                </ul>
                </li>
                
                <li>test_minimal_requirements.TestRNF3
                <ul>
                    
                    <li><a href="#359efc6c-4e1a-4b52-8384-9b7daf4297d8">test_modelos_tienen_vista[tree]</a></li>
                    
                    <li><a href="#ae340788-955b-46bf-ada6-5c40e3c5dbb2">test_modelos_tienen_vista[form]</a></li>
                    
                    <li><a href="#8761dd08-24fb-44e2-9fc2-c31d41c42f49">test_formularios_tienen_vista_anidada_para_campos_X2many[one2many]</a></li>
                    
                    <li><a href="#edceb66c-77dd-4547-973e-e17d3392d371">test_formularios_tienen_vista_anidada_para_campos_X2many[many2many]</a></li>
                    
                </ul>
                </li>
                
                <li>test_minimal_requirements.TestRNF4
                <ul>
                    
                    <li><a href="#a0ed5266-968a-4c3c-9a3f-33af19ad7a75">test_vistas_en_ficheros_individuales</a></li>
                    
                </ul>
                </li>
                
                <li>test_minimal_requirements.TestRNF5
                <ul>
                    
                    <li><a href="#618b4379-e612-47ae-943c-bcf931b83395">test_modelos_tienen_algun_posible_campo_imagen</a></li>
                    
                    <li><a href="#26e4ccd3-7e1f-4f98-8a6a-25c96b72b84c">test_alguna_vista_tiene_campo_imagen</a></li>
                    
                </ul>
                </li>
                
                <li>test_minimal_requirements.TestRNF6
                <ul>
                    
                    <li><a href="#3a57fe36-0888-45fc-97f5-6a936f088f98">test_modelos_tienen_acciones</a></li>
                    
                    <li><a href="#c6ef18da-cc84-474f-96c2-020e17f84854">test_hay_elementos_de_menu[.//menuitem[@action]]</a></li>
                    
                </ul>
                </li>
                
                <li>test_minimal_requirements.TestRNF7
                <ul>
                    
                    <li><a href="#cc2b8bcc-614f-4957-bbfc-65205ee39cf9">test_modelos_tienen_permisos</a></li>
                    
                </ul>
                </li>
                
                <li>test_minimal_requirements.TestRNF8
                <ul>
                    
                    <li><a href="#0334f347-82ae-4eaa-8202-65da4837994a">test_app_tiene_icono</a></li>
                    
                </ul>
                </li>
                
                <li>test_minimal_requirements.TestRNF9
                <ul>
                    
                    <li><a href="#b458e411-fdb9-4e92-989e-f4bea7bf788d">test_modelos_tienen_datos_demo</a></li>
                    
                </ul>
                </li>
                
                <li>test_minimal_requirements.TestRNFGit
                <ul>
                    
                    <li><a href="#94ad5e01-19f9-4172-9f6f-bc7ce8c28bc4">test_git_commit_frecuentes</a></li>
                    
                </ul>
                </li>
                
                <li>test_minimal_requirements.TestRNFCalidad
                <ul>
                    
                    <li><a href="#5acf19f0-2094-40c1-9830-111de6463be0">test_odoo_disponible</a></li>
                    
                    <li><a href="#a8b6ed9b-8bb7-4587-aa43-6e46b267afb2">test_app_instalada</a></li>
                    
                    <li><a href="#bcb4bd55-af38-4e19-9b0f-1e1f22a410db">test_otras_apps_entregadas_son_dependencias</a></li>
                    
                    <li><a href="#6830d863-44c4-434c-905e-a4fd9f3a482b">test_no_hay_elementos_xml_comentados</a></li>
                    
                    <li><a href="#2a84cecf-bffc-47df-accf-3c3f25381985">test_no_hay_codigo_python_comentado</a></li>
                    
                    <li><a href="#76b7fa56-0e77-4c59-996d-036a7d02ff47">test_log_servidor_sin_errores</a></li>
                    
                </ul>
                </li>
                
                <li>test_minimal_requirements.TestOtros
                <ul>
                    
                    <li><a href="#a092c913-fb4f-4132-8671-c8225eeff15c">test_log_sin_warnings</a></li>
                    
                </ul>
                </li>
                
                <li>test_minimal_requirements.TestRNFAdicionalesKanban
                <ul>
                    
                    <li><a href="#aa388c43-d5c6-4061-9011-bc198ffd620f">test_vista_kanban[/kanban]</a>[s]</li>
                    
                    <li><a href="#1ac2daf1-8c55-4624-94b5-487905987f51">test_vista_kanban[/kanban[@default_group_by]]</a>[s]</li>
                    
                    <li><a href="#e8ce6bb5-163f-47c7-979e-8ab91ddf878e">test_vista_kanban_imagen[/img]</a>[s]</li>
                    
                    <li><a href="#d818ff6f-da63-4df9-a924-3212aa70f123">test_vista_kanban_imagen[/field[@preview_image]]</a>[s]</li>
                    
                    <li><a href="#589a4d22-20f0-47a8-8554-b15424be043a">test_vista_kanban_imagen[/field[@widget=&#34;image&#34;]]</a>[s]</li>
                    
                </ul>
                </li>
                
                <li>test_minimal_requirements.TestRNFAdicionalesBusqueda
                <ul>
                    
                    <li><a href="#b8939cab-dab0-432d-9244-5ef2127868de">test_vista_search[/search]</a>[s]</li>
                    
                    <li><a href="#7360ca4b-f58e-45b0-b3a4-eb9544b15bfc">test_vista_search_compleja[/filter[@domain]]</a>[s]</li>
                    
                    <li><a href="#92cafcda-b6c4-4e33-8201-526b91e3540f">test_vista_search_compleja[/group//filter[@context]]</a>[s]</li>
                    
                </ul>
                </li>
                
                <li>test_minimal_requirements.TestRNFAdicionalesOtrasVistas
                <ul>
                    
                    <li><a href="#d5770928-441a-41e5-b948-2b4cfecba8f7">test_otras_vistas_adicionales[activity]</a>[s]</li>
                    
                    <li><a href="#fc5934cf-9d60-44ff-98b0-6166cbeeffca">test_otras_vistas_adicionales[calendar]</a>[s]</li>
                    
                    <li><a href="#82d06198-1ef1-4240-9aac-a1d5a3b243aa">test_otras_vistas_adicionales[graph]</a>[s]</li>
                    
                    <li><a href="#3fcbd039-b548-4212-a9aa-bde28270b87b">test_otras_vistas_adicionales[pivot]</a>[s]</li>
                    
                </ul>
                </li>
                
                <li>test_minimal_requirements.TestRNFAdicionalesConstraints
                <ul>
                    
                    <li><a href="#a39c0afe-1abb-4244-953a-f48efc3aefab">test_constraints_sql</a>[s]</li>
                    
                </ul>
                </li>
                
                <li>test_minimal_requirements.TestRNFAdicionalesSeguridadAvanzada
                <ul>
                    
                    <li><a href="#972a7a47-b65a-46ca-abcc-13b8444dcaaf">test_seguridad_con_grupos_propios</a>[s]</li>
                    
                </ul>
                </li>
                
                <li>test_minimal_requirements.TestRNFAdicionalesDatosAvanzados
                <ul>
                    
                    <li><a href="#ee4fb5b0-fb58-470b-8870-62c09bdfb32b">test_datos_maestros_o_demo_avanzados[binary]</a>[s]</li>
                    
                    <li><a href="#a110d362-4773-4190-afdc-03762a96041c">test_datos_maestros_o_demo_avanzados[many2many]</a>[s]</li>
                    
                    <li><a href="#30e5bafb-226a-4ce1-9527-c2f2140be523">test_datos_maestros_o_demo_avanzados[many2one]</a>[s]</li>
                    
                </ul>
                </li>
                
                <li>test_minimal_requirements.TestRNFAdicionalesHerenciaVistas
                <ul>
                    
                    <li><a href="#39df2012-5384-4d42-a829-21bcbf89ac46">test_herencia_en_vistas_con_position</a>[s]</li>
                    
                    <li><a href="#79d945bc-e154-4f4e-ba5a-b2fa106490be">test_herencia_en_vistas_con_inherit_id</a>[s]</li>
                    
                </ul>
                </li>
                
                <li>test_minimal_requirements.TestRNFAdicionalesHerenciaModelos
                <ul>
                    
                    <li><a href="#5390aa6f-a2b3-40ad-aa66-1da77b5bee36">test_modelos_existentes_modificados_por_herencia</a>[s]</li>
                    
                    <li><a href="#6e5c6b7c-c814-442e-acc2-2a7fc9174d20">test_nuevos_modelos_con_herencia</a>[s]</li>
                    
                </ul>
                </li>
                
                <li>test_minimal_requirements.TestRNFAdicionalesTraducciones
                <ul>
                    
                    <li><a href="#9d14efb8-cbbf-450c-abd2-71880d261214">test_i18n</a>[s]</li>
                    
                </ul>
                </li>
                
                <li>test_minimal_requirements.TestRNFAdicionalesInformes
                <ul>
                    
                    <li><a href="#584f300d-5752-4628-93b6-5edba756fc1f">test_informes[report]</a>[s]</li>
                    
                    <li><a href="#d01c1aff-92a8-4f5d-8e93-529242abc425">test_informes[template]</a>[s]</li>
                    
                    <li><a href="#f7782f55-9f0d-4423-9f13-a724a1682116">test_informes_complejos[/t[@t-foreach]]</a>[s]</li>
                    
                    <li><a href="#c73898ef-2ed5-44e3-a0c1-d64ff31faa85">test_informes_complejos[/img[@t-att-src]]</a>[s]</li>
                    
                    <li><a href="#514bfc52-c2bf-4b59-84e4-8a34de4ddda4">test_informes_complejos[/t[@t-call and not(@t-call=&#34;web.external_layout&#34; or @t-call=&#34;web.html_container&#34;)]]</a>[s]</li>
                    
                </ul>
                </li>
                
                <li>test_minimal_requirements.TestRNFAdicionalesChatter
                <ul>
                    
                    <li><a href="#15b5b5ad-9926-429c-8195-a339084a0189">test_chatter[mail_thread]</a>[s]</li>
                    
                    <li><a href="#9bfd005c-19b0-4445-91a6-fe5947e46fa5">test_chatter[mail_activity_mixin]</a>[s]</li>
                    
                    <li><a href="#1d385b77-f889-44f3-aa6d-c2067d8cad76">test_chatter_tracking</a>[s]</li>
                    
                    <li><a href="#b64e4ce4-b002-4dc9-a32a-7ef4c823da85">test_vista_chatter_div</a>[s]</li>
                    
                    <li><a href="#cf528a64-f41c-4ccb-9be1-73122201d34f">test_vista_chatter_fields[.//field[@name=&#34;message_follower_ids&#34;]]</a>[s]</li>
                    
                    <li><a href="#cee00e72-60ca-4d48-bae7-60b539952e35">test_vista_chatter_fields[.//field[@name=&#34;activity_ids&#34;]]</a>[s]</li>
                    
                    <li><a href="#e395a9fe-e8d0-4ea5-9388-87fe232219df">test_vista_chatter_fields[.//field[@name=&#34;message_ids&#34;]]</a>[s]</li>
                    
                    <li><a href="#1c3e0148-28e7-44fd-8d5c-bf49c4e69560">test_vista_chatter_fields[.//field[@widget=&#34;mail_followers&#34;]]</a>[s]</li>
                    
                    <li><a href="#3e4baf84-b23e-41e4-8f0c-8d7e62f38deb">test_vista_chatter_fields[.//field[@widget=&#34;mail_thread&#34;]]</a>[s]</li>
                    
                    <li><a href="#a8e3a362-81ad-4a99-989d-6c530365f1b9">test_vista_chatter_fields[.//field[@widget=&#34;mail_activity&#34;]]</a>[s]</li>
                    
                </ul>
                </li>
                
            
            </ul>
        </td>
        <td class="failure-index">
            <ul class="toc">
            
                
                    
                    
                    <li><a href="#f18149e2-a9d0-4b92-a939-4f27df4ab463">[F] test_minimal_requirements.TestRNF1 : test_app_tiene_al_menos_4_modelos</a></li>
                    
                    
                    
                    <li><a href="#0856c0f6-8df1-4a29-95ce-f43680283b09">[F] test_minimal_requirements.TestRNF1 : test_modelos_en_ficheros_individuales</a></li>
                    
                    
                
                    
                    
                    <li><a href="#f8765276-2712-44f1-afc8-78ff0fabda7d">[F] test_minimal_requirements.TestRNF2 : test_relacion_many2many</a></li>
                    
                    
                    
                    <li><a href="#886d0e12-7967-45c9-9d9a-f5177c1ecdb8">[F] test_minimal_requirements.TestRNF2 : test_modelos_tienen_algun_campo_relacion[one2many]</a></li>
                    
                    
                    
                    
                    
                    
                
                    
                    
                    
                    
                    
                    
                    
                    
                    
                
                    
                    
                    
                
                    
                    
                    <li><a href="#618b4379-e612-47ae-943c-bcf931b83395">[F] test_minimal_requirements.TestRNF5 : test_modelos_tienen_algun_posible_campo_imagen</a></li>
                    
                    
                    
                    <li><a href="#26e4ccd3-7e1f-4f98-8a6a-25c96b72b84c">[F] test_minimal_requirements.TestRNF5 : test_alguna_vista_tiene_campo_imagen</a></li>
                    
                    
                
                    
                    
                    
                    
                    <li><a href="#c6ef18da-cc84-474f-96c2-020e17f84854">[F] test_minimal_requirements.TestRNF6 : test_hay_elementos_de_menu[.//menuitem[@action]]</a></li>
                    
                    
                
                    
                    
                    <li><a href="#cc2b8bcc-614f-4957-bbfc-65205ee39cf9">[F] test_minimal_requirements.TestRNF7 : test_modelos_tienen_permisos</a></li>
                    
                    
                
                    
                    
                    
                
                    
                    
                    <li><a href="#b458e411-fdb9-4e92-989e-f4bea7bf788d">[F] test_minimal_requirements.TestRNF9 : test_modelos_tienen_datos_demo</a></li>
                    
                    
                
                    
                    
                    
                
                    
                    
                    
                    
                    
                    
                    <li><a href="#bcb4bd55-af38-4e19-9b0f-1e1f22a410db">[F] test_minimal_requirements.TestRNFCalidad : test_otras_apps_entregadas_son_dependencias</a></li>
                    
                    
                    
                    <li><a href="#6830d863-44c4-434c-905e-a4fd9f3a482b">[F] test_minimal_requirements.TestRNFCalidad : test_no_hay_elementos_xml_comentados</a></li>
                    
                    
                    
                    <li><a href="#2a84cecf-bffc-47df-accf-3c3f25381985">[F] test_minimal_requirements.TestRNFCalidad : test_no_hay_codigo_python_comentado</a></li>
                    
                    
                    
                    
                
                    
                    
                    
                
                    
                    
                    
                    
                    
                    
                    
                    
                    
                    
                    
                
                    
                    
                    
                    
                    
                    
                    
                
                    
                    
                    
                    
                    
                    
                    
                    
                    
                
                    
                    
                    
                
                    
                    
                    
                
                    
                    
                    
                    
                    
                    
                    
                
                    
                    
                    
                    
                    
                
                    
                    
                    
                    
                    
                
                    
                    
                    
                
                    
                    
                    
                    
                    
                    
                    
                    
                    
                    
                    
                
                    
                    
                    
                    
                    
                    
                    
                    
                    
                    
                    
                    
                    
                    
                    
                    
                    
                    
                    
                    
                    
                
            
            </ul>
        </td>
    </tr>
</table>


    <div class="testsuite">
        <h2>Test Suite: pytest</h2>
        <a id="903f95ef-74d2-40db-a78a-d4da6df5cef3"></a>
        
        
        <h3>Results</h3>
        <table class="proplist">
            <tr>
                <th>Duration</th><td>36.651 sec</td>
            </tr>
            <tr>
                <th>Tests</th><td>63</td>
            </tr>
            <tr>
                <th>Failures</th><td>12</td>
            </tr>
        </table>

        <div class="testclasses">
            <h3>Tests</h3>
            
            <div class="testclass">
                <h4>test_minimal_requirements.TestRNF1</h4>
                <div class="testcases">
                
                    <div class="test outcome outcome-failed">
                        <a id="f18149e2-a9d0-4b92-a939-4f27df4ab463"></a>
                        <table class="proplist">
                            <tr><th>Test case:</th><td><b>test_app_tiene_al_menos_4_modelos</b></td></tr>
                            <tr><th>Outcome:</th><td>Failed</td></tr>
                            <tr><th>Duration:</th><td>30.811 sec</td></tr>
                        
                            <tr><th>Failed</th><td>AssertionError: No se han implementado suficientes clases o el atributo _name de alguna de ellas no tiene prefijo &#39;dmc_calificaciones.&#39;
assert 1 &gt;= 4
 +  where 1 = len([&#39;dmc_calificaciones.calificaciones&#39;])
 +    where [&#39;dmc_calificaciones.calificaciones&#39;] = &lt;test_minimal_requirements.SystemUnderTest object at 0x7f6013bcaf40&gt;.basename_app_models
 +  and   4 = &lt;test_minimal_requirements.TestRNF1 object at 0x7f6013c26ca0&gt;.MIN</td></tr>
                        
                        
                        </table>

                        
                        <pre>self = &lt;test_minimal_requirements.TestRNF1 object at 0x7f6013c26ca0&gt;
sut = &lt;test_minimal_requirements.SystemUnderTest object at 0x7f6013bcaf40&gt;

    def test_app_tiene_al_menos_4_modelos(self, sut):
&gt;       assert len(sut.basename_app_models) &gt;= self.MIN, f&#34;No se han implementado suficientes clases o el atributo _name de alguna de ellas no tiene prefijo &#39;{sut.app_prefix}.&#39;&#34;
E       AssertionError: No se han implementado suficientes clases o el atributo _name de alguna de ellas no tiene prefijo &#39;dmc_calificaciones.&#39;
E       assert 1 &gt;= 4
E        +  where 1 = len([&#39;dmc_calificaciones.calificaciones&#39;])
E        +    where [&#39;dmc_calificaciones.calificaciones&#39;] = &lt;test_minimal_requirements.SystemUnderTest object at 0x7f6013bcaf40&gt;.basename_app_models
E        +  and   4 = &lt;test_minimal_requirements.TestRNF1 object at 0x7f6013c26ca0&gt;.MIN

test_minimal_requirements.py:250: AssertionError</pre>
                        
                        

                        
                        
                        
                    </div>
                
                    <div class="test outcome outcome-failed">
                        <a id="0856c0f6-8df1-4a29-95ce-f43680283b09"></a>
                        <table class="proplist">
                            <tr><th>Test case:</th><td><b>test_modelos_en_ficheros_individuales</b></td></tr>
                            <tr><th>Outcome:</th><td>Failed</td></tr>
                            <tr><th>Duration:</th><td>0.001 sec</td></tr>
                        
                            <tr><th>Failed</th><td>AssertionError: No coinciden el número de modelos de datos de la aplicación con el número de ficheros Python en el paquete models - Al menos **4 clases**, implementadas en ficheros diferentes.
assert (1 + 0) == 4
 +  where 1 = len([&#39;dmc_calificaciones.calificaciones&#39;])
 +    where [&#39;dmc_calificaciones.calificaciones&#39;] = &lt;test_minimal_requirements.SystemUnderTest object at 0x7f6013bcaf40&gt;.basename_app_models
 +  and   0 = len([])
 +    where [] = &lt;test_minimal_requirements.SystemUnderTest object at 0x7f6013bcaf40&gt;.basename_app_extended_existing_models
 +  and   4 = len([&#39;calificaciones.py&#39;, &#39;calificar.py&#39;, &#39;clientes.py&#39;, &#39;empleados.py&#39;])
 +    where [&#39;calificaciones.py&#39;, &#39;calificar.py&#39;, &#39;clientes.py&#39;, &#39;empleados.py&#39;] = &lt;test_minimal_requirements.SystemUnderTest object at 0x7f6013bcaf40&gt;.basename_model_files</td></tr>
                        
                        
                        </table>

                        
                        <pre>self = &lt;test_minimal_requirements.TestRNF1 object at 0x7f6013c39070&gt;
sut = &lt;test_minimal_requirements.SystemUnderTest object at 0x7f6013bcaf40&gt;

    def test_modelos_en_ficheros_individuales(self, sut):
&gt;       assert (len(sut.basename_app_models) + len(sut.basename_app_extended_existing_models)) == len(sut.basename_model_files), f&#34;No coinciden el número de modelos de datos de la aplicación con el número de ficheros Python en el paquete models - {self.__doc__}&#34;
E       AssertionError: No coinciden el número de modelos de datos de la aplicación con el número de ficheros Python en el paquete models - Al menos **4 clases**, implementadas en ficheros diferentes.
E       assert (1 + 0) == 4
E        +  where 1 = len([&#39;dmc_calificaciones.calificaciones&#39;])
E        +    where [&#39;dmc_calificaciones.calificaciones&#39;] = &lt;test_minimal_requirements.SystemUnderTest object at 0x7f6013bcaf40&gt;.basename_app_models
E        +  and   0 = len([])
E        +    where [] = &lt;test_minimal_requirements.SystemUnderTest object at 0x7f6013bcaf40&gt;.basename_app_extended_existing_models
E        +  and   4 = len([&#39;calificaciones.py&#39;, &#39;calificar.py&#39;, &#39;clientes.py&#39;, &#39;empleados.py&#39;])
E        +    where [&#39;calificaciones.py&#39;, &#39;calificar.py&#39;, &#39;clientes.py&#39;, &#39;empleados.py&#39;] = &lt;test_minimal_requirements.SystemUnderTest object at 0x7f6013bcaf40&gt;.basename_model_files

test_minimal_requirements.py:253: AssertionError</pre>
                        
                        

                        
                        
                        
                    </div>
                
                </div>
            </div>
            
            <div class="testclass">
                <h4>test_minimal_requirements.TestRNF2</h4>
                <div class="testcases">
                
                    <div class="test outcome outcome-failed">
                        <a id="f8765276-2712-44f1-afc8-78ff0fabda7d"></a>
                        <table class="proplist">
                            <tr><th>Test case:</th><td><b>test_relacion_many2many</b></td></tr>
                            <tr><th>Outcome:</th><td>Failed</td></tr>
                            <tr><th>Duration:</th><td>0.019 sec</td></tr>
                        
                            <tr><th>Failed</th><td>AssertionError: Diferentes tipos de campos simples y relacionales (_one2many_, _many2one_ y _many2many_).
      En tu proyecto se debe implementar **al menos uno de cada tipo**.
assert 0 &gt;= 1
 +  where 0 = len([])
 +  and   1 = &lt;test_minimal_requirements.TestRNF2 object at 0x7f6013c394c0&gt;.MIN</td></tr>
                        
                        
                        </table>

                        
                        <pre>self = &lt;test_minimal_requirements.TestRNF2 object at 0x7f6013c394c0&gt;
sut = &lt;test_minimal_requirements.SystemUnderTest object at 0x7f6013bcaf40&gt;

    def test_relacion_many2many(self, sut):
            app_id = sut.execute_kw(&#39;ir.module.module&#39;, &#39;search&#39;, [[(&#39;name&#39;, &#39;=&#39;, sut.app_prefix)]]).pop()
            ids = sut.execute_kw(&#39;ir.model.relation&#39;, &#39;search&#39;, [[(&#39;module&#39;, &#39;=&#39;, app_id)]])
            app_many2many_rels = sut.execute_kw(&#39;ir.model.relation&#39;, &#39;read&#39;, [ids], {&#39;fields&#39;: [&#39;name&#39;, &#39;model&#39;, &#39;module&#39;, &#39;display_name&#39;]})
&gt;           assert len(app_many2many_rels) &gt;= self.MIN, self.__doc__
E           AssertionError: Diferentes tipos de campos simples y relacionales (_one2many_, _many2one_ y _many2many_).
E                 En tu proyecto se debe implementar **al menos uno de cada tipo**.
E           assert 0 &gt;= 1
E            +  where 0 = len([])
E            +  and   1 = &lt;test_minimal_requirements.TestRNF2 object at 0x7f6013c394c0&gt;.MIN

test_minimal_requirements.py:267: AssertionError</pre>
                        
                        

                        
                        
                        
                    </div>
                
                    <div class="test outcome outcome-failed">
                        <a id="886d0e12-7967-45c9-9d9a-f5177c1ecdb8"></a>
                        <table class="proplist">
                            <tr><th>Test case:</th><td><b>test_modelos_tienen_algun_campo_relacion[one2many]</b></td></tr>
                            <tr><th>Outcome:</th><td>Failed</td></tr>
                            <tr><th>Duration:</th><td>0.012 sec</td></tr>
                        
                            <tr><th>Failed</th><td>AssertionError: Diferentes tipos de campos (...) relacionales (...) _one2many_. En tu proyecto se debe implementar **al menos uno de cada tipo**.
assert 0 &gt;= 1
 +  where 0 = len([])
 +    where [] = &lt;bound method SystemUnderTest.modelos_tienen_campos of &lt;test_minimal_requirements.SystemUnderTest object at 0x7f6013bcaf40&gt;&gt;(&#39;one2many&#39;)
 +      where &lt;bound method SystemUnderTest.modelos_tienen_campos of &lt;test_minimal_requirements.SystemUnderTest object at 0x7f6013bcaf40&gt;&gt; = &lt;test_minimal_requirements.SystemUnderTest object at 0x7f6013bcaf40&gt;.modelos_tienen_campos
 +  and   1 = &lt;test_minimal_requirements.TestRNF2 object at 0x7f6013c398b0&gt;.MIN</td></tr>
                        
                        
                        </table>

                        
                        <pre>self = &lt;test_minimal_requirements.TestRNF2 object at 0x7f6013c398b0&gt;
sut = &lt;test_minimal_requirements.SystemUnderTest object at 0x7f6013bcaf40&gt;
relationship = &#39;one2many&#39;

    @pytest.mark.parametrize(&#34;relationship&#34;, [&#39;one2many&#39;, &#39;many2one&#39;])
    def test_modelos_tienen_algun_campo_relacion(self, sut, relationship):
&gt;       assert len(sut.modelos_tienen_campos(relationship)) &gt;= self.MIN, f&#34;Diferentes tipos de campos (...) relacionales (...) _{relationship}_. En tu proyecto se debe implementar **al menos uno de cada tipo**.&#34;
E       AssertionError: Diferentes tipos de campos (...) relacionales (...) _one2many_. En tu proyecto se debe implementar **al menos uno de cada tipo**.
E       assert 0 &gt;= 1
E        +  where 0 = len([])
E        +    where [] = &lt;bound method SystemUnderTest.modelos_tienen_campos of &lt;test_minimal_requirements.SystemUnderTest object at 0x7f6013bcaf40&gt;&gt;(&#39;one2many&#39;)
E        +      where &lt;bound method SystemUnderTest.modelos_tienen_campos of &lt;test_minimal_requirements.SystemUnderTest object at 0x7f6013bcaf40&gt;&gt; = &lt;test_minimal_requirements.SystemUnderTest object at 0x7f6013bcaf40&gt;.modelos_tienen_campos
E        +  and   1 = &lt;test_minimal_requirements.TestRNF2 object at 0x7f6013c398b0&gt;.MIN

test_minimal_requirements.py:271: AssertionError</pre>
                        
                        

                        
                        
                        
                    </div>
                
                    <div class="test outcome outcome-passed">
                        <a id="4421e73b-ba32-4ad9-9394-e51d99ba542e"></a>
                        <table class="proplist">
                            <tr><th>Test case:</th><td><b>test_modelos_tienen_algun_campo_relacion[many2one]</b></td></tr>
                            <tr><th>Outcome:</th><td>Passed</td></tr>
                            <tr><th>Duration:</th><td>0.012 sec</td></tr>
                        
                        
                        </table>

                        
                        

                        
                        
                        
                    </div>
                
                    <div class="test outcome outcome-passed">
                        <a id="f711106f-ffc9-4f55-8aee-a2a2fc4f4f64"></a>
                        <table class="proplist">
                            <tr><th>Test case:</th><td><b>test_unknown_comodel_name</b></td></tr>
                            <tr><th>Outcome:</th><td>Passed</td></tr>
                            <tr><th>Duration:</th><td>0.002 sec</td></tr>
                        
                        
                        </table>

                        
                        

                        
                        
                        
                    </div>
                
                </div>
            </div>
            
            <div class="testclass">
                <h4>test_minimal_requirements.TestRNF3</h4>
                <div class="testcases">
                
                    <div class="test outcome outcome-passed">
                        <a id="359efc6c-4e1a-4b52-8384-9b7daf4297d8"></a>
                        <table class="proplist">
                            <tr><th>Test case:</th><td><b>test_modelos_tienen_vista[tree]</b></td></tr>
                            <tr><th>Outcome:</th><td>Passed</td></tr>
                            <tr><th>Duration:</th><td>0.008 sec</td></tr>
                        
                        
                        </table>

                        
                        

                        
                        
                        
                    </div>
                
                    <div class="test outcome outcome-passed">
                        <a id="ae340788-955b-46bf-ada6-5c40e3c5dbb2"></a>
                        <table class="proplist">
                            <tr><th>Test case:</th><td><b>test_modelos_tienen_vista[form]</b></td></tr>
                            <tr><th>Outcome:</th><td>Passed</td></tr>
                            <tr><th>Duration:</th><td>0.007 sec</td></tr>
                        
                        
                        </table>

                        
                        

                        
                        
                        
                    </div>
                
                    <div class="test outcome outcome-passed">
                        <a id="8761dd08-24fb-44e2-9fc2-c31d41c42f49"></a>
                        <table class="proplist">
                            <tr><th>Test case:</th><td><b>test_formularios_tienen_vista_anidada_para_campos_X2many[one2many]</b></td></tr>
                            <tr><th>Outcome:</th><td>Passed</td></tr>
                            <tr><th>Duration:</th><td>0.009 sec</td></tr>
                        
                        
                        </table>

                        
                        

                        
                        
                        
                    </div>
                
                    <div class="test outcome outcome-passed">
                        <a id="edceb66c-77dd-4547-973e-e17d3392d371"></a>
                        <table class="proplist">
                            <tr><th>Test case:</th><td><b>test_formularios_tienen_vista_anidada_para_campos_X2many[many2many]</b></td></tr>
                            <tr><th>Outcome:</th><td>Passed</td></tr>
                            <tr><th>Duration:</th><td>0.01 sec</td></tr>
                        
                        
                        </table>

                        
                        

                        
                        
                        
                    </div>
                
                </div>
            </div>
            
            <div class="testclass">
                <h4>test_minimal_requirements.TestRNF4</h4>
                <div class="testcases">
                
                    <div class="test outcome outcome-passed">
                        <a id="a0ed5266-968a-4c3c-9a3f-33af19ad7a75"></a>
                        <table class="proplist">
                            <tr><th>Test case:</th><td><b>test_vistas_en_ficheros_individuales</b></td></tr>
                            <tr><th>Outcome:</th><td>Passed</td></tr>
                            <tr><th>Duration:</th><td>0.001 sec</td></tr>
                        
                        
                        </table>

                        
                        

                        
                        
                        
                    </div>
                
                </div>
            </div>
            
            <div class="testclass">
                <h4>test_minimal_requirements.TestRNF5</h4>
                <div class="testcases">
                
                    <div class="test outcome outcome-failed">
                        <a id="618b4379-e612-47ae-943c-bcf931b83395"></a>
                        <table class="proplist">
                            <tr><th>Test case:</th><td><b>test_modelos_tienen_algun_posible_campo_imagen</b></td></tr>
                            <tr><th>Outcome:</th><td>Failed</td></tr>
                            <tr><th>Duration:</th><td>0.013 sec</td></tr>
                        
                            <tr><th>Failed</th><td>AssertionError: Alguna vista Form deberá tener una **imagen representativa**, 
      es decir, un campo que permita al usuario asociar una imagen a cada objeto del modelo.
assert 0 &gt; 0
 +  where 0 = len([])</td></tr>
                        
                        
                        </table>

                        
                        <pre>self = &lt;test_minimal_requirements.TestRNF5 object at 0x7f6013bca310&gt;
sut = &lt;test_minimal_requirements.SystemUnderTest object at 0x7f6013bcaf40&gt;

    def test_modelos_tienen_algun_posible_campo_imagen(self, sut):
        posibles_campos_imagenes = sut.modelos_tienen_campos(&#39;binary&#39;)
&gt;       assert len(posibles_campos_imagenes) &gt; 0, self.__doc__
E       AssertionError: Alguna vista Form deberá tener una **imagen representativa**, 
E             es decir, un campo que permita al usuario asociar una imagen a cada objeto del modelo.
E       assert 0 &gt; 0
E        +  where 0 = len([])

test_minimal_requirements.py:319: AssertionError</pre>
                        
                        

                        
                        
                        
                    </div>
                
                    <div class="test outcome outcome-failed">
                        <a id="26e4ccd3-7e1f-4f98-8a6a-25c96b72b84c"></a>
                        <table class="proplist">
                            <tr><th>Test case:</th><td><b>test_alguna_vista_tiene_campo_imagen</b></td></tr>
                            <tr><th>Outcome:</th><td>Failed</td></tr>
                            <tr><th>Duration:</th><td>0.01 sec</td></tr>
                        
                            <tr><th>Failed</th><td>AssertionError: Alguna vista Form deberá tener una **imagen representativa**, 
      es decir, un campo que permita al usuario asociar una imagen a cada objeto del modelo.
assert False
 +  where False = any(&lt;generator object TestRNF5.test_alguna_vista_tiene_campo_imagen.&lt;locals&gt;.&lt;genexpr&gt; at 0x7f6013b69c80&gt;)</td></tr>
                        
                        
                        </table>

                        
                        <pre>self = &lt;test_minimal_requirements.TestRNF5 object at 0x7f6013bca730&gt;
sut = &lt;test_minimal_requirements.SystemUnderTest object at 0x7f6013bcaf40&gt;

    def test_alguna_vista_tiene_campo_imagen(self, sut):
&gt;       assert any(sut.hay_vista_con_campo_atributo_y_valor(&#39;form&#39;, f, &#39;widget&#39;, &#39;image&#39;) for f in sut.modelos_tienen_campos(&#39;binary&#39;)), self.__doc__
E       AssertionError: Alguna vista Form deberá tener una **imagen representativa**, 
E             es decir, un campo que permita al usuario asociar una imagen a cada objeto del modelo.
E       assert False
E        +  where False = any(&lt;generator object TestRNF5.test_alguna_vista_tiene_campo_imagen.&lt;locals&gt;.&lt;genexpr&gt; at 0x7f6013b69c80&gt;)

test_minimal_requirements.py:323: AssertionError</pre>
                        
                        

                        
                        
                        
                    </div>
                
                </div>
            </div>
            
            <div class="testclass">
                <h4>test_minimal_requirements.TestRNF6</h4>
                <div class="testcases">
                
                    <div class="test outcome outcome-passed">
                        <a id="3a57fe36-0888-45fc-97f5-6a936f088f98"></a>
                        <table class="proplist">
                            <tr><th>Test case:</th><td><b>test_modelos_tienen_acciones</b></td></tr>
                            <tr><th>Outcome:</th><td>Passed</td></tr>
                            <tr><th>Duration:</th><td>0.007 sec</td></tr>
                        
                        
                        </table>

                        
                        

                        
                        
                        
                    </div>
                
                    <div class="test outcome outcome-failed">
                        <a id="c6ef18da-cc84-474f-96c2-020e17f84854"></a>
                        <table class="proplist">
                            <tr><th>Test case:</th><td><b>test_hay_elementos_de_menu[.//menuitem[@action]]</b></td></tr>
                            <tr><th>Outcome:</th><td>Failed</td></tr>
                            <tr><th>Duration:</th><td>0.001 sec</td></tr>
                        
                            <tr><th>Failed</th><td>xml.etree.ElementTree.ParseError: no element found: line 1, column 0</td></tr>
                        
                        
                        </table>

                        
                        <pre>self = &lt;test_minimal_requirements.TestRNF6 object at 0x7f6013bcd130&gt;
sut = &lt;test_minimal_requirements.SystemUnderTest object at 0x7f6013bcaf40&gt;
xpath = &#39;.//menuitem[@action]&#39;

    @pytest.mark.parametrize(&#34;xpath&#34;, [&#39;.//menuitem[@action]&#39;]) # @parent si quiero comparar submenús, pero son opcionales
    def test_hay_elementos_de_menu(self, sut, xpath):
        ejemplos = []
        for xml in sut.xml_files:
&gt;           if hay_xml_con_xpath_valido(xml, xpath):

test_minimal_requirements.py:338: 
_ _ _ _ _ _ _ _ _ _ _ _ _ _ _ _ _ _ _ _ _ _ _ _ _ _ _ _ _ _ _ _ _ _ _ _ _ _ _ _ 
test_minimal_requirements.py:57: in hay_xml_con_xpath_valido
    tree = ET.parse(xml_file)
/usr/lib/python3.8/xml/etree/ElementTree.py:1202: in parse
    tree.parse(source, parser)
_ _ _ _ _ _ _ _ _ _ _ _ _ _ _ _ _ _ _ _ _ _ _ _ _ _ _ _ _ _ _ _ _ _ _ _ _ _ _ _ 

self = &lt;xml.etree.ElementTree.ElementTree object at 0x7f6013aca8b0&gt;
source = &lt;_io.BufferedReader name=&#39;/home/madrid/Escritorio/SGE/SGE-odoo-project-tester/projects/dmc_calificaciones/odoo/addons/dmc_calificaciones/views/clientes_menu.xml&#39;&gt;
parser = &lt;xml.etree.ElementTree.XMLParser object at 0x7f6013b67f70&gt;

    def parse(self, source, parser=None):
        &#34;&#34;&#34;Load external XML document into element tree.
    
        *source* is a file name or file object, *parser* is an optional parser
        instance that defaults to XMLParser.
    
        ParseError is raised if the parser fails to parse the document.
    
        Returns the root element of the given source document.
    
        &#34;&#34;&#34;
        close_source = False
        if not hasattr(source, &#34;read&#34;):
            source = open(source, &#34;rb&#34;)
            close_source = True
        try:
            if parser is None:
                # If no parser was specified, create a default XMLParser
                parser = XMLParser()
                if hasattr(parser, &#39;_parse_whole&#39;):
                    # The default XMLParser, when it comes from an accelerator,
                    # can define an internal _parse_whole API for efficiency.
                    # It can be used to parse the whole source without feeding
                    # it with chunks.
&gt;                   self._root = parser._parse_whole(source)
E                   xml.etree.ElementTree.ParseError: no element found: line 1, column 0

/usr/lib/python3.8/xml/etree/ElementTree.py:595: ParseError</pre>
                        
                        

                        
                        
                        
                    </div>
                
                </div>
            </div>
            
            <div class="testclass">
                <h4>test_minimal_requirements.TestRNF7</h4>
                <div class="testcases">
                
                    <div class="test outcome outcome-failed">
                        <a id="cc2b8bcc-614f-4957-bbfc-65205ee39cf9"></a>
                        <table class="proplist">
                            <tr><th>Test case:</th><td><b>test_modelos_tienen_permisos</b></td></tr>
                            <tr><th>Outcome:</th><td>Failed</td></tr>
                            <tr><th>Duration:</th><td>0.001 sec</td></tr>
                        
                            <tr><th>Failed</th><td>AssertionError: No hay permisos de acceso para el modelo dmc_calificaciones.calificaciones  - Se pide **Seguridad básica** para todos los modelos: permisos para el grupo de usuarios internos (CRUD parcial) y grupo de administradores (CRUD completo).
assert []</td></tr>
                        
                        
                        </table>

                        
                        <pre>self = &lt;test_minimal_requirements.TestRNF7 object at 0x7f6013bcd5b0&gt;
sut = &lt;test_minimal_requirements.SystemUnderTest object at 0x7f6013bcaf40&gt;

    def test_modelos_tienen_permisos(self, sut):
        assert sut.app_models
        for app_model in sut.app_models:
            access_ids = app_model.get(&#39;access_ids&#39;, [])
&gt;           assert access_ids, f&#34;No hay permisos de acceso para el modelo {app_model.get(&#39;model&#39;)}  - Se pide **Seguridad básica** para todos los modelos: permisos para el grupo de usuarios internos (CRUD parcial) y grupo de administradores (CRUD completo).&#34;
E           AssertionError: No hay permisos de acceso para el modelo dmc_calificaciones.calificaciones  - Se pide **Seguridad básica** para todos los modelos: permisos para el grupo de usuarios internos (CRUD parcial) y grupo de administradores (CRUD completo).
E           assert []

test_minimal_requirements.py:354: AssertionError</pre>
                        
                        

                        
                        
                        
                    </div>
                
                </div>
            </div>
            
            <div class="testclass">
                <h4>test_minimal_requirements.TestRNF8</h4>
                <div class="testcases">
                
                    <div class="test outcome outcome-passed">
                        <a id="0334f347-82ae-4eaa-8202-65da4837994a"></a>
                        <table class="proplist">
                            <tr><th>Test case:</th><td><b>test_app_tiene_icono</b></td></tr>
                            <tr><th>Outcome:</th><td>Passed</td></tr>
                            <tr><th>Duration:</th><td>0.012 sec</td></tr>
                        
                        
                        </table>

                        
                        

                        
                        
                        
                    </div>
                
                </div>
            </div>
            
            <div class="testclass">
                <h4>test_minimal_requirements.TestRNF9</h4>
                <div class="testcases">
                
                    <div class="test outcome outcome-failed">
                        <a id="b458e411-fdb9-4e92-989e-f4bea7bf788d"></a>
                        <table class="proplist">
                            <tr><th>Test case:</th><td><b>test_modelos_tienen_datos_demo</b></td></tr>
                            <tr><th>Outcome:</th><td>Failed</td></tr>
                            <tr><th>Duration:</th><td>0.011 sec</td></tr>
                        
                            <tr><th>Failed</th><td>xmlrpc.client.Fault: &lt;Fault 4: &#34;You are not allowed to access &#39;lista del total de calificaciones&#39; (dmc_calificaciones.calificaciones) records.\n\nNo group currently allows this operation.\n\nContact your administrator to request access if necessary.&#34;&gt;</td></tr>
                        
                        
                        </table>

                        
                        <pre>self = &lt;test_minimal_requirements.TestRNF9 object at 0x7f6013bcdee0&gt;
sut = &lt;test_minimal_requirements.SystemUnderTest object at 0x7f6013bcaf40&gt;

    def test_modelos_tienen_datos_demo(self, sut):
        total_demo_records = 0
        demo_records_en_todos = sut.app_models != []
        assert sut.app_models, &#34;No hay modelos de datos&#34;
        for app_model in sut.app_models:
            model_name = app_model.get(&#39;model&#39;)
            print(model_name)
&gt;           demo_records = sut.execute_kw(model_name, &#39;search&#39;, [[]])

test_minimal_requirements.py:382: 
_ _ _ _ _ _ _ _ _ _ _ _ _ _ _ _ _ _ _ _ _ _ _ _ _ _ _ _ _ _ _ _ _ _ _ _ _ _ _ _ 
test_minimal_requirements.py:143: in execute_kw
    return self.models.execute_kw(self.db, self.uid, self.password, *args)
/usr/lib/python3.8/xmlrpc/client.py:1109: in __call__
    return self.__send(self.__name, args)
/usr/lib/python3.8/xmlrpc/client.py:1450: in __request
    response = self.__transport.request(
/usr/lib/python3.8/xmlrpc/client.py:1153: in request
    return self.single_request(host, handler, request_body, verbose)
/usr/lib/python3.8/xmlrpc/client.py:1169: in single_request
    return self.parse_response(resp)
/usr/lib/python3.8/xmlrpc/client.py:1341: in parse_response
    return u.close()
_ _ _ _ _ _ _ _ _ _ _ _ _ _ _ _ _ _ _ _ _ _ _ _ _ _ _ _ _ _ _ _ _ _ _ _ _ _ _ _ 

self = &lt;xmlrpc.client.Unmarshaller object at 0x7f6013ad7d30&gt;

    def close(self):
        # return response tuple and target method
        if self._type is None or self._marks:
            raise ResponseError()
        if self._type == &#34;fault&#34;:
&gt;           raise Fault(**self._stack[0])
E           xmlrpc.client.Fault: &lt;Fault 4: &#34;You are not allowed to access &#39;lista del total de calificaciones&#39; (dmc_calificaciones.calificaciones) records.\n\nNo group currently allows this operation.\n\nContact your administrator to request access if necessary.&#34;&gt;

/usr/lib/python3.8/xmlrpc/client.py:655: Fault</pre>
                        
                        

                        
                        
                        
                    </div>
                
                </div>
            </div>
            
            <div class="testclass">
                <h4>test_minimal_requirements.TestRNFGit</h4>
                <div class="testcases">
                
                    <div class="test outcome outcome-passed">
                        <a id="94ad5e01-19f9-4172-9f6f-bc7ce8c28bc4"></a>
                        <table class="proplist">
                            <tr><th>Test case:</th><td><b>test_git_commit_frecuentes</b></td></tr>
                            <tr><th>Outcome:</th><td>Passed</td></tr>
                            <tr><th>Duration:</th><td>0.001 sec</td></tr>
                        
                        
                        </table>

                        
                        

                        
                        
                        
                    </div>
                
                </div>
            </div>
            
            <div class="testclass">
                <h4>test_minimal_requirements.TestRNFCalidad</h4>
                <div class="testcases">
                
                    <div class="test outcome outcome-passed">
                        <a id="5acf19f0-2094-40c1-9830-111de6463be0"></a>
                        <table class="proplist">
                            <tr><th>Test case:</th><td><b>test_odoo_disponible</b></td></tr>
                            <tr><th>Outcome:</th><td>Passed</td></tr>
                            <tr><th>Duration:</th><td>0.008 sec</td></tr>
                        
                        
                        </table>

                        
                        

                        
                        
                        
                    </div>
                
                    <div class="test outcome outcome-passed">
                        <a id="a8b6ed9b-8bb7-4587-aa43-6e46b267afb2"></a>
                        <table class="proplist">
                            <tr><th>Test case:</th><td><b>test_app_instalada</b></td></tr>
                            <tr><th>Outcome:</th><td>Passed</td></tr>
                            <tr><th>Duration:</th><td>0.016 sec</td></tr>
                        
                        
                        </table>

                        
                        

                        
                        
                        
                    </div>
                
                    <div class="test outcome outcome-failed">
                        <a id="bcb4bd55-af38-4e19-9b0f-1e1f22a410db"></a>
                        <table class="proplist">
                            <tr><th>Test case:</th><td><b>test_otras_apps_entregadas_son_dependencias</b></td></tr>
                            <tr><th>Outcome:</th><td>Failed</td></tr>
                            <tr><th>Duration:</th><td>0.016 sec</td></tr>
                        
                            <tr><th>Failed</th><td>AssertionError: Parece que tu aplicación no depende de libreria, al instalar la tuya esta no ha quedado instalada automáticamente - Tu código debe estar bien probado, documentado, sin código comentado, sin ficheros innecesarios y con un *manifest* cuidado.
assert &#39;uninstalled&#39; == &#39;installed&#39;
  
  - installed
  + uninstalled
  ? ++</td></tr>
                        
                        
                        </table>

                        
                        <pre>self = &lt;test_minimal_requirements.TestRNFCalidad object at 0x7f6013bd19a0&gt;
sut = &lt;test_minimal_requirements.SystemUnderTest object at 0x7f6013bcaf40&gt;

    def test_otras_apps_entregadas_son_dependencias(self, sut):
        for third_party_app in buscar_dependencias_de_terceros_entregadas(sut):
            ids = sut.execute_kw(&#39;ir.module.module&#39;, &#39;search&#39;, [[(&#39;name&#39;, &#39;=&#39;, third_party_app)]])
            assert len(ids) == 1, f&#34;No se ha encontrado la aplicación {third_party_app}, ¿hay dependencia de esta aplicación?&#34;
            app = sut.execute_kw(&#39;ir.module.module&#39;, &#39;read&#39;, [ids], {&#39;fields&#39;: [&#39;name&#39;, &#39;icon_image&#39;, &#39;state&#39;]}).pop()
&gt;           assert app.get(&#34;state&#34;) == &#39;installed&#39;, f&#34;Parece que tu aplicación no depende de {third_party_app}, al instalar la tuya esta no ha quedado instalada automáticamente - Tu código debe estar bien probado, documentado, sin código comentado, sin ficheros innecesarios y con un *manifest* cuidado.&#34;
E           AssertionError: Parece que tu aplicación no depende de libreria, al instalar la tuya esta no ha quedado instalada automáticamente - Tu código debe estar bien probado, documentado, sin código comentado, sin ficheros innecesarios y con un *manifest* cuidado.
E           assert &#39;uninstalled&#39; == &#39;installed&#39;
E             
E             - installed
E             + uninstalled
E             ? ++

test_minimal_requirements.py:423: AssertionError</pre>
                        
                        

                        
                        
                        
                    </div>
                
                    <div class="test outcome outcome-failed">
                        <a id="6830d863-44c4-434c-905e-a4fd9f3a482b"></a>
                        <table class="proplist">
                            <tr><th>Test case:</th><td><b>test_no_hay_elementos_xml_comentados</b></td></tr>
                            <tr><th>Outcome:</th><td>Failed</td></tr>
                            <tr><th>Duration:</th><td>0.001 sec</td></tr>
                        
                            <tr><th>Failed</th><td>xml.etree.ElementTree.ParseError: no element found: line 1, column 0</td></tr>
                        
                        
                        </table>

                        
                        <pre>self = &lt;test_minimal_requirements.TestRNFCalidad object at 0x7f6013bd1dc0&gt;
sut = &lt;test_minimal_requirements.SystemUnderTest object at 0x7f6013bcaf40&gt;

    def test_no_hay_elementos_xml_comentados(self, sut):
        # Expresión regular para verificar si la cadena parece tener marcado XML
        xml_regex = re.compile(r&#39;&lt;[a-zA-Z0-9\s=&#34;\&#39;\.-]+&gt;(.|\n)*&lt;\/[a-zA-Z0-9\s=&#34;\&#39;\.-]+&gt;|&lt;[a-zA-Z0-9\s=&#34;\&#39;\.-]+\/&gt;&#39;)
        ficheros_xml_comentado = {}
        for f in sut.xml_files:
            xml_comentado = []
            parser = ET.XMLParser(target=ET.TreeBuilder(insert_comments=True))
&gt;           tree = ET.parse(f, parser)

test_minimal_requirements.py:439: 
_ _ _ _ _ _ _ _ _ _ _ _ _ _ _ _ _ _ _ _ _ _ _ _ _ _ _ _ _ _ _ _ _ _ _ _ _ _ _ _ 
/usr/lib/python3.8/xml/etree/ElementTree.py:1202: in parse
    tree.parse(source, parser)
_ _ _ _ _ _ _ _ _ _ _ _ _ _ _ _ _ _ _ _ _ _ _ _ _ _ _ _ _ _ _ _ _ _ _ _ _ _ _ _ 

self = &lt;xml.etree.ElementTree.ElementTree object at 0x7f60139225b0&gt;
source = &lt;_io.BufferedReader name=&#39;/home/madrid/Escritorio/SGE/SGE-odoo-project-tester/projects/dmc_calificaciones/odoo/addons/dmc_calificaciones/views/clientes_menu.xml&#39;&gt;
parser = &lt;xml.etree.ElementTree.XMLParser object at 0x7f6013ad9430&gt;

    def parse(self, source, parser=None):
        &#34;&#34;&#34;Load external XML document into element tree.
    
        *source* is a file name or file object, *parser* is an optional parser
        instance that defaults to XMLParser.
    
        ParseError is raised if the parser fails to parse the document.
    
        Returns the root element of the given source document.
    
        &#34;&#34;&#34;
        close_source = False
        if not hasattr(source, &#34;read&#34;):
            source = open(source, &#34;rb&#34;)
            close_source = True
        try:
            if parser is None:
                # If no parser was specified, create a default XMLParser
                parser = XMLParser()
                if hasattr(parser, &#39;_parse_whole&#39;):
                    # The default XMLParser, when it comes from an accelerator,
                    # can define an internal _parse_whole API for efficiency.
                    # It can be used to parse the whole source without feeding
                    # it with chunks.
                    self._root = parser._parse_whole(source)
                    return self._root
            while True:
                data = source.read(65536)
                if not data:
                    break
                parser.feed(data)
&gt;           self._root = parser.close()
E           xml.etree.ElementTree.ParseError: no element found: line 1, column 0

/usr/lib/python3.8/xml/etree/ElementTree.py:602: ParseError</pre>
                        
                        

                        
                        
                        
                    </div>
                
                    <div class="test outcome outcome-failed">
                        <a id="2a84cecf-bffc-47df-accf-3c3f25381985"></a>
                        <table class="proplist">
                            <tr><th>Test case:</th><td><b>test_no_hay_codigo_python_comentado</b></td></tr>
                            <tr><th>Outcome:</th><td>Failed</td></tr>
                            <tr><th>Duration:</th><td>0.312 sec</td></tr>
                        
                            <tr><th>Failed</th><td>AssertionError: Se ha encontrado código Python comentado {&#39;__init__.py&#39;: &#39;-#from . import calificar\n-#from . import clientes\n-#from . import empleados\n&#39;, &#39;controllers.py&#39;: &#39;-# from odoo import http\n-#         return &#34;Hello, world&#34;\n-#             \&#39;root\&#39;: \&#39;/dmc_calificaciones/dmc_calificaciones\&#39;,\n-#             \&#39;objects\&#39;: http.request.env[\&#39;dmc_calificaciones.dmc_calificaciones\&#39;].search([]),\n-#         })\n-#         })\n&#39;} - Tu código debe estar bien probado, documentado, sin código comentado, sin ficheros innecesarios y con un *manifest* cuidado.
assert {&#39;__init__.py&#39;: &#39;-#from . import calificar\n-#from . import clientes\n-#from . import empleados\n&#39;, &#39;controllers.py&#39;: &#39;-# from odoo import http\n-#         return &#34;Hello, world&#34;\n-#             \&#39;root\&#39;: \&#39;/dmc_calificaciones/dmc_calificaciones\&#39;,\n-#             \&#39;objects\&#39;: http.request.env[\&#39;dmc_calificaciones.dmc_calificaciones\&#39;].search([]),\n-#         })\n-#         })\n&#39;} == {}
  
  Left contains 2 more items:
  {&#39;__init__.py&#39;: &#39;-#from . import calificar\n&#39;
                  &#39;-#from . import clientes\n&#39;
                  &#39;-#from . import empleados\n&#39;,
   &#39;controllers.py&#39;: &#39;-# from odoo import http\n&#39;
                     &#39;-#         return &#34;Hello, world&#34;\n&#39;
                     &#34;-#             &#39;root&#39;: &#34;
                     &#34;&#39;/dmc_calificaciones/dmc_calificaciones&#39;,\n&#34;
                     &#34;-#             &#39;objects&#39;: &#34;
                     &#34;http.request.env[&#39;dmc_calificaciones.dmc_calificaciones&#39;].search([]),\n&#34;
                     &#39;-#         })\n&#39;
                     &#39;-#         })\n&#39;}
  
  Full diff:
  - {}
  + {
  +     &#39;__init__.py&#39;: &#39;-#from . import calificar\n&#39;
  +     &#39;-#from . import clientes\n&#39;
  +     &#39;-#from . import empleados\n&#39;,
  +     &#39;controllers.py&#39;: &#39;-# from odoo import http\n&#39;
  +     &#39;-#         return &#34;Hello, world&#34;\n&#39;
  +     &#34;-#             &#39;root&#39;: &#39;/dmc_calificaciones/dmc_calificaciones&#39;,\n&#34;
  +     &#34;-#             &#39;objects&#39;: &#34;
  +     &#34;http.request.env[&#39;dmc_calificaciones.dmc_calificaciones&#39;].search([]),\n&#34;
  +     &#39;-#         })\n&#39;
  +     &#39;-#         })\n&#39;,
  + }</td></tr>
                        
                        
                        </table>

                        
                        <pre>self = &lt;test_minimal_requirements.TestRNFCalidad object at 0x7f6013bd4220&gt;
sut = &lt;test_minimal_requirements.SystemUnderTest object at 0x7f6013bcaf40&gt;

    def test_no_hay_codigo_python_comentado(self, sut):
        ficheros_codigo_comentado = {}
        for f in sut.py_files:
            eradicate = subprocess.run([&#39;eradicate&#39;, f], stdout=subprocess.PIPE)
            grep = subprocess.run(&#34;grep -e &#39;-\\s*#.*&#39;&#34;, shell=True, input=eradicate.stdout, stdout=subprocess.PIPE)
            codigo_comentado = grep.stdout.decode(&#39;utf-8&#39;)
            if codigo_comentado:
                ficheros_codigo_comentado[os.path.basename(f)] = codigo_comentado
    
&gt;       assert ficheros_codigo_comentado == {}, f&#34;Se ha encontrado código Python comentado {ficheros_codigo_comentado} - Tu código debe estar bien probado, documentado, sin código comentado, sin ficheros innecesarios y con un *manifest* cuidado.&#34;
E       AssertionError: Se ha encontrado código Python comentado {&#39;__init__.py&#39;: &#39;-#from . import calificar\n-#from . import clientes\n-#from . import empleados\n&#39;, &#39;controllers.py&#39;: &#39;-# from odoo import http\n-#         return &#34;Hello, world&#34;\n-#             \&#39;root\&#39;: \&#39;/dmc_calificaciones/dmc_calificaciones\&#39;,\n-#             \&#39;objects\&#39;: http.request.env[\&#39;dmc_calificaciones.dmc_calificaciones\&#39;].search([]),\n-#         })\n-#         })\n&#39;} - Tu código debe estar bien probado, documentado, sin código comentado, sin ficheros innecesarios y con un *manifest* cuidado.
E       assert {&#39;__init__.py&#39;: &#39;-#from . import calificar\n-#from . import clientes\n-#from . import empleados\n&#39;, &#39;controllers.py&#39;: &#39;-# from odoo import http\n-#         return &#34;Hello, world&#34;\n-#             \&#39;root\&#39;: \&#39;/dmc_calificaciones/dmc_calificaciones\&#39;,\n-#             \&#39;objects\&#39;: http.request.env[\&#39;dmc_calificaciones.dmc_calificaciones\&#39;].search([]),\n-#         })\n-#         })\n&#39;} == {}
E         
E         Left contains 2 more items:
E         {&#39;__init__.py&#39;: &#39;-#from . import calificar\n&#39;
E                         &#39;-#from . import clientes\n&#39;
E                         &#39;-#from . import empleados\n&#39;,
E          &#39;controllers.py&#39;: &#39;-# from odoo import http\n&#39;
E                            &#39;-#         return &#34;Hello, world&#34;\n&#39;
E                            &#34;-#             &#39;root&#39;: &#34;
E                            &#34;&#39;/dmc_calificaciones/dmc_calificaciones&#39;,\n&#34;
E                            &#34;-#             &#39;objects&#39;: &#34;
E                            &#34;http.request.env[&#39;dmc_calificaciones.dmc_calificaciones&#39;].search([]),\n&#34;
E                            &#39;-#         })\n&#39;
E                            &#39;-#         })\n&#39;}
E         
E         Full diff:
E         - {}
E         + {
E         +     &#39;__init__.py&#39;: &#39;-#from . import calificar\n&#39;
E         +     &#39;-#from . import clientes\n&#39;
E         +     &#39;-#from . import empleados\n&#39;,
E         +     &#39;controllers.py&#39;: &#39;-# from odoo import http\n&#39;
E         +     &#39;-#         return &#34;Hello, world&#34;\n&#39;
E         +     &#34;-#             &#39;root&#39;: &#39;/dmc_calificaciones/dmc_calificaciones&#39;,\n&#34;
E         +     &#34;-#             &#39;objects&#39;: &#34;
E         +     &#34;http.request.env[&#39;dmc_calificaciones.dmc_calificaciones&#39;].search([]),\n&#34;
E         +     &#39;-#         })\n&#39;
E         +     &#39;-#         })\n&#39;,
E         + }

test_minimal_requirements.py:464: AssertionError</pre>
                        
                        

                        
                        
                        
                    </div>
                
                    <div class="test outcome outcome-passed">
                        <a id="76b7fa56-0e77-4c59-996d-036a7d02ff47"></a>
                        <table class="proplist">
                            <tr><th>Test case:</th><td><b>test_log_servidor_sin_errores</b></td></tr>
                            <tr><th>Outcome:</th><td>Passed</td></tr>
                            <tr><th>Duration:</th><td>0.001 sec</td></tr>
                        
                        
                        </table>

                        
                        

                        
                        
                        
                    </div>
                
                </div>
            </div>
            
            <div class="testclass">
                <h4>test_minimal_requirements.TestOtros</h4>
                <div class="testcases">
                
                    <div class="test outcome outcome-passed">
                        <a id="a092c913-fb4f-4132-8671-c8225eeff15c"></a>
                        <table class="proplist">
                            <tr><th>Test case:</th><td><b>test_log_sin_warnings</b></td></tr>
                            <tr><th>Outcome:</th><td>Passed</td></tr>
                            <tr><th>Duration:</th><td>0.001 sec</td></tr>
                        
                        
                        </table>

                        
                        

                        
                        
                        
                    </div>
                
                </div>
            </div>
            
            <div class="testclass">
                <h4>test_minimal_requirements.TestRNFAdicionalesKanban</h4>
                <div class="testcases">
                
                    <div class="test outcome outcome-skipped">
                        <a id="aa388c43-d5c6-4061-9011-bc198ffd620f"></a>
                        <table class="proplist">
                            <tr><th>Test case:</th><td><b>test_vista_kanban[/kanban]</b></td></tr>
                            <tr><th>Outcome:</th><td>Skipped</td></tr>
                            <tr><th>Duration:</th><td>0.001 sec</td></tr>
                        
                        
                            <tr><th>Skipped</th><td></td></tr>
                        
                        </table>

                        
                        
                        <pre>skipped</pre>
                        

                        
                        
                        
                    </div>
                
                    <div class="test outcome outcome-skipped">
                        <a id="1ac2daf1-8c55-4624-94b5-487905987f51"></a>
                        <table class="proplist">
                            <tr><th>Test case:</th><td><b>test_vista_kanban[/kanban[@default_group_by]]</b></td></tr>
                            <tr><th>Outcome:</th><td>Skipped</td></tr>
                            <tr><th>Duration:</th><td>0.001 sec</td></tr>
                        
                        
                            <tr><th>Skipped</th><td></td></tr>
                        
                        </table>

                        
                        
                        <pre>skipped</pre>
                        

                        
                        
                        
                    </div>
                
                    <div class="test outcome outcome-skipped">
                        <a id="e8ce6bb5-163f-47c7-979e-8ab91ddf878e"></a>
                        <table class="proplist">
                            <tr><th>Test case:</th><td><b>test_vista_kanban_imagen[/img]</b></td></tr>
                            <tr><th>Outcome:</th><td>Skipped</td></tr>
                            <tr><th>Duration:</th><td>0.001 sec</td></tr>
                        
                        
                            <tr><th>Skipped</th><td></td></tr>
                        
                        </table>

                        
                        
                        <pre>skipped</pre>
                        

                        
                        
                        
                    </div>
                
                    <div class="test outcome outcome-skipped">
                        <a id="d818ff6f-da63-4df9-a924-3212aa70f123"></a>
                        <table class="proplist">
                            <tr><th>Test case:</th><td><b>test_vista_kanban_imagen[/field[@preview_image]]</b></td></tr>
                            <tr><th>Outcome:</th><td>Skipped</td></tr>
                            <tr><th>Duration:</th><td>0.001 sec</td></tr>
                        
                        
                            <tr><th>Skipped</th><td></td></tr>
                        
                        </table>

                        
                        
                        <pre>skipped</pre>
                        

                        
                        
                        
                    </div>
                
                    <div class="test outcome outcome-skipped">
                        <a id="589a4d22-20f0-47a8-8554-b15424be043a"></a>
                        <table class="proplist">
                            <tr><th>Test case:</th><td><b>test_vista_kanban_imagen[/field[@widget=&#34;image&#34;]]</b></td></tr>
                            <tr><th>Outcome:</th><td>Skipped</td></tr>
                            <tr><th>Duration:</th><td>0.001 sec</td></tr>
                        
                        
                            <tr><th>Skipped</th><td></td></tr>
                        
                        </table>

                        
                        
                        <pre>skipped</pre>
                        

                        
                        
                        
                    </div>
                
                </div>
            </div>
            
            <div class="testclass">
                <h4>test_minimal_requirements.TestRNFAdicionalesBusqueda</h4>
                <div class="testcases">
                
                    <div class="test outcome outcome-skipped">
                        <a id="b8939cab-dab0-432d-9244-5ef2127868de"></a>
                        <table class="proplist">
                            <tr><th>Test case:</th><td><b>test_vista_search[/search]</b></td></tr>
                            <tr><th>Outcome:</th><td>Skipped</td></tr>
                            <tr><th>Duration:</th><td>0.001 sec</td></tr>
                        
                        
                            <tr><th>Skipped</th><td></td></tr>
                        
                        </table>

                        
                        
                        <pre>skipped</pre>
                        

                        
                        
                        
                    </div>
                
                    <div class="test outcome outcome-skipped">
                        <a id="7360ca4b-f58e-45b0-b3a4-eb9544b15bfc"></a>
                        <table class="proplist">
                            <tr><th>Test case:</th><td><b>test_vista_search_compleja[/filter[@domain]]</b></td></tr>
                            <tr><th>Outcome:</th><td>Skipped</td></tr>
                            <tr><th>Duration:</th><td>0.001 sec</td></tr>
                        
                        
                            <tr><th>Skipped</th><td></td></tr>
                        
                        </table>

                        
                        
                        <pre>skipped</pre>
                        

                        
                        
                        
                    </div>
                
                    <div class="test outcome outcome-skipped">
                        <a id="92cafcda-b6c4-4e33-8201-526b91e3540f"></a>
                        <table class="proplist">
                            <tr><th>Test case:</th><td><b>test_vista_search_compleja[/group//filter[@context]]</b></td></tr>
                            <tr><th>Outcome:</th><td>Skipped</td></tr>
                            <tr><th>Duration:</th><td>0.001 sec</td></tr>
                        
                        
                            <tr><th>Skipped</th><td></td></tr>
                        
                        </table>

                        
                        
                        <pre>skipped</pre>
                        

                        
                        
                        
                    </div>
                
                </div>
            </div>
            
            <div class="testclass">
                <h4>test_minimal_requirements.TestRNFAdicionalesOtrasVistas</h4>
                <div class="testcases">
                
                    <div class="test outcome outcome-skipped">
                        <a id="d5770928-441a-41e5-b948-2b4cfecba8f7"></a>
                        <table class="proplist">
                            <tr><th>Test case:</th><td><b>test_otras_vistas_adicionales[activity]</b></td></tr>
                            <tr><th>Outcome:</th><td>Skipped</td></tr>
                            <tr><th>Duration:</th><td>0.008 sec</td></tr>
                        
                        
                            <tr><th>Skipped</th><td></td></tr>
                        
                        </table>

                        
                        
                        <pre>skipped</pre>
                        

                        
                        
                        
                    </div>
                
                    <div class="test outcome outcome-skipped">
                        <a id="fc5934cf-9d60-44ff-98b0-6166cbeeffca"></a>
                        <table class="proplist">
                            <tr><th>Test case:</th><td><b>test_otras_vistas_adicionales[calendar]</b></td></tr>
                            <tr><th>Outcome:</th><td>Skipped</td></tr>
                            <tr><th>Duration:</th><td>0.008 sec</td></tr>
                        
                        
                            <tr><th>Skipped</th><td></td></tr>
                        
                        </table>

                        
                        
                        <pre>skipped</pre>
                        

                        
                        
                        
                    </div>
                
                    <div class="test outcome outcome-skipped">
                        <a id="82d06198-1ef1-4240-9aac-a1d5a3b243aa"></a>
                        <table class="proplist">
                            <tr><th>Test case:</th><td><b>test_otras_vistas_adicionales[graph]</b></td></tr>
                            <tr><th>Outcome:</th><td>Skipped</td></tr>
                            <tr><th>Duration:</th><td>0.008 sec</td></tr>
                        
                        
                            <tr><th>Skipped</th><td></td></tr>
                        
                        </table>

                        
                        
                        <pre>skipped</pre>
                        

                        
                        
                        
                    </div>
                
                    <div class="test outcome outcome-skipped">
                        <a id="3fcbd039-b548-4212-a9aa-bde28270b87b"></a>
                        <table class="proplist">
                            <tr><th>Test case:</th><td><b>test_otras_vistas_adicionales[pivot]</b></td></tr>
                            <tr><th>Outcome:</th><td>Skipped</td></tr>
                            <tr><th>Duration:</th><td>0.007 sec</td></tr>
                        
                        
                            <tr><th>Skipped</th><td></td></tr>
                        
                        </table>

                        
                        
                        <pre>skipped</pre>
                        

                        
                        
                        
                    </div>
                
                </div>
            </div>
            
            <div class="testclass">
                <h4>test_minimal_requirements.TestRNFAdicionalesConstraints</h4>
                <div class="testcases">
                
                    <div class="test outcome outcome-skipped">
                        <a id="a39c0afe-1abb-4244-953a-f48efc3aefab"></a>
                        <table class="proplist">
                            <tr><th>Test case:</th><td><b>test_constraints_sql</b></td></tr>
                            <tr><th>Outcome:</th><td>Skipped</td></tr>
                            <tr><th>Duration:</th><td>0.018 sec</td></tr>
                        
                        
                            <tr><th>Skipped</th><td></td></tr>
                        
                        </table>

                        
                        
                        <pre>skipped</pre>
                        

                        
                        
                        
                    </div>
                
                </div>
            </div>
            
            <div class="testclass">
                <h4>test_minimal_requirements.TestRNFAdicionalesSeguridadAvanzada</h4>
                <div class="testcases">
                
                    <div class="test outcome outcome-skipped">
                        <a id="972a7a47-b65a-46ca-abcc-13b8444dcaaf"></a>
                        <table class="proplist">
                            <tr><th>Test case:</th><td><b>test_seguridad_con_grupos_propios</b></td></tr>
                            <tr><th>Outcome:</th><td>Skipped</td></tr>
                            <tr><th>Duration:</th><td>0.001 sec</td></tr>
                        
                        
                            <tr><th>Skipped</th><td></td></tr>
                        
                        </table>

                        
                        
                        <pre>skipped</pre>
                        

                        
                        
                        
                    </div>
                
                </div>
            </div>
            
            <div class="testclass">
                <h4>test_minimal_requirements.TestRNFAdicionalesDatosAvanzados</h4>
                <div class="testcases">
                
                    <div class="test outcome outcome-skipped">
                        <a id="ee4fb5b0-fb58-470b-8870-62c09bdfb32b"></a>
                        <table class="proplist">
                            <tr><th>Test case:</th><td><b>test_datos_maestros_o_demo_avanzados[binary]</b></td></tr>
                            <tr><th>Outcome:</th><td>Skipped</td></tr>
                            <tr><th>Duration:</th><td>0.011 sec</td></tr>
                        
                        
                            <tr><th>Skipped</th><td></td></tr>
                        
                        </table>

                        
                        
                        <pre>skipped</pre>
                        

                        
                        
                        
                    </div>
                
                    <div class="test outcome outcome-skipped">
                        <a id="a110d362-4773-4190-afdc-03762a96041c"></a>
                        <table class="proplist">
                            <tr><th>Test case:</th><td><b>test_datos_maestros_o_demo_avanzados[many2many]</b></td></tr>
                            <tr><th>Outcome:</th><td>Skipped</td></tr>
                            <tr><th>Duration:</th><td>0.01 sec</td></tr>
                        
                        
                            <tr><th>Skipped</th><td></td></tr>
                        
                        </table>

                        
                        
                        <pre>skipped</pre>
                        

                        
                        
                        
                    </div>
                
                    <div class="test outcome outcome-skipped">
                        <a id="30e5bafb-226a-4ce1-9527-c2f2140be523"></a>
                        <table class="proplist">
                            <tr><th>Test case:</th><td><b>test_datos_maestros_o_demo_avanzados[many2one]</b></td></tr>
                            <tr><th>Outcome:</th><td>Skipped</td></tr>
                            <tr><th>Duration:</th><td>0.012 sec</td></tr>
                        
                        
                            <tr><th>Skipped</th><td></td></tr>
                        
                        </table>

                        
                        
                        <pre>skipped</pre>
                        

                        
                        
                        
                    </div>
                
                </div>
            </div>
            
            <div class="testclass">
                <h4>test_minimal_requirements.TestRNFAdicionalesHerenciaVistas</h4>
                <div class="testcases">
                
                    <div class="test outcome outcome-skipped">
                        <a id="39df2012-5384-4d42-a829-21bcbf89ac46"></a>
                        <table class="proplist">
                            <tr><th>Test case:</th><td><b>test_herencia_en_vistas_con_position</b></td></tr>
                            <tr><th>Outcome:</th><td>Skipped</td></tr>
                            <tr><th>Duration:</th><td>0.001 sec</td></tr>
                        
                        
                            <tr><th>Skipped</th><td></td></tr>
                        
                        </table>

                        
                        
                        <pre>skipped</pre>
                        

                        
                        
                        
                    </div>
                
                    <div class="test outcome outcome-skipped">
                        <a id="79d945bc-e154-4f4e-ba5a-b2fa106490be"></a>
                        <table class="proplist">
                            <tr><th>Test case:</th><td><b>test_herencia_en_vistas_con_inherit_id</b></td></tr>
                            <tr><th>Outcome:</th><td>Skipped</td></tr>
                            <tr><th>Duration:</th><td>0.001 sec</td></tr>
                        
                        
                            <tr><th>Skipped</th><td></td></tr>
                        
                        </table>

                        
                        
                        <pre>skipped</pre>
                        

                        
                        
                        
                    </div>
                
                </div>
            </div>
            
            <div class="testclass">
                <h4>test_minimal_requirements.TestRNFAdicionalesHerenciaModelos</h4>
                <div class="testcases">
                
                    <div class="test outcome outcome-skipped">
                        <a id="5390aa6f-a2b3-40ad-aa66-1da77b5bee36"></a>
                        <table class="proplist">
                            <tr><th>Test case:</th><td><b>test_modelos_existentes_modificados_por_herencia</b></td></tr>
                            <tr><th>Outcome:</th><td>Skipped</td></tr>
                            <tr><th>Duration:</th><td>0.001 sec</td></tr>
                        
                        
                            <tr><th>Skipped</th><td></td></tr>
                        
                        </table>

                        
                        
                        <pre>skipped</pre>
                        

                        
                        
                        
                    </div>
                
                    <div class="test outcome outcome-skipped">
                        <a id="6e5c6b7c-c814-442e-acc2-2a7fc9174d20"></a>
                        <table class="proplist">
                            <tr><th>Test case:</th><td><b>test_nuevos_modelos_con_herencia</b></td></tr>
                            <tr><th>Outcome:</th><td>Skipped</td></tr>
                            <tr><th>Duration:</th><td>0.001 sec</td></tr>
                        
                        
                            <tr><th>Skipped</th><td></td></tr>
                        
                        </table>

                        
                        
                        <pre>skipped</pre>
                        

                        
                        
                        
                    </div>
                
                </div>
            </div>
            
            <div class="testclass">
                <h4>test_minimal_requirements.TestRNFAdicionalesTraducciones</h4>
                <div class="testcases">
                
                    <div class="test outcome outcome-skipped">
                        <a id="9d14efb8-cbbf-450c-abd2-71880d261214"></a>
                        <table class="proplist">
                            <tr><th>Test case:</th><td><b>test_i18n</b></td></tr>
                            <tr><th>Outcome:</th><td>Skipped</td></tr>
                            <tr><th>Duration:</th><td>0.001 sec</td></tr>
                        
                        
                            <tr><th>Skipped</th><td></td></tr>
                        
                        </table>

                        
                        
                        <pre>skipped</pre>
                        

                        
                        
                        
                    </div>
                
                </div>
            </div>
            
            <div class="testclass">
                <h4>test_minimal_requirements.TestRNFAdicionalesInformes</h4>
                <div class="testcases">
                
                    <div class="test outcome outcome-skipped">
                        <a id="584f300d-5752-4628-93b6-5edba756fc1f"></a>
                        <table class="proplist">
                            <tr><th>Test case:</th><td><b>test_informes[report]</b></td></tr>
                            <tr><th>Outcome:</th><td>Skipped</td></tr>
                            <tr><th>Duration:</th><td>0.001 sec</td></tr>
                        
                        
                            <tr><th>Skipped</th><td></td></tr>
                        
                        </table>

                        
                        
                        <pre>skipped</pre>
                        

                        
                        
                        
                    </div>
                
                    <div class="test outcome outcome-skipped">
                        <a id="d01c1aff-92a8-4f5d-8e93-529242abc425"></a>
                        <table class="proplist">
                            <tr><th>Test case:</th><td><b>test_informes[template]</b></td></tr>
                            <tr><th>Outcome:</th><td>Skipped</td></tr>
                            <tr><th>Duration:</th><td>0.001 sec</td></tr>
                        
                        
                            <tr><th>Skipped</th><td></td></tr>
                        
                        </table>

                        
                        
                        <pre>skipped</pre>
                        

                        
                        
                        
                    </div>
                
                    <div class="test outcome outcome-skipped">
                        <a id="f7782f55-9f0d-4423-9f13-a724a1682116"></a>
                        <table class="proplist">
                            <tr><th>Test case:</th><td><b>test_informes_complejos[/t[@t-foreach]]</b></td></tr>
                            <tr><th>Outcome:</th><td>Skipped</td></tr>
                            <tr><th>Duration:</th><td>0.001 sec</td></tr>
                        
                        
                            <tr><th>Skipped</th><td></td></tr>
                        
                        </table>

                        
                        
                        <pre>skipped</pre>
                        

                        
                        
                        
                    </div>
                
                    <div class="test outcome outcome-skipped">
                        <a id="c73898ef-2ed5-44e3-a0c1-d64ff31faa85"></a>
                        <table class="proplist">
                            <tr><th>Test case:</th><td><b>test_informes_complejos[/img[@t-att-src]]</b></td></tr>
                            <tr><th>Outcome:</th><td>Skipped</td></tr>
                            <tr><th>Duration:</th><td>0.001 sec</td></tr>
                        
                        
                            <tr><th>Skipped</th><td></td></tr>
                        
                        </table>

                        
                        
                        <pre>skipped</pre>
                        

                        
                        
                        
                    </div>
                
                    <div class="test outcome outcome-skipped">
                        <a id="514bfc52-c2bf-4b59-84e4-8a34de4ddda4"></a>
                        <table class="proplist">
                            <tr><th>Test case:</th><td><b>test_informes_complejos[/t[@t-call and not(@t-call=&#34;web.external_layout&#34; or @t-call=&#34;web.html_container&#34;)]]</b></td></tr>
                            <tr><th>Outcome:</th><td>Skipped</td></tr>
                            <tr><th>Duration:</th><td>0.001 sec</td></tr>
                        
                        
                            <tr><th>Skipped</th><td></td></tr>
                        
                        </table>

                        
                        
                        <pre>skipped</pre>
                        

                        
                        
                        
                    </div>
                
                </div>
            </div>
            
            <div class="testclass">
                <h4>test_minimal_requirements.TestRNFAdicionalesChatter</h4>
                <div class="testcases">
                
                    <div class="test outcome outcome-skipped">
                        <a id="15b5b5ad-9926-429c-8195-a339084a0189"></a>
                        <table class="proplist">
                            <tr><th>Test case:</th><td><b>test_chatter[mail_thread]</b></td></tr>
                            <tr><th>Outcome:</th><td>Skipped</td></tr>
                            <tr><th>Duration:</th><td>0.001 sec</td></tr>
                        
                        
                            <tr><th>Skipped</th><td></td></tr>
                        
                        </table>

                        
                        
                        <pre>skipped</pre>
                        

                        
                        
                        
                    </div>
                
                    <div class="test outcome outcome-skipped">
                        <a id="9bfd005c-19b0-4445-91a6-fe5947e46fa5"></a>
                        <table class="proplist">
                            <tr><th>Test case:</th><td><b>test_chatter[mail_activity_mixin]</b></td></tr>
                            <tr><th>Outcome:</th><td>Skipped</td></tr>
                            <tr><th>Duration:</th><td>0.001 sec</td></tr>
                        
                        
                            <tr><th>Skipped</th><td></td></tr>
                        
                        </table>

                        
                        
                        <pre>skipped</pre>
                        

                        
                        
                        
                    </div>
                
                    <div class="test outcome outcome-skipped">
                        <a id="1d385b77-f889-44f3-aa6d-c2067d8cad76"></a>
                        <table class="proplist">
                            <tr><th>Test case:</th><td><b>test_chatter_tracking</b></td></tr>
                            <tr><th>Outcome:</th><td>Skipped</td></tr>
                            <tr><th>Duration:</th><td>0.008 sec</td></tr>
                        
                        
                            <tr><th>Skipped</th><td></td></tr>
                        
                        </table>

                        
                        
                        <pre>skipped</pre>
                        

                        
                        
                        
                    </div>
                
                    <div class="test outcome outcome-skipped">
                        <a id="b64e4ce4-b002-4dc9-a32a-7ef4c823da85"></a>
                        <table class="proplist">
                            <tr><th>Test case:</th><td><b>test_vista_chatter_div</b></td></tr>
                            <tr><th>Outcome:</th><td>Skipped</td></tr>
                            <tr><th>Duration:</th><td>0.001 sec</td></tr>
                        
                        
                            <tr><th>Skipped</th><td></td></tr>
                        
                        </table>

                        
                        
                        <pre>skipped</pre>
                        

                        
                        
                        
                    </div>
                
                    <div class="test outcome outcome-skipped">
                        <a id="cf528a64-f41c-4ccb-9be1-73122201d34f"></a>
                        <table class="proplist">
                            <tr><th>Test case:</th><td><b>test_vista_chatter_fields[.//field[@name=&#34;message_follower_ids&#34;]]</b></td></tr>
                            <tr><th>Outcome:</th><td>Skipped</td></tr>
                            <tr><th>Duration:</th><td>0.001 sec</td></tr>
                        
                        
                            <tr><th>Skipped</th><td></td></tr>
                        
                        </table>

                        
                        
                        <pre>skipped</pre>
                        

                        
                        
                        
                    </div>
                
                    <div class="test outcome outcome-skipped">
                        <a id="cee00e72-60ca-4d48-bae7-60b539952e35"></a>
                        <table class="proplist">
                            <tr><th>Test case:</th><td><b>test_vista_chatter_fields[.//field[@name=&#34;activity_ids&#34;]]</b></td></tr>
                            <tr><th>Outcome:</th><td>Skipped</td></tr>
                            <tr><th>Duration:</th><td>0.001 sec</td></tr>
                        
                        
                            <tr><th>Skipped</th><td></td></tr>
                        
                        </table>

                        
                        
                        <pre>skipped</pre>
                        

                        
                        
                        
                    </div>
                
                    <div class="test outcome outcome-skipped">
                        <a id="e395a9fe-e8d0-4ea5-9388-87fe232219df"></a>
                        <table class="proplist">
                            <tr><th>Test case:</th><td><b>test_vista_chatter_fields[.//field[@name=&#34;message_ids&#34;]]</b></td></tr>
                            <tr><th>Outcome:</th><td>Skipped</td></tr>
                            <tr><th>Duration:</th><td>0.001 sec</td></tr>
                        
                        
                            <tr><th>Skipped</th><td></td></tr>
                        
                        </table>

                        
                        
                        <pre>skipped</pre>
                        

                        
                        
                        
                    </div>
                
                    <div class="test outcome outcome-skipped">
                        <a id="1c3e0148-28e7-44fd-8d5c-bf49c4e69560"></a>
                        <table class="proplist">
                            <tr><th>Test case:</th><td><b>test_vista_chatter_fields[.//field[@widget=&#34;mail_followers&#34;]]</b></td></tr>
                            <tr><th>Outcome:</th><td>Skipped</td></tr>
                            <tr><th>Duration:</th><td>0.001 sec</td></tr>
                        
                        
                            <tr><th>Skipped</th><td></td></tr>
                        
                        </table>

                        
                        
                        <pre>skipped</pre>
                        

                        
                        
                        
                    </div>
                
                    <div class="test outcome outcome-skipped">
                        <a id="3e4baf84-b23e-41e4-8f0c-8d7e62f38deb"></a>
                        <table class="proplist">
                            <tr><th>Test case:</th><td><b>test_vista_chatter_fields[.//field[@widget=&#34;mail_thread&#34;]]</b></td></tr>
                            <tr><th>Outcome:</th><td>Skipped</td></tr>
                            <tr><th>Duration:</th><td>0.001 sec</td></tr>
                        
                        
                            <tr><th>Skipped</th><td></td></tr>
                        
                        </table>

                        
                        
                        <pre>skipped</pre>
                        

                        
                        
                        
                    </div>
                
                    <div class="test outcome outcome-skipped">
                        <a id="a8e3a362-81ad-4a99-989d-6c530365f1b9"></a>
                        <table class="proplist">
                            <tr><th>Test case:</th><td><b>test_vista_chatter_fields[.//field[@widget=&#34;mail_activity&#34;]]</b></td></tr>
                            <tr><th>Outcome:</th><td>Skipped</td></tr>
                            <tr><th>Duration:</th><td>3.644 sec</td></tr>
                        
                        
                            <tr><th>Skipped</th><td></td></tr>
                        
                        </table>

                        
                        
                        <pre>skipped</pre>
                        

                        
                        
                        
                    </div>
                
                </div>
            </div>
            
        </div>
    </div>
    



<p class="footer">
    Generated by junit2html
</p>
</body>
</html>