<!DOCTYPE html>
<html lang="en">
<head>
    <meta charset="UTF-8">
    <title>dmr_veterinario-pytest.xml</title>
    <style type="text/css">
        body {
    background-color: white;
    padding-bottom: 20em;
    margin: 0;
    min-height: 15cm;
}

h1, h2, h3, h4, h5, h6, h7 {
    font-family: sans-serif;
}

h1 {
    background-color: #007acc;
    color: white;
    padding: 3mm;
    margin-top: 0;
    margin-bottom: 1mm;
}

.footer {
    font-style: italic;
    font-size: small;
    text-align: right;
    padding: 1em;
}

.testsuite {
    padding-bottom: 2em;
    margin-left: 1em;
}

.proplist {
    width: 100%;
    margin-bottom: 2em;
    border-collapse: collapse;
    border: 1px solid grey;
}

.proplist th {
    background-color: silver;
    width: 5em;
    padding: 2px;
    padding-right: 1em;
    text-align: left;
}

.proplist td {
    padding: 2px;
}

.index-table {
    width: 90%;
    margin-left: 1em;
}

.index-table td {
    vertical-align: top;
    max-width: 200px;
    word-wrap: break-word;
}

.failure-index {

}

.toc {
    margin-bottom: 2em;
    font-family: monospace;
}

.stdio, pre {
    min-height: 1em;
    background-color: #1e1e1e;
    color: silver;
    padding: 0.5em;
}
.tdpre {
    background-color: #1e1e1e;
}

.test {
    margin-left: 0.5cm;
}

.outcome {
    border-left: 1em;
    padding: 2px;
}

.outcome-failed {
    border-left: 1em solid lightcoral;
}

.outcome-passed {
    border-left: 1em solid lightgreen;
}

.outcome-skipped {
    border-left: 1em dotted silver;
}

.stats-table {
}

.stats-table td {
    min-width: 4em;
    text-align: right;
}

.stats-table .failed {
    background-color: lightcoral;
}

.stats-table .passed {
    background-color: lightgreen;
}

.matrix-table {
    table-layout: fixed;
    border-spacing: 0;
    width: available;
    margin-left: 1em;
}

.matrix-table td {
    vertical-align: center;
}

.matrix-table td:last-child {
    width: 0;
}

.matrix-table tr:hover {
    background-color: yellow;
}

.matrix-axis-name {
    white-space: nowrap;
    padding-right: 0.5em;
    border-left: 1px solid black;
    border-top: 1px solid black;
    text-align: right;
}

.matrix-axis-line {
    border-left: 1px solid black;
    width: 0.5em;
}

.matrix-classname {
    text-align: left;
    width: 100%;
    border-top: 2px solid grey;
    border-bottom: 1px solid silver;
}

.matrix-casename {
    text-align: left;
    font-weight: normal;
    font-style: italic;
    padding-left: 1em;
    border-bottom: 1px solid silver;
}

.matrix-result {
    display: block;
    width: 1em;
    text-align: center;
    padding: 1mm;
    margin: 0;
}

.matrix-result-combined {
    white-space: nowrap;
    padding-right: 0.2em;
    text-align: right;
}

.matrix-result-failed {
    background-color: lightcoral;
}

.matrix-result-passed {
    background-color: lightgreen;
}

.matrix-result-skipped {
    background-color: lightyellow;
}

.matrix-even {
    background-color: lightgray;
}
    </style>
</head>
<body>
    
<h1>
    Test Report : dmr_veterinario-pytest.xml
</h1>
<a id="toc"></a>
<table class="index-table">
    <tr>
        <td>
            <ul class="toc">
            
                
                <li>test_minimal_requirements.TestRNF1
                <ul>
                    
                    <li><a href="#b493b038-410a-4396-9ecb-4f5fd3a3a8cd">test_app_tiene_al_menos_4_modelos</a></li>
                    
                    <li><a href="#fa7aa4c1-6b0f-414a-a75f-b5c3f3516429">test_modelos_en_ficheros_individuales</a></li>
                    
                </ul>
                </li>
                
                <li>test_minimal_requirements.TestRNF2
                <ul>
                    
                    <li><a href="#68be08f4-dcec-49bf-a4a9-67b39c1ad94d">test_relacion_many2many</a></li>
                    
                    <li><a href="#5f76227c-f7c5-45f9-8ad8-eedc86b331fb">test_modelos_tienen_algun_campo_relacion[one2many]</a></li>
                    
                    <li><a href="#acc08025-3b5b-420c-86ba-fce16b008135">test_modelos_tienen_algun_campo_relacion[many2one]</a></li>
                    
                    <li><a href="#bc3b2d61-6300-452e-9270-ed1bf8f7fcd4">test_unknown_comodel_name</a></li>
                    
                </ul>
                </li>
                
                <li>test_minimal_requirements.TestRNF3
                <ul>
                    
                    <li><a href="#b7fb8ef8-81fa-4615-bd36-70598cb2672f">test_modelos_tienen_vista[tree]</a></li>
                    
                    <li><a href="#ec4e3b45-99fa-4a66-9ad7-cb8036b44c34">test_modelos_tienen_vista[form]</a></li>
                    
                    <li><a href="#14716d52-a736-4c79-9ba6-d77961e39762">test_formularios_tienen_vista_anidada_para_campos_X2many[one2many]</a></li>
                    
                    <li><a href="#f1ceb57c-09fd-455a-b972-46096b7f9546">test_formularios_tienen_vista_anidada_para_campos_X2many[many2many]</a></li>
                    
                </ul>
                </li>
                
                <li>test_minimal_requirements.TestRNF4
                <ul>
                    
                    <li><a href="#7df762d1-2a35-496b-909c-9ccdbb7b9f86">test_vistas_en_ficheros_individuales</a></li>
                    
                </ul>
                </li>
                
                <li>test_minimal_requirements.TestRNF5
                <ul>
                    
                    <li><a href="#b83d09dd-1a47-4c7a-aa45-c4e8156c6fdc">test_modelos_tienen_algun_posible_campo_imagen</a></li>
                    
                    <li><a href="#c477ff64-b631-45a6-9875-2d25c4e0873e">test_alguna_vista_tiene_campo_imagen</a></li>
                    
                </ul>
                </li>
                
                <li>test_minimal_requirements.TestRNF6
                <ul>
                    
                    <li><a href="#e2d2ff59-1e82-4bfa-ba30-1e0ed406d37d">test_modelos_tienen_acciones</a></li>
                    
                    <li><a href="#0dc2fb63-27dc-4746-b18e-f2899a76f55a">test_hay_elementos_de_menu[.//menuitem[@action]]</a></li>
                    
                </ul>
                </li>
                
                <li>test_minimal_requirements.TestRNF7
                <ul>
                    
                    <li><a href="#f6663fda-eeb5-4cdb-9343-c0038881cd4d">test_modelos_tienen_permisos</a></li>
                    
                </ul>
                </li>
                
                <li>test_minimal_requirements.TestRNF8
                <ul>
                    
                    <li><a href="#f9ea0c26-9b99-47ee-a360-0b2cf1f8eadf">test_app_tiene_icono</a></li>
                    
                </ul>
                </li>
                
                <li>test_minimal_requirements.TestRNF9
                <ul>
                    
                    <li><a href="#e201d3f1-944f-4056-9979-a8189c472084">test_modelos_tienen_datos_demo</a></li>
                    
                </ul>
                </li>
                
                <li>test_minimal_requirements.TestRNFGit
                <ul>
                    
                    <li><a href="#dd2522a3-ec61-41a8-9e83-a3aca830fc20">test_git_commit_frecuentes</a></li>
                    
                </ul>
                </li>
                
                <li>test_minimal_requirements.TestRNFCalidad
                <ul>
                    
                    <li><a href="#142472e1-ac7f-4e55-83e6-c4ddf756fca0">test_odoo_disponible</a></li>
                    
                    <li><a href="#8ae24f15-b585-4310-b0c7-39937319fa47">test_app_instalada</a></li>
                    
                    <li><a href="#98330c07-d5ab-4dbd-997b-a48f1d36d431">test_otras_apps_entregadas_son_dependencias</a></li>
                    
                    <li><a href="#5c9b3872-9b11-49c2-9f94-c0657139c47a">test_no_hay_elementos_xml_comentados</a></li>
                    
                    <li><a href="#57cc2118-84d7-422d-8dd5-ea9f64e7d35f">test_no_hay_codigo_python_comentado</a></li>
                    
                    <li><a href="#59f84325-e4d8-41f2-b6bc-eca009a62397">test_log_servidor_sin_errores</a></li>
                    
                </ul>
                </li>
                
                <li>test_minimal_requirements.TestOtros
                <ul>
                    
                    <li><a href="#d5e370c9-503e-4200-8b28-fa80acafb232">test_log_sin_warnings</a>[s]</li>
                    
                </ul>
                </li>
                
                <li>test_minimal_requirements.TestRNFAdicionalesKanban
                <ul>
                    
                    <li><a href="#32b50ea0-cf98-4f04-a917-7ce3549cd561">test_vista_kanban[/kanban]</a>[s]</li>
                    
                    <li><a href="#0d10964c-fd13-4977-9300-7e63fa3f91b6">test_vista_kanban[/kanban[@default_group_by]]</a>[s]</li>
                    
                    <li><a href="#d88eea2d-4a1c-4bd8-925d-e63a3eb1c1c5">test_vista_kanban_imagen[/img]</a>[s]</li>
                    
                    <li><a href="#5eac906c-b5a4-4f3a-9dbd-6d686d1b01cb">test_vista_kanban_imagen[/field[@preview_image]]</a>[s]</li>
                    
                    <li><a href="#2e3960ad-ac57-4976-bb89-74bb109ccdb0">test_vista_kanban_imagen[/field[@widget=&#34;image&#34;]]</a>[s]</li>
                    
                </ul>
                </li>
                
                <li>test_minimal_requirements.TestRNFAdicionalesBusqueda
                <ul>
                    
                    <li><a href="#99a47fbe-f41a-4652-9e73-33e9fc74d7d3">test_vista_search[/search]</a>[s]</li>
                    
                    <li><a href="#e83ebc0d-1294-4a44-8b1b-6505f6c33e9f">test_vista_search_compleja[/filter[@domain]]</a>[s]</li>
                    
                    <li><a href="#6ed35a00-929f-4096-818e-037cf4c8db4f">test_vista_search_compleja[/group//filter[@context]]</a>[s]</li>
                    
                </ul>
                </li>
                
                <li>test_minimal_requirements.TestRNFAdicionalesOtrasVistas
                <ul>
                    
                    <li><a href="#6637ca87-360a-417f-a1f6-8a05a01df34a">test_otras_vistas_adicionales[activity]</a>[s]</li>
                    
                    <li><a href="#a0e29d0f-6869-481d-ae1e-60c4df9f29b5">test_otras_vistas_adicionales[calendar]</a>[s]</li>
                    
                    <li><a href="#52a5b721-037f-47a1-ad08-13e69730c669">test_otras_vistas_adicionales[graph]</a>[s]</li>
                    
                    <li><a href="#6b1ca2cc-3954-4752-b06a-ef4b5b3398be">test_otras_vistas_adicionales[pivot]</a>[s]</li>
                    
                </ul>
                </li>
                
                <li>test_minimal_requirements.TestRNFAdicionalesConstraints
                <ul>
                    
                    <li><a href="#a5e77bbf-56de-4c70-b532-5cda08b43cb5">test_constraints_sql</a>[s]</li>
                    
                </ul>
                </li>
                
                <li>test_minimal_requirements.TestRNFAdicionalesSeguridadAvanzada
                <ul>
                    
                    <li><a href="#13c84ed9-a2bb-4817-a4ce-274cdeffb5a0">test_seguridad_con_grupos_propios</a>[s]</li>
                    
                </ul>
                </li>
                
                <li>test_minimal_requirements.TestRNFAdicionalesDatosAvanzados
                <ul>
                    
                    <li><a href="#1f365ee1-802e-40b6-865b-a24eff64d337">test_datos_maestros_o_demo_avanzados[binary]</a>[s]</li>
                    
                    <li><a href="#33904228-7271-4e2f-9ad1-10f7a0630237">test_datos_maestros_o_demo_avanzados[many2many]</a>[s]</li>
                    
                    <li><a href="#0b3e72d1-727a-4b6a-838d-d4ed98982bc9">test_datos_maestros_o_demo_avanzados[many2one]</a>[s]</li>
                    
                </ul>
                </li>
                
                <li>test_minimal_requirements.TestRNFAdicionalesHerenciaVistas
                <ul>
                    
                    <li><a href="#eb203a56-ac3b-4fc4-974c-eba9ca1e4547">test_herencia_en_vistas_con_position</a>[s]</li>
                    
                    <li><a href="#0364feab-2e7e-4894-863a-66a175faf7d9">test_herencia_en_vistas_con_inherit_id</a>[s]</li>
                    
                </ul>
                </li>
                
                <li>test_minimal_requirements.TestRNFAdicionalesHerenciaModelos
                <ul>
                    
                    <li><a href="#12bb1596-84ab-4c72-9051-141fc574d0ec">test_modelos_existentes_modificados_por_herencia</a>[s]</li>
                    
                    <li><a href="#fd6363f5-c1f3-4a3b-afbd-d47dfa5b0f52">test_nuevos_modelos_con_herencia</a>[s]</li>
                    
                </ul>
                </li>
                
                <li>test_minimal_requirements.TestRNFAdicionalesTraducciones
                <ul>
                    
                    <li><a href="#d068e051-fb42-4ea2-8310-470467ddd67c">test_i18n</a>[s]</li>
                    
                </ul>
                </li>
                
                <li>test_minimal_requirements.TestRNFAdicionalesInformes
                <ul>
                    
                    <li><a href="#b8431658-7bb7-402f-b56e-a12e9b9ecd40">test_informes[report]</a>[s]</li>
                    
                    <li><a href="#585193ba-915a-4f13-a02d-69d4642c2ff6">test_informes[template]</a>[s]</li>
                    
                    <li><a href="#d2ed75ac-e513-4618-8f73-a78d48c35c99">test_informes_complejos[/t[@t-foreach]]</a>[s]</li>
                    
                    <li><a href="#9051004b-9578-467b-adee-decb98c5bde9">test_informes_complejos[/img[@t-att-src]]</a>[s]</li>
                    
                    <li><a href="#00948445-0a88-45c5-ad4d-7f5aa69c5079">test_informes_complejos[/t[@t-call and not(@t-call=&#34;web.external_layout&#34; or @t-call=&#34;web.html_container&#34;)]]</a>[s]</li>
                    
                </ul>
                </li>
                
                <li>test_minimal_requirements.TestRNFAdicionalesChatter
                <ul>
                    
                    <li><a href="#2c342a47-c0cb-445a-899f-61fa5f68c284">test_chatter[mail_thread]</a>[s]</li>
                    
                    <li><a href="#367b8512-dab2-4388-b8e3-1213523d4ef6">test_chatter[mail_activity_mixin]</a>[s]</li>
                    
                    <li><a href="#caf7d445-6d33-4e00-a0a7-b0debde0d5c8">test_chatter_tracking</a>[s]</li>
                    
                    <li><a href="#5c11ea57-09ba-43e6-a9c2-ca59c072d518">test_vista_chatter_div</a>[s]</li>
                    
                    <li><a href="#13c6c8e5-9a3a-4ead-a49a-82e3310f7ee6">test_vista_chatter_fields[.//field[@name=&#34;message_follower_ids&#34;]]</a>[s]</li>
                    
                    <li><a href="#ba13572e-4ef5-4a32-a9a5-e8d0439008e3">test_vista_chatter_fields[.//field[@name=&#34;activity_ids&#34;]]</a>[s]</li>
                    
                    <li><a href="#ec5ae823-527f-4c7e-b6ad-669ddae36fe2">test_vista_chatter_fields[.//field[@name=&#34;message_ids&#34;]]</a>[s]</li>
                    
                    <li><a href="#674bb93a-cac2-4446-8a4f-910eca8936b7">test_vista_chatter_fields[.//field[@widget=&#34;mail_followers&#34;]]</a>[s]</li>
                    
                    <li><a href="#216f90ed-1a60-470b-a950-4ea4027b9ee3">test_vista_chatter_fields[.//field[@widget=&#34;mail_thread&#34;]]</a>[s]</li>
                    
                    <li><a href="#758f7654-db21-4ed5-bb5f-b1ce5309e169">test_vista_chatter_fields[.//field[@widget=&#34;mail_activity&#34;]]</a>[s]</li>
                    
                </ul>
                </li>
                
            
            </ul>
        </td>
        <td class="failure-index">
            <ul class="toc">
            
                
                    
                    
                    <li><a href="#b493b038-410a-4396-9ecb-4f5fd3a3a8cd">[F] test_minimal_requirements.TestRNF1 : test_app_tiene_al_menos_4_modelos</a></li>
                    
                    
                    
                    <li><a href="#fa7aa4c1-6b0f-414a-a75f-b5c3f3516429">[F] test_minimal_requirements.TestRNF1 : test_modelos_en_ficheros_individuales</a></li>
                    
                    
                
                    
                    
                    <li><a href="#68be08f4-dcec-49bf-a4a9-67b39c1ad94d">[F] test_minimal_requirements.TestRNF2 : test_relacion_many2many</a></li>
                    
                    
                    
                    <li><a href="#5f76227c-f7c5-45f9-8ad8-eedc86b331fb">[F] test_minimal_requirements.TestRNF2 : test_modelos_tienen_algun_campo_relacion[one2many]</a></li>
                    
                    
                    
                    <li><a href="#acc08025-3b5b-420c-86ba-fce16b008135">[F] test_minimal_requirements.TestRNF2 : test_modelos_tienen_algun_campo_relacion[many2one]</a></li>
                    
                    
                    
                    <li><a href="#bc3b2d61-6300-452e-9270-ed1bf8f7fcd4">[F] test_minimal_requirements.TestRNF2 : test_unknown_comodel_name</a></li>
                    
                    
                
                    
                    
                    <li><a href="#b7fb8ef8-81fa-4615-bd36-70598cb2672f">[F] test_minimal_requirements.TestRNF3 : test_modelos_tienen_vista[tree]</a></li>
                    
                    
                    
                    <li><a href="#ec4e3b45-99fa-4a66-9ad7-cb8036b44c34">[F] test_minimal_requirements.TestRNF3 : test_modelos_tienen_vista[form]</a></li>
                    
                    
                    
                    <li><a href="#14716d52-a736-4c79-9ba6-d77961e39762">[F] test_minimal_requirements.TestRNF3 : test_formularios_tienen_vista_anidada_para_campos_X2many[one2many]</a></li>
                    
                    
                    
                    <li><a href="#f1ceb57c-09fd-455a-b972-46096b7f9546">[F] test_minimal_requirements.TestRNF3 : test_formularios_tienen_vista_anidada_para_campos_X2many[many2many]</a></li>
                    
                    
                
                    
                    
                    <li><a href="#7df762d1-2a35-496b-909c-9ccdbb7b9f86">[F] test_minimal_requirements.TestRNF4 : test_vistas_en_ficheros_individuales</a></li>
                    
                    
                
                    
                    
                    <li><a href="#b83d09dd-1a47-4c7a-aa45-c4e8156c6fdc">[F] test_minimal_requirements.TestRNF5 : test_modelos_tienen_algun_posible_campo_imagen</a></li>
                    
                    
                    
                    <li><a href="#c477ff64-b631-45a6-9875-2d25c4e0873e">[F] test_minimal_requirements.TestRNF5 : test_alguna_vista_tiene_campo_imagen</a></li>
                    
                    
                
                    
                    
                    <li><a href="#e2d2ff59-1e82-4bfa-ba30-1e0ed406d37d">[F] test_minimal_requirements.TestRNF6 : test_modelos_tienen_acciones</a></li>
                    
                    
                    
                    <li><a href="#0dc2fb63-27dc-4746-b18e-f2899a76f55a">[F] test_minimal_requirements.TestRNF6 : test_hay_elementos_de_menu[.//menuitem[@action]]</a></li>
                    
                    
                
                    
                    
                    <li><a href="#f6663fda-eeb5-4cdb-9343-c0038881cd4d">[F] test_minimal_requirements.TestRNF7 : test_modelos_tienen_permisos</a></li>
                    
                    
                
                    
                    
                    <li><a href="#f9ea0c26-9b99-47ee-a360-0b2cf1f8eadf">[F] test_minimal_requirements.TestRNF8 : test_app_tiene_icono</a></li>
                    
                    
                
                    
                    
                    <li><a href="#e201d3f1-944f-4056-9979-a8189c472084">[F] test_minimal_requirements.TestRNF9 : test_modelos_tienen_datos_demo</a></li>
                    
                    
                
                    
                    
                    <li><a href="#dd2522a3-ec61-41a8-9e83-a3aca830fc20">[F] test_minimal_requirements.TestRNFGit : test_git_commit_frecuentes</a></li>
                    
                    
                
                    
                    
                    <li><a href="#142472e1-ac7f-4e55-83e6-c4ddf756fca0">[F] test_minimal_requirements.TestRNFCalidad : test_odoo_disponible</a></li>
                    
                    
                    
                    <li><a href="#8ae24f15-b585-4310-b0c7-39937319fa47">[F] test_minimal_requirements.TestRNFCalidad : test_app_instalada</a></li>
                    
                    
                    
                    <li><a href="#98330c07-d5ab-4dbd-997b-a48f1d36d431">[F] test_minimal_requirements.TestRNFCalidad : test_otras_apps_entregadas_son_dependencias</a></li>
                    
                    
                    
                    <li><a href="#5c9b3872-9b11-49c2-9f94-c0657139c47a">[F] test_minimal_requirements.TestRNFCalidad : test_no_hay_elementos_xml_comentados</a></li>
                    
                    
                    
                    <li><a href="#57cc2118-84d7-422d-8dd5-ea9f64e7d35f">[F] test_minimal_requirements.TestRNFCalidad : test_no_hay_codigo_python_comentado</a></li>
                    
                    
                    
                    <li><a href="#59f84325-e4d8-41f2-b6bc-eca009a62397">[F] test_minimal_requirements.TestRNFCalidad : test_log_servidor_sin_errores</a></li>
                    
                    
                
                    
                    
                    
                
                    
                    
                    
                    
                    
                    
                    
                    
                    
                    
                    
                
                    
                    
                    
                    
                    
                    
                    
                
                    
                    
                    
                    
                    
                    
                    
                    
                    
                
                    
                    
                    
                
                    
                    
                    
                
                    
                    
                    
                    
                    
                    
                    
                
                    
                    
                    
                    
                    
                
                    
                    
                    
                    
                    
                
                    
                    
                    
                
                    
                    
                    
                    
                    
                    
                    
                    
                    
                    
                    
                
                    
                    
                    
                    
                    
                    
                    
                    
                    
                    
                    
                    
                    
                    
                    
                    
                    
                    
                    
                    
                    
                
            
            </ul>
        </td>
    </tr>
</table>


    <div class="testsuite">
        <h2>Test Suite: pytest</h2>
        <a id="37303814-9cd3-4f86-9c52-8a8faca64457"></a>
        
        
        <h3>Results</h3>
        <table class="proplist">
            <tr>
                <th>Duration</th><td>5.92 sec</td>
            </tr>
            <tr>
                <th>Tests</th><td>63</td>
            </tr>
            <tr>
                <th>Failures</th><td>25</td>
            </tr>
        </table>

        <div class="testclasses">
            <h3>Tests</h3>
            
            <div class="testclass">
                <h4>test_minimal_requirements.TestRNF1</h4>
                <div class="testcases">
                
                    <div class="test outcome outcome-failed">
                        <a id="b493b038-410a-4396-9ecb-4f5fd3a3a8cd"></a>
                        <table class="proplist">
                            <tr><th>Test case:</th><td><b>test_app_tiene_al_menos_4_modelos</b></td></tr>
                            <tr><th>Outcome:</th><td>Failed</td></tr>
                            <tr><th>Duration:</th><td>0.094 sec</td></tr>
                        
                            <tr><th>Failed</th><td>failed on setup with &#34;Exception: Command docker compose -f &#34;/home/madrid/Escritorio/SGE/SGE-odoo-project-tester/projects/docker-compose.yml&#34; -p &#34;pytest39947&#34; up --build -d returned 1: &#34;&#34;&#34;time=&#34;2025-02-26T16:22:44+01:00&#34; level=warning msg=&#34;/home/madrid/Escritorio/SGE/SGE-odoo-project-tester/projects/docker-compose.yml: `version` is obsolete&#34;
 Network pytest39947_default  Creating
 Network pytest39947_default  Error
failed to create network pytest39947_default: Error response from daemon: could not find an available, non-overlapping IPv4 address pool among the defaults to assign to the network
&#34;&#34;&#34;.&#34;</td></tr>
                        
                        
                        </table>

                        
                        <pre>docker_compose_command = &#39;docker compose&#39;, docker_compose_file = &#39;/home/madrid/Escritorio/SGE/SGE-odoo-project-tester/projects/docker-compose.yml&#39;, docker_compose_project_name = &#39;pytest39947&#39;
docker_setup = [&#39;up --build -d&#39;], docker_cleanup = [&#39;down -v&#39;]

    @pytest.fixture(scope=containers_scope)
    def docker_services(
        docker_compose_command: str,
        docker_compose_file: Union[List[str], str],
        docker_compose_project_name: str,
        docker_setup: str,
        docker_cleanup: str,
    ) -&gt; Iterator[Services]:
        &#34;&#34;&#34;Start all services from a docker compose file (`docker-compose up`).
        After test are finished, shutdown all services (`docker-compose down`).&#34;&#34;&#34;
    
&gt;       with get_docker_services(
            docker_compose_command,
            docker_compose_file,
            docker_compose_project_name,
            docker_setup,
            docker_cleanup,
        ) as docker_service:

.venv/lib/python3.8/site-packages/pytest_docker/plugin.py:238: 
_ _ _ _ _ _ _ _ _ _ _ _ _ _ _ _ _ _ _ _ _ _ _ _ _ _ _ _ _ _ _ _ _ _ _ _ _ _ _ _ _ _ _ _ _ _ _ _ _ _ _ _ _ _ _ _ _ _ _ _ _ _ _ _ _ _ _ _ _ _ _ _ _ _ _ _ _ _ _ _ _ _ _ _ _ _ _ _ _ _ _ _ _ _ _ _ _ _ _ _ _ _ _ _ _ _
/usr/lib/python3.8/contextlib.py:113: in __enter__
    return next(self.gen)
.venv/lib/python3.8/site-packages/pytest_docker/plugin.py:212: in get_docker_services
    docker_compose.execute(command)
.venv/lib/python3.8/site-packages/pytest_docker/plugin.py:140: in execute
    return execute(command)
_ _ _ _ _ _ _ _ _ _ _ _ _ _ _ _ _ _ _ _ _ _ _ _ _ _ _ _ _ _ _ _ _ _ _ _ _ _ _ _ _ _ _ _ _ _ _ _ _ _ _ _ _ _ _ _ _ _ _ _ _ _ _ _ _ _ _ _ _ _ _ _ _ _ _ _ _ _ _ _ _ _ _ _ _ _ _ _ _ _ _ _ _ _ _ _ _ _ _ _ _ _ _ _ _ _

command = &#39;docker compose -f &#34;/home/madrid/Escritorio/SGE/SGE-odoo-project-tester/projects/docker-compose.yml&#34; -p &#34;pytest39947&#34; up --build -d&#39;, success_codes = (0,)

    def execute(command: str, success_codes: Iterable[int] = (0,)) -&gt; Union[bytes, Any]:
        &#34;&#34;&#34;Run a shell command.&#34;&#34;&#34;
        try:
            output = subprocess.check_output(command, stderr=subprocess.STDOUT, shell=True)
            status = 0
        except subprocess.CalledProcessError as error:
            output = error.output or b&#34;&#34;
            status = error.returncode
            command = error.cmd
    
        if status not in success_codes:
&gt;           raise Exception(
                &#39;Command {} returned {}: &#34;&#34;&#34;{}&#34;&#34;&#34;.&#39;.format(command, status, output.decode(&#34;utf-8&#34;))
            )
E           Exception: Command docker compose -f &#34;/home/madrid/Escritorio/SGE/SGE-odoo-project-tester/projects/docker-compose.yml&#34; -p &#34;pytest39947&#34; up --build -d returned 1: &#34;&#34;&#34;time=&#34;2025-02-26T16:22:44+01:00&#34; level=warning msg=&#34;/home/madrid/Escritorio/SGE/SGE-odoo-project-tester/projects/docker-compose.yml: `version` is obsolete&#34;
E            Network pytest39947_default  Creating
E            Network pytest39947_default  Error
E           failed to create network pytest39947_default: Error response from daemon: could not find an available, non-overlapping IPv4 address pool among the defaults to assign to the network
E           &#34;&#34;&#34;.

.venv/lib/python3.8/site-packages/pytest_docker/plugin.py:35: Exception</pre>
                        
                        

                        
                        
                        
                    </div>
                
                    <div class="test outcome outcome-failed">
                        <a id="fa7aa4c1-6b0f-414a-a75f-b5c3f3516429"></a>
                        <table class="proplist">
                            <tr><th>Test case:</th><td><b>test_modelos_en_ficheros_individuales</b></td></tr>
                            <tr><th>Outcome:</th><td>Failed</td></tr>
                            <tr><th>Duration:</th><td>0.001 sec</td></tr>
                        
                            <tr><th>Failed</th><td>failed on setup with &#34;Exception: Command docker compose -f &#34;/home/madrid/Escritorio/SGE/SGE-odoo-project-tester/projects/docker-compose.yml&#34; -p &#34;pytest39947&#34; up --build -d returned 1: &#34;&#34;&#34;time=&#34;2025-02-26T16:22:44+01:00&#34; level=warning msg=&#34;/home/madrid/Escritorio/SGE/SGE-odoo-project-tester/projects/docker-compose.yml: `version` is obsolete&#34;
 Network pytest39947_default  Creating
 Network pytest39947_default  Error
failed to create network pytest39947_default: Error response from daemon: could not find an available, non-overlapping IPv4 address pool among the defaults to assign to the network
&#34;&#34;&#34;.&#34;</td></tr>
                        
                        
                        </table>

                        
                        <pre>docker_compose_command = &#39;docker compose&#39;, docker_compose_file = &#39;/home/madrid/Escritorio/SGE/SGE-odoo-project-tester/projects/docker-compose.yml&#39;, docker_compose_project_name = &#39;pytest39947&#39;
docker_setup = [&#39;up --build -d&#39;], docker_cleanup = [&#39;down -v&#39;]

    @pytest.fixture(scope=containers_scope)
    def docker_services(
        docker_compose_command: str,
        docker_compose_file: Union[List[str], str],
        docker_compose_project_name: str,
        docker_setup: str,
        docker_cleanup: str,
    ) -&gt; Iterator[Services]:
        &#34;&#34;&#34;Start all services from a docker compose file (`docker-compose up`).
        After test are finished, shutdown all services (`docker-compose down`).&#34;&#34;&#34;
    
&gt;       with get_docker_services(
            docker_compose_command,
            docker_compose_file,
            docker_compose_project_name,
            docker_setup,
            docker_cleanup,
        ) as docker_service:

.venv/lib/python3.8/site-packages/pytest_docker/plugin.py:238: 
_ _ _ _ _ _ _ _ _ _ _ _ _ _ _ _ _ _ _ _ _ _ _ _ _ _ _ _ _ _ _ _ _ _ _ _ _ _ _ _ _ _ _ _ _ _ _ _ _ _ _ _ _ _ _ _ _ _ _ _ _ _ _ _ _ _ _ _ _ _ _ _ _ _ _ _ _ _ _ _ _ _ _ _ _ _ _ _ _ _ _ _ _ _ _ _ _ _ _ _ _ _ _ _ _ _
/usr/lib/python3.8/contextlib.py:113: in __enter__
    return next(self.gen)
.venv/lib/python3.8/site-packages/pytest_docker/plugin.py:212: in get_docker_services
    docker_compose.execute(command)
.venv/lib/python3.8/site-packages/pytest_docker/plugin.py:140: in execute
    return execute(command)
_ _ _ _ _ _ _ _ _ _ _ _ _ _ _ _ _ _ _ _ _ _ _ _ _ _ _ _ _ _ _ _ _ _ _ _ _ _ _ _ _ _ _ _ _ _ _ _ _ _ _ _ _ _ _ _ _ _ _ _ _ _ _ _ _ _ _ _ _ _ _ _ _ _ _ _ _ _ _ _ _ _ _ _ _ _ _ _ _ _ _ _ _ _ _ _ _ _ _ _ _ _ _ _ _ _

command = &#39;docker compose -f &#34;/home/madrid/Escritorio/SGE/SGE-odoo-project-tester/projects/docker-compose.yml&#34; -p &#34;pytest39947&#34; up --build -d&#39;, success_codes = (0,)

    def execute(command: str, success_codes: Iterable[int] = (0,)) -&gt; Union[bytes, Any]:
        &#34;&#34;&#34;Run a shell command.&#34;&#34;&#34;
        try:
            output = subprocess.check_output(command, stderr=subprocess.STDOUT, shell=True)
            status = 0
        except subprocess.CalledProcessError as error:
            output = error.output or b&#34;&#34;
            status = error.returncode
            command = error.cmd
    
        if status not in success_codes:
&gt;           raise Exception(
                &#39;Command {} returned {}: &#34;&#34;&#34;{}&#34;&#34;&#34;.&#39;.format(command, status, output.decode(&#34;utf-8&#34;))
            )
E           Exception: Command docker compose -f &#34;/home/madrid/Escritorio/SGE/SGE-odoo-project-tester/projects/docker-compose.yml&#34; -p &#34;pytest39947&#34; up --build -d returned 1: &#34;&#34;&#34;time=&#34;2025-02-26T16:22:44+01:00&#34; level=warning msg=&#34;/home/madrid/Escritorio/SGE/SGE-odoo-project-tester/projects/docker-compose.yml: `version` is obsolete&#34;
E            Network pytest39947_default  Creating
E            Network pytest39947_default  Error
E           failed to create network pytest39947_default: Error response from daemon: could not find an available, non-overlapping IPv4 address pool among the defaults to assign to the network
E           &#34;&#34;&#34;.

.venv/lib/python3.8/site-packages/pytest_docker/plugin.py:35: Exception</pre>
                        
                        

                        
                        
                        
                    </div>
                
                </div>
            </div>
            
            <div class="testclass">
                <h4>test_minimal_requirements.TestRNF2</h4>
                <div class="testcases">
                
                    <div class="test outcome outcome-failed">
                        <a id="68be08f4-dcec-49bf-a4a9-67b39c1ad94d"></a>
                        <table class="proplist">
                            <tr><th>Test case:</th><td><b>test_relacion_many2many</b></td></tr>
                            <tr><th>Outcome:</th><td>Failed</td></tr>
                            <tr><th>Duration:</th><td>0.001 sec</td></tr>
                        
                            <tr><th>Failed</th><td>failed on setup with &#34;Exception: Command docker compose -f &#34;/home/madrid/Escritorio/SGE/SGE-odoo-project-tester/projects/docker-compose.yml&#34; -p &#34;pytest39947&#34; up --build -d returned 1: &#34;&#34;&#34;time=&#34;2025-02-26T16:22:44+01:00&#34; level=warning msg=&#34;/home/madrid/Escritorio/SGE/SGE-odoo-project-tester/projects/docker-compose.yml: `version` is obsolete&#34;
 Network pytest39947_default  Creating
 Network pytest39947_default  Error
failed to create network pytest39947_default: Error response from daemon: could not find an available, non-overlapping IPv4 address pool among the defaults to assign to the network
&#34;&#34;&#34;.&#34;</td></tr>
                        
                        
                        </table>

                        
                        <pre>docker_compose_command = &#39;docker compose&#39;, docker_compose_file = &#39;/home/madrid/Escritorio/SGE/SGE-odoo-project-tester/projects/docker-compose.yml&#39;, docker_compose_project_name = &#39;pytest39947&#39;
docker_setup = [&#39;up --build -d&#39;], docker_cleanup = [&#39;down -v&#39;]

    @pytest.fixture(scope=containers_scope)
    def docker_services(
        docker_compose_command: str,
        docker_compose_file: Union[List[str], str],
        docker_compose_project_name: str,
        docker_setup: str,
        docker_cleanup: str,
    ) -&gt; Iterator[Services]:
        &#34;&#34;&#34;Start all services from a docker compose file (`docker-compose up`).
        After test are finished, shutdown all services (`docker-compose down`).&#34;&#34;&#34;
    
&gt;       with get_docker_services(
            docker_compose_command,
            docker_compose_file,
            docker_compose_project_name,
            docker_setup,
            docker_cleanup,
        ) as docker_service:

.venv/lib/python3.8/site-packages/pytest_docker/plugin.py:238: 
_ _ _ _ _ _ _ _ _ _ _ _ _ _ _ _ _ _ _ _ _ _ _ _ _ _ _ _ _ _ _ _ _ _ _ _ _ _ _ _ _ _ _ _ _ _ _ _ _ _ _ _ _ _ _ _ _ _ _ _ _ _ _ _ _ _ _ _ _ _ _ _ _ _ _ _ _ _ _ _ _ _ _ _ _ _ _ _ _ _ _ _ _ _ _ _ _ _ _ _ _ _ _ _ _ _
/usr/lib/python3.8/contextlib.py:113: in __enter__
    return next(self.gen)
.venv/lib/python3.8/site-packages/pytest_docker/plugin.py:212: in get_docker_services
    docker_compose.execute(command)
.venv/lib/python3.8/site-packages/pytest_docker/plugin.py:140: in execute
    return execute(command)
_ _ _ _ _ _ _ _ _ _ _ _ _ _ _ _ _ _ _ _ _ _ _ _ _ _ _ _ _ _ _ _ _ _ _ _ _ _ _ _ _ _ _ _ _ _ _ _ _ _ _ _ _ _ _ _ _ _ _ _ _ _ _ _ _ _ _ _ _ _ _ _ _ _ _ _ _ _ _ _ _ _ _ _ _ _ _ _ _ _ _ _ _ _ _ _ _ _ _ _ _ _ _ _ _ _

command = &#39;docker compose -f &#34;/home/madrid/Escritorio/SGE/SGE-odoo-project-tester/projects/docker-compose.yml&#34; -p &#34;pytest39947&#34; up --build -d&#39;, success_codes = (0,)

    def execute(command: str, success_codes: Iterable[int] = (0,)) -&gt; Union[bytes, Any]:
        &#34;&#34;&#34;Run a shell command.&#34;&#34;&#34;
        try:
            output = subprocess.check_output(command, stderr=subprocess.STDOUT, shell=True)
            status = 0
        except subprocess.CalledProcessError as error:
            output = error.output or b&#34;&#34;
            status = error.returncode
            command = error.cmd
    
        if status not in success_codes:
&gt;           raise Exception(
                &#39;Command {} returned {}: &#34;&#34;&#34;{}&#34;&#34;&#34;.&#39;.format(command, status, output.decode(&#34;utf-8&#34;))
            )
E           Exception: Command docker compose -f &#34;/home/madrid/Escritorio/SGE/SGE-odoo-project-tester/projects/docker-compose.yml&#34; -p &#34;pytest39947&#34; up --build -d returned 1: &#34;&#34;&#34;time=&#34;2025-02-26T16:22:44+01:00&#34; level=warning msg=&#34;/home/madrid/Escritorio/SGE/SGE-odoo-project-tester/projects/docker-compose.yml: `version` is obsolete&#34;
E            Network pytest39947_default  Creating
E            Network pytest39947_default  Error
E           failed to create network pytest39947_default: Error response from daemon: could not find an available, non-overlapping IPv4 address pool among the defaults to assign to the network
E           &#34;&#34;&#34;.

.venv/lib/python3.8/site-packages/pytest_docker/plugin.py:35: Exception</pre>
                        
                        

                        
                        
                        
                    </div>
                
                    <div class="test outcome outcome-failed">
                        <a id="5f76227c-f7c5-45f9-8ad8-eedc86b331fb"></a>
                        <table class="proplist">
                            <tr><th>Test case:</th><td><b>test_modelos_tienen_algun_campo_relacion[one2many]</b></td></tr>
                            <tr><th>Outcome:</th><td>Failed</td></tr>
                            <tr><th>Duration:</th><td>0.001 sec</td></tr>
                        
                            <tr><th>Failed</th><td>failed on setup with &#34;Exception: Command docker compose -f &#34;/home/madrid/Escritorio/SGE/SGE-odoo-project-tester/projects/docker-compose.yml&#34; -p &#34;pytest39947&#34; up --build -d returned 1: &#34;&#34;&#34;time=&#34;2025-02-26T16:22:44+01:00&#34; level=warning msg=&#34;/home/madrid/Escritorio/SGE/SGE-odoo-project-tester/projects/docker-compose.yml: `version` is obsolete&#34;
 Network pytest39947_default  Creating
 Network pytest39947_default  Error
failed to create network pytest39947_default: Error response from daemon: could not find an available, non-overlapping IPv4 address pool among the defaults to assign to the network
&#34;&#34;&#34;.&#34;</td></tr>
                        
                        
                        </table>

                        
                        <pre>docker_compose_command = &#39;docker compose&#39;, docker_compose_file = &#39;/home/madrid/Escritorio/SGE/SGE-odoo-project-tester/projects/docker-compose.yml&#39;, docker_compose_project_name = &#39;pytest39947&#39;
docker_setup = [&#39;up --build -d&#39;], docker_cleanup = [&#39;down -v&#39;]

    @pytest.fixture(scope=containers_scope)
    def docker_services(
        docker_compose_command: str,
        docker_compose_file: Union[List[str], str],
        docker_compose_project_name: str,
        docker_setup: str,
        docker_cleanup: str,
    ) -&gt; Iterator[Services]:
        &#34;&#34;&#34;Start all services from a docker compose file (`docker-compose up`).
        After test are finished, shutdown all services (`docker-compose down`).&#34;&#34;&#34;
    
&gt;       with get_docker_services(
            docker_compose_command,
            docker_compose_file,
            docker_compose_project_name,
            docker_setup,
            docker_cleanup,
        ) as docker_service:

.venv/lib/python3.8/site-packages/pytest_docker/plugin.py:238: 
_ _ _ _ _ _ _ _ _ _ _ _ _ _ _ _ _ _ _ _ _ _ _ _ _ _ _ _ _ _ _ _ _ _ _ _ _ _ _ _ _ _ _ _ _ _ _ _ _ _ _ _ _ _ _ _ _ _ _ _ _ _ _ _ _ _ _ _ _ _ _ _ _ _ _ _ _ _ _ _ _ _ _ _ _ _ _ _ _ _ _ _ _ _ _ _ _ _ _ _ _ _ _ _ _ _
/usr/lib/python3.8/contextlib.py:113: in __enter__
    return next(self.gen)
.venv/lib/python3.8/site-packages/pytest_docker/plugin.py:212: in get_docker_services
    docker_compose.execute(command)
.venv/lib/python3.8/site-packages/pytest_docker/plugin.py:140: in execute
    return execute(command)
_ _ _ _ _ _ _ _ _ _ _ _ _ _ _ _ _ _ _ _ _ _ _ _ _ _ _ _ _ _ _ _ _ _ _ _ _ _ _ _ _ _ _ _ _ _ _ _ _ _ _ _ _ _ _ _ _ _ _ _ _ _ _ _ _ _ _ _ _ _ _ _ _ _ _ _ _ _ _ _ _ _ _ _ _ _ _ _ _ _ _ _ _ _ _ _ _ _ _ _ _ _ _ _ _ _

command = &#39;docker compose -f &#34;/home/madrid/Escritorio/SGE/SGE-odoo-project-tester/projects/docker-compose.yml&#34; -p &#34;pytest39947&#34; up --build -d&#39;, success_codes = (0,)

    def execute(command: str, success_codes: Iterable[int] = (0,)) -&gt; Union[bytes, Any]:
        &#34;&#34;&#34;Run a shell command.&#34;&#34;&#34;
        try:
            output = subprocess.check_output(command, stderr=subprocess.STDOUT, shell=True)
            status = 0
        except subprocess.CalledProcessError as error:
            output = error.output or b&#34;&#34;
            status = error.returncode
            command = error.cmd
    
        if status not in success_codes:
&gt;           raise Exception(
                &#39;Command {} returned {}: &#34;&#34;&#34;{}&#34;&#34;&#34;.&#39;.format(command, status, output.decode(&#34;utf-8&#34;))
            )
E           Exception: Command docker compose -f &#34;/home/madrid/Escritorio/SGE/SGE-odoo-project-tester/projects/docker-compose.yml&#34; -p &#34;pytest39947&#34; up --build -d returned 1: &#34;&#34;&#34;time=&#34;2025-02-26T16:22:44+01:00&#34; level=warning msg=&#34;/home/madrid/Escritorio/SGE/SGE-odoo-project-tester/projects/docker-compose.yml: `version` is obsolete&#34;
E            Network pytest39947_default  Creating
E            Network pytest39947_default  Error
E           failed to create network pytest39947_default: Error response from daemon: could not find an available, non-overlapping IPv4 address pool among the defaults to assign to the network
E           &#34;&#34;&#34;.

.venv/lib/python3.8/site-packages/pytest_docker/plugin.py:35: Exception</pre>
                        
                        

                        
                        
                        
                    </div>
                
                    <div class="test outcome outcome-failed">
                        <a id="acc08025-3b5b-420c-86ba-fce16b008135"></a>
                        <table class="proplist">
                            <tr><th>Test case:</th><td><b>test_modelos_tienen_algun_campo_relacion[many2one]</b></td></tr>
                            <tr><th>Outcome:</th><td>Failed</td></tr>
                            <tr><th>Duration:</th><td>0.001 sec</td></tr>
                        
                            <tr><th>Failed</th><td>failed on setup with &#34;Exception: Command docker compose -f &#34;/home/madrid/Escritorio/SGE/SGE-odoo-project-tester/projects/docker-compose.yml&#34; -p &#34;pytest39947&#34; up --build -d returned 1: &#34;&#34;&#34;time=&#34;2025-02-26T16:22:44+01:00&#34; level=warning msg=&#34;/home/madrid/Escritorio/SGE/SGE-odoo-project-tester/projects/docker-compose.yml: `version` is obsolete&#34;
 Network pytest39947_default  Creating
 Network pytest39947_default  Error
failed to create network pytest39947_default: Error response from daemon: could not find an available, non-overlapping IPv4 address pool among the defaults to assign to the network
&#34;&#34;&#34;.&#34;</td></tr>
                        
                        
                        </table>

                        
                        <pre>docker_compose_command = &#39;docker compose&#39;, docker_compose_file = &#39;/home/madrid/Escritorio/SGE/SGE-odoo-project-tester/projects/docker-compose.yml&#39;, docker_compose_project_name = &#39;pytest39947&#39;
docker_setup = [&#39;up --build -d&#39;], docker_cleanup = [&#39;down -v&#39;]

    @pytest.fixture(scope=containers_scope)
    def docker_services(
        docker_compose_command: str,
        docker_compose_file: Union[List[str], str],
        docker_compose_project_name: str,
        docker_setup: str,
        docker_cleanup: str,
    ) -&gt; Iterator[Services]:
        &#34;&#34;&#34;Start all services from a docker compose file (`docker-compose up`).
        After test are finished, shutdown all services (`docker-compose down`).&#34;&#34;&#34;
    
&gt;       with get_docker_services(
            docker_compose_command,
            docker_compose_file,
            docker_compose_project_name,
            docker_setup,
            docker_cleanup,
        ) as docker_service:

.venv/lib/python3.8/site-packages/pytest_docker/plugin.py:238: 
_ _ _ _ _ _ _ _ _ _ _ _ _ _ _ _ _ _ _ _ _ _ _ _ _ _ _ _ _ _ _ _ _ _ _ _ _ _ _ _ _ _ _ _ _ _ _ _ _ _ _ _ _ _ _ _ _ _ _ _ _ _ _ _ _ _ _ _ _ _ _ _ _ _ _ _ _ _ _ _ _ _ _ _ _ _ _ _ _ _ _ _ _ _ _ _ _ _ _ _ _ _ _ _ _ _
/usr/lib/python3.8/contextlib.py:113: in __enter__
    return next(self.gen)
.venv/lib/python3.8/site-packages/pytest_docker/plugin.py:212: in get_docker_services
    docker_compose.execute(command)
.venv/lib/python3.8/site-packages/pytest_docker/plugin.py:140: in execute
    return execute(command)
_ _ _ _ _ _ _ _ _ _ _ _ _ _ _ _ _ _ _ _ _ _ _ _ _ _ _ _ _ _ _ _ _ _ _ _ _ _ _ _ _ _ _ _ _ _ _ _ _ _ _ _ _ _ _ _ _ _ _ _ _ _ _ _ _ _ _ _ _ _ _ _ _ _ _ _ _ _ _ _ _ _ _ _ _ _ _ _ _ _ _ _ _ _ _ _ _ _ _ _ _ _ _ _ _ _

command = &#39;docker compose -f &#34;/home/madrid/Escritorio/SGE/SGE-odoo-project-tester/projects/docker-compose.yml&#34; -p &#34;pytest39947&#34; up --build -d&#39;, success_codes = (0,)

    def execute(command: str, success_codes: Iterable[int] = (0,)) -&gt; Union[bytes, Any]:
        &#34;&#34;&#34;Run a shell command.&#34;&#34;&#34;
        try:
            output = subprocess.check_output(command, stderr=subprocess.STDOUT, shell=True)
            status = 0
        except subprocess.CalledProcessError as error:
            output = error.output or b&#34;&#34;
            status = error.returncode
            command = error.cmd
    
        if status not in success_codes:
&gt;           raise Exception(
                &#39;Command {} returned {}: &#34;&#34;&#34;{}&#34;&#34;&#34;.&#39;.format(command, status, output.decode(&#34;utf-8&#34;))
            )
E           Exception: Command docker compose -f &#34;/home/madrid/Escritorio/SGE/SGE-odoo-project-tester/projects/docker-compose.yml&#34; -p &#34;pytest39947&#34; up --build -d returned 1: &#34;&#34;&#34;time=&#34;2025-02-26T16:22:44+01:00&#34; level=warning msg=&#34;/home/madrid/Escritorio/SGE/SGE-odoo-project-tester/projects/docker-compose.yml: `version` is obsolete&#34;
E            Network pytest39947_default  Creating
E            Network pytest39947_default  Error
E           failed to create network pytest39947_default: Error response from daemon: could not find an available, non-overlapping IPv4 address pool among the defaults to assign to the network
E           &#34;&#34;&#34;.

.venv/lib/python3.8/site-packages/pytest_docker/plugin.py:35: Exception</pre>
                        
                        

                        
                        
                        
                    </div>
                
                    <div class="test outcome outcome-failed">
                        <a id="bc3b2d61-6300-452e-9270-ed1bf8f7fcd4"></a>
                        <table class="proplist">
                            <tr><th>Test case:</th><td><b>test_unknown_comodel_name</b></td></tr>
                            <tr><th>Outcome:</th><td>Failed</td></tr>
                            <tr><th>Duration:</th><td>0.001 sec</td></tr>
                        
                            <tr><th>Failed</th><td>failed on setup with &#34;Exception: Command docker compose -f &#34;/home/madrid/Escritorio/SGE/SGE-odoo-project-tester/projects/docker-compose.yml&#34; -p &#34;pytest39947&#34; up --build -d returned 1: &#34;&#34;&#34;time=&#34;2025-02-26T16:22:44+01:00&#34; level=warning msg=&#34;/home/madrid/Escritorio/SGE/SGE-odoo-project-tester/projects/docker-compose.yml: `version` is obsolete&#34;
 Network pytest39947_default  Creating
 Network pytest39947_default  Error
failed to create network pytest39947_default: Error response from daemon: could not find an available, non-overlapping IPv4 address pool among the defaults to assign to the network
&#34;&#34;&#34;.&#34;</td></tr>
                        
                        
                        </table>

                        
                        <pre>docker_compose_command = &#39;docker compose&#39;, docker_compose_file = &#39;/home/madrid/Escritorio/SGE/SGE-odoo-project-tester/projects/docker-compose.yml&#39;, docker_compose_project_name = &#39;pytest39947&#39;
docker_setup = [&#39;up --build -d&#39;], docker_cleanup = [&#39;down -v&#39;]

    @pytest.fixture(scope=containers_scope)
    def docker_services(
        docker_compose_command: str,
        docker_compose_file: Union[List[str], str],
        docker_compose_project_name: str,
        docker_setup: str,
        docker_cleanup: str,
    ) -&gt; Iterator[Services]:
        &#34;&#34;&#34;Start all services from a docker compose file (`docker-compose up`).
        After test are finished, shutdown all services (`docker-compose down`).&#34;&#34;&#34;
    
&gt;       with get_docker_services(
            docker_compose_command,
            docker_compose_file,
            docker_compose_project_name,
            docker_setup,
            docker_cleanup,
        ) as docker_service:

.venv/lib/python3.8/site-packages/pytest_docker/plugin.py:238: 
_ _ _ _ _ _ _ _ _ _ _ _ _ _ _ _ _ _ _ _ _ _ _ _ _ _ _ _ _ _ _ _ _ _ _ _ _ _ _ _ _ _ _ _ _ _ _ _ _ _ _ _ _ _ _ _ _ _ _ _ _ _ _ _ _ _ _ _ _ _ _ _ _ _ _ _ _ _ _ _ _ _ _ _ _ _ _ _ _ _ _ _ _ _ _ _ _ _ _ _ _ _ _ _ _ _
/usr/lib/python3.8/contextlib.py:113: in __enter__
    return next(self.gen)
.venv/lib/python3.8/site-packages/pytest_docker/plugin.py:212: in get_docker_services
    docker_compose.execute(command)
.venv/lib/python3.8/site-packages/pytest_docker/plugin.py:140: in execute
    return execute(command)
_ _ _ _ _ _ _ _ _ _ _ _ _ _ _ _ _ _ _ _ _ _ _ _ _ _ _ _ _ _ _ _ _ _ _ _ _ _ _ _ _ _ _ _ _ _ _ _ _ _ _ _ _ _ _ _ _ _ _ _ _ _ _ _ _ _ _ _ _ _ _ _ _ _ _ _ _ _ _ _ _ _ _ _ _ _ _ _ _ _ _ _ _ _ _ _ _ _ _ _ _ _ _ _ _ _

command = &#39;docker compose -f &#34;/home/madrid/Escritorio/SGE/SGE-odoo-project-tester/projects/docker-compose.yml&#34; -p &#34;pytest39947&#34; up --build -d&#39;, success_codes = (0,)

    def execute(command: str, success_codes: Iterable[int] = (0,)) -&gt; Union[bytes, Any]:
        &#34;&#34;&#34;Run a shell command.&#34;&#34;&#34;
        try:
            output = subprocess.check_output(command, stderr=subprocess.STDOUT, shell=True)
            status = 0
        except subprocess.CalledProcessError as error:
            output = error.output or b&#34;&#34;
            status = error.returncode
            command = error.cmd
    
        if status not in success_codes:
&gt;           raise Exception(
                &#39;Command {} returned {}: &#34;&#34;&#34;{}&#34;&#34;&#34;.&#39;.format(command, status, output.decode(&#34;utf-8&#34;))
            )
E           Exception: Command docker compose -f &#34;/home/madrid/Escritorio/SGE/SGE-odoo-project-tester/projects/docker-compose.yml&#34; -p &#34;pytest39947&#34; up --build -d returned 1: &#34;&#34;&#34;time=&#34;2025-02-26T16:22:44+01:00&#34; level=warning msg=&#34;/home/madrid/Escritorio/SGE/SGE-odoo-project-tester/projects/docker-compose.yml: `version` is obsolete&#34;
E            Network pytest39947_default  Creating
E            Network pytest39947_default  Error
E           failed to create network pytest39947_default: Error response from daemon: could not find an available, non-overlapping IPv4 address pool among the defaults to assign to the network
E           &#34;&#34;&#34;.

.venv/lib/python3.8/site-packages/pytest_docker/plugin.py:35: Exception</pre>
                        
                        

                        
                        
                        
                    </div>
                
                </div>
            </div>
            
            <div class="testclass">
                <h4>test_minimal_requirements.TestRNF3</h4>
                <div class="testcases">
                
                    <div class="test outcome outcome-failed">
                        <a id="b7fb8ef8-81fa-4615-bd36-70598cb2672f"></a>
                        <table class="proplist">
                            <tr><th>Test case:</th><td><b>test_modelos_tienen_vista[tree]</b></td></tr>
                            <tr><th>Outcome:</th><td>Failed</td></tr>
                            <tr><th>Duration:</th><td>0.001 sec</td></tr>
                        
                            <tr><th>Failed</th><td>failed on setup with &#34;Exception: Command docker compose -f &#34;/home/madrid/Escritorio/SGE/SGE-odoo-project-tester/projects/docker-compose.yml&#34; -p &#34;pytest39947&#34; up --build -d returned 1: &#34;&#34;&#34;time=&#34;2025-02-26T16:22:44+01:00&#34; level=warning msg=&#34;/home/madrid/Escritorio/SGE/SGE-odoo-project-tester/projects/docker-compose.yml: `version` is obsolete&#34;
 Network pytest39947_default  Creating
 Network pytest39947_default  Error
failed to create network pytest39947_default: Error response from daemon: could not find an available, non-overlapping IPv4 address pool among the defaults to assign to the network
&#34;&#34;&#34;.&#34;</td></tr>
                        
                        
                        </table>

                        
                        <pre>docker_compose_command = &#39;docker compose&#39;, docker_compose_file = &#39;/home/madrid/Escritorio/SGE/SGE-odoo-project-tester/projects/docker-compose.yml&#39;, docker_compose_project_name = &#39;pytest39947&#39;
docker_setup = [&#39;up --build -d&#39;], docker_cleanup = [&#39;down -v&#39;]

    @pytest.fixture(scope=containers_scope)
    def docker_services(
        docker_compose_command: str,
        docker_compose_file: Union[List[str], str],
        docker_compose_project_name: str,
        docker_setup: str,
        docker_cleanup: str,
    ) -&gt; Iterator[Services]:
        &#34;&#34;&#34;Start all services from a docker compose file (`docker-compose up`).
        After test are finished, shutdown all services (`docker-compose down`).&#34;&#34;&#34;
    
&gt;       with get_docker_services(
            docker_compose_command,
            docker_compose_file,
            docker_compose_project_name,
            docker_setup,
            docker_cleanup,
        ) as docker_service:

.venv/lib/python3.8/site-packages/pytest_docker/plugin.py:238: 
_ _ _ _ _ _ _ _ _ _ _ _ _ _ _ _ _ _ _ _ _ _ _ _ _ _ _ _ _ _ _ _ _ _ _ _ _ _ _ _ _ _ _ _ _ _ _ _ _ _ _ _ _ _ _ _ _ _ _ _ _ _ _ _ _ _ _ _ _ _ _ _ _ _ _ _ _ _ _ _ _ _ _ _ _ _ _ _ _ _ _ _ _ _ _ _ _ _ _ _ _ _ _ _ _ _
/usr/lib/python3.8/contextlib.py:113: in __enter__
    return next(self.gen)
.venv/lib/python3.8/site-packages/pytest_docker/plugin.py:212: in get_docker_services
    docker_compose.execute(command)
.venv/lib/python3.8/site-packages/pytest_docker/plugin.py:140: in execute
    return execute(command)
_ _ _ _ _ _ _ _ _ _ _ _ _ _ _ _ _ _ _ _ _ _ _ _ _ _ _ _ _ _ _ _ _ _ _ _ _ _ _ _ _ _ _ _ _ _ _ _ _ _ _ _ _ _ _ _ _ _ _ _ _ _ _ _ _ _ _ _ _ _ _ _ _ _ _ _ _ _ _ _ _ _ _ _ _ _ _ _ _ _ _ _ _ _ _ _ _ _ _ _ _ _ _ _ _ _

command = &#39;docker compose -f &#34;/home/madrid/Escritorio/SGE/SGE-odoo-project-tester/projects/docker-compose.yml&#34; -p &#34;pytest39947&#34; up --build -d&#39;, success_codes = (0,)

    def execute(command: str, success_codes: Iterable[int] = (0,)) -&gt; Union[bytes, Any]:
        &#34;&#34;&#34;Run a shell command.&#34;&#34;&#34;
        try:
            output = subprocess.check_output(command, stderr=subprocess.STDOUT, shell=True)
            status = 0
        except subprocess.CalledProcessError as error:
            output = error.output or b&#34;&#34;
            status = error.returncode
            command = error.cmd
    
        if status not in success_codes:
&gt;           raise Exception(
                &#39;Command {} returned {}: &#34;&#34;&#34;{}&#34;&#34;&#34;.&#39;.format(command, status, output.decode(&#34;utf-8&#34;))
            )
E           Exception: Command docker compose -f &#34;/home/madrid/Escritorio/SGE/SGE-odoo-project-tester/projects/docker-compose.yml&#34; -p &#34;pytest39947&#34; up --build -d returned 1: &#34;&#34;&#34;time=&#34;2025-02-26T16:22:44+01:00&#34; level=warning msg=&#34;/home/madrid/Escritorio/SGE/SGE-odoo-project-tester/projects/docker-compose.yml: `version` is obsolete&#34;
E            Network pytest39947_default  Creating
E            Network pytest39947_default  Error
E           failed to create network pytest39947_default: Error response from daemon: could not find an available, non-overlapping IPv4 address pool among the defaults to assign to the network
E           &#34;&#34;&#34;.

.venv/lib/python3.8/site-packages/pytest_docker/plugin.py:35: Exception</pre>
                        
                        

                        
                        
                        
                    </div>
                
                    <div class="test outcome outcome-failed">
                        <a id="ec4e3b45-99fa-4a66-9ad7-cb8036b44c34"></a>
                        <table class="proplist">
                            <tr><th>Test case:</th><td><b>test_modelos_tienen_vista[form]</b></td></tr>
                            <tr><th>Outcome:</th><td>Failed</td></tr>
                            <tr><th>Duration:</th><td>0.001 sec</td></tr>
                        
                            <tr><th>Failed</th><td>failed on setup with &#34;Exception: Command docker compose -f &#34;/home/madrid/Escritorio/SGE/SGE-odoo-project-tester/projects/docker-compose.yml&#34; -p &#34;pytest39947&#34; up --build -d returned 1: &#34;&#34;&#34;time=&#34;2025-02-26T16:22:44+01:00&#34; level=warning msg=&#34;/home/madrid/Escritorio/SGE/SGE-odoo-project-tester/projects/docker-compose.yml: `version` is obsolete&#34;
 Network pytest39947_default  Creating
 Network pytest39947_default  Error
failed to create network pytest39947_default: Error response from daemon: could not find an available, non-overlapping IPv4 address pool among the defaults to assign to the network
&#34;&#34;&#34;.&#34;</td></tr>
                        
                        
                        </table>

                        
                        <pre>docker_compose_command = &#39;docker compose&#39;, docker_compose_file = &#39;/home/madrid/Escritorio/SGE/SGE-odoo-project-tester/projects/docker-compose.yml&#39;, docker_compose_project_name = &#39;pytest39947&#39;
docker_setup = [&#39;up --build -d&#39;], docker_cleanup = [&#39;down -v&#39;]

    @pytest.fixture(scope=containers_scope)
    def docker_services(
        docker_compose_command: str,
        docker_compose_file: Union[List[str], str],
        docker_compose_project_name: str,
        docker_setup: str,
        docker_cleanup: str,
    ) -&gt; Iterator[Services]:
        &#34;&#34;&#34;Start all services from a docker compose file (`docker-compose up`).
        After test are finished, shutdown all services (`docker-compose down`).&#34;&#34;&#34;
    
&gt;       with get_docker_services(
            docker_compose_command,
            docker_compose_file,
            docker_compose_project_name,
            docker_setup,
            docker_cleanup,
        ) as docker_service:

.venv/lib/python3.8/site-packages/pytest_docker/plugin.py:238: 
_ _ _ _ _ _ _ _ _ _ _ _ _ _ _ _ _ _ _ _ _ _ _ _ _ _ _ _ _ _ _ _ _ _ _ _ _ _ _ _ _ _ _ _ _ _ _ _ _ _ _ _ _ _ _ _ _ _ _ _ _ _ _ _ _ _ _ _ _ _ _ _ _ _ _ _ _ _ _ _ _ _ _ _ _ _ _ _ _ _ _ _ _ _ _ _ _ _ _ _ _ _ _ _ _ _
/usr/lib/python3.8/contextlib.py:113: in __enter__
    return next(self.gen)
.venv/lib/python3.8/site-packages/pytest_docker/plugin.py:212: in get_docker_services
    docker_compose.execute(command)
.venv/lib/python3.8/site-packages/pytest_docker/plugin.py:140: in execute
    return execute(command)
_ _ _ _ _ _ _ _ _ _ _ _ _ _ _ _ _ _ _ _ _ _ _ _ _ _ _ _ _ _ _ _ _ _ _ _ _ _ _ _ _ _ _ _ _ _ _ _ _ _ _ _ _ _ _ _ _ _ _ _ _ _ _ _ _ _ _ _ _ _ _ _ _ _ _ _ _ _ _ _ _ _ _ _ _ _ _ _ _ _ _ _ _ _ _ _ _ _ _ _ _ _ _ _ _ _

command = &#39;docker compose -f &#34;/home/madrid/Escritorio/SGE/SGE-odoo-project-tester/projects/docker-compose.yml&#34; -p &#34;pytest39947&#34; up --build -d&#39;, success_codes = (0,)

    def execute(command: str, success_codes: Iterable[int] = (0,)) -&gt; Union[bytes, Any]:
        &#34;&#34;&#34;Run a shell command.&#34;&#34;&#34;
        try:
            output = subprocess.check_output(command, stderr=subprocess.STDOUT, shell=True)
            status = 0
        except subprocess.CalledProcessError as error:
            output = error.output or b&#34;&#34;
            status = error.returncode
            command = error.cmd
    
        if status not in success_codes:
&gt;           raise Exception(
                &#39;Command {} returned {}: &#34;&#34;&#34;{}&#34;&#34;&#34;.&#39;.format(command, status, output.decode(&#34;utf-8&#34;))
            )
E           Exception: Command docker compose -f &#34;/home/madrid/Escritorio/SGE/SGE-odoo-project-tester/projects/docker-compose.yml&#34; -p &#34;pytest39947&#34; up --build -d returned 1: &#34;&#34;&#34;time=&#34;2025-02-26T16:22:44+01:00&#34; level=warning msg=&#34;/home/madrid/Escritorio/SGE/SGE-odoo-project-tester/projects/docker-compose.yml: `version` is obsolete&#34;
E            Network pytest39947_default  Creating
E            Network pytest39947_default  Error
E           failed to create network pytest39947_default: Error response from daemon: could not find an available, non-overlapping IPv4 address pool among the defaults to assign to the network
E           &#34;&#34;&#34;.

.venv/lib/python3.8/site-packages/pytest_docker/plugin.py:35: Exception</pre>
                        
                        

                        
                        
                        
                    </div>
                
                    <div class="test outcome outcome-failed">
                        <a id="14716d52-a736-4c79-9ba6-d77961e39762"></a>
                        <table class="proplist">
                            <tr><th>Test case:</th><td><b>test_formularios_tienen_vista_anidada_para_campos_X2many[one2many]</b></td></tr>
                            <tr><th>Outcome:</th><td>Failed</td></tr>
                            <tr><th>Duration:</th><td>0.001 sec</td></tr>
                        
                            <tr><th>Failed</th><td>failed on setup with &#34;Exception: Command docker compose -f &#34;/home/madrid/Escritorio/SGE/SGE-odoo-project-tester/projects/docker-compose.yml&#34; -p &#34;pytest39947&#34; up --build -d returned 1: &#34;&#34;&#34;time=&#34;2025-02-26T16:22:44+01:00&#34; level=warning msg=&#34;/home/madrid/Escritorio/SGE/SGE-odoo-project-tester/projects/docker-compose.yml: `version` is obsolete&#34;
 Network pytest39947_default  Creating
 Network pytest39947_default  Error
failed to create network pytest39947_default: Error response from daemon: could not find an available, non-overlapping IPv4 address pool among the defaults to assign to the network
&#34;&#34;&#34;.&#34;</td></tr>
                        
                        
                        </table>

                        
                        <pre>docker_compose_command = &#39;docker compose&#39;, docker_compose_file = &#39;/home/madrid/Escritorio/SGE/SGE-odoo-project-tester/projects/docker-compose.yml&#39;, docker_compose_project_name = &#39;pytest39947&#39;
docker_setup = [&#39;up --build -d&#39;], docker_cleanup = [&#39;down -v&#39;]

    @pytest.fixture(scope=containers_scope)
    def docker_services(
        docker_compose_command: str,
        docker_compose_file: Union[List[str], str],
        docker_compose_project_name: str,
        docker_setup: str,
        docker_cleanup: str,
    ) -&gt; Iterator[Services]:
        &#34;&#34;&#34;Start all services from a docker compose file (`docker-compose up`).
        After test are finished, shutdown all services (`docker-compose down`).&#34;&#34;&#34;
    
&gt;       with get_docker_services(
            docker_compose_command,
            docker_compose_file,
            docker_compose_project_name,
            docker_setup,
            docker_cleanup,
        ) as docker_service:

.venv/lib/python3.8/site-packages/pytest_docker/plugin.py:238: 
_ _ _ _ _ _ _ _ _ _ _ _ _ _ _ _ _ _ _ _ _ _ _ _ _ _ _ _ _ _ _ _ _ _ _ _ _ _ _ _ _ _ _ _ _ _ _ _ _ _ _ _ _ _ _ _ _ _ _ _ _ _ _ _ _ _ _ _ _ _ _ _ _ _ _ _ _ _ _ _ _ _ _ _ _ _ _ _ _ _ _ _ _ _ _ _ _ _ _ _ _ _ _ _ _ _
/usr/lib/python3.8/contextlib.py:113: in __enter__
    return next(self.gen)
.venv/lib/python3.8/site-packages/pytest_docker/plugin.py:212: in get_docker_services
    docker_compose.execute(command)
.venv/lib/python3.8/site-packages/pytest_docker/plugin.py:140: in execute
    return execute(command)
_ _ _ _ _ _ _ _ _ _ _ _ _ _ _ _ _ _ _ _ _ _ _ _ _ _ _ _ _ _ _ _ _ _ _ _ _ _ _ _ _ _ _ _ _ _ _ _ _ _ _ _ _ _ _ _ _ _ _ _ _ _ _ _ _ _ _ _ _ _ _ _ _ _ _ _ _ _ _ _ _ _ _ _ _ _ _ _ _ _ _ _ _ _ _ _ _ _ _ _ _ _ _ _ _ _

command = &#39;docker compose -f &#34;/home/madrid/Escritorio/SGE/SGE-odoo-project-tester/projects/docker-compose.yml&#34; -p &#34;pytest39947&#34; up --build -d&#39;, success_codes = (0,)

    def execute(command: str, success_codes: Iterable[int] = (0,)) -&gt; Union[bytes, Any]:
        &#34;&#34;&#34;Run a shell command.&#34;&#34;&#34;
        try:
            output = subprocess.check_output(command, stderr=subprocess.STDOUT, shell=True)
            status = 0
        except subprocess.CalledProcessError as error:
            output = error.output or b&#34;&#34;
            status = error.returncode
            command = error.cmd
    
        if status not in success_codes:
&gt;           raise Exception(
                &#39;Command {} returned {}: &#34;&#34;&#34;{}&#34;&#34;&#34;.&#39;.format(command, status, output.decode(&#34;utf-8&#34;))
            )
E           Exception: Command docker compose -f &#34;/home/madrid/Escritorio/SGE/SGE-odoo-project-tester/projects/docker-compose.yml&#34; -p &#34;pytest39947&#34; up --build -d returned 1: &#34;&#34;&#34;time=&#34;2025-02-26T16:22:44+01:00&#34; level=warning msg=&#34;/home/madrid/Escritorio/SGE/SGE-odoo-project-tester/projects/docker-compose.yml: `version` is obsolete&#34;
E            Network pytest39947_default  Creating
E            Network pytest39947_default  Error
E           failed to create network pytest39947_default: Error response from daemon: could not find an available, non-overlapping IPv4 address pool among the defaults to assign to the network
E           &#34;&#34;&#34;.

.venv/lib/python3.8/site-packages/pytest_docker/plugin.py:35: Exception</pre>
                        
                        

                        
                        
                        
                    </div>
                
                    <div class="test outcome outcome-failed">
                        <a id="f1ceb57c-09fd-455a-b972-46096b7f9546"></a>
                        <table class="proplist">
                            <tr><th>Test case:</th><td><b>test_formularios_tienen_vista_anidada_para_campos_X2many[many2many]</b></td></tr>
                            <tr><th>Outcome:</th><td>Failed</td></tr>
                            <tr><th>Duration:</th><td>0.001 sec</td></tr>
                        
                            <tr><th>Failed</th><td>failed on setup with &#34;Exception: Command docker compose -f &#34;/home/madrid/Escritorio/SGE/SGE-odoo-project-tester/projects/docker-compose.yml&#34; -p &#34;pytest39947&#34; up --build -d returned 1: &#34;&#34;&#34;time=&#34;2025-02-26T16:22:44+01:00&#34; level=warning msg=&#34;/home/madrid/Escritorio/SGE/SGE-odoo-project-tester/projects/docker-compose.yml: `version` is obsolete&#34;
 Network pytest39947_default  Creating
 Network pytest39947_default  Error
failed to create network pytest39947_default: Error response from daemon: could not find an available, non-overlapping IPv4 address pool among the defaults to assign to the network
&#34;&#34;&#34;.&#34;</td></tr>
                        
                        
                        </table>

                        
                        <pre>docker_compose_command = &#39;docker compose&#39;, docker_compose_file = &#39;/home/madrid/Escritorio/SGE/SGE-odoo-project-tester/projects/docker-compose.yml&#39;, docker_compose_project_name = &#39;pytest39947&#39;
docker_setup = [&#39;up --build -d&#39;], docker_cleanup = [&#39;down -v&#39;]

    @pytest.fixture(scope=containers_scope)
    def docker_services(
        docker_compose_command: str,
        docker_compose_file: Union[List[str], str],
        docker_compose_project_name: str,
        docker_setup: str,
        docker_cleanup: str,
    ) -&gt; Iterator[Services]:
        &#34;&#34;&#34;Start all services from a docker compose file (`docker-compose up`).
        After test are finished, shutdown all services (`docker-compose down`).&#34;&#34;&#34;
    
&gt;       with get_docker_services(
            docker_compose_command,
            docker_compose_file,
            docker_compose_project_name,
            docker_setup,
            docker_cleanup,
        ) as docker_service:

.venv/lib/python3.8/site-packages/pytest_docker/plugin.py:238: 
_ _ _ _ _ _ _ _ _ _ _ _ _ _ _ _ _ _ _ _ _ _ _ _ _ _ _ _ _ _ _ _ _ _ _ _ _ _ _ _ _ _ _ _ _ _ _ _ _ _ _ _ _ _ _ _ _ _ _ _ _ _ _ _ _ _ _ _ _ _ _ _ _ _ _ _ _ _ _ _ _ _ _ _ _ _ _ _ _ _ _ _ _ _ _ _ _ _ _ _ _ _ _ _ _ _
/usr/lib/python3.8/contextlib.py:113: in __enter__
    return next(self.gen)
.venv/lib/python3.8/site-packages/pytest_docker/plugin.py:212: in get_docker_services
    docker_compose.execute(command)
.venv/lib/python3.8/site-packages/pytest_docker/plugin.py:140: in execute
    return execute(command)
_ _ _ _ _ _ _ _ _ _ _ _ _ _ _ _ _ _ _ _ _ _ _ _ _ _ _ _ _ _ _ _ _ _ _ _ _ _ _ _ _ _ _ _ _ _ _ _ _ _ _ _ _ _ _ _ _ _ _ _ _ _ _ _ _ _ _ _ _ _ _ _ _ _ _ _ _ _ _ _ _ _ _ _ _ _ _ _ _ _ _ _ _ _ _ _ _ _ _ _ _ _ _ _ _ _

command = &#39;docker compose -f &#34;/home/madrid/Escritorio/SGE/SGE-odoo-project-tester/projects/docker-compose.yml&#34; -p &#34;pytest39947&#34; up --build -d&#39;, success_codes = (0,)

    def execute(command: str, success_codes: Iterable[int] = (0,)) -&gt; Union[bytes, Any]:
        &#34;&#34;&#34;Run a shell command.&#34;&#34;&#34;
        try:
            output = subprocess.check_output(command, stderr=subprocess.STDOUT, shell=True)
            status = 0
        except subprocess.CalledProcessError as error:
            output = error.output or b&#34;&#34;
            status = error.returncode
            command = error.cmd
    
        if status not in success_codes:
&gt;           raise Exception(
                &#39;Command {} returned {}: &#34;&#34;&#34;{}&#34;&#34;&#34;.&#39;.format(command, status, output.decode(&#34;utf-8&#34;))
            )
E           Exception: Command docker compose -f &#34;/home/madrid/Escritorio/SGE/SGE-odoo-project-tester/projects/docker-compose.yml&#34; -p &#34;pytest39947&#34; up --build -d returned 1: &#34;&#34;&#34;time=&#34;2025-02-26T16:22:44+01:00&#34; level=warning msg=&#34;/home/madrid/Escritorio/SGE/SGE-odoo-project-tester/projects/docker-compose.yml: `version` is obsolete&#34;
E            Network pytest39947_default  Creating
E            Network pytest39947_default  Error
E           failed to create network pytest39947_default: Error response from daemon: could not find an available, non-overlapping IPv4 address pool among the defaults to assign to the network
E           &#34;&#34;&#34;.

.venv/lib/python3.8/site-packages/pytest_docker/plugin.py:35: Exception</pre>
                        
                        

                        
                        
                        
                    </div>
                
                </div>
            </div>
            
            <div class="testclass">
                <h4>test_minimal_requirements.TestRNF4</h4>
                <div class="testcases">
                
                    <div class="test outcome outcome-failed">
                        <a id="7df762d1-2a35-496b-909c-9ccdbb7b9f86"></a>
                        <table class="proplist">
                            <tr><th>Test case:</th><td><b>test_vistas_en_ficheros_individuales</b></td></tr>
                            <tr><th>Outcome:</th><td>Failed</td></tr>
                            <tr><th>Duration:</th><td>0.001 sec</td></tr>
                        
                            <tr><th>Failed</th><td>failed on setup with &#34;Exception: Command docker compose -f &#34;/home/madrid/Escritorio/SGE/SGE-odoo-project-tester/projects/docker-compose.yml&#34; -p &#34;pytest39947&#34; up --build -d returned 1: &#34;&#34;&#34;time=&#34;2025-02-26T16:22:44+01:00&#34; level=warning msg=&#34;/home/madrid/Escritorio/SGE/SGE-odoo-project-tester/projects/docker-compose.yml: `version` is obsolete&#34;
 Network pytest39947_default  Creating
 Network pytest39947_default  Error
failed to create network pytest39947_default: Error response from daemon: could not find an available, non-overlapping IPv4 address pool among the defaults to assign to the network
&#34;&#34;&#34;.&#34;</td></tr>
                        
                        
                        </table>

                        
                        <pre>docker_compose_command = &#39;docker compose&#39;, docker_compose_file = &#39;/home/madrid/Escritorio/SGE/SGE-odoo-project-tester/projects/docker-compose.yml&#39;, docker_compose_project_name = &#39;pytest39947&#39;
docker_setup = [&#39;up --build -d&#39;], docker_cleanup = [&#39;down -v&#39;]

    @pytest.fixture(scope=containers_scope)
    def docker_services(
        docker_compose_command: str,
        docker_compose_file: Union[List[str], str],
        docker_compose_project_name: str,
        docker_setup: str,
        docker_cleanup: str,
    ) -&gt; Iterator[Services]:
        &#34;&#34;&#34;Start all services from a docker compose file (`docker-compose up`).
        After test are finished, shutdown all services (`docker-compose down`).&#34;&#34;&#34;
    
&gt;       with get_docker_services(
            docker_compose_command,
            docker_compose_file,
            docker_compose_project_name,
            docker_setup,
            docker_cleanup,
        ) as docker_service:

.venv/lib/python3.8/site-packages/pytest_docker/plugin.py:238: 
_ _ _ _ _ _ _ _ _ _ _ _ _ _ _ _ _ _ _ _ _ _ _ _ _ _ _ _ _ _ _ _ _ _ _ _ _ _ _ _ _ _ _ _ _ _ _ _ _ _ _ _ _ _ _ _ _ _ _ _ _ _ _ _ _ _ _ _ _ _ _ _ _ _ _ _ _ _ _ _ _ _ _ _ _ _ _ _ _ _ _ _ _ _ _ _ _ _ _ _ _ _ _ _ _ _
/usr/lib/python3.8/contextlib.py:113: in __enter__
    return next(self.gen)
.venv/lib/python3.8/site-packages/pytest_docker/plugin.py:212: in get_docker_services
    docker_compose.execute(command)
.venv/lib/python3.8/site-packages/pytest_docker/plugin.py:140: in execute
    return execute(command)
_ _ _ _ _ _ _ _ _ _ _ _ _ _ _ _ _ _ _ _ _ _ _ _ _ _ _ _ _ _ _ _ _ _ _ _ _ _ _ _ _ _ _ _ _ _ _ _ _ _ _ _ _ _ _ _ _ _ _ _ _ _ _ _ _ _ _ _ _ _ _ _ _ _ _ _ _ _ _ _ _ _ _ _ _ _ _ _ _ _ _ _ _ _ _ _ _ _ _ _ _ _ _ _ _ _

command = &#39;docker compose -f &#34;/home/madrid/Escritorio/SGE/SGE-odoo-project-tester/projects/docker-compose.yml&#34; -p &#34;pytest39947&#34; up --build -d&#39;, success_codes = (0,)

    def execute(command: str, success_codes: Iterable[int] = (0,)) -&gt; Union[bytes, Any]:
        &#34;&#34;&#34;Run a shell command.&#34;&#34;&#34;
        try:
            output = subprocess.check_output(command, stderr=subprocess.STDOUT, shell=True)
            status = 0
        except subprocess.CalledProcessError as error:
            output = error.output or b&#34;&#34;
            status = error.returncode
            command = error.cmd
    
        if status not in success_codes:
&gt;           raise Exception(
                &#39;Command {} returned {}: &#34;&#34;&#34;{}&#34;&#34;&#34;.&#39;.format(command, status, output.decode(&#34;utf-8&#34;))
            )
E           Exception: Command docker compose -f &#34;/home/madrid/Escritorio/SGE/SGE-odoo-project-tester/projects/docker-compose.yml&#34; -p &#34;pytest39947&#34; up --build -d returned 1: &#34;&#34;&#34;time=&#34;2025-02-26T16:22:44+01:00&#34; level=warning msg=&#34;/home/madrid/Escritorio/SGE/SGE-odoo-project-tester/projects/docker-compose.yml: `version` is obsolete&#34;
E            Network pytest39947_default  Creating
E            Network pytest39947_default  Error
E           failed to create network pytest39947_default: Error response from daemon: could not find an available, non-overlapping IPv4 address pool among the defaults to assign to the network
E           &#34;&#34;&#34;.

.venv/lib/python3.8/site-packages/pytest_docker/plugin.py:35: Exception</pre>
                        
                        

                        
                        
                        
                    </div>
                
                </div>
            </div>
            
            <div class="testclass">
                <h4>test_minimal_requirements.TestRNF5</h4>
                <div class="testcases">
                
                    <div class="test outcome outcome-failed">
                        <a id="b83d09dd-1a47-4c7a-aa45-c4e8156c6fdc"></a>
                        <table class="proplist">
                            <tr><th>Test case:</th><td><b>test_modelos_tienen_algun_posible_campo_imagen</b></td></tr>
                            <tr><th>Outcome:</th><td>Failed</td></tr>
                            <tr><th>Duration:</th><td>0.001 sec</td></tr>
                        
                            <tr><th>Failed</th><td>failed on setup with &#34;Exception: Command docker compose -f &#34;/home/madrid/Escritorio/SGE/SGE-odoo-project-tester/projects/docker-compose.yml&#34; -p &#34;pytest39947&#34; up --build -d returned 1: &#34;&#34;&#34;time=&#34;2025-02-26T16:22:44+01:00&#34; level=warning msg=&#34;/home/madrid/Escritorio/SGE/SGE-odoo-project-tester/projects/docker-compose.yml: `version` is obsolete&#34;
 Network pytest39947_default  Creating
 Network pytest39947_default  Error
failed to create network pytest39947_default: Error response from daemon: could not find an available, non-overlapping IPv4 address pool among the defaults to assign to the network
&#34;&#34;&#34;.&#34;</td></tr>
                        
                        
                        </table>

                        
                        <pre>docker_compose_command = &#39;docker compose&#39;, docker_compose_file = &#39;/home/madrid/Escritorio/SGE/SGE-odoo-project-tester/projects/docker-compose.yml&#39;, docker_compose_project_name = &#39;pytest39947&#39;
docker_setup = [&#39;up --build -d&#39;], docker_cleanup = [&#39;down -v&#39;]

    @pytest.fixture(scope=containers_scope)
    def docker_services(
        docker_compose_command: str,
        docker_compose_file: Union[List[str], str],
        docker_compose_project_name: str,
        docker_setup: str,
        docker_cleanup: str,
    ) -&gt; Iterator[Services]:
        &#34;&#34;&#34;Start all services from a docker compose file (`docker-compose up`).
        After test are finished, shutdown all services (`docker-compose down`).&#34;&#34;&#34;
    
&gt;       with get_docker_services(
            docker_compose_command,
            docker_compose_file,
            docker_compose_project_name,
            docker_setup,
            docker_cleanup,
        ) as docker_service:

.venv/lib/python3.8/site-packages/pytest_docker/plugin.py:238: 
_ _ _ _ _ _ _ _ _ _ _ _ _ _ _ _ _ _ _ _ _ _ _ _ _ _ _ _ _ _ _ _ _ _ _ _ _ _ _ _ _ _ _ _ _ _ _ _ _ _ _ _ _ _ _ _ _ _ _ _ _ _ _ _ _ _ _ _ _ _ _ _ _ _ _ _ _ _ _ _ _ _ _ _ _ _ _ _ _ _ _ _ _ _ _ _ _ _ _ _ _ _ _ _ _ _
/usr/lib/python3.8/contextlib.py:113: in __enter__
    return next(self.gen)
.venv/lib/python3.8/site-packages/pytest_docker/plugin.py:212: in get_docker_services
    docker_compose.execute(command)
.venv/lib/python3.8/site-packages/pytest_docker/plugin.py:140: in execute
    return execute(command)
_ _ _ _ _ _ _ _ _ _ _ _ _ _ _ _ _ _ _ _ _ _ _ _ _ _ _ _ _ _ _ _ _ _ _ _ _ _ _ _ _ _ _ _ _ _ _ _ _ _ _ _ _ _ _ _ _ _ _ _ _ _ _ _ _ _ _ _ _ _ _ _ _ _ _ _ _ _ _ _ _ _ _ _ _ _ _ _ _ _ _ _ _ _ _ _ _ _ _ _ _ _ _ _ _ _

command = &#39;docker compose -f &#34;/home/madrid/Escritorio/SGE/SGE-odoo-project-tester/projects/docker-compose.yml&#34; -p &#34;pytest39947&#34; up --build -d&#39;, success_codes = (0,)

    def execute(command: str, success_codes: Iterable[int] = (0,)) -&gt; Union[bytes, Any]:
        &#34;&#34;&#34;Run a shell command.&#34;&#34;&#34;
        try:
            output = subprocess.check_output(command, stderr=subprocess.STDOUT, shell=True)
            status = 0
        except subprocess.CalledProcessError as error:
            output = error.output or b&#34;&#34;
            status = error.returncode
            command = error.cmd
    
        if status not in success_codes:
&gt;           raise Exception(
                &#39;Command {} returned {}: &#34;&#34;&#34;{}&#34;&#34;&#34;.&#39;.format(command, status, output.decode(&#34;utf-8&#34;))
            )
E           Exception: Command docker compose -f &#34;/home/madrid/Escritorio/SGE/SGE-odoo-project-tester/projects/docker-compose.yml&#34; -p &#34;pytest39947&#34; up --build -d returned 1: &#34;&#34;&#34;time=&#34;2025-02-26T16:22:44+01:00&#34; level=warning msg=&#34;/home/madrid/Escritorio/SGE/SGE-odoo-project-tester/projects/docker-compose.yml: `version` is obsolete&#34;
E            Network pytest39947_default  Creating
E            Network pytest39947_default  Error
E           failed to create network pytest39947_default: Error response from daemon: could not find an available, non-overlapping IPv4 address pool among the defaults to assign to the network
E           &#34;&#34;&#34;.

.venv/lib/python3.8/site-packages/pytest_docker/plugin.py:35: Exception</pre>
                        
                        

                        
                        
                        
                    </div>
                
                    <div class="test outcome outcome-failed">
                        <a id="c477ff64-b631-45a6-9875-2d25c4e0873e"></a>
                        <table class="proplist">
                            <tr><th>Test case:</th><td><b>test_alguna_vista_tiene_campo_imagen</b></td></tr>
                            <tr><th>Outcome:</th><td>Failed</td></tr>
                            <tr><th>Duration:</th><td>0.001 sec</td></tr>
                        
                            <tr><th>Failed</th><td>failed on setup with &#34;Exception: Command docker compose -f &#34;/home/madrid/Escritorio/SGE/SGE-odoo-project-tester/projects/docker-compose.yml&#34; -p &#34;pytest39947&#34; up --build -d returned 1: &#34;&#34;&#34;time=&#34;2025-02-26T16:22:44+01:00&#34; level=warning msg=&#34;/home/madrid/Escritorio/SGE/SGE-odoo-project-tester/projects/docker-compose.yml: `version` is obsolete&#34;
 Network pytest39947_default  Creating
 Network pytest39947_default  Error
failed to create network pytest39947_default: Error response from daemon: could not find an available, non-overlapping IPv4 address pool among the defaults to assign to the network
&#34;&#34;&#34;.&#34;</td></tr>
                        
                        
                        </table>

                        
                        <pre>docker_compose_command = &#39;docker compose&#39;, docker_compose_file = &#39;/home/madrid/Escritorio/SGE/SGE-odoo-project-tester/projects/docker-compose.yml&#39;, docker_compose_project_name = &#39;pytest39947&#39;
docker_setup = [&#39;up --build -d&#39;], docker_cleanup = [&#39;down -v&#39;]

    @pytest.fixture(scope=containers_scope)
    def docker_services(
        docker_compose_command: str,
        docker_compose_file: Union[List[str], str],
        docker_compose_project_name: str,
        docker_setup: str,
        docker_cleanup: str,
    ) -&gt; Iterator[Services]:
        &#34;&#34;&#34;Start all services from a docker compose file (`docker-compose up`).
        After test are finished, shutdown all services (`docker-compose down`).&#34;&#34;&#34;
    
&gt;       with get_docker_services(
            docker_compose_command,
            docker_compose_file,
            docker_compose_project_name,
            docker_setup,
            docker_cleanup,
        ) as docker_service:

.venv/lib/python3.8/site-packages/pytest_docker/plugin.py:238: 
_ _ _ _ _ _ _ _ _ _ _ _ _ _ _ _ _ _ _ _ _ _ _ _ _ _ _ _ _ _ _ _ _ _ _ _ _ _ _ _ _ _ _ _ _ _ _ _ _ _ _ _ _ _ _ _ _ _ _ _ _ _ _ _ _ _ _ _ _ _ _ _ _ _ _ _ _ _ _ _ _ _ _ _ _ _ _ _ _ _ _ _ _ _ _ _ _ _ _ _ _ _ _ _ _ _
/usr/lib/python3.8/contextlib.py:113: in __enter__
    return next(self.gen)
.venv/lib/python3.8/site-packages/pytest_docker/plugin.py:212: in get_docker_services
    docker_compose.execute(command)
.venv/lib/python3.8/site-packages/pytest_docker/plugin.py:140: in execute
    return execute(command)
_ _ _ _ _ _ _ _ _ _ _ _ _ _ _ _ _ _ _ _ _ _ _ _ _ _ _ _ _ _ _ _ _ _ _ _ _ _ _ _ _ _ _ _ _ _ _ _ _ _ _ _ _ _ _ _ _ _ _ _ _ _ _ _ _ _ _ _ _ _ _ _ _ _ _ _ _ _ _ _ _ _ _ _ _ _ _ _ _ _ _ _ _ _ _ _ _ _ _ _ _ _ _ _ _ _

command = &#39;docker compose -f &#34;/home/madrid/Escritorio/SGE/SGE-odoo-project-tester/projects/docker-compose.yml&#34; -p &#34;pytest39947&#34; up --build -d&#39;, success_codes = (0,)

    def execute(command: str, success_codes: Iterable[int] = (0,)) -&gt; Union[bytes, Any]:
        &#34;&#34;&#34;Run a shell command.&#34;&#34;&#34;
        try:
            output = subprocess.check_output(command, stderr=subprocess.STDOUT, shell=True)
            status = 0
        except subprocess.CalledProcessError as error:
            output = error.output or b&#34;&#34;
            status = error.returncode
            command = error.cmd
    
        if status not in success_codes:
&gt;           raise Exception(
                &#39;Command {} returned {}: &#34;&#34;&#34;{}&#34;&#34;&#34;.&#39;.format(command, status, output.decode(&#34;utf-8&#34;))
            )
E           Exception: Command docker compose -f &#34;/home/madrid/Escritorio/SGE/SGE-odoo-project-tester/projects/docker-compose.yml&#34; -p &#34;pytest39947&#34; up --build -d returned 1: &#34;&#34;&#34;time=&#34;2025-02-26T16:22:44+01:00&#34; level=warning msg=&#34;/home/madrid/Escritorio/SGE/SGE-odoo-project-tester/projects/docker-compose.yml: `version` is obsolete&#34;
E            Network pytest39947_default  Creating
E            Network pytest39947_default  Error
E           failed to create network pytest39947_default: Error response from daemon: could not find an available, non-overlapping IPv4 address pool among the defaults to assign to the network
E           &#34;&#34;&#34;.

.venv/lib/python3.8/site-packages/pytest_docker/plugin.py:35: Exception</pre>
                        
                        

                        
                        
                        
                    </div>
                
                </div>
            </div>
            
            <div class="testclass">
                <h4>test_minimal_requirements.TestRNF6</h4>
                <div class="testcases">
                
                    <div class="test outcome outcome-failed">
                        <a id="e2d2ff59-1e82-4bfa-ba30-1e0ed406d37d"></a>
                        <table class="proplist">
                            <tr><th>Test case:</th><td><b>test_modelos_tienen_acciones</b></td></tr>
                            <tr><th>Outcome:</th><td>Failed</td></tr>
                            <tr><th>Duration:</th><td>0.001 sec</td></tr>
                        
                            <tr><th>Failed</th><td>failed on setup with &#34;Exception: Command docker compose -f &#34;/home/madrid/Escritorio/SGE/SGE-odoo-project-tester/projects/docker-compose.yml&#34; -p &#34;pytest39947&#34; up --build -d returned 1: &#34;&#34;&#34;time=&#34;2025-02-26T16:22:44+01:00&#34; level=warning msg=&#34;/home/madrid/Escritorio/SGE/SGE-odoo-project-tester/projects/docker-compose.yml: `version` is obsolete&#34;
 Network pytest39947_default  Creating
 Network pytest39947_default  Error
failed to create network pytest39947_default: Error response from daemon: could not find an available, non-overlapping IPv4 address pool among the defaults to assign to the network
&#34;&#34;&#34;.&#34;</td></tr>
                        
                        
                        </table>

                        
                        <pre>docker_compose_command = &#39;docker compose&#39;, docker_compose_file = &#39;/home/madrid/Escritorio/SGE/SGE-odoo-project-tester/projects/docker-compose.yml&#39;, docker_compose_project_name = &#39;pytest39947&#39;
docker_setup = [&#39;up --build -d&#39;], docker_cleanup = [&#39;down -v&#39;]

    @pytest.fixture(scope=containers_scope)
    def docker_services(
        docker_compose_command: str,
        docker_compose_file: Union[List[str], str],
        docker_compose_project_name: str,
        docker_setup: str,
        docker_cleanup: str,
    ) -&gt; Iterator[Services]:
        &#34;&#34;&#34;Start all services from a docker compose file (`docker-compose up`).
        After test are finished, shutdown all services (`docker-compose down`).&#34;&#34;&#34;
    
&gt;       with get_docker_services(
            docker_compose_command,
            docker_compose_file,
            docker_compose_project_name,
            docker_setup,
            docker_cleanup,
        ) as docker_service:

.venv/lib/python3.8/site-packages/pytest_docker/plugin.py:238: 
_ _ _ _ _ _ _ _ _ _ _ _ _ _ _ _ _ _ _ _ _ _ _ _ _ _ _ _ _ _ _ _ _ _ _ _ _ _ _ _ _ _ _ _ _ _ _ _ _ _ _ _ _ _ _ _ _ _ _ _ _ _ _ _ _ _ _ _ _ _ _ _ _ _ _ _ _ _ _ _ _ _ _ _ _ _ _ _ _ _ _ _ _ _ _ _ _ _ _ _ _ _ _ _ _ _
/usr/lib/python3.8/contextlib.py:113: in __enter__
    return next(self.gen)
.venv/lib/python3.8/site-packages/pytest_docker/plugin.py:212: in get_docker_services
    docker_compose.execute(command)
.venv/lib/python3.8/site-packages/pytest_docker/plugin.py:140: in execute
    return execute(command)
_ _ _ _ _ _ _ _ _ _ _ _ _ _ _ _ _ _ _ _ _ _ _ _ _ _ _ _ _ _ _ _ _ _ _ _ _ _ _ _ _ _ _ _ _ _ _ _ _ _ _ _ _ _ _ _ _ _ _ _ _ _ _ _ _ _ _ _ _ _ _ _ _ _ _ _ _ _ _ _ _ _ _ _ _ _ _ _ _ _ _ _ _ _ _ _ _ _ _ _ _ _ _ _ _ _

command = &#39;docker compose -f &#34;/home/madrid/Escritorio/SGE/SGE-odoo-project-tester/projects/docker-compose.yml&#34; -p &#34;pytest39947&#34; up --build -d&#39;, success_codes = (0,)

    def execute(command: str, success_codes: Iterable[int] = (0,)) -&gt; Union[bytes, Any]:
        &#34;&#34;&#34;Run a shell command.&#34;&#34;&#34;
        try:
            output = subprocess.check_output(command, stderr=subprocess.STDOUT, shell=True)
            status = 0
        except subprocess.CalledProcessError as error:
            output = error.output or b&#34;&#34;
            status = error.returncode
            command = error.cmd
    
        if status not in success_codes:
&gt;           raise Exception(
                &#39;Command {} returned {}: &#34;&#34;&#34;{}&#34;&#34;&#34;.&#39;.format(command, status, output.decode(&#34;utf-8&#34;))
            )
E           Exception: Command docker compose -f &#34;/home/madrid/Escritorio/SGE/SGE-odoo-project-tester/projects/docker-compose.yml&#34; -p &#34;pytest39947&#34; up --build -d returned 1: &#34;&#34;&#34;time=&#34;2025-02-26T16:22:44+01:00&#34; level=warning msg=&#34;/home/madrid/Escritorio/SGE/SGE-odoo-project-tester/projects/docker-compose.yml: `version` is obsolete&#34;
E            Network pytest39947_default  Creating
E            Network pytest39947_default  Error
E           failed to create network pytest39947_default: Error response from daemon: could not find an available, non-overlapping IPv4 address pool among the defaults to assign to the network
E           &#34;&#34;&#34;.

.venv/lib/python3.8/site-packages/pytest_docker/plugin.py:35: Exception</pre>
                        
                        

                        
                        
                        
                    </div>
                
                    <div class="test outcome outcome-failed">
                        <a id="0dc2fb63-27dc-4746-b18e-f2899a76f55a"></a>
                        <table class="proplist">
                            <tr><th>Test case:</th><td><b>test_hay_elementos_de_menu[.//menuitem[@action]]</b></td></tr>
                            <tr><th>Outcome:</th><td>Failed</td></tr>
                            <tr><th>Duration:</th><td>0.001 sec</td></tr>
                        
                            <tr><th>Failed</th><td>failed on setup with &#34;Exception: Command docker compose -f &#34;/home/madrid/Escritorio/SGE/SGE-odoo-project-tester/projects/docker-compose.yml&#34; -p &#34;pytest39947&#34; up --build -d returned 1: &#34;&#34;&#34;time=&#34;2025-02-26T16:22:44+01:00&#34; level=warning msg=&#34;/home/madrid/Escritorio/SGE/SGE-odoo-project-tester/projects/docker-compose.yml: `version` is obsolete&#34;
 Network pytest39947_default  Creating
 Network pytest39947_default  Error
failed to create network pytest39947_default: Error response from daemon: could not find an available, non-overlapping IPv4 address pool among the defaults to assign to the network
&#34;&#34;&#34;.&#34;</td></tr>
                        
                        
                        </table>

                        
                        <pre>docker_compose_command = &#39;docker compose&#39;, docker_compose_file = &#39;/home/madrid/Escritorio/SGE/SGE-odoo-project-tester/projects/docker-compose.yml&#39;, docker_compose_project_name = &#39;pytest39947&#39;
docker_setup = [&#39;up --build -d&#39;], docker_cleanup = [&#39;down -v&#39;]

    @pytest.fixture(scope=containers_scope)
    def docker_services(
        docker_compose_command: str,
        docker_compose_file: Union[List[str], str],
        docker_compose_project_name: str,
        docker_setup: str,
        docker_cleanup: str,
    ) -&gt; Iterator[Services]:
        &#34;&#34;&#34;Start all services from a docker compose file (`docker-compose up`).
        After test are finished, shutdown all services (`docker-compose down`).&#34;&#34;&#34;
    
&gt;       with get_docker_services(
            docker_compose_command,
            docker_compose_file,
            docker_compose_project_name,
            docker_setup,
            docker_cleanup,
        ) as docker_service:

.venv/lib/python3.8/site-packages/pytest_docker/plugin.py:238: 
_ _ _ _ _ _ _ _ _ _ _ _ _ _ _ _ _ _ _ _ _ _ _ _ _ _ _ _ _ _ _ _ _ _ _ _ _ _ _ _ _ _ _ _ _ _ _ _ _ _ _ _ _ _ _ _ _ _ _ _ _ _ _ _ _ _ _ _ _ _ _ _ _ _ _ _ _ _ _ _ _ _ _ _ _ _ _ _ _ _ _ _ _ _ _ _ _ _ _ _ _ _ _ _ _ _
/usr/lib/python3.8/contextlib.py:113: in __enter__
    return next(self.gen)
.venv/lib/python3.8/site-packages/pytest_docker/plugin.py:212: in get_docker_services
    docker_compose.execute(command)
.venv/lib/python3.8/site-packages/pytest_docker/plugin.py:140: in execute
    return execute(command)
_ _ _ _ _ _ _ _ _ _ _ _ _ _ _ _ _ _ _ _ _ _ _ _ _ _ _ _ _ _ _ _ _ _ _ _ _ _ _ _ _ _ _ _ _ _ _ _ _ _ _ _ _ _ _ _ _ _ _ _ _ _ _ _ _ _ _ _ _ _ _ _ _ _ _ _ _ _ _ _ _ _ _ _ _ _ _ _ _ _ _ _ _ _ _ _ _ _ _ _ _ _ _ _ _ _

command = &#39;docker compose -f &#34;/home/madrid/Escritorio/SGE/SGE-odoo-project-tester/projects/docker-compose.yml&#34; -p &#34;pytest39947&#34; up --build -d&#39;, success_codes = (0,)

    def execute(command: str, success_codes: Iterable[int] = (0,)) -&gt; Union[bytes, Any]:
        &#34;&#34;&#34;Run a shell command.&#34;&#34;&#34;
        try:
            output = subprocess.check_output(command, stderr=subprocess.STDOUT, shell=True)
            status = 0
        except subprocess.CalledProcessError as error:
            output = error.output or b&#34;&#34;
            status = error.returncode
            command = error.cmd
    
        if status not in success_codes:
&gt;           raise Exception(
                &#39;Command {} returned {}: &#34;&#34;&#34;{}&#34;&#34;&#34;.&#39;.format(command, status, output.decode(&#34;utf-8&#34;))
            )
E           Exception: Command docker compose -f &#34;/home/madrid/Escritorio/SGE/SGE-odoo-project-tester/projects/docker-compose.yml&#34; -p &#34;pytest39947&#34; up --build -d returned 1: &#34;&#34;&#34;time=&#34;2025-02-26T16:22:44+01:00&#34; level=warning msg=&#34;/home/madrid/Escritorio/SGE/SGE-odoo-project-tester/projects/docker-compose.yml: `version` is obsolete&#34;
E            Network pytest39947_default  Creating
E            Network pytest39947_default  Error
E           failed to create network pytest39947_default: Error response from daemon: could not find an available, non-overlapping IPv4 address pool among the defaults to assign to the network
E           &#34;&#34;&#34;.

.venv/lib/python3.8/site-packages/pytest_docker/plugin.py:35: Exception</pre>
                        
                        

                        
                        
                        
                    </div>
                
                </div>
            </div>
            
            <div class="testclass">
                <h4>test_minimal_requirements.TestRNF7</h4>
                <div class="testcases">
                
                    <div class="test outcome outcome-failed">
                        <a id="f6663fda-eeb5-4cdb-9343-c0038881cd4d"></a>
                        <table class="proplist">
                            <tr><th>Test case:</th><td><b>test_modelos_tienen_permisos</b></td></tr>
                            <tr><th>Outcome:</th><td>Failed</td></tr>
                            <tr><th>Duration:</th><td>0.001 sec</td></tr>
                        
                            <tr><th>Failed</th><td>failed on setup with &#34;Exception: Command docker compose -f &#34;/home/madrid/Escritorio/SGE/SGE-odoo-project-tester/projects/docker-compose.yml&#34; -p &#34;pytest39947&#34; up --build -d returned 1: &#34;&#34;&#34;time=&#34;2025-02-26T16:22:44+01:00&#34; level=warning msg=&#34;/home/madrid/Escritorio/SGE/SGE-odoo-project-tester/projects/docker-compose.yml: `version` is obsolete&#34;
 Network pytest39947_default  Creating
 Network pytest39947_default  Error
failed to create network pytest39947_default: Error response from daemon: could not find an available, non-overlapping IPv4 address pool among the defaults to assign to the network
&#34;&#34;&#34;.&#34;</td></tr>
                        
                        
                        </table>

                        
                        <pre>docker_compose_command = &#39;docker compose&#39;, docker_compose_file = &#39;/home/madrid/Escritorio/SGE/SGE-odoo-project-tester/projects/docker-compose.yml&#39;, docker_compose_project_name = &#39;pytest39947&#39;
docker_setup = [&#39;up --build -d&#39;], docker_cleanup = [&#39;down -v&#39;]

    @pytest.fixture(scope=containers_scope)
    def docker_services(
        docker_compose_command: str,
        docker_compose_file: Union[List[str], str],
        docker_compose_project_name: str,
        docker_setup: str,
        docker_cleanup: str,
    ) -&gt; Iterator[Services]:
        &#34;&#34;&#34;Start all services from a docker compose file (`docker-compose up`).
        After test are finished, shutdown all services (`docker-compose down`).&#34;&#34;&#34;
    
&gt;       with get_docker_services(
            docker_compose_command,
            docker_compose_file,
            docker_compose_project_name,
            docker_setup,
            docker_cleanup,
        ) as docker_service:

.venv/lib/python3.8/site-packages/pytest_docker/plugin.py:238: 
_ _ _ _ _ _ _ _ _ _ _ _ _ _ _ _ _ _ _ _ _ _ _ _ _ _ _ _ _ _ _ _ _ _ _ _ _ _ _ _ _ _ _ _ _ _ _ _ _ _ _ _ _ _ _ _ _ _ _ _ _ _ _ _ _ _ _ _ _ _ _ _ _ _ _ _ _ _ _ _ _ _ _ _ _ _ _ _ _ _ _ _ _ _ _ _ _ _ _ _ _ _ _ _ _ _
/usr/lib/python3.8/contextlib.py:113: in __enter__
    return next(self.gen)
.venv/lib/python3.8/site-packages/pytest_docker/plugin.py:212: in get_docker_services
    docker_compose.execute(command)
.venv/lib/python3.8/site-packages/pytest_docker/plugin.py:140: in execute
    return execute(command)
_ _ _ _ _ _ _ _ _ _ _ _ _ _ _ _ _ _ _ _ _ _ _ _ _ _ _ _ _ _ _ _ _ _ _ _ _ _ _ _ _ _ _ _ _ _ _ _ _ _ _ _ _ _ _ _ _ _ _ _ _ _ _ _ _ _ _ _ _ _ _ _ _ _ _ _ _ _ _ _ _ _ _ _ _ _ _ _ _ _ _ _ _ _ _ _ _ _ _ _ _ _ _ _ _ _

command = &#39;docker compose -f &#34;/home/madrid/Escritorio/SGE/SGE-odoo-project-tester/projects/docker-compose.yml&#34; -p &#34;pytest39947&#34; up --build -d&#39;, success_codes = (0,)

    def execute(command: str, success_codes: Iterable[int] = (0,)) -&gt; Union[bytes, Any]:
        &#34;&#34;&#34;Run a shell command.&#34;&#34;&#34;
        try:
            output = subprocess.check_output(command, stderr=subprocess.STDOUT, shell=True)
            status = 0
        except subprocess.CalledProcessError as error:
            output = error.output or b&#34;&#34;
            status = error.returncode
            command = error.cmd
    
        if status not in success_codes:
&gt;           raise Exception(
                &#39;Command {} returned {}: &#34;&#34;&#34;{}&#34;&#34;&#34;.&#39;.format(command, status, output.decode(&#34;utf-8&#34;))
            )
E           Exception: Command docker compose -f &#34;/home/madrid/Escritorio/SGE/SGE-odoo-project-tester/projects/docker-compose.yml&#34; -p &#34;pytest39947&#34; up --build -d returned 1: &#34;&#34;&#34;time=&#34;2025-02-26T16:22:44+01:00&#34; level=warning msg=&#34;/home/madrid/Escritorio/SGE/SGE-odoo-project-tester/projects/docker-compose.yml: `version` is obsolete&#34;
E            Network pytest39947_default  Creating
E            Network pytest39947_default  Error
E           failed to create network pytest39947_default: Error response from daemon: could not find an available, non-overlapping IPv4 address pool among the defaults to assign to the network
E           &#34;&#34;&#34;.

.venv/lib/python3.8/site-packages/pytest_docker/plugin.py:35: Exception</pre>
                        
                        

                        
                        
                        
                    </div>
                
                </div>
            </div>
            
            <div class="testclass">
                <h4>test_minimal_requirements.TestRNF8</h4>
                <div class="testcases">
                
                    <div class="test outcome outcome-failed">
                        <a id="f9ea0c26-9b99-47ee-a360-0b2cf1f8eadf"></a>
                        <table class="proplist">
                            <tr><th>Test case:</th><td><b>test_app_tiene_icono</b></td></tr>
                            <tr><th>Outcome:</th><td>Failed</td></tr>
                            <tr><th>Duration:</th><td>0.001 sec</td></tr>
                        
                            <tr><th>Failed</th><td>failed on setup with &#34;Exception: Command docker compose -f &#34;/home/madrid/Escritorio/SGE/SGE-odoo-project-tester/projects/docker-compose.yml&#34; -p &#34;pytest39947&#34; up --build -d returned 1: &#34;&#34;&#34;time=&#34;2025-02-26T16:22:44+01:00&#34; level=warning msg=&#34;/home/madrid/Escritorio/SGE/SGE-odoo-project-tester/projects/docker-compose.yml: `version` is obsolete&#34;
 Network pytest39947_default  Creating
 Network pytest39947_default  Error
failed to create network pytest39947_default: Error response from daemon: could not find an available, non-overlapping IPv4 address pool among the defaults to assign to the network
&#34;&#34;&#34;.&#34;</td></tr>
                        
                        
                        </table>

                        
                        <pre>docker_compose_command = &#39;docker compose&#39;, docker_compose_file = &#39;/home/madrid/Escritorio/SGE/SGE-odoo-project-tester/projects/docker-compose.yml&#39;, docker_compose_project_name = &#39;pytest39947&#39;
docker_setup = [&#39;up --build -d&#39;], docker_cleanup = [&#39;down -v&#39;]

    @pytest.fixture(scope=containers_scope)
    def docker_services(
        docker_compose_command: str,
        docker_compose_file: Union[List[str], str],
        docker_compose_project_name: str,
        docker_setup: str,
        docker_cleanup: str,
    ) -&gt; Iterator[Services]:
        &#34;&#34;&#34;Start all services from a docker compose file (`docker-compose up`).
        After test are finished, shutdown all services (`docker-compose down`).&#34;&#34;&#34;
    
&gt;       with get_docker_services(
            docker_compose_command,
            docker_compose_file,
            docker_compose_project_name,
            docker_setup,
            docker_cleanup,
        ) as docker_service:

.venv/lib/python3.8/site-packages/pytest_docker/plugin.py:238: 
_ _ _ _ _ _ _ _ _ _ _ _ _ _ _ _ _ _ _ _ _ _ _ _ _ _ _ _ _ _ _ _ _ _ _ _ _ _ _ _ _ _ _ _ _ _ _ _ _ _ _ _ _ _ _ _ _ _ _ _ _ _ _ _ _ _ _ _ _ _ _ _ _ _ _ _ _ _ _ _ _ _ _ _ _ _ _ _ _ _ _ _ _ _ _ _ _ _ _ _ _ _ _ _ _ _
/usr/lib/python3.8/contextlib.py:113: in __enter__
    return next(self.gen)
.venv/lib/python3.8/site-packages/pytest_docker/plugin.py:212: in get_docker_services
    docker_compose.execute(command)
.venv/lib/python3.8/site-packages/pytest_docker/plugin.py:140: in execute
    return execute(command)
_ _ _ _ _ _ _ _ _ _ _ _ _ _ _ _ _ _ _ _ _ _ _ _ _ _ _ _ _ _ _ _ _ _ _ _ _ _ _ _ _ _ _ _ _ _ _ _ _ _ _ _ _ _ _ _ _ _ _ _ _ _ _ _ _ _ _ _ _ _ _ _ _ _ _ _ _ _ _ _ _ _ _ _ _ _ _ _ _ _ _ _ _ _ _ _ _ _ _ _ _ _ _ _ _ _

command = &#39;docker compose -f &#34;/home/madrid/Escritorio/SGE/SGE-odoo-project-tester/projects/docker-compose.yml&#34; -p &#34;pytest39947&#34; up --build -d&#39;, success_codes = (0,)

    def execute(command: str, success_codes: Iterable[int] = (0,)) -&gt; Union[bytes, Any]:
        &#34;&#34;&#34;Run a shell command.&#34;&#34;&#34;
        try:
            output = subprocess.check_output(command, stderr=subprocess.STDOUT, shell=True)
            status = 0
        except subprocess.CalledProcessError as error:
            output = error.output or b&#34;&#34;
            status = error.returncode
            command = error.cmd
    
        if status not in success_codes:
&gt;           raise Exception(
                &#39;Command {} returned {}: &#34;&#34;&#34;{}&#34;&#34;&#34;.&#39;.format(command, status, output.decode(&#34;utf-8&#34;))
            )
E           Exception: Command docker compose -f &#34;/home/madrid/Escritorio/SGE/SGE-odoo-project-tester/projects/docker-compose.yml&#34; -p &#34;pytest39947&#34; up --build -d returned 1: &#34;&#34;&#34;time=&#34;2025-02-26T16:22:44+01:00&#34; level=warning msg=&#34;/home/madrid/Escritorio/SGE/SGE-odoo-project-tester/projects/docker-compose.yml: `version` is obsolete&#34;
E            Network pytest39947_default  Creating
E            Network pytest39947_default  Error
E           failed to create network pytest39947_default: Error response from daemon: could not find an available, non-overlapping IPv4 address pool among the defaults to assign to the network
E           &#34;&#34;&#34;.

.venv/lib/python3.8/site-packages/pytest_docker/plugin.py:35: Exception</pre>
                        
                        

                        
                        
                        
                    </div>
                
                </div>
            </div>
            
            <div class="testclass">
                <h4>test_minimal_requirements.TestRNF9</h4>
                <div class="testcases">
                
                    <div class="test outcome outcome-failed">
                        <a id="e201d3f1-944f-4056-9979-a8189c472084"></a>
                        <table class="proplist">
                            <tr><th>Test case:</th><td><b>test_modelos_tienen_datos_demo</b></td></tr>
                            <tr><th>Outcome:</th><td>Failed</td></tr>
                            <tr><th>Duration:</th><td>0.001 sec</td></tr>
                        
                            <tr><th>Failed</th><td>failed on setup with &#34;Exception: Command docker compose -f &#34;/home/madrid/Escritorio/SGE/SGE-odoo-project-tester/projects/docker-compose.yml&#34; -p &#34;pytest39947&#34; up --build -d returned 1: &#34;&#34;&#34;time=&#34;2025-02-26T16:22:44+01:00&#34; level=warning msg=&#34;/home/madrid/Escritorio/SGE/SGE-odoo-project-tester/projects/docker-compose.yml: `version` is obsolete&#34;
 Network pytest39947_default  Creating
 Network pytest39947_default  Error
failed to create network pytest39947_default: Error response from daemon: could not find an available, non-overlapping IPv4 address pool among the defaults to assign to the network
&#34;&#34;&#34;.&#34;</td></tr>
                        
                        
                        </table>

                        
                        <pre>docker_compose_command = &#39;docker compose&#39;, docker_compose_file = &#39;/home/madrid/Escritorio/SGE/SGE-odoo-project-tester/projects/docker-compose.yml&#39;, docker_compose_project_name = &#39;pytest39947&#39;
docker_setup = [&#39;up --build -d&#39;], docker_cleanup = [&#39;down -v&#39;]

    @pytest.fixture(scope=containers_scope)
    def docker_services(
        docker_compose_command: str,
        docker_compose_file: Union[List[str], str],
        docker_compose_project_name: str,
        docker_setup: str,
        docker_cleanup: str,
    ) -&gt; Iterator[Services]:
        &#34;&#34;&#34;Start all services from a docker compose file (`docker-compose up`).
        After test are finished, shutdown all services (`docker-compose down`).&#34;&#34;&#34;
    
&gt;       with get_docker_services(
            docker_compose_command,
            docker_compose_file,
            docker_compose_project_name,
            docker_setup,
            docker_cleanup,
        ) as docker_service:

.venv/lib/python3.8/site-packages/pytest_docker/plugin.py:238: 
_ _ _ _ _ _ _ _ _ _ _ _ _ _ _ _ _ _ _ _ _ _ _ _ _ _ _ _ _ _ _ _ _ _ _ _ _ _ _ _ _ _ _ _ _ _ _ _ _ _ _ _ _ _ _ _ _ _ _ _ _ _ _ _ _ _ _ _ _ _ _ _ _ _ _ _ _ _ _ _ _ _ _ _ _ _ _ _ _ _ _ _ _ _ _ _ _ _ _ _ _ _ _ _ _ _
/usr/lib/python3.8/contextlib.py:113: in __enter__
    return next(self.gen)
.venv/lib/python3.8/site-packages/pytest_docker/plugin.py:212: in get_docker_services
    docker_compose.execute(command)
.venv/lib/python3.8/site-packages/pytest_docker/plugin.py:140: in execute
    return execute(command)
_ _ _ _ _ _ _ _ _ _ _ _ _ _ _ _ _ _ _ _ _ _ _ _ _ _ _ _ _ _ _ _ _ _ _ _ _ _ _ _ _ _ _ _ _ _ _ _ _ _ _ _ _ _ _ _ _ _ _ _ _ _ _ _ _ _ _ _ _ _ _ _ _ _ _ _ _ _ _ _ _ _ _ _ _ _ _ _ _ _ _ _ _ _ _ _ _ _ _ _ _ _ _ _ _ _

command = &#39;docker compose -f &#34;/home/madrid/Escritorio/SGE/SGE-odoo-project-tester/projects/docker-compose.yml&#34; -p &#34;pytest39947&#34; up --build -d&#39;, success_codes = (0,)

    def execute(command: str, success_codes: Iterable[int] = (0,)) -&gt; Union[bytes, Any]:
        &#34;&#34;&#34;Run a shell command.&#34;&#34;&#34;
        try:
            output = subprocess.check_output(command, stderr=subprocess.STDOUT, shell=True)
            status = 0
        except subprocess.CalledProcessError as error:
            output = error.output or b&#34;&#34;
            status = error.returncode
            command = error.cmd
    
        if status not in success_codes:
&gt;           raise Exception(
                &#39;Command {} returned {}: &#34;&#34;&#34;{}&#34;&#34;&#34;.&#39;.format(command, status, output.decode(&#34;utf-8&#34;))
            )
E           Exception: Command docker compose -f &#34;/home/madrid/Escritorio/SGE/SGE-odoo-project-tester/projects/docker-compose.yml&#34; -p &#34;pytest39947&#34; up --build -d returned 1: &#34;&#34;&#34;time=&#34;2025-02-26T16:22:44+01:00&#34; level=warning msg=&#34;/home/madrid/Escritorio/SGE/SGE-odoo-project-tester/projects/docker-compose.yml: `version` is obsolete&#34;
E            Network pytest39947_default  Creating
E            Network pytest39947_default  Error
E           failed to create network pytest39947_default: Error response from daemon: could not find an available, non-overlapping IPv4 address pool among the defaults to assign to the network
E           &#34;&#34;&#34;.

.venv/lib/python3.8/site-packages/pytest_docker/plugin.py:35: Exception</pre>
                        
                        

                        
                        
                        
                    </div>
                
                </div>
            </div>
            
            <div class="testclass">
                <h4>test_minimal_requirements.TestRNFGit</h4>
                <div class="testcases">
                
                    <div class="test outcome outcome-failed">
                        <a id="dd2522a3-ec61-41a8-9e83-a3aca830fc20"></a>
                        <table class="proplist">
                            <tr><th>Test case:</th><td><b>test_git_commit_frecuentes</b></td></tr>
                            <tr><th>Outcome:</th><td>Failed</td></tr>
                            <tr><th>Duration:</th><td>0.001 sec</td></tr>
                        
                            <tr><th>Failed</th><td>failed on setup with &#34;Exception: Command docker compose -f &#34;/home/madrid/Escritorio/SGE/SGE-odoo-project-tester/projects/docker-compose.yml&#34; -p &#34;pytest39947&#34; up --build -d returned 1: &#34;&#34;&#34;time=&#34;2025-02-26T16:22:44+01:00&#34; level=warning msg=&#34;/home/madrid/Escritorio/SGE/SGE-odoo-project-tester/projects/docker-compose.yml: `version` is obsolete&#34;
 Network pytest39947_default  Creating
 Network pytest39947_default  Error
failed to create network pytest39947_default: Error response from daemon: could not find an available, non-overlapping IPv4 address pool among the defaults to assign to the network
&#34;&#34;&#34;.&#34;</td></tr>
                        
                        
                        </table>

                        
                        <pre>docker_compose_command = &#39;docker compose&#39;, docker_compose_file = &#39;/home/madrid/Escritorio/SGE/SGE-odoo-project-tester/projects/docker-compose.yml&#39;, docker_compose_project_name = &#39;pytest39947&#39;
docker_setup = [&#39;up --build -d&#39;], docker_cleanup = [&#39;down -v&#39;]

    @pytest.fixture(scope=containers_scope)
    def docker_services(
        docker_compose_command: str,
        docker_compose_file: Union[List[str], str],
        docker_compose_project_name: str,
        docker_setup: str,
        docker_cleanup: str,
    ) -&gt; Iterator[Services]:
        &#34;&#34;&#34;Start all services from a docker compose file (`docker-compose up`).
        After test are finished, shutdown all services (`docker-compose down`).&#34;&#34;&#34;
    
&gt;       with get_docker_services(
            docker_compose_command,
            docker_compose_file,
            docker_compose_project_name,
            docker_setup,
            docker_cleanup,
        ) as docker_service:

.venv/lib/python3.8/site-packages/pytest_docker/plugin.py:238: 
_ _ _ _ _ _ _ _ _ _ _ _ _ _ _ _ _ _ _ _ _ _ _ _ _ _ _ _ _ _ _ _ _ _ _ _ _ _ _ _ _ _ _ _ _ _ _ _ _ _ _ _ _ _ _ _ _ _ _ _ _ _ _ _ _ _ _ _ _ _ _ _ _ _ _ _ _ _ _ _ _ _ _ _ _ _ _ _ _ _ _ _ _ _ _ _ _ _ _ _ _ _ _ _ _ _
/usr/lib/python3.8/contextlib.py:113: in __enter__
    return next(self.gen)
.venv/lib/python3.8/site-packages/pytest_docker/plugin.py:212: in get_docker_services
    docker_compose.execute(command)
.venv/lib/python3.8/site-packages/pytest_docker/plugin.py:140: in execute
    return execute(command)
_ _ _ _ _ _ _ _ _ _ _ _ _ _ _ _ _ _ _ _ _ _ _ _ _ _ _ _ _ _ _ _ _ _ _ _ _ _ _ _ _ _ _ _ _ _ _ _ _ _ _ _ _ _ _ _ _ _ _ _ _ _ _ _ _ _ _ _ _ _ _ _ _ _ _ _ _ _ _ _ _ _ _ _ _ _ _ _ _ _ _ _ _ _ _ _ _ _ _ _ _ _ _ _ _ _

command = &#39;docker compose -f &#34;/home/madrid/Escritorio/SGE/SGE-odoo-project-tester/projects/docker-compose.yml&#34; -p &#34;pytest39947&#34; up --build -d&#39;, success_codes = (0,)

    def execute(command: str, success_codes: Iterable[int] = (0,)) -&gt; Union[bytes, Any]:
        &#34;&#34;&#34;Run a shell command.&#34;&#34;&#34;
        try:
            output = subprocess.check_output(command, stderr=subprocess.STDOUT, shell=True)
            status = 0
        except subprocess.CalledProcessError as error:
            output = error.output or b&#34;&#34;
            status = error.returncode
            command = error.cmd
    
        if status not in success_codes:
&gt;           raise Exception(
                &#39;Command {} returned {}: &#34;&#34;&#34;{}&#34;&#34;&#34;.&#39;.format(command, status, output.decode(&#34;utf-8&#34;))
            )
E           Exception: Command docker compose -f &#34;/home/madrid/Escritorio/SGE/SGE-odoo-project-tester/projects/docker-compose.yml&#34; -p &#34;pytest39947&#34; up --build -d returned 1: &#34;&#34;&#34;time=&#34;2025-02-26T16:22:44+01:00&#34; level=warning msg=&#34;/home/madrid/Escritorio/SGE/SGE-odoo-project-tester/projects/docker-compose.yml: `version` is obsolete&#34;
E            Network pytest39947_default  Creating
E            Network pytest39947_default  Error
E           failed to create network pytest39947_default: Error response from daemon: could not find an available, non-overlapping IPv4 address pool among the defaults to assign to the network
E           &#34;&#34;&#34;.

.venv/lib/python3.8/site-packages/pytest_docker/plugin.py:35: Exception</pre>
                        
                        

                        
                        
                        
                    </div>
                
                </div>
            </div>
            
            <div class="testclass">
                <h4>test_minimal_requirements.TestRNFCalidad</h4>
                <div class="testcases">
                
                    <div class="test outcome outcome-failed">
                        <a id="142472e1-ac7f-4e55-83e6-c4ddf756fca0"></a>
                        <table class="proplist">
                            <tr><th>Test case:</th><td><b>test_odoo_disponible</b></td></tr>
                            <tr><th>Outcome:</th><td>Failed</td></tr>
                            <tr><th>Duration:</th><td>0.001 sec</td></tr>
                        
                            <tr><th>Failed</th><td>failed on setup with &#34;Exception: Command docker compose -f &#34;/home/madrid/Escritorio/SGE/SGE-odoo-project-tester/projects/docker-compose.yml&#34; -p &#34;pytest39947&#34; up --build -d returned 1: &#34;&#34;&#34;time=&#34;2025-02-26T16:22:44+01:00&#34; level=warning msg=&#34;/home/madrid/Escritorio/SGE/SGE-odoo-project-tester/projects/docker-compose.yml: `version` is obsolete&#34;
 Network pytest39947_default  Creating
 Network pytest39947_default  Error
failed to create network pytest39947_default: Error response from daemon: could not find an available, non-overlapping IPv4 address pool among the defaults to assign to the network
&#34;&#34;&#34;.&#34;</td></tr>
                        
                        
                        </table>

                        
                        <pre>docker_compose_command = &#39;docker compose&#39;, docker_compose_file = &#39;/home/madrid/Escritorio/SGE/SGE-odoo-project-tester/projects/docker-compose.yml&#39;, docker_compose_project_name = &#39;pytest39947&#39;
docker_setup = [&#39;up --build -d&#39;], docker_cleanup = [&#39;down -v&#39;]

    @pytest.fixture(scope=containers_scope)
    def docker_services(
        docker_compose_command: str,
        docker_compose_file: Union[List[str], str],
        docker_compose_project_name: str,
        docker_setup: str,
        docker_cleanup: str,
    ) -&gt; Iterator[Services]:
        &#34;&#34;&#34;Start all services from a docker compose file (`docker-compose up`).
        After test are finished, shutdown all services (`docker-compose down`).&#34;&#34;&#34;
    
&gt;       with get_docker_services(
            docker_compose_command,
            docker_compose_file,
            docker_compose_project_name,
            docker_setup,
            docker_cleanup,
        ) as docker_service:

.venv/lib/python3.8/site-packages/pytest_docker/plugin.py:238: 
_ _ _ _ _ _ _ _ _ _ _ _ _ _ _ _ _ _ _ _ _ _ _ _ _ _ _ _ _ _ _ _ _ _ _ _ _ _ _ _ _ _ _ _ _ _ _ _ _ _ _ _ _ _ _ _ _ _ _ _ _ _ _ _ _ _ _ _ _ _ _ _ _ _ _ _ _ _ _ _ _ _ _ _ _ _ _ _ _ _ _ _ _ _ _ _ _ _ _ _ _ _ _ _ _ _
/usr/lib/python3.8/contextlib.py:113: in __enter__
    return next(self.gen)
.venv/lib/python3.8/site-packages/pytest_docker/plugin.py:212: in get_docker_services
    docker_compose.execute(command)
.venv/lib/python3.8/site-packages/pytest_docker/plugin.py:140: in execute
    return execute(command)
_ _ _ _ _ _ _ _ _ _ _ _ _ _ _ _ _ _ _ _ _ _ _ _ _ _ _ _ _ _ _ _ _ _ _ _ _ _ _ _ _ _ _ _ _ _ _ _ _ _ _ _ _ _ _ _ _ _ _ _ _ _ _ _ _ _ _ _ _ _ _ _ _ _ _ _ _ _ _ _ _ _ _ _ _ _ _ _ _ _ _ _ _ _ _ _ _ _ _ _ _ _ _ _ _ _

command = &#39;docker compose -f &#34;/home/madrid/Escritorio/SGE/SGE-odoo-project-tester/projects/docker-compose.yml&#34; -p &#34;pytest39947&#34; up --build -d&#39;, success_codes = (0,)

    def execute(command: str, success_codes: Iterable[int] = (0,)) -&gt; Union[bytes, Any]:
        &#34;&#34;&#34;Run a shell command.&#34;&#34;&#34;
        try:
            output = subprocess.check_output(command, stderr=subprocess.STDOUT, shell=True)
            status = 0
        except subprocess.CalledProcessError as error:
            output = error.output or b&#34;&#34;
            status = error.returncode
            command = error.cmd
    
        if status not in success_codes:
&gt;           raise Exception(
                &#39;Command {} returned {}: &#34;&#34;&#34;{}&#34;&#34;&#34;.&#39;.format(command, status, output.decode(&#34;utf-8&#34;))
            )
E           Exception: Command docker compose -f &#34;/home/madrid/Escritorio/SGE/SGE-odoo-project-tester/projects/docker-compose.yml&#34; -p &#34;pytest39947&#34; up --build -d returned 1: &#34;&#34;&#34;time=&#34;2025-02-26T16:22:44+01:00&#34; level=warning msg=&#34;/home/madrid/Escritorio/SGE/SGE-odoo-project-tester/projects/docker-compose.yml: `version` is obsolete&#34;
E            Network pytest39947_default  Creating
E            Network pytest39947_default  Error
E           failed to create network pytest39947_default: Error response from daemon: could not find an available, non-overlapping IPv4 address pool among the defaults to assign to the network
E           &#34;&#34;&#34;.

.venv/lib/python3.8/site-packages/pytest_docker/plugin.py:35: Exception</pre>
                        
                        

                        
                        
                        
                    </div>
                
                    <div class="test outcome outcome-failed">
                        <a id="8ae24f15-b585-4310-b0c7-39937319fa47"></a>
                        <table class="proplist">
                            <tr><th>Test case:</th><td><b>test_app_instalada</b></td></tr>
                            <tr><th>Outcome:</th><td>Failed</td></tr>
                            <tr><th>Duration:</th><td>0.001 sec</td></tr>
                        
                            <tr><th>Failed</th><td>failed on setup with &#34;Exception: Command docker compose -f &#34;/home/madrid/Escritorio/SGE/SGE-odoo-project-tester/projects/docker-compose.yml&#34; -p &#34;pytest39947&#34; up --build -d returned 1: &#34;&#34;&#34;time=&#34;2025-02-26T16:22:44+01:00&#34; level=warning msg=&#34;/home/madrid/Escritorio/SGE/SGE-odoo-project-tester/projects/docker-compose.yml: `version` is obsolete&#34;
 Network pytest39947_default  Creating
 Network pytest39947_default  Error
failed to create network pytest39947_default: Error response from daemon: could not find an available, non-overlapping IPv4 address pool among the defaults to assign to the network
&#34;&#34;&#34;.&#34;</td></tr>
                        
                        
                        </table>

                        
                        <pre>docker_compose_command = &#39;docker compose&#39;, docker_compose_file = &#39;/home/madrid/Escritorio/SGE/SGE-odoo-project-tester/projects/docker-compose.yml&#39;, docker_compose_project_name = &#39;pytest39947&#39;
docker_setup = [&#39;up --build -d&#39;], docker_cleanup = [&#39;down -v&#39;]

    @pytest.fixture(scope=containers_scope)
    def docker_services(
        docker_compose_command: str,
        docker_compose_file: Union[List[str], str],
        docker_compose_project_name: str,
        docker_setup: str,
        docker_cleanup: str,
    ) -&gt; Iterator[Services]:
        &#34;&#34;&#34;Start all services from a docker compose file (`docker-compose up`).
        After test are finished, shutdown all services (`docker-compose down`).&#34;&#34;&#34;
    
&gt;       with get_docker_services(
            docker_compose_command,
            docker_compose_file,
            docker_compose_project_name,
            docker_setup,
            docker_cleanup,
        ) as docker_service:

.venv/lib/python3.8/site-packages/pytest_docker/plugin.py:238: 
_ _ _ _ _ _ _ _ _ _ _ _ _ _ _ _ _ _ _ _ _ _ _ _ _ _ _ _ _ _ _ _ _ _ _ _ _ _ _ _ _ _ _ _ _ _ _ _ _ _ _ _ _ _ _ _ _ _ _ _ _ _ _ _ _ _ _ _ _ _ _ _ _ _ _ _ _ _ _ _ _ _ _ _ _ _ _ _ _ _ _ _ _ _ _ _ _ _ _ _ _ _ _ _ _ _
/usr/lib/python3.8/contextlib.py:113: in __enter__
    return next(self.gen)
.venv/lib/python3.8/site-packages/pytest_docker/plugin.py:212: in get_docker_services
    docker_compose.execute(command)
.venv/lib/python3.8/site-packages/pytest_docker/plugin.py:140: in execute
    return execute(command)
_ _ _ _ _ _ _ _ _ _ _ _ _ _ _ _ _ _ _ _ _ _ _ _ _ _ _ _ _ _ _ _ _ _ _ _ _ _ _ _ _ _ _ _ _ _ _ _ _ _ _ _ _ _ _ _ _ _ _ _ _ _ _ _ _ _ _ _ _ _ _ _ _ _ _ _ _ _ _ _ _ _ _ _ _ _ _ _ _ _ _ _ _ _ _ _ _ _ _ _ _ _ _ _ _ _

command = &#39;docker compose -f &#34;/home/madrid/Escritorio/SGE/SGE-odoo-project-tester/projects/docker-compose.yml&#34; -p &#34;pytest39947&#34; up --build -d&#39;, success_codes = (0,)

    def execute(command: str, success_codes: Iterable[int] = (0,)) -&gt; Union[bytes, Any]:
        &#34;&#34;&#34;Run a shell command.&#34;&#34;&#34;
        try:
            output = subprocess.check_output(command, stderr=subprocess.STDOUT, shell=True)
            status = 0
        except subprocess.CalledProcessError as error:
            output = error.output or b&#34;&#34;
            status = error.returncode
            command = error.cmd
    
        if status not in success_codes:
&gt;           raise Exception(
                &#39;Command {} returned {}: &#34;&#34;&#34;{}&#34;&#34;&#34;.&#39;.format(command, status, output.decode(&#34;utf-8&#34;))
            )
E           Exception: Command docker compose -f &#34;/home/madrid/Escritorio/SGE/SGE-odoo-project-tester/projects/docker-compose.yml&#34; -p &#34;pytest39947&#34; up --build -d returned 1: &#34;&#34;&#34;time=&#34;2025-02-26T16:22:44+01:00&#34; level=warning msg=&#34;/home/madrid/Escritorio/SGE/SGE-odoo-project-tester/projects/docker-compose.yml: `version` is obsolete&#34;
E            Network pytest39947_default  Creating
E            Network pytest39947_default  Error
E           failed to create network pytest39947_default: Error response from daemon: could not find an available, non-overlapping IPv4 address pool among the defaults to assign to the network
E           &#34;&#34;&#34;.

.venv/lib/python3.8/site-packages/pytest_docker/plugin.py:35: Exception</pre>
                        
                        

                        
                        
                        
                    </div>
                
                    <div class="test outcome outcome-failed">
                        <a id="98330c07-d5ab-4dbd-997b-a48f1d36d431"></a>
                        <table class="proplist">
                            <tr><th>Test case:</th><td><b>test_otras_apps_entregadas_son_dependencias</b></td></tr>
                            <tr><th>Outcome:</th><td>Failed</td></tr>
                            <tr><th>Duration:</th><td>0.001 sec</td></tr>
                        
                            <tr><th>Failed</th><td>failed on setup with &#34;Exception: Command docker compose -f &#34;/home/madrid/Escritorio/SGE/SGE-odoo-project-tester/projects/docker-compose.yml&#34; -p &#34;pytest39947&#34; up --build -d returned 1: &#34;&#34;&#34;time=&#34;2025-02-26T16:22:44+01:00&#34; level=warning msg=&#34;/home/madrid/Escritorio/SGE/SGE-odoo-project-tester/projects/docker-compose.yml: `version` is obsolete&#34;
 Network pytest39947_default  Creating
 Network pytest39947_default  Error
failed to create network pytest39947_default: Error response from daemon: could not find an available, non-overlapping IPv4 address pool among the defaults to assign to the network
&#34;&#34;&#34;.&#34;</td></tr>
                        
                        
                        </table>

                        
                        <pre>docker_compose_command = &#39;docker compose&#39;, docker_compose_file = &#39;/home/madrid/Escritorio/SGE/SGE-odoo-project-tester/projects/docker-compose.yml&#39;, docker_compose_project_name = &#39;pytest39947&#39;
docker_setup = [&#39;up --build -d&#39;], docker_cleanup = [&#39;down -v&#39;]

    @pytest.fixture(scope=containers_scope)
    def docker_services(
        docker_compose_command: str,
        docker_compose_file: Union[List[str], str],
        docker_compose_project_name: str,
        docker_setup: str,
        docker_cleanup: str,
    ) -&gt; Iterator[Services]:
        &#34;&#34;&#34;Start all services from a docker compose file (`docker-compose up`).
        After test are finished, shutdown all services (`docker-compose down`).&#34;&#34;&#34;
    
&gt;       with get_docker_services(
            docker_compose_command,
            docker_compose_file,
            docker_compose_project_name,
            docker_setup,
            docker_cleanup,
        ) as docker_service:

.venv/lib/python3.8/site-packages/pytest_docker/plugin.py:238: 
_ _ _ _ _ _ _ _ _ _ _ _ _ _ _ _ _ _ _ _ _ _ _ _ _ _ _ _ _ _ _ _ _ _ _ _ _ _ _ _ _ _ _ _ _ _ _ _ _ _ _ _ _ _ _ _ _ _ _ _ _ _ _ _ _ _ _ _ _ _ _ _ _ _ _ _ _ _ _ _ _ _ _ _ _ _ _ _ _ _ _ _ _ _ _ _ _ _ _ _ _ _ _ _ _ _
/usr/lib/python3.8/contextlib.py:113: in __enter__
    return next(self.gen)
.venv/lib/python3.8/site-packages/pytest_docker/plugin.py:212: in get_docker_services
    docker_compose.execute(command)
.venv/lib/python3.8/site-packages/pytest_docker/plugin.py:140: in execute
    return execute(command)
_ _ _ _ _ _ _ _ _ _ _ _ _ _ _ _ _ _ _ _ _ _ _ _ _ _ _ _ _ _ _ _ _ _ _ _ _ _ _ _ _ _ _ _ _ _ _ _ _ _ _ _ _ _ _ _ _ _ _ _ _ _ _ _ _ _ _ _ _ _ _ _ _ _ _ _ _ _ _ _ _ _ _ _ _ _ _ _ _ _ _ _ _ _ _ _ _ _ _ _ _ _ _ _ _ _

command = &#39;docker compose -f &#34;/home/madrid/Escritorio/SGE/SGE-odoo-project-tester/projects/docker-compose.yml&#34; -p &#34;pytest39947&#34; up --build -d&#39;, success_codes = (0,)

    def execute(command: str, success_codes: Iterable[int] = (0,)) -&gt; Union[bytes, Any]:
        &#34;&#34;&#34;Run a shell command.&#34;&#34;&#34;
        try:
            output = subprocess.check_output(command, stderr=subprocess.STDOUT, shell=True)
            status = 0
        except subprocess.CalledProcessError as error:
            output = error.output or b&#34;&#34;
            status = error.returncode
            command = error.cmd
    
        if status not in success_codes:
&gt;           raise Exception(
                &#39;Command {} returned {}: &#34;&#34;&#34;{}&#34;&#34;&#34;.&#39;.format(command, status, output.decode(&#34;utf-8&#34;))
            )
E           Exception: Command docker compose -f &#34;/home/madrid/Escritorio/SGE/SGE-odoo-project-tester/projects/docker-compose.yml&#34; -p &#34;pytest39947&#34; up --build -d returned 1: &#34;&#34;&#34;time=&#34;2025-02-26T16:22:44+01:00&#34; level=warning msg=&#34;/home/madrid/Escritorio/SGE/SGE-odoo-project-tester/projects/docker-compose.yml: `version` is obsolete&#34;
E            Network pytest39947_default  Creating
E            Network pytest39947_default  Error
E           failed to create network pytest39947_default: Error response from daemon: could not find an available, non-overlapping IPv4 address pool among the defaults to assign to the network
E           &#34;&#34;&#34;.

.venv/lib/python3.8/site-packages/pytest_docker/plugin.py:35: Exception</pre>
                        
                        

                        
                        
                        
                    </div>
                
                    <div class="test outcome outcome-failed">
                        <a id="5c9b3872-9b11-49c2-9f94-c0657139c47a"></a>
                        <table class="proplist">
                            <tr><th>Test case:</th><td><b>test_no_hay_elementos_xml_comentados</b></td></tr>
                            <tr><th>Outcome:</th><td>Failed</td></tr>
                            <tr><th>Duration:</th><td>0.001 sec</td></tr>
                        
                            <tr><th>Failed</th><td>failed on setup with &#34;Exception: Command docker compose -f &#34;/home/madrid/Escritorio/SGE/SGE-odoo-project-tester/projects/docker-compose.yml&#34; -p &#34;pytest39947&#34; up --build -d returned 1: &#34;&#34;&#34;time=&#34;2025-02-26T16:22:44+01:00&#34; level=warning msg=&#34;/home/madrid/Escritorio/SGE/SGE-odoo-project-tester/projects/docker-compose.yml: `version` is obsolete&#34;
 Network pytest39947_default  Creating
 Network pytest39947_default  Error
failed to create network pytest39947_default: Error response from daemon: could not find an available, non-overlapping IPv4 address pool among the defaults to assign to the network
&#34;&#34;&#34;.&#34;</td></tr>
                        
                        
                        </table>

                        
                        <pre>docker_compose_command = &#39;docker compose&#39;, docker_compose_file = &#39;/home/madrid/Escritorio/SGE/SGE-odoo-project-tester/projects/docker-compose.yml&#39;, docker_compose_project_name = &#39;pytest39947&#39;
docker_setup = [&#39;up --build -d&#39;], docker_cleanup = [&#39;down -v&#39;]

    @pytest.fixture(scope=containers_scope)
    def docker_services(
        docker_compose_command: str,
        docker_compose_file: Union[List[str], str],
        docker_compose_project_name: str,
        docker_setup: str,
        docker_cleanup: str,
    ) -&gt; Iterator[Services]:
        &#34;&#34;&#34;Start all services from a docker compose file (`docker-compose up`).
        After test are finished, shutdown all services (`docker-compose down`).&#34;&#34;&#34;
    
&gt;       with get_docker_services(
            docker_compose_command,
            docker_compose_file,
            docker_compose_project_name,
            docker_setup,
            docker_cleanup,
        ) as docker_service:

.venv/lib/python3.8/site-packages/pytest_docker/plugin.py:238: 
_ _ _ _ _ _ _ _ _ _ _ _ _ _ _ _ _ _ _ _ _ _ _ _ _ _ _ _ _ _ _ _ _ _ _ _ _ _ _ _ _ _ _ _ _ _ _ _ _ _ _ _ _ _ _ _ _ _ _ _ _ _ _ _ _ _ _ _ _ _ _ _ _ _ _ _ _ _ _ _ _ _ _ _ _ _ _ _ _ _ _ _ _ _ _ _ _ _ _ _ _ _ _ _ _ _
/usr/lib/python3.8/contextlib.py:113: in __enter__
    return next(self.gen)
.venv/lib/python3.8/site-packages/pytest_docker/plugin.py:212: in get_docker_services
    docker_compose.execute(command)
.venv/lib/python3.8/site-packages/pytest_docker/plugin.py:140: in execute
    return execute(command)
_ _ _ _ _ _ _ _ _ _ _ _ _ _ _ _ _ _ _ _ _ _ _ _ _ _ _ _ _ _ _ _ _ _ _ _ _ _ _ _ _ _ _ _ _ _ _ _ _ _ _ _ _ _ _ _ _ _ _ _ _ _ _ _ _ _ _ _ _ _ _ _ _ _ _ _ _ _ _ _ _ _ _ _ _ _ _ _ _ _ _ _ _ _ _ _ _ _ _ _ _ _ _ _ _ _

command = &#39;docker compose -f &#34;/home/madrid/Escritorio/SGE/SGE-odoo-project-tester/projects/docker-compose.yml&#34; -p &#34;pytest39947&#34; up --build -d&#39;, success_codes = (0,)

    def execute(command: str, success_codes: Iterable[int] = (0,)) -&gt; Union[bytes, Any]:
        &#34;&#34;&#34;Run a shell command.&#34;&#34;&#34;
        try:
            output = subprocess.check_output(command, stderr=subprocess.STDOUT, shell=True)
            status = 0
        except subprocess.CalledProcessError as error:
            output = error.output or b&#34;&#34;
            status = error.returncode
            command = error.cmd
    
        if status not in success_codes:
&gt;           raise Exception(
                &#39;Command {} returned {}: &#34;&#34;&#34;{}&#34;&#34;&#34;.&#39;.format(command, status, output.decode(&#34;utf-8&#34;))
            )
E           Exception: Command docker compose -f &#34;/home/madrid/Escritorio/SGE/SGE-odoo-project-tester/projects/docker-compose.yml&#34; -p &#34;pytest39947&#34; up --build -d returned 1: &#34;&#34;&#34;time=&#34;2025-02-26T16:22:44+01:00&#34; level=warning msg=&#34;/home/madrid/Escritorio/SGE/SGE-odoo-project-tester/projects/docker-compose.yml: `version` is obsolete&#34;
E            Network pytest39947_default  Creating
E            Network pytest39947_default  Error
E           failed to create network pytest39947_default: Error response from daemon: could not find an available, non-overlapping IPv4 address pool among the defaults to assign to the network
E           &#34;&#34;&#34;.

.venv/lib/python3.8/site-packages/pytest_docker/plugin.py:35: Exception</pre>
                        
                        

                        
                        
                        
                    </div>
                
                    <div class="test outcome outcome-failed">
                        <a id="57cc2118-84d7-422d-8dd5-ea9f64e7d35f"></a>
                        <table class="proplist">
                            <tr><th>Test case:</th><td><b>test_no_hay_codigo_python_comentado</b></td></tr>
                            <tr><th>Outcome:</th><td>Failed</td></tr>
                            <tr><th>Duration:</th><td>0.001 sec</td></tr>
                        
                            <tr><th>Failed</th><td>failed on setup with &#34;Exception: Command docker compose -f &#34;/home/madrid/Escritorio/SGE/SGE-odoo-project-tester/projects/docker-compose.yml&#34; -p &#34;pytest39947&#34; up --build -d returned 1: &#34;&#34;&#34;time=&#34;2025-02-26T16:22:44+01:00&#34; level=warning msg=&#34;/home/madrid/Escritorio/SGE/SGE-odoo-project-tester/projects/docker-compose.yml: `version` is obsolete&#34;
 Network pytest39947_default  Creating
 Network pytest39947_default  Error
failed to create network pytest39947_default: Error response from daemon: could not find an available, non-overlapping IPv4 address pool among the defaults to assign to the network
&#34;&#34;&#34;.&#34;</td></tr>
                        
                        
                        </table>

                        
                        <pre>docker_compose_command = &#39;docker compose&#39;, docker_compose_file = &#39;/home/madrid/Escritorio/SGE/SGE-odoo-project-tester/projects/docker-compose.yml&#39;, docker_compose_project_name = &#39;pytest39947&#39;
docker_setup = [&#39;up --build -d&#39;], docker_cleanup = [&#39;down -v&#39;]

    @pytest.fixture(scope=containers_scope)
    def docker_services(
        docker_compose_command: str,
        docker_compose_file: Union[List[str], str],
        docker_compose_project_name: str,
        docker_setup: str,
        docker_cleanup: str,
    ) -&gt; Iterator[Services]:
        &#34;&#34;&#34;Start all services from a docker compose file (`docker-compose up`).
        After test are finished, shutdown all services (`docker-compose down`).&#34;&#34;&#34;
    
&gt;       with get_docker_services(
            docker_compose_command,
            docker_compose_file,
            docker_compose_project_name,
            docker_setup,
            docker_cleanup,
        ) as docker_service:

.venv/lib/python3.8/site-packages/pytest_docker/plugin.py:238: 
_ _ _ _ _ _ _ _ _ _ _ _ _ _ _ _ _ _ _ _ _ _ _ _ _ _ _ _ _ _ _ _ _ _ _ _ _ _ _ _ _ _ _ _ _ _ _ _ _ _ _ _ _ _ _ _ _ _ _ _ _ _ _ _ _ _ _ _ _ _ _ _ _ _ _ _ _ _ _ _ _ _ _ _ _ _ _ _ _ _ _ _ _ _ _ _ _ _ _ _ _ _ _ _ _ _
/usr/lib/python3.8/contextlib.py:113: in __enter__
    return next(self.gen)
.venv/lib/python3.8/site-packages/pytest_docker/plugin.py:212: in get_docker_services
    docker_compose.execute(command)
.venv/lib/python3.8/site-packages/pytest_docker/plugin.py:140: in execute
    return execute(command)
_ _ _ _ _ _ _ _ _ _ _ _ _ _ _ _ _ _ _ _ _ _ _ _ _ _ _ _ _ _ _ _ _ _ _ _ _ _ _ _ _ _ _ _ _ _ _ _ _ _ _ _ _ _ _ _ _ _ _ _ _ _ _ _ _ _ _ _ _ _ _ _ _ _ _ _ _ _ _ _ _ _ _ _ _ _ _ _ _ _ _ _ _ _ _ _ _ _ _ _ _ _ _ _ _ _

command = &#39;docker compose -f &#34;/home/madrid/Escritorio/SGE/SGE-odoo-project-tester/projects/docker-compose.yml&#34; -p &#34;pytest39947&#34; up --build -d&#39;, success_codes = (0,)

    def execute(command: str, success_codes: Iterable[int] = (0,)) -&gt; Union[bytes, Any]:
        &#34;&#34;&#34;Run a shell command.&#34;&#34;&#34;
        try:
            output = subprocess.check_output(command, stderr=subprocess.STDOUT, shell=True)
            status = 0
        except subprocess.CalledProcessError as error:
            output = error.output or b&#34;&#34;
            status = error.returncode
            command = error.cmd
    
        if status not in success_codes:
&gt;           raise Exception(
                &#39;Command {} returned {}: &#34;&#34;&#34;{}&#34;&#34;&#34;.&#39;.format(command, status, output.decode(&#34;utf-8&#34;))
            )
E           Exception: Command docker compose -f &#34;/home/madrid/Escritorio/SGE/SGE-odoo-project-tester/projects/docker-compose.yml&#34; -p &#34;pytest39947&#34; up --build -d returned 1: &#34;&#34;&#34;time=&#34;2025-02-26T16:22:44+01:00&#34; level=warning msg=&#34;/home/madrid/Escritorio/SGE/SGE-odoo-project-tester/projects/docker-compose.yml: `version` is obsolete&#34;
E            Network pytest39947_default  Creating
E            Network pytest39947_default  Error
E           failed to create network pytest39947_default: Error response from daemon: could not find an available, non-overlapping IPv4 address pool among the defaults to assign to the network
E           &#34;&#34;&#34;.

.venv/lib/python3.8/site-packages/pytest_docker/plugin.py:35: Exception</pre>
                        
                        

                        
                        
                        
                    </div>
                
                    <div class="test outcome outcome-failed">
                        <a id="59f84325-e4d8-41f2-b6bc-eca009a62397"></a>
                        <table class="proplist">
                            <tr><th>Test case:</th><td><b>test_log_servidor_sin_errores</b></td></tr>
                            <tr><th>Outcome:</th><td>Failed</td></tr>
                            <tr><th>Duration:</th><td>0.001 sec</td></tr>
                        
                            <tr><th>Failed</th><td>failed on setup with &#34;Exception: Command docker compose -f &#34;/home/madrid/Escritorio/SGE/SGE-odoo-project-tester/projects/docker-compose.yml&#34; -p &#34;pytest39947&#34; up --build -d returned 1: &#34;&#34;&#34;time=&#34;2025-02-26T16:22:44+01:00&#34; level=warning msg=&#34;/home/madrid/Escritorio/SGE/SGE-odoo-project-tester/projects/docker-compose.yml: `version` is obsolete&#34;
 Network pytest39947_default  Creating
 Network pytest39947_default  Error
failed to create network pytest39947_default: Error response from daemon: could not find an available, non-overlapping IPv4 address pool among the defaults to assign to the network
&#34;&#34;&#34;.&#34;</td></tr>
                        
                        
                        </table>

                        
                        <pre>docker_compose_command = &#39;docker compose&#39;, docker_compose_file = &#39;/home/madrid/Escritorio/SGE/SGE-odoo-project-tester/projects/docker-compose.yml&#39;, docker_compose_project_name = &#39;pytest39947&#39;
docker_setup = [&#39;up --build -d&#39;], docker_cleanup = [&#39;down -v&#39;]

    @pytest.fixture(scope=containers_scope)
    def docker_services(
        docker_compose_command: str,
        docker_compose_file: Union[List[str], str],
        docker_compose_project_name: str,
        docker_setup: str,
        docker_cleanup: str,
    ) -&gt; Iterator[Services]:
        &#34;&#34;&#34;Start all services from a docker compose file (`docker-compose up`).
        After test are finished, shutdown all services (`docker-compose down`).&#34;&#34;&#34;
    
&gt;       with get_docker_services(
            docker_compose_command,
            docker_compose_file,
            docker_compose_project_name,
            docker_setup,
            docker_cleanup,
        ) as docker_service:

.venv/lib/python3.8/site-packages/pytest_docker/plugin.py:238: 
_ _ _ _ _ _ _ _ _ _ _ _ _ _ _ _ _ _ _ _ _ _ _ _ _ _ _ _ _ _ _ _ _ _ _ _ _ _ _ _ _ _ _ _ _ _ _ _ _ _ _ _ _ _ _ _ _ _ _ _ _ _ _ _ _ _ _ _ _ _ _ _ _ _ _ _ _ _ _ _ _ _ _ _ _ _ _ _ _ _ _ _ _ _ _ _ _ _ _ _ _ _ _ _ _ _
/usr/lib/python3.8/contextlib.py:113: in __enter__
    return next(self.gen)
.venv/lib/python3.8/site-packages/pytest_docker/plugin.py:212: in get_docker_services
    docker_compose.execute(command)
.venv/lib/python3.8/site-packages/pytest_docker/plugin.py:140: in execute
    return execute(command)
_ _ _ _ _ _ _ _ _ _ _ _ _ _ _ _ _ _ _ _ _ _ _ _ _ _ _ _ _ _ _ _ _ _ _ _ _ _ _ _ _ _ _ _ _ _ _ _ _ _ _ _ _ _ _ _ _ _ _ _ _ _ _ _ _ _ _ _ _ _ _ _ _ _ _ _ _ _ _ _ _ _ _ _ _ _ _ _ _ _ _ _ _ _ _ _ _ _ _ _ _ _ _ _ _ _

command = &#39;docker compose -f &#34;/home/madrid/Escritorio/SGE/SGE-odoo-project-tester/projects/docker-compose.yml&#34; -p &#34;pytest39947&#34; up --build -d&#39;, success_codes = (0,)

    def execute(command: str, success_codes: Iterable[int] = (0,)) -&gt; Union[bytes, Any]:
        &#34;&#34;&#34;Run a shell command.&#34;&#34;&#34;
        try:
            output = subprocess.check_output(command, stderr=subprocess.STDOUT, shell=True)
            status = 0
        except subprocess.CalledProcessError as error:
            output = error.output or b&#34;&#34;
            status = error.returncode
            command = error.cmd
    
        if status not in success_codes:
&gt;           raise Exception(
                &#39;Command {} returned {}: &#34;&#34;&#34;{}&#34;&#34;&#34;.&#39;.format(command, status, output.decode(&#34;utf-8&#34;))
            )
E           Exception: Command docker compose -f &#34;/home/madrid/Escritorio/SGE/SGE-odoo-project-tester/projects/docker-compose.yml&#34; -p &#34;pytest39947&#34; up --build -d returned 1: &#34;&#34;&#34;time=&#34;2025-02-26T16:22:44+01:00&#34; level=warning msg=&#34;/home/madrid/Escritorio/SGE/SGE-odoo-project-tester/projects/docker-compose.yml: `version` is obsolete&#34;
E            Network pytest39947_default  Creating
E            Network pytest39947_default  Error
E           failed to create network pytest39947_default: Error response from daemon: could not find an available, non-overlapping IPv4 address pool among the defaults to assign to the network
E           &#34;&#34;&#34;.

.venv/lib/python3.8/site-packages/pytest_docker/plugin.py:35: Exception</pre>
                        
                        

                        
                        
                        
                    </div>
                
                </div>
            </div>
            
            <div class="testclass">
                <h4>test_minimal_requirements.TestOtros</h4>
                <div class="testcases">
                
                    <div class="test outcome outcome-skipped">
                        <a id="d5e370c9-503e-4200-8b28-fa80acafb232"></a>
                        <table class="proplist">
                            <tr><th>Test case:</th><td><b>test_log_sin_warnings</b></td></tr>
                            <tr><th>Outcome:</th><td>Skipped</td></tr>
                            <tr><th>Duration:</th><td>0.001 sec</td></tr>
                        
                        
                            <tr><th>Skipped</th><td></td></tr>
                        
                        </table>

                        
                        
                        <pre>skipped</pre>
                        

                        
                        
                        
                    </div>
                
                </div>
            </div>
            
            <div class="testclass">
                <h4>test_minimal_requirements.TestRNFAdicionalesKanban</h4>
                <div class="testcases">
                
                    <div class="test outcome outcome-skipped">
                        <a id="32b50ea0-cf98-4f04-a917-7ce3549cd561"></a>
                        <table class="proplist">
                            <tr><th>Test case:</th><td><b>test_vista_kanban[/kanban]</b></td></tr>
                            <tr><th>Outcome:</th><td>Skipped</td></tr>
                            <tr><th>Duration:</th><td>0.001 sec</td></tr>
                        
                        
                            <tr><th>Skipped</th><td></td></tr>
                        
                        </table>

                        
                        
                        <pre>skipped</pre>
                        

                        
                        
                        
                    </div>
                
                    <div class="test outcome outcome-skipped">
                        <a id="0d10964c-fd13-4977-9300-7e63fa3f91b6"></a>
                        <table class="proplist">
                            <tr><th>Test case:</th><td><b>test_vista_kanban[/kanban[@default_group_by]]</b></td></tr>
                            <tr><th>Outcome:</th><td>Skipped</td></tr>
                            <tr><th>Duration:</th><td>0.001 sec</td></tr>
                        
                        
                            <tr><th>Skipped</th><td></td></tr>
                        
                        </table>

                        
                        
                        <pre>skipped</pre>
                        

                        
                        
                        
                    </div>
                
                    <div class="test outcome outcome-skipped">
                        <a id="d88eea2d-4a1c-4bd8-925d-e63a3eb1c1c5"></a>
                        <table class="proplist">
                            <tr><th>Test case:</th><td><b>test_vista_kanban_imagen[/img]</b></td></tr>
                            <tr><th>Outcome:</th><td>Skipped</td></tr>
                            <tr><th>Duration:</th><td>0.001 sec</td></tr>
                        
                        
                            <tr><th>Skipped</th><td></td></tr>
                        
                        </table>

                        
                        
                        <pre>skipped</pre>
                        

                        
                        
                        
                    </div>
                
                    <div class="test outcome outcome-skipped">
                        <a id="5eac906c-b5a4-4f3a-9dbd-6d686d1b01cb"></a>
                        <table class="proplist">
                            <tr><th>Test case:</th><td><b>test_vista_kanban_imagen[/field[@preview_image]]</b></td></tr>
                            <tr><th>Outcome:</th><td>Skipped</td></tr>
                            <tr><th>Duration:</th><td>0.001 sec</td></tr>
                        
                        
                            <tr><th>Skipped</th><td></td></tr>
                        
                        </table>

                        
                        
                        <pre>skipped</pre>
                        

                        
                        
                        
                    </div>
                
                    <div class="test outcome outcome-skipped">
                        <a id="2e3960ad-ac57-4976-bb89-74bb109ccdb0"></a>
                        <table class="proplist">
                            <tr><th>Test case:</th><td><b>test_vista_kanban_imagen[/field[@widget=&#34;image&#34;]]</b></td></tr>
                            <tr><th>Outcome:</th><td>Skipped</td></tr>
                            <tr><th>Duration:</th><td>0.001 sec</td></tr>
                        
                        
                            <tr><th>Skipped</th><td></td></tr>
                        
                        </table>

                        
                        
                        <pre>skipped</pre>
                        

                        
                        
                        
                    </div>
                
                </div>
            </div>
            
            <div class="testclass">
                <h4>test_minimal_requirements.TestRNFAdicionalesBusqueda</h4>
                <div class="testcases">
                
                    <div class="test outcome outcome-skipped">
                        <a id="99a47fbe-f41a-4652-9e73-33e9fc74d7d3"></a>
                        <table class="proplist">
                            <tr><th>Test case:</th><td><b>test_vista_search[/search]</b></td></tr>
                            <tr><th>Outcome:</th><td>Skipped</td></tr>
                            <tr><th>Duration:</th><td>0.001 sec</td></tr>
                        
                        
                            <tr><th>Skipped</th><td></td></tr>
                        
                        </table>

                        
                        
                        <pre>skipped</pre>
                        

                        
                        
                        
                    </div>
                
                    <div class="test outcome outcome-skipped">
                        <a id="e83ebc0d-1294-4a44-8b1b-6505f6c33e9f"></a>
                        <table class="proplist">
                            <tr><th>Test case:</th><td><b>test_vista_search_compleja[/filter[@domain]]</b></td></tr>
                            <tr><th>Outcome:</th><td>Skipped</td></tr>
                            <tr><th>Duration:</th><td>0.001 sec</td></tr>
                        
                        
                            <tr><th>Skipped</th><td></td></tr>
                        
                        </table>

                        
                        
                        <pre>skipped</pre>
                        

                        
                        
                        
                    </div>
                
                    <div class="test outcome outcome-skipped">
                        <a id="6ed35a00-929f-4096-818e-037cf4c8db4f"></a>
                        <table class="proplist">
                            <tr><th>Test case:</th><td><b>test_vista_search_compleja[/group//filter[@context]]</b></td></tr>
                            <tr><th>Outcome:</th><td>Skipped</td></tr>
                            <tr><th>Duration:</th><td>0.382 sec</td></tr>
                        
                        
                            <tr><th>Skipped</th><td></td></tr>
                        
                        </table>

                        
                        
                        <pre>skipped</pre>
                        

                        
                        
                        
                    </div>
                
                </div>
            </div>
            
            <div class="testclass">
                <h4>test_minimal_requirements.TestRNFAdicionalesOtrasVistas</h4>
                <div class="testcases">
                
                    <div class="test outcome outcome-skipped">
                        <a id="6637ca87-360a-417f-a1f6-8a05a01df34a"></a>
                        <table class="proplist">
                            <tr><th>Test case:</th><td><b>test_otras_vistas_adicionales[activity]</b></td></tr>
                            <tr><th>Outcome:</th><td>Skipped</td></tr>
                            <tr><th>Duration:</th><td>0.001 sec</td></tr>
                        
                        
                            <tr><th>Skipped</th><td></td></tr>
                        
                        </table>

                        
                        
                        <pre>skipped</pre>
                        

                        
                        
                        
                    </div>
                
                    <div class="test outcome outcome-skipped">
                        <a id="a0e29d0f-6869-481d-ae1e-60c4df9f29b5"></a>
                        <table class="proplist">
                            <tr><th>Test case:</th><td><b>test_otras_vistas_adicionales[calendar]</b></td></tr>
                            <tr><th>Outcome:</th><td>Skipped</td></tr>
                            <tr><th>Duration:</th><td>0.001 sec</td></tr>
                        
                        
                            <tr><th>Skipped</th><td></td></tr>
                        
                        </table>

                        
                        
                        <pre>skipped</pre>
                        

                        
                        
                        
                    </div>
                
                    <div class="test outcome outcome-skipped">
                        <a id="52a5b721-037f-47a1-ad08-13e69730c669"></a>
                        <table class="proplist">
                            <tr><th>Test case:</th><td><b>test_otras_vistas_adicionales[graph]</b></td></tr>
                            <tr><th>Outcome:</th><td>Skipped</td></tr>
                            <tr><th>Duration:</th><td>0.001 sec</td></tr>
                        
                        
                            <tr><th>Skipped</th><td></td></tr>
                        
                        </table>

                        
                        
                        <pre>skipped</pre>
                        

                        
                        
                        
                    </div>
                
                    <div class="test outcome outcome-skipped">
                        <a id="6b1ca2cc-3954-4752-b06a-ef4b5b3398be"></a>
                        <table class="proplist">
                            <tr><th>Test case:</th><td><b>test_otras_vistas_adicionales[pivot]</b></td></tr>
                            <tr><th>Outcome:</th><td>Skipped</td></tr>
                            <tr><th>Duration:</th><td>0.001 sec</td></tr>
                        
                        
                            <tr><th>Skipped</th><td></td></tr>
                        
                        </table>

                        
                        
                        <pre>skipped</pre>
                        

                        
                        
                        
                    </div>
                
                </div>
            </div>
            
            <div class="testclass">
                <h4>test_minimal_requirements.TestRNFAdicionalesConstraints</h4>
                <div class="testcases">
                
                    <div class="test outcome outcome-skipped">
                        <a id="a5e77bbf-56de-4c70-b532-5cda08b43cb5"></a>
                        <table class="proplist">
                            <tr><th>Test case:</th><td><b>test_constraints_sql</b></td></tr>
                            <tr><th>Outcome:</th><td>Skipped</td></tr>
                            <tr><th>Duration:</th><td>0.001 sec</td></tr>
                        
                        
                            <tr><th>Skipped</th><td></td></tr>
                        
                        </table>

                        
                        
                        <pre>skipped</pre>
                        

                        
                        
                        
                    </div>
                
                </div>
            </div>
            
            <div class="testclass">
                <h4>test_minimal_requirements.TestRNFAdicionalesSeguridadAvanzada</h4>
                <div class="testcases">
                
                    <div class="test outcome outcome-skipped">
                        <a id="13c84ed9-a2bb-4817-a4ce-274cdeffb5a0"></a>
                        <table class="proplist">
                            <tr><th>Test case:</th><td><b>test_seguridad_con_grupos_propios</b></td></tr>
                            <tr><th>Outcome:</th><td>Skipped</td></tr>
                            <tr><th>Duration:</th><td>0.001 sec</td></tr>
                        
                        
                            <tr><th>Skipped</th><td></td></tr>
                        
                        </table>

                        
                        
                        <pre>skipped</pre>
                        

                        
                        
                        
                    </div>
                
                </div>
            </div>
            
            <div class="testclass">
                <h4>test_minimal_requirements.TestRNFAdicionalesDatosAvanzados</h4>
                <div class="testcases">
                
                    <div class="test outcome outcome-skipped">
                        <a id="1f365ee1-802e-40b6-865b-a24eff64d337"></a>
                        <table class="proplist">
                            <tr><th>Test case:</th><td><b>test_datos_maestros_o_demo_avanzados[binary]</b></td></tr>
                            <tr><th>Outcome:</th><td>Skipped</td></tr>
                            <tr><th>Duration:</th><td>0.001 sec</td></tr>
                        
                        
                            <tr><th>Skipped</th><td></td></tr>
                        
                        </table>

                        
                        
                        <pre>skipped</pre>
                        

                        
                        
                        
                    </div>
                
                    <div class="test outcome outcome-skipped">
                        <a id="33904228-7271-4e2f-9ad1-10f7a0630237"></a>
                        <table class="proplist">
                            <tr><th>Test case:</th><td><b>test_datos_maestros_o_demo_avanzados[many2many]</b></td></tr>
                            <tr><th>Outcome:</th><td>Skipped</td></tr>
                            <tr><th>Duration:</th><td>0.001 sec</td></tr>
                        
                        
                            <tr><th>Skipped</th><td></td></tr>
                        
                        </table>

                        
                        
                        <pre>skipped</pre>
                        

                        
                        
                        
                    </div>
                
                    <div class="test outcome outcome-skipped">
                        <a id="0b3e72d1-727a-4b6a-838d-d4ed98982bc9"></a>
                        <table class="proplist">
                            <tr><th>Test case:</th><td><b>test_datos_maestros_o_demo_avanzados[many2one]</b></td></tr>
                            <tr><th>Outcome:</th><td>Skipped</td></tr>
                            <tr><th>Duration:</th><td>0.001 sec</td></tr>
                        
                        
                            <tr><th>Skipped</th><td></td></tr>
                        
                        </table>

                        
                        
                        <pre>skipped</pre>
                        

                        
                        
                        
                    </div>
                
                </div>
            </div>
            
            <div class="testclass">
                <h4>test_minimal_requirements.TestRNFAdicionalesHerenciaVistas</h4>
                <div class="testcases">
                
                    <div class="test outcome outcome-skipped">
                        <a id="eb203a56-ac3b-4fc4-974c-eba9ca1e4547"></a>
                        <table class="proplist">
                            <tr><th>Test case:</th><td><b>test_herencia_en_vistas_con_position</b></td></tr>
                            <tr><th>Outcome:</th><td>Skipped</td></tr>
                            <tr><th>Duration:</th><td>0.001 sec</td></tr>
                        
                        
                            <tr><th>Skipped</th><td></td></tr>
                        
                        </table>

                        
                        
                        <pre>skipped</pre>
                        

                        
                        
                        
                    </div>
                
                    <div class="test outcome outcome-skipped">
                        <a id="0364feab-2e7e-4894-863a-66a175faf7d9"></a>
                        <table class="proplist">
                            <tr><th>Test case:</th><td><b>test_herencia_en_vistas_con_inherit_id</b></td></tr>
                            <tr><th>Outcome:</th><td>Skipped</td></tr>
                            <tr><th>Duration:</th><td>0.001 sec</td></tr>
                        
                        
                            <tr><th>Skipped</th><td></td></tr>
                        
                        </table>

                        
                        
                        <pre>skipped</pre>
                        

                        
                        
                        
                    </div>
                
                </div>
            </div>
            
            <div class="testclass">
                <h4>test_minimal_requirements.TestRNFAdicionalesHerenciaModelos</h4>
                <div class="testcases">
                
                    <div class="test outcome outcome-skipped">
                        <a id="12bb1596-84ab-4c72-9051-141fc574d0ec"></a>
                        <table class="proplist">
                            <tr><th>Test case:</th><td><b>test_modelos_existentes_modificados_por_herencia</b></td></tr>
                            <tr><th>Outcome:</th><td>Skipped</td></tr>
                            <tr><th>Duration:</th><td>0.001 sec</td></tr>
                        
                        
                            <tr><th>Skipped</th><td></td></tr>
                        
                        </table>

                        
                        
                        <pre>skipped</pre>
                        

                        
                        
                        
                    </div>
                
                    <div class="test outcome outcome-skipped">
                        <a id="fd6363f5-c1f3-4a3b-afbd-d47dfa5b0f52"></a>
                        <table class="proplist">
                            <tr><th>Test case:</th><td><b>test_nuevos_modelos_con_herencia</b></td></tr>
                            <tr><th>Outcome:</th><td>Skipped</td></tr>
                            <tr><th>Duration:</th><td>0.001 sec</td></tr>
                        
                        
                            <tr><th>Skipped</th><td></td></tr>
                        
                        </table>

                        
                        
                        <pre>skipped</pre>
                        

                        
                        
                        
                    </div>
                
                </div>
            </div>
            
            <div class="testclass">
                <h4>test_minimal_requirements.TestRNFAdicionalesTraducciones</h4>
                <div class="testcases">
                
                    <div class="test outcome outcome-skipped">
                        <a id="d068e051-fb42-4ea2-8310-470467ddd67c"></a>
                        <table class="proplist">
                            <tr><th>Test case:</th><td><b>test_i18n</b></td></tr>
                            <tr><th>Outcome:</th><td>Skipped</td></tr>
                            <tr><th>Duration:</th><td>0.001 sec</td></tr>
                        
                        
                            <tr><th>Skipped</th><td></td></tr>
                        
                        </table>

                        
                        
                        <pre>skipped</pre>
                        

                        
                        
                        
                    </div>
                
                </div>
            </div>
            
            <div class="testclass">
                <h4>test_minimal_requirements.TestRNFAdicionalesInformes</h4>
                <div class="testcases">
                
                    <div class="test outcome outcome-skipped">
                        <a id="b8431658-7bb7-402f-b56e-a12e9b9ecd40"></a>
                        <table class="proplist">
                            <tr><th>Test case:</th><td><b>test_informes[report]</b></td></tr>
                            <tr><th>Outcome:</th><td>Skipped</td></tr>
                            <tr><th>Duration:</th><td>0.001 sec</td></tr>
                        
                        
                            <tr><th>Skipped</th><td></td></tr>
                        
                        </table>

                        
                        
                        <pre>skipped</pre>
                        

                        
                        
                        
                    </div>
                
                    <div class="test outcome outcome-skipped">
                        <a id="585193ba-915a-4f13-a02d-69d4642c2ff6"></a>
                        <table class="proplist">
                            <tr><th>Test case:</th><td><b>test_informes[template]</b></td></tr>
                            <tr><th>Outcome:</th><td>Skipped</td></tr>
                            <tr><th>Duration:</th><td>0.001 sec</td></tr>
                        
                        
                            <tr><th>Skipped</th><td></td></tr>
                        
                        </table>

                        
                        
                        <pre>skipped</pre>
                        

                        
                        
                        
                    </div>
                
                    <div class="test outcome outcome-skipped">
                        <a id="d2ed75ac-e513-4618-8f73-a78d48c35c99"></a>
                        <table class="proplist">
                            <tr><th>Test case:</th><td><b>test_informes_complejos[/t[@t-foreach]]</b></td></tr>
                            <tr><th>Outcome:</th><td>Skipped</td></tr>
                            <tr><th>Duration:</th><td>0.001 sec</td></tr>
                        
                        
                            <tr><th>Skipped</th><td></td></tr>
                        
                        </table>

                        
                        
                        <pre>skipped</pre>
                        

                        
                        
                        
                    </div>
                
                    <div class="test outcome outcome-skipped">
                        <a id="9051004b-9578-467b-adee-decb98c5bde9"></a>
                        <table class="proplist">
                            <tr><th>Test case:</th><td><b>test_informes_complejos[/img[@t-att-src]]</b></td></tr>
                            <tr><th>Outcome:</th><td>Skipped</td></tr>
                            <tr><th>Duration:</th><td>0.001 sec</td></tr>
                        
                        
                            <tr><th>Skipped</th><td></td></tr>
                        
                        </table>

                        
                        
                        <pre>skipped</pre>
                        

                        
                        
                        
                    </div>
                
                    <div class="test outcome outcome-skipped">
                        <a id="00948445-0a88-45c5-ad4d-7f5aa69c5079"></a>
                        <table class="proplist">
                            <tr><th>Test case:</th><td><b>test_informes_complejos[/t[@t-call and not(@t-call=&#34;web.external_layout&#34; or @t-call=&#34;web.html_container&#34;)]]</b></td></tr>
                            <tr><th>Outcome:</th><td>Skipped</td></tr>
                            <tr><th>Duration:</th><td>0.001 sec</td></tr>
                        
                        
                            <tr><th>Skipped</th><td></td></tr>
                        
                        </table>

                        
                        
                        <pre>skipped</pre>
                        

                        
                        
                        
                    </div>
                
                </div>
            </div>
            
            <div class="testclass">
                <h4>test_minimal_requirements.TestRNFAdicionalesChatter</h4>
                <div class="testcases">
                
                    <div class="test outcome outcome-skipped">
                        <a id="2c342a47-c0cb-445a-899f-61fa5f68c284"></a>
                        <table class="proplist">
                            <tr><th>Test case:</th><td><b>test_chatter[mail_thread]</b></td></tr>
                            <tr><th>Outcome:</th><td>Skipped</td></tr>
                            <tr><th>Duration:</th><td>0.001 sec</td></tr>
                        
                        
                            <tr><th>Skipped</th><td></td></tr>
                        
                        </table>

                        
                        
                        <pre>skipped</pre>
                        

                        
                        
                        
                    </div>
                
                    <div class="test outcome outcome-skipped">
                        <a id="367b8512-dab2-4388-b8e3-1213523d4ef6"></a>
                        <table class="proplist">
                            <tr><th>Test case:</th><td><b>test_chatter[mail_activity_mixin]</b></td></tr>
                            <tr><th>Outcome:</th><td>Skipped</td></tr>
                            <tr><th>Duration:</th><td>0.001 sec</td></tr>
                        
                        
                            <tr><th>Skipped</th><td></td></tr>
                        
                        </table>

                        
                        
                        <pre>skipped</pre>
                        

                        
                        
                        
                    </div>
                
                    <div class="test outcome outcome-skipped">
                        <a id="caf7d445-6d33-4e00-a0a7-b0debde0d5c8"></a>
                        <table class="proplist">
                            <tr><th>Test case:</th><td><b>test_chatter_tracking</b></td></tr>
                            <tr><th>Outcome:</th><td>Skipped</td></tr>
                            <tr><th>Duration:</th><td>0.001 sec</td></tr>
                        
                        
                            <tr><th>Skipped</th><td></td></tr>
                        
                        </table>

                        
                        
                        <pre>skipped</pre>
                        

                        
                        
                        
                    </div>
                
                    <div class="test outcome outcome-skipped">
                        <a id="5c11ea57-09ba-43e6-a9c2-ca59c072d518"></a>
                        <table class="proplist">
                            <tr><th>Test case:</th><td><b>test_vista_chatter_div</b></td></tr>
                            <tr><th>Outcome:</th><td>Skipped</td></tr>
                            <tr><th>Duration:</th><td>0.001 sec</td></tr>
                        
                        
                            <tr><th>Skipped</th><td></td></tr>
                        
                        </table>

                        
                        
                        <pre>skipped</pre>
                        

                        
                        
                        
                    </div>
                
                    <div class="test outcome outcome-skipped">
                        <a id="13c6c8e5-9a3a-4ead-a49a-82e3310f7ee6"></a>
                        <table class="proplist">
                            <tr><th>Test case:</th><td><b>test_vista_chatter_fields[.//field[@name=&#34;message_follower_ids&#34;]]</b></td></tr>
                            <tr><th>Outcome:</th><td>Skipped</td></tr>
                            <tr><th>Duration:</th><td>0.001 sec</td></tr>
                        
                        
                            <tr><th>Skipped</th><td></td></tr>
                        
                        </table>

                        
                        
                        <pre>skipped</pre>
                        

                        
                        
                        
                    </div>
                
                    <div class="test outcome outcome-skipped">
                        <a id="ba13572e-4ef5-4a32-a9a5-e8d0439008e3"></a>
                        <table class="proplist">
                            <tr><th>Test case:</th><td><b>test_vista_chatter_fields[.//field[@name=&#34;activity_ids&#34;]]</b></td></tr>
                            <tr><th>Outcome:</th><td>Skipped</td></tr>
                            <tr><th>Duration:</th><td>0.001 sec</td></tr>
                        
                        
                            <tr><th>Skipped</th><td></td></tr>
                        
                        </table>

                        
                        
                        <pre>skipped</pre>
                        

                        
                        
                        
                    </div>
                
                    <div class="test outcome outcome-skipped">
                        <a id="ec5ae823-527f-4c7e-b6ad-669ddae36fe2"></a>
                        <table class="proplist">
                            <tr><th>Test case:</th><td><b>test_vista_chatter_fields[.//field[@name=&#34;message_ids&#34;]]</b></td></tr>
                            <tr><th>Outcome:</th><td>Skipped</td></tr>
                            <tr><th>Duration:</th><td>0.001 sec</td></tr>
                        
                        
                            <tr><th>Skipped</th><td></td></tr>
                        
                        </table>

                        
                        
                        <pre>skipped</pre>
                        

                        
                        
                        
                    </div>
                
                    <div class="test outcome outcome-skipped">
                        <a id="674bb93a-cac2-4446-8a4f-910eca8936b7"></a>
                        <table class="proplist">
                            <tr><th>Test case:</th><td><b>test_vista_chatter_fields[.//field[@widget=&#34;mail_followers&#34;]]</b></td></tr>
                            <tr><th>Outcome:</th><td>Skipped</td></tr>
                            <tr><th>Duration:</th><td>0.001 sec</td></tr>
                        
                        
                            <tr><th>Skipped</th><td></td></tr>
                        
                        </table>

                        
                        
                        <pre>skipped</pre>
                        

                        
                        
                        
                    </div>
                
                    <div class="test outcome outcome-skipped">
                        <a id="216f90ed-1a60-470b-a950-4ea4027b9ee3"></a>
                        <table class="proplist">
                            <tr><th>Test case:</th><td><b>test_vista_chatter_fields[.//field[@widget=&#34;mail_thread&#34;]]</b></td></tr>
                            <tr><th>Outcome:</th><td>Skipped</td></tr>
                            <tr><th>Duration:</th><td>0.001 sec</td></tr>
                        
                        
                            <tr><th>Skipped</th><td></td></tr>
                        
                        </table>

                        
                        
                        <pre>skipped</pre>
                        

                        
                        
                        
                    </div>
                
                    <div class="test outcome outcome-skipped">
                        <a id="758f7654-db21-4ed5-bb5f-b1ce5309e169"></a>
                        <table class="proplist">
                            <tr><th>Test case:</th><td><b>test_vista_chatter_fields[.//field[@widget=&#34;mail_activity&#34;]]</b></td></tr>
                            <tr><th>Outcome:</th><td>Skipped</td></tr>
                            <tr><th>Duration:</th><td>0.012 sec</td></tr>
                        
                        
                            <tr><th>Skipped</th><td></td></tr>
                        
                        </table>

                        
                        
                        <pre>skipped</pre>
                        

                        
                        
                        
                    </div>
                
                </div>
            </div>
            
        </div>
    </div>
    



<p class="footer">
    Generated by junit2html
</p>
</body>
</html>