<!DOCTYPE html>
<html lang="en">
<head>
    <meta charset="UTF-8">
    <title>fud_skillshare-pytest.xml</title>
    <style type="text/css">
        body {
    background-color: white;
    padding-bottom: 20em;
    margin: 0;
    min-height: 15cm;
}

h1, h2, h3, h4, h5, h6, h7 {
    font-family: sans-serif;
}

h1 {
    background-color: #007acc;
    color: white;
    padding: 3mm;
    margin-top: 0;
    margin-bottom: 1mm;
}

.footer {
    font-style: italic;
    font-size: small;
    text-align: right;
    padding: 1em;
}

.testsuite {
    padding-bottom: 2em;
    margin-left: 1em;
}

.proplist {
    width: 100%;
    margin-bottom: 2em;
    border-collapse: collapse;
    border: 1px solid grey;
}

.proplist th {
    background-color: silver;
    width: 5em;
    padding: 2px;
    padding-right: 1em;
    text-align: left;
}

.proplist td {
    padding: 2px;
}

.index-table {
    width: 90%;
    margin-left: 1em;
}

.index-table td {
    vertical-align: top;
    max-width: 200px;
    word-wrap: break-word;
}

.failure-index {

}

.toc {
    margin-bottom: 2em;
    font-family: monospace;
}

.stdio, pre {
    min-height: 1em;
    background-color: #1e1e1e;
    color: silver;
    padding: 0.5em;
}
.tdpre {
    background-color: #1e1e1e;
}

.test {
    margin-left: 0.5cm;
}

.outcome {
    border-left: 1em;
    padding: 2px;
}

.outcome-failed {
    border-left: 1em solid lightcoral;
}

.outcome-passed {
    border-left: 1em solid lightgreen;
}

.outcome-skipped {
    border-left: 1em dotted silver;
}

.stats-table {
}

.stats-table td {
    min-width: 4em;
    text-align: right;
}

.stats-table .failed {
    background-color: lightcoral;
}

.stats-table .passed {
    background-color: lightgreen;
}

.matrix-table {
    table-layout: fixed;
    border-spacing: 0;
    width: available;
    margin-left: 1em;
}

.matrix-table td {
    vertical-align: center;
}

.matrix-table td:last-child {
    width: 0;
}

.matrix-table tr:hover {
    background-color: yellow;
}

.matrix-axis-name {
    white-space: nowrap;
    padding-right: 0.5em;
    border-left: 1px solid black;
    border-top: 1px solid black;
    text-align: right;
}

.matrix-axis-line {
    border-left: 1px solid black;
    width: 0.5em;
}

.matrix-classname {
    text-align: left;
    width: 100%;
    border-top: 2px solid grey;
    border-bottom: 1px solid silver;
}

.matrix-casename {
    text-align: left;
    font-weight: normal;
    font-style: italic;
    padding-left: 1em;
    border-bottom: 1px solid silver;
}

.matrix-result {
    display: block;
    width: 1em;
    text-align: center;
    padding: 1mm;
    margin: 0;
}

.matrix-result-combined {
    white-space: nowrap;
    padding-right: 0.2em;
    text-align: right;
}

.matrix-result-failed {
    background-color: lightcoral;
}

.matrix-result-passed {
    background-color: lightgreen;
}

.matrix-result-skipped {
    background-color: lightyellow;
}

.matrix-even {
    background-color: lightgray;
}
    </style>
</head>
<body>
    
<h1>
    Test Report : fud_skillshare-pytest.xml
</h1>
<a id="toc"></a>
<table class="index-table">
    <tr>
        <td>
            <ul class="toc">
            
                
                <li>test_minimal_requirements.TestRNF1
                <ul>
                    
                    <li><a href="#01681198-83e7-4115-8d29-98fc98b5d207">test_app_tiene_al_menos_4_modelos</a></li>
                    
                    <li><a href="#bebd900e-8f60-4353-88e5-5beebd0669ba">test_modelos_en_ficheros_individuales</a></li>
                    
                </ul>
                </li>
                
                <li>test_minimal_requirements.TestRNF2
                <ul>
                    
                    <li><a href="#ba699aa4-925c-4baa-9dd4-ce7cb148105d">test_relacion_many2many</a></li>
                    
                    <li><a href="#83d2b555-f793-4452-a314-473e102e49a0">test_modelos_tienen_algun_campo_relacion[one2many]</a></li>
                    
                    <li><a href="#33a3bb72-3c47-42f0-9155-9563bf1f54a3">test_modelos_tienen_algun_campo_relacion[many2one]</a></li>
                    
                    <li><a href="#a1af2895-0504-4ea4-a314-16f92841ca80">test_unknown_comodel_name</a></li>
                    
                </ul>
                </li>
                
                <li>test_minimal_requirements.TestRNF3
                <ul>
                    
                    <li><a href="#304f8490-cbfe-4f99-8c45-a2b5ba74e496">test_modelos_tienen_vista[tree]</a></li>
                    
                    <li><a href="#1b7894c5-f710-4fe6-afa3-625afeaf36d1">test_modelos_tienen_vista[form]</a></li>
                    
                    <li><a href="#d889bf6e-917d-47a2-b811-490b4a566a12">test_formularios_tienen_vista_anidada_para_campos_X2many[one2many]</a></li>
                    
                    <li><a href="#0538e4a9-65a9-4cdb-a9c8-d950d1d3b302">test_formularios_tienen_vista_anidada_para_campos_X2many[many2many]</a></li>
                    
                </ul>
                </li>
                
                <li>test_minimal_requirements.TestRNF4
                <ul>
                    
                    <li><a href="#e51749ea-3214-4058-9a25-71a447107cda">test_vistas_en_ficheros_individuales</a></li>
                    
                </ul>
                </li>
                
                <li>test_minimal_requirements.TestRNF5
                <ul>
                    
                    <li><a href="#812c08c2-1edc-45b7-84ca-a5ffdfb2215b">test_modelos_tienen_algun_posible_campo_imagen</a></li>
                    
                    <li><a href="#8a36d48a-5513-4b8b-a632-2ff82715fd92">test_alguna_vista_tiene_campo_imagen</a></li>
                    
                </ul>
                </li>
                
                <li>test_minimal_requirements.TestRNF6
                <ul>
                    
                    <li><a href="#9af04ccf-686e-47e0-a1c6-904925fadfa1">test_modelos_tienen_acciones</a></li>
                    
                    <li><a href="#8f5ef11e-4cb4-4cba-9fdb-1931f5c106f7">test_hay_elementos_de_menu[.//menuitem[@action]]</a></li>
                    
                </ul>
                </li>
                
                <li>test_minimal_requirements.TestRNF7
                <ul>
                    
                    <li><a href="#33888002-0eb7-4a04-a074-09a1c341592a">test_modelos_tienen_permisos</a></li>
                    
                </ul>
                </li>
                
                <li>test_minimal_requirements.TestRNF8
                <ul>
                    
                    <li><a href="#4a64e94d-6d0d-4d81-9624-8aa26c2deafe">test_app_tiene_icono</a></li>
                    
                </ul>
                </li>
                
                <li>test_minimal_requirements.TestRNF9
                <ul>
                    
                    <li><a href="#f847234a-f6cc-4a7b-b4fc-9a82e6c5d33e">test_modelos_tienen_datos_demo</a></li>
                    
                </ul>
                </li>
                
                <li>test_minimal_requirements.TestRNFGit
                <ul>
                    
                    <li><a href="#b6689d52-20b6-423f-8cbc-043b0380a399">test_git_commit_frecuentes</a></li>
                    
                </ul>
                </li>
                
                <li>test_minimal_requirements.TestRNFCalidad
                <ul>
                    
                    <li><a href="#a6870fdc-d0e9-4a37-9a0a-e4359ae4852d">test_odoo_disponible</a></li>
                    
                    <li><a href="#f82a8ae3-ee76-455d-8ad2-bed5c37dcfee">test_app_instalada</a></li>
                    
                    <li><a href="#111775f3-f6c7-4135-858c-c012a78ccaaf">test_otras_apps_entregadas_son_dependencias</a></li>
                    
                    <li><a href="#d690a50b-f538-4cb6-90fc-adb78c73593b">test_no_hay_elementos_xml_comentados</a></li>
                    
                    <li><a href="#4559b04d-644d-4abe-9632-489075b1a96f">test_no_hay_codigo_python_comentado</a></li>
                    
                    <li><a href="#7c67d857-116a-48ca-882b-2a73438aab4d">test_log_servidor_sin_errores</a></li>
                    
                </ul>
                </li>
                
                <li>test_minimal_requirements.TestOtros
                <ul>
                    
                    <li><a href="#54591353-4e4e-43a5-bedb-87e15804d039">test_log_sin_warnings</a>[s]</li>
                    
                </ul>
                </li>
                
                <li>test_minimal_requirements.TestRNFAdicionalesKanban
                <ul>
                    
                    <li><a href="#62af7835-3a61-47e4-b443-a188bb69296d">test_vista_kanban[/kanban]</a>[s]</li>
                    
                    <li><a href="#739e698c-f719-4e94-b2d5-f2706973e2f5">test_vista_kanban[/kanban[@default_group_by]]</a>[s]</li>
                    
                    <li><a href="#c49071b3-b3ac-4b1a-a583-c04617ea1bab">test_vista_kanban_imagen[/img]</a>[s]</li>
                    
                    <li><a href="#3c4797d4-0c96-495c-b5bc-b60024156889">test_vista_kanban_imagen[/field[@preview_image]]</a>[s]</li>
                    
                    <li><a href="#80b42dd2-b93a-4f3f-9f6f-0d3754e177f9">test_vista_kanban_imagen[/field[@widget=&#34;image&#34;]]</a>[s]</li>
                    
                </ul>
                </li>
                
                <li>test_minimal_requirements.TestRNFAdicionalesBusqueda
                <ul>
                    
                    <li><a href="#e61c0935-8f41-4a54-9689-039e54ed3ea3">test_vista_search[/search]</a>[s]</li>
                    
                    <li><a href="#a4ba8403-c3df-47ac-8aeb-3e73d878dbf9">test_vista_search_compleja[/filter[@domain]]</a>[s]</li>
                    
                    <li><a href="#d12b6d2b-7f9d-4fb0-9da9-cfe06dfd21f7">test_vista_search_compleja[/group//filter[@context]]</a>[s]</li>
                    
                </ul>
                </li>
                
                <li>test_minimal_requirements.TestRNFAdicionalesOtrasVistas
                <ul>
                    
                    <li><a href="#2184edc3-3cfa-4e9e-ac97-210faa9ba551">test_otras_vistas_adicionales[activity]</a>[s]</li>
                    
                    <li><a href="#df4f0814-c765-4002-a492-3c6a4d742ae7">test_otras_vistas_adicionales[calendar]</a>[s]</li>
                    
                    <li><a href="#0fb71526-a8b3-4335-bf1c-8895201d05c9">test_otras_vistas_adicionales[graph]</a>[s]</li>
                    
                    <li><a href="#19a9134b-2bf0-4ace-9f24-4efa0ad5da92">test_otras_vistas_adicionales[pivot]</a>[s]</li>
                    
                </ul>
                </li>
                
                <li>test_minimal_requirements.TestRNFAdicionalesConstraints
                <ul>
                    
                    <li><a href="#28ad39b2-8df3-4b07-900e-012dd007b0c4">test_constraints_sql</a>[s]</li>
                    
                </ul>
                </li>
                
                <li>test_minimal_requirements.TestRNFAdicionalesSeguridadAvanzada
                <ul>
                    
                    <li><a href="#b4333d52-0115-4226-adab-f3cfa7e1db2a">test_seguridad_con_grupos_propios</a>[s]</li>
                    
                </ul>
                </li>
                
                <li>test_minimal_requirements.TestRNFAdicionalesDatosAvanzados
                <ul>
                    
                    <li><a href="#0559e384-ea68-4d45-8f0d-e52d842b762f">test_datos_maestros_o_demo_avanzados[binary]</a>[s]</li>
                    
                    <li><a href="#5c7ccd1f-9a33-4c64-bb36-751f6132ac99">test_datos_maestros_o_demo_avanzados[many2many]</a>[s]</li>
                    
                    <li><a href="#a86cc340-9c56-4e76-965a-b49b82b4cca3">test_datos_maestros_o_demo_avanzados[many2one]</a>[s]</li>
                    
                </ul>
                </li>
                
                <li>test_minimal_requirements.TestRNFAdicionalesHerenciaVistas
                <ul>
                    
                    <li><a href="#0b64754d-707e-49e5-95d1-33180fe3f4d6">test_herencia_en_vistas_con_position</a>[s]</li>
                    
                    <li><a href="#fec025cf-5fbb-4885-8994-2e8dbd47d884">test_herencia_en_vistas_con_inherit_id</a>[s]</li>
                    
                </ul>
                </li>
                
                <li>test_minimal_requirements.TestRNFAdicionalesHerenciaModelos
                <ul>
                    
                    <li><a href="#2a939c3f-d78c-43cd-b75c-c36296d31984">test_modelos_existentes_modificados_por_herencia</a>[s]</li>
                    
                    <li><a href="#e7018a4f-bbe6-4c1b-b0f7-c91d883fb4f3">test_nuevos_modelos_con_herencia</a>[s]</li>
                    
                </ul>
                </li>
                
                <li>test_minimal_requirements.TestRNFAdicionalesTraducciones
                <ul>
                    
                    <li><a href="#a8a1bc6a-f126-49a3-a9a3-e19a1e22721f">test_i18n</a>[s]</li>
                    
                </ul>
                </li>
                
                <li>test_minimal_requirements.TestRNFAdicionalesInformes
                <ul>
                    
                    <li><a href="#7e0b5452-6380-408b-9bae-79adf089d024">test_informes[report]</a>[s]</li>
                    
                    <li><a href="#54ce4069-618e-4915-8fa1-6c12698abb39">test_informes[template]</a>[s]</li>
                    
                    <li><a href="#b5f74fa3-33d0-471b-9b0b-972d46045ba1">test_informes_complejos[/t[@t-foreach]]</a>[s]</li>
                    
                    <li><a href="#a02295c7-c78f-4c69-842f-4cdf6de4711d">test_informes_complejos[/img[@t-att-src]]</a>[s]</li>
                    
                    <li><a href="#fcff4898-ebbd-40fc-ab55-9887b09b4482">test_informes_complejos[/t[@t-call and not(@t-call=&#34;web.external_layout&#34; or @t-call=&#34;web.html_container&#34;)]]</a>[s]</li>
                    
                </ul>
                </li>
                
                <li>test_minimal_requirements.TestRNFAdicionalesChatter
                <ul>
                    
                    <li><a href="#d896ad3b-6ce1-46f4-a686-2c7a533e25be">test_chatter[mail_thread]</a>[s]</li>
                    
                    <li><a href="#f9ea2264-1292-4852-b7c0-723e30b6fb3d">test_chatter[mail_activity_mixin]</a>[s]</li>
                    
                    <li><a href="#69cdbd3d-118d-4047-b5c8-8362a636e232">test_chatter_tracking</a>[s]</li>
                    
                    <li><a href="#da440b36-735c-4d16-8f43-c61cb083912a">test_vista_chatter_div</a>[s]</li>
                    
                    <li><a href="#62b41cf7-bbbe-40b1-a9f1-a2af372df805">test_vista_chatter_fields[.//field[@name=&#34;message_follower_ids&#34;]]</a>[s]</li>
                    
                    <li><a href="#4c24d000-38f3-414d-b9fc-52286d012553">test_vista_chatter_fields[.//field[@name=&#34;activity_ids&#34;]]</a>[s]</li>
                    
                    <li><a href="#5038d131-26e9-41d0-ad5c-637967034a42">test_vista_chatter_fields[.//field[@name=&#34;message_ids&#34;]]</a>[s]</li>
                    
                    <li><a href="#ffee124f-ddb7-4dbb-9131-86720c7fe29b">test_vista_chatter_fields[.//field[@widget=&#34;mail_followers&#34;]]</a>[s]</li>
                    
                    <li><a href="#942eaa12-253c-44eb-9ec8-28e036858615">test_vista_chatter_fields[.//field[@widget=&#34;mail_thread&#34;]]</a>[s]</li>
                    
                    <li><a href="#41ce38f1-ad3d-4a71-b250-5f56d66e3757">test_vista_chatter_fields[.//field[@widget=&#34;mail_activity&#34;]]</a>[s]</li>
                    
                </ul>
                </li>
                
            
            </ul>
        </td>
        <td class="failure-index">
            <ul class="toc">
            
                
                    
                    
                    <li><a href="#01681198-83e7-4115-8d29-98fc98b5d207">[F] test_minimal_requirements.TestRNF1 : test_app_tiene_al_menos_4_modelos</a></li>
                    
                    
                    
                    <li><a href="#bebd900e-8f60-4353-88e5-5beebd0669ba">[F] test_minimal_requirements.TestRNF1 : test_modelos_en_ficheros_individuales</a></li>
                    
                    
                
                    
                    
                    <li><a href="#ba699aa4-925c-4baa-9dd4-ce7cb148105d">[F] test_minimal_requirements.TestRNF2 : test_relacion_many2many</a></li>
                    
                    
                    
                    <li><a href="#83d2b555-f793-4452-a314-473e102e49a0">[F] test_minimal_requirements.TestRNF2 : test_modelos_tienen_algun_campo_relacion[one2many]</a></li>
                    
                    
                    
                    <li><a href="#33a3bb72-3c47-42f0-9155-9563bf1f54a3">[F] test_minimal_requirements.TestRNF2 : test_modelos_tienen_algun_campo_relacion[many2one]</a></li>
                    
                    
                    
                    <li><a href="#a1af2895-0504-4ea4-a314-16f92841ca80">[F] test_minimal_requirements.TestRNF2 : test_unknown_comodel_name</a></li>
                    
                    
                
                    
                    
                    <li><a href="#304f8490-cbfe-4f99-8c45-a2b5ba74e496">[F] test_minimal_requirements.TestRNF3 : test_modelos_tienen_vista[tree]</a></li>
                    
                    
                    
                    <li><a href="#1b7894c5-f710-4fe6-afa3-625afeaf36d1">[F] test_minimal_requirements.TestRNF3 : test_modelos_tienen_vista[form]</a></li>
                    
                    
                    
                    <li><a href="#d889bf6e-917d-47a2-b811-490b4a566a12">[F] test_minimal_requirements.TestRNF3 : test_formularios_tienen_vista_anidada_para_campos_X2many[one2many]</a></li>
                    
                    
                    
                    <li><a href="#0538e4a9-65a9-4cdb-a9c8-d950d1d3b302">[F] test_minimal_requirements.TestRNF3 : test_formularios_tienen_vista_anidada_para_campos_X2many[many2many]</a></li>
                    
                    
                
                    
                    
                    <li><a href="#e51749ea-3214-4058-9a25-71a447107cda">[F] test_minimal_requirements.TestRNF4 : test_vistas_en_ficheros_individuales</a></li>
                    
                    
                
                    
                    
                    <li><a href="#812c08c2-1edc-45b7-84ca-a5ffdfb2215b">[F] test_minimal_requirements.TestRNF5 : test_modelos_tienen_algun_posible_campo_imagen</a></li>
                    
                    
                    
                    <li><a href="#8a36d48a-5513-4b8b-a632-2ff82715fd92">[F] test_minimal_requirements.TestRNF5 : test_alguna_vista_tiene_campo_imagen</a></li>
                    
                    
                
                    
                    
                    <li><a href="#9af04ccf-686e-47e0-a1c6-904925fadfa1">[F] test_minimal_requirements.TestRNF6 : test_modelos_tienen_acciones</a></li>
                    
                    
                    
                    <li><a href="#8f5ef11e-4cb4-4cba-9fdb-1931f5c106f7">[F] test_minimal_requirements.TestRNF6 : test_hay_elementos_de_menu[.//menuitem[@action]]</a></li>
                    
                    
                
                    
                    
                    <li><a href="#33888002-0eb7-4a04-a074-09a1c341592a">[F] test_minimal_requirements.TestRNF7 : test_modelos_tienen_permisos</a></li>
                    
                    
                
                    
                    
                    <li><a href="#4a64e94d-6d0d-4d81-9624-8aa26c2deafe">[F] test_minimal_requirements.TestRNF8 : test_app_tiene_icono</a></li>
                    
                    
                
                    
                    
                    <li><a href="#f847234a-f6cc-4a7b-b4fc-9a82e6c5d33e">[F] test_minimal_requirements.TestRNF9 : test_modelos_tienen_datos_demo</a></li>
                    
                    
                
                    
                    
                    <li><a href="#b6689d52-20b6-423f-8cbc-043b0380a399">[F] test_minimal_requirements.TestRNFGit : test_git_commit_frecuentes</a></li>
                    
                    
                
                    
                    
                    <li><a href="#a6870fdc-d0e9-4a37-9a0a-e4359ae4852d">[F] test_minimal_requirements.TestRNFCalidad : test_odoo_disponible</a></li>
                    
                    
                    
                    <li><a href="#f82a8ae3-ee76-455d-8ad2-bed5c37dcfee">[F] test_minimal_requirements.TestRNFCalidad : test_app_instalada</a></li>
                    
                    
                    
                    <li><a href="#111775f3-f6c7-4135-858c-c012a78ccaaf">[F] test_minimal_requirements.TestRNFCalidad : test_otras_apps_entregadas_son_dependencias</a></li>
                    
                    
                    
                    <li><a href="#d690a50b-f538-4cb6-90fc-adb78c73593b">[F] test_minimal_requirements.TestRNFCalidad : test_no_hay_elementos_xml_comentados</a></li>
                    
                    
                    
                    <li><a href="#4559b04d-644d-4abe-9632-489075b1a96f">[F] test_minimal_requirements.TestRNFCalidad : test_no_hay_codigo_python_comentado</a></li>
                    
                    
                    
                    <li><a href="#7c67d857-116a-48ca-882b-2a73438aab4d">[F] test_minimal_requirements.TestRNFCalidad : test_log_servidor_sin_errores</a></li>
                    
                    
                
                    
                    
                    
                
                    
                    
                    
                    
                    
                    
                    
                    
                    
                    
                    
                
                    
                    
                    
                    
                    
                    
                    
                
                    
                    
                    
                    
                    
                    
                    
                    
                    
                
                    
                    
                    
                
                    
                    
                    
                
                    
                    
                    
                    
                    
                    
                    
                
                    
                    
                    
                    
                    
                
                    
                    
                    
                    
                    
                
                    
                    
                    
                
                    
                    
                    
                    
                    
                    
                    
                    
                    
                    
                    
                
                    
                    
                    
                    
                    
                    
                    
                    
                    
                    
                    
                    
                    
                    
                    
                    
                    
                    
                    
                    
                    
                
            
            </ul>
        </td>
    </tr>
</table>


    <div class="testsuite">
        <h2>Test Suite: pytest</h2>
        <a id="0cba30f4-92d5-488c-ba4f-89a7a737d139"></a>
        
        
        <h3>Results</h3>
        <table class="proplist">
            <tr>
                <th>Duration</th><td>70.808 sec</td>
            </tr>
            <tr>
                <th>Tests</th><td>63</td>
            </tr>
            <tr>
                <th>Failures</th><td>25</td>
            </tr>
        </table>

        <div class="testclasses">
            <h3>Tests</h3>
            
            <div class="testclass">
                <h4>test_minimal_requirements.TestRNF1</h4>
                <div class="testcases">
                
                    <div class="test outcome outcome-failed">
                        <a id="01681198-83e7-4115-8d29-98fc98b5d207"></a>
                        <table class="proplist">
                            <tr><th>Test case:</th><td><b>test_app_tiene_al_menos_4_modelos</b></td></tr>
                            <tr><th>Outcome:</th><td>Failed</td></tr>
                            <tr><th>Duration:</th><td>64.695 sec</td></tr>
                        
                            <tr><th>Failed</th><td>failed on setup with &#34;Exception: Timeout reached while waiting on service!&#34;</td></tr>
                        
                        
                        </table>

                        
                        <pre>docker_ip = &#39;127.0.0.1&#39;
docker_services = Services(_docker_compose=DockerComposeExecutor(_compose_command=&#39;docker compose&#39;, _compose_files=[&#39;/home/madrid/Escrit...-project-tester/projects/docker-compose.yml&#39;], _compose_project_name=&#39;pytest237587&#39;), _services={&#39;odoo&#39;: {8069: 8069}})

    @pytest.fixture(scope=&#34;session&#34;)
    def http_service(docker_ip, docker_services):
        &#34;&#34;&#34;Se asegura de que el servicio HTTP responde.&#34;&#34;&#34;
    
        # `port_for` takes a container port and returns the corresponding host port
        port = docker_services.port_for(&#34;odoo&#34;, 8069)
        url = f&#34;http://{docker_ip}:{port}&#34;
&gt;       docker_services.wait_until_responsive(
            timeout=60.0, pause=10, check=lambda: is_responsive(url)
        )

test_minimal_requirements.py:208: 
_ _ _ _ _ _ _ _ _ _ _ _ _ _ _ _ _ _ _ _ _ _ _ _ _ _ _ _ _ _ _ _ _ _ _ _ _ _ _ _ 

self = Services(_docker_compose=DockerComposeExecutor(_compose_command=&#39;docker compose&#39;, _compose_files=[&#39;/home/madrid/Escrit...-project-tester/projects/docker-compose.yml&#39;], _compose_project_name=&#39;pytest237587&#39;), _services={&#39;odoo&#39;: {8069: 8069}})
check = &lt;function http_service.&lt;locals&gt;.&lt;lambda&gt; at 0x7f8fc2572790&gt;
timeout = 60.0, pause = 10, clock = &lt;built-in function perf_counter&gt;

    def wait_until_responsive(
        self,
        check: Any,
        timeout: float,
        pause: float,
        clock: Any = timeit.default_timer,
    ) -&gt; None:
        &#34;&#34;&#34;Wait until a service is responsive.&#34;&#34;&#34;
    
        ref = clock()
        now = ref
        while (now - ref) &lt; timeout:
            if check():
                return
            time.sleep(pause)
            now = clock()
    
&gt;       raise Exception(&#34;Timeout reached while waiting on service!&#34;)
E       Exception: Timeout reached while waiting on service!

.venv/lib/python3.8/site-packages/pytest_docker/plugin.py:120: Exception</pre>
                        
                        

                        
                        
                        
                    </div>
                
                    <div class="test outcome outcome-failed">
                        <a id="bebd900e-8f60-4353-88e5-5beebd0669ba"></a>
                        <table class="proplist">
                            <tr><th>Test case:</th><td><b>test_modelos_en_ficheros_individuales</b></td></tr>
                            <tr><th>Outcome:</th><td>Failed</td></tr>
                            <tr><th>Duration:</th><td>0.001 sec</td></tr>
                        
                            <tr><th>Failed</th><td>failed on setup with &#34;Exception: Timeout reached while waiting on service!&#34;</td></tr>
                        
                        
                        </table>

                        
                        <pre>docker_ip = &#39;127.0.0.1&#39;
docker_services = Services(_docker_compose=DockerComposeExecutor(_compose_command=&#39;docker compose&#39;, _compose_files=[&#39;/home/madrid/Escrit...-project-tester/projects/docker-compose.yml&#39;], _compose_project_name=&#39;pytest237587&#39;), _services={&#39;odoo&#39;: {8069: 8069}})

    @pytest.fixture(scope=&#34;session&#34;)
    def http_service(docker_ip, docker_services):
        &#34;&#34;&#34;Se asegura de que el servicio HTTP responde.&#34;&#34;&#34;
    
        # `port_for` takes a container port and returns the corresponding host port
        port = docker_services.port_for(&#34;odoo&#34;, 8069)
        url = f&#34;http://{docker_ip}:{port}&#34;
&gt;       docker_services.wait_until_responsive(
            timeout=60.0, pause=10, check=lambda: is_responsive(url)
        )

test_minimal_requirements.py:208: 
_ _ _ _ _ _ _ _ _ _ _ _ _ _ _ _ _ _ _ _ _ _ _ _ _ _ _ _ _ _ _ _ _ _ _ _ _ _ _ _ 

self = Services(_docker_compose=DockerComposeExecutor(_compose_command=&#39;docker compose&#39;, _compose_files=[&#39;/home/madrid/Escrit...-project-tester/projects/docker-compose.yml&#39;], _compose_project_name=&#39;pytest237587&#39;), _services={&#39;odoo&#39;: {8069: 8069}})
check = &lt;function http_service.&lt;locals&gt;.&lt;lambda&gt; at 0x7f8fc2572790&gt;
timeout = 60.0, pause = 10, clock = &lt;built-in function perf_counter&gt;

    def wait_until_responsive(
        self,
        check: Any,
        timeout: float,
        pause: float,
        clock: Any = timeit.default_timer,
    ) -&gt; None:
        &#34;&#34;&#34;Wait until a service is responsive.&#34;&#34;&#34;
    
        ref = clock()
        now = ref
        while (now - ref) &lt; timeout:
            if check():
                return
            time.sleep(pause)
            now = clock()
    
&gt;       raise Exception(&#34;Timeout reached while waiting on service!&#34;)
E       Exception: Timeout reached while waiting on service!

.venv/lib/python3.8/site-packages/pytest_docker/plugin.py:120: Exception</pre>
                        
                        

                        
                        
                        
                    </div>
                
                </div>
            </div>
            
            <div class="testclass">
                <h4>test_minimal_requirements.TestRNF2</h4>
                <div class="testcases">
                
                    <div class="test outcome outcome-failed">
                        <a id="ba699aa4-925c-4baa-9dd4-ce7cb148105d"></a>
                        <table class="proplist">
                            <tr><th>Test case:</th><td><b>test_relacion_many2many</b></td></tr>
                            <tr><th>Outcome:</th><td>Failed</td></tr>
                            <tr><th>Duration:</th><td>0.001 sec</td></tr>
                        
                            <tr><th>Failed</th><td>failed on setup with &#34;Exception: Timeout reached while waiting on service!&#34;</td></tr>
                        
                        
                        </table>

                        
                        <pre>docker_ip = &#39;127.0.0.1&#39;
docker_services = Services(_docker_compose=DockerComposeExecutor(_compose_command=&#39;docker compose&#39;, _compose_files=[&#39;/home/madrid/Escrit...-project-tester/projects/docker-compose.yml&#39;], _compose_project_name=&#39;pytest237587&#39;), _services={&#39;odoo&#39;: {8069: 8069}})

    @pytest.fixture(scope=&#34;session&#34;)
    def http_service(docker_ip, docker_services):
        &#34;&#34;&#34;Se asegura de que el servicio HTTP responde.&#34;&#34;&#34;
    
        # `port_for` takes a container port and returns the corresponding host port
        port = docker_services.port_for(&#34;odoo&#34;, 8069)
        url = f&#34;http://{docker_ip}:{port}&#34;
&gt;       docker_services.wait_until_responsive(
            timeout=60.0, pause=10, check=lambda: is_responsive(url)
        )

test_minimal_requirements.py:208: 
_ _ _ _ _ _ _ _ _ _ _ _ _ _ _ _ _ _ _ _ _ _ _ _ _ _ _ _ _ _ _ _ _ _ _ _ _ _ _ _ 

self = Services(_docker_compose=DockerComposeExecutor(_compose_command=&#39;docker compose&#39;, _compose_files=[&#39;/home/madrid/Escrit...-project-tester/projects/docker-compose.yml&#39;], _compose_project_name=&#39;pytest237587&#39;), _services={&#39;odoo&#39;: {8069: 8069}})
check = &lt;function http_service.&lt;locals&gt;.&lt;lambda&gt; at 0x7f8fc2572790&gt;
timeout = 60.0, pause = 10, clock = &lt;built-in function perf_counter&gt;

    def wait_until_responsive(
        self,
        check: Any,
        timeout: float,
        pause: float,
        clock: Any = timeit.default_timer,
    ) -&gt; None:
        &#34;&#34;&#34;Wait until a service is responsive.&#34;&#34;&#34;
    
        ref = clock()
        now = ref
        while (now - ref) &lt; timeout:
            if check():
                return
            time.sleep(pause)
            now = clock()
    
&gt;       raise Exception(&#34;Timeout reached while waiting on service!&#34;)
E       Exception: Timeout reached while waiting on service!

.venv/lib/python3.8/site-packages/pytest_docker/plugin.py:120: Exception</pre>
                        
                        

                        
                        
                        
                    </div>
                
                    <div class="test outcome outcome-failed">
                        <a id="83d2b555-f793-4452-a314-473e102e49a0"></a>
                        <table class="proplist">
                            <tr><th>Test case:</th><td><b>test_modelos_tienen_algun_campo_relacion[one2many]</b></td></tr>
                            <tr><th>Outcome:</th><td>Failed</td></tr>
                            <tr><th>Duration:</th><td>0.0 sec</td></tr>
                        
                            <tr><th>Failed</th><td>failed on setup with &#34;Exception: Timeout reached while waiting on service!&#34;</td></tr>
                        
                        
                        </table>

                        
                        <pre>docker_ip = &#39;127.0.0.1&#39;
docker_services = Services(_docker_compose=DockerComposeExecutor(_compose_command=&#39;docker compose&#39;, _compose_files=[&#39;/home/madrid/Escrit...-project-tester/projects/docker-compose.yml&#39;], _compose_project_name=&#39;pytest237587&#39;), _services={&#39;odoo&#39;: {8069: 8069}})

    @pytest.fixture(scope=&#34;session&#34;)
    def http_service(docker_ip, docker_services):
        &#34;&#34;&#34;Se asegura de que el servicio HTTP responde.&#34;&#34;&#34;
    
        # `port_for` takes a container port and returns the corresponding host port
        port = docker_services.port_for(&#34;odoo&#34;, 8069)
        url = f&#34;http://{docker_ip}:{port}&#34;
&gt;       docker_services.wait_until_responsive(
            timeout=60.0, pause=10, check=lambda: is_responsive(url)
        )

test_minimal_requirements.py:208: 
_ _ _ _ _ _ _ _ _ _ _ _ _ _ _ _ _ _ _ _ _ _ _ _ _ _ _ _ _ _ _ _ _ _ _ _ _ _ _ _ 

self = Services(_docker_compose=DockerComposeExecutor(_compose_command=&#39;docker compose&#39;, _compose_files=[&#39;/home/madrid/Escrit...-project-tester/projects/docker-compose.yml&#39;], _compose_project_name=&#39;pytest237587&#39;), _services={&#39;odoo&#39;: {8069: 8069}})
check = &lt;function http_service.&lt;locals&gt;.&lt;lambda&gt; at 0x7f8fc2572790&gt;
timeout = 60.0, pause = 10, clock = &lt;built-in function perf_counter&gt;

    def wait_until_responsive(
        self,
        check: Any,
        timeout: float,
        pause: float,
        clock: Any = timeit.default_timer,
    ) -&gt; None:
        &#34;&#34;&#34;Wait until a service is responsive.&#34;&#34;&#34;
    
        ref = clock()
        now = ref
        while (now - ref) &lt; timeout:
            if check():
                return
            time.sleep(pause)
            now = clock()
    
&gt;       raise Exception(&#34;Timeout reached while waiting on service!&#34;)
E       Exception: Timeout reached while waiting on service!

.venv/lib/python3.8/site-packages/pytest_docker/plugin.py:120: Exception</pre>
                        
                        

                        
                        
                        
                    </div>
                
                    <div class="test outcome outcome-failed">
                        <a id="33a3bb72-3c47-42f0-9155-9563bf1f54a3"></a>
                        <table class="proplist">
                            <tr><th>Test case:</th><td><b>test_modelos_tienen_algun_campo_relacion[many2one]</b></td></tr>
                            <tr><th>Outcome:</th><td>Failed</td></tr>
                            <tr><th>Duration:</th><td>0.0 sec</td></tr>
                        
                            <tr><th>Failed</th><td>failed on setup with &#34;Exception: Timeout reached while waiting on service!&#34;</td></tr>
                        
                        
                        </table>

                        
                        <pre>docker_ip = &#39;127.0.0.1&#39;
docker_services = Services(_docker_compose=DockerComposeExecutor(_compose_command=&#39;docker compose&#39;, _compose_files=[&#39;/home/madrid/Escrit...-project-tester/projects/docker-compose.yml&#39;], _compose_project_name=&#39;pytest237587&#39;), _services={&#39;odoo&#39;: {8069: 8069}})

    @pytest.fixture(scope=&#34;session&#34;)
    def http_service(docker_ip, docker_services):
        &#34;&#34;&#34;Se asegura de que el servicio HTTP responde.&#34;&#34;&#34;
    
        # `port_for` takes a container port and returns the corresponding host port
        port = docker_services.port_for(&#34;odoo&#34;, 8069)
        url = f&#34;http://{docker_ip}:{port}&#34;
&gt;       docker_services.wait_until_responsive(
            timeout=60.0, pause=10, check=lambda: is_responsive(url)
        )

test_minimal_requirements.py:208: 
_ _ _ _ _ _ _ _ _ _ _ _ _ _ _ _ _ _ _ _ _ _ _ _ _ _ _ _ _ _ _ _ _ _ _ _ _ _ _ _ 

self = Services(_docker_compose=DockerComposeExecutor(_compose_command=&#39;docker compose&#39;, _compose_files=[&#39;/home/madrid/Escrit...-project-tester/projects/docker-compose.yml&#39;], _compose_project_name=&#39;pytest237587&#39;), _services={&#39;odoo&#39;: {8069: 8069}})
check = &lt;function http_service.&lt;locals&gt;.&lt;lambda&gt; at 0x7f8fc2572790&gt;
timeout = 60.0, pause = 10, clock = &lt;built-in function perf_counter&gt;

    def wait_until_responsive(
        self,
        check: Any,
        timeout: float,
        pause: float,
        clock: Any = timeit.default_timer,
    ) -&gt; None:
        &#34;&#34;&#34;Wait until a service is responsive.&#34;&#34;&#34;
    
        ref = clock()
        now = ref
        while (now - ref) &lt; timeout:
            if check():
                return
            time.sleep(pause)
            now = clock()
    
&gt;       raise Exception(&#34;Timeout reached while waiting on service!&#34;)
E       Exception: Timeout reached while waiting on service!

.venv/lib/python3.8/site-packages/pytest_docker/plugin.py:120: Exception</pre>
                        
                        

                        
                        
                        
                    </div>
                
                    <div class="test outcome outcome-failed">
                        <a id="a1af2895-0504-4ea4-a314-16f92841ca80"></a>
                        <table class="proplist">
                            <tr><th>Test case:</th><td><b>test_unknown_comodel_name</b></td></tr>
                            <tr><th>Outcome:</th><td>Failed</td></tr>
                            <tr><th>Duration:</th><td>0.0 sec</td></tr>
                        
                            <tr><th>Failed</th><td>failed on setup with &#34;Exception: Timeout reached while waiting on service!&#34;</td></tr>
                        
                        
                        </table>

                        
                        <pre>docker_ip = &#39;127.0.0.1&#39;
docker_services = Services(_docker_compose=DockerComposeExecutor(_compose_command=&#39;docker compose&#39;, _compose_files=[&#39;/home/madrid/Escrit...-project-tester/projects/docker-compose.yml&#39;], _compose_project_name=&#39;pytest237587&#39;), _services={&#39;odoo&#39;: {8069: 8069}})

    @pytest.fixture(scope=&#34;session&#34;)
    def http_service(docker_ip, docker_services):
        &#34;&#34;&#34;Se asegura de que el servicio HTTP responde.&#34;&#34;&#34;
    
        # `port_for` takes a container port and returns the corresponding host port
        port = docker_services.port_for(&#34;odoo&#34;, 8069)
        url = f&#34;http://{docker_ip}:{port}&#34;
&gt;       docker_services.wait_until_responsive(
            timeout=60.0, pause=10, check=lambda: is_responsive(url)
        )

test_minimal_requirements.py:208: 
_ _ _ _ _ _ _ _ _ _ _ _ _ _ _ _ _ _ _ _ _ _ _ _ _ _ _ _ _ _ _ _ _ _ _ _ _ _ _ _ 

self = Services(_docker_compose=DockerComposeExecutor(_compose_command=&#39;docker compose&#39;, _compose_files=[&#39;/home/madrid/Escrit...-project-tester/projects/docker-compose.yml&#39;], _compose_project_name=&#39;pytest237587&#39;), _services={&#39;odoo&#39;: {8069: 8069}})
check = &lt;function http_service.&lt;locals&gt;.&lt;lambda&gt; at 0x7f8fc2572790&gt;
timeout = 60.0, pause = 10, clock = &lt;built-in function perf_counter&gt;

    def wait_until_responsive(
        self,
        check: Any,
        timeout: float,
        pause: float,
        clock: Any = timeit.default_timer,
    ) -&gt; None:
        &#34;&#34;&#34;Wait until a service is responsive.&#34;&#34;&#34;
    
        ref = clock()
        now = ref
        while (now - ref) &lt; timeout:
            if check():
                return
            time.sleep(pause)
            now = clock()
    
&gt;       raise Exception(&#34;Timeout reached while waiting on service!&#34;)
E       Exception: Timeout reached while waiting on service!

.venv/lib/python3.8/site-packages/pytest_docker/plugin.py:120: Exception</pre>
                        
                        

                        
                        
                        
                    </div>
                
                </div>
            </div>
            
            <div class="testclass">
                <h4>test_minimal_requirements.TestRNF3</h4>
                <div class="testcases">
                
                    <div class="test outcome outcome-failed">
                        <a id="304f8490-cbfe-4f99-8c45-a2b5ba74e496"></a>
                        <table class="proplist">
                            <tr><th>Test case:</th><td><b>test_modelos_tienen_vista[tree]</b></td></tr>
                            <tr><th>Outcome:</th><td>Failed</td></tr>
                            <tr><th>Duration:</th><td>0.0 sec</td></tr>
                        
                            <tr><th>Failed</th><td>failed on setup with &#34;Exception: Timeout reached while waiting on service!&#34;</td></tr>
                        
                        
                        </table>

                        
                        <pre>docker_ip = &#39;127.0.0.1&#39;
docker_services = Services(_docker_compose=DockerComposeExecutor(_compose_command=&#39;docker compose&#39;, _compose_files=[&#39;/home/madrid/Escrit...-project-tester/projects/docker-compose.yml&#39;], _compose_project_name=&#39;pytest237587&#39;), _services={&#39;odoo&#39;: {8069: 8069}})

    @pytest.fixture(scope=&#34;session&#34;)
    def http_service(docker_ip, docker_services):
        &#34;&#34;&#34;Se asegura de que el servicio HTTP responde.&#34;&#34;&#34;
    
        # `port_for` takes a container port and returns the corresponding host port
        port = docker_services.port_for(&#34;odoo&#34;, 8069)
        url = f&#34;http://{docker_ip}:{port}&#34;
&gt;       docker_services.wait_until_responsive(
            timeout=60.0, pause=10, check=lambda: is_responsive(url)
        )

test_minimal_requirements.py:208: 
_ _ _ _ _ _ _ _ _ _ _ _ _ _ _ _ _ _ _ _ _ _ _ _ _ _ _ _ _ _ _ _ _ _ _ _ _ _ _ _ 

self = Services(_docker_compose=DockerComposeExecutor(_compose_command=&#39;docker compose&#39;, _compose_files=[&#39;/home/madrid/Escrit...-project-tester/projects/docker-compose.yml&#39;], _compose_project_name=&#39;pytest237587&#39;), _services={&#39;odoo&#39;: {8069: 8069}})
check = &lt;function http_service.&lt;locals&gt;.&lt;lambda&gt; at 0x7f8fc2572790&gt;
timeout = 60.0, pause = 10, clock = &lt;built-in function perf_counter&gt;

    def wait_until_responsive(
        self,
        check: Any,
        timeout: float,
        pause: float,
        clock: Any = timeit.default_timer,
    ) -&gt; None:
        &#34;&#34;&#34;Wait until a service is responsive.&#34;&#34;&#34;
    
        ref = clock()
        now = ref
        while (now - ref) &lt; timeout:
            if check():
                return
            time.sleep(pause)
            now = clock()
    
&gt;       raise Exception(&#34;Timeout reached while waiting on service!&#34;)
E       Exception: Timeout reached while waiting on service!

.venv/lib/python3.8/site-packages/pytest_docker/plugin.py:120: Exception</pre>
                        
                        

                        
                        
                        
                    </div>
                
                    <div class="test outcome outcome-failed">
                        <a id="1b7894c5-f710-4fe6-afa3-625afeaf36d1"></a>
                        <table class="proplist">
                            <tr><th>Test case:</th><td><b>test_modelos_tienen_vista[form]</b></td></tr>
                            <tr><th>Outcome:</th><td>Failed</td></tr>
                            <tr><th>Duration:</th><td>0.0 sec</td></tr>
                        
                            <tr><th>Failed</th><td>failed on setup with &#34;Exception: Timeout reached while waiting on service!&#34;</td></tr>
                        
                        
                        </table>

                        
                        <pre>docker_ip = &#39;127.0.0.1&#39;
docker_services = Services(_docker_compose=DockerComposeExecutor(_compose_command=&#39;docker compose&#39;, _compose_files=[&#39;/home/madrid/Escrit...-project-tester/projects/docker-compose.yml&#39;], _compose_project_name=&#39;pytest237587&#39;), _services={&#39;odoo&#39;: {8069: 8069}})

    @pytest.fixture(scope=&#34;session&#34;)
    def http_service(docker_ip, docker_services):
        &#34;&#34;&#34;Se asegura de que el servicio HTTP responde.&#34;&#34;&#34;
    
        # `port_for` takes a container port and returns the corresponding host port
        port = docker_services.port_for(&#34;odoo&#34;, 8069)
        url = f&#34;http://{docker_ip}:{port}&#34;
&gt;       docker_services.wait_until_responsive(
            timeout=60.0, pause=10, check=lambda: is_responsive(url)
        )

test_minimal_requirements.py:208: 
_ _ _ _ _ _ _ _ _ _ _ _ _ _ _ _ _ _ _ _ _ _ _ _ _ _ _ _ _ _ _ _ _ _ _ _ _ _ _ _ 

self = Services(_docker_compose=DockerComposeExecutor(_compose_command=&#39;docker compose&#39;, _compose_files=[&#39;/home/madrid/Escrit...-project-tester/projects/docker-compose.yml&#39;], _compose_project_name=&#39;pytest237587&#39;), _services={&#39;odoo&#39;: {8069: 8069}})
check = &lt;function http_service.&lt;locals&gt;.&lt;lambda&gt; at 0x7f8fc2572790&gt;
timeout = 60.0, pause = 10, clock = &lt;built-in function perf_counter&gt;

    def wait_until_responsive(
        self,
        check: Any,
        timeout: float,
        pause: float,
        clock: Any = timeit.default_timer,
    ) -&gt; None:
        &#34;&#34;&#34;Wait until a service is responsive.&#34;&#34;&#34;
    
        ref = clock()
        now = ref
        while (now - ref) &lt; timeout:
            if check():
                return
            time.sleep(pause)
            now = clock()
    
&gt;       raise Exception(&#34;Timeout reached while waiting on service!&#34;)
E       Exception: Timeout reached while waiting on service!

.venv/lib/python3.8/site-packages/pytest_docker/plugin.py:120: Exception</pre>
                        
                        

                        
                        
                        
                    </div>
                
                    <div class="test outcome outcome-failed">
                        <a id="d889bf6e-917d-47a2-b811-490b4a566a12"></a>
                        <table class="proplist">
                            <tr><th>Test case:</th><td><b>test_formularios_tienen_vista_anidada_para_campos_X2many[one2many]</b></td></tr>
                            <tr><th>Outcome:</th><td>Failed</td></tr>
                            <tr><th>Duration:</th><td>0.0 sec</td></tr>
                        
                            <tr><th>Failed</th><td>failed on setup with &#34;Exception: Timeout reached while waiting on service!&#34;</td></tr>
                        
                        
                        </table>

                        
                        <pre>docker_ip = &#39;127.0.0.1&#39;
docker_services = Services(_docker_compose=DockerComposeExecutor(_compose_command=&#39;docker compose&#39;, _compose_files=[&#39;/home/madrid/Escrit...-project-tester/projects/docker-compose.yml&#39;], _compose_project_name=&#39;pytest237587&#39;), _services={&#39;odoo&#39;: {8069: 8069}})

    @pytest.fixture(scope=&#34;session&#34;)
    def http_service(docker_ip, docker_services):
        &#34;&#34;&#34;Se asegura de que el servicio HTTP responde.&#34;&#34;&#34;
    
        # `port_for` takes a container port and returns the corresponding host port
        port = docker_services.port_for(&#34;odoo&#34;, 8069)
        url = f&#34;http://{docker_ip}:{port}&#34;
&gt;       docker_services.wait_until_responsive(
            timeout=60.0, pause=10, check=lambda: is_responsive(url)
        )

test_minimal_requirements.py:208: 
_ _ _ _ _ _ _ _ _ _ _ _ _ _ _ _ _ _ _ _ _ _ _ _ _ _ _ _ _ _ _ _ _ _ _ _ _ _ _ _ 

self = Services(_docker_compose=DockerComposeExecutor(_compose_command=&#39;docker compose&#39;, _compose_files=[&#39;/home/madrid/Escrit...-project-tester/projects/docker-compose.yml&#39;], _compose_project_name=&#39;pytest237587&#39;), _services={&#39;odoo&#39;: {8069: 8069}})
check = &lt;function http_service.&lt;locals&gt;.&lt;lambda&gt; at 0x7f8fc2572790&gt;
timeout = 60.0, pause = 10, clock = &lt;built-in function perf_counter&gt;

    def wait_until_responsive(
        self,
        check: Any,
        timeout: float,
        pause: float,
        clock: Any = timeit.default_timer,
    ) -&gt; None:
        &#34;&#34;&#34;Wait until a service is responsive.&#34;&#34;&#34;
    
        ref = clock()
        now = ref
        while (now - ref) &lt; timeout:
            if check():
                return
            time.sleep(pause)
            now = clock()
    
&gt;       raise Exception(&#34;Timeout reached while waiting on service!&#34;)
E       Exception: Timeout reached while waiting on service!

.venv/lib/python3.8/site-packages/pytest_docker/plugin.py:120: Exception</pre>
                        
                        

                        
                        
                        
                    </div>
                
                    <div class="test outcome outcome-failed">
                        <a id="0538e4a9-65a9-4cdb-a9c8-d950d1d3b302"></a>
                        <table class="proplist">
                            <tr><th>Test case:</th><td><b>test_formularios_tienen_vista_anidada_para_campos_X2many[many2many]</b></td></tr>
                            <tr><th>Outcome:</th><td>Failed</td></tr>
                            <tr><th>Duration:</th><td>0.0 sec</td></tr>
                        
                            <tr><th>Failed</th><td>failed on setup with &#34;Exception: Timeout reached while waiting on service!&#34;</td></tr>
                        
                        
                        </table>

                        
                        <pre>docker_ip = &#39;127.0.0.1&#39;
docker_services = Services(_docker_compose=DockerComposeExecutor(_compose_command=&#39;docker compose&#39;, _compose_files=[&#39;/home/madrid/Escrit...-project-tester/projects/docker-compose.yml&#39;], _compose_project_name=&#39;pytest237587&#39;), _services={&#39;odoo&#39;: {8069: 8069}})

    @pytest.fixture(scope=&#34;session&#34;)
    def http_service(docker_ip, docker_services):
        &#34;&#34;&#34;Se asegura de que el servicio HTTP responde.&#34;&#34;&#34;
    
        # `port_for` takes a container port and returns the corresponding host port
        port = docker_services.port_for(&#34;odoo&#34;, 8069)
        url = f&#34;http://{docker_ip}:{port}&#34;
&gt;       docker_services.wait_until_responsive(
            timeout=60.0, pause=10, check=lambda: is_responsive(url)
        )

test_minimal_requirements.py:208: 
_ _ _ _ _ _ _ _ _ _ _ _ _ _ _ _ _ _ _ _ _ _ _ _ _ _ _ _ _ _ _ _ _ _ _ _ _ _ _ _ 

self = Services(_docker_compose=DockerComposeExecutor(_compose_command=&#39;docker compose&#39;, _compose_files=[&#39;/home/madrid/Escrit...-project-tester/projects/docker-compose.yml&#39;], _compose_project_name=&#39;pytest237587&#39;), _services={&#39;odoo&#39;: {8069: 8069}})
check = &lt;function http_service.&lt;locals&gt;.&lt;lambda&gt; at 0x7f8fc2572790&gt;
timeout = 60.0, pause = 10, clock = &lt;built-in function perf_counter&gt;

    def wait_until_responsive(
        self,
        check: Any,
        timeout: float,
        pause: float,
        clock: Any = timeit.default_timer,
    ) -&gt; None:
        &#34;&#34;&#34;Wait until a service is responsive.&#34;&#34;&#34;
    
        ref = clock()
        now = ref
        while (now - ref) &lt; timeout:
            if check():
                return
            time.sleep(pause)
            now = clock()
    
&gt;       raise Exception(&#34;Timeout reached while waiting on service!&#34;)
E       Exception: Timeout reached while waiting on service!

.venv/lib/python3.8/site-packages/pytest_docker/plugin.py:120: Exception</pre>
                        
                        

                        
                        
                        
                    </div>
                
                </div>
            </div>
            
            <div class="testclass">
                <h4>test_minimal_requirements.TestRNF4</h4>
                <div class="testcases">
                
                    <div class="test outcome outcome-failed">
                        <a id="e51749ea-3214-4058-9a25-71a447107cda"></a>
                        <table class="proplist">
                            <tr><th>Test case:</th><td><b>test_vistas_en_ficheros_individuales</b></td></tr>
                            <tr><th>Outcome:</th><td>Failed</td></tr>
                            <tr><th>Duration:</th><td>0.0 sec</td></tr>
                        
                            <tr><th>Failed</th><td>failed on setup with &#34;Exception: Timeout reached while waiting on service!&#34;</td></tr>
                        
                        
                        </table>

                        
                        <pre>docker_ip = &#39;127.0.0.1&#39;
docker_services = Services(_docker_compose=DockerComposeExecutor(_compose_command=&#39;docker compose&#39;, _compose_files=[&#39;/home/madrid/Escrit...-project-tester/projects/docker-compose.yml&#39;], _compose_project_name=&#39;pytest237587&#39;), _services={&#39;odoo&#39;: {8069: 8069}})

    @pytest.fixture(scope=&#34;session&#34;)
    def http_service(docker_ip, docker_services):
        &#34;&#34;&#34;Se asegura de que el servicio HTTP responde.&#34;&#34;&#34;
    
        # `port_for` takes a container port and returns the corresponding host port
        port = docker_services.port_for(&#34;odoo&#34;, 8069)
        url = f&#34;http://{docker_ip}:{port}&#34;
&gt;       docker_services.wait_until_responsive(
            timeout=60.0, pause=10, check=lambda: is_responsive(url)
        )

test_minimal_requirements.py:208: 
_ _ _ _ _ _ _ _ _ _ _ _ _ _ _ _ _ _ _ _ _ _ _ _ _ _ _ _ _ _ _ _ _ _ _ _ _ _ _ _ 

self = Services(_docker_compose=DockerComposeExecutor(_compose_command=&#39;docker compose&#39;, _compose_files=[&#39;/home/madrid/Escrit...-project-tester/projects/docker-compose.yml&#39;], _compose_project_name=&#39;pytest237587&#39;), _services={&#39;odoo&#39;: {8069: 8069}})
check = &lt;function http_service.&lt;locals&gt;.&lt;lambda&gt; at 0x7f8fc2572790&gt;
timeout = 60.0, pause = 10, clock = &lt;built-in function perf_counter&gt;

    def wait_until_responsive(
        self,
        check: Any,
        timeout: float,
        pause: float,
        clock: Any = timeit.default_timer,
    ) -&gt; None:
        &#34;&#34;&#34;Wait until a service is responsive.&#34;&#34;&#34;
    
        ref = clock()
        now = ref
        while (now - ref) &lt; timeout:
            if check():
                return
            time.sleep(pause)
            now = clock()
    
&gt;       raise Exception(&#34;Timeout reached while waiting on service!&#34;)
E       Exception: Timeout reached while waiting on service!

.venv/lib/python3.8/site-packages/pytest_docker/plugin.py:120: Exception</pre>
                        
                        

                        
                        
                        
                    </div>
                
                </div>
            </div>
            
            <div class="testclass">
                <h4>test_minimal_requirements.TestRNF5</h4>
                <div class="testcases">
                
                    <div class="test outcome outcome-failed">
                        <a id="812c08c2-1edc-45b7-84ca-a5ffdfb2215b"></a>
                        <table class="proplist">
                            <tr><th>Test case:</th><td><b>test_modelos_tienen_algun_posible_campo_imagen</b></td></tr>
                            <tr><th>Outcome:</th><td>Failed</td></tr>
                            <tr><th>Duration:</th><td>0.001 sec</td></tr>
                        
                            <tr><th>Failed</th><td>failed on setup with &#34;Exception: Timeout reached while waiting on service!&#34;</td></tr>
                        
                        
                        </table>

                        
                        <pre>docker_ip = &#39;127.0.0.1&#39;
docker_services = Services(_docker_compose=DockerComposeExecutor(_compose_command=&#39;docker compose&#39;, _compose_files=[&#39;/home/madrid/Escrit...-project-tester/projects/docker-compose.yml&#39;], _compose_project_name=&#39;pytest237587&#39;), _services={&#39;odoo&#39;: {8069: 8069}})

    @pytest.fixture(scope=&#34;session&#34;)
    def http_service(docker_ip, docker_services):
        &#34;&#34;&#34;Se asegura de que el servicio HTTP responde.&#34;&#34;&#34;
    
        # `port_for` takes a container port and returns the corresponding host port
        port = docker_services.port_for(&#34;odoo&#34;, 8069)
        url = f&#34;http://{docker_ip}:{port}&#34;
&gt;       docker_services.wait_until_responsive(
            timeout=60.0, pause=10, check=lambda: is_responsive(url)
        )

test_minimal_requirements.py:208: 
_ _ _ _ _ _ _ _ _ _ _ _ _ _ _ _ _ _ _ _ _ _ _ _ _ _ _ _ _ _ _ _ _ _ _ _ _ _ _ _ 

self = Services(_docker_compose=DockerComposeExecutor(_compose_command=&#39;docker compose&#39;, _compose_files=[&#39;/home/madrid/Escrit...-project-tester/projects/docker-compose.yml&#39;], _compose_project_name=&#39;pytest237587&#39;), _services={&#39;odoo&#39;: {8069: 8069}})
check = &lt;function http_service.&lt;locals&gt;.&lt;lambda&gt; at 0x7f8fc2572790&gt;
timeout = 60.0, pause = 10, clock = &lt;built-in function perf_counter&gt;

    def wait_until_responsive(
        self,
        check: Any,
        timeout: float,
        pause: float,
        clock: Any = timeit.default_timer,
    ) -&gt; None:
        &#34;&#34;&#34;Wait until a service is responsive.&#34;&#34;&#34;
    
        ref = clock()
        now = ref
        while (now - ref) &lt; timeout:
            if check():
                return
            time.sleep(pause)
            now = clock()
    
&gt;       raise Exception(&#34;Timeout reached while waiting on service!&#34;)
E       Exception: Timeout reached while waiting on service!

.venv/lib/python3.8/site-packages/pytest_docker/plugin.py:120: Exception</pre>
                        
                        

                        
                        
                        
                    </div>
                
                    <div class="test outcome outcome-failed">
                        <a id="8a36d48a-5513-4b8b-a632-2ff82715fd92"></a>
                        <table class="proplist">
                            <tr><th>Test case:</th><td><b>test_alguna_vista_tiene_campo_imagen</b></td></tr>
                            <tr><th>Outcome:</th><td>Failed</td></tr>
                            <tr><th>Duration:</th><td>0.001 sec</td></tr>
                        
                            <tr><th>Failed</th><td>failed on setup with &#34;Exception: Timeout reached while waiting on service!&#34;</td></tr>
                        
                        
                        </table>

                        
                        <pre>docker_ip = &#39;127.0.0.1&#39;
docker_services = Services(_docker_compose=DockerComposeExecutor(_compose_command=&#39;docker compose&#39;, _compose_files=[&#39;/home/madrid/Escrit...-project-tester/projects/docker-compose.yml&#39;], _compose_project_name=&#39;pytest237587&#39;), _services={&#39;odoo&#39;: {8069: 8069}})

    @pytest.fixture(scope=&#34;session&#34;)
    def http_service(docker_ip, docker_services):
        &#34;&#34;&#34;Se asegura de que el servicio HTTP responde.&#34;&#34;&#34;
    
        # `port_for` takes a container port and returns the corresponding host port
        port = docker_services.port_for(&#34;odoo&#34;, 8069)
        url = f&#34;http://{docker_ip}:{port}&#34;
&gt;       docker_services.wait_until_responsive(
            timeout=60.0, pause=10, check=lambda: is_responsive(url)
        )

test_minimal_requirements.py:208: 
_ _ _ _ _ _ _ _ _ _ _ _ _ _ _ _ _ _ _ _ _ _ _ _ _ _ _ _ _ _ _ _ _ _ _ _ _ _ _ _ 

self = Services(_docker_compose=DockerComposeExecutor(_compose_command=&#39;docker compose&#39;, _compose_files=[&#39;/home/madrid/Escrit...-project-tester/projects/docker-compose.yml&#39;], _compose_project_name=&#39;pytest237587&#39;), _services={&#39;odoo&#39;: {8069: 8069}})
check = &lt;function http_service.&lt;locals&gt;.&lt;lambda&gt; at 0x7f8fc2572790&gt;
timeout = 60.0, pause = 10, clock = &lt;built-in function perf_counter&gt;

    def wait_until_responsive(
        self,
        check: Any,
        timeout: float,
        pause: float,
        clock: Any = timeit.default_timer,
    ) -&gt; None:
        &#34;&#34;&#34;Wait until a service is responsive.&#34;&#34;&#34;
    
        ref = clock()
        now = ref
        while (now - ref) &lt; timeout:
            if check():
                return
            time.sleep(pause)
            now = clock()
    
&gt;       raise Exception(&#34;Timeout reached while waiting on service!&#34;)
E       Exception: Timeout reached while waiting on service!

.venv/lib/python3.8/site-packages/pytest_docker/plugin.py:120: Exception</pre>
                        
                        

                        
                        
                        
                    </div>
                
                </div>
            </div>
            
            <div class="testclass">
                <h4>test_minimal_requirements.TestRNF6</h4>
                <div class="testcases">
                
                    <div class="test outcome outcome-failed">
                        <a id="9af04ccf-686e-47e0-a1c6-904925fadfa1"></a>
                        <table class="proplist">
                            <tr><th>Test case:</th><td><b>test_modelos_tienen_acciones</b></td></tr>
                            <tr><th>Outcome:</th><td>Failed</td></tr>
                            <tr><th>Duration:</th><td>0.0 sec</td></tr>
                        
                            <tr><th>Failed</th><td>failed on setup with &#34;Exception: Timeout reached while waiting on service!&#34;</td></tr>
                        
                        
                        </table>

                        
                        <pre>docker_ip = &#39;127.0.0.1&#39;
docker_services = Services(_docker_compose=DockerComposeExecutor(_compose_command=&#39;docker compose&#39;, _compose_files=[&#39;/home/madrid/Escrit...-project-tester/projects/docker-compose.yml&#39;], _compose_project_name=&#39;pytest237587&#39;), _services={&#39;odoo&#39;: {8069: 8069}})

    @pytest.fixture(scope=&#34;session&#34;)
    def http_service(docker_ip, docker_services):
        &#34;&#34;&#34;Se asegura de que el servicio HTTP responde.&#34;&#34;&#34;
    
        # `port_for` takes a container port and returns the corresponding host port
        port = docker_services.port_for(&#34;odoo&#34;, 8069)
        url = f&#34;http://{docker_ip}:{port}&#34;
&gt;       docker_services.wait_until_responsive(
            timeout=60.0, pause=10, check=lambda: is_responsive(url)
        )

test_minimal_requirements.py:208: 
_ _ _ _ _ _ _ _ _ _ _ _ _ _ _ _ _ _ _ _ _ _ _ _ _ _ _ _ _ _ _ _ _ _ _ _ _ _ _ _ 

self = Services(_docker_compose=DockerComposeExecutor(_compose_command=&#39;docker compose&#39;, _compose_files=[&#39;/home/madrid/Escrit...-project-tester/projects/docker-compose.yml&#39;], _compose_project_name=&#39;pytest237587&#39;), _services={&#39;odoo&#39;: {8069: 8069}})
check = &lt;function http_service.&lt;locals&gt;.&lt;lambda&gt; at 0x7f8fc2572790&gt;
timeout = 60.0, pause = 10, clock = &lt;built-in function perf_counter&gt;

    def wait_until_responsive(
        self,
        check: Any,
        timeout: float,
        pause: float,
        clock: Any = timeit.default_timer,
    ) -&gt; None:
        &#34;&#34;&#34;Wait until a service is responsive.&#34;&#34;&#34;
    
        ref = clock()
        now = ref
        while (now - ref) &lt; timeout:
            if check():
                return
            time.sleep(pause)
            now = clock()
    
&gt;       raise Exception(&#34;Timeout reached while waiting on service!&#34;)
E       Exception: Timeout reached while waiting on service!

.venv/lib/python3.8/site-packages/pytest_docker/plugin.py:120: Exception</pre>
                        
                        

                        
                        
                        
                    </div>
                
                    <div class="test outcome outcome-failed">
                        <a id="8f5ef11e-4cb4-4cba-9fdb-1931f5c106f7"></a>
                        <table class="proplist">
                            <tr><th>Test case:</th><td><b>test_hay_elementos_de_menu[.//menuitem[@action]]</b></td></tr>
                            <tr><th>Outcome:</th><td>Failed</td></tr>
                            <tr><th>Duration:</th><td>0.0 sec</td></tr>
                        
                            <tr><th>Failed</th><td>failed on setup with &#34;Exception: Timeout reached while waiting on service!&#34;</td></tr>
                        
                        
                        </table>

                        
                        <pre>docker_ip = &#39;127.0.0.1&#39;
docker_services = Services(_docker_compose=DockerComposeExecutor(_compose_command=&#39;docker compose&#39;, _compose_files=[&#39;/home/madrid/Escrit...-project-tester/projects/docker-compose.yml&#39;], _compose_project_name=&#39;pytest237587&#39;), _services={&#39;odoo&#39;: {8069: 8069}})

    @pytest.fixture(scope=&#34;session&#34;)
    def http_service(docker_ip, docker_services):
        &#34;&#34;&#34;Se asegura de que el servicio HTTP responde.&#34;&#34;&#34;
    
        # `port_for` takes a container port and returns the corresponding host port
        port = docker_services.port_for(&#34;odoo&#34;, 8069)
        url = f&#34;http://{docker_ip}:{port}&#34;
&gt;       docker_services.wait_until_responsive(
            timeout=60.0, pause=10, check=lambda: is_responsive(url)
        )

test_minimal_requirements.py:208: 
_ _ _ _ _ _ _ _ _ _ _ _ _ _ _ _ _ _ _ _ _ _ _ _ _ _ _ _ _ _ _ _ _ _ _ _ _ _ _ _ 

self = Services(_docker_compose=DockerComposeExecutor(_compose_command=&#39;docker compose&#39;, _compose_files=[&#39;/home/madrid/Escrit...-project-tester/projects/docker-compose.yml&#39;], _compose_project_name=&#39;pytest237587&#39;), _services={&#39;odoo&#39;: {8069: 8069}})
check = &lt;function http_service.&lt;locals&gt;.&lt;lambda&gt; at 0x7f8fc2572790&gt;
timeout = 60.0, pause = 10, clock = &lt;built-in function perf_counter&gt;

    def wait_until_responsive(
        self,
        check: Any,
        timeout: float,
        pause: float,
        clock: Any = timeit.default_timer,
    ) -&gt; None:
        &#34;&#34;&#34;Wait until a service is responsive.&#34;&#34;&#34;
    
        ref = clock()
        now = ref
        while (now - ref) &lt; timeout:
            if check():
                return
            time.sleep(pause)
            now = clock()
    
&gt;       raise Exception(&#34;Timeout reached while waiting on service!&#34;)
E       Exception: Timeout reached while waiting on service!

.venv/lib/python3.8/site-packages/pytest_docker/plugin.py:120: Exception</pre>
                        
                        

                        
                        
                        
                    </div>
                
                </div>
            </div>
            
            <div class="testclass">
                <h4>test_minimal_requirements.TestRNF7</h4>
                <div class="testcases">
                
                    <div class="test outcome outcome-failed">
                        <a id="33888002-0eb7-4a04-a074-09a1c341592a"></a>
                        <table class="proplist">
                            <tr><th>Test case:</th><td><b>test_modelos_tienen_permisos</b></td></tr>
                            <tr><th>Outcome:</th><td>Failed</td></tr>
                            <tr><th>Duration:</th><td>0.0 sec</td></tr>
                        
                            <tr><th>Failed</th><td>failed on setup with &#34;Exception: Timeout reached while waiting on service!&#34;</td></tr>
                        
                        
                        </table>

                        
                        <pre>docker_ip = &#39;127.0.0.1&#39;
docker_services = Services(_docker_compose=DockerComposeExecutor(_compose_command=&#39;docker compose&#39;, _compose_files=[&#39;/home/madrid/Escrit...-project-tester/projects/docker-compose.yml&#39;], _compose_project_name=&#39;pytest237587&#39;), _services={&#39;odoo&#39;: {8069: 8069}})

    @pytest.fixture(scope=&#34;session&#34;)
    def http_service(docker_ip, docker_services):
        &#34;&#34;&#34;Se asegura de que el servicio HTTP responde.&#34;&#34;&#34;
    
        # `port_for` takes a container port and returns the corresponding host port
        port = docker_services.port_for(&#34;odoo&#34;, 8069)
        url = f&#34;http://{docker_ip}:{port}&#34;
&gt;       docker_services.wait_until_responsive(
            timeout=60.0, pause=10, check=lambda: is_responsive(url)
        )

test_minimal_requirements.py:208: 
_ _ _ _ _ _ _ _ _ _ _ _ _ _ _ _ _ _ _ _ _ _ _ _ _ _ _ _ _ _ _ _ _ _ _ _ _ _ _ _ 

self = Services(_docker_compose=DockerComposeExecutor(_compose_command=&#39;docker compose&#39;, _compose_files=[&#39;/home/madrid/Escrit...-project-tester/projects/docker-compose.yml&#39;], _compose_project_name=&#39;pytest237587&#39;), _services={&#39;odoo&#39;: {8069: 8069}})
check = &lt;function http_service.&lt;locals&gt;.&lt;lambda&gt; at 0x7f8fc2572790&gt;
timeout = 60.0, pause = 10, clock = &lt;built-in function perf_counter&gt;

    def wait_until_responsive(
        self,
        check: Any,
        timeout: float,
        pause: float,
        clock: Any = timeit.default_timer,
    ) -&gt; None:
        &#34;&#34;&#34;Wait until a service is responsive.&#34;&#34;&#34;
    
        ref = clock()
        now = ref
        while (now - ref) &lt; timeout:
            if check():
                return
            time.sleep(pause)
            now = clock()
    
&gt;       raise Exception(&#34;Timeout reached while waiting on service!&#34;)
E       Exception: Timeout reached while waiting on service!

.venv/lib/python3.8/site-packages/pytest_docker/plugin.py:120: Exception</pre>
                        
                        

                        
                        
                        
                    </div>
                
                </div>
            </div>
            
            <div class="testclass">
                <h4>test_minimal_requirements.TestRNF8</h4>
                <div class="testcases">
                
                    <div class="test outcome outcome-failed">
                        <a id="4a64e94d-6d0d-4d81-9624-8aa26c2deafe"></a>
                        <table class="proplist">
                            <tr><th>Test case:</th><td><b>test_app_tiene_icono</b></td></tr>
                            <tr><th>Outcome:</th><td>Failed</td></tr>
                            <tr><th>Duration:</th><td>0.0 sec</td></tr>
                        
                            <tr><th>Failed</th><td>failed on setup with &#34;Exception: Timeout reached while waiting on service!&#34;</td></tr>
                        
                        
                        </table>

                        
                        <pre>docker_ip = &#39;127.0.0.1&#39;
docker_services = Services(_docker_compose=DockerComposeExecutor(_compose_command=&#39;docker compose&#39;, _compose_files=[&#39;/home/madrid/Escrit...-project-tester/projects/docker-compose.yml&#39;], _compose_project_name=&#39;pytest237587&#39;), _services={&#39;odoo&#39;: {8069: 8069}})

    @pytest.fixture(scope=&#34;session&#34;)
    def http_service(docker_ip, docker_services):
        &#34;&#34;&#34;Se asegura de que el servicio HTTP responde.&#34;&#34;&#34;
    
        # `port_for` takes a container port and returns the corresponding host port
        port = docker_services.port_for(&#34;odoo&#34;, 8069)
        url = f&#34;http://{docker_ip}:{port}&#34;
&gt;       docker_services.wait_until_responsive(
            timeout=60.0, pause=10, check=lambda: is_responsive(url)
        )

test_minimal_requirements.py:208: 
_ _ _ _ _ _ _ _ _ _ _ _ _ _ _ _ _ _ _ _ _ _ _ _ _ _ _ _ _ _ _ _ _ _ _ _ _ _ _ _ 

self = Services(_docker_compose=DockerComposeExecutor(_compose_command=&#39;docker compose&#39;, _compose_files=[&#39;/home/madrid/Escrit...-project-tester/projects/docker-compose.yml&#39;], _compose_project_name=&#39;pytest237587&#39;), _services={&#39;odoo&#39;: {8069: 8069}})
check = &lt;function http_service.&lt;locals&gt;.&lt;lambda&gt; at 0x7f8fc2572790&gt;
timeout = 60.0, pause = 10, clock = &lt;built-in function perf_counter&gt;

    def wait_until_responsive(
        self,
        check: Any,
        timeout: float,
        pause: float,
        clock: Any = timeit.default_timer,
    ) -&gt; None:
        &#34;&#34;&#34;Wait until a service is responsive.&#34;&#34;&#34;
    
        ref = clock()
        now = ref
        while (now - ref) &lt; timeout:
            if check():
                return
            time.sleep(pause)
            now = clock()
    
&gt;       raise Exception(&#34;Timeout reached while waiting on service!&#34;)
E       Exception: Timeout reached while waiting on service!

.venv/lib/python3.8/site-packages/pytest_docker/plugin.py:120: Exception</pre>
                        
                        

                        
                        
                        
                    </div>
                
                </div>
            </div>
            
            <div class="testclass">
                <h4>test_minimal_requirements.TestRNF9</h4>
                <div class="testcases">
                
                    <div class="test outcome outcome-failed">
                        <a id="f847234a-f6cc-4a7b-b4fc-9a82e6c5d33e"></a>
                        <table class="proplist">
                            <tr><th>Test case:</th><td><b>test_modelos_tienen_datos_demo</b></td></tr>
                            <tr><th>Outcome:</th><td>Failed</td></tr>
                            <tr><th>Duration:</th><td>0.0 sec</td></tr>
                        
                            <tr><th>Failed</th><td>failed on setup with &#34;Exception: Timeout reached while waiting on service!&#34;</td></tr>
                        
                        
                        </table>

                        
                        <pre>docker_ip = &#39;127.0.0.1&#39;
docker_services = Services(_docker_compose=DockerComposeExecutor(_compose_command=&#39;docker compose&#39;, _compose_files=[&#39;/home/madrid/Escrit...-project-tester/projects/docker-compose.yml&#39;], _compose_project_name=&#39;pytest237587&#39;), _services={&#39;odoo&#39;: {8069: 8069}})

    @pytest.fixture(scope=&#34;session&#34;)
    def http_service(docker_ip, docker_services):
        &#34;&#34;&#34;Se asegura de que el servicio HTTP responde.&#34;&#34;&#34;
    
        # `port_for` takes a container port and returns the corresponding host port
        port = docker_services.port_for(&#34;odoo&#34;, 8069)
        url = f&#34;http://{docker_ip}:{port}&#34;
&gt;       docker_services.wait_until_responsive(
            timeout=60.0, pause=10, check=lambda: is_responsive(url)
        )

test_minimal_requirements.py:208: 
_ _ _ _ _ _ _ _ _ _ _ _ _ _ _ _ _ _ _ _ _ _ _ _ _ _ _ _ _ _ _ _ _ _ _ _ _ _ _ _ 

self = Services(_docker_compose=DockerComposeExecutor(_compose_command=&#39;docker compose&#39;, _compose_files=[&#39;/home/madrid/Escrit...-project-tester/projects/docker-compose.yml&#39;], _compose_project_name=&#39;pytest237587&#39;), _services={&#39;odoo&#39;: {8069: 8069}})
check = &lt;function http_service.&lt;locals&gt;.&lt;lambda&gt; at 0x7f8fc2572790&gt;
timeout = 60.0, pause = 10, clock = &lt;built-in function perf_counter&gt;

    def wait_until_responsive(
        self,
        check: Any,
        timeout: float,
        pause: float,
        clock: Any = timeit.default_timer,
    ) -&gt; None:
        &#34;&#34;&#34;Wait until a service is responsive.&#34;&#34;&#34;
    
        ref = clock()
        now = ref
        while (now - ref) &lt; timeout:
            if check():
                return
            time.sleep(pause)
            now = clock()
    
&gt;       raise Exception(&#34;Timeout reached while waiting on service!&#34;)
E       Exception: Timeout reached while waiting on service!

.venv/lib/python3.8/site-packages/pytest_docker/plugin.py:120: Exception</pre>
                        
                        

                        
                        
                        
                    </div>
                
                </div>
            </div>
            
            <div class="testclass">
                <h4>test_minimal_requirements.TestRNFGit</h4>
                <div class="testcases">
                
                    <div class="test outcome outcome-failed">
                        <a id="b6689d52-20b6-423f-8cbc-043b0380a399"></a>
                        <table class="proplist">
                            <tr><th>Test case:</th><td><b>test_git_commit_frecuentes</b></td></tr>
                            <tr><th>Outcome:</th><td>Failed</td></tr>
                            <tr><th>Duration:</th><td>0.0 sec</td></tr>
                        
                            <tr><th>Failed</th><td>failed on setup with &#34;Exception: Timeout reached while waiting on service!&#34;</td></tr>
                        
                        
                        </table>

                        
                        <pre>docker_ip = &#39;127.0.0.1&#39;
docker_services = Services(_docker_compose=DockerComposeExecutor(_compose_command=&#39;docker compose&#39;, _compose_files=[&#39;/home/madrid/Escrit...-project-tester/projects/docker-compose.yml&#39;], _compose_project_name=&#39;pytest237587&#39;), _services={&#39;odoo&#39;: {8069: 8069}})

    @pytest.fixture(scope=&#34;session&#34;)
    def http_service(docker_ip, docker_services):
        &#34;&#34;&#34;Se asegura de que el servicio HTTP responde.&#34;&#34;&#34;
    
        # `port_for` takes a container port and returns the corresponding host port
        port = docker_services.port_for(&#34;odoo&#34;, 8069)
        url = f&#34;http://{docker_ip}:{port}&#34;
&gt;       docker_services.wait_until_responsive(
            timeout=60.0, pause=10, check=lambda: is_responsive(url)
        )

test_minimal_requirements.py:208: 
_ _ _ _ _ _ _ _ _ _ _ _ _ _ _ _ _ _ _ _ _ _ _ _ _ _ _ _ _ _ _ _ _ _ _ _ _ _ _ _ 

self = Services(_docker_compose=DockerComposeExecutor(_compose_command=&#39;docker compose&#39;, _compose_files=[&#39;/home/madrid/Escrit...-project-tester/projects/docker-compose.yml&#39;], _compose_project_name=&#39;pytest237587&#39;), _services={&#39;odoo&#39;: {8069: 8069}})
check = &lt;function http_service.&lt;locals&gt;.&lt;lambda&gt; at 0x7f8fc2572790&gt;
timeout = 60.0, pause = 10, clock = &lt;built-in function perf_counter&gt;

    def wait_until_responsive(
        self,
        check: Any,
        timeout: float,
        pause: float,
        clock: Any = timeit.default_timer,
    ) -&gt; None:
        &#34;&#34;&#34;Wait until a service is responsive.&#34;&#34;&#34;
    
        ref = clock()
        now = ref
        while (now - ref) &lt; timeout:
            if check():
                return
            time.sleep(pause)
            now = clock()
    
&gt;       raise Exception(&#34;Timeout reached while waiting on service!&#34;)
E       Exception: Timeout reached while waiting on service!

.venv/lib/python3.8/site-packages/pytest_docker/plugin.py:120: Exception</pre>
                        
                        

                        
                        
                        
                    </div>
                
                </div>
            </div>
            
            <div class="testclass">
                <h4>test_minimal_requirements.TestRNFCalidad</h4>
                <div class="testcases">
                
                    <div class="test outcome outcome-failed">
                        <a id="a6870fdc-d0e9-4a37-9a0a-e4359ae4852d"></a>
                        <table class="proplist">
                            <tr><th>Test case:</th><td><b>test_odoo_disponible</b></td></tr>
                            <tr><th>Outcome:</th><td>Failed</td></tr>
                            <tr><th>Duration:</th><td>0.0 sec</td></tr>
                        
                            <tr><th>Failed</th><td>failed on setup with &#34;Exception: Timeout reached while waiting on service!&#34;</td></tr>
                        
                        
                        </table>

                        
                        <pre>docker_ip = &#39;127.0.0.1&#39;
docker_services = Services(_docker_compose=DockerComposeExecutor(_compose_command=&#39;docker compose&#39;, _compose_files=[&#39;/home/madrid/Escrit...-project-tester/projects/docker-compose.yml&#39;], _compose_project_name=&#39;pytest237587&#39;), _services={&#39;odoo&#39;: {8069: 8069}})

    @pytest.fixture(scope=&#34;session&#34;)
    def http_service(docker_ip, docker_services):
        &#34;&#34;&#34;Se asegura de que el servicio HTTP responde.&#34;&#34;&#34;
    
        # `port_for` takes a container port and returns the corresponding host port
        port = docker_services.port_for(&#34;odoo&#34;, 8069)
        url = f&#34;http://{docker_ip}:{port}&#34;
&gt;       docker_services.wait_until_responsive(
            timeout=60.0, pause=10, check=lambda: is_responsive(url)
        )

test_minimal_requirements.py:208: 
_ _ _ _ _ _ _ _ _ _ _ _ _ _ _ _ _ _ _ _ _ _ _ _ _ _ _ _ _ _ _ _ _ _ _ _ _ _ _ _ 

self = Services(_docker_compose=DockerComposeExecutor(_compose_command=&#39;docker compose&#39;, _compose_files=[&#39;/home/madrid/Escrit...-project-tester/projects/docker-compose.yml&#39;], _compose_project_name=&#39;pytest237587&#39;), _services={&#39;odoo&#39;: {8069: 8069}})
check = &lt;function http_service.&lt;locals&gt;.&lt;lambda&gt; at 0x7f8fc2572790&gt;
timeout = 60.0, pause = 10, clock = &lt;built-in function perf_counter&gt;

    def wait_until_responsive(
        self,
        check: Any,
        timeout: float,
        pause: float,
        clock: Any = timeit.default_timer,
    ) -&gt; None:
        &#34;&#34;&#34;Wait until a service is responsive.&#34;&#34;&#34;
    
        ref = clock()
        now = ref
        while (now - ref) &lt; timeout:
            if check():
                return
            time.sleep(pause)
            now = clock()
    
&gt;       raise Exception(&#34;Timeout reached while waiting on service!&#34;)
E       Exception: Timeout reached while waiting on service!

.venv/lib/python3.8/site-packages/pytest_docker/plugin.py:120: Exception</pre>
                        
                        

                        
                        
                        
                    </div>
                
                    <div class="test outcome outcome-failed">
                        <a id="f82a8ae3-ee76-455d-8ad2-bed5c37dcfee"></a>
                        <table class="proplist">
                            <tr><th>Test case:</th><td><b>test_app_instalada</b></td></tr>
                            <tr><th>Outcome:</th><td>Failed</td></tr>
                            <tr><th>Duration:</th><td>0.0 sec</td></tr>
                        
                            <tr><th>Failed</th><td>failed on setup with &#34;Exception: Timeout reached while waiting on service!&#34;</td></tr>
                        
                        
                        </table>

                        
                        <pre>docker_ip = &#39;127.0.0.1&#39;
docker_services = Services(_docker_compose=DockerComposeExecutor(_compose_command=&#39;docker compose&#39;, _compose_files=[&#39;/home/madrid/Escrit...-project-tester/projects/docker-compose.yml&#39;], _compose_project_name=&#39;pytest237587&#39;), _services={&#39;odoo&#39;: {8069: 8069}})

    @pytest.fixture(scope=&#34;session&#34;)
    def http_service(docker_ip, docker_services):
        &#34;&#34;&#34;Se asegura de que el servicio HTTP responde.&#34;&#34;&#34;
    
        # `port_for` takes a container port and returns the corresponding host port
        port = docker_services.port_for(&#34;odoo&#34;, 8069)
        url = f&#34;http://{docker_ip}:{port}&#34;
&gt;       docker_services.wait_until_responsive(
            timeout=60.0, pause=10, check=lambda: is_responsive(url)
        )

test_minimal_requirements.py:208: 
_ _ _ _ _ _ _ _ _ _ _ _ _ _ _ _ _ _ _ _ _ _ _ _ _ _ _ _ _ _ _ _ _ _ _ _ _ _ _ _ 

self = Services(_docker_compose=DockerComposeExecutor(_compose_command=&#39;docker compose&#39;, _compose_files=[&#39;/home/madrid/Escrit...-project-tester/projects/docker-compose.yml&#39;], _compose_project_name=&#39;pytest237587&#39;), _services={&#39;odoo&#39;: {8069: 8069}})
check = &lt;function http_service.&lt;locals&gt;.&lt;lambda&gt; at 0x7f8fc2572790&gt;
timeout = 60.0, pause = 10, clock = &lt;built-in function perf_counter&gt;

    def wait_until_responsive(
        self,
        check: Any,
        timeout: float,
        pause: float,
        clock: Any = timeit.default_timer,
    ) -&gt; None:
        &#34;&#34;&#34;Wait until a service is responsive.&#34;&#34;&#34;
    
        ref = clock()
        now = ref
        while (now - ref) &lt; timeout:
            if check():
                return
            time.sleep(pause)
            now = clock()
    
&gt;       raise Exception(&#34;Timeout reached while waiting on service!&#34;)
E       Exception: Timeout reached while waiting on service!

.venv/lib/python3.8/site-packages/pytest_docker/plugin.py:120: Exception</pre>
                        
                        

                        
                        
                        
                    </div>
                
                    <div class="test outcome outcome-failed">
                        <a id="111775f3-f6c7-4135-858c-c012a78ccaaf"></a>
                        <table class="proplist">
                            <tr><th>Test case:</th><td><b>test_otras_apps_entregadas_son_dependencias</b></td></tr>
                            <tr><th>Outcome:</th><td>Failed</td></tr>
                            <tr><th>Duration:</th><td>0.001 sec</td></tr>
                        
                            <tr><th>Failed</th><td>failed on setup with &#34;Exception: Timeout reached while waiting on service!&#34;</td></tr>
                        
                        
                        </table>

                        
                        <pre>docker_ip = &#39;127.0.0.1&#39;
docker_services = Services(_docker_compose=DockerComposeExecutor(_compose_command=&#39;docker compose&#39;, _compose_files=[&#39;/home/madrid/Escrit...-project-tester/projects/docker-compose.yml&#39;], _compose_project_name=&#39;pytest237587&#39;), _services={&#39;odoo&#39;: {8069: 8069}})

    @pytest.fixture(scope=&#34;session&#34;)
    def http_service(docker_ip, docker_services):
        &#34;&#34;&#34;Se asegura de que el servicio HTTP responde.&#34;&#34;&#34;
    
        # `port_for` takes a container port and returns the corresponding host port
        port = docker_services.port_for(&#34;odoo&#34;, 8069)
        url = f&#34;http://{docker_ip}:{port}&#34;
&gt;       docker_services.wait_until_responsive(
            timeout=60.0, pause=10, check=lambda: is_responsive(url)
        )

test_minimal_requirements.py:208: 
_ _ _ _ _ _ _ _ _ _ _ _ _ _ _ _ _ _ _ _ _ _ _ _ _ _ _ _ _ _ _ _ _ _ _ _ _ _ _ _ 

self = Services(_docker_compose=DockerComposeExecutor(_compose_command=&#39;docker compose&#39;, _compose_files=[&#39;/home/madrid/Escrit...-project-tester/projects/docker-compose.yml&#39;], _compose_project_name=&#39;pytest237587&#39;), _services={&#39;odoo&#39;: {8069: 8069}})
check = &lt;function http_service.&lt;locals&gt;.&lt;lambda&gt; at 0x7f8fc2572790&gt;
timeout = 60.0, pause = 10, clock = &lt;built-in function perf_counter&gt;

    def wait_until_responsive(
        self,
        check: Any,
        timeout: float,
        pause: float,
        clock: Any = timeit.default_timer,
    ) -&gt; None:
        &#34;&#34;&#34;Wait until a service is responsive.&#34;&#34;&#34;
    
        ref = clock()
        now = ref
        while (now - ref) &lt; timeout:
            if check():
                return
            time.sleep(pause)
            now = clock()
    
&gt;       raise Exception(&#34;Timeout reached while waiting on service!&#34;)
E       Exception: Timeout reached while waiting on service!

.venv/lib/python3.8/site-packages/pytest_docker/plugin.py:120: Exception</pre>
                        
                        

                        
                        
                        
                    </div>
                
                    <div class="test outcome outcome-failed">
                        <a id="d690a50b-f538-4cb6-90fc-adb78c73593b"></a>
                        <table class="proplist">
                            <tr><th>Test case:</th><td><b>test_no_hay_elementos_xml_comentados</b></td></tr>
                            <tr><th>Outcome:</th><td>Failed</td></tr>
                            <tr><th>Duration:</th><td>0.001 sec</td></tr>
                        
                            <tr><th>Failed</th><td>failed on setup with &#34;Exception: Timeout reached while waiting on service!&#34;</td></tr>
                        
                        
                        </table>

                        
                        <pre>docker_ip = &#39;127.0.0.1&#39;
docker_services = Services(_docker_compose=DockerComposeExecutor(_compose_command=&#39;docker compose&#39;, _compose_files=[&#39;/home/madrid/Escrit...-project-tester/projects/docker-compose.yml&#39;], _compose_project_name=&#39;pytest237587&#39;), _services={&#39;odoo&#39;: {8069: 8069}})

    @pytest.fixture(scope=&#34;session&#34;)
    def http_service(docker_ip, docker_services):
        &#34;&#34;&#34;Se asegura de que el servicio HTTP responde.&#34;&#34;&#34;
    
        # `port_for` takes a container port and returns the corresponding host port
        port = docker_services.port_for(&#34;odoo&#34;, 8069)
        url = f&#34;http://{docker_ip}:{port}&#34;
&gt;       docker_services.wait_until_responsive(
            timeout=60.0, pause=10, check=lambda: is_responsive(url)
        )

test_minimal_requirements.py:208: 
_ _ _ _ _ _ _ _ _ _ _ _ _ _ _ _ _ _ _ _ _ _ _ _ _ _ _ _ _ _ _ _ _ _ _ _ _ _ _ _ 

self = Services(_docker_compose=DockerComposeExecutor(_compose_command=&#39;docker compose&#39;, _compose_files=[&#39;/home/madrid/Escrit...-project-tester/projects/docker-compose.yml&#39;], _compose_project_name=&#39;pytest237587&#39;), _services={&#39;odoo&#39;: {8069: 8069}})
check = &lt;function http_service.&lt;locals&gt;.&lt;lambda&gt; at 0x7f8fc2572790&gt;
timeout = 60.0, pause = 10, clock = &lt;built-in function perf_counter&gt;

    def wait_until_responsive(
        self,
        check: Any,
        timeout: float,
        pause: float,
        clock: Any = timeit.default_timer,
    ) -&gt; None:
        &#34;&#34;&#34;Wait until a service is responsive.&#34;&#34;&#34;
    
        ref = clock()
        now = ref
        while (now - ref) &lt; timeout:
            if check():
                return
            time.sleep(pause)
            now = clock()
    
&gt;       raise Exception(&#34;Timeout reached while waiting on service!&#34;)
E       Exception: Timeout reached while waiting on service!

.venv/lib/python3.8/site-packages/pytest_docker/plugin.py:120: Exception</pre>
                        
                        

                        
                        
                        
                    </div>
                
                    <div class="test outcome outcome-failed">
                        <a id="4559b04d-644d-4abe-9632-489075b1a96f"></a>
                        <table class="proplist">
                            <tr><th>Test case:</th><td><b>test_no_hay_codigo_python_comentado</b></td></tr>
                            <tr><th>Outcome:</th><td>Failed</td></tr>
                            <tr><th>Duration:</th><td>0.0 sec</td></tr>
                        
                            <tr><th>Failed</th><td>failed on setup with &#34;Exception: Timeout reached while waiting on service!&#34;</td></tr>
                        
                        
                        </table>

                        
                        <pre>docker_ip = &#39;127.0.0.1&#39;
docker_services = Services(_docker_compose=DockerComposeExecutor(_compose_command=&#39;docker compose&#39;, _compose_files=[&#39;/home/madrid/Escrit...-project-tester/projects/docker-compose.yml&#39;], _compose_project_name=&#39;pytest237587&#39;), _services={&#39;odoo&#39;: {8069: 8069}})

    @pytest.fixture(scope=&#34;session&#34;)
    def http_service(docker_ip, docker_services):
        &#34;&#34;&#34;Se asegura de que el servicio HTTP responde.&#34;&#34;&#34;
    
        # `port_for` takes a container port and returns the corresponding host port
        port = docker_services.port_for(&#34;odoo&#34;, 8069)
        url = f&#34;http://{docker_ip}:{port}&#34;
&gt;       docker_services.wait_until_responsive(
            timeout=60.0, pause=10, check=lambda: is_responsive(url)
        )

test_minimal_requirements.py:208: 
_ _ _ _ _ _ _ _ _ _ _ _ _ _ _ _ _ _ _ _ _ _ _ _ _ _ _ _ _ _ _ _ _ _ _ _ _ _ _ _ 

self = Services(_docker_compose=DockerComposeExecutor(_compose_command=&#39;docker compose&#39;, _compose_files=[&#39;/home/madrid/Escrit...-project-tester/projects/docker-compose.yml&#39;], _compose_project_name=&#39;pytest237587&#39;), _services={&#39;odoo&#39;: {8069: 8069}})
check = &lt;function http_service.&lt;locals&gt;.&lt;lambda&gt; at 0x7f8fc2572790&gt;
timeout = 60.0, pause = 10, clock = &lt;built-in function perf_counter&gt;

    def wait_until_responsive(
        self,
        check: Any,
        timeout: float,
        pause: float,
        clock: Any = timeit.default_timer,
    ) -&gt; None:
        &#34;&#34;&#34;Wait until a service is responsive.&#34;&#34;&#34;
    
        ref = clock()
        now = ref
        while (now - ref) &lt; timeout:
            if check():
                return
            time.sleep(pause)
            now = clock()
    
&gt;       raise Exception(&#34;Timeout reached while waiting on service!&#34;)
E       Exception: Timeout reached while waiting on service!

.venv/lib/python3.8/site-packages/pytest_docker/plugin.py:120: Exception</pre>
                        
                        

                        
                        
                        
                    </div>
                
                    <div class="test outcome outcome-failed">
                        <a id="7c67d857-116a-48ca-882b-2a73438aab4d"></a>
                        <table class="proplist">
                            <tr><th>Test case:</th><td><b>test_log_servidor_sin_errores</b></td></tr>
                            <tr><th>Outcome:</th><td>Failed</td></tr>
                            <tr><th>Duration:</th><td>0.0 sec</td></tr>
                        
                            <tr><th>Failed</th><td>failed on setup with &#34;Exception: Timeout reached while waiting on service!&#34;</td></tr>
                        
                        
                        </table>

                        
                        <pre>docker_ip = &#39;127.0.0.1&#39;
docker_services = Services(_docker_compose=DockerComposeExecutor(_compose_command=&#39;docker compose&#39;, _compose_files=[&#39;/home/madrid/Escrit...-project-tester/projects/docker-compose.yml&#39;], _compose_project_name=&#39;pytest237587&#39;), _services={&#39;odoo&#39;: {8069: 8069}})

    @pytest.fixture(scope=&#34;session&#34;)
    def http_service(docker_ip, docker_services):
        &#34;&#34;&#34;Se asegura de que el servicio HTTP responde.&#34;&#34;&#34;
    
        # `port_for` takes a container port and returns the corresponding host port
        port = docker_services.port_for(&#34;odoo&#34;, 8069)
        url = f&#34;http://{docker_ip}:{port}&#34;
&gt;       docker_services.wait_until_responsive(
            timeout=60.0, pause=10, check=lambda: is_responsive(url)
        )

test_minimal_requirements.py:208: 
_ _ _ _ _ _ _ _ _ _ _ _ _ _ _ _ _ _ _ _ _ _ _ _ _ _ _ _ _ _ _ _ _ _ _ _ _ _ _ _ 

self = Services(_docker_compose=DockerComposeExecutor(_compose_command=&#39;docker compose&#39;, _compose_files=[&#39;/home/madrid/Escrit...-project-tester/projects/docker-compose.yml&#39;], _compose_project_name=&#39;pytest237587&#39;), _services={&#39;odoo&#39;: {8069: 8069}})
check = &lt;function http_service.&lt;locals&gt;.&lt;lambda&gt; at 0x7f8fc2572790&gt;
timeout = 60.0, pause = 10, clock = &lt;built-in function perf_counter&gt;

    def wait_until_responsive(
        self,
        check: Any,
        timeout: float,
        pause: float,
        clock: Any = timeit.default_timer,
    ) -&gt; None:
        &#34;&#34;&#34;Wait until a service is responsive.&#34;&#34;&#34;
    
        ref = clock()
        now = ref
        while (now - ref) &lt; timeout:
            if check():
                return
            time.sleep(pause)
            now = clock()
    
&gt;       raise Exception(&#34;Timeout reached while waiting on service!&#34;)
E       Exception: Timeout reached while waiting on service!

.venv/lib/python3.8/site-packages/pytest_docker/plugin.py:120: Exception</pre>
                        
                        

                        
                        
                        
                    </div>
                
                </div>
            </div>
            
            <div class="testclass">
                <h4>test_minimal_requirements.TestOtros</h4>
                <div class="testcases">
                
                    <div class="test outcome outcome-skipped">
                        <a id="54591353-4e4e-43a5-bedb-87e15804d039"></a>
                        <table class="proplist">
                            <tr><th>Test case:</th><td><b>test_log_sin_warnings</b></td></tr>
                            <tr><th>Outcome:</th><td>Skipped</td></tr>
                            <tr><th>Duration:</th><td>0.001 sec</td></tr>
                        
                        
                            <tr><th>Skipped</th><td></td></tr>
                        
                        </table>

                        
                        
                        <pre>skipped</pre>
                        

                        
                        
                        
                    </div>
                
                </div>
            </div>
            
            <div class="testclass">
                <h4>test_minimal_requirements.TestRNFAdicionalesKanban</h4>
                <div class="testcases">
                
                    <div class="test outcome outcome-skipped">
                        <a id="62af7835-3a61-47e4-b443-a188bb69296d"></a>
                        <table class="proplist">
                            <tr><th>Test case:</th><td><b>test_vista_kanban[/kanban]</b></td></tr>
                            <tr><th>Outcome:</th><td>Skipped</td></tr>
                            <tr><th>Duration:</th><td>0.0 sec</td></tr>
                        
                        
                            <tr><th>Skipped</th><td></td></tr>
                        
                        </table>

                        
                        
                        <pre>skipped</pre>
                        

                        
                        
                        
                    </div>
                
                    <div class="test outcome outcome-skipped">
                        <a id="739e698c-f719-4e94-b2d5-f2706973e2f5"></a>
                        <table class="proplist">
                            <tr><th>Test case:</th><td><b>test_vista_kanban[/kanban[@default_group_by]]</b></td></tr>
                            <tr><th>Outcome:</th><td>Skipped</td></tr>
                            <tr><th>Duration:</th><td>0.0 sec</td></tr>
                        
                        
                            <tr><th>Skipped</th><td></td></tr>
                        
                        </table>

                        
                        
                        <pre>skipped</pre>
                        

                        
                        
                        
                    </div>
                
                    <div class="test outcome outcome-skipped">
                        <a id="c49071b3-b3ac-4b1a-a583-c04617ea1bab"></a>
                        <table class="proplist">
                            <tr><th>Test case:</th><td><b>test_vista_kanban_imagen[/img]</b></td></tr>
                            <tr><th>Outcome:</th><td>Skipped</td></tr>
                            <tr><th>Duration:</th><td>0.0 sec</td></tr>
                        
                        
                            <tr><th>Skipped</th><td></td></tr>
                        
                        </table>

                        
                        
                        <pre>skipped</pre>
                        

                        
                        
                        
                    </div>
                
                    <div class="test outcome outcome-skipped">
                        <a id="3c4797d4-0c96-495c-b5bc-b60024156889"></a>
                        <table class="proplist">
                            <tr><th>Test case:</th><td><b>test_vista_kanban_imagen[/field[@preview_image]]</b></td></tr>
                            <tr><th>Outcome:</th><td>Skipped</td></tr>
                            <tr><th>Duration:</th><td>0.001 sec</td></tr>
                        
                        
                            <tr><th>Skipped</th><td></td></tr>
                        
                        </table>

                        
                        
                        <pre>skipped</pre>
                        

                        
                        
                        
                    </div>
                
                    <div class="test outcome outcome-skipped">
                        <a id="80b42dd2-b93a-4f3f-9f6f-0d3754e177f9"></a>
                        <table class="proplist">
                            <tr><th>Test case:</th><td><b>test_vista_kanban_imagen[/field[@widget=&#34;image&#34;]]</b></td></tr>
                            <tr><th>Outcome:</th><td>Skipped</td></tr>
                            <tr><th>Duration:</th><td>0.001 sec</td></tr>
                        
                        
                            <tr><th>Skipped</th><td></td></tr>
                        
                        </table>

                        
                        
                        <pre>skipped</pre>
                        

                        
                        
                        
                    </div>
                
                </div>
            </div>
            
            <div class="testclass">
                <h4>test_minimal_requirements.TestRNFAdicionalesBusqueda</h4>
                <div class="testcases">
                
                    <div class="test outcome outcome-skipped">
                        <a id="e61c0935-8f41-4a54-9689-039e54ed3ea3"></a>
                        <table class="proplist">
                            <tr><th>Test case:</th><td><b>test_vista_search[/search]</b></td></tr>
                            <tr><th>Outcome:</th><td>Skipped</td></tr>
                            <tr><th>Duration:</th><td>0.001 sec</td></tr>
                        
                        
                            <tr><th>Skipped</th><td></td></tr>
                        
                        </table>

                        
                        
                        <pre>skipped</pre>
                        

                        
                        
                        
                    </div>
                
                    <div class="test outcome outcome-skipped">
                        <a id="a4ba8403-c3df-47ac-8aeb-3e73d878dbf9"></a>
                        <table class="proplist">
                            <tr><th>Test case:</th><td><b>test_vista_search_compleja[/filter[@domain]]</b></td></tr>
                            <tr><th>Outcome:</th><td>Skipped</td></tr>
                            <tr><th>Duration:</th><td>0.0 sec</td></tr>
                        
                        
                            <tr><th>Skipped</th><td></td></tr>
                        
                        </table>

                        
                        
                        <pre>skipped</pre>
                        

                        
                        
                        
                    </div>
                
                    <div class="test outcome outcome-skipped">
                        <a id="d12b6d2b-7f9d-4fb0-9da9-cfe06dfd21f7"></a>
                        <table class="proplist">
                            <tr><th>Test case:</th><td><b>test_vista_search_compleja[/group//filter[@context]]</b></td></tr>
                            <tr><th>Outcome:</th><td>Skipped</td></tr>
                            <tr><th>Duration:</th><td>0.0 sec</td></tr>
                        
                        
                            <tr><th>Skipped</th><td></td></tr>
                        
                        </table>

                        
                        
                        <pre>skipped</pre>
                        

                        
                        
                        
                    </div>
                
                </div>
            </div>
            
            <div class="testclass">
                <h4>test_minimal_requirements.TestRNFAdicionalesOtrasVistas</h4>
                <div class="testcases">
                
                    <div class="test outcome outcome-skipped">
                        <a id="2184edc3-3cfa-4e9e-ac97-210faa9ba551"></a>
                        <table class="proplist">
                            <tr><th>Test case:</th><td><b>test_otras_vistas_adicionales[activity]</b></td></tr>
                            <tr><th>Outcome:</th><td>Skipped</td></tr>
                            <tr><th>Duration:</th><td>0.0 sec</td></tr>
                        
                        
                            <tr><th>Skipped</th><td></td></tr>
                        
                        </table>

                        
                        
                        <pre>skipped</pre>
                        

                        
                        
                        
                    </div>
                
                    <div class="test outcome outcome-skipped">
                        <a id="df4f0814-c765-4002-a492-3c6a4d742ae7"></a>
                        <table class="proplist">
                            <tr><th>Test case:</th><td><b>test_otras_vistas_adicionales[calendar]</b></td></tr>
                            <tr><th>Outcome:</th><td>Skipped</td></tr>
                            <tr><th>Duration:</th><td>0.0 sec</td></tr>
                        
                        
                            <tr><th>Skipped</th><td></td></tr>
                        
                        </table>

                        
                        
                        <pre>skipped</pre>
                        

                        
                        
                        
                    </div>
                
                    <div class="test outcome outcome-skipped">
                        <a id="0fb71526-a8b3-4335-bf1c-8895201d05c9"></a>
                        <table class="proplist">
                            <tr><th>Test case:</th><td><b>test_otras_vistas_adicionales[graph]</b></td></tr>
                            <tr><th>Outcome:</th><td>Skipped</td></tr>
                            <tr><th>Duration:</th><td>0.0 sec</td></tr>
                        
                        
                            <tr><th>Skipped</th><td></td></tr>
                        
                        </table>

                        
                        
                        <pre>skipped</pre>
                        

                        
                        
                        
                    </div>
                
                    <div class="test outcome outcome-skipped">
                        <a id="19a9134b-2bf0-4ace-9f24-4efa0ad5da92"></a>
                        <table class="proplist">
                            <tr><th>Test case:</th><td><b>test_otras_vistas_adicionales[pivot]</b></td></tr>
                            <tr><th>Outcome:</th><td>Skipped</td></tr>
                            <tr><th>Duration:</th><td>0.0 sec</td></tr>
                        
                        
                            <tr><th>Skipped</th><td></td></tr>
                        
                        </table>

                        
                        
                        <pre>skipped</pre>
                        

                        
                        
                        
                    </div>
                
                </div>
            </div>
            
            <div class="testclass">
                <h4>test_minimal_requirements.TestRNFAdicionalesConstraints</h4>
                <div class="testcases">
                
                    <div class="test outcome outcome-skipped">
                        <a id="28ad39b2-8df3-4b07-900e-012dd007b0c4"></a>
                        <table class="proplist">
                            <tr><th>Test case:</th><td><b>test_constraints_sql</b></td></tr>
                            <tr><th>Outcome:</th><td>Skipped</td></tr>
                            <tr><th>Duration:</th><td>0.001 sec</td></tr>
                        
                        
                            <tr><th>Skipped</th><td></td></tr>
                        
                        </table>

                        
                        
                        <pre>skipped</pre>
                        

                        
                        
                        
                    </div>
                
                </div>
            </div>
            
            <div class="testclass">
                <h4>test_minimal_requirements.TestRNFAdicionalesSeguridadAvanzada</h4>
                <div class="testcases">
                
                    <div class="test outcome outcome-skipped">
                        <a id="b4333d52-0115-4226-adab-f3cfa7e1db2a"></a>
                        <table class="proplist">
                            <tr><th>Test case:</th><td><b>test_seguridad_con_grupos_propios</b></td></tr>
                            <tr><th>Outcome:</th><td>Skipped</td></tr>
                            <tr><th>Duration:</th><td>0.001 sec</td></tr>
                        
                        
                            <tr><th>Skipped</th><td></td></tr>
                        
                        </table>

                        
                        
                        <pre>skipped</pre>
                        

                        
                        
                        
                    </div>
                
                </div>
            </div>
            
            <div class="testclass">
                <h4>test_minimal_requirements.TestRNFAdicionalesDatosAvanzados</h4>
                <div class="testcases">
                
                    <div class="test outcome outcome-skipped">
                        <a id="0559e384-ea68-4d45-8f0d-e52d842b762f"></a>
                        <table class="proplist">
                            <tr><th>Test case:</th><td><b>test_datos_maestros_o_demo_avanzados[binary]</b></td></tr>
                            <tr><th>Outcome:</th><td>Skipped</td></tr>
                            <tr><th>Duration:</th><td>0.001 sec</td></tr>
                        
                        
                            <tr><th>Skipped</th><td></td></tr>
                        
                        </table>

                        
                        
                        <pre>skipped</pre>
                        

                        
                        
                        
                    </div>
                
                    <div class="test outcome outcome-skipped">
                        <a id="5c7ccd1f-9a33-4c64-bb36-751f6132ac99"></a>
                        <table class="proplist">
                            <tr><th>Test case:</th><td><b>test_datos_maestros_o_demo_avanzados[many2many]</b></td></tr>
                            <tr><th>Outcome:</th><td>Skipped</td></tr>
                            <tr><th>Duration:</th><td>0.001 sec</td></tr>
                        
                        
                            <tr><th>Skipped</th><td></td></tr>
                        
                        </table>

                        
                        
                        <pre>skipped</pre>
                        

                        
                        
                        
                    </div>
                
                    <div class="test outcome outcome-skipped">
                        <a id="a86cc340-9c56-4e76-965a-b49b82b4cca3"></a>
                        <table class="proplist">
                            <tr><th>Test case:</th><td><b>test_datos_maestros_o_demo_avanzados[many2one]</b></td></tr>
                            <tr><th>Outcome:</th><td>Skipped</td></tr>
                            <tr><th>Duration:</th><td>0.001 sec</td></tr>
                        
                        
                            <tr><th>Skipped</th><td></td></tr>
                        
                        </table>

                        
                        
                        <pre>skipped</pre>
                        

                        
                        
                        
                    </div>
                
                </div>
            </div>
            
            <div class="testclass">
                <h4>test_minimal_requirements.TestRNFAdicionalesHerenciaVistas</h4>
                <div class="testcases">
                
                    <div class="test outcome outcome-skipped">
                        <a id="0b64754d-707e-49e5-95d1-33180fe3f4d6"></a>
                        <table class="proplist">
                            <tr><th>Test case:</th><td><b>test_herencia_en_vistas_con_position</b></td></tr>
                            <tr><th>Outcome:</th><td>Skipped</td></tr>
                            <tr><th>Duration:</th><td>0.001 sec</td></tr>
                        
                        
                            <tr><th>Skipped</th><td></td></tr>
                        
                        </table>

                        
                        
                        <pre>skipped</pre>
                        

                        
                        
                        
                    </div>
                
                    <div class="test outcome outcome-skipped">
                        <a id="fec025cf-5fbb-4885-8994-2e8dbd47d884"></a>
                        <table class="proplist">
                            <tr><th>Test case:</th><td><b>test_herencia_en_vistas_con_inherit_id</b></td></tr>
                            <tr><th>Outcome:</th><td>Skipped</td></tr>
                            <tr><th>Duration:</th><td>0.0 sec</td></tr>
                        
                        
                            <tr><th>Skipped</th><td></td></tr>
                        
                        </table>

                        
                        
                        <pre>skipped</pre>
                        

                        
                        
                        
                    </div>
                
                </div>
            </div>
            
            <div class="testclass">
                <h4>test_minimal_requirements.TestRNFAdicionalesHerenciaModelos</h4>
                <div class="testcases">
                
                    <div class="test outcome outcome-skipped">
                        <a id="2a939c3f-d78c-43cd-b75c-c36296d31984"></a>
                        <table class="proplist">
                            <tr><th>Test case:</th><td><b>test_modelos_existentes_modificados_por_herencia</b></td></tr>
                            <tr><th>Outcome:</th><td>Skipped</td></tr>
                            <tr><th>Duration:</th><td>0.001 sec</td></tr>
                        
                        
                            <tr><th>Skipped</th><td></td></tr>
                        
                        </table>

                        
                        
                        <pre>skipped</pre>
                        

                        
                        
                        
                    </div>
                
                    <div class="test outcome outcome-skipped">
                        <a id="e7018a4f-bbe6-4c1b-b0f7-c91d883fb4f3"></a>
                        <table class="proplist">
                            <tr><th>Test case:</th><td><b>test_nuevos_modelos_con_herencia</b></td></tr>
                            <tr><th>Outcome:</th><td>Skipped</td></tr>
                            <tr><th>Duration:</th><td>0.001 sec</td></tr>
                        
                        
                            <tr><th>Skipped</th><td></td></tr>
                        
                        </table>

                        
                        
                        <pre>skipped</pre>
                        

                        
                        
                        
                    </div>
                
                </div>
            </div>
            
            <div class="testclass">
                <h4>test_minimal_requirements.TestRNFAdicionalesTraducciones</h4>
                <div class="testcases">
                
                    <div class="test outcome outcome-skipped">
                        <a id="a8a1bc6a-f126-49a3-a9a3-e19a1e22721f"></a>
                        <table class="proplist">
                            <tr><th>Test case:</th><td><b>test_i18n</b></td></tr>
                            <tr><th>Outcome:</th><td>Skipped</td></tr>
                            <tr><th>Duration:</th><td>0.001 sec</td></tr>
                        
                        
                            <tr><th>Skipped</th><td></td></tr>
                        
                        </table>

                        
                        
                        <pre>skipped</pre>
                        

                        
                        
                        
                    </div>
                
                </div>
            </div>
            
            <div class="testclass">
                <h4>test_minimal_requirements.TestRNFAdicionalesInformes</h4>
                <div class="testcases">
                
                    <div class="test outcome outcome-skipped">
                        <a id="7e0b5452-6380-408b-9bae-79adf089d024"></a>
                        <table class="proplist">
                            <tr><th>Test case:</th><td><b>test_informes[report]</b></td></tr>
                            <tr><th>Outcome:</th><td>Skipped</td></tr>
                            <tr><th>Duration:</th><td>0.001 sec</td></tr>
                        
                        
                            <tr><th>Skipped</th><td></td></tr>
                        
                        </table>

                        
                        
                        <pre>skipped</pre>
                        

                        
                        
                        
                    </div>
                
                    <div class="test outcome outcome-skipped">
                        <a id="54ce4069-618e-4915-8fa1-6c12698abb39"></a>
                        <table class="proplist">
                            <tr><th>Test case:</th><td><b>test_informes[template]</b></td></tr>
                            <tr><th>Outcome:</th><td>Skipped</td></tr>
                            <tr><th>Duration:</th><td>0.001 sec</td></tr>
                        
                        
                            <tr><th>Skipped</th><td></td></tr>
                        
                        </table>

                        
                        
                        <pre>skipped</pre>
                        

                        
                        
                        
                    </div>
                
                    <div class="test outcome outcome-skipped">
                        <a id="b5f74fa3-33d0-471b-9b0b-972d46045ba1"></a>
                        <table class="proplist">
                            <tr><th>Test case:</th><td><b>test_informes_complejos[/t[@t-foreach]]</b></td></tr>
                            <tr><th>Outcome:</th><td>Skipped</td></tr>
                            <tr><th>Duration:</th><td>0.001 sec</td></tr>
                        
                        
                            <tr><th>Skipped</th><td></td></tr>
                        
                        </table>

                        
                        
                        <pre>skipped</pre>
                        

                        
                        
                        
                    </div>
                
                    <div class="test outcome outcome-skipped">
                        <a id="a02295c7-c78f-4c69-842f-4cdf6de4711d"></a>
                        <table class="proplist">
                            <tr><th>Test case:</th><td><b>test_informes_complejos[/img[@t-att-src]]</b></td></tr>
                            <tr><th>Outcome:</th><td>Skipped</td></tr>
                            <tr><th>Duration:</th><td>0.0 sec</td></tr>
                        
                        
                            <tr><th>Skipped</th><td></td></tr>
                        
                        </table>

                        
                        
                        <pre>skipped</pre>
                        

                        
                        
                        
                    </div>
                
                    <div class="test outcome outcome-skipped">
                        <a id="fcff4898-ebbd-40fc-ab55-9887b09b4482"></a>
                        <table class="proplist">
                            <tr><th>Test case:</th><td><b>test_informes_complejos[/t[@t-call and not(@t-call=&#34;web.external_layout&#34; or @t-call=&#34;web.html_container&#34;)]]</b></td></tr>
                            <tr><th>Outcome:</th><td>Skipped</td></tr>
                            <tr><th>Duration:</th><td>0.001 sec</td></tr>
                        
                        
                            <tr><th>Skipped</th><td></td></tr>
                        
                        </table>

                        
                        
                        <pre>skipped</pre>
                        

                        
                        
                        
                    </div>
                
                </div>
            </div>
            
            <div class="testclass">
                <h4>test_minimal_requirements.TestRNFAdicionalesChatter</h4>
                <div class="testcases">
                
                    <div class="test outcome outcome-skipped">
                        <a id="d896ad3b-6ce1-46f4-a686-2c7a533e25be"></a>
                        <table class="proplist">
                            <tr><th>Test case:</th><td><b>test_chatter[mail_thread]</b></td></tr>
                            <tr><th>Outcome:</th><td>Skipped</td></tr>
                            <tr><th>Duration:</th><td>0.001 sec</td></tr>
                        
                        
                            <tr><th>Skipped</th><td></td></tr>
                        
                        </table>

                        
                        
                        <pre>skipped</pre>
                        

                        
                        
                        
                    </div>
                
                    <div class="test outcome outcome-skipped">
                        <a id="f9ea2264-1292-4852-b7c0-723e30b6fb3d"></a>
                        <table class="proplist">
                            <tr><th>Test case:</th><td><b>test_chatter[mail_activity_mixin]</b></td></tr>
                            <tr><th>Outcome:</th><td>Skipped</td></tr>
                            <tr><th>Duration:</th><td>0.001 sec</td></tr>
                        
                        
                            <tr><th>Skipped</th><td></td></tr>
                        
                        </table>

                        
                        
                        <pre>skipped</pre>
                        

                        
                        
                        
                    </div>
                
                    <div class="test outcome outcome-skipped">
                        <a id="69cdbd3d-118d-4047-b5c8-8362a636e232"></a>
                        <table class="proplist">
                            <tr><th>Test case:</th><td><b>test_chatter_tracking</b></td></tr>
                            <tr><th>Outcome:</th><td>Skipped</td></tr>
                            <tr><th>Duration:</th><td>0.001 sec</td></tr>
                        
                        
                            <tr><th>Skipped</th><td></td></tr>
                        
                        </table>

                        
                        
                        <pre>skipped</pre>
                        

                        
                        
                        
                    </div>
                
                    <div class="test outcome outcome-skipped">
                        <a id="da440b36-735c-4d16-8f43-c61cb083912a"></a>
                        <table class="proplist">
                            <tr><th>Test case:</th><td><b>test_vista_chatter_div</b></td></tr>
                            <tr><th>Outcome:</th><td>Skipped</td></tr>
                            <tr><th>Duration:</th><td>0.001 sec</td></tr>
                        
                        
                            <tr><th>Skipped</th><td></td></tr>
                        
                        </table>

                        
                        
                        <pre>skipped</pre>
                        

                        
                        
                        
                    </div>
                
                    <div class="test outcome outcome-skipped">
                        <a id="62b41cf7-bbbe-40b1-a9f1-a2af372df805"></a>
                        <table class="proplist">
                            <tr><th>Test case:</th><td><b>test_vista_chatter_fields[.//field[@name=&#34;message_follower_ids&#34;]]</b></td></tr>
                            <tr><th>Outcome:</th><td>Skipped</td></tr>
                            <tr><th>Duration:</th><td>0.001 sec</td></tr>
                        
                        
                            <tr><th>Skipped</th><td></td></tr>
                        
                        </table>

                        
                        
                        <pre>skipped</pre>
                        

                        
                        
                        
                    </div>
                
                    <div class="test outcome outcome-skipped">
                        <a id="4c24d000-38f3-414d-b9fc-52286d012553"></a>
                        <table class="proplist">
                            <tr><th>Test case:</th><td><b>test_vista_chatter_fields[.//field[@name=&#34;activity_ids&#34;]]</b></td></tr>
                            <tr><th>Outcome:</th><td>Skipped</td></tr>
                            <tr><th>Duration:</th><td>0.001 sec</td></tr>
                        
                        
                            <tr><th>Skipped</th><td></td></tr>
                        
                        </table>

                        
                        
                        <pre>skipped</pre>
                        

                        
                        
                        
                    </div>
                
                    <div class="test outcome outcome-skipped">
                        <a id="5038d131-26e9-41d0-ad5c-637967034a42"></a>
                        <table class="proplist">
                            <tr><th>Test case:</th><td><b>test_vista_chatter_fields[.//field[@name=&#34;message_ids&#34;]]</b></td></tr>
                            <tr><th>Outcome:</th><td>Skipped</td></tr>
                            <tr><th>Duration:</th><td>0.001 sec</td></tr>
                        
                        
                            <tr><th>Skipped</th><td></td></tr>
                        
                        </table>

                        
                        
                        <pre>skipped</pre>
                        

                        
                        
                        
                    </div>
                
                    <div class="test outcome outcome-skipped">
                        <a id="ffee124f-ddb7-4dbb-9131-86720c7fe29b"></a>
                        <table class="proplist">
                            <tr><th>Test case:</th><td><b>test_vista_chatter_fields[.//field[@widget=&#34;mail_followers&#34;]]</b></td></tr>
                            <tr><th>Outcome:</th><td>Skipped</td></tr>
                            <tr><th>Duration:</th><td>0.001 sec</td></tr>
                        
                        
                            <tr><th>Skipped</th><td></td></tr>
                        
                        </table>

                        
                        
                        <pre>skipped</pre>
                        

                        
                        
                        
                    </div>
                
                    <div class="test outcome outcome-skipped">
                        <a id="942eaa12-253c-44eb-9ec8-28e036858615"></a>
                        <table class="proplist">
                            <tr><th>Test case:</th><td><b>test_vista_chatter_fields[.//field[@widget=&#34;mail_thread&#34;]]</b></td></tr>
                            <tr><th>Outcome:</th><td>Skipped</td></tr>
                            <tr><th>Duration:</th><td>0.001 sec</td></tr>
                        
                        
                            <tr><th>Skipped</th><td></td></tr>
                        
                        </table>

                        
                        
                        <pre>skipped</pre>
                        

                        
                        
                        
                    </div>
                
                    <div class="test outcome outcome-skipped">
                        <a id="41ce38f1-ad3d-4a71-b250-5f56d66e3757"></a>
                        <table class="proplist">
                            <tr><th>Test case:</th><td><b>test_vista_chatter_fields[.//field[@widget=&#34;mail_activity&#34;]]</b></td></tr>
                            <tr><th>Outcome:</th><td>Skipped</td></tr>
                            <tr><th>Duration:</th><td>3.709 sec</td></tr>
                        
                        
                            <tr><th>Skipped</th><td></td></tr>
                        
                        </table>

                        
                        
                        <pre>skipped</pre>
                        

                        
                        
                        
                    </div>
                
                </div>
            </div>
            
        </div>
    </div>
    



<p class="footer">
    Generated by junit2html
</p>
</body>
</html>