<!DOCTYPE html>
<html lang="en">
<head>
    <meta charset="UTF-8">
    <title>hda_videojuegos-pytest.xml</title>
    <style type="text/css">
        body {
    background-color: white;
    padding-bottom: 20em;
    margin: 0;
    min-height: 15cm;
}

h1, h2, h3, h4, h5, h6, h7 {
    font-family: sans-serif;
}

h1 {
    background-color: #007acc;
    color: white;
    padding: 3mm;
    margin-top: 0;
    margin-bottom: 1mm;
}

.footer {
    font-style: italic;
    font-size: small;
    text-align: right;
    padding: 1em;
}

.testsuite {
    padding-bottom: 2em;
    margin-left: 1em;
}

.proplist {
    width: 100%;
    margin-bottom: 2em;
    border-collapse: collapse;
    border: 1px solid grey;
}

.proplist th {
    background-color: silver;
    width: 5em;
    padding: 2px;
    padding-right: 1em;
    text-align: left;
}

.proplist td {
    padding: 2px;
}

.index-table {
    width: 90%;
    margin-left: 1em;
}

.index-table td {
    vertical-align: top;
    max-width: 200px;
    word-wrap: break-word;
}

.failure-index {

}

.toc {
    margin-bottom: 2em;
    font-family: monospace;
}

.stdio, pre {
    min-height: 1em;
    background-color: #1e1e1e;
    color: silver;
    padding: 0.5em;
}
.tdpre {
    background-color: #1e1e1e;
}

.test {
    margin-left: 0.5cm;
}

.outcome {
    border-left: 1em;
    padding: 2px;
}

.outcome-failed {
    border-left: 1em solid lightcoral;
}

.outcome-passed {
    border-left: 1em solid lightgreen;
}

.outcome-skipped {
    border-left: 1em dotted silver;
}

.stats-table {
}

.stats-table td {
    min-width: 4em;
    text-align: right;
}

.stats-table .failed {
    background-color: lightcoral;
}

.stats-table .passed {
    background-color: lightgreen;
}

.matrix-table {
    table-layout: fixed;
    border-spacing: 0;
    width: available;
    margin-left: 1em;
}

.matrix-table td {
    vertical-align: center;
}

.matrix-table td:last-child {
    width: 0;
}

.matrix-table tr:hover {
    background-color: yellow;
}

.matrix-axis-name {
    white-space: nowrap;
    padding-right: 0.5em;
    border-left: 1px solid black;
    border-top: 1px solid black;
    text-align: right;
}

.matrix-axis-line {
    border-left: 1px solid black;
    width: 0.5em;
}

.matrix-classname {
    text-align: left;
    width: 100%;
    border-top: 2px solid grey;
    border-bottom: 1px solid silver;
}

.matrix-casename {
    text-align: left;
    font-weight: normal;
    font-style: italic;
    padding-left: 1em;
    border-bottom: 1px solid silver;
}

.matrix-result {
    display: block;
    width: 1em;
    text-align: center;
    padding: 1mm;
    margin: 0;
}

.matrix-result-combined {
    white-space: nowrap;
    padding-right: 0.2em;
    text-align: right;
}

.matrix-result-failed {
    background-color: lightcoral;
}

.matrix-result-passed {
    background-color: lightgreen;
}

.matrix-result-skipped {
    background-color: lightyellow;
}

.matrix-even {
    background-color: lightgray;
}
    </style>
</head>
<body>
    
<h1>
    Test Report : hda_videojuegos-pytest.xml
</h1>
<a id="toc"></a>
<table class="index-table">
    <tr>
        <td>
            <ul class="toc">
            
                
                <li>test_minimal_requirements.TestRNF1
                <ul>
                    
                    <li><a href="#f9dc04dd-b747-4a71-8363-9fcd5a50296b">test_app_tiene_al_menos_4_modelos</a></li>
                    
                    <li><a href="#de7f39c1-ffea-465d-bfa9-7ba1df4c7f5d">test_modelos_en_ficheros_individuales</a></li>
                    
                </ul>
                </li>
                
                <li>test_minimal_requirements.TestRNF2
                <ul>
                    
                    <li><a href="#5a3034f6-82e7-43b5-8e89-0c152374390c">test_relacion_many2many</a></li>
                    
                    <li><a href="#b3ffa686-2cd1-4365-b003-83982062ba91">test_modelos_tienen_algun_campo_relacion[one2many]</a></li>
                    
                    <li><a href="#f658d401-a944-445c-b18d-5bbd67fe2cd5">test_modelos_tienen_algun_campo_relacion[many2one]</a></li>
                    
                    <li><a href="#d82fed56-4d2b-4863-ac41-16b21b8b171c">test_unknown_comodel_name</a></li>
                    
                </ul>
                </li>
                
                <li>test_minimal_requirements.TestRNF3
                <ul>
                    
                    <li><a href="#1d02b9fb-2b57-4929-b9db-3c0d8bc572f4">test_modelos_tienen_vista[tree]</a></li>
                    
                    <li><a href="#b1ae5a80-a933-49d9-b306-09543670e1be">test_modelos_tienen_vista[form]</a></li>
                    
                    <li><a href="#06e7381b-aef0-46c1-befa-f469253dd0f5">test_formularios_tienen_vista_anidada_para_campos_X2many[one2many]</a></li>
                    
                    <li><a href="#a6531a13-2638-4032-a4c0-d997613b0fef">test_formularios_tienen_vista_anidada_para_campos_X2many[many2many]</a></li>
                    
                </ul>
                </li>
                
                <li>test_minimal_requirements.TestRNF4
                <ul>
                    
                    <li><a href="#577d8e22-ac26-4d5b-9ccc-c4b96909b52b">test_vistas_en_ficheros_individuales</a></li>
                    
                </ul>
                </li>
                
                <li>test_minimal_requirements.TestRNF5
                <ul>
                    
                    <li><a href="#b6684623-2094-4ea9-bed5-bef81c369bb8">test_modelos_tienen_algun_posible_campo_imagen</a></li>
                    
                    <li><a href="#e0476470-edbb-45e8-873c-4c2ef2db21e8">test_alguna_vista_tiene_campo_imagen</a></li>
                    
                </ul>
                </li>
                
                <li>test_minimal_requirements.TestRNF6
                <ul>
                    
                    <li><a href="#6c0ff50d-1249-4929-8814-44ef0c23ed43">test_modelos_tienen_acciones</a></li>
                    
                    <li><a href="#90be9928-6e4e-40c2-92d5-1a8fd6c98e8d">test_hay_elementos_de_menu[.//menuitem[@action]]</a></li>
                    
                </ul>
                </li>
                
                <li>test_minimal_requirements.TestRNF7
                <ul>
                    
                    <li><a href="#3dc92f25-c127-4898-b6c3-f3f5481c24b9">test_modelos_tienen_permisos</a></li>
                    
                </ul>
                </li>
                
                <li>test_minimal_requirements.TestRNF8
                <ul>
                    
                    <li><a href="#010c5d0f-926e-4fc8-9d48-4c02823fc385">test_app_tiene_icono</a></li>
                    
                </ul>
                </li>
                
                <li>test_minimal_requirements.TestRNF9
                <ul>
                    
                    <li><a href="#9c3610ab-f0c0-4338-b3bf-cd6db12c1843">test_modelos_tienen_datos_demo</a></li>
                    
                </ul>
                </li>
                
                <li>test_minimal_requirements.TestRNFGit
                <ul>
                    
                    <li><a href="#a15b3db4-4d1f-4b5a-96b5-9b766514ef1a">test_git_commit_frecuentes</a></li>
                    
                </ul>
                </li>
                
                <li>test_minimal_requirements.TestRNFCalidad
                <ul>
                    
                    <li><a href="#b438bbcc-5c22-4bbe-9853-259c8c4992ba">test_odoo_disponible</a></li>
                    
                    <li><a href="#5d1a4f55-a8a7-47fc-b483-315038a2ef6a">test_app_instalada</a></li>
                    
                    <li><a href="#4652c198-fda9-48ef-85f9-63a3a81dbcc8">test_otras_apps_entregadas_son_dependencias</a></li>
                    
                    <li><a href="#d8ca4b2b-1063-47d3-a72e-0dbcc48d455d">test_no_hay_elementos_xml_comentados</a></li>
                    
                    <li><a href="#f55681dc-a36e-47e6-b41f-62fe83390441">test_no_hay_codigo_python_comentado</a></li>
                    
                    <li><a href="#c99a1b87-db91-41bb-a3cf-efc7a5f40ab0">test_log_servidor_sin_errores</a></li>
                    
                </ul>
                </li>
                
                <li>test_minimal_requirements.TestOtros
                <ul>
                    
                    <li><a href="#bb4d11fd-57c8-413e-8edf-82c7f81cec9e">test_log_sin_warnings</a></li>
                    
                </ul>
                </li>
                
                <li>test_minimal_requirements.TestRNFAdicionalesKanban
                <ul>
                    
                    <li><a href="#4078dae5-3bd8-431b-b3f5-8ac357a18ff2">test_vista_kanban[/kanban]</a>[s]</li>
                    
                    <li><a href="#3db7298c-4693-4af9-bee4-73c67f05cd44">test_vista_kanban[/kanban[@default_group_by]]</a>[s]</li>
                    
                    <li><a href="#6720a055-bbbe-44cd-8824-0e57102ab32f">test_vista_kanban_imagen[/img]</a>[s]</li>
                    
                    <li><a href="#4a68fbc7-c077-482e-9ef5-1d8b59cd4f0b">test_vista_kanban_imagen[/field[@preview_image]]</a>[s]</li>
                    
                    <li><a href="#b817bb41-4823-4334-9725-d7907d27fbe9">test_vista_kanban_imagen[/field[@widget=&#34;image&#34;]]</a>[s]</li>
                    
                </ul>
                </li>
                
                <li>test_minimal_requirements.TestRNFAdicionalesBusqueda
                <ul>
                    
                    <li><a href="#3104f23d-94f3-4057-94a2-ca7b10551eaf">test_vista_search</a>[s]</li>
                    
                    <li><a href="#ef76e064-136d-4520-87b0-4089e2e3d01d">test_vista_search_compleja[.//filter[@domain]]</a>[s]</li>
                    
                    <li><a href="#c164df06-d381-4460-ac8d-f8c369b3902c">test_vista_search_compleja[.//group//filter[@context]]</a>[s]</li>
                    
                </ul>
                </li>
                
                <li>test_minimal_requirements.TestRNFAdicionalesOtrasVistas
                <ul>
                    
                    <li><a href="#1941e9ab-c7b2-4353-8403-3edb72c3b030">test_otras_vistas_adicionales[activity]</a>[s]</li>
                    
                    <li><a href="#96337b08-90a3-4910-98e1-84a2d58cc5a3">test_otras_vistas_adicionales[calendar]</a>[s]</li>
                    
                    <li><a href="#164fbcca-ecc2-4bcd-b142-4bc80c9f5f46">test_otras_vistas_adicionales[graph]</a>[s]</li>
                    
                    <li><a href="#e291d42d-792d-4e7b-b30a-92f1056d5601">test_otras_vistas_adicionales[pivot]</a>[s]</li>
                    
                </ul>
                </li>
                
                <li>test_minimal_requirements.TestRNFAdicionalesConstraints
                <ul>
                    
                    <li><a href="#29fc0933-4857-4e68-8632-da2f2a054a2b">test_constraints_sql</a>[s]</li>
                    
                </ul>
                </li>
                
                <li>test_minimal_requirements.TestRNFAdicionalesSeguridadAvanzada
                <ul>
                    
                    <li><a href="#4ebf37fc-036e-4727-a098-372a12eea6b6">test_seguridad_con_grupos_propios</a>[s]</li>
                    
                </ul>
                </li>
                
                <li>test_minimal_requirements.TestRNFAdicionalesDatosAvanzados
                <ul>
                    
                    <li><a href="#40894030-0348-473f-9e8c-4077866d7a79">test_datos_maestros_o_demo_avanzados[binary]</a>[s]</li>
                    
                    <li><a href="#37cb5f70-4646-45f8-b943-cb238c7a0f22">test_datos_maestros_o_demo_avanzados[many2many]</a>[s]</li>
                    
                    <li><a href="#9dafed9c-6754-44ac-9400-5b8ebf8f39a5">test_datos_maestros_o_demo_avanzados[many2one]</a>[s]</li>
                    
                </ul>
                </li>
                
                <li>test_minimal_requirements.TestRNFAdicionalesHerenciaVistas
                <ul>
                    
                    <li><a href="#6846507c-1b9f-4a84-a476-204136568f68">test_herencia_en_vistas_con_position</a>[s]</li>
                    
                    <li><a href="#389de239-61cd-437e-9664-40441562e748">test_herencia_en_vistas_con_inherit_id</a>[s]</li>
                    
                </ul>
                </li>
                
                <li>test_minimal_requirements.TestRNFAdicionalesHerenciaModelos
                <ul>
                    
                    <li><a href="#8c3bfa43-949b-4f2d-b57d-e9493a2dba12">test_modelos_existentes_modificados_por_herencia</a>[s]</li>
                    
                    <li><a href="#4263ca08-7dfc-4c91-927f-e83d0e61d311">test_nuevos_modelos_con_herencia</a>[s]</li>
                    
                </ul>
                </li>
                
                <li>test_minimal_requirements.TestRNFAdicionalesTraducciones
                <ul>
                    
                    <li><a href="#463a693c-131e-4ceb-b256-29591a4bf989">test_i18n</a>[s]</li>
                    
                </ul>
                </li>
                
                <li>test_minimal_requirements.TestRNFAdicionalesInformes
                <ul>
                    
                    <li><a href="#87d105a8-1386-4158-8b2d-92876959e480">test_informes[report]</a>[s]</li>
                    
                    <li><a href="#dcb58eb7-5501-42e2-89db-8304df9e1200">test_informes[template]</a>[s]</li>
                    
                </ul>
                </li>
                
                <li>test_minimal_requirements.TestRNFAdicionalesChatter
                <ul>
                    
                    <li><a href="#c8dae308-84b2-40ce-99e8-42bc02c04357">test_chatter[mail_thread]</a>[s]</li>
                    
                    <li><a href="#3ea86a78-9215-41f1-bec7-d68537222d22">test_chatter[mail_activity_mixin]</a>[s]</li>
                    
                    <li><a href="#1009e3ec-657b-4134-b5b5-789dc17ee664">test_chatter_tracking</a>[s]</li>
                    
                    <li><a href="#26c3601b-3612-48aa-9c8c-5155f646e292">test_vista_chatter_div</a>[s]</li>
                    
                    <li><a href="#2692c60d-2e65-4e4f-8559-647405aabcac">test_vista_chatter_fields[.//field[@name=&#34;message_follower_ids&#34;]]</a>[s]</li>
                    
                    <li><a href="#6895d8b9-f3e9-40cf-80ea-40be2d12cade">test_vista_chatter_fields[.//field[@name=&#34;activity_ids&#34;]]</a>[s]</li>
                    
                    <li><a href="#098c4697-2645-40fc-b122-b6b92fb35309">test_vista_chatter_fields[.//field[@name=&#34;message_ids&#34;]]</a>[s]</li>
                    
                    <li><a href="#6a7a43ea-1ada-4f7c-8827-a126fe786d2b">test_vista_chatter_fields[.//field[@widget=&#34;mail_followers&#34;]]</a>[s]</li>
                    
                    <li><a href="#5a36e4bf-8d04-49a9-b1c5-ac649c319dc9">test_vista_chatter_fields[.//field[@widget=&#34;mail_thread&#34;]]</a>[s]</li>
                    
                    <li><a href="#1768a585-fd05-4cfb-bd93-2ddb7e40ac16">test_vista_chatter_fields[.//field[@widget=&#34;mail_activity&#34;]]</a>[s]</li>
                    
                </ul>
                </li>
                
            
            </ul>
        </td>
        <td class="failure-index">
            <ul class="toc">
            
                
                    
                    
                    <li><a href="#f9dc04dd-b747-4a71-8363-9fcd5a50296b">[F] test_minimal_requirements.TestRNF1 : test_app_tiene_al_menos_4_modelos</a></li>
                    
                    
                    
                    <li><a href="#de7f39c1-ffea-465d-bfa9-7ba1df4c7f5d">[F] test_minimal_requirements.TestRNF1 : test_modelos_en_ficheros_individuales</a></li>
                    
                    
                
                    
                    
                    <li><a href="#5a3034f6-82e7-43b5-8e89-0c152374390c">[F] test_minimal_requirements.TestRNF2 : test_relacion_many2many</a></li>
                    
                    
                    
                    <li><a href="#b3ffa686-2cd1-4365-b003-83982062ba91">[F] test_minimal_requirements.TestRNF2 : test_modelos_tienen_algun_campo_relacion[one2many]</a></li>
                    
                    
                    
                    <li><a href="#f658d401-a944-445c-b18d-5bbd67fe2cd5">[F] test_minimal_requirements.TestRNF2 : test_modelos_tienen_algun_campo_relacion[many2one]</a></li>
                    
                    
                    
                    
                
                    
                    
                    <li><a href="#1d02b9fb-2b57-4929-b9db-3c0d8bc572f4">[F] test_minimal_requirements.TestRNF3 : test_modelos_tienen_vista[tree]</a></li>
                    
                    
                    
                    <li><a href="#b1ae5a80-a933-49d9-b306-09543670e1be">[F] test_minimal_requirements.TestRNF3 : test_modelos_tienen_vista[form]</a></li>
                    
                    
                    
                    <li><a href="#06e7381b-aef0-46c1-befa-f469253dd0f5">[F] test_minimal_requirements.TestRNF3 : test_formularios_tienen_vista_anidada_para_campos_X2many[one2many]</a></li>
                    
                    
                    
                    <li><a href="#a6531a13-2638-4032-a4c0-d997613b0fef">[F] test_minimal_requirements.TestRNF3 : test_formularios_tienen_vista_anidada_para_campos_X2many[many2many]</a></li>
                    
                    
                
                    
                    
                    
                
                    
                    
                    <li><a href="#b6684623-2094-4ea9-bed5-bef81c369bb8">[F] test_minimal_requirements.TestRNF5 : test_modelos_tienen_algun_posible_campo_imagen</a></li>
                    
                    
                    
                    <li><a href="#e0476470-edbb-45e8-873c-4c2ef2db21e8">[F] test_minimal_requirements.TestRNF5 : test_alguna_vista_tiene_campo_imagen</a></li>
                    
                    
                
                    
                    
                    <li><a href="#6c0ff50d-1249-4929-8814-44ef0c23ed43">[F] test_minimal_requirements.TestRNF6 : test_modelos_tienen_acciones</a></li>
                    
                    
                    
                    <li><a href="#90be9928-6e4e-40c2-92d5-1a8fd6c98e8d">[F] test_minimal_requirements.TestRNF6 : test_hay_elementos_de_menu[.//menuitem[@action]]</a></li>
                    
                    
                
                    
                    
                    <li><a href="#3dc92f25-c127-4898-b6c3-f3f5481c24b9">[F] test_minimal_requirements.TestRNF7 : test_modelos_tienen_permisos</a></li>
                    
                    
                
                    
                    
                    
                
                    
                    
                    <li><a href="#9c3610ab-f0c0-4338-b3bf-cd6db12c1843">[F] test_minimal_requirements.TestRNF9 : test_modelos_tienen_datos_demo</a></li>
                    
                    
                
                    
                    
                    <li><a href="#a15b3db4-4d1f-4b5a-96b5-9b766514ef1a">[F] test_minimal_requirements.TestRNFGit : test_git_commit_frecuentes</a></li>
                    
                    
                
                    
                    
                    
                    
                    <li><a href="#5d1a4f55-a8a7-47fc-b483-315038a2ef6a">[F] test_minimal_requirements.TestRNFCalidad : test_app_instalada</a></li>
                    
                    
                    
                    <li><a href="#4652c198-fda9-48ef-85f9-63a3a81dbcc8">[F] test_minimal_requirements.TestRNFCalidad : test_otras_apps_entregadas_son_dependencias</a></li>
                    
                    
                    
                    <li><a href="#d8ca4b2b-1063-47d3-a72e-0dbcc48d455d">[F] test_minimal_requirements.TestRNFCalidad : test_no_hay_elementos_xml_comentados</a></li>
                    
                    
                    
                    
                    
                    
                
                    
                    
                    
                
                    
                    
                    
                    
                    
                    
                    
                    
                    
                    
                    
                
                    
                    
                    
                    
                    
                    
                    
                
                    
                    
                    
                    
                    
                    
                    
                    
                    
                
                    
                    
                    
                
                    
                    
                    
                
                    
                    
                    
                    
                    
                    
                    
                
                    
                    
                    
                    
                    
                
                    
                    
                    
                    
                    
                
                    
                    
                    
                
                    
                    
                    
                    
                    
                
                    
                    
                    
                    
                    
                    
                    
                    
                    
                    
                    
                    
                    
                    
                    
                    
                    
                    
                    
                    
                    
                
            
            </ul>
        </td>
    </tr>
</table>


    <div class="testsuite">
        <h2>Test Suite: pytest</h2>
        <a id="6eb9a474-2b0d-4b26-908c-f0d90c89824e"></a>
        
        
        <h3>Results</h3>
        <table class="proplist">
            <tr>
                <th>Duration</th><td>66.961 sec</td>
            </tr>
            <tr>
                <th>Tests</th><td>60</td>
            </tr>
            <tr>
                <th>Failures</th><td>19</td>
            </tr>
        </table>

        <div class="testclasses">
            <h3>Tests</h3>
            
            <div class="testclass">
                <h4>test_minimal_requirements.TestRNF1</h4>
                <div class="testcases">
                
                    <div class="test outcome outcome-failed">
                        <a id="f9dc04dd-b747-4a71-8363-9fcd5a50296b"></a>
                        <table class="proplist">
                            <tr><th>Test case:</th><td><b>test_app_tiene_al_menos_4_modelos</b></td></tr>
                            <tr><th>Outcome:</th><td>Failed</td></tr>
                            <tr><th>Duration:</th><td>60.492 sec</td></tr>
                        
                            <tr><th>Failed</th><td>AssertionError: No se han implementado suficientes clases o el atributo _name de alguna de ellas no tiene prefijo &#39;hda_videojuegos.&#39;
assert 0 &gt;= 4
 +  where 0 = len([])
 +    where [] = &lt;test_minimal_requirements.SystemUnderTest object at 0x7fe951359fd0&gt;.basename_app_models
 +  and   4 = &lt;test_minimal_requirements.TestRNF1 object at 0x7fe9513f8eb0&gt;.MIN</td></tr>
                        
                        
                        </table>

                        
                        <pre>self = &lt;test_minimal_requirements.TestRNF1 object at 0x7fe9513f8eb0&gt;
sut = &lt;test_minimal_requirements.SystemUnderTest object at 0x7fe951359fd0&gt;

    def test_app_tiene_al_menos_4_modelos(self, sut):
&gt;       assert len(sut.basename_app_models) &gt;= self.MIN, f&#34;No se han implementado suficientes clases o el atributo _name de alguna de ellas no tiene prefijo &#39;{sut.app_prefix}.&#39;&#34;
E       AssertionError: No se han implementado suficientes clases o el atributo _name de alguna de ellas no tiene prefijo &#39;hda_videojuegos.&#39;
E       assert 0 &gt;= 4
E        +  where 0 = len([])
E        +    where [] = &lt;test_minimal_requirements.SystemUnderTest object at 0x7fe951359fd0&gt;.basename_app_models
E        +  and   4 = &lt;test_minimal_requirements.TestRNF1 object at 0x7fe9513f8eb0&gt;.MIN

test_minimal_requirements.py:249: AssertionError</pre>
                        
                        

                        
                        
                        
                    </div>
                
                    <div class="test outcome outcome-failed">
                        <a id="de7f39c1-ffea-465d-bfa9-7ba1df4c7f5d"></a>
                        <table class="proplist">
                            <tr><th>Test case:</th><td><b>test_modelos_en_ficheros_individuales</b></td></tr>
                            <tr><th>Outcome:</th><td>Failed</td></tr>
                            <tr><th>Duration:</th><td>0.001 sec</td></tr>
                        
                            <tr><th>Failed</th><td>AssertionError: No coinciden el número de modelos de datos de la aplicación con el número de ficheros Python en el paquete models - Al menos **4 clases**, implementadas en ficheros diferentes.
assert (0 + 0) == 4
 +  where 0 = len([])
 +    where [] = &lt;test_minimal_requirements.SystemUnderTest object at 0x7fe951359fd0&gt;.basename_app_models
 +  and   0 = len([])
 +    where [] = &lt;test_minimal_requirements.SystemUnderTest object at 0x7fe951359fd0&gt;.basename_app_extended_existing_models
 +  and   4 = len([&#39;Cliente.py&#39;, &#39;Pedido.py&#39;, &#39;Genero.py&#39;, &#39;Videojuego.py&#39;])
 +    where [&#39;Cliente.py&#39;, &#39;Pedido.py&#39;, &#39;Genero.py&#39;, &#39;Videojuego.py&#39;] = &lt;test_minimal_requirements.SystemUnderTest object at 0x7fe951359fd0&gt;.basename_model_files</td></tr>
                        
                        
                        </table>

                        
                        <pre>self = &lt;test_minimal_requirements.TestRNF1 object at 0x7fe95140d280&gt;
sut = &lt;test_minimal_requirements.SystemUnderTest object at 0x7fe951359fd0&gt;

    def test_modelos_en_ficheros_individuales(self, sut):
&gt;       assert (len(sut.basename_app_models) + len(sut.basename_app_extended_existing_models)) == len(sut.basename_model_files), f&#34;No coinciden el número de modelos de datos de la aplicación con el número de ficheros Python en el paquete models - {self.__doc__}&#34;
E       AssertionError: No coinciden el número de modelos de datos de la aplicación con el número de ficheros Python en el paquete models - Al menos **4 clases**, implementadas en ficheros diferentes.
E       assert (0 + 0) == 4
E        +  where 0 = len([])
E        +    where [] = &lt;test_minimal_requirements.SystemUnderTest object at 0x7fe951359fd0&gt;.basename_app_models
E        +  and   0 = len([])
E        +    where [] = &lt;test_minimal_requirements.SystemUnderTest object at 0x7fe951359fd0&gt;.basename_app_extended_existing_models
E        +  and   4 = len([&#39;Cliente.py&#39;, &#39;Pedido.py&#39;, &#39;Genero.py&#39;, &#39;Videojuego.py&#39;])
E        +    where [&#39;Cliente.py&#39;, &#39;Pedido.py&#39;, &#39;Genero.py&#39;, &#39;Videojuego.py&#39;] = &lt;test_minimal_requirements.SystemUnderTest object at 0x7fe951359fd0&gt;.basename_model_files

test_minimal_requirements.py:252: AssertionError</pre>
                        
                        

                        
                        
                        
                    </div>
                
                </div>
            </div>
            
            <div class="testclass">
                <h4>test_minimal_requirements.TestRNF2</h4>
                <div class="testcases">
                
                    <div class="test outcome outcome-failed">
                        <a id="5a3034f6-82e7-43b5-8e89-0c152374390c"></a>
                        <table class="proplist">
                            <tr><th>Test case:</th><td><b>test_relacion_many2many</b></td></tr>
                            <tr><th>Outcome:</th><td>Failed</td></tr>
                            <tr><th>Duration:</th><td>0.022 sec</td></tr>
                        
                            <tr><th>Failed</th><td>AssertionError: Diferentes tipos de campos simples y relacionales (_one2many_, _many2one_ y _many2many_).
      En tu proyecto se debe implementar **al menos uno de cada tipo**.
assert 0 &gt;= 1
 +  where 0 = len([])
 +  and   1 = &lt;test_minimal_requirements.TestRNF2 object at 0x7fe95140d6d0&gt;.MIN</td></tr>
                        
                        
                        </table>

                        
                        <pre>self = &lt;test_minimal_requirements.TestRNF2 object at 0x7fe95140d6d0&gt;
sut = &lt;test_minimal_requirements.SystemUnderTest object at 0x7fe951359fd0&gt;

    def test_relacion_many2many(self, sut):
            app_id = sut.execute_kw(&#39;ir.module.module&#39;, &#39;search&#39;, [[(&#39;name&#39;, &#39;=&#39;, sut.app_prefix)]]).pop()
            ids = sut.execute_kw(&#39;ir.model.relation&#39;, &#39;search&#39;, [[(&#39;module&#39;, &#39;=&#39;, app_id)]])
            app_many2many_rels = sut.execute_kw(&#39;ir.model.relation&#39;, &#39;read&#39;, [ids], {&#39;fields&#39;: [&#39;name&#39;, &#39;model&#39;, &#39;module&#39;, &#39;display_name&#39;]})
&gt;           assert len(app_many2many_rels) &gt;= self.MIN, self.__doc__
E           AssertionError: Diferentes tipos de campos simples y relacionales (_one2many_, _many2one_ y _many2many_).
E                 En tu proyecto se debe implementar **al menos uno de cada tipo**.
E           assert 0 &gt;= 1
E            +  where 0 = len([])
E            +  and   1 = &lt;test_minimal_requirements.TestRNF2 object at 0x7fe95140d6d0&gt;.MIN

test_minimal_requirements.py:266: AssertionError</pre>
                        
                        

                        
                        
                        
                    </div>
                
                    <div class="test outcome outcome-failed">
                        <a id="b3ffa686-2cd1-4365-b003-83982062ba91"></a>
                        <table class="proplist">
                            <tr><th>Test case:</th><td><b>test_modelos_tienen_algun_campo_relacion[one2many]</b></td></tr>
                            <tr><th>Outcome:</th><td>Failed</td></tr>
                            <tr><th>Duration:</th><td>0.001 sec</td></tr>
                        
                            <tr><th>Failed</th><td>AssertionError: No hay modelos de datos
assert []
 +  where [] = &lt;test_minimal_requirements.SystemUnderTest object at 0x7fe951359fd0&gt;.app_models</td></tr>
                        
                        
                        </table>

                        
                        <pre>self = &lt;test_minimal_requirements.TestRNF2 object at 0x7fe95140dac0&gt;
sut = &lt;test_minimal_requirements.SystemUnderTest object at 0x7fe951359fd0&gt;, relationship = &#39;one2many&#39;

    @pytest.mark.parametrize(&#34;relationship&#34;, [&#39;one2many&#39;, &#39;many2one&#39;])
    def test_modelos_tienen_algun_campo_relacion(self, sut, relationship):
&gt;       assert len(sut.modelos_tienen_campos(relationship)) &gt;= self.MIN, f&#34;Diferentes tipos de campos (...) relacionales (...) _{relationship}_. En tu proyecto se debe implementar **al menos uno de cada tipo**.&#34;

test_minimal_requirements.py:270: 
_ _ _ _ _ _ _ _ _ _ _ _ _ _ _ _ _ _ _ _ _ _ _ _ _ _ _ _ _ _ _ _ _ _ _ _ _ _ _ _ _ _ _ _ _ _ _ _ _ _ _ _ _

self = &lt;test_minimal_requirements.SystemUnderTest object at 0x7fe951359fd0&gt;, type = &#39;one2many&#39;

    def modelos_tienen_campos(self, type):
        r = []
&gt;       assert self.app_models, &#34;No hay modelos de datos&#34;
E       AssertionError: No hay modelos de datos
E       assert []
E        +  where [] = &lt;test_minimal_requirements.SystemUnderTest object at 0x7fe951359fd0&gt;.app_models

test_minimal_requirements.py:147: AssertionError</pre>
                        
                        

                        
                        
                        
                    </div>
                
                    <div class="test outcome outcome-failed">
                        <a id="f658d401-a944-445c-b18d-5bbd67fe2cd5"></a>
                        <table class="proplist">
                            <tr><th>Test case:</th><td><b>test_modelos_tienen_algun_campo_relacion[many2one]</b></td></tr>
                            <tr><th>Outcome:</th><td>Failed</td></tr>
                            <tr><th>Duration:</th><td>0.001 sec</td></tr>
                        
                            <tr><th>Failed</th><td>AssertionError: No hay modelos de datos
assert []
 +  where [] = &lt;test_minimal_requirements.SystemUnderTest object at 0x7fe951359fd0&gt;.app_models</td></tr>
                        
                        
                        </table>

                        
                        <pre>self = &lt;test_minimal_requirements.TestRNF2 object at 0x7fe95140dfa0&gt;
sut = &lt;test_minimal_requirements.SystemUnderTest object at 0x7fe951359fd0&gt;, relationship = &#39;many2one&#39;

    @pytest.mark.parametrize(&#34;relationship&#34;, [&#39;one2many&#39;, &#39;many2one&#39;])
    def test_modelos_tienen_algun_campo_relacion(self, sut, relationship):
&gt;       assert len(sut.modelos_tienen_campos(relationship)) &gt;= self.MIN, f&#34;Diferentes tipos de campos (...) relacionales (...) _{relationship}_. En tu proyecto se debe implementar **al menos uno de cada tipo**.&#34;

test_minimal_requirements.py:270: 
_ _ _ _ _ _ _ _ _ _ _ _ _ _ _ _ _ _ _ _ _ _ _ _ _ _ _ _ _ _ _ _ _ _ _ _ _ _ _ _ _ _ _ _ _ _ _ _ _ _ _ _ _

self = &lt;test_minimal_requirements.SystemUnderTest object at 0x7fe951359fd0&gt;, type = &#39;many2one&#39;

    def modelos_tienen_campos(self, type):
        r = []
&gt;       assert self.app_models, &#34;No hay modelos de datos&#34;
E       AssertionError: No hay modelos de datos
E       assert []
E        +  where [] = &lt;test_minimal_requirements.SystemUnderTest object at 0x7fe951359fd0&gt;.app_models

test_minimal_requirements.py:147: AssertionError</pre>
                        
                        

                        
                        
                        
                    </div>
                
                    <div class="test outcome outcome-passed">
                        <a id="d82fed56-4d2b-4863-ac41-16b21b8b171c"></a>
                        <table class="proplist">
                            <tr><th>Test case:</th><td><b>test_unknown_comodel_name</b></td></tr>
                            <tr><th>Outcome:</th><td>Passed</td></tr>
                            <tr><th>Duration:</th><td>0.001 sec</td></tr>
                        
                        
                        </table>

                        
                        

                        
                        
                        
                    </div>
                
                </div>
            </div>
            
            <div class="testclass">
                <h4>test_minimal_requirements.TestRNF3</h4>
                <div class="testcases">
                
                    <div class="test outcome outcome-failed">
                        <a id="1d02b9fb-2b57-4929-b9db-3c0d8bc572f4"></a>
                        <table class="proplist">
                            <tr><th>Test case:</th><td><b>test_modelos_tienen_vista[tree]</b></td></tr>
                            <tr><th>Outcome:</th><td>Failed</td></tr>
                            <tr><th>Duration:</th><td>0.001 sec</td></tr>
                        
                            <tr><th>Failed</th><td>assert []
 +  where [] = &lt;test_minimal_requirements.SystemUnderTest object at 0x7fe951359fd0&gt;.app_models</td></tr>
                        
                        
                        </table>

                        
                        <pre>self = &lt;test_minimal_requirements.TestRNF3 object at 0x7fe951397430&gt;
sut = &lt;test_minimal_requirements.SystemUnderTest object at 0x7fe951359fd0&gt;, view_type = &#39;tree&#39;

    @pytest.mark.parametrize(&#34;view_type&#34;, [&#39;tree&#39;, &#39;form&#39;])
    def test_modelos_tienen_vista(self, sut, view_type):
&gt;       assert len(sut.basename_app_models) == sut.modelos_tienen_vista(view_type) , f&#34;No coinciden el número de modelos de datos de la aplicación con el número de vistas {view_type} - {self.__doc__}&#34;

test_minimal_requirements.py:286: 
_ _ _ _ _ _ _ _ _ _ _ _ _ _ _ _ _ _ _ _ _ _ _ _ _ _ _ _ _ _ _ _ _ _ _ _ _ _ _ _ _ _ _ _ _ _ _ _ _ _ _ _ _

self = &lt;test_minimal_requirements.SystemUnderTest object at 0x7fe951359fd0&gt;, type = &#39;tree&#39;

    def modelos_tienen_vista(self, type):
        r = 0
&gt;       assert self.app_models
E       assert []
E        +  where [] = &lt;test_minimal_requirements.SystemUnderTest object at 0x7fe951359fd0&gt;.app_models

test_minimal_requirements.py:157: AssertionError</pre>
                        
                        

                        
                        
                        
                    </div>
                
                    <div class="test outcome outcome-failed">
                        <a id="b1ae5a80-a933-49d9-b306-09543670e1be"></a>
                        <table class="proplist">
                            <tr><th>Test case:</th><td><b>test_modelos_tienen_vista[form]</b></td></tr>
                            <tr><th>Outcome:</th><td>Failed</td></tr>
                            <tr><th>Duration:</th><td>0.001 sec</td></tr>
                        
                            <tr><th>Failed</th><td>assert []
 +  where [] = &lt;test_minimal_requirements.SystemUnderTest object at 0x7fe951359fd0&gt;.app_models</td></tr>
                        
                        
                        </table>

                        
                        <pre>self = &lt;test_minimal_requirements.TestRNF3 object at 0x7fe951397640&gt;
sut = &lt;test_minimal_requirements.SystemUnderTest object at 0x7fe951359fd0&gt;, view_type = &#39;form&#39;

    @pytest.mark.parametrize(&#34;view_type&#34;, [&#39;tree&#39;, &#39;form&#39;])
    def test_modelos_tienen_vista(self, sut, view_type):
&gt;       assert len(sut.basename_app_models) == sut.modelos_tienen_vista(view_type) , f&#34;No coinciden el número de modelos de datos de la aplicación con el número de vistas {view_type} - {self.__doc__}&#34;

test_minimal_requirements.py:286: 
_ _ _ _ _ _ _ _ _ _ _ _ _ _ _ _ _ _ _ _ _ _ _ _ _ _ _ _ _ _ _ _ _ _ _ _ _ _ _ _ _ _ _ _ _ _ _ _ _ _ _ _ _

self = &lt;test_minimal_requirements.SystemUnderTest object at 0x7fe951359fd0&gt;, type = &#39;form&#39;

    def modelos_tienen_vista(self, type):
        r = 0
&gt;       assert self.app_models
E       assert []
E        +  where [] = &lt;test_minimal_requirements.SystemUnderTest object at 0x7fe951359fd0&gt;.app_models

test_minimal_requirements.py:157: AssertionError</pre>
                        
                        

                        
                        
                        
                    </div>
                
                    <div class="test outcome outcome-failed">
                        <a id="06e7381b-aef0-46c1-befa-f469253dd0f5"></a>
                        <table class="proplist">
                            <tr><th>Test case:</th><td><b>test_formularios_tienen_vista_anidada_para_campos_X2many[one2many]</b></td></tr>
                            <tr><th>Outcome:</th><td>Failed</td></tr>
                            <tr><th>Duration:</th><td>0.001 sec</td></tr>
                        
                            <tr><th>Failed</th><td>AssertionError: No hay modelos de datos
assert []
 +  where [] = &lt;test_minimal_requirements.SystemUnderTest object at 0x7fe951359fd0&gt;.app_models</td></tr>
                        
                        
                        </table>

                        
                        <pre>self = &lt;test_minimal_requirements.TestRNF3 object at 0x7fe951397a60&gt;
sut = &lt;test_minimal_requirements.SystemUnderTest object at 0x7fe951359fd0&gt;, relationship = &#39;one2many&#39;

    @pytest.mark.parametrize(&#34;relationship&#34;, [&#39;one2many&#39;, &#39;many2many&#39;])
    def test_formularios_tienen_vista_anidada_para_campos_X2many(self, sut, relationship):
        # @see https://www.cybrosys.com/blog/many2many-fields-and-its-widgets-odoo
        alternative_widgets = (&#39;many2many_default&#39;,
                                &#39;many2many_tags&#39;,
                                &#39;many2many_checkboxes&#39;,
                                &#39;many2many_kanban&#39;,
                                &#39;many2many_binary&#39;,
                                &#39;x2many_counter&#39;)
&gt;       fields = sut.modelos_tienen_campos(relationship)

test_minimal_requirements.py:297: 
_ _ _ _ _ _ _ _ _ _ _ _ _ _ _ _ _ _ _ _ _ _ _ _ _ _ _ _ _ _ _ _ _ _ _ _ _ _ _ _ _ _ _ _ _ _ _ _ _ _ _ _ _

self = &lt;test_minimal_requirements.SystemUnderTest object at 0x7fe951359fd0&gt;, type = &#39;one2many&#39;

    def modelos_tienen_campos(self, type):
        r = []
&gt;       assert self.app_models, &#34;No hay modelos de datos&#34;
E       AssertionError: No hay modelos de datos
E       assert []
E        +  where [] = &lt;test_minimal_requirements.SystemUnderTest object at 0x7fe951359fd0&gt;.app_models

test_minimal_requirements.py:147: AssertionError</pre>
                        
                        

                        
                        
                        
                    </div>
                
                    <div class="test outcome outcome-failed">
                        <a id="a6531a13-2638-4032-a4c0-d997613b0fef"></a>
                        <table class="proplist">
                            <tr><th>Test case:</th><td><b>test_formularios_tienen_vista_anidada_para_campos_X2many[many2many]</b></td></tr>
                            <tr><th>Outcome:</th><td>Failed</td></tr>
                            <tr><th>Duration:</th><td>0.001 sec</td></tr>
                        
                            <tr><th>Failed</th><td>AssertionError: No hay modelos de datos
assert []
 +  where [] = &lt;test_minimal_requirements.SystemUnderTest object at 0x7fe951359fd0&gt;.app_models</td></tr>
                        
                        
                        </table>

                        
                        <pre>self = &lt;test_minimal_requirements.TestRNF3 object at 0x7fe951397c40&gt;
sut = &lt;test_minimal_requirements.SystemUnderTest object at 0x7fe951359fd0&gt;, relationship = &#39;many2many&#39;

    @pytest.mark.parametrize(&#34;relationship&#34;, [&#39;one2many&#39;, &#39;many2many&#39;])
    def test_formularios_tienen_vista_anidada_para_campos_X2many(self, sut, relationship):
        # @see https://www.cybrosys.com/blog/many2many-fields-and-its-widgets-odoo
        alternative_widgets = (&#39;many2many_default&#39;,
                                &#39;many2many_tags&#39;,
                                &#39;many2many_checkboxes&#39;,
                                &#39;many2many_kanban&#39;,
                                &#39;many2many_binary&#39;,
                                &#39;x2many_counter&#39;)
&gt;       fields = sut.modelos_tienen_campos(relationship)

test_minimal_requirements.py:297: 
_ _ _ _ _ _ _ _ _ _ _ _ _ _ _ _ _ _ _ _ _ _ _ _ _ _ _ _ _ _ _ _ _ _ _ _ _ _ _ _ _ _ _ _ _ _ _ _ _ _ _ _ _

self = &lt;test_minimal_requirements.SystemUnderTest object at 0x7fe951359fd0&gt;, type = &#39;many2many&#39;

    def modelos_tienen_campos(self, type):
        r = []
&gt;       assert self.app_models, &#34;No hay modelos de datos&#34;
E       AssertionError: No hay modelos de datos
E       assert []
E        +  where [] = &lt;test_minimal_requirements.SystemUnderTest object at 0x7fe951359fd0&gt;.app_models

test_minimal_requirements.py:147: AssertionError</pre>
                        
                        

                        
                        
                        
                    </div>
                
                </div>
            </div>
            
            <div class="testclass">
                <h4>test_minimal_requirements.TestRNF4</h4>
                <div class="testcases">
                
                    <div class="test outcome outcome-passed">
                        <a id="577d8e22-ac26-4d5b-9ccc-c4b96909b52b"></a>
                        <table class="proplist">
                            <tr><th>Test case:</th><td><b>test_vistas_en_ficheros_individuales</b></td></tr>
                            <tr><th>Outcome:</th><td>Passed</td></tr>
                            <tr><th>Duration:</th><td>0.001 sec</td></tr>
                        
                        
                        </table>

                        
                        

                        
                        
                        
                    </div>
                
                </div>
            </div>
            
            <div class="testclass">
                <h4>test_minimal_requirements.TestRNF5</h4>
                <div class="testcases">
                
                    <div class="test outcome outcome-failed">
                        <a id="b6684623-2094-4ea9-bed5-bef81c369bb8"></a>
                        <table class="proplist">
                            <tr><th>Test case:</th><td><b>test_modelos_tienen_algun_posible_campo_imagen</b></td></tr>
                            <tr><th>Outcome:</th><td>Failed</td></tr>
                            <tr><th>Duration:</th><td>0.001 sec</td></tr>
                        
                            <tr><th>Failed</th><td>AssertionError: No hay modelos de datos
assert []
 +  where [] = &lt;test_minimal_requirements.SystemUnderTest object at 0x7fe951359fd0&gt;.app_models</td></tr>
                        
                        
                        </table>

                        
                        <pre>self = &lt;test_minimal_requirements.TestRNF5 object at 0x7fe95139b490&gt;
sut = &lt;test_minimal_requirements.SystemUnderTest object at 0x7fe951359fd0&gt;

    def test_modelos_tienen_algun_posible_campo_imagen(self, sut):
&gt;       posibles_campos_imagenes = sut.modelos_tienen_campos(&#39;binary&#39;)

test_minimal_requirements.py:317: 
_ _ _ _ _ _ _ _ _ _ _ _ _ _ _ _ _ _ _ _ _ _ _ _ _ _ _ _ _ _ _ _ _ _ _ _ _ _ _ _ _ _ _ _ _ _ _ _ _ _ _ _ _

self = &lt;test_minimal_requirements.SystemUnderTest object at 0x7fe951359fd0&gt;, type = &#39;binary&#39;

    def modelos_tienen_campos(self, type):
        r = []
&gt;       assert self.app_models, &#34;No hay modelos de datos&#34;
E       AssertionError: No hay modelos de datos
E       assert []
E        +  where [] = &lt;test_minimal_requirements.SystemUnderTest object at 0x7fe951359fd0&gt;.app_models

test_minimal_requirements.py:147: AssertionError</pre>
                        
                        

                        
                        
                        
                    </div>
                
                    <div class="test outcome outcome-failed">
                        <a id="e0476470-edbb-45e8-873c-4c2ef2db21e8"></a>
                        <table class="proplist">
                            <tr><th>Test case:</th><td><b>test_alguna_vista_tiene_campo_imagen</b></td></tr>
                            <tr><th>Outcome:</th><td>Failed</td></tr>
                            <tr><th>Duration:</th><td>0.001 sec</td></tr>
                        
                            <tr><th>Failed</th><td>AssertionError: No hay modelos de datos
assert []
 +  where [] = &lt;test_minimal_requirements.SystemUnderTest object at 0x7fe951359fd0&gt;.app_models</td></tr>
                        
                        
                        </table>

                        
                        <pre>self = &lt;test_minimal_requirements.TestRNF5 object at 0x7fe95139b8b0&gt;
sut = &lt;test_minimal_requirements.SystemUnderTest object at 0x7fe951359fd0&gt;

    def test_alguna_vista_tiene_campo_imagen(self, sut):
&gt;       assert any(sut.hay_vista_con_campo_atributo_y_valor(&#39;form&#39;, f, &#39;widget&#39;, &#39;image&#39;) for f in sut.modelos_tienen_campos(&#39;binary&#39;)), self.__doc__

test_minimal_requirements.py:322: 
_ _ _ _ _ _ _ _ _ _ _ _ _ _ _ _ _ _ _ _ _ _ _ _ _ _ _ _ _ _ _ _ _ _ _ _ _ _ _ _ _ _ _ _ _ _ _ _ _ _ _ _ _

self = &lt;test_minimal_requirements.SystemUnderTest object at 0x7fe951359fd0&gt;, type = &#39;binary&#39;

    def modelos_tienen_campos(self, type):
        r = []
&gt;       assert self.app_models, &#34;No hay modelos de datos&#34;
E       AssertionError: No hay modelos de datos
E       assert []
E        +  where [] = &lt;test_minimal_requirements.SystemUnderTest object at 0x7fe951359fd0&gt;.app_models

test_minimal_requirements.py:147: AssertionError</pre>
                        
                        

                        
                        
                        
                    </div>
                
                </div>
            </div>
            
            <div class="testclass">
                <h4>test_minimal_requirements.TestRNF6</h4>
                <div class="testcases">
                
                    <div class="test outcome outcome-failed">
                        <a id="6c0ff50d-1249-4929-8814-44ef0c23ed43"></a>
                        <table class="proplist">
                            <tr><th>Test case:</th><td><b>test_modelos_tienen_acciones</b></td></tr>
                            <tr><th>Outcome:</th><td>Failed</td></tr>
                            <tr><th>Duration:</th><td>0.001 sec</td></tr>
                        
                            <tr><th>Failed</th><td>assert []
 +  where [] = &lt;test_minimal_requirements.SystemUnderTest object at 0x7fe951359fd0&gt;.basename_app_models</td></tr>
                        
                        
                        </table>

                        
                        <pre>self = &lt;test_minimal_requirements.TestRNF6 object at 0x7fe95139bd60&gt;
sut = &lt;test_minimal_requirements.SystemUnderTest object at 0x7fe951359fd0&gt;

    def test_modelos_tienen_acciones(self, sut):
&gt;       assert sut.basename_app_models
E       assert []
E        +  where [] = &lt;test_minimal_requirements.SystemUnderTest object at 0x7fe951359fd0&gt;.basename_app_models

test_minimal_requirements.py:329: AssertionError</pre>
                        
                        

                        
                        
                        
                    </div>
                
                    <div class="test outcome outcome-failed">
                        <a id="90be9928-6e4e-40c2-92d5-1a8fd6c98e8d"></a>
                        <table class="proplist">
                            <tr><th>Test case:</th><td><b>test_hay_elementos_de_menu[.//menuitem[@action]]</b></td></tr>
                            <tr><th>Outcome:</th><td>Failed</td></tr>
                            <tr><th>Duration:</th><td>0.001 sec</td></tr>
                        
                            <tr><th>Failed</th><td>xml.etree.ElementTree.ParseError: mismatched tag: line 10, column 12</td></tr>
                        
                        
                        </table>

                        
                        <pre>self = &lt;test_minimal_requirements.TestRNF6 object at 0x7fe9513a02b0&gt;
sut = &lt;test_minimal_requirements.SystemUnderTest object at 0x7fe951359fd0&gt;
xpath = &#39;.//menuitem[@action]&#39;

    @pytest.mark.parametrize(&#34;xpath&#34;, [&#39;.//menuitem[@action]&#39;]) # @parent si quiero comparar submenús, pero son opcionales
    def test_hay_elementos_de_menu(self, sut, xpath):
        ejemplos = []
        for xml in sut.xml_files:
&gt;           if hay_xml_con_xpath_valido(xml, xpath):

test_minimal_requirements.py:337: 
_ _ _ _ _ _ _ _ _ _ _ _ _ _ _ _ _ _ _ _ _ _ _ _ _ _ _ _ _ _ _ _ _ _ _ _ _ _ _ _ _ _ _ _ _ _ _ _ _ _ _ _ _
test_minimal_requirements.py:57: in hay_xml_con_xpath_valido
    tree = ET.parse(xml_file)
/usr/lib/python3.8/xml/etree/ElementTree.py:1202: in parse
    tree.parse(source, parser)
_ _ _ _ _ _ _ _ _ _ _ _ _ _ _ _ _ _ _ _ _ _ _ _ _ _ _ _ _ _ _ _ _ _ _ _ _ _ _ _ _ _ _ _ _ _ _ _ _ _ _ _ _

self = &lt;xml.etree.ElementTree.ElementTree object at 0x7fe95124b220&gt;
source = &lt;_io.BufferedReader name=&#39;/home/madrid/Escritorio/SGE/SGE-odoo-project-tester/projects/hda_videojuegos/odoo/addons/hda_videojuegos/demo/demo.xml&#39;&gt;
parser = &lt;xml.etree.ElementTree.XMLParser object at 0x7fe951303040&gt;

    def parse(self, source, parser=None):
        &#34;&#34;&#34;Load external XML document into element tree.
    
        *source* is a file name or file object, *parser* is an optional parser
        instance that defaults to XMLParser.
    
        ParseError is raised if the parser fails to parse the document.
    
        Returns the root element of the given source document.
    
        &#34;&#34;&#34;
        close_source = False
        if not hasattr(source, &#34;read&#34;):
            source = open(source, &#34;rb&#34;)
            close_source = True
        try:
            if parser is None:
                # If no parser was specified, create a default XMLParser
                parser = XMLParser()
                if hasattr(parser, &#39;_parse_whole&#39;):
                    # The default XMLParser, when it comes from an accelerator,
                    # can define an internal _parse_whole API for efficiency.
                    # It can be used to parse the whole source without feeding
                    # it with chunks.
&gt;                   self._root = parser._parse_whole(source)
E                   xml.etree.ElementTree.ParseError: mismatched tag: line 10, column 12

/usr/lib/python3.8/xml/etree/ElementTree.py:595: ParseError</pre>
                        
                        

                        
                        
                        
                    </div>
                
                </div>
            </div>
            
            <div class="testclass">
                <h4>test_minimal_requirements.TestRNF7</h4>
                <div class="testcases">
                
                    <div class="test outcome outcome-failed">
                        <a id="3dc92f25-c127-4898-b6c3-f3f5481c24b9"></a>
                        <table class="proplist">
                            <tr><th>Test case:</th><td><b>test_modelos_tienen_permisos</b></td></tr>
                            <tr><th>Outcome:</th><td>Failed</td></tr>
                            <tr><th>Duration:</th><td>0.001 sec</td></tr>
                        
                            <tr><th>Failed</th><td>assert []
 +  where [] = &lt;test_minimal_requirements.SystemUnderTest object at 0x7fe951359fd0&gt;.app_models</td></tr>
                        
                        
                        </table>

                        
                        <pre>self = &lt;test_minimal_requirements.TestRNF7 object at 0x7fe9513a0730&gt;
sut = &lt;test_minimal_requirements.SystemUnderTest object at 0x7fe951359fd0&gt;

    def test_modelos_tienen_permisos(self, sut):
&gt;       assert sut.app_models
E       assert []
E        +  where [] = &lt;test_minimal_requirements.SystemUnderTest object at 0x7fe951359fd0&gt;.app_models

test_minimal_requirements.py:350: AssertionError</pre>
                        
                        

                        
                        
                        
                    </div>
                
                </div>
            </div>
            
            <div class="testclass">
                <h4>test_minimal_requirements.TestRNF8</h4>
                <div class="testcases">
                
                    <div class="test outcome outcome-passed">
                        <a id="010c5d0f-926e-4fc8-9d48-4c02823fc385"></a>
                        <table class="proplist">
                            <tr><th>Test case:</th><td><b>test_app_tiene_icono</b></td></tr>
                            <tr><th>Outcome:</th><td>Passed</td></tr>
                            <tr><th>Duration:</th><td>0.015 sec</td></tr>
                        
                        
                        </table>

                        
                        

                        
                        
                        
                    </div>
                
                </div>
            </div>
            
            <div class="testclass">
                <h4>test_minimal_requirements.TestRNF9</h4>
                <div class="testcases">
                
                    <div class="test outcome outcome-failed">
                        <a id="9c3610ab-f0c0-4338-b3bf-cd6db12c1843"></a>
                        <table class="proplist">
                            <tr><th>Test case:</th><td><b>test_modelos_tienen_datos_demo</b></td></tr>
                            <tr><th>Outcome:</th><td>Failed</td></tr>
                            <tr><th>Duration:</th><td>0.001 sec</td></tr>
                        
                            <tr><th>Failed</th><td>AssertionError: No hay modelos de datos
assert []
 +  where [] = &lt;test_minimal_requirements.SystemUnderTest object at 0x7fe951359fd0&gt;.app_models</td></tr>
                        
                        
                        </table>

                        
                        <pre>self = &lt;test_minimal_requirements.TestRNF9 object at 0x7fe9513a30a0&gt;
sut = &lt;test_minimal_requirements.SystemUnderTest object at 0x7fe951359fd0&gt;

    def test_modelos_tienen_datos_demo(self, sut):
        total_demo_records = 0
        demo_records_en_todos = sut.app_models != []
&gt;       assert sut.app_models, &#34;No hay modelos de datos&#34;
E       AssertionError: No hay modelos de datos
E       assert []
E        +  where [] = &lt;test_minimal_requirements.SystemUnderTest object at 0x7fe951359fd0&gt;.app_models

test_minimal_requirements.py:377: AssertionError</pre>
                        
                        

                        
                        
                        
                    </div>
                
                </div>
            </div>
            
            <div class="testclass">
                <h4>test_minimal_requirements.TestRNFGit</h4>
                <div class="testcases">
                
                    <div class="test outcome outcome-failed">
                        <a id="a15b3db4-4d1f-4b5a-96b5-9b766514ef1a"></a>
                        <table class="proplist">
                            <tr><th>Test case:</th><td><b>test_git_commit_frecuentes</b></td></tr>
                            <tr><th>Outcome:</th><td>Failed</td></tr>
                            <tr><th>Duration:</th><td>0.001 sec</td></tr>
                        
                            <tr><th>Failed</th><td>AssertionError: El proyecto se desarrollará a partir de un _fork_ del repositorio javnitram/SGE-odoo-it-yourself, 
      sincronizando frecuentemente (mínimo 1 _commit_ &amp; _push_ por semana)
assert 4 &gt; 5
 +  where 4 = len([&#39;commit 7d08687067e1c164a70d469285551b3b64ff9b49\n&#39;, &#39;commit 2c37505d93fcdef46a17b8da05db26b70999699d\n&#39;, &#39;commit 94ce7304f3f5ef7f98b308999895f7c320770afa\n&#39;, &#39;commit db1e52f862ecb9dfb32dcd0f9946d41364e03c2a\n&#39;])</td></tr>
                        
                        
                        </table>

                        
                        <pre>self = &lt;test_minimal_requirements.TestRNFGit object at 0x7fe9513a3550&gt;
sut = &lt;test_minimal_requirements.SystemUnderTest object at 0x7fe951359fd0&gt;

    def test_git_commit_frecuentes(self, sut):
        with open(sut.git_log, &#34;r&#34;) as f:
            content = f.readlines()
            content = list(filter(lambda x: x.startswith(&#34;commit&#34;), content))
            print(*content)
&gt;           assert len(content) &gt; 5, self.__doc__
E           AssertionError: El proyecto se desarrollará a partir de un _fork_ del repositorio javnitram/SGE-odoo-it-yourself, 
E                 sincronizando frecuentemente (mínimo 1 _commit_ &amp; _push_ por semana)
E           assert 4 &gt; 5
E            +  where 4 = len([&#39;commit 7d08687067e1c164a70d469285551b3b64ff9b49\n&#39;, &#39;commit 2c37505d93fcdef46a17b8da05db26b70999699d\n&#39;, &#39;commit 94ce7304f3f5ef7f98b308999895f7c320770afa\n&#39;, &#39;commit db1e52f862ecb9dfb32dcd0f9946d41364e03c2a\n&#39;])

test_minimal_requirements.py:398: AssertionError</pre>
                        
                        

                        
                        
                        
                    </div>
                
                </div>
            </div>
            
            <div class="testclass">
                <h4>test_minimal_requirements.TestRNFCalidad</h4>
                <div class="testcases">
                
                    <div class="test outcome outcome-passed">
                        <a id="b438bbcc-5c22-4bbe-9853-259c8c4992ba"></a>
                        <table class="proplist">
                            <tr><th>Test case:</th><td><b>test_odoo_disponible</b></td></tr>
                            <tr><th>Outcome:</th><td>Passed</td></tr>
                            <tr><th>Duration:</th><td>0.008 sec</td></tr>
                        
                        
                        </table>

                        
                        

                        
                        
                        
                    </div>
                
                    <div class="test outcome outcome-failed">
                        <a id="5d1a4f55-a8a7-47fc-b483-315038a2ef6a"></a>
                        <table class="proplist">
                            <tr><th>Test case:</th><td><b>test_app_instalada</b></td></tr>
                            <tr><th>Outcome:</th><td>Failed</td></tr>
                            <tr><th>Duration:</th><td>0.018 sec</td></tr>
                        
                            <tr><th>Failed</th><td>AssertionError: La aplicación no ha quedado instalada con éxito - El módulo tiene que ser instalable a partir del código entregado sin necesidad de hacer ningún cambio o modificación.
assert &#39;uninstalled&#39; == &#39;installed&#39;
  
  - installed
  + uninstalled
  ? ++</td></tr>
                        
                        
                        </table>

                        
                        <pre>self = &lt;test_minimal_requirements.TestRNFCalidad object at 0x7fe95139b190&gt;
sut = &lt;test_minimal_requirements.SystemUnderTest object at 0x7fe951359fd0&gt;

    def test_app_instalada(self, sut):
        ids = sut.execute_kw(&#39;ir.module.module&#39;, &#39;search&#39;, [[(&#39;name&#39;, &#39;=&#39;, sut.app_prefix)]])
        assert len(ids) == 1, &#34;No se ha encontrado la aplicación&#34;
        app = sut.execute_kw(&#39;ir.module.module&#39;, &#39;read&#39;, [ids], {&#39;fields&#39;: [&#39;name&#39;, &#39;icon_image&#39;, &#39;state&#39;]}).pop()
&gt;       assert app.get(&#34;state&#34;) == &#39;installed&#39;, &#34;La aplicación no ha quedado instalada con éxito - El módulo tiene que ser instalable a partir del código entregado sin necesidad de hacer ningún cambio o modificación.&#34;
E       AssertionError: La aplicación no ha quedado instalada con éxito - El módulo tiene que ser instalable a partir del código entregado sin necesidad de hacer ningún cambio o modificación.
E       assert &#39;uninstalled&#39; == &#39;installed&#39;
E         
E         - installed
E         + uninstalled
E         ? ++

test_minimal_requirements.py:415: AssertionError</pre>
                        
                        

                        
                        
                        
                    </div>
                
                    <div class="test outcome outcome-failed">
                        <a id="4652c198-fda9-48ef-85f9-63a3a81dbcc8"></a>
                        <table class="proplist">
                            <tr><th>Test case:</th><td><b>test_otras_apps_entregadas_son_dependencias</b></td></tr>
                            <tr><th>Outcome:</th><td>Failed</td></tr>
                            <tr><th>Duration:</th><td>0.017 sec</td></tr>
                        
                            <tr><th>Failed</th><td>AssertionError: Parece que tu aplicación no depende de hda_videojuegos, al instalar la tuya esta no ha quedado instalada automáticamente - Tu código debe estar bien probado, documentado, sin código comentado, sin ficheros innecesarios y con un *manifest* cuidado.
assert &#39;uninstalled&#39; == &#39;installed&#39;
  
  - installed
  + uninstalled
  ? ++</td></tr>
                        
                        
                        </table>

                        
                        <pre>self = &lt;test_minimal_requirements.TestRNFCalidad object at 0x7fe9513a3b20&gt;
sut = &lt;test_minimal_requirements.SystemUnderTest object at 0x7fe951359fd0&gt;

    def test_otras_apps_entregadas_son_dependencias(self, sut):
        for third_party_app in buscar_dependencias_de_terceros_entregadas(sut):
            ids = sut.execute_kw(&#39;ir.module.module&#39;, &#39;search&#39;, [[(&#39;name&#39;, &#39;=&#39;, third_party_app)]])
            assert len(ids) == 1, f&#34;No se ha encontrado la aplicación {third_party_app}, ¿hay dependencia de esta aplicación?&#34;
            app = sut.execute_kw(&#39;ir.module.module&#39;, &#39;read&#39;, [ids], {&#39;fields&#39;: [&#39;name&#39;, &#39;icon_image&#39;, &#39;state&#39;]}).pop()
&gt;           assert app.get(&#34;state&#34;) == &#39;installed&#39;, f&#34;Parece que tu aplicación no depende de {third_party_app}, al instalar la tuya esta no ha quedado instalada automáticamente - Tu código debe estar bien probado, documentado, sin código comentado, sin ficheros innecesarios y con un *manifest* cuidado.&#34;
E           AssertionError: Parece que tu aplicación no depende de hda_videojuegos, al instalar la tuya esta no ha quedado instalada automáticamente - Tu código debe estar bien probado, documentado, sin código comentado, sin ficheros innecesarios y con un *manifest* cuidado.
E           assert &#39;uninstalled&#39; == &#39;installed&#39;
E             
E             - installed
E             + uninstalled
E             ? ++

test_minimal_requirements.py:422: AssertionError</pre>
                        
                        

                        
                        
                        
                    </div>
                
                    <div class="test outcome outcome-failed">
                        <a id="d8ca4b2b-1063-47d3-a72e-0dbcc48d455d"></a>
                        <table class="proplist">
                            <tr><th>Test case:</th><td><b>test_no_hay_elementos_xml_comentados</b></td></tr>
                            <tr><th>Outcome:</th><td>Failed</td></tr>
                            <tr><th>Duration:</th><td>0.001 sec</td></tr>
                        
                            <tr><th>Failed</th><td>xml.etree.ElementTree.ParseError: mismatched tag: line 10, column 12</td></tr>
                        
                        
                        </table>

                        
                        <pre>self = &lt;test_minimal_requirements.TestRNFCalidad object at 0x7fe9513a3f40&gt;
sut = &lt;test_minimal_requirements.SystemUnderTest object at 0x7fe951359fd0&gt;

    def test_no_hay_elementos_xml_comentados(self, sut):
        # Expresión regular para verificar si la cadena parece tener marcado XML
        xml_regex = re.compile(r&#39;&lt;[a-zA-Z0-9\s=&#34;\&#39;\.-]+&gt;(.|\n)*&lt;\/[a-zA-Z0-9\s=&#34;\&#39;\.-]+&gt;|&lt;[a-zA-Z0-9\s=&#34;\&#39;\.-]+\/&gt;&#39;)
        ficheros_xml_comentado = {}
        for f in sut.xml_files:
            xml_comentado = []
            parser = ET.XMLParser(target=ET.TreeBuilder(insert_comments=True))
&gt;           tree = ET.parse(f, parser)

test_minimal_requirements.py:438: 
_ _ _ _ _ _ _ _ _ _ _ _ _ _ _ _ _ _ _ _ _ _ _ _ _ _ _ _ _ _ _ _ _ _ _ _ _ _ _ _ _ _ _ _ _ _ _ _ _ _ _ _ _
/usr/lib/python3.8/xml/etree/ElementTree.py:1202: in parse
    tree.parse(source, parser)
_ _ _ _ _ _ _ _ _ _ _ _ _ _ _ _ _ _ _ _ _ _ _ _ _ _ _ _ _ _ _ _ _ _ _ _ _ _ _ _ _ _ _ _ _ _ _ _ _ _ _ _ _

self = &lt;xml.etree.ElementTree.ElementTree object at 0x7fe9511f1ee0&gt;
source = &lt;_io.BufferedReader name=&#39;/home/madrid/Escritorio/SGE/SGE-odoo-project-tester/projects/hda_videojuegos/odoo/addons/hda_videojuegos/demo/demo.xml&#39;&gt;
parser = &lt;xml.etree.ElementTree.XMLParser object at 0x7fe951234e50&gt;

    def parse(self, source, parser=None):
        &#34;&#34;&#34;Load external XML document into element tree.
    
        *source* is a file name or file object, *parser* is an optional parser
        instance that defaults to XMLParser.
    
        ParseError is raised if the parser fails to parse the document.
    
        Returns the root element of the given source document.
    
        &#34;&#34;&#34;
        close_source = False
        if not hasattr(source, &#34;read&#34;):
            source = open(source, &#34;rb&#34;)
            close_source = True
        try:
            if parser is None:
                # If no parser was specified, create a default XMLParser
                parser = XMLParser()
                if hasattr(parser, &#39;_parse_whole&#39;):
                    # The default XMLParser, when it comes from an accelerator,
                    # can define an internal _parse_whole API for efficiency.
                    # It can be used to parse the whole source without feeding
                    # it with chunks.
                    self._root = parser._parse_whole(source)
                    return self._root
            while True:
                data = source.read(65536)
                if not data:
                    break
&gt;               parser.feed(data)
E               xml.etree.ElementTree.ParseError: mismatched tag: line 10, column 12

/usr/lib/python3.8/xml/etree/ElementTree.py:601: ParseError</pre>
                        
                        

                        
                        
                        
                    </div>
                
                    <div class="test outcome outcome-passed">
                        <a id="f55681dc-a36e-47e6-b41f-62fe83390441"></a>
                        <table class="proplist">
                            <tr><th>Test case:</th><td><b>test_no_hay_codigo_python_comentado</b></td></tr>
                            <tr><th>Outcome:</th><td>Passed</td></tr>
                            <tr><th>Duration:</th><td>0.23 sec</td></tr>
                        
                        
                        </table>

                        
                        

                        
                        
                        
                    </div>
                
                    <div class="test outcome outcome-passed">
                        <a id="c99a1b87-db91-41bb-a3cf-efc7a5f40ab0"></a>
                        <table class="proplist">
                            <tr><th>Test case:</th><td><b>test_log_servidor_sin_errores</b></td></tr>
                            <tr><th>Outcome:</th><td>Passed</td></tr>
                            <tr><th>Duration:</th><td>0.001 sec</td></tr>
                        
                        
                        </table>

                        
                        

                        
                        
                        
                    </div>
                
                </div>
            </div>
            
            <div class="testclass">
                <h4>test_minimal_requirements.TestOtros</h4>
                <div class="testcases">
                
                    <div class="test outcome outcome-passed">
                        <a id="bb4d11fd-57c8-413e-8edf-82c7f81cec9e"></a>
                        <table class="proplist">
                            <tr><th>Test case:</th><td><b>test_log_sin_warnings</b></td></tr>
                            <tr><th>Outcome:</th><td>Passed</td></tr>
                            <tr><th>Duration:</th><td>0.001 sec</td></tr>
                        
                        
                        </table>

                        
                        

                        
                        
                        
                    </div>
                
                </div>
            </div>
            
            <div class="testclass">
                <h4>test_minimal_requirements.TestRNFAdicionalesKanban</h4>
                <div class="testcases">
                
                    <div class="test outcome outcome-skipped">
                        <a id="4078dae5-3bd8-431b-b3f5-8ac357a18ff2"></a>
                        <table class="proplist">
                            <tr><th>Test case:</th><td><b>test_vista_kanban[/kanban]</b></td></tr>
                            <tr><th>Outcome:</th><td>Skipped</td></tr>
                            <tr><th>Duration:</th><td>0.001 sec</td></tr>
                        
                        
                            <tr><th>Skipped</th><td></td></tr>
                        
                        </table>

                        
                        
                        <pre>skipped</pre>
                        

                        
                        
                        
                    </div>
                
                    <div class="test outcome outcome-skipped">
                        <a id="3db7298c-4693-4af9-bee4-73c67f05cd44"></a>
                        <table class="proplist">
                            <tr><th>Test case:</th><td><b>test_vista_kanban[/kanban[@default_group_by]]</b></td></tr>
                            <tr><th>Outcome:</th><td>Skipped</td></tr>
                            <tr><th>Duration:</th><td>0.001 sec</td></tr>
                        
                        
                            <tr><th>Skipped</th><td></td></tr>
                        
                        </table>

                        
                        
                        <pre>skipped</pre>
                        

                        
                        
                        
                    </div>
                
                    <div class="test outcome outcome-skipped">
                        <a id="6720a055-bbbe-44cd-8824-0e57102ab32f"></a>
                        <table class="proplist">
                            <tr><th>Test case:</th><td><b>test_vista_kanban_imagen[/img]</b></td></tr>
                            <tr><th>Outcome:</th><td>Skipped</td></tr>
                            <tr><th>Duration:</th><td>0.001 sec</td></tr>
                        
                        
                            <tr><th>Skipped</th><td></td></tr>
                        
                        </table>

                        
                        
                        <pre>skipped</pre>
                        

                        
                        
                        
                    </div>
                
                    <div class="test outcome outcome-skipped">
                        <a id="4a68fbc7-c077-482e-9ef5-1d8b59cd4f0b"></a>
                        <table class="proplist">
                            <tr><th>Test case:</th><td><b>test_vista_kanban_imagen[/field[@preview_image]]</b></td></tr>
                            <tr><th>Outcome:</th><td>Skipped</td></tr>
                            <tr><th>Duration:</th><td>0.001 sec</td></tr>
                        
                        
                            <tr><th>Skipped</th><td></td></tr>
                        
                        </table>

                        
                        
                        <pre>skipped</pre>
                        

                        
                        
                        
                    </div>
                
                    <div class="test outcome outcome-skipped">
                        <a id="b817bb41-4823-4334-9725-d7907d27fbe9"></a>
                        <table class="proplist">
                            <tr><th>Test case:</th><td><b>test_vista_kanban_imagen[/field[@widget=&#34;image&#34;]]</b></td></tr>
                            <tr><th>Outcome:</th><td>Skipped</td></tr>
                            <tr><th>Duration:</th><td>0.001 sec</td></tr>
                        
                        
                            <tr><th>Skipped</th><td></td></tr>
                        
                        </table>

                        
                        
                        <pre>skipped</pre>
                        

                        
                        
                        
                    </div>
                
                </div>
            </div>
            
            <div class="testclass">
                <h4>test_minimal_requirements.TestRNFAdicionalesBusqueda</h4>
                <div class="testcases">
                
                    <div class="test outcome outcome-skipped">
                        <a id="3104f23d-94f3-4057-94a2-ca7b10551eaf"></a>
                        <table class="proplist">
                            <tr><th>Test case:</th><td><b>test_vista_search</b></td></tr>
                            <tr><th>Outcome:</th><td>Skipped</td></tr>
                            <tr><th>Duration:</th><td>0.001 sec</td></tr>
                        
                        
                            <tr><th>Skipped</th><td></td></tr>
                        
                        </table>

                        
                        
                        <pre>skipped</pre>
                        

                        
                        
                        
                    </div>
                
                    <div class="test outcome outcome-skipped">
                        <a id="ef76e064-136d-4520-87b0-4089e2e3d01d"></a>
                        <table class="proplist">
                            <tr><th>Test case:</th><td><b>test_vista_search_compleja[.//filter[@domain]]</b></td></tr>
                            <tr><th>Outcome:</th><td>Skipped</td></tr>
                            <tr><th>Duration:</th><td>0.001 sec</td></tr>
                        
                        
                            <tr><th>Skipped</th><td></td></tr>
                        
                        </table>

                        
                        
                        <pre>skipped</pre>
                        

                        
                        
                        
                    </div>
                
                    <div class="test outcome outcome-skipped">
                        <a id="c164df06-d381-4460-ac8d-f8c369b3902c"></a>
                        <table class="proplist">
                            <tr><th>Test case:</th><td><b>test_vista_search_compleja[.//group//filter[@context]]</b></td></tr>
                            <tr><th>Outcome:</th><td>Skipped</td></tr>
                            <tr><th>Duration:</th><td>0.001 sec</td></tr>
                        
                        
                            <tr><th>Skipped</th><td></td></tr>
                        
                        </table>

                        
                        
                        <pre>skipped</pre>
                        

                        
                        
                        
                    </div>
                
                </div>
            </div>
            
            <div class="testclass">
                <h4>test_minimal_requirements.TestRNFAdicionalesOtrasVistas</h4>
                <div class="testcases">
                
                    <div class="test outcome outcome-skipped">
                        <a id="1941e9ab-c7b2-4353-8403-3edb72c3b030"></a>
                        <table class="proplist">
                            <tr><th>Test case:</th><td><b>test_otras_vistas_adicionales[activity]</b></td></tr>
                            <tr><th>Outcome:</th><td>Skipped</td></tr>
                            <tr><th>Duration:</th><td>0.001 sec</td></tr>
                        
                        
                            <tr><th>Skipped</th><td></td></tr>
                        
                        </table>

                        
                        
                        <pre>skipped</pre>
                        

                        
                        
                        
                    </div>
                
                    <div class="test outcome outcome-skipped">
                        <a id="96337b08-90a3-4910-98e1-84a2d58cc5a3"></a>
                        <table class="proplist">
                            <tr><th>Test case:</th><td><b>test_otras_vistas_adicionales[calendar]</b></td></tr>
                            <tr><th>Outcome:</th><td>Skipped</td></tr>
                            <tr><th>Duration:</th><td>0.001 sec</td></tr>
                        
                        
                            <tr><th>Skipped</th><td></td></tr>
                        
                        </table>

                        
                        
                        <pre>skipped</pre>
                        

                        
                        
                        
                    </div>
                
                    <div class="test outcome outcome-skipped">
                        <a id="164fbcca-ecc2-4bcd-b142-4bc80c9f5f46"></a>
                        <table class="proplist">
                            <tr><th>Test case:</th><td><b>test_otras_vistas_adicionales[graph]</b></td></tr>
                            <tr><th>Outcome:</th><td>Skipped</td></tr>
                            <tr><th>Duration:</th><td>0.001 sec</td></tr>
                        
                        
                            <tr><th>Skipped</th><td></td></tr>
                        
                        </table>

                        
                        
                        <pre>skipped</pre>
                        

                        
                        
                        
                    </div>
                
                    <div class="test outcome outcome-skipped">
                        <a id="e291d42d-792d-4e7b-b30a-92f1056d5601"></a>
                        <table class="proplist">
                            <tr><th>Test case:</th><td><b>test_otras_vistas_adicionales[pivot]</b></td></tr>
                            <tr><th>Outcome:</th><td>Skipped</td></tr>
                            <tr><th>Duration:</th><td>0.001 sec</td></tr>
                        
                        
                            <tr><th>Skipped</th><td></td></tr>
                        
                        </table>

                        
                        
                        <pre>skipped</pre>
                        

                        
                        
                        
                    </div>
                
                </div>
            </div>
            
            <div class="testclass">
                <h4>test_minimal_requirements.TestRNFAdicionalesConstraints</h4>
                <div class="testcases">
                
                    <div class="test outcome outcome-skipped">
                        <a id="29fc0933-4857-4e68-8632-da2f2a054a2b"></a>
                        <table class="proplist">
                            <tr><th>Test case:</th><td><b>test_constraints_sql</b></td></tr>
                            <tr><th>Outcome:</th><td>Skipped</td></tr>
                            <tr><th>Duration:</th><td>0.022 sec</td></tr>
                        
                        
                            <tr><th>Skipped</th><td></td></tr>
                        
                        </table>

                        
                        
                        <pre>skipped</pre>
                        

                        
                        
                        
                    </div>
                
                </div>
            </div>
            
            <div class="testclass">
                <h4>test_minimal_requirements.TestRNFAdicionalesSeguridadAvanzada</h4>
                <div class="testcases">
                
                    <div class="test outcome outcome-skipped">
                        <a id="4ebf37fc-036e-4727-a098-372a12eea6b6"></a>
                        <table class="proplist">
                            <tr><th>Test case:</th><td><b>test_seguridad_con_grupos_propios</b></td></tr>
                            <tr><th>Outcome:</th><td>Skipped</td></tr>
                            <tr><th>Duration:</th><td>0.001 sec</td></tr>
                        
                        
                            <tr><th>Skipped</th><td></td></tr>
                        
                        </table>

                        
                        
                        <pre>skipped</pre>
                        

                        
                        
                        
                    </div>
                
                </div>
            </div>
            
            <div class="testclass">
                <h4>test_minimal_requirements.TestRNFAdicionalesDatosAvanzados</h4>
                <div class="testcases">
                
                    <div class="test outcome outcome-skipped">
                        <a id="40894030-0348-473f-9e8c-4077866d7a79"></a>
                        <table class="proplist">
                            <tr><th>Test case:</th><td><b>test_datos_maestros_o_demo_avanzados[binary]</b></td></tr>
                            <tr><th>Outcome:</th><td>Skipped</td></tr>
                            <tr><th>Duration:</th><td>0.001 sec</td></tr>
                        
                        
                            <tr><th>Skipped</th><td></td></tr>
                        
                        </table>

                        
                        
                        <pre>skipped</pre>
                        

                        
                        
                        
                    </div>
                
                    <div class="test outcome outcome-skipped">
                        <a id="37cb5f70-4646-45f8-b943-cb238c7a0f22"></a>
                        <table class="proplist">
                            <tr><th>Test case:</th><td><b>test_datos_maestros_o_demo_avanzados[many2many]</b></td></tr>
                            <tr><th>Outcome:</th><td>Skipped</td></tr>
                            <tr><th>Duration:</th><td>0.001 sec</td></tr>
                        
                        
                            <tr><th>Skipped</th><td></td></tr>
                        
                        </table>

                        
                        
                        <pre>skipped</pre>
                        

                        
                        
                        
                    </div>
                
                    <div class="test outcome outcome-skipped">
                        <a id="9dafed9c-6754-44ac-9400-5b8ebf8f39a5"></a>
                        <table class="proplist">
                            <tr><th>Test case:</th><td><b>test_datos_maestros_o_demo_avanzados[many2one]</b></td></tr>
                            <tr><th>Outcome:</th><td>Skipped</td></tr>
                            <tr><th>Duration:</th><td>0.001 sec</td></tr>
                        
                        
                            <tr><th>Skipped</th><td></td></tr>
                        
                        </table>

                        
                        
                        <pre>skipped</pre>
                        

                        
                        
                        
                    </div>
                
                </div>
            </div>
            
            <div class="testclass">
                <h4>test_minimal_requirements.TestRNFAdicionalesHerenciaVistas</h4>
                <div class="testcases">
                
                    <div class="test outcome outcome-skipped">
                        <a id="6846507c-1b9f-4a84-a476-204136568f68"></a>
                        <table class="proplist">
                            <tr><th>Test case:</th><td><b>test_herencia_en_vistas_con_position</b></td></tr>
                            <tr><th>Outcome:</th><td>Skipped</td></tr>
                            <tr><th>Duration:</th><td>0.001 sec</td></tr>
                        
                        
                            <tr><th>Skipped</th><td></td></tr>
                        
                        </table>

                        
                        
                        <pre>skipped</pre>
                        

                        
                        
                        
                    </div>
                
                    <div class="test outcome outcome-skipped">
                        <a id="389de239-61cd-437e-9664-40441562e748"></a>
                        <table class="proplist">
                            <tr><th>Test case:</th><td><b>test_herencia_en_vistas_con_inherit_id</b></td></tr>
                            <tr><th>Outcome:</th><td>Skipped</td></tr>
                            <tr><th>Duration:</th><td>0.001 sec</td></tr>
                        
                        
                            <tr><th>Skipped</th><td></td></tr>
                        
                        </table>

                        
                        
                        <pre>skipped</pre>
                        

                        
                        
                        
                    </div>
                
                </div>
            </div>
            
            <div class="testclass">
                <h4>test_minimal_requirements.TestRNFAdicionalesHerenciaModelos</h4>
                <div class="testcases">
                
                    <div class="test outcome outcome-skipped">
                        <a id="8c3bfa43-949b-4f2d-b57d-e9493a2dba12"></a>
                        <table class="proplist">
                            <tr><th>Test case:</th><td><b>test_modelos_existentes_modificados_por_herencia</b></td></tr>
                            <tr><th>Outcome:</th><td>Skipped</td></tr>
                            <tr><th>Duration:</th><td>0.001 sec</td></tr>
                        
                        
                            <tr><th>Skipped</th><td></td></tr>
                        
                        </table>

                        
                        
                        <pre>skipped</pre>
                        

                        
                        
                        
                    </div>
                
                    <div class="test outcome outcome-skipped">
                        <a id="4263ca08-7dfc-4c91-927f-e83d0e61d311"></a>
                        <table class="proplist">
                            <tr><th>Test case:</th><td><b>test_nuevos_modelos_con_herencia</b></td></tr>
                            <tr><th>Outcome:</th><td>Skipped</td></tr>
                            <tr><th>Duration:</th><td>0.001 sec</td></tr>
                        
                        
                            <tr><th>Skipped</th><td></td></tr>
                        
                        </table>

                        
                        
                        <pre>skipped</pre>
                        

                        
                        
                        
                    </div>
                
                </div>
            </div>
            
            <div class="testclass">
                <h4>test_minimal_requirements.TestRNFAdicionalesTraducciones</h4>
                <div class="testcases">
                
                    <div class="test outcome outcome-skipped">
                        <a id="463a693c-131e-4ceb-b256-29591a4bf989"></a>
                        <table class="proplist">
                            <tr><th>Test case:</th><td><b>test_i18n</b></td></tr>
                            <tr><th>Outcome:</th><td>Skipped</td></tr>
                            <tr><th>Duration:</th><td>0.001 sec</td></tr>
                        
                        
                            <tr><th>Skipped</th><td></td></tr>
                        
                        </table>

                        
                        
                        <pre>skipped</pre>
                        

                        
                        
                        
                    </div>
                
                </div>
            </div>
            
            <div class="testclass">
                <h4>test_minimal_requirements.TestRNFAdicionalesInformes</h4>
                <div class="testcases">
                
                    <div class="test outcome outcome-skipped">
                        <a id="87d105a8-1386-4158-8b2d-92876959e480"></a>
                        <table class="proplist">
                            <tr><th>Test case:</th><td><b>test_informes[report]</b></td></tr>
                            <tr><th>Outcome:</th><td>Skipped</td></tr>
                            <tr><th>Duration:</th><td>0.001 sec</td></tr>
                        
                        
                            <tr><th>Skipped</th><td></td></tr>
                        
                        </table>

                        
                        
                        <pre>skipped</pre>
                        

                        
                        
                        
                    </div>
                
                    <div class="test outcome outcome-skipped">
                        <a id="dcb58eb7-5501-42e2-89db-8304df9e1200"></a>
                        <table class="proplist">
                            <tr><th>Test case:</th><td><b>test_informes[template]</b></td></tr>
                            <tr><th>Outcome:</th><td>Skipped</td></tr>
                            <tr><th>Duration:</th><td>0.001 sec</td></tr>
                        
                        
                            <tr><th>Skipped</th><td></td></tr>
                        
                        </table>

                        
                        
                        <pre>skipped</pre>
                        

                        
                        
                        
                    </div>
                
                </div>
            </div>
            
            <div class="testclass">
                <h4>test_minimal_requirements.TestRNFAdicionalesChatter</h4>
                <div class="testcases">
                
                    <div class="test outcome outcome-skipped">
                        <a id="c8dae308-84b2-40ce-99e8-42bc02c04357"></a>
                        <table class="proplist">
                            <tr><th>Test case:</th><td><b>test_chatter[mail_thread]</b></td></tr>
                            <tr><th>Outcome:</th><td>Skipped</td></tr>
                            <tr><th>Duration:</th><td>0.001 sec</td></tr>
                        
                        
                            <tr><th>Skipped</th><td></td></tr>
                        
                        </table>

                        
                        
                        <pre>skipped</pre>
                        

                        
                        
                        
                    </div>
                
                    <div class="test outcome outcome-skipped">
                        <a id="3ea86a78-9215-41f1-bec7-d68537222d22"></a>
                        <table class="proplist">
                            <tr><th>Test case:</th><td><b>test_chatter[mail_activity_mixin]</b></td></tr>
                            <tr><th>Outcome:</th><td>Skipped</td></tr>
                            <tr><th>Duration:</th><td>0.001 sec</td></tr>
                        
                        
                            <tr><th>Skipped</th><td></td></tr>
                        
                        </table>

                        
                        
                        <pre>skipped</pre>
                        

                        
                        
                        
                    </div>
                
                    <div class="test outcome outcome-skipped">
                        <a id="1009e3ec-657b-4134-b5b5-789dc17ee664"></a>
                        <table class="proplist">
                            <tr><th>Test case:</th><td><b>test_chatter_tracking</b></td></tr>
                            <tr><th>Outcome:</th><td>Skipped</td></tr>
                            <tr><th>Duration:</th><td>0.014 sec</td></tr>
                        
                        
                            <tr><th>Skipped</th><td></td></tr>
                        
                        </table>

                        
                        
                        <pre>skipped</pre>
                        

                        
                        
                        
                    </div>
                
                    <div class="test outcome outcome-skipped">
                        <a id="26c3601b-3612-48aa-9c8c-5155f646e292"></a>
                        <table class="proplist">
                            <tr><th>Test case:</th><td><b>test_vista_chatter_div</b></td></tr>
                            <tr><th>Outcome:</th><td>Skipped</td></tr>
                            <tr><th>Duration:</th><td>0.002 sec</td></tr>
                        
                        
                            <tr><th>Skipped</th><td></td></tr>
                        
                        </table>

                        
                        
                        <pre>skipped</pre>
                        

                        
                        
                        
                    </div>
                
                    <div class="test outcome outcome-skipped">
                        <a id="2692c60d-2e65-4e4f-8559-647405aabcac"></a>
                        <table class="proplist">
                            <tr><th>Test case:</th><td><b>test_vista_chatter_fields[.//field[@name=&#34;message_follower_ids&#34;]]</b></td></tr>
                            <tr><th>Outcome:</th><td>Skipped</td></tr>
                            <tr><th>Duration:</th><td>0.001 sec</td></tr>
                        
                        
                            <tr><th>Skipped</th><td></td></tr>
                        
                        </table>

                        
                        
                        <pre>skipped</pre>
                        

                        
                        
                        
                    </div>
                
                    <div class="test outcome outcome-skipped">
                        <a id="6895d8b9-f3e9-40cf-80ea-40be2d12cade"></a>
                        <table class="proplist">
                            <tr><th>Test case:</th><td><b>test_vista_chatter_fields[.//field[@name=&#34;activity_ids&#34;]]</b></td></tr>
                            <tr><th>Outcome:</th><td>Skipped</td></tr>
                            <tr><th>Duration:</th><td>0.001 sec</td></tr>
                        
                        
                            <tr><th>Skipped</th><td></td></tr>
                        
                        </table>

                        
                        
                        <pre>skipped</pre>
                        

                        
                        
                        
                    </div>
                
                    <div class="test outcome outcome-skipped">
                        <a id="098c4697-2645-40fc-b122-b6b92fb35309"></a>
                        <table class="proplist">
                            <tr><th>Test case:</th><td><b>test_vista_chatter_fields[.//field[@name=&#34;message_ids&#34;]]</b></td></tr>
                            <tr><th>Outcome:</th><td>Skipped</td></tr>
                            <tr><th>Duration:</th><td>0.001 sec</td></tr>
                        
                        
                            <tr><th>Skipped</th><td></td></tr>
                        
                        </table>

                        
                        
                        <pre>skipped</pre>
                        

                        
                        
                        
                    </div>
                
                    <div class="test outcome outcome-skipped">
                        <a id="6a7a43ea-1ada-4f7c-8827-a126fe786d2b"></a>
                        <table class="proplist">
                            <tr><th>Test case:</th><td><b>test_vista_chatter_fields[.//field[@widget=&#34;mail_followers&#34;]]</b></td></tr>
                            <tr><th>Outcome:</th><td>Skipped</td></tr>
                            <tr><th>Duration:</th><td>0.001 sec</td></tr>
                        
                        
                            <tr><th>Skipped</th><td></td></tr>
                        
                        </table>

                        
                        
                        <pre>skipped</pre>
                        

                        
                        
                        
                    </div>
                
                    <div class="test outcome outcome-skipped">
                        <a id="5a36e4bf-8d04-49a9-b1c5-ac649c319dc9"></a>
                        <table class="proplist">
                            <tr><th>Test case:</th><td><b>test_vista_chatter_fields[.//field[@widget=&#34;mail_thread&#34;]]</b></td></tr>
                            <tr><th>Outcome:</th><td>Skipped</td></tr>
                            <tr><th>Duration:</th><td>0.001 sec</td></tr>
                        
                        
                            <tr><th>Skipped</th><td></td></tr>
                        
                        </table>

                        
                        
                        <pre>skipped</pre>
                        

                        
                        
                        
                    </div>
                
                    <div class="test outcome outcome-skipped">
                        <a id="1768a585-fd05-4cfb-bd93-2ddb7e40ac16"></a>
                        <table class="proplist">
                            <tr><th>Test case:</th><td><b>test_vista_chatter_fields[.//field[@widget=&#34;mail_activity&#34;]]</b></td></tr>
                            <tr><th>Outcome:</th><td>Skipped</td></tr>
                            <tr><th>Duration:</th><td>4.892 sec</td></tr>
                        
                        
                            <tr><th>Skipped</th><td></td></tr>
                        
                        </table>

                        
                        
                        <pre>skipped</pre>
                        

                        
                        
                        
                    </div>
                
                </div>
            </div>
            
        </div>
    </div>
    



<p class="footer">
    Generated by junit2html
</p>
</body>
</html>