<!DOCTYPE html>
<html lang="en">
<head>
    <meta charset="UTF-8">
    <title>jmm_gestion_restaurantes-pytest.xml</title>
    <style type="text/css">
        body {
    background-color: white;
    padding-bottom: 20em;
    margin: 0;
    min-height: 15cm;
}

h1, h2, h3, h4, h5, h6, h7 {
    font-family: sans-serif;
}

h1 {
    background-color: #007acc;
    color: white;
    padding: 3mm;
    margin-top: 0;
    margin-bottom: 1mm;
}

.footer {
    font-style: italic;
    font-size: small;
    text-align: right;
    padding: 1em;
}

.testsuite {
    padding-bottom: 2em;
    margin-left: 1em;
}

.proplist {
    width: 100%;
    margin-bottom: 2em;
    border-collapse: collapse;
    border: 1px solid grey;
}

.proplist th {
    background-color: silver;
    width: 5em;
    padding: 2px;
    padding-right: 1em;
    text-align: left;
}

.proplist td {
    padding: 2px;
}

.index-table {
    width: 90%;
    margin-left: 1em;
}

.index-table td {
    vertical-align: top;
    max-width: 200px;
    word-wrap: break-word;
}

.failure-index {

}

.toc {
    margin-bottom: 2em;
    font-family: monospace;
}

.stdio, pre {
    min-height: 1em;
    background-color: #1e1e1e;
    color: silver;
    padding: 0.5em;
}
.tdpre {
    background-color: #1e1e1e;
}

.test {
    margin-left: 0.5cm;
}

.outcome {
    border-left: 1em;
    padding: 2px;
}

.outcome-failed {
    border-left: 1em solid lightcoral;
}

.outcome-passed {
    border-left: 1em solid lightgreen;
}

.outcome-skipped {
    border-left: 1em dotted silver;
}

.stats-table {
}

.stats-table td {
    min-width: 4em;
    text-align: right;
}

.stats-table .failed {
    background-color: lightcoral;
}

.stats-table .passed {
    background-color: lightgreen;
}

.matrix-table {
    table-layout: fixed;
    border-spacing: 0;
    width: available;
    margin-left: 1em;
}

.matrix-table td {
    vertical-align: center;
}

.matrix-table td:last-child {
    width: 0;
}

.matrix-table tr:hover {
    background-color: yellow;
}

.matrix-axis-name {
    white-space: nowrap;
    padding-right: 0.5em;
    border-left: 1px solid black;
    border-top: 1px solid black;
    text-align: right;
}

.matrix-axis-line {
    border-left: 1px solid black;
    width: 0.5em;
}

.matrix-classname {
    text-align: left;
    width: 100%;
    border-top: 2px solid grey;
    border-bottom: 1px solid silver;
}

.matrix-casename {
    text-align: left;
    font-weight: normal;
    font-style: italic;
    padding-left: 1em;
    border-bottom: 1px solid silver;
}

.matrix-result {
    display: block;
    width: 1em;
    text-align: center;
    padding: 1mm;
    margin: 0;
}

.matrix-result-combined {
    white-space: nowrap;
    padding-right: 0.2em;
    text-align: right;
}

.matrix-result-failed {
    background-color: lightcoral;
}

.matrix-result-passed {
    background-color: lightgreen;
}

.matrix-result-skipped {
    background-color: lightyellow;
}

.matrix-even {
    background-color: lightgray;
}
    </style>
</head>
<body>
    
<h1>
    Test Report : jmm_gestion_restaurantes-pytest.xml
</h1>
<a id="toc"></a>
<table class="index-table">
    <tr>
        <td>
            <ul class="toc">
            
                
                <li>test_minimal_requirements.TestRNF1
                <ul>
                    
                    <li><a href="#cc94722a-09d2-49c9-90ad-4c614fa27e3f">test_app_tiene_al_menos_4_modelos</a></li>
                    
                    <li><a href="#0da12485-25b9-42dc-ab72-3323e181ee68">test_modelos_en_ficheros_individuales</a></li>
                    
                </ul>
                </li>
                
                <li>test_minimal_requirements.TestRNF2
                <ul>
                    
                    <li><a href="#a095bfc3-2c59-4482-97ff-ed911f681d4a">test_relacion_many2many</a></li>
                    
                    <li><a href="#ba53ccd5-d3af-4576-8f51-2f4c97880837">test_modelos_tienen_algun_campo_relacion[one2many]</a></li>
                    
                    <li><a href="#b10edf9d-b47e-41b8-9cdd-a55f70c69e0b">test_modelos_tienen_algun_campo_relacion[many2one]</a></li>
                    
                    <li><a href="#92398e8a-abad-403c-96b4-590842d375e7">test_unknown_comodel_name</a></li>
                    
                </ul>
                </li>
                
                <li>test_minimal_requirements.TestRNF3
                <ul>
                    
                    <li><a href="#3f35f12a-3b70-4a53-8120-00ad40e4980c">test_modelos_tienen_vista[tree]</a></li>
                    
                    <li><a href="#3423672c-3c95-462b-9028-6739b0fd671a">test_modelos_tienen_vista[form]</a></li>
                    
                    <li><a href="#b7e44a62-b34e-42f9-be12-8bb2eb8501f8">test_formularios_tienen_vista_anidada_para_campos_X2many[one2many]</a></li>
                    
                    <li><a href="#c26d3522-3546-4a0f-aabd-fbb05b7010dd">test_formularios_tienen_vista_anidada_para_campos_X2many[many2many]</a></li>
                    
                </ul>
                </li>
                
                <li>test_minimal_requirements.TestRNF4
                <ul>
                    
                    <li><a href="#e9158b80-2b5c-410e-81d7-dbeb5cc9be51">test_vistas_en_ficheros_individuales</a></li>
                    
                </ul>
                </li>
                
                <li>test_minimal_requirements.TestRNF5
                <ul>
                    
                    <li><a href="#a7aa3176-5d0d-4652-b302-7f63567a1297">test_modelos_tienen_algun_posible_campo_imagen</a></li>
                    
                    <li><a href="#642d6bb8-816b-448b-9be3-d873ed7fe7e6">test_alguna_vista_tiene_campo_imagen</a></li>
                    
                </ul>
                </li>
                
                <li>test_minimal_requirements.TestRNF6
                <ul>
                    
                    <li><a href="#9b3fa7aa-d697-4d00-a036-208fed192640">test_modelos_tienen_acciones</a></li>
                    
                    <li><a href="#838e1b8a-0c93-4967-a0d3-2e65b2199b71">test_hay_elementos_de_menu[.//menuitem[@action]]</a></li>
                    
                </ul>
                </li>
                
                <li>test_minimal_requirements.TestRNF7
                <ul>
                    
                    <li><a href="#014994ab-5e11-4115-babc-9e1d18b6632c">test_modelos_tienen_permisos</a></li>
                    
                </ul>
                </li>
                
                <li>test_minimal_requirements.TestRNF8
                <ul>
                    
                    <li><a href="#aa46c201-fddd-45b1-99bd-92b4271fe1e6">test_app_tiene_icono</a></li>
                    
                </ul>
                </li>
                
                <li>test_minimal_requirements.TestRNF9
                <ul>
                    
                    <li><a href="#cc583dd1-806f-40a4-a380-8c0918af717e">test_modelos_tienen_datos_demo</a></li>
                    
                </ul>
                </li>
                
                <li>test_minimal_requirements.TestRNFGit
                <ul>
                    
                    <li><a href="#6e4aeee3-0108-4e21-bc22-1cd6dc9a3c57">test_git_commit_frecuentes</a></li>
                    
                </ul>
                </li>
                
                <li>test_minimal_requirements.TestRNFCalidad
                <ul>
                    
                    <li><a href="#9b3dd4a3-6c0a-4b0a-bd7b-4e189b49dd0b">test_odoo_disponible</a></li>
                    
                    <li><a href="#11d1eeb5-5a18-498d-a024-f7ca583bb543">test_app_instalada</a></li>
                    
                    <li><a href="#55a8ae2f-64f0-4386-bf57-4ea8b19d89de">test_otras_apps_entregadas_son_dependencias</a></li>
                    
                    <li><a href="#afc2b6de-d945-46e7-99b9-e0950ff48054">test_no_hay_elementos_xml_comentados</a></li>
                    
                    <li><a href="#0dcd666b-3093-4ad9-9b8d-7defd758bba9">test_no_hay_codigo_python_comentado</a></li>
                    
                    <li><a href="#98d17b64-7892-442b-8fc1-cf2440037152">test_log_servidor_sin_errores</a></li>
                    
                </ul>
                </li>
                
                <li>test_minimal_requirements.TestOtros
                <ul>
                    
                    <li><a href="#40d060e7-8e46-40fc-907e-57897728e570">test_log_sin_warnings</a>[s]</li>
                    
                </ul>
                </li>
                
                <li>test_minimal_requirements.TestRNFAdicionalesKanban
                <ul>
                    
                    <li><a href="#88e30725-bbc5-472c-9b34-60f15f2826f0">test_vista_kanban[/kanban]</a>[s]</li>
                    
                    <li><a href="#781c8f18-6c08-42bf-aa2d-c8196e305cbc">test_vista_kanban[/kanban[@default_group_by]]</a>[s]</li>
                    
                    <li><a href="#e9dc89bb-9a1e-40cb-acec-66c977811c3f">test_vista_kanban_imagen[/img]</a>[s]</li>
                    
                    <li><a href="#7212d551-304f-4034-919d-afebabe714b8">test_vista_kanban_imagen[/field[@preview_image]]</a>[s]</li>
                    
                    <li><a href="#59b6faa7-71d2-4c65-b7a2-7bf8595303a6">test_vista_kanban_imagen[/field[@widget=&#34;image&#34;]]</a>[s]</li>
                    
                </ul>
                </li>
                
                <li>test_minimal_requirements.TestRNFAdicionalesBusqueda
                <ul>
                    
                    <li><a href="#d465aeeb-2f6f-4bb8-84c4-5fc7c50d6ff2">test_vista_search[/search]</a>[s]</li>
                    
                    <li><a href="#4099cc66-8b06-4118-9196-f067ec10fefb">test_vista_search_compleja[/filter[@domain]]</a>[s]</li>
                    
                    <li><a href="#50cc5101-d22c-44de-ac37-842bab20dfcd">test_vista_search_compleja[/group//filter[@context]]</a>[s]</li>
                    
                </ul>
                </li>
                
                <li>test_minimal_requirements.TestRNFAdicionalesOtrasVistas
                <ul>
                    
                    <li><a href="#ece3e7bc-7fd8-4e1a-80b2-c13755cf6003">test_otras_vistas_adicionales[activity]</a>[s]</li>
                    
                    <li><a href="#3482b3ac-1d1c-4e77-b3e3-4ec9f3406060">test_otras_vistas_adicionales[calendar]</a>[s]</li>
                    
                    <li><a href="#fdd04cef-b08b-49be-887f-96fba57f6d07">test_otras_vistas_adicionales[graph]</a>[s]</li>
                    
                    <li><a href="#97271dd5-b8e7-4453-b89a-74af87e677cb">test_otras_vistas_adicionales[pivot]</a>[s]</li>
                    
                </ul>
                </li>
                
                <li>test_minimal_requirements.TestRNFAdicionalesConstraints
                <ul>
                    
                    <li><a href="#06f63c5e-5303-4e9a-89e4-3fdd881260a7">test_constraints_sql</a>[s]</li>
                    
                </ul>
                </li>
                
                <li>test_minimal_requirements.TestRNFAdicionalesSeguridadAvanzada
                <ul>
                    
                    <li><a href="#f1845e3b-a2e2-4969-9a14-27926d6d3c76">test_seguridad_con_grupos_propios</a>[s]</li>
                    
                </ul>
                </li>
                
                <li>test_minimal_requirements.TestRNFAdicionalesDatosAvanzados
                <ul>
                    
                    <li><a href="#6202aae3-764b-45cb-a094-8c7af9a74d89">test_datos_maestros_o_demo_avanzados[binary]</a>[s]</li>
                    
                    <li><a href="#82fc9ca7-bfed-429c-b727-38d1ba0f0db9">test_datos_maestros_o_demo_avanzados[many2many]</a>[s]</li>
                    
                    <li><a href="#36c64cff-9b89-4606-ba21-a681121530ac">test_datos_maestros_o_demo_avanzados[many2one]</a>[s]</li>
                    
                </ul>
                </li>
                
                <li>test_minimal_requirements.TestRNFAdicionalesHerenciaVistas
                <ul>
                    
                    <li><a href="#2fd4f3c9-c990-46f8-8b35-dd2a3e39863a">test_herencia_en_vistas_con_position</a>[s]</li>
                    
                    <li><a href="#daaed054-ab5f-4934-9bce-873b5d2b8a6a">test_herencia_en_vistas_con_inherit_id</a>[s]</li>
                    
                </ul>
                </li>
                
                <li>test_minimal_requirements.TestRNFAdicionalesHerenciaModelos
                <ul>
                    
                    <li><a href="#32c4aff9-d7c9-4d0c-bb36-7f2054fb0601">test_modelos_existentes_modificados_por_herencia</a>[s]</li>
                    
                    <li><a href="#0a1cae5e-94ec-44df-bd1c-057615d12022">test_nuevos_modelos_con_herencia</a>[s]</li>
                    
                </ul>
                </li>
                
                <li>test_minimal_requirements.TestRNFAdicionalesTraducciones
                <ul>
                    
                    <li><a href="#a30edde8-6d5a-4abf-b1fc-d01bb33338e8">test_i18n</a>[s]</li>
                    
                </ul>
                </li>
                
                <li>test_minimal_requirements.TestRNFAdicionalesInformes
                <ul>
                    
                    <li><a href="#d4aa97ca-e66f-4171-9e57-8cf901a9d5f0">test_informes[report]</a>[s]</li>
                    
                    <li><a href="#f50edefe-87fd-4ab7-9c62-19fa227daff3">test_informes[template]</a>[s]</li>
                    
                    <li><a href="#0f35d829-2643-4b5c-85bc-d8b842320797">test_informes_complejos[/t[@t-foreach]]</a>[s]</li>
                    
                    <li><a href="#a6fbbe2a-d644-48da-b1a2-935cde011ad9">test_informes_complejos[/img[@t-att-src]]</a>[s]</li>
                    
                    <li><a href="#1bffd2c3-3edb-4c39-919e-e4816fa65464">test_informes_complejos[/t[@t-call and not(@t-call=&#34;web.external_layout&#34; or @t-call=&#34;web.html_container&#34;)]]</a>[s]</li>
                    
                </ul>
                </li>
                
                <li>test_minimal_requirements.TestRNFAdicionalesChatter
                <ul>
                    
                    <li><a href="#d619d1a6-0473-4c2a-8eb2-a70b0bb90f08">test_chatter[mail_thread]</a>[s]</li>
                    
                    <li><a href="#60497c03-265b-466f-82be-2e8bf8429eda">test_chatter[mail_activity_mixin]</a>[s]</li>
                    
                    <li><a href="#39e9acca-7981-4edb-ae0d-423ba670a6b6">test_chatter_tracking</a>[s]</li>
                    
                    <li><a href="#36b143ec-9a5f-426c-b846-fecc586d91db">test_vista_chatter_div</a>[s]</li>
                    
                    <li><a href="#c80eb768-b4e7-480e-8122-d27ab5a88576">test_vista_chatter_fields[.//field[@name=&#34;message_follower_ids&#34;]]</a>[s]</li>
                    
                    <li><a href="#00888c26-040e-4a8c-91b2-4d0a5764cee1">test_vista_chatter_fields[.//field[@name=&#34;activity_ids&#34;]]</a>[s]</li>
                    
                    <li><a href="#8fc61816-62f2-4584-8718-458fe65f42d9">test_vista_chatter_fields[.//field[@name=&#34;message_ids&#34;]]</a>[s]</li>
                    
                    <li><a href="#1659968e-27d3-4299-873a-095db86044d6">test_vista_chatter_fields[.//field[@widget=&#34;mail_followers&#34;]]</a>[s]</li>
                    
                    <li><a href="#33d31ab5-8bdd-48cc-97c5-19c70eb67b33">test_vista_chatter_fields[.//field[@widget=&#34;mail_thread&#34;]]</a>[s]</li>
                    
                    <li><a href="#22c0354f-399c-4921-aa6e-2fa43172a6e2">test_vista_chatter_fields[.//field[@widget=&#34;mail_activity&#34;]]</a>[s]</li>
                    
                </ul>
                </li>
                
            
            </ul>
        </td>
        <td class="failure-index">
            <ul class="toc">
            
                
                    
                    
                    <li><a href="#cc94722a-09d2-49c9-90ad-4c614fa27e3f">[F] test_minimal_requirements.TestRNF1 : test_app_tiene_al_menos_4_modelos</a></li>
                    
                    
                    
                    <li><a href="#0da12485-25b9-42dc-ab72-3323e181ee68">[F] test_minimal_requirements.TestRNF1 : test_modelos_en_ficheros_individuales</a></li>
                    
                    
                
                    
                    
                    <li><a href="#a095bfc3-2c59-4482-97ff-ed911f681d4a">[F] test_minimal_requirements.TestRNF2 : test_relacion_many2many</a></li>
                    
                    
                    
                    <li><a href="#ba53ccd5-d3af-4576-8f51-2f4c97880837">[F] test_minimal_requirements.TestRNF2 : test_modelos_tienen_algun_campo_relacion[one2many]</a></li>
                    
                    
                    
                    <li><a href="#b10edf9d-b47e-41b8-9cdd-a55f70c69e0b">[F] test_minimal_requirements.TestRNF2 : test_modelos_tienen_algun_campo_relacion[many2one]</a></li>
                    
                    
                    
                    <li><a href="#92398e8a-abad-403c-96b4-590842d375e7">[F] test_minimal_requirements.TestRNF2 : test_unknown_comodel_name</a></li>
                    
                    
                
                    
                    
                    <li><a href="#3f35f12a-3b70-4a53-8120-00ad40e4980c">[F] test_minimal_requirements.TestRNF3 : test_modelos_tienen_vista[tree]</a></li>
                    
                    
                    
                    <li><a href="#3423672c-3c95-462b-9028-6739b0fd671a">[F] test_minimal_requirements.TestRNF3 : test_modelos_tienen_vista[form]</a></li>
                    
                    
                    
                    <li><a href="#b7e44a62-b34e-42f9-be12-8bb2eb8501f8">[F] test_minimal_requirements.TestRNF3 : test_formularios_tienen_vista_anidada_para_campos_X2many[one2many]</a></li>
                    
                    
                    
                    <li><a href="#c26d3522-3546-4a0f-aabd-fbb05b7010dd">[F] test_minimal_requirements.TestRNF3 : test_formularios_tienen_vista_anidada_para_campos_X2many[many2many]</a></li>
                    
                    
                
                    
                    
                    <li><a href="#e9158b80-2b5c-410e-81d7-dbeb5cc9be51">[F] test_minimal_requirements.TestRNF4 : test_vistas_en_ficheros_individuales</a></li>
                    
                    
                
                    
                    
                    <li><a href="#a7aa3176-5d0d-4652-b302-7f63567a1297">[F] test_minimal_requirements.TestRNF5 : test_modelos_tienen_algun_posible_campo_imagen</a></li>
                    
                    
                    
                    <li><a href="#642d6bb8-816b-448b-9be3-d873ed7fe7e6">[F] test_minimal_requirements.TestRNF5 : test_alguna_vista_tiene_campo_imagen</a></li>
                    
                    
                
                    
                    
                    <li><a href="#9b3fa7aa-d697-4d00-a036-208fed192640">[F] test_minimal_requirements.TestRNF6 : test_modelos_tienen_acciones</a></li>
                    
                    
                    
                    <li><a href="#838e1b8a-0c93-4967-a0d3-2e65b2199b71">[F] test_minimal_requirements.TestRNF6 : test_hay_elementos_de_menu[.//menuitem[@action]]</a></li>
                    
                    
                
                    
                    
                    <li><a href="#014994ab-5e11-4115-babc-9e1d18b6632c">[F] test_minimal_requirements.TestRNF7 : test_modelos_tienen_permisos</a></li>
                    
                    
                
                    
                    
                    <li><a href="#aa46c201-fddd-45b1-99bd-92b4271fe1e6">[F] test_minimal_requirements.TestRNF8 : test_app_tiene_icono</a></li>
                    
                    
                
                    
                    
                    <li><a href="#cc583dd1-806f-40a4-a380-8c0918af717e">[F] test_minimal_requirements.TestRNF9 : test_modelos_tienen_datos_demo</a></li>
                    
                    
                
                    
                    
                    <li><a href="#6e4aeee3-0108-4e21-bc22-1cd6dc9a3c57">[F] test_minimal_requirements.TestRNFGit : test_git_commit_frecuentes</a></li>
                    
                    
                
                    
                    
                    <li><a href="#9b3dd4a3-6c0a-4b0a-bd7b-4e189b49dd0b">[F] test_minimal_requirements.TestRNFCalidad : test_odoo_disponible</a></li>
                    
                    
                    
                    <li><a href="#11d1eeb5-5a18-498d-a024-f7ca583bb543">[F] test_minimal_requirements.TestRNFCalidad : test_app_instalada</a></li>
                    
                    
                    
                    <li><a href="#55a8ae2f-64f0-4386-bf57-4ea8b19d89de">[F] test_minimal_requirements.TestRNFCalidad : test_otras_apps_entregadas_son_dependencias</a></li>
                    
                    
                    
                    <li><a href="#afc2b6de-d945-46e7-99b9-e0950ff48054">[F] test_minimal_requirements.TestRNFCalidad : test_no_hay_elementos_xml_comentados</a></li>
                    
                    
                    
                    <li><a href="#0dcd666b-3093-4ad9-9b8d-7defd758bba9">[F] test_minimal_requirements.TestRNFCalidad : test_no_hay_codigo_python_comentado</a></li>
                    
                    
                    
                    <li><a href="#98d17b64-7892-442b-8fc1-cf2440037152">[F] test_minimal_requirements.TestRNFCalidad : test_log_servidor_sin_errores</a></li>
                    
                    
                
                    
                    
                    
                
                    
                    
                    
                    
                    
                    
                    
                    
                    
                    
                    
                
                    
                    
                    
                    
                    
                    
                    
                
                    
                    
                    
                    
                    
                    
                    
                    
                    
                
                    
                    
                    
                
                    
                    
                    
                
                    
                    
                    
                    
                    
                    
                    
                
                    
                    
                    
                    
                    
                
                    
                    
                    
                    
                    
                
                    
                    
                    
                
                    
                    
                    
                    
                    
                    
                    
                    
                    
                    
                    
                
                    
                    
                    
                    
                    
                    
                    
                    
                    
                    
                    
                    
                    
                    
                    
                    
                    
                    
                    
                    
                    
                
            
            </ul>
        </td>
    </tr>
</table>


    <div class="testsuite">
        <h2>Test Suite: pytest</h2>
        <a id="04efedac-ad82-4d3f-b674-1f6ff810b39a"></a>
        
        
        <h3>Results</h3>
        <table class="proplist">
            <tr>
                <th>Duration</th><td>71.085 sec</td>
            </tr>
            <tr>
                <th>Tests</th><td>63</td>
            </tr>
            <tr>
                <th>Failures</th><td>25</td>
            </tr>
        </table>

        <div class="testclasses">
            <h3>Tests</h3>
            
            <div class="testclass">
                <h4>test_minimal_requirements.TestRNF1</h4>
                <div class="testcases">
                
                    <div class="test outcome outcome-failed">
                        <a id="cc94722a-09d2-49c9-90ad-4c614fa27e3f"></a>
                        <table class="proplist">
                            <tr><th>Test case:</th><td><b>test_app_tiene_al_menos_4_modelos</b></td></tr>
                            <tr><th>Outcome:</th><td>Failed</td></tr>
                            <tr><th>Duration:</th><td>65.204 sec</td></tr>
                        
                            <tr><th>Failed</th><td>failed on setup with &#34;Exception: Timeout reached while waiting on service!&#34;</td></tr>
                        
                        
                        </table>

                        
                        <pre>docker_ip = &#39;127.0.0.1&#39;
docker_services = Services(_docker_compose=DockerComposeExecutor(_compose_command=&#39;docker compose&#39;, _compose_files=[&#39;/home/madrid/Escrit...-project-tester/projects/docker-compose.yml&#39;], _compose_project_name=&#39;pytest524055&#39;), _services={&#39;odoo&#39;: {8069: 8069}})

    @pytest.fixture(scope=&#34;session&#34;)
    def http_service(docker_ip, docker_services):
        &#34;&#34;&#34;Se asegura de que el servicio HTTP responde.&#34;&#34;&#34;
    
        # `port_for` takes a container port and returns the corresponding host port
        port = docker_services.port_for(&#34;odoo&#34;, 8069)
        url = f&#34;http://{docker_ip}:{port}&#34;
&gt;       docker_services.wait_until_responsive(
            timeout=60.0, pause=10, check=lambda: is_responsive(url)
        )

test_minimal_requirements.py:208: 
_ _ _ _ _ _ _ _ _ _ _ _ _ _ _ _ _ _ _ _ _ _ _ _ _ _ _ _ _ _ _ _ _ _ _ _ _ _ _ _ 

self = Services(_docker_compose=DockerComposeExecutor(_compose_command=&#39;docker compose&#39;, _compose_files=[&#39;/home/madrid/Escrit...-project-tester/projects/docker-compose.yml&#39;], _compose_project_name=&#39;pytest524055&#39;), _services={&#39;odoo&#39;: {8069: 8069}})
check = &lt;function http_service.&lt;locals&gt;.&lt;lambda&gt; at 0x7f3117f515e0&gt;
timeout = 60.0, pause = 10, clock = &lt;built-in function perf_counter&gt;

    def wait_until_responsive(
        self,
        check: Any,
        timeout: float,
        pause: float,
        clock: Any = timeit.default_timer,
    ) -&gt; None:
        &#34;&#34;&#34;Wait until a service is responsive.&#34;&#34;&#34;
    
        ref = clock()
        now = ref
        while (now - ref) &lt; timeout:
            if check():
                return
            time.sleep(pause)
            now = clock()
    
&gt;       raise Exception(&#34;Timeout reached while waiting on service!&#34;)
E       Exception: Timeout reached while waiting on service!

.venv/lib/python3.8/site-packages/pytest_docker/plugin.py:120: Exception</pre>
                        
                        

                        
                        
                        
                    </div>
                
                    <div class="test outcome outcome-failed">
                        <a id="0da12485-25b9-42dc-ab72-3323e181ee68"></a>
                        <table class="proplist">
                            <tr><th>Test case:</th><td><b>test_modelos_en_ficheros_individuales</b></td></tr>
                            <tr><th>Outcome:</th><td>Failed</td></tr>
                            <tr><th>Duration:</th><td>0.001 sec</td></tr>
                        
                            <tr><th>Failed</th><td>failed on setup with &#34;Exception: Timeout reached while waiting on service!&#34;</td></tr>
                        
                        
                        </table>

                        
                        <pre>docker_ip = &#39;127.0.0.1&#39;
docker_services = Services(_docker_compose=DockerComposeExecutor(_compose_command=&#39;docker compose&#39;, _compose_files=[&#39;/home/madrid/Escrit...-project-tester/projects/docker-compose.yml&#39;], _compose_project_name=&#39;pytest524055&#39;), _services={&#39;odoo&#39;: {8069: 8069}})

    @pytest.fixture(scope=&#34;session&#34;)
    def http_service(docker_ip, docker_services):
        &#34;&#34;&#34;Se asegura de que el servicio HTTP responde.&#34;&#34;&#34;
    
        # `port_for` takes a container port and returns the corresponding host port
        port = docker_services.port_for(&#34;odoo&#34;, 8069)
        url = f&#34;http://{docker_ip}:{port}&#34;
&gt;       docker_services.wait_until_responsive(
            timeout=60.0, pause=10, check=lambda: is_responsive(url)
        )

test_minimal_requirements.py:208: 
_ _ _ _ _ _ _ _ _ _ _ _ _ _ _ _ _ _ _ _ _ _ _ _ _ _ _ _ _ _ _ _ _ _ _ _ _ _ _ _ 

self = Services(_docker_compose=DockerComposeExecutor(_compose_command=&#39;docker compose&#39;, _compose_files=[&#39;/home/madrid/Escrit...-project-tester/projects/docker-compose.yml&#39;], _compose_project_name=&#39;pytest524055&#39;), _services={&#39;odoo&#39;: {8069: 8069}})
check = &lt;function http_service.&lt;locals&gt;.&lt;lambda&gt; at 0x7f3117f515e0&gt;
timeout = 60.0, pause = 10, clock = &lt;built-in function perf_counter&gt;

    def wait_until_responsive(
        self,
        check: Any,
        timeout: float,
        pause: float,
        clock: Any = timeit.default_timer,
    ) -&gt; None:
        &#34;&#34;&#34;Wait until a service is responsive.&#34;&#34;&#34;
    
        ref = clock()
        now = ref
        while (now - ref) &lt; timeout:
            if check():
                return
            time.sleep(pause)
            now = clock()
    
&gt;       raise Exception(&#34;Timeout reached while waiting on service!&#34;)
E       Exception: Timeout reached while waiting on service!

.venv/lib/python3.8/site-packages/pytest_docker/plugin.py:120: Exception</pre>
                        
                        

                        
                        
                        
                    </div>
                
                </div>
            </div>
            
            <div class="testclass">
                <h4>test_minimal_requirements.TestRNF2</h4>
                <div class="testcases">
                
                    <div class="test outcome outcome-failed">
                        <a id="a095bfc3-2c59-4482-97ff-ed911f681d4a"></a>
                        <table class="proplist">
                            <tr><th>Test case:</th><td><b>test_relacion_many2many</b></td></tr>
                            <tr><th>Outcome:</th><td>Failed</td></tr>
                            <tr><th>Duration:</th><td>0.0 sec</td></tr>
                        
                            <tr><th>Failed</th><td>failed on setup with &#34;Exception: Timeout reached while waiting on service!&#34;</td></tr>
                        
                        
                        </table>

                        
                        <pre>docker_ip = &#39;127.0.0.1&#39;
docker_services = Services(_docker_compose=DockerComposeExecutor(_compose_command=&#39;docker compose&#39;, _compose_files=[&#39;/home/madrid/Escrit...-project-tester/projects/docker-compose.yml&#39;], _compose_project_name=&#39;pytest524055&#39;), _services={&#39;odoo&#39;: {8069: 8069}})

    @pytest.fixture(scope=&#34;session&#34;)
    def http_service(docker_ip, docker_services):
        &#34;&#34;&#34;Se asegura de que el servicio HTTP responde.&#34;&#34;&#34;
    
        # `port_for` takes a container port and returns the corresponding host port
        port = docker_services.port_for(&#34;odoo&#34;, 8069)
        url = f&#34;http://{docker_ip}:{port}&#34;
&gt;       docker_services.wait_until_responsive(
            timeout=60.0, pause=10, check=lambda: is_responsive(url)
        )

test_minimal_requirements.py:208: 
_ _ _ _ _ _ _ _ _ _ _ _ _ _ _ _ _ _ _ _ _ _ _ _ _ _ _ _ _ _ _ _ _ _ _ _ _ _ _ _ 

self = Services(_docker_compose=DockerComposeExecutor(_compose_command=&#39;docker compose&#39;, _compose_files=[&#39;/home/madrid/Escrit...-project-tester/projects/docker-compose.yml&#39;], _compose_project_name=&#39;pytest524055&#39;), _services={&#39;odoo&#39;: {8069: 8069}})
check = &lt;function http_service.&lt;locals&gt;.&lt;lambda&gt; at 0x7f3117f515e0&gt;
timeout = 60.0, pause = 10, clock = &lt;built-in function perf_counter&gt;

    def wait_until_responsive(
        self,
        check: Any,
        timeout: float,
        pause: float,
        clock: Any = timeit.default_timer,
    ) -&gt; None:
        &#34;&#34;&#34;Wait until a service is responsive.&#34;&#34;&#34;
    
        ref = clock()
        now = ref
        while (now - ref) &lt; timeout:
            if check():
                return
            time.sleep(pause)
            now = clock()
    
&gt;       raise Exception(&#34;Timeout reached while waiting on service!&#34;)
E       Exception: Timeout reached while waiting on service!

.venv/lib/python3.8/site-packages/pytest_docker/plugin.py:120: Exception</pre>
                        
                        

                        
                        
                        
                    </div>
                
                    <div class="test outcome outcome-failed">
                        <a id="ba53ccd5-d3af-4576-8f51-2f4c97880837"></a>
                        <table class="proplist">
                            <tr><th>Test case:</th><td><b>test_modelos_tienen_algun_campo_relacion[one2many]</b></td></tr>
                            <tr><th>Outcome:</th><td>Failed</td></tr>
                            <tr><th>Duration:</th><td>0.0 sec</td></tr>
                        
                            <tr><th>Failed</th><td>failed on setup with &#34;Exception: Timeout reached while waiting on service!&#34;</td></tr>
                        
                        
                        </table>

                        
                        <pre>docker_ip = &#39;127.0.0.1&#39;
docker_services = Services(_docker_compose=DockerComposeExecutor(_compose_command=&#39;docker compose&#39;, _compose_files=[&#39;/home/madrid/Escrit...-project-tester/projects/docker-compose.yml&#39;], _compose_project_name=&#39;pytest524055&#39;), _services={&#39;odoo&#39;: {8069: 8069}})

    @pytest.fixture(scope=&#34;session&#34;)
    def http_service(docker_ip, docker_services):
        &#34;&#34;&#34;Se asegura de que el servicio HTTP responde.&#34;&#34;&#34;
    
        # `port_for` takes a container port and returns the corresponding host port
        port = docker_services.port_for(&#34;odoo&#34;, 8069)
        url = f&#34;http://{docker_ip}:{port}&#34;
&gt;       docker_services.wait_until_responsive(
            timeout=60.0, pause=10, check=lambda: is_responsive(url)
        )

test_minimal_requirements.py:208: 
_ _ _ _ _ _ _ _ _ _ _ _ _ _ _ _ _ _ _ _ _ _ _ _ _ _ _ _ _ _ _ _ _ _ _ _ _ _ _ _ 

self = Services(_docker_compose=DockerComposeExecutor(_compose_command=&#39;docker compose&#39;, _compose_files=[&#39;/home/madrid/Escrit...-project-tester/projects/docker-compose.yml&#39;], _compose_project_name=&#39;pytest524055&#39;), _services={&#39;odoo&#39;: {8069: 8069}})
check = &lt;function http_service.&lt;locals&gt;.&lt;lambda&gt; at 0x7f3117f515e0&gt;
timeout = 60.0, pause = 10, clock = &lt;built-in function perf_counter&gt;

    def wait_until_responsive(
        self,
        check: Any,
        timeout: float,
        pause: float,
        clock: Any = timeit.default_timer,
    ) -&gt; None:
        &#34;&#34;&#34;Wait until a service is responsive.&#34;&#34;&#34;
    
        ref = clock()
        now = ref
        while (now - ref) &lt; timeout:
            if check():
                return
            time.sleep(pause)
            now = clock()
    
&gt;       raise Exception(&#34;Timeout reached while waiting on service!&#34;)
E       Exception: Timeout reached while waiting on service!

.venv/lib/python3.8/site-packages/pytest_docker/plugin.py:120: Exception</pre>
                        
                        

                        
                        
                        
                    </div>
                
                    <div class="test outcome outcome-failed">
                        <a id="b10edf9d-b47e-41b8-9cdd-a55f70c69e0b"></a>
                        <table class="proplist">
                            <tr><th>Test case:</th><td><b>test_modelos_tienen_algun_campo_relacion[many2one]</b></td></tr>
                            <tr><th>Outcome:</th><td>Failed</td></tr>
                            <tr><th>Duration:</th><td>0.0 sec</td></tr>
                        
                            <tr><th>Failed</th><td>failed on setup with &#34;Exception: Timeout reached while waiting on service!&#34;</td></tr>
                        
                        
                        </table>

                        
                        <pre>docker_ip = &#39;127.0.0.1&#39;
docker_services = Services(_docker_compose=DockerComposeExecutor(_compose_command=&#39;docker compose&#39;, _compose_files=[&#39;/home/madrid/Escrit...-project-tester/projects/docker-compose.yml&#39;], _compose_project_name=&#39;pytest524055&#39;), _services={&#39;odoo&#39;: {8069: 8069}})

    @pytest.fixture(scope=&#34;session&#34;)
    def http_service(docker_ip, docker_services):
        &#34;&#34;&#34;Se asegura de que el servicio HTTP responde.&#34;&#34;&#34;
    
        # `port_for` takes a container port and returns the corresponding host port
        port = docker_services.port_for(&#34;odoo&#34;, 8069)
        url = f&#34;http://{docker_ip}:{port}&#34;
&gt;       docker_services.wait_until_responsive(
            timeout=60.0, pause=10, check=lambda: is_responsive(url)
        )

test_minimal_requirements.py:208: 
_ _ _ _ _ _ _ _ _ _ _ _ _ _ _ _ _ _ _ _ _ _ _ _ _ _ _ _ _ _ _ _ _ _ _ _ _ _ _ _ 

self = Services(_docker_compose=DockerComposeExecutor(_compose_command=&#39;docker compose&#39;, _compose_files=[&#39;/home/madrid/Escrit...-project-tester/projects/docker-compose.yml&#39;], _compose_project_name=&#39;pytest524055&#39;), _services={&#39;odoo&#39;: {8069: 8069}})
check = &lt;function http_service.&lt;locals&gt;.&lt;lambda&gt; at 0x7f3117f515e0&gt;
timeout = 60.0, pause = 10, clock = &lt;built-in function perf_counter&gt;

    def wait_until_responsive(
        self,
        check: Any,
        timeout: float,
        pause: float,
        clock: Any = timeit.default_timer,
    ) -&gt; None:
        &#34;&#34;&#34;Wait until a service is responsive.&#34;&#34;&#34;
    
        ref = clock()
        now = ref
        while (now - ref) &lt; timeout:
            if check():
                return
            time.sleep(pause)
            now = clock()
    
&gt;       raise Exception(&#34;Timeout reached while waiting on service!&#34;)
E       Exception: Timeout reached while waiting on service!

.venv/lib/python3.8/site-packages/pytest_docker/plugin.py:120: Exception</pre>
                        
                        

                        
                        
                        
                    </div>
                
                    <div class="test outcome outcome-failed">
                        <a id="92398e8a-abad-403c-96b4-590842d375e7"></a>
                        <table class="proplist">
                            <tr><th>Test case:</th><td><b>test_unknown_comodel_name</b></td></tr>
                            <tr><th>Outcome:</th><td>Failed</td></tr>
                            <tr><th>Duration:</th><td>0.0 sec</td></tr>
                        
                            <tr><th>Failed</th><td>failed on setup with &#34;Exception: Timeout reached while waiting on service!&#34;</td></tr>
                        
                        
                        </table>

                        
                        <pre>docker_ip = &#39;127.0.0.1&#39;
docker_services = Services(_docker_compose=DockerComposeExecutor(_compose_command=&#39;docker compose&#39;, _compose_files=[&#39;/home/madrid/Escrit...-project-tester/projects/docker-compose.yml&#39;], _compose_project_name=&#39;pytest524055&#39;), _services={&#39;odoo&#39;: {8069: 8069}})

    @pytest.fixture(scope=&#34;session&#34;)
    def http_service(docker_ip, docker_services):
        &#34;&#34;&#34;Se asegura de que el servicio HTTP responde.&#34;&#34;&#34;
    
        # `port_for` takes a container port and returns the corresponding host port
        port = docker_services.port_for(&#34;odoo&#34;, 8069)
        url = f&#34;http://{docker_ip}:{port}&#34;
&gt;       docker_services.wait_until_responsive(
            timeout=60.0, pause=10, check=lambda: is_responsive(url)
        )

test_minimal_requirements.py:208: 
_ _ _ _ _ _ _ _ _ _ _ _ _ _ _ _ _ _ _ _ _ _ _ _ _ _ _ _ _ _ _ _ _ _ _ _ _ _ _ _ 

self = Services(_docker_compose=DockerComposeExecutor(_compose_command=&#39;docker compose&#39;, _compose_files=[&#39;/home/madrid/Escrit...-project-tester/projects/docker-compose.yml&#39;], _compose_project_name=&#39;pytest524055&#39;), _services={&#39;odoo&#39;: {8069: 8069}})
check = &lt;function http_service.&lt;locals&gt;.&lt;lambda&gt; at 0x7f3117f515e0&gt;
timeout = 60.0, pause = 10, clock = &lt;built-in function perf_counter&gt;

    def wait_until_responsive(
        self,
        check: Any,
        timeout: float,
        pause: float,
        clock: Any = timeit.default_timer,
    ) -&gt; None:
        &#34;&#34;&#34;Wait until a service is responsive.&#34;&#34;&#34;
    
        ref = clock()
        now = ref
        while (now - ref) &lt; timeout:
            if check():
                return
            time.sleep(pause)
            now = clock()
    
&gt;       raise Exception(&#34;Timeout reached while waiting on service!&#34;)
E       Exception: Timeout reached while waiting on service!

.venv/lib/python3.8/site-packages/pytest_docker/plugin.py:120: Exception</pre>
                        
                        

                        
                        
                        
                    </div>
                
                </div>
            </div>
            
            <div class="testclass">
                <h4>test_minimal_requirements.TestRNF3</h4>
                <div class="testcases">
                
                    <div class="test outcome outcome-failed">
                        <a id="3f35f12a-3b70-4a53-8120-00ad40e4980c"></a>
                        <table class="proplist">
                            <tr><th>Test case:</th><td><b>test_modelos_tienen_vista[tree]</b></td></tr>
                            <tr><th>Outcome:</th><td>Failed</td></tr>
                            <tr><th>Duration:</th><td>0.0 sec</td></tr>
                        
                            <tr><th>Failed</th><td>failed on setup with &#34;Exception: Timeout reached while waiting on service!&#34;</td></tr>
                        
                        
                        </table>

                        
                        <pre>docker_ip = &#39;127.0.0.1&#39;
docker_services = Services(_docker_compose=DockerComposeExecutor(_compose_command=&#39;docker compose&#39;, _compose_files=[&#39;/home/madrid/Escrit...-project-tester/projects/docker-compose.yml&#39;], _compose_project_name=&#39;pytest524055&#39;), _services={&#39;odoo&#39;: {8069: 8069}})

    @pytest.fixture(scope=&#34;session&#34;)
    def http_service(docker_ip, docker_services):
        &#34;&#34;&#34;Se asegura de que el servicio HTTP responde.&#34;&#34;&#34;
    
        # `port_for` takes a container port and returns the corresponding host port
        port = docker_services.port_for(&#34;odoo&#34;, 8069)
        url = f&#34;http://{docker_ip}:{port}&#34;
&gt;       docker_services.wait_until_responsive(
            timeout=60.0, pause=10, check=lambda: is_responsive(url)
        )

test_minimal_requirements.py:208: 
_ _ _ _ _ _ _ _ _ _ _ _ _ _ _ _ _ _ _ _ _ _ _ _ _ _ _ _ _ _ _ _ _ _ _ _ _ _ _ _ 

self = Services(_docker_compose=DockerComposeExecutor(_compose_command=&#39;docker compose&#39;, _compose_files=[&#39;/home/madrid/Escrit...-project-tester/projects/docker-compose.yml&#39;], _compose_project_name=&#39;pytest524055&#39;), _services={&#39;odoo&#39;: {8069: 8069}})
check = &lt;function http_service.&lt;locals&gt;.&lt;lambda&gt; at 0x7f3117f515e0&gt;
timeout = 60.0, pause = 10, clock = &lt;built-in function perf_counter&gt;

    def wait_until_responsive(
        self,
        check: Any,
        timeout: float,
        pause: float,
        clock: Any = timeit.default_timer,
    ) -&gt; None:
        &#34;&#34;&#34;Wait until a service is responsive.&#34;&#34;&#34;
    
        ref = clock()
        now = ref
        while (now - ref) &lt; timeout:
            if check():
                return
            time.sleep(pause)
            now = clock()
    
&gt;       raise Exception(&#34;Timeout reached while waiting on service!&#34;)
E       Exception: Timeout reached while waiting on service!

.venv/lib/python3.8/site-packages/pytest_docker/plugin.py:120: Exception</pre>
                        
                        

                        
                        
                        
                    </div>
                
                    <div class="test outcome outcome-failed">
                        <a id="3423672c-3c95-462b-9028-6739b0fd671a"></a>
                        <table class="proplist">
                            <tr><th>Test case:</th><td><b>test_modelos_tienen_vista[form]</b></td></tr>
                            <tr><th>Outcome:</th><td>Failed</td></tr>
                            <tr><th>Duration:</th><td>0.0 sec</td></tr>
                        
                            <tr><th>Failed</th><td>failed on setup with &#34;Exception: Timeout reached while waiting on service!&#34;</td></tr>
                        
                        
                        </table>

                        
                        <pre>docker_ip = &#39;127.0.0.1&#39;
docker_services = Services(_docker_compose=DockerComposeExecutor(_compose_command=&#39;docker compose&#39;, _compose_files=[&#39;/home/madrid/Escrit...-project-tester/projects/docker-compose.yml&#39;], _compose_project_name=&#39;pytest524055&#39;), _services={&#39;odoo&#39;: {8069: 8069}})

    @pytest.fixture(scope=&#34;session&#34;)
    def http_service(docker_ip, docker_services):
        &#34;&#34;&#34;Se asegura de que el servicio HTTP responde.&#34;&#34;&#34;
    
        # `port_for` takes a container port and returns the corresponding host port
        port = docker_services.port_for(&#34;odoo&#34;, 8069)
        url = f&#34;http://{docker_ip}:{port}&#34;
&gt;       docker_services.wait_until_responsive(
            timeout=60.0, pause=10, check=lambda: is_responsive(url)
        )

test_minimal_requirements.py:208: 
_ _ _ _ _ _ _ _ _ _ _ _ _ _ _ _ _ _ _ _ _ _ _ _ _ _ _ _ _ _ _ _ _ _ _ _ _ _ _ _ 

self = Services(_docker_compose=DockerComposeExecutor(_compose_command=&#39;docker compose&#39;, _compose_files=[&#39;/home/madrid/Escrit...-project-tester/projects/docker-compose.yml&#39;], _compose_project_name=&#39;pytest524055&#39;), _services={&#39;odoo&#39;: {8069: 8069}})
check = &lt;function http_service.&lt;locals&gt;.&lt;lambda&gt; at 0x7f3117f515e0&gt;
timeout = 60.0, pause = 10, clock = &lt;built-in function perf_counter&gt;

    def wait_until_responsive(
        self,
        check: Any,
        timeout: float,
        pause: float,
        clock: Any = timeit.default_timer,
    ) -&gt; None:
        &#34;&#34;&#34;Wait until a service is responsive.&#34;&#34;&#34;
    
        ref = clock()
        now = ref
        while (now - ref) &lt; timeout:
            if check():
                return
            time.sleep(pause)
            now = clock()
    
&gt;       raise Exception(&#34;Timeout reached while waiting on service!&#34;)
E       Exception: Timeout reached while waiting on service!

.venv/lib/python3.8/site-packages/pytest_docker/plugin.py:120: Exception</pre>
                        
                        

                        
                        
                        
                    </div>
                
                    <div class="test outcome outcome-failed">
                        <a id="b7e44a62-b34e-42f9-be12-8bb2eb8501f8"></a>
                        <table class="proplist">
                            <tr><th>Test case:</th><td><b>test_formularios_tienen_vista_anidada_para_campos_X2many[one2many]</b></td></tr>
                            <tr><th>Outcome:</th><td>Failed</td></tr>
                            <tr><th>Duration:</th><td>0.0 sec</td></tr>
                        
                            <tr><th>Failed</th><td>failed on setup with &#34;Exception: Timeout reached while waiting on service!&#34;</td></tr>
                        
                        
                        </table>

                        
                        <pre>docker_ip = &#39;127.0.0.1&#39;
docker_services = Services(_docker_compose=DockerComposeExecutor(_compose_command=&#39;docker compose&#39;, _compose_files=[&#39;/home/madrid/Escrit...-project-tester/projects/docker-compose.yml&#39;], _compose_project_name=&#39;pytest524055&#39;), _services={&#39;odoo&#39;: {8069: 8069}})

    @pytest.fixture(scope=&#34;session&#34;)
    def http_service(docker_ip, docker_services):
        &#34;&#34;&#34;Se asegura de que el servicio HTTP responde.&#34;&#34;&#34;
    
        # `port_for` takes a container port and returns the corresponding host port
        port = docker_services.port_for(&#34;odoo&#34;, 8069)
        url = f&#34;http://{docker_ip}:{port}&#34;
&gt;       docker_services.wait_until_responsive(
            timeout=60.0, pause=10, check=lambda: is_responsive(url)
        )

test_minimal_requirements.py:208: 
_ _ _ _ _ _ _ _ _ _ _ _ _ _ _ _ _ _ _ _ _ _ _ _ _ _ _ _ _ _ _ _ _ _ _ _ _ _ _ _ 

self = Services(_docker_compose=DockerComposeExecutor(_compose_command=&#39;docker compose&#39;, _compose_files=[&#39;/home/madrid/Escrit...-project-tester/projects/docker-compose.yml&#39;], _compose_project_name=&#39;pytest524055&#39;), _services={&#39;odoo&#39;: {8069: 8069}})
check = &lt;function http_service.&lt;locals&gt;.&lt;lambda&gt; at 0x7f3117f515e0&gt;
timeout = 60.0, pause = 10, clock = &lt;built-in function perf_counter&gt;

    def wait_until_responsive(
        self,
        check: Any,
        timeout: float,
        pause: float,
        clock: Any = timeit.default_timer,
    ) -&gt; None:
        &#34;&#34;&#34;Wait until a service is responsive.&#34;&#34;&#34;
    
        ref = clock()
        now = ref
        while (now - ref) &lt; timeout:
            if check():
                return
            time.sleep(pause)
            now = clock()
    
&gt;       raise Exception(&#34;Timeout reached while waiting on service!&#34;)
E       Exception: Timeout reached while waiting on service!

.venv/lib/python3.8/site-packages/pytest_docker/plugin.py:120: Exception</pre>
                        
                        

                        
                        
                        
                    </div>
                
                    <div class="test outcome outcome-failed">
                        <a id="c26d3522-3546-4a0f-aabd-fbb05b7010dd"></a>
                        <table class="proplist">
                            <tr><th>Test case:</th><td><b>test_formularios_tienen_vista_anidada_para_campos_X2many[many2many]</b></td></tr>
                            <tr><th>Outcome:</th><td>Failed</td></tr>
                            <tr><th>Duration:</th><td>0.0 sec</td></tr>
                        
                            <tr><th>Failed</th><td>failed on setup with &#34;Exception: Timeout reached while waiting on service!&#34;</td></tr>
                        
                        
                        </table>

                        
                        <pre>docker_ip = &#39;127.0.0.1&#39;
docker_services = Services(_docker_compose=DockerComposeExecutor(_compose_command=&#39;docker compose&#39;, _compose_files=[&#39;/home/madrid/Escrit...-project-tester/projects/docker-compose.yml&#39;], _compose_project_name=&#39;pytest524055&#39;), _services={&#39;odoo&#39;: {8069: 8069}})

    @pytest.fixture(scope=&#34;session&#34;)
    def http_service(docker_ip, docker_services):
        &#34;&#34;&#34;Se asegura de que el servicio HTTP responde.&#34;&#34;&#34;
    
        # `port_for` takes a container port and returns the corresponding host port
        port = docker_services.port_for(&#34;odoo&#34;, 8069)
        url = f&#34;http://{docker_ip}:{port}&#34;
&gt;       docker_services.wait_until_responsive(
            timeout=60.0, pause=10, check=lambda: is_responsive(url)
        )

test_minimal_requirements.py:208: 
_ _ _ _ _ _ _ _ _ _ _ _ _ _ _ _ _ _ _ _ _ _ _ _ _ _ _ _ _ _ _ _ _ _ _ _ _ _ _ _ 

self = Services(_docker_compose=DockerComposeExecutor(_compose_command=&#39;docker compose&#39;, _compose_files=[&#39;/home/madrid/Escrit...-project-tester/projects/docker-compose.yml&#39;], _compose_project_name=&#39;pytest524055&#39;), _services={&#39;odoo&#39;: {8069: 8069}})
check = &lt;function http_service.&lt;locals&gt;.&lt;lambda&gt; at 0x7f3117f515e0&gt;
timeout = 60.0, pause = 10, clock = &lt;built-in function perf_counter&gt;

    def wait_until_responsive(
        self,
        check: Any,
        timeout: float,
        pause: float,
        clock: Any = timeit.default_timer,
    ) -&gt; None:
        &#34;&#34;&#34;Wait until a service is responsive.&#34;&#34;&#34;
    
        ref = clock()
        now = ref
        while (now - ref) &lt; timeout:
            if check():
                return
            time.sleep(pause)
            now = clock()
    
&gt;       raise Exception(&#34;Timeout reached while waiting on service!&#34;)
E       Exception: Timeout reached while waiting on service!

.venv/lib/python3.8/site-packages/pytest_docker/plugin.py:120: Exception</pre>
                        
                        

                        
                        
                        
                    </div>
                
                </div>
            </div>
            
            <div class="testclass">
                <h4>test_minimal_requirements.TestRNF4</h4>
                <div class="testcases">
                
                    <div class="test outcome outcome-failed">
                        <a id="e9158b80-2b5c-410e-81d7-dbeb5cc9be51"></a>
                        <table class="proplist">
                            <tr><th>Test case:</th><td><b>test_vistas_en_ficheros_individuales</b></td></tr>
                            <tr><th>Outcome:</th><td>Failed</td></tr>
                            <tr><th>Duration:</th><td>0.0 sec</td></tr>
                        
                            <tr><th>Failed</th><td>failed on setup with &#34;Exception: Timeout reached while waiting on service!&#34;</td></tr>
                        
                        
                        </table>

                        
                        <pre>docker_ip = &#39;127.0.0.1&#39;
docker_services = Services(_docker_compose=DockerComposeExecutor(_compose_command=&#39;docker compose&#39;, _compose_files=[&#39;/home/madrid/Escrit...-project-tester/projects/docker-compose.yml&#39;], _compose_project_name=&#39;pytest524055&#39;), _services={&#39;odoo&#39;: {8069: 8069}})

    @pytest.fixture(scope=&#34;session&#34;)
    def http_service(docker_ip, docker_services):
        &#34;&#34;&#34;Se asegura de que el servicio HTTP responde.&#34;&#34;&#34;
    
        # `port_for` takes a container port and returns the corresponding host port
        port = docker_services.port_for(&#34;odoo&#34;, 8069)
        url = f&#34;http://{docker_ip}:{port}&#34;
&gt;       docker_services.wait_until_responsive(
            timeout=60.0, pause=10, check=lambda: is_responsive(url)
        )

test_minimal_requirements.py:208: 
_ _ _ _ _ _ _ _ _ _ _ _ _ _ _ _ _ _ _ _ _ _ _ _ _ _ _ _ _ _ _ _ _ _ _ _ _ _ _ _ 

self = Services(_docker_compose=DockerComposeExecutor(_compose_command=&#39;docker compose&#39;, _compose_files=[&#39;/home/madrid/Escrit...-project-tester/projects/docker-compose.yml&#39;], _compose_project_name=&#39;pytest524055&#39;), _services={&#39;odoo&#39;: {8069: 8069}})
check = &lt;function http_service.&lt;locals&gt;.&lt;lambda&gt; at 0x7f3117f515e0&gt;
timeout = 60.0, pause = 10, clock = &lt;built-in function perf_counter&gt;

    def wait_until_responsive(
        self,
        check: Any,
        timeout: float,
        pause: float,
        clock: Any = timeit.default_timer,
    ) -&gt; None:
        &#34;&#34;&#34;Wait until a service is responsive.&#34;&#34;&#34;
    
        ref = clock()
        now = ref
        while (now - ref) &lt; timeout:
            if check():
                return
            time.sleep(pause)
            now = clock()
    
&gt;       raise Exception(&#34;Timeout reached while waiting on service!&#34;)
E       Exception: Timeout reached while waiting on service!

.venv/lib/python3.8/site-packages/pytest_docker/plugin.py:120: Exception</pre>
                        
                        

                        
                        
                        
                    </div>
                
                </div>
            </div>
            
            <div class="testclass">
                <h4>test_minimal_requirements.TestRNF5</h4>
                <div class="testcases">
                
                    <div class="test outcome outcome-failed">
                        <a id="a7aa3176-5d0d-4652-b302-7f63567a1297"></a>
                        <table class="proplist">
                            <tr><th>Test case:</th><td><b>test_modelos_tienen_algun_posible_campo_imagen</b></td></tr>
                            <tr><th>Outcome:</th><td>Failed</td></tr>
                            <tr><th>Duration:</th><td>0.001 sec</td></tr>
                        
                            <tr><th>Failed</th><td>failed on setup with &#34;Exception: Timeout reached while waiting on service!&#34;</td></tr>
                        
                        
                        </table>

                        
                        <pre>docker_ip = &#39;127.0.0.1&#39;
docker_services = Services(_docker_compose=DockerComposeExecutor(_compose_command=&#39;docker compose&#39;, _compose_files=[&#39;/home/madrid/Escrit...-project-tester/projects/docker-compose.yml&#39;], _compose_project_name=&#39;pytest524055&#39;), _services={&#39;odoo&#39;: {8069: 8069}})

    @pytest.fixture(scope=&#34;session&#34;)
    def http_service(docker_ip, docker_services):
        &#34;&#34;&#34;Se asegura de que el servicio HTTP responde.&#34;&#34;&#34;
    
        # `port_for` takes a container port and returns the corresponding host port
        port = docker_services.port_for(&#34;odoo&#34;, 8069)
        url = f&#34;http://{docker_ip}:{port}&#34;
&gt;       docker_services.wait_until_responsive(
            timeout=60.0, pause=10, check=lambda: is_responsive(url)
        )

test_minimal_requirements.py:208: 
_ _ _ _ _ _ _ _ _ _ _ _ _ _ _ _ _ _ _ _ _ _ _ _ _ _ _ _ _ _ _ _ _ _ _ _ _ _ _ _ 

self = Services(_docker_compose=DockerComposeExecutor(_compose_command=&#39;docker compose&#39;, _compose_files=[&#39;/home/madrid/Escrit...-project-tester/projects/docker-compose.yml&#39;], _compose_project_name=&#39;pytest524055&#39;), _services={&#39;odoo&#39;: {8069: 8069}})
check = &lt;function http_service.&lt;locals&gt;.&lt;lambda&gt; at 0x7f3117f515e0&gt;
timeout = 60.0, pause = 10, clock = &lt;built-in function perf_counter&gt;

    def wait_until_responsive(
        self,
        check: Any,
        timeout: float,
        pause: float,
        clock: Any = timeit.default_timer,
    ) -&gt; None:
        &#34;&#34;&#34;Wait until a service is responsive.&#34;&#34;&#34;
    
        ref = clock()
        now = ref
        while (now - ref) &lt; timeout:
            if check():
                return
            time.sleep(pause)
            now = clock()
    
&gt;       raise Exception(&#34;Timeout reached while waiting on service!&#34;)
E       Exception: Timeout reached while waiting on service!

.venv/lib/python3.8/site-packages/pytest_docker/plugin.py:120: Exception</pre>
                        
                        

                        
                        
                        
                    </div>
                
                    <div class="test outcome outcome-failed">
                        <a id="642d6bb8-816b-448b-9be3-d873ed7fe7e6"></a>
                        <table class="proplist">
                            <tr><th>Test case:</th><td><b>test_alguna_vista_tiene_campo_imagen</b></td></tr>
                            <tr><th>Outcome:</th><td>Failed</td></tr>
                            <tr><th>Duration:</th><td>0.0 sec</td></tr>
                        
                            <tr><th>Failed</th><td>failed on setup with &#34;Exception: Timeout reached while waiting on service!&#34;</td></tr>
                        
                        
                        </table>

                        
                        <pre>docker_ip = &#39;127.0.0.1&#39;
docker_services = Services(_docker_compose=DockerComposeExecutor(_compose_command=&#39;docker compose&#39;, _compose_files=[&#39;/home/madrid/Escrit...-project-tester/projects/docker-compose.yml&#39;], _compose_project_name=&#39;pytest524055&#39;), _services={&#39;odoo&#39;: {8069: 8069}})

    @pytest.fixture(scope=&#34;session&#34;)
    def http_service(docker_ip, docker_services):
        &#34;&#34;&#34;Se asegura de que el servicio HTTP responde.&#34;&#34;&#34;
    
        # `port_for` takes a container port and returns the corresponding host port
        port = docker_services.port_for(&#34;odoo&#34;, 8069)
        url = f&#34;http://{docker_ip}:{port}&#34;
&gt;       docker_services.wait_until_responsive(
            timeout=60.0, pause=10, check=lambda: is_responsive(url)
        )

test_minimal_requirements.py:208: 
_ _ _ _ _ _ _ _ _ _ _ _ _ _ _ _ _ _ _ _ _ _ _ _ _ _ _ _ _ _ _ _ _ _ _ _ _ _ _ _ 

self = Services(_docker_compose=DockerComposeExecutor(_compose_command=&#39;docker compose&#39;, _compose_files=[&#39;/home/madrid/Escrit...-project-tester/projects/docker-compose.yml&#39;], _compose_project_name=&#39;pytest524055&#39;), _services={&#39;odoo&#39;: {8069: 8069}})
check = &lt;function http_service.&lt;locals&gt;.&lt;lambda&gt; at 0x7f3117f515e0&gt;
timeout = 60.0, pause = 10, clock = &lt;built-in function perf_counter&gt;

    def wait_until_responsive(
        self,
        check: Any,
        timeout: float,
        pause: float,
        clock: Any = timeit.default_timer,
    ) -&gt; None:
        &#34;&#34;&#34;Wait until a service is responsive.&#34;&#34;&#34;
    
        ref = clock()
        now = ref
        while (now - ref) &lt; timeout:
            if check():
                return
            time.sleep(pause)
            now = clock()
    
&gt;       raise Exception(&#34;Timeout reached while waiting on service!&#34;)
E       Exception: Timeout reached while waiting on service!

.venv/lib/python3.8/site-packages/pytest_docker/plugin.py:120: Exception</pre>
                        
                        

                        
                        
                        
                    </div>
                
                </div>
            </div>
            
            <div class="testclass">
                <h4>test_minimal_requirements.TestRNF6</h4>
                <div class="testcases">
                
                    <div class="test outcome outcome-failed">
                        <a id="9b3fa7aa-d697-4d00-a036-208fed192640"></a>
                        <table class="proplist">
                            <tr><th>Test case:</th><td><b>test_modelos_tienen_acciones</b></td></tr>
                            <tr><th>Outcome:</th><td>Failed</td></tr>
                            <tr><th>Duration:</th><td>0.0 sec</td></tr>
                        
                            <tr><th>Failed</th><td>failed on setup with &#34;Exception: Timeout reached while waiting on service!&#34;</td></tr>
                        
                        
                        </table>

                        
                        <pre>docker_ip = &#39;127.0.0.1&#39;
docker_services = Services(_docker_compose=DockerComposeExecutor(_compose_command=&#39;docker compose&#39;, _compose_files=[&#39;/home/madrid/Escrit...-project-tester/projects/docker-compose.yml&#39;], _compose_project_name=&#39;pytest524055&#39;), _services={&#39;odoo&#39;: {8069: 8069}})

    @pytest.fixture(scope=&#34;session&#34;)
    def http_service(docker_ip, docker_services):
        &#34;&#34;&#34;Se asegura de que el servicio HTTP responde.&#34;&#34;&#34;
    
        # `port_for` takes a container port and returns the corresponding host port
        port = docker_services.port_for(&#34;odoo&#34;, 8069)
        url = f&#34;http://{docker_ip}:{port}&#34;
&gt;       docker_services.wait_until_responsive(
            timeout=60.0, pause=10, check=lambda: is_responsive(url)
        )

test_minimal_requirements.py:208: 
_ _ _ _ _ _ _ _ _ _ _ _ _ _ _ _ _ _ _ _ _ _ _ _ _ _ _ _ _ _ _ _ _ _ _ _ _ _ _ _ 

self = Services(_docker_compose=DockerComposeExecutor(_compose_command=&#39;docker compose&#39;, _compose_files=[&#39;/home/madrid/Escrit...-project-tester/projects/docker-compose.yml&#39;], _compose_project_name=&#39;pytest524055&#39;), _services={&#39;odoo&#39;: {8069: 8069}})
check = &lt;function http_service.&lt;locals&gt;.&lt;lambda&gt; at 0x7f3117f515e0&gt;
timeout = 60.0, pause = 10, clock = &lt;built-in function perf_counter&gt;

    def wait_until_responsive(
        self,
        check: Any,
        timeout: float,
        pause: float,
        clock: Any = timeit.default_timer,
    ) -&gt; None:
        &#34;&#34;&#34;Wait until a service is responsive.&#34;&#34;&#34;
    
        ref = clock()
        now = ref
        while (now - ref) &lt; timeout:
            if check():
                return
            time.sleep(pause)
            now = clock()
    
&gt;       raise Exception(&#34;Timeout reached while waiting on service!&#34;)
E       Exception: Timeout reached while waiting on service!

.venv/lib/python3.8/site-packages/pytest_docker/plugin.py:120: Exception</pre>
                        
                        

                        
                        
                        
                    </div>
                
                    <div class="test outcome outcome-failed">
                        <a id="838e1b8a-0c93-4967-a0d3-2e65b2199b71"></a>
                        <table class="proplist">
                            <tr><th>Test case:</th><td><b>test_hay_elementos_de_menu[.//menuitem[@action]]</b></td></tr>
                            <tr><th>Outcome:</th><td>Failed</td></tr>
                            <tr><th>Duration:</th><td>0.0 sec</td></tr>
                        
                            <tr><th>Failed</th><td>failed on setup with &#34;Exception: Timeout reached while waiting on service!&#34;</td></tr>
                        
                        
                        </table>

                        
                        <pre>docker_ip = &#39;127.0.0.1&#39;
docker_services = Services(_docker_compose=DockerComposeExecutor(_compose_command=&#39;docker compose&#39;, _compose_files=[&#39;/home/madrid/Escrit...-project-tester/projects/docker-compose.yml&#39;], _compose_project_name=&#39;pytest524055&#39;), _services={&#39;odoo&#39;: {8069: 8069}})

    @pytest.fixture(scope=&#34;session&#34;)
    def http_service(docker_ip, docker_services):
        &#34;&#34;&#34;Se asegura de que el servicio HTTP responde.&#34;&#34;&#34;
    
        # `port_for` takes a container port and returns the corresponding host port
        port = docker_services.port_for(&#34;odoo&#34;, 8069)
        url = f&#34;http://{docker_ip}:{port}&#34;
&gt;       docker_services.wait_until_responsive(
            timeout=60.0, pause=10, check=lambda: is_responsive(url)
        )

test_minimal_requirements.py:208: 
_ _ _ _ _ _ _ _ _ _ _ _ _ _ _ _ _ _ _ _ _ _ _ _ _ _ _ _ _ _ _ _ _ _ _ _ _ _ _ _ 

self = Services(_docker_compose=DockerComposeExecutor(_compose_command=&#39;docker compose&#39;, _compose_files=[&#39;/home/madrid/Escrit...-project-tester/projects/docker-compose.yml&#39;], _compose_project_name=&#39;pytest524055&#39;), _services={&#39;odoo&#39;: {8069: 8069}})
check = &lt;function http_service.&lt;locals&gt;.&lt;lambda&gt; at 0x7f3117f515e0&gt;
timeout = 60.0, pause = 10, clock = &lt;built-in function perf_counter&gt;

    def wait_until_responsive(
        self,
        check: Any,
        timeout: float,
        pause: float,
        clock: Any = timeit.default_timer,
    ) -&gt; None:
        &#34;&#34;&#34;Wait until a service is responsive.&#34;&#34;&#34;
    
        ref = clock()
        now = ref
        while (now - ref) &lt; timeout:
            if check():
                return
            time.sleep(pause)
            now = clock()
    
&gt;       raise Exception(&#34;Timeout reached while waiting on service!&#34;)
E       Exception: Timeout reached while waiting on service!

.venv/lib/python3.8/site-packages/pytest_docker/plugin.py:120: Exception</pre>
                        
                        

                        
                        
                        
                    </div>
                
                </div>
            </div>
            
            <div class="testclass">
                <h4>test_minimal_requirements.TestRNF7</h4>
                <div class="testcases">
                
                    <div class="test outcome outcome-failed">
                        <a id="014994ab-5e11-4115-babc-9e1d18b6632c"></a>
                        <table class="proplist">
                            <tr><th>Test case:</th><td><b>test_modelos_tienen_permisos</b></td></tr>
                            <tr><th>Outcome:</th><td>Failed</td></tr>
                            <tr><th>Duration:</th><td>0.0 sec</td></tr>
                        
                            <tr><th>Failed</th><td>failed on setup with &#34;Exception: Timeout reached while waiting on service!&#34;</td></tr>
                        
                        
                        </table>

                        
                        <pre>docker_ip = &#39;127.0.0.1&#39;
docker_services = Services(_docker_compose=DockerComposeExecutor(_compose_command=&#39;docker compose&#39;, _compose_files=[&#39;/home/madrid/Escrit...-project-tester/projects/docker-compose.yml&#39;], _compose_project_name=&#39;pytest524055&#39;), _services={&#39;odoo&#39;: {8069: 8069}})

    @pytest.fixture(scope=&#34;session&#34;)
    def http_service(docker_ip, docker_services):
        &#34;&#34;&#34;Se asegura de que el servicio HTTP responde.&#34;&#34;&#34;
    
        # `port_for` takes a container port and returns the corresponding host port
        port = docker_services.port_for(&#34;odoo&#34;, 8069)
        url = f&#34;http://{docker_ip}:{port}&#34;
&gt;       docker_services.wait_until_responsive(
            timeout=60.0, pause=10, check=lambda: is_responsive(url)
        )

test_minimal_requirements.py:208: 
_ _ _ _ _ _ _ _ _ _ _ _ _ _ _ _ _ _ _ _ _ _ _ _ _ _ _ _ _ _ _ _ _ _ _ _ _ _ _ _ 

self = Services(_docker_compose=DockerComposeExecutor(_compose_command=&#39;docker compose&#39;, _compose_files=[&#39;/home/madrid/Escrit...-project-tester/projects/docker-compose.yml&#39;], _compose_project_name=&#39;pytest524055&#39;), _services={&#39;odoo&#39;: {8069: 8069}})
check = &lt;function http_service.&lt;locals&gt;.&lt;lambda&gt; at 0x7f3117f515e0&gt;
timeout = 60.0, pause = 10, clock = &lt;built-in function perf_counter&gt;

    def wait_until_responsive(
        self,
        check: Any,
        timeout: float,
        pause: float,
        clock: Any = timeit.default_timer,
    ) -&gt; None:
        &#34;&#34;&#34;Wait until a service is responsive.&#34;&#34;&#34;
    
        ref = clock()
        now = ref
        while (now - ref) &lt; timeout:
            if check():
                return
            time.sleep(pause)
            now = clock()
    
&gt;       raise Exception(&#34;Timeout reached while waiting on service!&#34;)
E       Exception: Timeout reached while waiting on service!

.venv/lib/python3.8/site-packages/pytest_docker/plugin.py:120: Exception</pre>
                        
                        

                        
                        
                        
                    </div>
                
                </div>
            </div>
            
            <div class="testclass">
                <h4>test_minimal_requirements.TestRNF8</h4>
                <div class="testcases">
                
                    <div class="test outcome outcome-failed">
                        <a id="aa46c201-fddd-45b1-99bd-92b4271fe1e6"></a>
                        <table class="proplist">
                            <tr><th>Test case:</th><td><b>test_app_tiene_icono</b></td></tr>
                            <tr><th>Outcome:</th><td>Failed</td></tr>
                            <tr><th>Duration:</th><td>0.0 sec</td></tr>
                        
                            <tr><th>Failed</th><td>failed on setup with &#34;Exception: Timeout reached while waiting on service!&#34;</td></tr>
                        
                        
                        </table>

                        
                        <pre>docker_ip = &#39;127.0.0.1&#39;
docker_services = Services(_docker_compose=DockerComposeExecutor(_compose_command=&#39;docker compose&#39;, _compose_files=[&#39;/home/madrid/Escrit...-project-tester/projects/docker-compose.yml&#39;], _compose_project_name=&#39;pytest524055&#39;), _services={&#39;odoo&#39;: {8069: 8069}})

    @pytest.fixture(scope=&#34;session&#34;)
    def http_service(docker_ip, docker_services):
        &#34;&#34;&#34;Se asegura de que el servicio HTTP responde.&#34;&#34;&#34;
    
        # `port_for` takes a container port and returns the corresponding host port
        port = docker_services.port_for(&#34;odoo&#34;, 8069)
        url = f&#34;http://{docker_ip}:{port}&#34;
&gt;       docker_services.wait_until_responsive(
            timeout=60.0, pause=10, check=lambda: is_responsive(url)
        )

test_minimal_requirements.py:208: 
_ _ _ _ _ _ _ _ _ _ _ _ _ _ _ _ _ _ _ _ _ _ _ _ _ _ _ _ _ _ _ _ _ _ _ _ _ _ _ _ 

self = Services(_docker_compose=DockerComposeExecutor(_compose_command=&#39;docker compose&#39;, _compose_files=[&#39;/home/madrid/Escrit...-project-tester/projects/docker-compose.yml&#39;], _compose_project_name=&#39;pytest524055&#39;), _services={&#39;odoo&#39;: {8069: 8069}})
check = &lt;function http_service.&lt;locals&gt;.&lt;lambda&gt; at 0x7f3117f515e0&gt;
timeout = 60.0, pause = 10, clock = &lt;built-in function perf_counter&gt;

    def wait_until_responsive(
        self,
        check: Any,
        timeout: float,
        pause: float,
        clock: Any = timeit.default_timer,
    ) -&gt; None:
        &#34;&#34;&#34;Wait until a service is responsive.&#34;&#34;&#34;
    
        ref = clock()
        now = ref
        while (now - ref) &lt; timeout:
            if check():
                return
            time.sleep(pause)
            now = clock()
    
&gt;       raise Exception(&#34;Timeout reached while waiting on service!&#34;)
E       Exception: Timeout reached while waiting on service!

.venv/lib/python3.8/site-packages/pytest_docker/plugin.py:120: Exception</pre>
                        
                        

                        
                        
                        
                    </div>
                
                </div>
            </div>
            
            <div class="testclass">
                <h4>test_minimal_requirements.TestRNF9</h4>
                <div class="testcases">
                
                    <div class="test outcome outcome-failed">
                        <a id="cc583dd1-806f-40a4-a380-8c0918af717e"></a>
                        <table class="proplist">
                            <tr><th>Test case:</th><td><b>test_modelos_tienen_datos_demo</b></td></tr>
                            <tr><th>Outcome:</th><td>Failed</td></tr>
                            <tr><th>Duration:</th><td>0.0 sec</td></tr>
                        
                            <tr><th>Failed</th><td>failed on setup with &#34;Exception: Timeout reached while waiting on service!&#34;</td></tr>
                        
                        
                        </table>

                        
                        <pre>docker_ip = &#39;127.0.0.1&#39;
docker_services = Services(_docker_compose=DockerComposeExecutor(_compose_command=&#39;docker compose&#39;, _compose_files=[&#39;/home/madrid/Escrit...-project-tester/projects/docker-compose.yml&#39;], _compose_project_name=&#39;pytest524055&#39;), _services={&#39;odoo&#39;: {8069: 8069}})

    @pytest.fixture(scope=&#34;session&#34;)
    def http_service(docker_ip, docker_services):
        &#34;&#34;&#34;Se asegura de que el servicio HTTP responde.&#34;&#34;&#34;
    
        # `port_for` takes a container port and returns the corresponding host port
        port = docker_services.port_for(&#34;odoo&#34;, 8069)
        url = f&#34;http://{docker_ip}:{port}&#34;
&gt;       docker_services.wait_until_responsive(
            timeout=60.0, pause=10, check=lambda: is_responsive(url)
        )

test_minimal_requirements.py:208: 
_ _ _ _ _ _ _ _ _ _ _ _ _ _ _ _ _ _ _ _ _ _ _ _ _ _ _ _ _ _ _ _ _ _ _ _ _ _ _ _ 

self = Services(_docker_compose=DockerComposeExecutor(_compose_command=&#39;docker compose&#39;, _compose_files=[&#39;/home/madrid/Escrit...-project-tester/projects/docker-compose.yml&#39;], _compose_project_name=&#39;pytest524055&#39;), _services={&#39;odoo&#39;: {8069: 8069}})
check = &lt;function http_service.&lt;locals&gt;.&lt;lambda&gt; at 0x7f3117f515e0&gt;
timeout = 60.0, pause = 10, clock = &lt;built-in function perf_counter&gt;

    def wait_until_responsive(
        self,
        check: Any,
        timeout: float,
        pause: float,
        clock: Any = timeit.default_timer,
    ) -&gt; None:
        &#34;&#34;&#34;Wait until a service is responsive.&#34;&#34;&#34;
    
        ref = clock()
        now = ref
        while (now - ref) &lt; timeout:
            if check():
                return
            time.sleep(pause)
            now = clock()
    
&gt;       raise Exception(&#34;Timeout reached while waiting on service!&#34;)
E       Exception: Timeout reached while waiting on service!

.venv/lib/python3.8/site-packages/pytest_docker/plugin.py:120: Exception</pre>
                        
                        

                        
                        
                        
                    </div>
                
                </div>
            </div>
            
            <div class="testclass">
                <h4>test_minimal_requirements.TestRNFGit</h4>
                <div class="testcases">
                
                    <div class="test outcome outcome-failed">
                        <a id="6e4aeee3-0108-4e21-bc22-1cd6dc9a3c57"></a>
                        <table class="proplist">
                            <tr><th>Test case:</th><td><b>test_git_commit_frecuentes</b></td></tr>
                            <tr><th>Outcome:</th><td>Failed</td></tr>
                            <tr><th>Duration:</th><td>0.0 sec</td></tr>
                        
                            <tr><th>Failed</th><td>failed on setup with &#34;Exception: Timeout reached while waiting on service!&#34;</td></tr>
                        
                        
                        </table>

                        
                        <pre>docker_ip = &#39;127.0.0.1&#39;
docker_services = Services(_docker_compose=DockerComposeExecutor(_compose_command=&#39;docker compose&#39;, _compose_files=[&#39;/home/madrid/Escrit...-project-tester/projects/docker-compose.yml&#39;], _compose_project_name=&#39;pytest524055&#39;), _services={&#39;odoo&#39;: {8069: 8069}})

    @pytest.fixture(scope=&#34;session&#34;)
    def http_service(docker_ip, docker_services):
        &#34;&#34;&#34;Se asegura de que el servicio HTTP responde.&#34;&#34;&#34;
    
        # `port_for` takes a container port and returns the corresponding host port
        port = docker_services.port_for(&#34;odoo&#34;, 8069)
        url = f&#34;http://{docker_ip}:{port}&#34;
&gt;       docker_services.wait_until_responsive(
            timeout=60.0, pause=10, check=lambda: is_responsive(url)
        )

test_minimal_requirements.py:208: 
_ _ _ _ _ _ _ _ _ _ _ _ _ _ _ _ _ _ _ _ _ _ _ _ _ _ _ _ _ _ _ _ _ _ _ _ _ _ _ _ 

self = Services(_docker_compose=DockerComposeExecutor(_compose_command=&#39;docker compose&#39;, _compose_files=[&#39;/home/madrid/Escrit...-project-tester/projects/docker-compose.yml&#39;], _compose_project_name=&#39;pytest524055&#39;), _services={&#39;odoo&#39;: {8069: 8069}})
check = &lt;function http_service.&lt;locals&gt;.&lt;lambda&gt; at 0x7f3117f515e0&gt;
timeout = 60.0, pause = 10, clock = &lt;built-in function perf_counter&gt;

    def wait_until_responsive(
        self,
        check: Any,
        timeout: float,
        pause: float,
        clock: Any = timeit.default_timer,
    ) -&gt; None:
        &#34;&#34;&#34;Wait until a service is responsive.&#34;&#34;&#34;
    
        ref = clock()
        now = ref
        while (now - ref) &lt; timeout:
            if check():
                return
            time.sleep(pause)
            now = clock()
    
&gt;       raise Exception(&#34;Timeout reached while waiting on service!&#34;)
E       Exception: Timeout reached while waiting on service!

.venv/lib/python3.8/site-packages/pytest_docker/plugin.py:120: Exception</pre>
                        
                        

                        
                        
                        
                    </div>
                
                </div>
            </div>
            
            <div class="testclass">
                <h4>test_minimal_requirements.TestRNFCalidad</h4>
                <div class="testcases">
                
                    <div class="test outcome outcome-failed">
                        <a id="9b3dd4a3-6c0a-4b0a-bd7b-4e189b49dd0b"></a>
                        <table class="proplist">
                            <tr><th>Test case:</th><td><b>test_odoo_disponible</b></td></tr>
                            <tr><th>Outcome:</th><td>Failed</td></tr>
                            <tr><th>Duration:</th><td>0.0 sec</td></tr>
                        
                            <tr><th>Failed</th><td>failed on setup with &#34;Exception: Timeout reached while waiting on service!&#34;</td></tr>
                        
                        
                        </table>

                        
                        <pre>docker_ip = &#39;127.0.0.1&#39;
docker_services = Services(_docker_compose=DockerComposeExecutor(_compose_command=&#39;docker compose&#39;, _compose_files=[&#39;/home/madrid/Escrit...-project-tester/projects/docker-compose.yml&#39;], _compose_project_name=&#39;pytest524055&#39;), _services={&#39;odoo&#39;: {8069: 8069}})

    @pytest.fixture(scope=&#34;session&#34;)
    def http_service(docker_ip, docker_services):
        &#34;&#34;&#34;Se asegura de que el servicio HTTP responde.&#34;&#34;&#34;
    
        # `port_for` takes a container port and returns the corresponding host port
        port = docker_services.port_for(&#34;odoo&#34;, 8069)
        url = f&#34;http://{docker_ip}:{port}&#34;
&gt;       docker_services.wait_until_responsive(
            timeout=60.0, pause=10, check=lambda: is_responsive(url)
        )

test_minimal_requirements.py:208: 
_ _ _ _ _ _ _ _ _ _ _ _ _ _ _ _ _ _ _ _ _ _ _ _ _ _ _ _ _ _ _ _ _ _ _ _ _ _ _ _ 

self = Services(_docker_compose=DockerComposeExecutor(_compose_command=&#39;docker compose&#39;, _compose_files=[&#39;/home/madrid/Escrit...-project-tester/projects/docker-compose.yml&#39;], _compose_project_name=&#39;pytest524055&#39;), _services={&#39;odoo&#39;: {8069: 8069}})
check = &lt;function http_service.&lt;locals&gt;.&lt;lambda&gt; at 0x7f3117f515e0&gt;
timeout = 60.0, pause = 10, clock = &lt;built-in function perf_counter&gt;

    def wait_until_responsive(
        self,
        check: Any,
        timeout: float,
        pause: float,
        clock: Any = timeit.default_timer,
    ) -&gt; None:
        &#34;&#34;&#34;Wait until a service is responsive.&#34;&#34;&#34;
    
        ref = clock()
        now = ref
        while (now - ref) &lt; timeout:
            if check():
                return
            time.sleep(pause)
            now = clock()
    
&gt;       raise Exception(&#34;Timeout reached while waiting on service!&#34;)
E       Exception: Timeout reached while waiting on service!

.venv/lib/python3.8/site-packages/pytest_docker/plugin.py:120: Exception</pre>
                        
                        

                        
                        
                        
                    </div>
                
                    <div class="test outcome outcome-failed">
                        <a id="11d1eeb5-5a18-498d-a024-f7ca583bb543"></a>
                        <table class="proplist">
                            <tr><th>Test case:</th><td><b>test_app_instalada</b></td></tr>
                            <tr><th>Outcome:</th><td>Failed</td></tr>
                            <tr><th>Duration:</th><td>0.0 sec</td></tr>
                        
                            <tr><th>Failed</th><td>failed on setup with &#34;Exception: Timeout reached while waiting on service!&#34;</td></tr>
                        
                        
                        </table>

                        
                        <pre>docker_ip = &#39;127.0.0.1&#39;
docker_services = Services(_docker_compose=DockerComposeExecutor(_compose_command=&#39;docker compose&#39;, _compose_files=[&#39;/home/madrid/Escrit...-project-tester/projects/docker-compose.yml&#39;], _compose_project_name=&#39;pytest524055&#39;), _services={&#39;odoo&#39;: {8069: 8069}})

    @pytest.fixture(scope=&#34;session&#34;)
    def http_service(docker_ip, docker_services):
        &#34;&#34;&#34;Se asegura de que el servicio HTTP responde.&#34;&#34;&#34;
    
        # `port_for` takes a container port and returns the corresponding host port
        port = docker_services.port_for(&#34;odoo&#34;, 8069)
        url = f&#34;http://{docker_ip}:{port}&#34;
&gt;       docker_services.wait_until_responsive(
            timeout=60.0, pause=10, check=lambda: is_responsive(url)
        )

test_minimal_requirements.py:208: 
_ _ _ _ _ _ _ _ _ _ _ _ _ _ _ _ _ _ _ _ _ _ _ _ _ _ _ _ _ _ _ _ _ _ _ _ _ _ _ _ 

self = Services(_docker_compose=DockerComposeExecutor(_compose_command=&#39;docker compose&#39;, _compose_files=[&#39;/home/madrid/Escrit...-project-tester/projects/docker-compose.yml&#39;], _compose_project_name=&#39;pytest524055&#39;), _services={&#39;odoo&#39;: {8069: 8069}})
check = &lt;function http_service.&lt;locals&gt;.&lt;lambda&gt; at 0x7f3117f515e0&gt;
timeout = 60.0, pause = 10, clock = &lt;built-in function perf_counter&gt;

    def wait_until_responsive(
        self,
        check: Any,
        timeout: float,
        pause: float,
        clock: Any = timeit.default_timer,
    ) -&gt; None:
        &#34;&#34;&#34;Wait until a service is responsive.&#34;&#34;&#34;
    
        ref = clock()
        now = ref
        while (now - ref) &lt; timeout:
            if check():
                return
            time.sleep(pause)
            now = clock()
    
&gt;       raise Exception(&#34;Timeout reached while waiting on service!&#34;)
E       Exception: Timeout reached while waiting on service!

.venv/lib/python3.8/site-packages/pytest_docker/plugin.py:120: Exception</pre>
                        
                        

                        
                        
                        
                    </div>
                
                    <div class="test outcome outcome-failed">
                        <a id="55a8ae2f-64f0-4386-bf57-4ea8b19d89de"></a>
                        <table class="proplist">
                            <tr><th>Test case:</th><td><b>test_otras_apps_entregadas_son_dependencias</b></td></tr>
                            <tr><th>Outcome:</th><td>Failed</td></tr>
                            <tr><th>Duration:</th><td>0.001 sec</td></tr>
                        
                            <tr><th>Failed</th><td>failed on setup with &#34;Exception: Timeout reached while waiting on service!&#34;</td></tr>
                        
                        
                        </table>

                        
                        <pre>docker_ip = &#39;127.0.0.1&#39;
docker_services = Services(_docker_compose=DockerComposeExecutor(_compose_command=&#39;docker compose&#39;, _compose_files=[&#39;/home/madrid/Escrit...-project-tester/projects/docker-compose.yml&#39;], _compose_project_name=&#39;pytest524055&#39;), _services={&#39;odoo&#39;: {8069: 8069}})

    @pytest.fixture(scope=&#34;session&#34;)
    def http_service(docker_ip, docker_services):
        &#34;&#34;&#34;Se asegura de que el servicio HTTP responde.&#34;&#34;&#34;
    
        # `port_for` takes a container port and returns the corresponding host port
        port = docker_services.port_for(&#34;odoo&#34;, 8069)
        url = f&#34;http://{docker_ip}:{port}&#34;
&gt;       docker_services.wait_until_responsive(
            timeout=60.0, pause=10, check=lambda: is_responsive(url)
        )

test_minimal_requirements.py:208: 
_ _ _ _ _ _ _ _ _ _ _ _ _ _ _ _ _ _ _ _ _ _ _ _ _ _ _ _ _ _ _ _ _ _ _ _ _ _ _ _ 

self = Services(_docker_compose=DockerComposeExecutor(_compose_command=&#39;docker compose&#39;, _compose_files=[&#39;/home/madrid/Escrit...-project-tester/projects/docker-compose.yml&#39;], _compose_project_name=&#39;pytest524055&#39;), _services={&#39;odoo&#39;: {8069: 8069}})
check = &lt;function http_service.&lt;locals&gt;.&lt;lambda&gt; at 0x7f3117f515e0&gt;
timeout = 60.0, pause = 10, clock = &lt;built-in function perf_counter&gt;

    def wait_until_responsive(
        self,
        check: Any,
        timeout: float,
        pause: float,
        clock: Any = timeit.default_timer,
    ) -&gt; None:
        &#34;&#34;&#34;Wait until a service is responsive.&#34;&#34;&#34;
    
        ref = clock()
        now = ref
        while (now - ref) &lt; timeout:
            if check():
                return
            time.sleep(pause)
            now = clock()
    
&gt;       raise Exception(&#34;Timeout reached while waiting on service!&#34;)
E       Exception: Timeout reached while waiting on service!

.venv/lib/python3.8/site-packages/pytest_docker/plugin.py:120: Exception</pre>
                        
                        

                        
                        
                        
                    </div>
                
                    <div class="test outcome outcome-failed">
                        <a id="afc2b6de-d945-46e7-99b9-e0950ff48054"></a>
                        <table class="proplist">
                            <tr><th>Test case:</th><td><b>test_no_hay_elementos_xml_comentados</b></td></tr>
                            <tr><th>Outcome:</th><td>Failed</td></tr>
                            <tr><th>Duration:</th><td>0.001 sec</td></tr>
                        
                            <tr><th>Failed</th><td>failed on setup with &#34;Exception: Timeout reached while waiting on service!&#34;</td></tr>
                        
                        
                        </table>

                        
                        <pre>docker_ip = &#39;127.0.0.1&#39;
docker_services = Services(_docker_compose=DockerComposeExecutor(_compose_command=&#39;docker compose&#39;, _compose_files=[&#39;/home/madrid/Escrit...-project-tester/projects/docker-compose.yml&#39;], _compose_project_name=&#39;pytest524055&#39;), _services={&#39;odoo&#39;: {8069: 8069}})

    @pytest.fixture(scope=&#34;session&#34;)
    def http_service(docker_ip, docker_services):
        &#34;&#34;&#34;Se asegura de que el servicio HTTP responde.&#34;&#34;&#34;
    
        # `port_for` takes a container port and returns the corresponding host port
        port = docker_services.port_for(&#34;odoo&#34;, 8069)
        url = f&#34;http://{docker_ip}:{port}&#34;
&gt;       docker_services.wait_until_responsive(
            timeout=60.0, pause=10, check=lambda: is_responsive(url)
        )

test_minimal_requirements.py:208: 
_ _ _ _ _ _ _ _ _ _ _ _ _ _ _ _ _ _ _ _ _ _ _ _ _ _ _ _ _ _ _ _ _ _ _ _ _ _ _ _ 

self = Services(_docker_compose=DockerComposeExecutor(_compose_command=&#39;docker compose&#39;, _compose_files=[&#39;/home/madrid/Escrit...-project-tester/projects/docker-compose.yml&#39;], _compose_project_name=&#39;pytest524055&#39;), _services={&#39;odoo&#39;: {8069: 8069}})
check = &lt;function http_service.&lt;locals&gt;.&lt;lambda&gt; at 0x7f3117f515e0&gt;
timeout = 60.0, pause = 10, clock = &lt;built-in function perf_counter&gt;

    def wait_until_responsive(
        self,
        check: Any,
        timeout: float,
        pause: float,
        clock: Any = timeit.default_timer,
    ) -&gt; None:
        &#34;&#34;&#34;Wait until a service is responsive.&#34;&#34;&#34;
    
        ref = clock()
        now = ref
        while (now - ref) &lt; timeout:
            if check():
                return
            time.sleep(pause)
            now = clock()
    
&gt;       raise Exception(&#34;Timeout reached while waiting on service!&#34;)
E       Exception: Timeout reached while waiting on service!

.venv/lib/python3.8/site-packages/pytest_docker/plugin.py:120: Exception</pre>
                        
                        

                        
                        
                        
                    </div>
                
                    <div class="test outcome outcome-failed">
                        <a id="0dcd666b-3093-4ad9-9b8d-7defd758bba9"></a>
                        <table class="proplist">
                            <tr><th>Test case:</th><td><b>test_no_hay_codigo_python_comentado</b></td></tr>
                            <tr><th>Outcome:</th><td>Failed</td></tr>
                            <tr><th>Duration:</th><td>0.0 sec</td></tr>
                        
                            <tr><th>Failed</th><td>failed on setup with &#34;Exception: Timeout reached while waiting on service!&#34;</td></tr>
                        
                        
                        </table>

                        
                        <pre>docker_ip = &#39;127.0.0.1&#39;
docker_services = Services(_docker_compose=DockerComposeExecutor(_compose_command=&#39;docker compose&#39;, _compose_files=[&#39;/home/madrid/Escrit...-project-tester/projects/docker-compose.yml&#39;], _compose_project_name=&#39;pytest524055&#39;), _services={&#39;odoo&#39;: {8069: 8069}})

    @pytest.fixture(scope=&#34;session&#34;)
    def http_service(docker_ip, docker_services):
        &#34;&#34;&#34;Se asegura de que el servicio HTTP responde.&#34;&#34;&#34;
    
        # `port_for` takes a container port and returns the corresponding host port
        port = docker_services.port_for(&#34;odoo&#34;, 8069)
        url = f&#34;http://{docker_ip}:{port}&#34;
&gt;       docker_services.wait_until_responsive(
            timeout=60.0, pause=10, check=lambda: is_responsive(url)
        )

test_minimal_requirements.py:208: 
_ _ _ _ _ _ _ _ _ _ _ _ _ _ _ _ _ _ _ _ _ _ _ _ _ _ _ _ _ _ _ _ _ _ _ _ _ _ _ _ 

self = Services(_docker_compose=DockerComposeExecutor(_compose_command=&#39;docker compose&#39;, _compose_files=[&#39;/home/madrid/Escrit...-project-tester/projects/docker-compose.yml&#39;], _compose_project_name=&#39;pytest524055&#39;), _services={&#39;odoo&#39;: {8069: 8069}})
check = &lt;function http_service.&lt;locals&gt;.&lt;lambda&gt; at 0x7f3117f515e0&gt;
timeout = 60.0, pause = 10, clock = &lt;built-in function perf_counter&gt;

    def wait_until_responsive(
        self,
        check: Any,
        timeout: float,
        pause: float,
        clock: Any = timeit.default_timer,
    ) -&gt; None:
        &#34;&#34;&#34;Wait until a service is responsive.&#34;&#34;&#34;
    
        ref = clock()
        now = ref
        while (now - ref) &lt; timeout:
            if check():
                return
            time.sleep(pause)
            now = clock()
    
&gt;       raise Exception(&#34;Timeout reached while waiting on service!&#34;)
E       Exception: Timeout reached while waiting on service!

.venv/lib/python3.8/site-packages/pytest_docker/plugin.py:120: Exception</pre>
                        
                        

                        
                        
                        
                    </div>
                
                    <div class="test outcome outcome-failed">
                        <a id="98d17b64-7892-442b-8fc1-cf2440037152"></a>
                        <table class="proplist">
                            <tr><th>Test case:</th><td><b>test_log_servidor_sin_errores</b></td></tr>
                            <tr><th>Outcome:</th><td>Failed</td></tr>
                            <tr><th>Duration:</th><td>0.0 sec</td></tr>
                        
                            <tr><th>Failed</th><td>failed on setup with &#34;Exception: Timeout reached while waiting on service!&#34;</td></tr>
                        
                        
                        </table>

                        
                        <pre>docker_ip = &#39;127.0.0.1&#39;
docker_services = Services(_docker_compose=DockerComposeExecutor(_compose_command=&#39;docker compose&#39;, _compose_files=[&#39;/home/madrid/Escrit...-project-tester/projects/docker-compose.yml&#39;], _compose_project_name=&#39;pytest524055&#39;), _services={&#39;odoo&#39;: {8069: 8069}})

    @pytest.fixture(scope=&#34;session&#34;)
    def http_service(docker_ip, docker_services):
        &#34;&#34;&#34;Se asegura de que el servicio HTTP responde.&#34;&#34;&#34;
    
        # `port_for` takes a container port and returns the corresponding host port
        port = docker_services.port_for(&#34;odoo&#34;, 8069)
        url = f&#34;http://{docker_ip}:{port}&#34;
&gt;       docker_services.wait_until_responsive(
            timeout=60.0, pause=10, check=lambda: is_responsive(url)
        )

test_minimal_requirements.py:208: 
_ _ _ _ _ _ _ _ _ _ _ _ _ _ _ _ _ _ _ _ _ _ _ _ _ _ _ _ _ _ _ _ _ _ _ _ _ _ _ _ 

self = Services(_docker_compose=DockerComposeExecutor(_compose_command=&#39;docker compose&#39;, _compose_files=[&#39;/home/madrid/Escrit...-project-tester/projects/docker-compose.yml&#39;], _compose_project_name=&#39;pytest524055&#39;), _services={&#39;odoo&#39;: {8069: 8069}})
check = &lt;function http_service.&lt;locals&gt;.&lt;lambda&gt; at 0x7f3117f515e0&gt;
timeout = 60.0, pause = 10, clock = &lt;built-in function perf_counter&gt;

    def wait_until_responsive(
        self,
        check: Any,
        timeout: float,
        pause: float,
        clock: Any = timeit.default_timer,
    ) -&gt; None:
        &#34;&#34;&#34;Wait until a service is responsive.&#34;&#34;&#34;
    
        ref = clock()
        now = ref
        while (now - ref) &lt; timeout:
            if check():
                return
            time.sleep(pause)
            now = clock()
    
&gt;       raise Exception(&#34;Timeout reached while waiting on service!&#34;)
E       Exception: Timeout reached while waiting on service!

.venv/lib/python3.8/site-packages/pytest_docker/plugin.py:120: Exception</pre>
                        
                        

                        
                        
                        
                    </div>
                
                </div>
            </div>
            
            <div class="testclass">
                <h4>test_minimal_requirements.TestOtros</h4>
                <div class="testcases">
                
                    <div class="test outcome outcome-skipped">
                        <a id="40d060e7-8e46-40fc-907e-57897728e570"></a>
                        <table class="proplist">
                            <tr><th>Test case:</th><td><b>test_log_sin_warnings</b></td></tr>
                            <tr><th>Outcome:</th><td>Skipped</td></tr>
                            <tr><th>Duration:</th><td>0.001 sec</td></tr>
                        
                        
                            <tr><th>Skipped</th><td></td></tr>
                        
                        </table>

                        
                        
                        <pre>skipped</pre>
                        

                        
                        
                        
                    </div>
                
                </div>
            </div>
            
            <div class="testclass">
                <h4>test_minimal_requirements.TestRNFAdicionalesKanban</h4>
                <div class="testcases">
                
                    <div class="test outcome outcome-skipped">
                        <a id="88e30725-bbc5-472c-9b34-60f15f2826f0"></a>
                        <table class="proplist">
                            <tr><th>Test case:</th><td><b>test_vista_kanban[/kanban]</b></td></tr>
                            <tr><th>Outcome:</th><td>Skipped</td></tr>
                            <tr><th>Duration:</th><td>0.0 sec</td></tr>
                        
                        
                            <tr><th>Skipped</th><td></td></tr>
                        
                        </table>

                        
                        
                        <pre>skipped</pre>
                        

                        
                        
                        
                    </div>
                
                    <div class="test outcome outcome-skipped">
                        <a id="781c8f18-6c08-42bf-aa2d-c8196e305cbc"></a>
                        <table class="proplist">
                            <tr><th>Test case:</th><td><b>test_vista_kanban[/kanban[@default_group_by]]</b></td></tr>
                            <tr><th>Outcome:</th><td>Skipped</td></tr>
                            <tr><th>Duration:</th><td>0.0 sec</td></tr>
                        
                        
                            <tr><th>Skipped</th><td></td></tr>
                        
                        </table>

                        
                        
                        <pre>skipped</pre>
                        

                        
                        
                        
                    </div>
                
                    <div class="test outcome outcome-skipped">
                        <a id="e9dc89bb-9a1e-40cb-acec-66c977811c3f"></a>
                        <table class="proplist">
                            <tr><th>Test case:</th><td><b>test_vista_kanban_imagen[/img]</b></td></tr>
                            <tr><th>Outcome:</th><td>Skipped</td></tr>
                            <tr><th>Duration:</th><td>0.0 sec</td></tr>
                        
                        
                            <tr><th>Skipped</th><td></td></tr>
                        
                        </table>

                        
                        
                        <pre>skipped</pre>
                        

                        
                        
                        
                    </div>
                
                    <div class="test outcome outcome-skipped">
                        <a id="7212d551-304f-4034-919d-afebabe714b8"></a>
                        <table class="proplist">
                            <tr><th>Test case:</th><td><b>test_vista_kanban_imagen[/field[@preview_image]]</b></td></tr>
                            <tr><th>Outcome:</th><td>Skipped</td></tr>
                            <tr><th>Duration:</th><td>0.0 sec</td></tr>
                        
                        
                            <tr><th>Skipped</th><td></td></tr>
                        
                        </table>

                        
                        
                        <pre>skipped</pre>
                        

                        
                        
                        
                    </div>
                
                    <div class="test outcome outcome-skipped">
                        <a id="59b6faa7-71d2-4c65-b7a2-7bf8595303a6"></a>
                        <table class="proplist">
                            <tr><th>Test case:</th><td><b>test_vista_kanban_imagen[/field[@widget=&#34;image&#34;]]</b></td></tr>
                            <tr><th>Outcome:</th><td>Skipped</td></tr>
                            <tr><th>Duration:</th><td>0.001 sec</td></tr>
                        
                        
                            <tr><th>Skipped</th><td></td></tr>
                        
                        </table>

                        
                        
                        <pre>skipped</pre>
                        

                        
                        
                        
                    </div>
                
                </div>
            </div>
            
            <div class="testclass">
                <h4>test_minimal_requirements.TestRNFAdicionalesBusqueda</h4>
                <div class="testcases">
                
                    <div class="test outcome outcome-skipped">
                        <a id="d465aeeb-2f6f-4bb8-84c4-5fc7c50d6ff2"></a>
                        <table class="proplist">
                            <tr><th>Test case:</th><td><b>test_vista_search[/search]</b></td></tr>
                            <tr><th>Outcome:</th><td>Skipped</td></tr>
                            <tr><th>Duration:</th><td>0.001 sec</td></tr>
                        
                        
                            <tr><th>Skipped</th><td></td></tr>
                        
                        </table>

                        
                        
                        <pre>skipped</pre>
                        

                        
                        
                        
                    </div>
                
                    <div class="test outcome outcome-skipped">
                        <a id="4099cc66-8b06-4118-9196-f067ec10fefb"></a>
                        <table class="proplist">
                            <tr><th>Test case:</th><td><b>test_vista_search_compleja[/filter[@domain]]</b></td></tr>
                            <tr><th>Outcome:</th><td>Skipped</td></tr>
                            <tr><th>Duration:</th><td>0.0 sec</td></tr>
                        
                        
                            <tr><th>Skipped</th><td></td></tr>
                        
                        </table>

                        
                        
                        <pre>skipped</pre>
                        

                        
                        
                        
                    </div>
                
                    <div class="test outcome outcome-skipped">
                        <a id="50cc5101-d22c-44de-ac37-842bab20dfcd"></a>
                        <table class="proplist">
                            <tr><th>Test case:</th><td><b>test_vista_search_compleja[/group//filter[@context]]</b></td></tr>
                            <tr><th>Outcome:</th><td>Skipped</td></tr>
                            <tr><th>Duration:</th><td>0.001 sec</td></tr>
                        
                        
                            <tr><th>Skipped</th><td></td></tr>
                        
                        </table>

                        
                        
                        <pre>skipped</pre>
                        

                        
                        
                        
                    </div>
                
                </div>
            </div>
            
            <div class="testclass">
                <h4>test_minimal_requirements.TestRNFAdicionalesOtrasVistas</h4>
                <div class="testcases">
                
                    <div class="test outcome outcome-skipped">
                        <a id="ece3e7bc-7fd8-4e1a-80b2-c13755cf6003"></a>
                        <table class="proplist">
                            <tr><th>Test case:</th><td><b>test_otras_vistas_adicionales[activity]</b></td></tr>
                            <tr><th>Outcome:</th><td>Skipped</td></tr>
                            <tr><th>Duration:</th><td>0.001 sec</td></tr>
                        
                        
                            <tr><th>Skipped</th><td></td></tr>
                        
                        </table>

                        
                        
                        <pre>skipped</pre>
                        

                        
                        
                        
                    </div>
                
                    <div class="test outcome outcome-skipped">
                        <a id="3482b3ac-1d1c-4e77-b3e3-4ec9f3406060"></a>
                        <table class="proplist">
                            <tr><th>Test case:</th><td><b>test_otras_vistas_adicionales[calendar]</b></td></tr>
                            <tr><th>Outcome:</th><td>Skipped</td></tr>
                            <tr><th>Duration:</th><td>0.0 sec</td></tr>
                        
                        
                            <tr><th>Skipped</th><td></td></tr>
                        
                        </table>

                        
                        
                        <pre>skipped</pre>
                        

                        
                        
                        
                    </div>
                
                    <div class="test outcome outcome-skipped">
                        <a id="fdd04cef-b08b-49be-887f-96fba57f6d07"></a>
                        <table class="proplist">
                            <tr><th>Test case:</th><td><b>test_otras_vistas_adicionales[graph]</b></td></tr>
                            <tr><th>Outcome:</th><td>Skipped</td></tr>
                            <tr><th>Duration:</th><td>0.0 sec</td></tr>
                        
                        
                            <tr><th>Skipped</th><td></td></tr>
                        
                        </table>

                        
                        
                        <pre>skipped</pre>
                        

                        
                        
                        
                    </div>
                
                    <div class="test outcome outcome-skipped">
                        <a id="97271dd5-b8e7-4453-b89a-74af87e677cb"></a>
                        <table class="proplist">
                            <tr><th>Test case:</th><td><b>test_otras_vistas_adicionales[pivot]</b></td></tr>
                            <tr><th>Outcome:</th><td>Skipped</td></tr>
                            <tr><th>Duration:</th><td>0.0 sec</td></tr>
                        
                        
                            <tr><th>Skipped</th><td></td></tr>
                        
                        </table>

                        
                        
                        <pre>skipped</pre>
                        

                        
                        
                        
                    </div>
                
                </div>
            </div>
            
            <div class="testclass">
                <h4>test_minimal_requirements.TestRNFAdicionalesConstraints</h4>
                <div class="testcases">
                
                    <div class="test outcome outcome-skipped">
                        <a id="06f63c5e-5303-4e9a-89e4-3fdd881260a7"></a>
                        <table class="proplist">
                            <tr><th>Test case:</th><td><b>test_constraints_sql</b></td></tr>
                            <tr><th>Outcome:</th><td>Skipped</td></tr>
                            <tr><th>Duration:</th><td>0.0 sec</td></tr>
                        
                        
                            <tr><th>Skipped</th><td></td></tr>
                        
                        </table>

                        
                        
                        <pre>skipped</pre>
                        

                        
                        
                        
                    </div>
                
                </div>
            </div>
            
            <div class="testclass">
                <h4>test_minimal_requirements.TestRNFAdicionalesSeguridadAvanzada</h4>
                <div class="testcases">
                
                    <div class="test outcome outcome-skipped">
                        <a id="f1845e3b-a2e2-4969-9a14-27926d6d3c76"></a>
                        <table class="proplist">
                            <tr><th>Test case:</th><td><b>test_seguridad_con_grupos_propios</b></td></tr>
                            <tr><th>Outcome:</th><td>Skipped</td></tr>
                            <tr><th>Duration:</th><td>0.001 sec</td></tr>
                        
                        
                            <tr><th>Skipped</th><td></td></tr>
                        
                        </table>

                        
                        
                        <pre>skipped</pre>
                        

                        
                        
                        
                    </div>
                
                </div>
            </div>
            
            <div class="testclass">
                <h4>test_minimal_requirements.TestRNFAdicionalesDatosAvanzados</h4>
                <div class="testcases">
                
                    <div class="test outcome outcome-skipped">
                        <a id="6202aae3-764b-45cb-a094-8c7af9a74d89"></a>
                        <table class="proplist">
                            <tr><th>Test case:</th><td><b>test_datos_maestros_o_demo_avanzados[binary]</b></td></tr>
                            <tr><th>Outcome:</th><td>Skipped</td></tr>
                            <tr><th>Duration:</th><td>0.001 sec</td></tr>
                        
                        
                            <tr><th>Skipped</th><td></td></tr>
                        
                        </table>

                        
                        
                        <pre>skipped</pre>
                        

                        
                        
                        
                    </div>
                
                    <div class="test outcome outcome-skipped">
                        <a id="82fc9ca7-bfed-429c-b727-38d1ba0f0db9"></a>
                        <table class="proplist">
                            <tr><th>Test case:</th><td><b>test_datos_maestros_o_demo_avanzados[many2many]</b></td></tr>
                            <tr><th>Outcome:</th><td>Skipped</td></tr>
                            <tr><th>Duration:</th><td>0.001 sec</td></tr>
                        
                        
                            <tr><th>Skipped</th><td></td></tr>
                        
                        </table>

                        
                        
                        <pre>skipped</pre>
                        

                        
                        
                        
                    </div>
                
                    <div class="test outcome outcome-skipped">
                        <a id="36c64cff-9b89-4606-ba21-a681121530ac"></a>
                        <table class="proplist">
                            <tr><th>Test case:</th><td><b>test_datos_maestros_o_demo_avanzados[many2one]</b></td></tr>
                            <tr><th>Outcome:</th><td>Skipped</td></tr>
                            <tr><th>Duration:</th><td>0.0 sec</td></tr>
                        
                        
                            <tr><th>Skipped</th><td></td></tr>
                        
                        </table>

                        
                        
                        <pre>skipped</pre>
                        

                        
                        
                        
                    </div>
                
                </div>
            </div>
            
            <div class="testclass">
                <h4>test_minimal_requirements.TestRNFAdicionalesHerenciaVistas</h4>
                <div class="testcases">
                
                    <div class="test outcome outcome-skipped">
                        <a id="2fd4f3c9-c990-46f8-8b35-dd2a3e39863a"></a>
                        <table class="proplist">
                            <tr><th>Test case:</th><td><b>test_herencia_en_vistas_con_position</b></td></tr>
                            <tr><th>Outcome:</th><td>Skipped</td></tr>
                            <tr><th>Duration:</th><td>0.001 sec</td></tr>
                        
                        
                            <tr><th>Skipped</th><td></td></tr>
                        
                        </table>

                        
                        
                        <pre>skipped</pre>
                        

                        
                        
                        
                    </div>
                
                    <div class="test outcome outcome-skipped">
                        <a id="daaed054-ab5f-4934-9bce-873b5d2b8a6a"></a>
                        <table class="proplist">
                            <tr><th>Test case:</th><td><b>test_herencia_en_vistas_con_inherit_id</b></td></tr>
                            <tr><th>Outcome:</th><td>Skipped</td></tr>
                            <tr><th>Duration:</th><td>0.001 sec</td></tr>
                        
                        
                            <tr><th>Skipped</th><td></td></tr>
                        
                        </table>

                        
                        
                        <pre>skipped</pre>
                        

                        
                        
                        
                    </div>
                
                </div>
            </div>
            
            <div class="testclass">
                <h4>test_minimal_requirements.TestRNFAdicionalesHerenciaModelos</h4>
                <div class="testcases">
                
                    <div class="test outcome outcome-skipped">
                        <a id="32c4aff9-d7c9-4d0c-bb36-7f2054fb0601"></a>
                        <table class="proplist">
                            <tr><th>Test case:</th><td><b>test_modelos_existentes_modificados_por_herencia</b></td></tr>
                            <tr><th>Outcome:</th><td>Skipped</td></tr>
                            <tr><th>Duration:</th><td>0.001 sec</td></tr>
                        
                        
                            <tr><th>Skipped</th><td></td></tr>
                        
                        </table>

                        
                        
                        <pre>skipped</pre>
                        

                        
                        
                        
                    </div>
                
                    <div class="test outcome outcome-skipped">
                        <a id="0a1cae5e-94ec-44df-bd1c-057615d12022"></a>
                        <table class="proplist">
                            <tr><th>Test case:</th><td><b>test_nuevos_modelos_con_herencia</b></td></tr>
                            <tr><th>Outcome:</th><td>Skipped</td></tr>
                            <tr><th>Duration:</th><td>0.001 sec</td></tr>
                        
                        
                            <tr><th>Skipped</th><td></td></tr>
                        
                        </table>

                        
                        
                        <pre>skipped</pre>
                        

                        
                        
                        
                    </div>
                
                </div>
            </div>
            
            <div class="testclass">
                <h4>test_minimal_requirements.TestRNFAdicionalesTraducciones</h4>
                <div class="testcases">
                
                    <div class="test outcome outcome-skipped">
                        <a id="a30edde8-6d5a-4abf-b1fc-d01bb33338e8"></a>
                        <table class="proplist">
                            <tr><th>Test case:</th><td><b>test_i18n</b></td></tr>
                            <tr><th>Outcome:</th><td>Skipped</td></tr>
                            <tr><th>Duration:</th><td>0.001 sec</td></tr>
                        
                        
                            <tr><th>Skipped</th><td></td></tr>
                        
                        </table>

                        
                        
                        <pre>skipped</pre>
                        

                        
                        
                        
                    </div>
                
                </div>
            </div>
            
            <div class="testclass">
                <h4>test_minimal_requirements.TestRNFAdicionalesInformes</h4>
                <div class="testcases">
                
                    <div class="test outcome outcome-skipped">
                        <a id="d4aa97ca-e66f-4171-9e57-8cf901a9d5f0"></a>
                        <table class="proplist">
                            <tr><th>Test case:</th><td><b>test_informes[report]</b></td></tr>
                            <tr><th>Outcome:</th><td>Skipped</td></tr>
                            <tr><th>Duration:</th><td>0.001 sec</td></tr>
                        
                        
                            <tr><th>Skipped</th><td></td></tr>
                        
                        </table>

                        
                        
                        <pre>skipped</pre>
                        

                        
                        
                        
                    </div>
                
                    <div class="test outcome outcome-skipped">
                        <a id="f50edefe-87fd-4ab7-9c62-19fa227daff3"></a>
                        <table class="proplist">
                            <tr><th>Test case:</th><td><b>test_informes[template]</b></td></tr>
                            <tr><th>Outcome:</th><td>Skipped</td></tr>
                            <tr><th>Duration:</th><td>0.0 sec</td></tr>
                        
                        
                            <tr><th>Skipped</th><td></td></tr>
                        
                        </table>

                        
                        
                        <pre>skipped</pre>
                        

                        
                        
                        
                    </div>
                
                    <div class="test outcome outcome-skipped">
                        <a id="0f35d829-2643-4b5c-85bc-d8b842320797"></a>
                        <table class="proplist">
                            <tr><th>Test case:</th><td><b>test_informes_complejos[/t[@t-foreach]]</b></td></tr>
                            <tr><th>Outcome:</th><td>Skipped</td></tr>
                            <tr><th>Duration:</th><td>0.0 sec</td></tr>
                        
                        
                            <tr><th>Skipped</th><td></td></tr>
                        
                        </table>

                        
                        
                        <pre>skipped</pre>
                        

                        
                        
                        
                    </div>
                
                    <div class="test outcome outcome-skipped">
                        <a id="a6fbbe2a-d644-48da-b1a2-935cde011ad9"></a>
                        <table class="proplist">
                            <tr><th>Test case:</th><td><b>test_informes_complejos[/img[@t-att-src]]</b></td></tr>
                            <tr><th>Outcome:</th><td>Skipped</td></tr>
                            <tr><th>Duration:</th><td>0.0 sec</td></tr>
                        
                        
                            <tr><th>Skipped</th><td></td></tr>
                        
                        </table>

                        
                        
                        <pre>skipped</pre>
                        

                        
                        
                        
                    </div>
                
                    <div class="test outcome outcome-skipped">
                        <a id="1bffd2c3-3edb-4c39-919e-e4816fa65464"></a>
                        <table class="proplist">
                            <tr><th>Test case:</th><td><b>test_informes_complejos[/t[@t-call and not(@t-call=&#34;web.external_layout&#34; or @t-call=&#34;web.html_container&#34;)]]</b></td></tr>
                            <tr><th>Outcome:</th><td>Skipped</td></tr>
                            <tr><th>Duration:</th><td>0.0 sec</td></tr>
                        
                        
                            <tr><th>Skipped</th><td></td></tr>
                        
                        </table>

                        
                        
                        <pre>skipped</pre>
                        

                        
                        
                        
                    </div>
                
                </div>
            </div>
            
            <div class="testclass">
                <h4>test_minimal_requirements.TestRNFAdicionalesChatter</h4>
                <div class="testcases">
                
                    <div class="test outcome outcome-skipped">
                        <a id="d619d1a6-0473-4c2a-8eb2-a70b0bb90f08"></a>
                        <table class="proplist">
                            <tr><th>Test case:</th><td><b>test_chatter[mail_thread]</b></td></tr>
                            <tr><th>Outcome:</th><td>Skipped</td></tr>
                            <tr><th>Duration:</th><td>0.001 sec</td></tr>
                        
                        
                            <tr><th>Skipped</th><td></td></tr>
                        
                        </table>

                        
                        
                        <pre>skipped</pre>
                        

                        
                        
                        
                    </div>
                
                    <div class="test outcome outcome-skipped">
                        <a id="60497c03-265b-466f-82be-2e8bf8429eda"></a>
                        <table class="proplist">
                            <tr><th>Test case:</th><td><b>test_chatter[mail_activity_mixin]</b></td></tr>
                            <tr><th>Outcome:</th><td>Skipped</td></tr>
                            <tr><th>Duration:</th><td>0.0 sec</td></tr>
                        
                        
                            <tr><th>Skipped</th><td></td></tr>
                        
                        </table>

                        
                        
                        <pre>skipped</pre>
                        

                        
                        
                        
                    </div>
                
                    <div class="test outcome outcome-skipped">
                        <a id="39e9acca-7981-4edb-ae0d-423ba670a6b6"></a>
                        <table class="proplist">
                            <tr><th>Test case:</th><td><b>test_chatter_tracking</b></td></tr>
                            <tr><th>Outcome:</th><td>Skipped</td></tr>
                            <tr><th>Duration:</th><td>0.001 sec</td></tr>
                        
                        
                            <tr><th>Skipped</th><td></td></tr>
                        
                        </table>

                        
                        
                        <pre>skipped</pre>
                        

                        
                        
                        
                    </div>
                
                    <div class="test outcome outcome-skipped">
                        <a id="36b143ec-9a5f-426c-b846-fecc586d91db"></a>
                        <table class="proplist">
                            <tr><th>Test case:</th><td><b>test_vista_chatter_div</b></td></tr>
                            <tr><th>Outcome:</th><td>Skipped</td></tr>
                            <tr><th>Duration:</th><td>0.001 sec</td></tr>
                        
                        
                            <tr><th>Skipped</th><td></td></tr>
                        
                        </table>

                        
                        
                        <pre>skipped</pre>
                        

                        
                        
                        
                    </div>
                
                    <div class="test outcome outcome-skipped">
                        <a id="c80eb768-b4e7-480e-8122-d27ab5a88576"></a>
                        <table class="proplist">
                            <tr><th>Test case:</th><td><b>test_vista_chatter_fields[.//field[@name=&#34;message_follower_ids&#34;]]</b></td></tr>
                            <tr><th>Outcome:</th><td>Skipped</td></tr>
                            <tr><th>Duration:</th><td>0.001 sec</td></tr>
                        
                        
                            <tr><th>Skipped</th><td></td></tr>
                        
                        </table>

                        
                        
                        <pre>skipped</pre>
                        

                        
                        
                        
                    </div>
                
                    <div class="test outcome outcome-skipped">
                        <a id="00888c26-040e-4a8c-91b2-4d0a5764cee1"></a>
                        <table class="proplist">
                            <tr><th>Test case:</th><td><b>test_vista_chatter_fields[.//field[@name=&#34;activity_ids&#34;]]</b></td></tr>
                            <tr><th>Outcome:</th><td>Skipped</td></tr>
                            <tr><th>Duration:</th><td>0.001 sec</td></tr>
                        
                        
                            <tr><th>Skipped</th><td></td></tr>
                        
                        </table>

                        
                        
                        <pre>skipped</pre>
                        

                        
                        
                        
                    </div>
                
                    <div class="test outcome outcome-skipped">
                        <a id="8fc61816-62f2-4584-8718-458fe65f42d9"></a>
                        <table class="proplist">
                            <tr><th>Test case:</th><td><b>test_vista_chatter_fields[.//field[@name=&#34;message_ids&#34;]]</b></td></tr>
                            <tr><th>Outcome:</th><td>Skipped</td></tr>
                            <tr><th>Duration:</th><td>0.002 sec</td></tr>
                        
                        
                            <tr><th>Skipped</th><td></td></tr>
                        
                        </table>

                        
                        
                        <pre>skipped</pre>
                        

                        
                        
                        
                    </div>
                
                    <div class="test outcome outcome-skipped">
                        <a id="1659968e-27d3-4299-873a-095db86044d6"></a>
                        <table class="proplist">
                            <tr><th>Test case:</th><td><b>test_vista_chatter_fields[.//field[@widget=&#34;mail_followers&#34;]]</b></td></tr>
                            <tr><th>Outcome:</th><td>Skipped</td></tr>
                            <tr><th>Duration:</th><td>0.001 sec</td></tr>
                        
                        
                            <tr><th>Skipped</th><td></td></tr>
                        
                        </table>

                        
                        
                        <pre>skipped</pre>
                        

                        
                        
                        
                    </div>
                
                    <div class="test outcome outcome-skipped">
                        <a id="33d31ab5-8bdd-48cc-97c5-19c70eb67b33"></a>
                        <table class="proplist">
                            <tr><th>Test case:</th><td><b>test_vista_chatter_fields[.//field[@widget=&#34;mail_thread&#34;]]</b></td></tr>
                            <tr><th>Outcome:</th><td>Skipped</td></tr>
                            <tr><th>Duration:</th><td>0.0 sec</td></tr>
                        
                        
                            <tr><th>Skipped</th><td></td></tr>
                        
                        </table>

                        
                        
                        <pre>skipped</pre>
                        

                        
                        
                        
                    </div>
                
                    <div class="test outcome outcome-skipped">
                        <a id="22c0354f-399c-4921-aa6e-2fa43172a6e2"></a>
                        <table class="proplist">
                            <tr><th>Test case:</th><td><b>test_vista_chatter_fields[.//field[@widget=&#34;mail_activity&#34;]]</b></td></tr>
                            <tr><th>Outcome:</th><td>Skipped</td></tr>
                            <tr><th>Duration:</th><td>3.463 sec</td></tr>
                        
                        
                            <tr><th>Skipped</th><td></td></tr>
                        
                        </table>

                        
                        
                        <pre>skipped</pre>
                        

                        
                        
                        
                    </div>
                
                </div>
            </div>
            
        </div>
    </div>
    



<p class="footer">
    Generated by junit2html
</p>
</body>
</html>