<!DOCTYPE html>
<html lang="en">
<head>
    <meta charset="UTF-8">
    <title>mbs_instituto-pytest.xml</title>
    <style type="text/css">
        body {
    background-color: white;
    padding-bottom: 20em;
    margin: 0;
    min-height: 15cm;
}

h1, h2, h3, h4, h5, h6, h7 {
    font-family: sans-serif;
}

h1 {
    background-color: #007acc;
    color: white;
    padding: 3mm;
    margin-top: 0;
    margin-bottom: 1mm;
}

.footer {
    font-style: italic;
    font-size: small;
    text-align: right;
    padding: 1em;
}

.testsuite {
    padding-bottom: 2em;
    margin-left: 1em;
}

.proplist {
    width: 100%;
    margin-bottom: 2em;
    border-collapse: collapse;
    border: 1px solid grey;
}

.proplist th {
    background-color: silver;
    width: 5em;
    padding: 2px;
    padding-right: 1em;
    text-align: left;
}

.proplist td {
    padding: 2px;
}

.index-table {
    width: 90%;
    margin-left: 1em;
}

.index-table td {
    vertical-align: top;
    max-width: 200px;
    word-wrap: break-word;
}

.failure-index {

}

.toc {
    margin-bottom: 2em;
    font-family: monospace;
}

.stdio, pre {
    min-height: 1em;
    background-color: #1e1e1e;
    color: silver;
    padding: 0.5em;
}
.tdpre {
    background-color: #1e1e1e;
}

.test {
    margin-left: 0.5cm;
}

.outcome {
    border-left: 1em;
    padding: 2px;
}

.outcome-failed {
    border-left: 1em solid lightcoral;
}

.outcome-passed {
    border-left: 1em solid lightgreen;
}

.outcome-skipped {
    border-left: 1em dotted silver;
}

.stats-table {
}

.stats-table td {
    min-width: 4em;
    text-align: right;
}

.stats-table .failed {
    background-color: lightcoral;
}

.stats-table .passed {
    background-color: lightgreen;
}

.matrix-table {
    table-layout: fixed;
    border-spacing: 0;
    width: available;
    margin-left: 1em;
}

.matrix-table td {
    vertical-align: center;
}

.matrix-table td:last-child {
    width: 0;
}

.matrix-table tr:hover {
    background-color: yellow;
}

.matrix-axis-name {
    white-space: nowrap;
    padding-right: 0.5em;
    border-left: 1px solid black;
    border-top: 1px solid black;
    text-align: right;
}

.matrix-axis-line {
    border-left: 1px solid black;
    width: 0.5em;
}

.matrix-classname {
    text-align: left;
    width: 100%;
    border-top: 2px solid grey;
    border-bottom: 1px solid silver;
}

.matrix-casename {
    text-align: left;
    font-weight: normal;
    font-style: italic;
    padding-left: 1em;
    border-bottom: 1px solid silver;
}

.matrix-result {
    display: block;
    width: 1em;
    text-align: center;
    padding: 1mm;
    margin: 0;
}

.matrix-result-combined {
    white-space: nowrap;
    padding-right: 0.2em;
    text-align: right;
}

.matrix-result-failed {
    background-color: lightcoral;
}

.matrix-result-passed {
    background-color: lightgreen;
}

.matrix-result-skipped {
    background-color: lightyellow;
}

.matrix-even {
    background-color: lightgray;
}
    </style>
</head>
<body>
    
<h1>
    Test Report : mbs_instituto-pytest.xml
</h1>
<a id="toc"></a>
<table class="index-table">
    <tr>
        <td>
            <ul class="toc">
            
                
                <li>test_minimal_requirements.TestRNF1
                <ul>
                    
                    <li><a href="#716ecd99-5cdd-4558-b08d-48031ca9f9df">test_app_tiene_al_menos_4_modelos</a></li>
                    
                    <li><a href="#2254b31e-815a-4100-9f3c-0fd4b0ac8b17">test_modelos_en_ficheros_individuales</a></li>
                    
                </ul>
                </li>
                
                <li>test_minimal_requirements.TestRNF2
                <ul>
                    
                    <li><a href="#1dc3516a-e5be-4ee8-b331-b69b7f0ac486">test_relacion_many2many</a></li>
                    
                    <li><a href="#8ba1f509-a336-4654-bc40-94ce96bdbeb6">test_modelos_tienen_algun_campo_relacion[one2many]</a></li>
                    
                    <li><a href="#f87fe43f-9696-4340-be6a-636a97012c8a">test_modelos_tienen_algun_campo_relacion[many2one]</a></li>
                    
                    <li><a href="#3e7249aa-cf2b-429a-b922-25377397faac">test_unknown_comodel_name</a></li>
                    
                </ul>
                </li>
                
                <li>test_minimal_requirements.TestRNF3
                <ul>
                    
                    <li><a href="#b63dcc38-2a15-4554-b8a3-2d44f929e869">test_modelos_tienen_vista[tree]</a></li>
                    
                    <li><a href="#41e02870-e6d7-4fc0-bdeb-17a7c5f729f0">test_modelos_tienen_vista[form]</a></li>
                    
                    <li><a href="#c499a320-d6f7-45f5-8dce-bf3c0de6eb3f">test_formularios_tienen_vista_anidada_para_campos_X2many[one2many]</a></li>
                    
                    <li><a href="#c9a02845-9e85-4d72-89ab-ae36d24c6b32">test_formularios_tienen_vista_anidada_para_campos_X2many[many2many]</a></li>
                    
                </ul>
                </li>
                
                <li>test_minimal_requirements.TestRNF4
                <ul>
                    
                    <li><a href="#88c3d228-05d6-47a9-9453-39b2c0ed8cc4">test_vistas_en_ficheros_individuales</a></li>
                    
                </ul>
                </li>
                
                <li>test_minimal_requirements.TestRNF5
                <ul>
                    
                    <li><a href="#ed889f20-e09f-49e9-b2c2-077df51a4759">test_modelos_tienen_algun_posible_campo_imagen</a></li>
                    
                    <li><a href="#04d4982b-00a5-4c5a-b788-00aa98adefd7">test_alguna_vista_tiene_campo_imagen</a></li>
                    
                </ul>
                </li>
                
                <li>test_minimal_requirements.TestRNF6
                <ul>
                    
                    <li><a href="#c4fe723b-e6cf-4372-8680-028c49e2b0fe">test_modelos_tienen_acciones</a></li>
                    
                    <li><a href="#e007587b-37a1-4670-a9cf-7cdf45763575">test_hay_elementos_de_menu[.//menuitem[@action]]</a></li>
                    
                </ul>
                </li>
                
                <li>test_minimal_requirements.TestRNF7
                <ul>
                    
                    <li><a href="#86fc4201-7e97-4af1-bf8a-6d925844f039">test_modelos_tienen_permisos</a></li>
                    
                </ul>
                </li>
                
                <li>test_minimal_requirements.TestRNF8
                <ul>
                    
                    <li><a href="#7ad4ac69-670b-4a50-8349-1283ca698a62">test_app_tiene_icono</a></li>
                    
                </ul>
                </li>
                
                <li>test_minimal_requirements.TestRNF9
                <ul>
                    
                    <li><a href="#b19a0269-02b4-4559-93df-7da2e76ae37b">test_modelos_tienen_datos_demo</a></li>
                    
                </ul>
                </li>
                
                <li>test_minimal_requirements.TestRNFGit
                <ul>
                    
                    <li><a href="#1d8db894-8500-489a-8d2f-e61adc5d3d35">test_git_commit_frecuentes</a></li>
                    
                </ul>
                </li>
                
                <li>test_minimal_requirements.TestRNFCalidad
                <ul>
                    
                    <li><a href="#dd11b1b0-12e0-4596-846b-5aed5e980c48">test_odoo_disponible</a></li>
                    
                    <li><a href="#5a1b13ca-dfcd-4cf9-bae7-7a0a640a244d">test_app_instalada</a></li>
                    
                    <li><a href="#7a3daa5e-b6c2-4cec-b4fe-b9fe09f4aeea">test_otras_apps_entregadas_son_dependencias</a></li>
                    
                    <li><a href="#0e8059fa-24f8-4eb4-b4f1-2161ef904f48">test_no_hay_elementos_xml_comentados</a></li>
                    
                    <li><a href="#43facf56-ef30-4220-af61-c28d5dd2f686">test_no_hay_codigo_python_comentado</a></li>
                    
                    <li><a href="#b7fece9e-48af-42ca-b208-21d44630ae15">test_log_servidor_sin_errores</a></li>
                    
                </ul>
                </li>
                
                <li>test_minimal_requirements.TestOtros
                <ul>
                    
                    <li><a href="#e73a337b-c88c-4da4-b2a7-7d1178e303ff">test_log_sin_warnings</a></li>
                    
                </ul>
                </li>
                
                <li>test_minimal_requirements.TestRNFAdicionalesKanban
                <ul>
                    
                    <li><a href="#931f684a-10b1-4b8c-ae16-30664d0834d9">test_vista_kanban[/kanban]</a>[s]</li>
                    
                    <li><a href="#76e2fe13-5077-44bc-89bb-e36f15e395b5">test_vista_kanban[/kanban[@default_group_by]]</a>[s]</li>
                    
                    <li><a href="#d75f6eeb-edd6-4f95-9eeb-33b0ac6f4427">test_vista_kanban_imagen[/img]</a>[s]</li>
                    
                    <li><a href="#ddf29c8c-8a6c-4f4f-9349-226c06a1a448">test_vista_kanban_imagen[/field[@preview_image]]</a>[s]</li>
                    
                    <li><a href="#e6ed2230-0c45-4f7f-a1d9-1839ce955dba">test_vista_kanban_imagen[/field[@widget=&#34;image&#34;]]</a>[s]</li>
                    
                </ul>
                </li>
                
                <li>test_minimal_requirements.TestRNFAdicionalesBusqueda
                <ul>
                    
                    <li><a href="#4ef79072-c1c6-4e50-b71c-05efd26349e0">test_vista_search[/search]</a>[s]</li>
                    
                    <li><a href="#a82fa2ef-9ead-4562-b404-d7c67c70509a">test_vista_search_compleja[/filter[@domain]]</a>[s]</li>
                    
                    <li><a href="#8eac8b15-0f83-4170-9171-1e05502b69a7">test_vista_search_compleja[/group//filter[@context]]</a>[s]</li>
                    
                </ul>
                </li>
                
                <li>test_minimal_requirements.TestRNFAdicionalesOtrasVistas
                <ul>
                    
                    <li><a href="#85aa1664-e3fa-40b8-8cfe-8e7634f976ba">test_otras_vistas_adicionales[activity]</a>[s]</li>
                    
                    <li><a href="#f6077801-ccb9-4e5c-8e27-3521711720fb">test_otras_vistas_adicionales[calendar]</a>[s]</li>
                    
                    <li><a href="#87903194-022a-44a3-897a-94f61143860a">test_otras_vistas_adicionales[graph]</a>[s]</li>
                    
                    <li><a href="#37451d0a-4b45-463f-a9bf-fbcdd4047754">test_otras_vistas_adicionales[pivot]</a>[s]</li>
                    
                </ul>
                </li>
                
                <li>test_minimal_requirements.TestRNFAdicionalesConstraints
                <ul>
                    
                    <li><a href="#5ffe3109-a896-4005-a931-ddfdb62af4ea">test_constraints_sql</a>[s]</li>
                    
                </ul>
                </li>
                
                <li>test_minimal_requirements.TestRNFAdicionalesSeguridadAvanzada
                <ul>
                    
                    <li><a href="#7994157f-1574-487c-9d3c-8cbcd0a7be6d">test_seguridad_con_grupos_propios</a></li>
                    
                </ul>
                </li>
                
                <li>test_minimal_requirements.TestRNFAdicionalesDatosAvanzados
                <ul>
                    
                    <li><a href="#071492fd-f2a5-45d9-b331-d6cdb0ab3495">test_datos_maestros_o_demo_avanzados[binary]</a>[s]</li>
                    
                    <li><a href="#231f9c50-cda2-499b-ae4a-030298053848">test_datos_maestros_o_demo_avanzados[many2many]</a>[s]</li>
                    
                    <li><a href="#d5a8f311-80a9-4e65-a2e3-7a9139d23fd0">test_datos_maestros_o_demo_avanzados[many2one]</a>[s]</li>
                    
                </ul>
                </li>
                
                <li>test_minimal_requirements.TestRNFAdicionalesHerenciaVistas
                <ul>
                    
                    <li><a href="#d4de5a73-fcf7-430d-bd49-57cca1ec7a98">test_herencia_en_vistas_con_position</a>[s]</li>
                    
                    <li><a href="#515b1f33-58bf-4626-b0e7-d3b70abbf8f8">test_herencia_en_vistas_con_inherit_id</a>[s]</li>
                    
                </ul>
                </li>
                
                <li>test_minimal_requirements.TestRNFAdicionalesHerenciaModelos
                <ul>
                    
                    <li><a href="#399bb5e3-6d12-4dcb-969f-bd6dbcee7c7d">test_modelos_existentes_modificados_por_herencia</a>[s]</li>
                    
                    <li><a href="#0332d58b-214f-440b-8a92-27621f4f7ad9">test_nuevos_modelos_con_herencia</a>[s]</li>
                    
                </ul>
                </li>
                
                <li>test_minimal_requirements.TestRNFAdicionalesTraducciones
                <ul>
                    
                    <li><a href="#2e30d83b-f5fc-4aee-b92b-4bf8e4248933">test_i18n</a></li>
                    
                </ul>
                </li>
                
                <li>test_minimal_requirements.TestRNFAdicionalesInformes
                <ul>
                    
                    <li><a href="#edf5d9da-3bcd-4180-b604-560fb90c660f">test_informes[report]</a></li>
                    
                    <li><a href="#5177983a-1ed1-4b37-9f4d-9a5b5e839c4f">test_informes[template]</a></li>
                    
                    <li><a href="#15d401c0-8e81-4156-85f8-86ffec3bdb90">test_informes_complejos[/t[@t-foreach]]</a></li>
                    
                    <li><a href="#9f8aa248-828d-477a-8f31-eeedf35e5875">test_informes_complejos[/img[@t-att-src]]</a></li>
                    
                    <li><a href="#c2b0c624-62cc-4fdb-b2a1-efaa5cc881d6">test_informes_complejos[/t[@t-call and not(@t-call=&#34;web.external_layout&#34; or @t-call=&#34;web.html_container&#34;)]]</a>[s]</li>
                    
                </ul>
                </li>
                
                <li>test_minimal_requirements.TestRNFAdicionalesChatter
                <ul>
                    
                    <li><a href="#be2ff3c4-046a-4dff-bec3-49eb9aeb5827">test_chatter[mail_thread]</a>[s]</li>
                    
                    <li><a href="#80279b89-8420-45ae-85ca-d497a77b148a">test_chatter[mail_activity_mixin]</a>[s]</li>
                    
                    <li><a href="#f910895b-71d4-4d9d-a0e5-207a975cec67">test_chatter_tracking</a>[s]</li>
                    
                    <li><a href="#cf742879-3704-4fdf-b670-bbf3d78461ae">test_vista_chatter_div</a>[s]</li>
                    
                    <li><a href="#5640fa3d-8002-4247-8472-f77d89c09866">test_vista_chatter_fields[.//field[@name=&#34;message_follower_ids&#34;]]</a>[s]</li>
                    
                    <li><a href="#36d3586c-999d-449f-ad7c-a2cb44572955">test_vista_chatter_fields[.//field[@name=&#34;activity_ids&#34;]]</a>[s]</li>
                    
                    <li><a href="#b1c7de0f-27c7-4560-91b5-3a121b17ec35">test_vista_chatter_fields[.//field[@name=&#34;message_ids&#34;]]</a></li>
                    
                    <li><a href="#e20fa9ed-3a33-46fe-8bf4-61ab69808eb3">test_vista_chatter_fields[.//field[@widget=&#34;mail_followers&#34;]]</a>[s]</li>
                    
                    <li><a href="#d6cb8923-9360-455d-a135-5986d2fd3ea7">test_vista_chatter_fields[.//field[@widget=&#34;mail_thread&#34;]]</a>[s]</li>
                    
                    <li><a href="#d8b9387e-3ef0-4910-988a-b9427d33971e">test_vista_chatter_fields[.//field[@widget=&#34;mail_activity&#34;]]</a>[s]</li>
                    
                </ul>
                </li>
                
            
            </ul>
        </td>
        <td class="failure-index">
            <ul class="toc">
            
                
                    
                    
                    <li><a href="#716ecd99-5cdd-4558-b08d-48031ca9f9df">[F] test_minimal_requirements.TestRNF1 : test_app_tiene_al_menos_4_modelos</a></li>
                    
                    
                    
                    <li><a href="#2254b31e-815a-4100-9f3c-0fd4b0ac8b17">[F] test_minimal_requirements.TestRNF1 : test_modelos_en_ficheros_individuales</a></li>
                    
                    
                
                    
                    
                    <li><a href="#1dc3516a-e5be-4ee8-b331-b69b7f0ac486">[F] test_minimal_requirements.TestRNF2 : test_relacion_many2many</a></li>
                    
                    
                    
                    <li><a href="#8ba1f509-a336-4654-bc40-94ce96bdbeb6">[F] test_minimal_requirements.TestRNF2 : test_modelos_tienen_algun_campo_relacion[one2many]</a></li>
                    
                    
                    
                    <li><a href="#f87fe43f-9696-4340-be6a-636a97012c8a">[F] test_minimal_requirements.TestRNF2 : test_modelos_tienen_algun_campo_relacion[many2one]</a></li>
                    
                    
                    
                    
                
                    
                    
                    <li><a href="#b63dcc38-2a15-4554-b8a3-2d44f929e869">[F] test_minimal_requirements.TestRNF3 : test_modelos_tienen_vista[tree]</a></li>
                    
                    
                    
                    <li><a href="#41e02870-e6d7-4fc0-bdeb-17a7c5f729f0">[F] test_minimal_requirements.TestRNF3 : test_modelos_tienen_vista[form]</a></li>
                    
                    
                    
                    <li><a href="#c499a320-d6f7-45f5-8dce-bf3c0de6eb3f">[F] test_minimal_requirements.TestRNF3 : test_formularios_tienen_vista_anidada_para_campos_X2many[one2many]</a></li>
                    
                    
                    
                    <li><a href="#c9a02845-9e85-4d72-89ab-ae36d24c6b32">[F] test_minimal_requirements.TestRNF3 : test_formularios_tienen_vista_anidada_para_campos_X2many[many2many]</a></li>
                    
                    
                
                    
                    
                    
                
                    
                    
                    <li><a href="#ed889f20-e09f-49e9-b2c2-077df51a4759">[F] test_minimal_requirements.TestRNF5 : test_modelos_tienen_algun_posible_campo_imagen</a></li>
                    
                    
                    
                    <li><a href="#04d4982b-00a5-4c5a-b788-00aa98adefd7">[F] test_minimal_requirements.TestRNF5 : test_alguna_vista_tiene_campo_imagen</a></li>
                    
                    
                
                    
                    
                    <li><a href="#c4fe723b-e6cf-4372-8680-028c49e2b0fe">[F] test_minimal_requirements.TestRNF6 : test_modelos_tienen_acciones</a></li>
                    
                    
                    
                    
                
                    
                    
                    <li><a href="#86fc4201-7e97-4af1-bf8a-6d925844f039">[F] test_minimal_requirements.TestRNF7 : test_modelos_tienen_permisos</a></li>
                    
                    
                
                    
                    
                    
                
                    
                    
                    <li><a href="#b19a0269-02b4-4559-93df-7da2e76ae37b">[F] test_minimal_requirements.TestRNF9 : test_modelos_tienen_datos_demo</a></li>
                    
                    
                
                    
                    
                    
                
                    
                    
                    
                    
                    <li><a href="#5a1b13ca-dfcd-4cf9-bae7-7a0a640a244d">[F] test_minimal_requirements.TestRNFCalidad : test_app_instalada</a></li>
                    
                    
                    
                    <li><a href="#7a3daa5e-b6c2-4cec-b4fe-b9fe09f4aeea">[F] test_minimal_requirements.TestRNFCalidad : test_otras_apps_entregadas_son_dependencias</a></li>
                    
                    
                    
                    
                    
                    
                    
                    
                
                    
                    
                    
                
                    
                    
                    
                    
                    
                    
                    
                    
                    
                    
                    
                
                    
                    
                    
                    
                    
                    
                    
                
                    
                    
                    
                    
                    
                    
                    
                    
                    
                
                    
                    
                    
                
                    
                    
                    
                
                    
                    
                    
                    
                    
                    
                    
                
                    
                    
                    
                    
                    
                
                    
                    
                    
                    
                    
                
                    
                    
                    
                
                    
                    
                    
                    
                    
                    
                    
                    
                    
                    
                    
                
                    
                    
                    
                    
                    
                    
                    
                    
                    
                    
                    
                    
                    
                    
                    
                    
                    
                    
                    
                    
                    
                
            
            </ul>
        </td>
    </tr>
</table>


    <div class="testsuite">
        <h2>Test Suite: pytest</h2>
        <a id="a6bcdf3d-dc94-4f58-8576-85a0a4ab3b26"></a>
        
        
        <h3>Results</h3>
        <table class="proplist">
            <tr>
                <th>Duration</th><td>68.316 sec</td>
            </tr>
            <tr>
                <th>Tests</th><td>63</td>
            </tr>
            <tr>
                <th>Failures</th><td>16</td>
            </tr>
        </table>

        <div class="testclasses">
            <h3>Tests</h3>
            
            <div class="testclass">
                <h4>test_minimal_requirements.TestRNF1</h4>
                <div class="testcases">
                
                    <div class="test outcome outcome-failed">
                        <a id="716ecd99-5cdd-4558-b08d-48031ca9f9df"></a>
                        <table class="proplist">
                            <tr><th>Test case:</th><td><b>test_app_tiene_al_menos_4_modelos</b></td></tr>
                            <tr><th>Outcome:</th><td>Failed</td></tr>
                            <tr><th>Duration:</th><td>62.015 sec</td></tr>
                        
                            <tr><th>Failed</th><td>AssertionError: No se han implementado suficientes clases o el atributo _name de alguna de ellas no tiene prefijo &#39;mbs_instituto.&#39;
assert 0 &gt;= 4
 +  where 0 = len([])
 +    where [] = &lt;test_minimal_requirements.SystemUnderTest object at 0x7ff389fac460&gt;.basename_app_models
 +  and   4 = &lt;test_minimal_requirements.TestRNF1 object at 0x7ff38a00a730&gt;.MIN</td></tr>
                        
                        
                        </table>

                        
                        <pre>self = &lt;test_minimal_requirements.TestRNF1 object at 0x7ff38a00a730&gt;
sut = &lt;test_minimal_requirements.SystemUnderTest object at 0x7ff389fac460&gt;

    def test_app_tiene_al_menos_4_modelos(self, sut):
&gt;       assert len(sut.basename_app_models) &gt;= self.MIN, f&#34;No se han implementado suficientes clases o el atributo _name de alguna de ellas no tiene prefijo &#39;{sut.app_prefix}.&#39;&#34;
E       AssertionError: No se han implementado suficientes clases o el atributo _name de alguna de ellas no tiene prefijo &#39;mbs_instituto.&#39;
E       assert 0 &gt;= 4
E        +  where 0 = len([])
E        +    where [] = &lt;test_minimal_requirements.SystemUnderTest object at 0x7ff389fac460&gt;.basename_app_models
E        +  and   4 = &lt;test_minimal_requirements.TestRNF1 object at 0x7ff38a00a730&gt;.MIN

test_minimal_requirements.py:250: AssertionError</pre>
                        
                        

                        
                        
                        
                    </div>
                
                    <div class="test outcome outcome-failed">
                        <a id="2254b31e-815a-4100-9f3c-0fd4b0ac8b17"></a>
                        <table class="proplist">
                            <tr><th>Test case:</th><td><b>test_modelos_en_ficheros_individuales</b></td></tr>
                            <tr><th>Outcome:</th><td>Failed</td></tr>
                            <tr><th>Duration:</th><td>0.001 sec</td></tr>
                        
                            <tr><th>Failed</th><td>AssertionError: No coinciden el número de modelos de datos de la aplicación con el número de ficheros Python en el paquete models - Al menos **4 clases**, implementadas en ficheros diferentes.
assert (0 + 0) == 4
 +  where 0 = len([])
 +    where [] = &lt;test_minimal_requirements.SystemUnderTest object at 0x7ff389fac460&gt;.basename_app_models
 +  and   0 = len([])
 +    where [] = &lt;test_minimal_requirements.SystemUnderTest object at 0x7ff389fac460&gt;.basename_app_extended_existing_models
 +  and   4 = len([&#39;profesor.py&#39;, &#39;asignatura.py&#39;, &#39;alumno.py&#39;, &#39;grupo.py&#39;])
 +    where [&#39;profesor.py&#39;, &#39;asignatura.py&#39;, &#39;alumno.py&#39;, &#39;grupo.py&#39;] = &lt;test_minimal_requirements.SystemUnderTest object at 0x7ff389fac460&gt;.basename_model_files</td></tr>
                        
                        
                        </table>

                        
                        <pre>self = &lt;test_minimal_requirements.TestRNF1 object at 0x7ff38a00aac0&gt;
sut = &lt;test_minimal_requirements.SystemUnderTest object at 0x7ff389fac460&gt;

    def test_modelos_en_ficheros_individuales(self, sut):
&gt;       assert (len(sut.basename_app_models) + len(sut.basename_app_extended_existing_models)) == len(sut.basename_model_files), f&#34;No coinciden el número de modelos de datos de la aplicación con el número de ficheros Python en el paquete models - {self.__doc__}&#34;
E       AssertionError: No coinciden el número de modelos de datos de la aplicación con el número de ficheros Python en el paquete models - Al menos **4 clases**, implementadas en ficheros diferentes.
E       assert (0 + 0) == 4
E        +  where 0 = len([])
E        +    where [] = &lt;test_minimal_requirements.SystemUnderTest object at 0x7ff389fac460&gt;.basename_app_models
E        +  and   0 = len([])
E        +    where [] = &lt;test_minimal_requirements.SystemUnderTest object at 0x7ff389fac460&gt;.basename_app_extended_existing_models
E        +  and   4 = len([&#39;profesor.py&#39;, &#39;asignatura.py&#39;, &#39;alumno.py&#39;, &#39;grupo.py&#39;])
E        +    where [&#39;profesor.py&#39;, &#39;asignatura.py&#39;, &#39;alumno.py&#39;, &#39;grupo.py&#39;] = &lt;test_minimal_requirements.SystemUnderTest object at 0x7ff389fac460&gt;.basename_model_files

test_minimal_requirements.py:253: AssertionError</pre>
                        
                        

                        
                        
                        
                    </div>
                
                </div>
            </div>
            
            <div class="testclass">
                <h4>test_minimal_requirements.TestRNF2</h4>
                <div class="testcases">
                
                    <div class="test outcome outcome-failed">
                        <a id="1dc3516a-e5be-4ee8-b331-b69b7f0ac486"></a>
                        <table class="proplist">
                            <tr><th>Test case:</th><td><b>test_relacion_many2many</b></td></tr>
                            <tr><th>Outcome:</th><td>Failed</td></tr>
                            <tr><th>Duration:</th><td>0.018 sec</td></tr>
                        
                            <tr><th>Failed</th><td>AssertionError: Diferentes tipos de campos simples y relacionales (_one2many_, _many2one_ y _many2many_).
      En tu proyecto se debe implementar **al menos uno de cada tipo**.
assert 0 &gt;= 1
 +  where 0 = len([])
 +  and   1 = &lt;test_minimal_requirements.TestRNF2 object at 0x7ff38a00af10&gt;.MIN</td></tr>
                        
                        
                        </table>

                        
                        <pre>self = &lt;test_minimal_requirements.TestRNF2 object at 0x7ff38a00af10&gt;
sut = &lt;test_minimal_requirements.SystemUnderTest object at 0x7ff389fac460&gt;

    def test_relacion_many2many(self, sut):
            app_id = sut.execute_kw(&#39;ir.module.module&#39;, &#39;search&#39;, [[(&#39;name&#39;, &#39;=&#39;, sut.app_prefix)]]).pop()
            ids = sut.execute_kw(&#39;ir.model.relation&#39;, &#39;search&#39;, [[(&#39;module&#39;, &#39;=&#39;, app_id)]])
            app_many2many_rels = sut.execute_kw(&#39;ir.model.relation&#39;, &#39;read&#39;, [ids], {&#39;fields&#39;: [&#39;name&#39;, &#39;model&#39;, &#39;module&#39;, &#39;display_name&#39;]})
&gt;           assert len(app_many2many_rels) &gt;= self.MIN, self.__doc__
E           AssertionError: Diferentes tipos de campos simples y relacionales (_one2many_, _many2one_ y _many2many_).
E                 En tu proyecto se debe implementar **al menos uno de cada tipo**.
E           assert 0 &gt;= 1
E            +  where 0 = len([])
E            +  and   1 = &lt;test_minimal_requirements.TestRNF2 object at 0x7ff38a00af10&gt;.MIN

test_minimal_requirements.py:267: AssertionError</pre>
                        
                        

                        
                        
                        
                    </div>
                
                    <div class="test outcome outcome-failed">
                        <a id="8ba1f509-a336-4654-bc40-94ce96bdbeb6"></a>
                        <table class="proplist">
                            <tr><th>Test case:</th><td><b>test_modelos_tienen_algun_campo_relacion[one2many]</b></td></tr>
                            <tr><th>Outcome:</th><td>Failed</td></tr>
                            <tr><th>Duration:</th><td>0.001 sec</td></tr>
                        
                            <tr><th>Failed</th><td>AssertionError: No hay modelos de datos
assert []
 +  where [] = &lt;test_minimal_requirements.SystemUnderTest object at 0x7ff389fac460&gt;.app_models</td></tr>
                        
                        
                        </table>

                        
                        <pre>self = &lt;test_minimal_requirements.TestRNF2 object at 0x7ff389f9a340&gt;
sut = &lt;test_minimal_requirements.SystemUnderTest object at 0x7ff389fac460&gt;
relationship = &#39;one2many&#39;

    @pytest.mark.parametrize(&#34;relationship&#34;, [&#39;one2many&#39;, &#39;many2one&#39;])
    def test_modelos_tienen_algun_campo_relacion(self, sut, relationship):
&gt;       assert len(sut.modelos_tienen_campos(relationship)) &gt;= self.MIN, f&#34;Diferentes tipos de campos (...) relacionales (...) _{relationship}_. En tu proyecto se debe implementar **al menos uno de cada tipo**.&#34;

test_minimal_requirements.py:271: 
_ _ _ _ _ _ _ _ _ _ _ _ _ _ _ _ _ _ _ _ _ _ _ _ _ _ _ _ _ _ _ _ _ _ _ _ _ _ _ _ 

self = &lt;test_minimal_requirements.SystemUnderTest object at 0x7ff389fac460&gt;
type = &#39;one2many&#39;

    def modelos_tienen_campos(self, type):
        r = []
&gt;       assert self.app_models, &#34;No hay modelos de datos&#34;
E       AssertionError: No hay modelos de datos
E       assert []
E        +  where [] = &lt;test_minimal_requirements.SystemUnderTest object at 0x7ff389fac460&gt;.app_models

test_minimal_requirements.py:147: AssertionError</pre>
                        
                        

                        
                        
                        
                    </div>
                
                    <div class="test outcome outcome-failed">
                        <a id="f87fe43f-9696-4340-be6a-636a97012c8a"></a>
                        <table class="proplist">
                            <tr><th>Test case:</th><td><b>test_modelos_tienen_algun_campo_relacion[many2one]</b></td></tr>
                            <tr><th>Outcome:</th><td>Failed</td></tr>
                            <tr><th>Duration:</th><td>0.001 sec</td></tr>
                        
                            <tr><th>Failed</th><td>AssertionError: No hay modelos de datos
assert []
 +  where [] = &lt;test_minimal_requirements.SystemUnderTest object at 0x7ff389fac460&gt;.app_models</td></tr>
                        
                        
                        </table>

                        
                        <pre>self = &lt;test_minimal_requirements.TestRNF2 object at 0x7ff389f9a820&gt;
sut = &lt;test_minimal_requirements.SystemUnderTest object at 0x7ff389fac460&gt;
relationship = &#39;many2one&#39;

    @pytest.mark.parametrize(&#34;relationship&#34;, [&#39;one2many&#39;, &#39;many2one&#39;])
    def test_modelos_tienen_algun_campo_relacion(self, sut, relationship):
&gt;       assert len(sut.modelos_tienen_campos(relationship)) &gt;= self.MIN, f&#34;Diferentes tipos de campos (...) relacionales (...) _{relationship}_. En tu proyecto se debe implementar **al menos uno de cada tipo**.&#34;

test_minimal_requirements.py:271: 
_ _ _ _ _ _ _ _ _ _ _ _ _ _ _ _ _ _ _ _ _ _ _ _ _ _ _ _ _ _ _ _ _ _ _ _ _ _ _ _ 

self = &lt;test_minimal_requirements.SystemUnderTest object at 0x7ff389fac460&gt;
type = &#39;many2one&#39;

    def modelos_tienen_campos(self, type):
        r = []
&gt;       assert self.app_models, &#34;No hay modelos de datos&#34;
E       AssertionError: No hay modelos de datos
E       assert []
E        +  where [] = &lt;test_minimal_requirements.SystemUnderTest object at 0x7ff389fac460&gt;.app_models

test_minimal_requirements.py:147: AssertionError</pre>
                        
                        

                        
                        
                        
                    </div>
                
                    <div class="test outcome outcome-passed">
                        <a id="3e7249aa-cf2b-429a-b922-25377397faac"></a>
                        <table class="proplist">
                            <tr><th>Test case:</th><td><b>test_unknown_comodel_name</b></td></tr>
                            <tr><th>Outcome:</th><td>Passed</td></tr>
                            <tr><th>Duration:</th><td>0.001 sec</td></tr>
                        
                        
                        </table>

                        
                        

                        
                        
                        
                    </div>
                
                </div>
            </div>
            
            <div class="testclass">
                <h4>test_minimal_requirements.TestRNF3</h4>
                <div class="testcases">
                
                    <div class="test outcome outcome-failed">
                        <a id="b63dcc38-2a15-4554-b8a3-2d44f929e869"></a>
                        <table class="proplist">
                            <tr><th>Test case:</th><td><b>test_modelos_tienen_vista[tree]</b></td></tr>
                            <tr><th>Outcome:</th><td>Failed</td></tr>
                            <tr><th>Duration:</th><td>0.001 sec</td></tr>
                        
                            <tr><th>Failed</th><td>assert []
 +  where [] = &lt;test_minimal_requirements.SystemUnderTest object at 0x7ff389fac460&gt;.app_models</td></tr>
                        
                        
                        </table>

                        
                        <pre>self = &lt;test_minimal_requirements.TestRNF3 object at 0x7ff389f9ad00&gt;
sut = &lt;test_minimal_requirements.SystemUnderTest object at 0x7ff389fac460&gt;
view_type = &#39;tree&#39;

    @pytest.mark.parametrize(&#34;view_type&#34;, [&#39;tree&#39;, &#39;form&#39;])
    def test_modelos_tienen_vista(self, sut, view_type):
&gt;       assert len(sut.basename_app_models) == sut.modelos_tienen_vista(view_type) , f&#34;No coinciden el número de modelos de datos de la aplicación con el número de vistas {view_type} - {self.__doc__}&#34;

test_minimal_requirements.py:287: 
_ _ _ _ _ _ _ _ _ _ _ _ _ _ _ _ _ _ _ _ _ _ _ _ _ _ _ _ _ _ _ _ _ _ _ _ _ _ _ _ 

self = &lt;test_minimal_requirements.SystemUnderTest object at 0x7ff389fac460&gt;
type = &#39;tree&#39;

    def modelos_tienen_vista(self, type):
        r = 0
&gt;       assert self.app_models
E       assert []
E        +  where [] = &lt;test_minimal_requirements.SystemUnderTest object at 0x7ff389fac460&gt;.app_models

test_minimal_requirements.py:157: AssertionError</pre>
                        
                        

                        
                        
                        
                    </div>
                
                    <div class="test outcome outcome-failed">
                        <a id="41e02870-e6d7-4fc0-bdeb-17a7c5f729f0"></a>
                        <table class="proplist">
                            <tr><th>Test case:</th><td><b>test_modelos_tienen_vista[form]</b></td></tr>
                            <tr><th>Outcome:</th><td>Failed</td></tr>
                            <tr><th>Duration:</th><td>0.001 sec</td></tr>
                        
                            <tr><th>Failed</th><td>assert []
 +  where [] = &lt;test_minimal_requirements.SystemUnderTest object at 0x7ff389fac460&gt;.app_models</td></tr>
                        
                        
                        </table>

                        
                        <pre>self = &lt;test_minimal_requirements.TestRNF3 object at 0x7ff389f9af10&gt;
sut = &lt;test_minimal_requirements.SystemUnderTest object at 0x7ff389fac460&gt;
view_type = &#39;form&#39;

    @pytest.mark.parametrize(&#34;view_type&#34;, [&#39;tree&#39;, &#39;form&#39;])
    def test_modelos_tienen_vista(self, sut, view_type):
&gt;       assert len(sut.basename_app_models) == sut.modelos_tienen_vista(view_type) , f&#34;No coinciden el número de modelos de datos de la aplicación con el número de vistas {view_type} - {self.__doc__}&#34;

test_minimal_requirements.py:287: 
_ _ _ _ _ _ _ _ _ _ _ _ _ _ _ _ _ _ _ _ _ _ _ _ _ _ _ _ _ _ _ _ _ _ _ _ _ _ _ _ 

self = &lt;test_minimal_requirements.SystemUnderTest object at 0x7ff389fac460&gt;
type = &#39;form&#39;

    def modelos_tienen_vista(self, type):
        r = 0
&gt;       assert self.app_models
E       assert []
E        +  where [] = &lt;test_minimal_requirements.SystemUnderTest object at 0x7ff389fac460&gt;.app_models

test_minimal_requirements.py:157: AssertionError</pre>
                        
                        

                        
                        
                        
                    </div>
                
                    <div class="test outcome outcome-failed">
                        <a id="c499a320-d6f7-45f5-8dce-bf3c0de6eb3f"></a>
                        <table class="proplist">
                            <tr><th>Test case:</th><td><b>test_formularios_tienen_vista_anidada_para_campos_X2many[one2many]</b></td></tr>
                            <tr><th>Outcome:</th><td>Failed</td></tr>
                            <tr><th>Duration:</th><td>0.001 sec</td></tr>
                        
                            <tr><th>Failed</th><td>AssertionError: No hay modelos de datos
assert []
 +  where [] = &lt;test_minimal_requirements.SystemUnderTest object at 0x7ff389fac460&gt;.app_models</td></tr>
                        
                        
                        </table>

                        
                        <pre>self = &lt;test_minimal_requirements.TestRNF3 object at 0x7ff389fa3370&gt;
sut = &lt;test_minimal_requirements.SystemUnderTest object at 0x7ff389fac460&gt;
relationship = &#39;one2many&#39;

    @pytest.mark.parametrize(&#34;relationship&#34;, [&#39;one2many&#39;, &#39;many2many&#39;])
    def test_formularios_tienen_vista_anidada_para_campos_X2many(self, sut, relationship):
        # @see https://www.cybrosys.com/blog/many2many-fields-and-its-widgets-odoo
        alternative_widgets = (&#39;many2many_default&#39;,
                                &#39;many2many_tags&#39;,
                                &#39;many2many_checkboxes&#39;,
                                &#39;many2many_kanban&#39;,
                                &#39;many2many_binary&#39;,
                                &#39;x2many_counter&#39;)
&gt;       fields = sut.modelos_tienen_campos(relationship)

test_minimal_requirements.py:298: 
_ _ _ _ _ _ _ _ _ _ _ _ _ _ _ _ _ _ _ _ _ _ _ _ _ _ _ _ _ _ _ _ _ _ _ _ _ _ _ _ 

self = &lt;test_minimal_requirements.SystemUnderTest object at 0x7ff389fac460&gt;
type = &#39;one2many&#39;

    def modelos_tienen_campos(self, type):
        r = []
&gt;       assert self.app_models, &#34;No hay modelos de datos&#34;
E       AssertionError: No hay modelos de datos
E       assert []
E        +  where [] = &lt;test_minimal_requirements.SystemUnderTest object at 0x7ff389fac460&gt;.app_models

test_minimal_requirements.py:147: AssertionError</pre>
                        
                        

                        
                        
                        
                    </div>
                
                    <div class="test outcome outcome-failed">
                        <a id="c9a02845-9e85-4d72-89ab-ae36d24c6b32"></a>
                        <table class="proplist">
                            <tr><th>Test case:</th><td><b>test_formularios_tienen_vista_anidada_para_campos_X2many[many2many]</b></td></tr>
                            <tr><th>Outcome:</th><td>Failed</td></tr>
                            <tr><th>Duration:</th><td>0.001 sec</td></tr>
                        
                            <tr><th>Failed</th><td>AssertionError: No hay modelos de datos
assert []
 +  where [] = &lt;test_minimal_requirements.SystemUnderTest object at 0x7ff389fac460&gt;.app_models</td></tr>
                        
                        
                        </table>

                        
                        <pre>self = &lt;test_minimal_requirements.TestRNF3 object at 0x7ff389fa3550&gt;
sut = &lt;test_minimal_requirements.SystemUnderTest object at 0x7ff389fac460&gt;
relationship = &#39;many2many&#39;

    @pytest.mark.parametrize(&#34;relationship&#34;, [&#39;one2many&#39;, &#39;many2many&#39;])
    def test_formularios_tienen_vista_anidada_para_campos_X2many(self, sut, relationship):
        # @see https://www.cybrosys.com/blog/many2many-fields-and-its-widgets-odoo
        alternative_widgets = (&#39;many2many_default&#39;,
                                &#39;many2many_tags&#39;,
                                &#39;many2many_checkboxes&#39;,
                                &#39;many2many_kanban&#39;,
                                &#39;many2many_binary&#39;,
                                &#39;x2many_counter&#39;)
&gt;       fields = sut.modelos_tienen_campos(relationship)

test_minimal_requirements.py:298: 
_ _ _ _ _ _ _ _ _ _ _ _ _ _ _ _ _ _ _ _ _ _ _ _ _ _ _ _ _ _ _ _ _ _ _ _ _ _ _ _ 

self = &lt;test_minimal_requirements.SystemUnderTest object at 0x7ff389fac460&gt;
type = &#39;many2many&#39;

    def modelos_tienen_campos(self, type):
        r = []
&gt;       assert self.app_models, &#34;No hay modelos de datos&#34;
E       AssertionError: No hay modelos de datos
E       assert []
E        +  where [] = &lt;test_minimal_requirements.SystemUnderTest object at 0x7ff389fac460&gt;.app_models

test_minimal_requirements.py:147: AssertionError</pre>
                        
                        

                        
                        
                        
                    </div>
                
                </div>
            </div>
            
            <div class="testclass">
                <h4>test_minimal_requirements.TestRNF4</h4>
                <div class="testcases">
                
                    <div class="test outcome outcome-passed">
                        <a id="88c3d228-05d6-47a9-9453-39b2c0ed8cc4"></a>
                        <table class="proplist">
                            <tr><th>Test case:</th><td><b>test_vistas_en_ficheros_individuales</b></td></tr>
                            <tr><th>Outcome:</th><td>Passed</td></tr>
                            <tr><th>Duration:</th><td>0.001 sec</td></tr>
                        
                        
                        </table>

                        
                        

                        
                        
                        
                    </div>
                
                </div>
            </div>
            
            <div class="testclass">
                <h4>test_minimal_requirements.TestRNF5</h4>
                <div class="testcases">
                
                    <div class="test outcome outcome-failed">
                        <a id="ed889f20-e09f-49e9-b2c2-077df51a4759"></a>
                        <table class="proplist">
                            <tr><th>Test case:</th><td><b>test_modelos_tienen_algun_posible_campo_imagen</b></td></tr>
                            <tr><th>Outcome:</th><td>Failed</td></tr>
                            <tr><th>Duration:</th><td>0.001 sec</td></tr>
                        
                            <tr><th>Failed</th><td>AssertionError: No hay modelos de datos
assert []
 +  where [] = &lt;test_minimal_requirements.SystemUnderTest object at 0x7ff389fac460&gt;.app_models</td></tr>
                        
                        
                        </table>

                        
                        <pre>self = &lt;test_minimal_requirements.TestRNF5 object at 0x7ff389fa3d60&gt;
sut = &lt;test_minimal_requirements.SystemUnderTest object at 0x7ff389fac460&gt;

    def test_modelos_tienen_algun_posible_campo_imagen(self, sut):
&gt;       posibles_campos_imagenes = sut.modelos_tienen_campos(&#39;binary&#39;)

test_minimal_requirements.py:318: 
_ _ _ _ _ _ _ _ _ _ _ _ _ _ _ _ _ _ _ _ _ _ _ _ _ _ _ _ _ _ _ _ _ _ _ _ _ _ _ _ 

self = &lt;test_minimal_requirements.SystemUnderTest object at 0x7ff389fac460&gt;
type = &#39;binary&#39;

    def modelos_tienen_campos(self, type):
        r = []
&gt;       assert self.app_models, &#34;No hay modelos de datos&#34;
E       AssertionError: No hay modelos de datos
E       assert []
E        +  where [] = &lt;test_minimal_requirements.SystemUnderTest object at 0x7ff389fac460&gt;.app_models

test_minimal_requirements.py:147: AssertionError</pre>
                        
                        

                        
                        
                        
                    </div>
                
                    <div class="test outcome outcome-failed">
                        <a id="04d4982b-00a5-4c5a-b788-00aa98adefd7"></a>
                        <table class="proplist">
                            <tr><th>Test case:</th><td><b>test_alguna_vista_tiene_campo_imagen</b></td></tr>
                            <tr><th>Outcome:</th><td>Failed</td></tr>
                            <tr><th>Duration:</th><td>0.001 sec</td></tr>
                        
                            <tr><th>Failed</th><td>AssertionError: No hay modelos de datos
assert []
 +  where [] = &lt;test_minimal_requirements.SystemUnderTest object at 0x7ff389fac460&gt;.app_models</td></tr>
                        
                        
                        </table>

                        
                        <pre>self = &lt;test_minimal_requirements.TestRNF5 object at 0x7ff389fa91c0&gt;
sut = &lt;test_minimal_requirements.SystemUnderTest object at 0x7ff389fac460&gt;

    def test_alguna_vista_tiene_campo_imagen(self, sut):
&gt;       assert any(sut.hay_vista_con_campo_atributo_y_valor(&#39;form&#39;, f, &#39;widget&#39;, &#39;image&#39;) for f in sut.modelos_tienen_campos(&#39;binary&#39;)), self.__doc__

test_minimal_requirements.py:323: 
_ _ _ _ _ _ _ _ _ _ _ _ _ _ _ _ _ _ _ _ _ _ _ _ _ _ _ _ _ _ _ _ _ _ _ _ _ _ _ _ 

self = &lt;test_minimal_requirements.SystemUnderTest object at 0x7ff389fac460&gt;
type = &#39;binary&#39;

    def modelos_tienen_campos(self, type):
        r = []
&gt;       assert self.app_models, &#34;No hay modelos de datos&#34;
E       AssertionError: No hay modelos de datos
E       assert []
E        +  where [] = &lt;test_minimal_requirements.SystemUnderTest object at 0x7ff389fac460&gt;.app_models

test_minimal_requirements.py:147: AssertionError</pre>
                        
                        

                        
                        
                        
                    </div>
                
                </div>
            </div>
            
            <div class="testclass">
                <h4>test_minimal_requirements.TestRNF6</h4>
                <div class="testcases">
                
                    <div class="test outcome outcome-failed">
                        <a id="c4fe723b-e6cf-4372-8680-028c49e2b0fe"></a>
                        <table class="proplist">
                            <tr><th>Test case:</th><td><b>test_modelos_tienen_acciones</b></td></tr>
                            <tr><th>Outcome:</th><td>Failed</td></tr>
                            <tr><th>Duration:</th><td>0.001 sec</td></tr>
                        
                            <tr><th>Failed</th><td>assert []
 +  where [] = &lt;test_minimal_requirements.SystemUnderTest object at 0x7ff389fac460&gt;.basename_app_models</td></tr>
                        
                        
                        </table>

                        
                        <pre>self = &lt;test_minimal_requirements.TestRNF6 object at 0x7ff389fa9670&gt;
sut = &lt;test_minimal_requirements.SystemUnderTest object at 0x7ff389fac460&gt;

    def test_modelos_tienen_acciones(self, sut):
&gt;       assert sut.basename_app_models
E       assert []
E        +  where [] = &lt;test_minimal_requirements.SystemUnderTest object at 0x7ff389fac460&gt;.basename_app_models

test_minimal_requirements.py:330: AssertionError</pre>
                        
                        

                        
                        
                        
                    </div>
                
                    <div class="test outcome outcome-passed">
                        <a id="e007587b-37a1-4670-a9cf-7cdf45763575"></a>
                        <table class="proplist">
                            <tr><th>Test case:</th><td><b>test_hay_elementos_de_menu[.//menuitem[@action]]</b></td></tr>
                            <tr><th>Outcome:</th><td>Passed</td></tr>
                            <tr><th>Duration:</th><td>0.002 sec</td></tr>
                        
                        
                        </table>

                        
                        

                        
                        
                        
                    </div>
                
                </div>
            </div>
            
            <div class="testclass">
                <h4>test_minimal_requirements.TestRNF7</h4>
                <div class="testcases">
                
                    <div class="test outcome outcome-failed">
                        <a id="86fc4201-7e97-4af1-bf8a-6d925844f039"></a>
                        <table class="proplist">
                            <tr><th>Test case:</th><td><b>test_modelos_tienen_permisos</b></td></tr>
                            <tr><th>Outcome:</th><td>Failed</td></tr>
                            <tr><th>Duration:</th><td>0.001 sec</td></tr>
                        
                            <tr><th>Failed</th><td>assert []
 +  where [] = &lt;test_minimal_requirements.SystemUnderTest object at 0x7ff389fac460&gt;.app_models</td></tr>
                        
                        
                        </table>

                        
                        <pre>self = &lt;test_minimal_requirements.TestRNF7 object at 0x7ff389fa9fd0&gt;
sut = &lt;test_minimal_requirements.SystemUnderTest object at 0x7ff389fac460&gt;

    def test_modelos_tienen_permisos(self, sut):
&gt;       assert sut.app_models
E       assert []
E        +  where [] = &lt;test_minimal_requirements.SystemUnderTest object at 0x7ff389fac460&gt;.app_models

test_minimal_requirements.py:351: AssertionError</pre>
                        
                        

                        
                        
                        
                    </div>
                
                </div>
            </div>
            
            <div class="testclass">
                <h4>test_minimal_requirements.TestRNF8</h4>
                <div class="testcases">
                
                    <div class="test outcome outcome-passed">
                        <a id="7ad4ac69-670b-4a50-8349-1283ca698a62"></a>
                        <table class="proplist">
                            <tr><th>Test case:</th><td><b>test_app_tiene_icono</b></td></tr>
                            <tr><th>Outcome:</th><td>Passed</td></tr>
                            <tr><th>Duration:</th><td>0.014 sec</td></tr>
                        
                        
                        </table>

                        
                        

                        
                        
                        
                    </div>
                
                </div>
            </div>
            
            <div class="testclass">
                <h4>test_minimal_requirements.TestRNF9</h4>
                <div class="testcases">
                
                    <div class="test outcome outcome-failed">
                        <a id="b19a0269-02b4-4559-93df-7da2e76ae37b"></a>
                        <table class="proplist">
                            <tr><th>Test case:</th><td><b>test_modelos_tienen_datos_demo</b></td></tr>
                            <tr><th>Outcome:</th><td>Failed</td></tr>
                            <tr><th>Duration:</th><td>0.001 sec</td></tr>
                        
                            <tr><th>Failed</th><td>AssertionError: No hay modelos de datos
assert []
 +  where [] = &lt;test_minimal_requirements.SystemUnderTest object at 0x7ff389fac460&gt;.app_models</td></tr>
                        
                        
                        </table>

                        
                        <pre>self = &lt;test_minimal_requirements.TestRNF9 object at 0x7ff389fac970&gt;
sut = &lt;test_minimal_requirements.SystemUnderTest object at 0x7ff389fac460&gt;

    def test_modelos_tienen_datos_demo(self, sut):
        total_demo_records = 0
        demo_records_en_todos = sut.app_models != []
&gt;       assert sut.app_models, &#34;No hay modelos de datos&#34;
E       AssertionError: No hay modelos de datos
E       assert []
E        +  where [] = &lt;test_minimal_requirements.SystemUnderTest object at 0x7ff389fac460&gt;.app_models

test_minimal_requirements.py:378: AssertionError</pre>
                        
                        

                        
                        
                        
                    </div>
                
                </div>
            </div>
            
            <div class="testclass">
                <h4>test_minimal_requirements.TestRNFGit</h4>
                <div class="testcases">
                
                    <div class="test outcome outcome-passed">
                        <a id="1d8db894-8500-489a-8d2f-e61adc5d3d35"></a>
                        <table class="proplist">
                            <tr><th>Test case:</th><td><b>test_git_commit_frecuentes</b></td></tr>
                            <tr><th>Outcome:</th><td>Passed</td></tr>
                            <tr><th>Duration:</th><td>0.001 sec</td></tr>
                        
                        
                        </table>

                        
                        

                        
                        
                        
                    </div>
                
                </div>
            </div>
            
            <div class="testclass">
                <h4>test_minimal_requirements.TestRNFCalidad</h4>
                <div class="testcases">
                
                    <div class="test outcome outcome-passed">
                        <a id="dd11b1b0-12e0-4596-846b-5aed5e980c48"></a>
                        <table class="proplist">
                            <tr><th>Test case:</th><td><b>test_odoo_disponible</b></td></tr>
                            <tr><th>Outcome:</th><td>Passed</td></tr>
                            <tr><th>Duration:</th><td>0.009 sec</td></tr>
                        
                        
                        </table>

                        
                        

                        
                        
                        
                    </div>
                
                    <div class="test outcome outcome-failed">
                        <a id="5a1b13ca-dfcd-4cf9-bae7-7a0a640a244d"></a>
                        <table class="proplist">
                            <tr><th>Test case:</th><td><b>test_app_instalada</b></td></tr>
                            <tr><th>Outcome:</th><td>Failed</td></tr>
                            <tr><th>Duration:</th><td>0.013 sec</td></tr>
                        
                            <tr><th>Failed</th><td>AssertionError: La aplicación no ha quedado instalada con éxito - El módulo tiene que ser instalable a partir del código entregado sin necesidad de hacer ningún cambio o modificación.
assert &#39;uninstalled&#39; == &#39;installed&#39;
  
  - installed
  + uninstalled
  ? ++</td></tr>
                        
                        
                        </table>

                        
                        <pre>self = &lt;test_minimal_requirements.TestRNFCalidad object at 0x7ff389facfd0&gt;
sut = &lt;test_minimal_requirements.SystemUnderTest object at 0x7ff389fac460&gt;

    def test_app_instalada(self, sut):
        ids = sut.execute_kw(&#39;ir.module.module&#39;, &#39;search&#39;, [[(&#39;name&#39;, &#39;=&#39;, sut.app_prefix)]])
        assert len(ids) == 1, &#34;No se ha encontrado la aplicación&#34;
        app = sut.execute_kw(&#39;ir.module.module&#39;, &#39;read&#39;, [ids], {&#39;fields&#39;: [&#39;name&#39;, &#39;icon_image&#39;, &#39;state&#39;]}).pop()
&gt;       assert app.get(&#34;state&#34;) == &#39;installed&#39;, &#34;La aplicación no ha quedado instalada con éxito - El módulo tiene que ser instalable a partir del código entregado sin necesidad de hacer ningún cambio o modificación.&#34;
E       AssertionError: La aplicación no ha quedado instalada con éxito - El módulo tiene que ser instalable a partir del código entregado sin necesidad de hacer ningún cambio o modificación.
E       assert &#39;uninstalled&#39; == &#39;installed&#39;
E         
E         - installed
E         + uninstalled
E         ? ++

test_minimal_requirements.py:416: AssertionError</pre>
                        
                        

                        
                        
                        
                    </div>
                
                    <div class="test outcome outcome-failed">
                        <a id="7a3daa5e-b6c2-4cec-b4fe-b9fe09f4aeea"></a>
                        <table class="proplist">
                            <tr><th>Test case:</th><td><b>test_otras_apps_entregadas_son_dependencias</b></td></tr>
                            <tr><th>Outcome:</th><td>Failed</td></tr>
                            <tr><th>Duration:</th><td>0.015 sec</td></tr>
                        
                            <tr><th>Failed</th><td>AssertionError: Parece que tu aplicación no depende de mbs_instituto, al instalar la tuya esta no ha quedado instalada automáticamente - Tu código debe estar bien probado, documentado, sin código comentado, sin ficheros innecesarios y con un *manifest* cuidado.
assert &#39;uninstalled&#39; == &#39;installed&#39;
  
  - installed
  + uninstalled
  ? ++</td></tr>
                        
                        
                        </table>

                        
                        <pre>self = &lt;test_minimal_requirements.TestRNFCalidad object at 0x7ff389faf430&gt;
sut = &lt;test_minimal_requirements.SystemUnderTest object at 0x7ff389fac460&gt;

    def test_otras_apps_entregadas_son_dependencias(self, sut):
        for third_party_app in buscar_dependencias_de_terceros_entregadas(sut):
            ids = sut.execute_kw(&#39;ir.module.module&#39;, &#39;search&#39;, [[(&#39;name&#39;, &#39;=&#39;, third_party_app)]])
            assert len(ids) == 1, f&#34;No se ha encontrado la aplicación {third_party_app}, ¿hay dependencia de esta aplicación?&#34;
            app = sut.execute_kw(&#39;ir.module.module&#39;, &#39;read&#39;, [ids], {&#39;fields&#39;: [&#39;name&#39;, &#39;icon_image&#39;, &#39;state&#39;]}).pop()
&gt;           assert app.get(&#34;state&#34;) == &#39;installed&#39;, f&#34;Parece que tu aplicación no depende de {third_party_app}, al instalar la tuya esta no ha quedado instalada automáticamente - Tu código debe estar bien probado, documentado, sin código comentado, sin ficheros innecesarios y con un *manifest* cuidado.&#34;
E           AssertionError: Parece que tu aplicación no depende de mbs_instituto, al instalar la tuya esta no ha quedado instalada automáticamente - Tu código debe estar bien probado, documentado, sin código comentado, sin ficheros innecesarios y con un *manifest* cuidado.
E           assert &#39;uninstalled&#39; == &#39;installed&#39;
E             
E             - installed
E             + uninstalled
E             ? ++

test_minimal_requirements.py:423: AssertionError</pre>
                        
                        

                        
                        
                        
                    </div>
                
                    <div class="test outcome outcome-passed">
                        <a id="0e8059fa-24f8-4eb4-b4f1-2161ef904f48"></a>
                        <table class="proplist">
                            <tr><th>Test case:</th><td><b>test_no_hay_elementos_xml_comentados</b></td></tr>
                            <tr><th>Outcome:</th><td>Passed</td></tr>
                            <tr><th>Duration:</th><td>0.003 sec</td></tr>
                        
                        
                        </table>

                        
                        

                        
                        
                        
                    </div>
                
                    <div class="test outcome outcome-passed">
                        <a id="43facf56-ef30-4220-af61-c28d5dd2f686"></a>
                        <table class="proplist">
                            <tr><th>Test case:</th><td><b>test_no_hay_codigo_python_comentado</b></td></tr>
                            <tr><th>Outcome:</th><td>Passed</td></tr>
                            <tr><th>Duration:</th><td>0.24 sec</td></tr>
                        
                        
                        </table>

                        
                        

                        
                        
                        
                    </div>
                
                    <div class="test outcome outcome-passed">
                        <a id="b7fece9e-48af-42ca-b208-21d44630ae15"></a>
                        <table class="proplist">
                            <tr><th>Test case:</th><td><b>test_log_servidor_sin_errores</b></td></tr>
                            <tr><th>Outcome:</th><td>Passed</td></tr>
                            <tr><th>Duration:</th><td>0.001 sec</td></tr>
                        
                        
                        </table>

                        
                        

                        
                        
                        
                    </div>
                
                </div>
            </div>
            
            <div class="testclass">
                <h4>test_minimal_requirements.TestOtros</h4>
                <div class="testcases">
                
                    <div class="test outcome outcome-passed">
                        <a id="e73a337b-c88c-4da4-b2a7-7d1178e303ff"></a>
                        <table class="proplist">
                            <tr><th>Test case:</th><td><b>test_log_sin_warnings</b></td></tr>
                            <tr><th>Outcome:</th><td>Passed</td></tr>
                            <tr><th>Duration:</th><td>0.001 sec</td></tr>
                        
                        
                        </table>

                        
                        

                        
                        
                        
                    </div>
                
                </div>
            </div>
            
            <div class="testclass">
                <h4>test_minimal_requirements.TestRNFAdicionalesKanban</h4>
                <div class="testcases">
                
                    <div class="test outcome outcome-skipped">
                        <a id="931f684a-10b1-4b8c-ae16-30664d0834d9"></a>
                        <table class="proplist">
                            <tr><th>Test case:</th><td><b>test_vista_kanban[/kanban]</b></td></tr>
                            <tr><th>Outcome:</th><td>Skipped</td></tr>
                            <tr><th>Duration:</th><td>0.001 sec</td></tr>
                        
                        
                            <tr><th>Skipped</th><td></td></tr>
                        
                        </table>

                        
                        
                        <pre>skipped</pre>
                        

                        
                        
                        
                    </div>
                
                    <div class="test outcome outcome-skipped">
                        <a id="76e2fe13-5077-44bc-89bb-e36f15e395b5"></a>
                        <table class="proplist">
                            <tr><th>Test case:</th><td><b>test_vista_kanban[/kanban[@default_group_by]]</b></td></tr>
                            <tr><th>Outcome:</th><td>Skipped</td></tr>
                            <tr><th>Duration:</th><td>0.001 sec</td></tr>
                        
                        
                            <tr><th>Skipped</th><td></td></tr>
                        
                        </table>

                        
                        
                        <pre>skipped</pre>
                        

                        
                        
                        
                    </div>
                
                    <div class="test outcome outcome-skipped">
                        <a id="d75f6eeb-edd6-4f95-9eeb-33b0ac6f4427"></a>
                        <table class="proplist">
                            <tr><th>Test case:</th><td><b>test_vista_kanban_imagen[/img]</b></td></tr>
                            <tr><th>Outcome:</th><td>Skipped</td></tr>
                            <tr><th>Duration:</th><td>0.001 sec</td></tr>
                        
                        
                            <tr><th>Skipped</th><td></td></tr>
                        
                        </table>

                        
                        
                        <pre>skipped</pre>
                        

                        
                        
                        
                    </div>
                
                    <div class="test outcome outcome-skipped">
                        <a id="ddf29c8c-8a6c-4f4f-9349-226c06a1a448"></a>
                        <table class="proplist">
                            <tr><th>Test case:</th><td><b>test_vista_kanban_imagen[/field[@preview_image]]</b></td></tr>
                            <tr><th>Outcome:</th><td>Skipped</td></tr>
                            <tr><th>Duration:</th><td>0.001 sec</td></tr>
                        
                        
                            <tr><th>Skipped</th><td></td></tr>
                        
                        </table>

                        
                        
                        <pre>skipped</pre>
                        

                        
                        
                        
                    </div>
                
                    <div class="test outcome outcome-skipped">
                        <a id="e6ed2230-0c45-4f7f-a1d9-1839ce955dba"></a>
                        <table class="proplist">
                            <tr><th>Test case:</th><td><b>test_vista_kanban_imagen[/field[@widget=&#34;image&#34;]]</b></td></tr>
                            <tr><th>Outcome:</th><td>Skipped</td></tr>
                            <tr><th>Duration:</th><td>0.001 sec</td></tr>
                        
                        
                            <tr><th>Skipped</th><td></td></tr>
                        
                        </table>

                        
                        
                        <pre>skipped</pre>
                        

                        
                        
                        
                    </div>
                
                </div>
            </div>
            
            <div class="testclass">
                <h4>test_minimal_requirements.TestRNFAdicionalesBusqueda</h4>
                <div class="testcases">
                
                    <div class="test outcome outcome-skipped">
                        <a id="4ef79072-c1c6-4e50-b71c-05efd26349e0"></a>
                        <table class="proplist">
                            <tr><th>Test case:</th><td><b>test_vista_search[/search]</b></td></tr>
                            <tr><th>Outcome:</th><td>Skipped</td></tr>
                            <tr><th>Duration:</th><td>0.001 sec</td></tr>
                        
                        
                            <tr><th>Skipped</th><td></td></tr>
                        
                        </table>

                        
                        
                        <pre>skipped</pre>
                        

                        
                        
                        
                    </div>
                
                    <div class="test outcome outcome-skipped">
                        <a id="a82fa2ef-9ead-4562-b404-d7c67c70509a"></a>
                        <table class="proplist">
                            <tr><th>Test case:</th><td><b>test_vista_search_compleja[/filter[@domain]]</b></td></tr>
                            <tr><th>Outcome:</th><td>Skipped</td></tr>
                            <tr><th>Duration:</th><td>0.001 sec</td></tr>
                        
                        
                            <tr><th>Skipped</th><td></td></tr>
                        
                        </table>

                        
                        
                        <pre>skipped</pre>
                        

                        
                        
                        
                    </div>
                
                    <div class="test outcome outcome-skipped">
                        <a id="8eac8b15-0f83-4170-9171-1e05502b69a7"></a>
                        <table class="proplist">
                            <tr><th>Test case:</th><td><b>test_vista_search_compleja[/group//filter[@context]]</b></td></tr>
                            <tr><th>Outcome:</th><td>Skipped</td></tr>
                            <tr><th>Duration:</th><td>0.001 sec</td></tr>
                        
                        
                            <tr><th>Skipped</th><td></td></tr>
                        
                        </table>

                        
                        
                        <pre>skipped</pre>
                        

                        
                        
                        
                    </div>
                
                </div>
            </div>
            
            <div class="testclass">
                <h4>test_minimal_requirements.TestRNFAdicionalesOtrasVistas</h4>
                <div class="testcases">
                
                    <div class="test outcome outcome-skipped">
                        <a id="85aa1664-e3fa-40b8-8cfe-8e7634f976ba"></a>
                        <table class="proplist">
                            <tr><th>Test case:</th><td><b>test_otras_vistas_adicionales[activity]</b></td></tr>
                            <tr><th>Outcome:</th><td>Skipped</td></tr>
                            <tr><th>Duration:</th><td>0.001 sec</td></tr>
                        
                        
                            <tr><th>Skipped</th><td></td></tr>
                        
                        </table>

                        
                        
                        <pre>skipped</pre>
                        

                        
                        
                        
                    </div>
                
                    <div class="test outcome outcome-skipped">
                        <a id="f6077801-ccb9-4e5c-8e27-3521711720fb"></a>
                        <table class="proplist">
                            <tr><th>Test case:</th><td><b>test_otras_vistas_adicionales[calendar]</b></td></tr>
                            <tr><th>Outcome:</th><td>Skipped</td></tr>
                            <tr><th>Duration:</th><td>0.001 sec</td></tr>
                        
                        
                            <tr><th>Skipped</th><td></td></tr>
                        
                        </table>

                        
                        
                        <pre>skipped</pre>
                        

                        
                        
                        
                    </div>
                
                    <div class="test outcome outcome-skipped">
                        <a id="87903194-022a-44a3-897a-94f61143860a"></a>
                        <table class="proplist">
                            <tr><th>Test case:</th><td><b>test_otras_vistas_adicionales[graph]</b></td></tr>
                            <tr><th>Outcome:</th><td>Skipped</td></tr>
                            <tr><th>Duration:</th><td>0.001 sec</td></tr>
                        
                        
                            <tr><th>Skipped</th><td></td></tr>
                        
                        </table>

                        
                        
                        <pre>skipped</pre>
                        

                        
                        
                        
                    </div>
                
                    <div class="test outcome outcome-skipped">
                        <a id="37451d0a-4b45-463f-a9bf-fbcdd4047754"></a>
                        <table class="proplist">
                            <tr><th>Test case:</th><td><b>test_otras_vistas_adicionales[pivot]</b></td></tr>
                            <tr><th>Outcome:</th><td>Skipped</td></tr>
                            <tr><th>Duration:</th><td>0.001 sec</td></tr>
                        
                        
                            <tr><th>Skipped</th><td></td></tr>
                        
                        </table>

                        
                        
                        <pre>skipped</pre>
                        

                        
                        
                        
                    </div>
                
                </div>
            </div>
            
            <div class="testclass">
                <h4>test_minimal_requirements.TestRNFAdicionalesConstraints</h4>
                <div class="testcases">
                
                    <div class="test outcome outcome-skipped">
                        <a id="5ffe3109-a896-4005-a931-ddfdb62af4ea"></a>
                        <table class="proplist">
                            <tr><th>Test case:</th><td><b>test_constraints_sql</b></td></tr>
                            <tr><th>Outcome:</th><td>Skipped</td></tr>
                            <tr><th>Duration:</th><td>0.017 sec</td></tr>
                        
                        
                            <tr><th>Skipped</th><td></td></tr>
                        
                        </table>

                        
                        
                        <pre>skipped</pre>
                        

                        
                        
                        
                    </div>
                
                </div>
            </div>
            
            <div class="testclass">
                <h4>test_minimal_requirements.TestRNFAdicionalesSeguridadAvanzada</h4>
                <div class="testcases">
                
                    <div class="test outcome outcome-passed">
                        <a id="7994157f-1574-487c-9d3c-8cbcd0a7be6d"></a>
                        <table class="proplist">
                            <tr><th>Test case:</th><td><b>test_seguridad_con_grupos_propios</b></td></tr>
                            <tr><th>Outcome:</th><td>Passed</td></tr>
                            <tr><th>Duration:</th><td>0.002 sec</td></tr>
                        
                        
                        </table>

                        
                        

                        
                        
                        
                    </div>
                
                </div>
            </div>
            
            <div class="testclass">
                <h4>test_minimal_requirements.TestRNFAdicionalesDatosAvanzados</h4>
                <div class="testcases">
                
                    <div class="test outcome outcome-skipped">
                        <a id="071492fd-f2a5-45d9-b331-d6cdb0ab3495"></a>
                        <table class="proplist">
                            <tr><th>Test case:</th><td><b>test_datos_maestros_o_demo_avanzados[binary]</b></td></tr>
                            <tr><th>Outcome:</th><td>Skipped</td></tr>
                            <tr><th>Duration:</th><td>0.001 sec</td></tr>
                        
                        
                            <tr><th>Skipped</th><td></td></tr>
                        
                        </table>

                        
                        
                        <pre>skipped</pre>
                        

                        
                        
                        
                    </div>
                
                    <div class="test outcome outcome-skipped">
                        <a id="231f9c50-cda2-499b-ae4a-030298053848"></a>
                        <table class="proplist">
                            <tr><th>Test case:</th><td><b>test_datos_maestros_o_demo_avanzados[many2many]</b></td></tr>
                            <tr><th>Outcome:</th><td>Skipped</td></tr>
                            <tr><th>Duration:</th><td>0.001 sec</td></tr>
                        
                        
                            <tr><th>Skipped</th><td></td></tr>
                        
                        </table>

                        
                        
                        <pre>skipped</pre>
                        

                        
                        
                        
                    </div>
                
                    <div class="test outcome outcome-skipped">
                        <a id="d5a8f311-80a9-4e65-a2e3-7a9139d23fd0"></a>
                        <table class="proplist">
                            <tr><th>Test case:</th><td><b>test_datos_maestros_o_demo_avanzados[many2one]</b></td></tr>
                            <tr><th>Outcome:</th><td>Skipped</td></tr>
                            <tr><th>Duration:</th><td>0.001 sec</td></tr>
                        
                        
                            <tr><th>Skipped</th><td></td></tr>
                        
                        </table>

                        
                        
                        <pre>skipped</pre>
                        

                        
                        
                        
                    </div>
                
                </div>
            </div>
            
            <div class="testclass">
                <h4>test_minimal_requirements.TestRNFAdicionalesHerenciaVistas</h4>
                <div class="testcases">
                
                    <div class="test outcome outcome-skipped">
                        <a id="d4de5a73-fcf7-430d-bd49-57cca1ec7a98"></a>
                        <table class="proplist">
                            <tr><th>Test case:</th><td><b>test_herencia_en_vistas_con_position</b></td></tr>
                            <tr><th>Outcome:</th><td>Skipped</td></tr>
                            <tr><th>Duration:</th><td>0.001 sec</td></tr>
                        
                        
                            <tr><th>Skipped</th><td></td></tr>
                        
                        </table>

                        
                        
                        <pre>skipped</pre>
                        

                        
                        
                        
                    </div>
                
                    <div class="test outcome outcome-skipped">
                        <a id="515b1f33-58bf-4626-b0e7-d3b70abbf8f8"></a>
                        <table class="proplist">
                            <tr><th>Test case:</th><td><b>test_herencia_en_vistas_con_inherit_id</b></td></tr>
                            <tr><th>Outcome:</th><td>Skipped</td></tr>
                            <tr><th>Duration:</th><td>0.004 sec</td></tr>
                        
                        
                            <tr><th>Skipped</th><td></td></tr>
                        
                        </table>

                        
                        
                        <pre>skipped</pre>
                        

                        
                        
                        
                    </div>
                
                </div>
            </div>
            
            <div class="testclass">
                <h4>test_minimal_requirements.TestRNFAdicionalesHerenciaModelos</h4>
                <div class="testcases">
                
                    <div class="test outcome outcome-skipped">
                        <a id="399bb5e3-6d12-4dcb-969f-bd6dbcee7c7d"></a>
                        <table class="proplist">
                            <tr><th>Test case:</th><td><b>test_modelos_existentes_modificados_por_herencia</b></td></tr>
                            <tr><th>Outcome:</th><td>Skipped</td></tr>
                            <tr><th>Duration:</th><td>0.001 sec</td></tr>
                        
                        
                            <tr><th>Skipped</th><td></td></tr>
                        
                        </table>

                        
                        
                        <pre>skipped</pre>
                        

                        
                        
                        
                    </div>
                
                    <div class="test outcome outcome-skipped">
                        <a id="0332d58b-214f-440b-8a92-27621f4f7ad9"></a>
                        <table class="proplist">
                            <tr><th>Test case:</th><td><b>test_nuevos_modelos_con_herencia</b></td></tr>
                            <tr><th>Outcome:</th><td>Skipped</td></tr>
                            <tr><th>Duration:</th><td>0.001 sec</td></tr>
                        
                        
                            <tr><th>Skipped</th><td></td></tr>
                        
                        </table>

                        
                        
                        <pre>skipped</pre>
                        

                        
                        
                        
                    </div>
                
                </div>
            </div>
            
            <div class="testclass">
                <h4>test_minimal_requirements.TestRNFAdicionalesTraducciones</h4>
                <div class="testcases">
                
                    <div class="test outcome outcome-passed">
                        <a id="2e30d83b-f5fc-4aee-b92b-4bf8e4248933"></a>
                        <table class="proplist">
                            <tr><th>Test case:</th><td><b>test_i18n</b></td></tr>
                            <tr><th>Outcome:</th><td>Passed</td></tr>
                            <tr><th>Duration:</th><td>0.001 sec</td></tr>
                        
                        
                        </table>

                        
                        

                        
                        
                        
                    </div>
                
                </div>
            </div>
            
            <div class="testclass">
                <h4>test_minimal_requirements.TestRNFAdicionalesInformes</h4>
                <div class="testcases">
                
                    <div class="test outcome outcome-passed">
                        <a id="edf5d9da-3bcd-4180-b604-560fb90c660f"></a>
                        <table class="proplist">
                            <tr><th>Test case:</th><td><b>test_informes[report]</b></td></tr>
                            <tr><th>Outcome:</th><td>Passed</td></tr>
                            <tr><th>Duration:</th><td>0.002 sec</td></tr>
                        
                        
                        </table>

                        
                        

                        
                        
                        
                    </div>
                
                    <div class="test outcome outcome-passed">
                        <a id="5177983a-1ed1-4b37-9f4d-9a5b5e839c4f"></a>
                        <table class="proplist">
                            <tr><th>Test case:</th><td><b>test_informes[template]</b></td></tr>
                            <tr><th>Outcome:</th><td>Passed</td></tr>
                            <tr><th>Duration:</th><td>0.002 sec</td></tr>
                        
                        
                        </table>

                        
                        

                        
                        
                        
                    </div>
                
                    <div class="test outcome outcome-passed">
                        <a id="15d401c0-8e81-4156-85f8-86ffec3bdb90"></a>
                        <table class="proplist">
                            <tr><th>Test case:</th><td><b>test_informes_complejos[/t[@t-foreach]]</b></td></tr>
                            <tr><th>Outcome:</th><td>Passed</td></tr>
                            <tr><th>Duration:</th><td>0.002 sec</td></tr>
                        
                        
                        </table>

                        
                        

                        
                        
                        
                    </div>
                
                    <div class="test outcome outcome-passed">
                        <a id="9f8aa248-828d-477a-8f31-eeedf35e5875"></a>
                        <table class="proplist">
                            <tr><th>Test case:</th><td><b>test_informes_complejos[/img[@t-att-src]]</b></td></tr>
                            <tr><th>Outcome:</th><td>Passed</td></tr>
                            <tr><th>Duration:</th><td>0.002 sec</td></tr>
                        
                        
                        </table>

                        
                        

                        
                        
                        
                    </div>
                
                    <div class="test outcome outcome-skipped">
                        <a id="c2b0c624-62cc-4fdb-b2a1-efaa5cc881d6"></a>
                        <table class="proplist">
                            <tr><th>Test case:</th><td><b>test_informes_complejos[/t[@t-call and not(@t-call=&#34;web.external_layout&#34; or @t-call=&#34;web.html_container&#34;)]]</b></td></tr>
                            <tr><th>Outcome:</th><td>Skipped</td></tr>
                            <tr><th>Duration:</th><td>0.001 sec</td></tr>
                        
                        
                            <tr><th>Skipped</th><td></td></tr>
                        
                        </table>

                        
                        
                        <pre>skipped</pre>
                        

                        
                        
                        
                    </div>
                
                </div>
            </div>
            
            <div class="testclass">
                <h4>test_minimal_requirements.TestRNFAdicionalesChatter</h4>
                <div class="testcases">
                
                    <div class="test outcome outcome-skipped">
                        <a id="be2ff3c4-046a-4dff-bec3-49eb9aeb5827"></a>
                        <table class="proplist">
                            <tr><th>Test case:</th><td><b>test_chatter[mail_thread]</b></td></tr>
                            <tr><th>Outcome:</th><td>Skipped</td></tr>
                            <tr><th>Duration:</th><td>0.001 sec</td></tr>
                        
                        
                            <tr><th>Skipped</th><td></td></tr>
                        
                        </table>

                        
                        
                        <pre>skipped</pre>
                        

                        
                        
                        
                    </div>
                
                    <div class="test outcome outcome-skipped">
                        <a id="80279b89-8420-45ae-85ca-d497a77b148a"></a>
                        <table class="proplist">
                            <tr><th>Test case:</th><td><b>test_chatter[mail_activity_mixin]</b></td></tr>
                            <tr><th>Outcome:</th><td>Skipped</td></tr>
                            <tr><th>Duration:</th><td>0.001 sec</td></tr>
                        
                        
                            <tr><th>Skipped</th><td></td></tr>
                        
                        </table>

                        
                        
                        <pre>skipped</pre>
                        

                        
                        
                        
                    </div>
                
                    <div class="test outcome outcome-skipped">
                        <a id="f910895b-71d4-4d9d-a0e5-207a975cec67"></a>
                        <table class="proplist">
                            <tr><th>Test case:</th><td><b>test_chatter_tracking</b></td></tr>
                            <tr><th>Outcome:</th><td>Skipped</td></tr>
                            <tr><th>Duration:</th><td>0.012 sec</td></tr>
                        
                        
                            <tr><th>Skipped</th><td></td></tr>
                        
                        </table>

                        
                        
                        <pre>skipped</pre>
                        

                        
                        
                        
                    </div>
                
                    <div class="test outcome outcome-skipped">
                        <a id="cf742879-3704-4fdf-b670-bbf3d78461ae"></a>
                        <table class="proplist">
                            <tr><th>Test case:</th><td><b>test_vista_chatter_div</b></td></tr>
                            <tr><th>Outcome:</th><td>Skipped</td></tr>
                            <tr><th>Duration:</th><td>0.001 sec</td></tr>
                        
                        
                            <tr><th>Skipped</th><td></td></tr>
                        
                        </table>

                        
                        
                        <pre>skipped</pre>
                        

                        
                        
                        
                    </div>
                
                    <div class="test outcome outcome-skipped">
                        <a id="5640fa3d-8002-4247-8472-f77d89c09866"></a>
                        <table class="proplist">
                            <tr><th>Test case:</th><td><b>test_vista_chatter_fields[.//field[@name=&#34;message_follower_ids&#34;]]</b></td></tr>
                            <tr><th>Outcome:</th><td>Skipped</td></tr>
                            <tr><th>Duration:</th><td>0.002 sec</td></tr>
                        
                        
                            <tr><th>Skipped</th><td></td></tr>
                        
                        </table>

                        
                        
                        <pre>skipped</pre>
                        

                        
                        
                        
                    </div>
                
                    <div class="test outcome outcome-skipped">
                        <a id="36d3586c-999d-449f-ad7c-a2cb44572955"></a>
                        <table class="proplist">
                            <tr><th>Test case:</th><td><b>test_vista_chatter_fields[.//field[@name=&#34;activity_ids&#34;]]</b></td></tr>
                            <tr><th>Outcome:</th><td>Skipped</td></tr>
                            <tr><th>Duration:</th><td>0.002 sec</td></tr>
                        
                        
                            <tr><th>Skipped</th><td></td></tr>
                        
                        </table>

                        
                        
                        <pre>skipped</pre>
                        

                        
                        
                        
                    </div>
                
                    <div class="test outcome outcome-passed">
                        <a id="b1c7de0f-27c7-4560-91b5-3a121b17ec35"></a>
                        <table class="proplist">
                            <tr><th>Test case:</th><td><b>test_vista_chatter_fields[.//field[@name=&#34;message_ids&#34;]]</b></td></tr>
                            <tr><th>Outcome:</th><td>Passed</td></tr>
                            <tr><th>Duration:</th><td>0.002 sec</td></tr>
                        
                        
                        </table>

                        
                        

                        
                        
                        
                    </div>
                
                    <div class="test outcome outcome-skipped">
                        <a id="e20fa9ed-3a33-46fe-8bf4-61ab69808eb3"></a>
                        <table class="proplist">
                            <tr><th>Test case:</th><td><b>test_vista_chatter_fields[.//field[@widget=&#34;mail_followers&#34;]]</b></td></tr>
                            <tr><th>Outcome:</th><td>Skipped</td></tr>
                            <tr><th>Duration:</th><td>0.002 sec</td></tr>
                        
                        
                            <tr><th>Skipped</th><td></td></tr>
                        
                        </table>

                        
                        
                        <pre>skipped</pre>
                        

                        
                        
                        
                    </div>
                
                    <div class="test outcome outcome-skipped">
                        <a id="d6cb8923-9360-455d-a135-5986d2fd3ea7"></a>
                        <table class="proplist">
                            <tr><th>Test case:</th><td><b>test_vista_chatter_fields[.//field[@widget=&#34;mail_thread&#34;]]</b></td></tr>
                            <tr><th>Outcome:</th><td>Skipped</td></tr>
                            <tr><th>Duration:</th><td>0.002 sec</td></tr>
                        
                        
                            <tr><th>Skipped</th><td></td></tr>
                        
                        </table>

                        
                        
                        <pre>skipped</pre>
                        

                        
                        
                        
                    </div>
                
                    <div class="test outcome outcome-skipped">
                        <a id="d8b9387e-3ef0-4910-988a-b9427d33971e"></a>
                        <table class="proplist">
                            <tr><th>Test case:</th><td><b>test_vista_chatter_fields[.//field[@widget=&#34;mail_activity&#34;]]</b></td></tr>
                            <tr><th>Outcome:</th><td>Skipped</td></tr>
                            <tr><th>Duration:</th><td>5.166 sec</td></tr>
                        
                        
                            <tr><th>Skipped</th><td></td></tr>
                        
                        </table>

                        
                        
                        <pre>skipped</pre>
                        

                        
                        
                        
                    </div>
                
                </div>
            </div>
            
        </div>
    </div>
    



<p class="footer">
    Generated by junit2html
</p>
</body>
</html>