<!DOCTYPE html>
<html lang="en">
<head>
    <meta charset="UTF-8">
    <title>mbs_instituto-pytest.xml</title>
    <style type="text/css">
        body {
    background-color: white;
    padding-bottom: 20em;
    margin: 0;
    min-height: 15cm;
}

h1, h2, h3, h4, h5, h6, h7 {
    font-family: sans-serif;
}

h1 {
    background-color: #007acc;
    color: white;
    padding: 3mm;
    margin-top: 0;
    margin-bottom: 1mm;
}

.footer {
    font-style: italic;
    font-size: small;
    text-align: right;
    padding: 1em;
}

.testsuite {
    padding-bottom: 2em;
    margin-left: 1em;
}

.proplist {
    width: 100%;
    margin-bottom: 2em;
    border-collapse: collapse;
    border: 1px solid grey;
}

.proplist th {
    background-color: silver;
    width: 5em;
    padding: 2px;
    padding-right: 1em;
    text-align: left;
}

.proplist td {
    padding: 2px;
}

.index-table {
    width: 90%;
    margin-left: 1em;
}

.index-table td {
    vertical-align: top;
    max-width: 200px;
    word-wrap: break-word;
}

.failure-index {

}

.toc {
    margin-bottom: 2em;
    font-family: monospace;
}

.stdio, pre {
    min-height: 1em;
    background-color: #1e1e1e;
    color: silver;
    padding: 0.5em;
}
.tdpre {
    background-color: #1e1e1e;
}

.test {
    margin-left: 0.5cm;
}

.outcome {
    border-left: 1em;
    padding: 2px;
}

.outcome-failed {
    border-left: 1em solid lightcoral;
}

.outcome-passed {
    border-left: 1em solid lightgreen;
}

.outcome-skipped {
    border-left: 1em dotted silver;
}

.stats-table {
}

.stats-table td {
    min-width: 4em;
    text-align: right;
}

.stats-table .failed {
    background-color: lightcoral;
}

.stats-table .passed {
    background-color: lightgreen;
}

.matrix-table {
    table-layout: fixed;
    border-spacing: 0;
    width: available;
    margin-left: 1em;
}

.matrix-table td {
    vertical-align: center;
}

.matrix-table td:last-child {
    width: 0;
}

.matrix-table tr:hover {
    background-color: yellow;
}

.matrix-axis-name {
    white-space: nowrap;
    padding-right: 0.5em;
    border-left: 1px solid black;
    border-top: 1px solid black;
    text-align: right;
}

.matrix-axis-line {
    border-left: 1px solid black;
    width: 0.5em;
}

.matrix-classname {
    text-align: left;
    width: 100%;
    border-top: 2px solid grey;
    border-bottom: 1px solid silver;
}

.matrix-casename {
    text-align: left;
    font-weight: normal;
    font-style: italic;
    padding-left: 1em;
    border-bottom: 1px solid silver;
}

.matrix-result {
    display: block;
    width: 1em;
    text-align: center;
    padding: 1mm;
    margin: 0;
}

.matrix-result-combined {
    white-space: nowrap;
    padding-right: 0.2em;
    text-align: right;
}

.matrix-result-failed {
    background-color: lightcoral;
}

.matrix-result-passed {
    background-color: lightgreen;
}

.matrix-result-skipped {
    background-color: lightyellow;
}

.matrix-even {
    background-color: lightgray;
}
    </style>
</head>
<body>
    
<h1>
    Test Report : mbs_instituto-pytest.xml
</h1>
<a id="toc"></a>
<table class="index-table">
    <tr>
        <td>
            <ul class="toc">
            
                
                <li>test_minimal_requirements.TestRNF1
                <ul>
                    
                    <li><a href="#7659f96d-e3d0-4377-abd0-d17a18970aff">test_app_tiene_al_menos_4_modelos</a></li>
                    
                    <li><a href="#96ad714a-1d10-495f-91ea-cedf9e335f17">test_modelos_en_ficheros_individuales</a></li>
                    
                </ul>
                </li>
                
                <li>test_minimal_requirements.TestRNF2
                <ul>
                    
                    <li><a href="#93f67f48-0dc3-4ce4-9594-83bd4ff1a3f0">test_relacion_many2many</a></li>
                    
                    <li><a href="#97c0d120-5df2-4641-9dc4-5f258122a5ac">test_modelos_tienen_algun_campo_relacion[one2many]</a></li>
                    
                    <li><a href="#b38a6d9a-0de2-418f-83ac-ca62f78e6b8c">test_modelos_tienen_algun_campo_relacion[many2one]</a></li>
                    
                    <li><a href="#41218cda-9651-4d3f-9a3e-479b13ebff3e">test_unknown_comodel_name</a></li>
                    
                </ul>
                </li>
                
                <li>test_minimal_requirements.TestRNF3
                <ul>
                    
                    <li><a href="#b6600c45-d083-4f1c-80f6-d761c94738c3">test_modelos_tienen_vista[tree]</a></li>
                    
                    <li><a href="#98589c0b-ddee-4bc9-bdf5-e00aa955f892">test_modelos_tienen_vista[form]</a></li>
                    
                    <li><a href="#ab173dcb-a4c6-4793-9d54-e80e8a59a49a">test_formularios_tienen_vista_anidada_para_campos_X2many[one2many]</a></li>
                    
                    <li><a href="#a51113ee-aa53-4eef-9dcf-a1ec5ae89ca0">test_formularios_tienen_vista_anidada_para_campos_X2many[many2many]</a></li>
                    
                </ul>
                </li>
                
                <li>test_minimal_requirements.TestRNF4
                <ul>
                    
                    <li><a href="#6ebc6289-2bfb-4a32-97ba-67d13e1c8b5d">test_vistas_en_ficheros_individuales</a></li>
                    
                </ul>
                </li>
                
                <li>test_minimal_requirements.TestRNF5
                <ul>
                    
                    <li><a href="#5258f765-9540-48f4-afea-a338f2bcd933">test_modelos_tienen_algun_posible_campo_imagen</a></li>
                    
                    <li><a href="#36afbb4a-e364-4ade-8b91-0996f556572a">test_alguna_vista_tiene_campo_imagen</a></li>
                    
                </ul>
                </li>
                
                <li>test_minimal_requirements.TestRNF6
                <ul>
                    
                    <li><a href="#c553c6d5-3763-4dab-8be1-1b6b72b03fad">test_modelos_tienen_acciones</a></li>
                    
                    <li><a href="#716fc347-6dbf-4471-897c-77cc67a72223">test_hay_elementos_de_menu[.//menuitem[@action]]</a></li>
                    
                </ul>
                </li>
                
                <li>test_minimal_requirements.TestRNF7
                <ul>
                    
                    <li><a href="#f46d589b-c69b-47c7-9f81-af35e4a66749">test_modelos_tienen_permisos</a></li>
                    
                </ul>
                </li>
                
                <li>test_minimal_requirements.TestRNF8
                <ul>
                    
                    <li><a href="#55d8c5c2-9328-4d66-bc5c-4ae2f529cd05">test_app_tiene_icono</a></li>
                    
                </ul>
                </li>
                
                <li>test_minimal_requirements.TestRNF9
                <ul>
                    
                    <li><a href="#c80e9a11-23a7-4ed5-8547-d4f9dfc11d97">test_modelos_tienen_datos_demo</a></li>
                    
                </ul>
                </li>
                
                <li>test_minimal_requirements.TestRNFGit
                <ul>
                    
                    <li><a href="#53ebb851-59cd-4473-a252-ebc19bcf5882">test_git_commit_frecuentes</a></li>
                    
                </ul>
                </li>
                
                <li>test_minimal_requirements.TestRNFCalidad
                <ul>
                    
                    <li><a href="#8c47c84f-8f7b-4799-92be-92c76d4008ae">test_odoo_disponible</a></li>
                    
                    <li><a href="#e1fc041c-a0f8-4558-98aa-16ec2a299fe7">test_app_instalada</a></li>
                    
                    <li><a href="#2d82b4ed-2557-410c-a5e0-4588e48c82b7">test_otras_apps_entregadas_son_dependencias</a></li>
                    
                    <li><a href="#4cefc857-9810-4779-b696-8e7303db2c0c">test_no_hay_elementos_xml_comentados</a></li>
                    
                    <li><a href="#d001d5e2-e492-4746-bf58-50a8b6f2ea52">test_no_hay_codigo_python_comentado</a></li>
                    
                    <li><a href="#669a1569-5429-4e4d-984a-6d57a754d5ce">test_log_servidor_sin_errores</a></li>
                    
                </ul>
                </li>
                
                <li>test_minimal_requirements.TestOtros
                <ul>
                    
                    <li><a href="#f71357ad-672e-4f84-b611-75e2817bc873">test_log_sin_warnings</a></li>
                    
                </ul>
                </li>
                
                <li>test_minimal_requirements.TestRNFAdicionalesKanban
                <ul>
                    
                    <li><a href="#b5c6f73c-9ea6-419f-abc4-8bf3415b7714">test_vista_kanban[/kanban]</a>[s]</li>
                    
                    <li><a href="#c740ab50-68e4-4217-b873-083b6b03fdab">test_vista_kanban[/kanban[@default_group_by]]</a>[s]</li>
                    
                    <li><a href="#9960ef65-46c4-41a8-9633-e43932de4e0b">test_vista_kanban_imagen[/img]</a>[s]</li>
                    
                    <li><a href="#f9fefa7c-f006-4e31-a0c0-7cc9a00ea6b7">test_vista_kanban_imagen[/field[@preview_image]]</a>[s]</li>
                    
                    <li><a href="#d56aec0d-fe0b-4a80-bc91-792929029249">test_vista_kanban_imagen[/field[@widget=&#34;image&#34;]]</a>[s]</li>
                    
                </ul>
                </li>
                
                <li>test_minimal_requirements.TestRNFAdicionalesBusqueda
                <ul>
                    
                    <li><a href="#3139ad8e-64a0-400c-94d2-06f5e3db5be3">test_vista_search[/search]</a>[s]</li>
                    
                    <li><a href="#a2772bc8-647c-4422-8710-b379a4a38e24">test_vista_search_compleja[/filter[@domain]]</a>[s]</li>
                    
                    <li><a href="#2df0a227-3a22-4335-92eb-69d9e4522649">test_vista_search_compleja[/group//filter[@context]]</a>[s]</li>
                    
                </ul>
                </li>
                
                <li>test_minimal_requirements.TestRNFAdicionalesOtrasVistas
                <ul>
                    
                    <li><a href="#6e73f125-9ca8-4963-a61a-32c0cd94be60">test_otras_vistas_adicionales[activity]</a>[s]</li>
                    
                    <li><a href="#b475b316-6768-4ad2-9d2d-5deca6cdd310">test_otras_vistas_adicionales[calendar]</a>[s]</li>
                    
                    <li><a href="#1cf7d32b-30a0-41a0-a885-d1c98b64b05d">test_otras_vistas_adicionales[graph]</a>[s]</li>
                    
                    <li><a href="#e39f5085-6895-4217-b76b-3732b2e87512">test_otras_vistas_adicionales[pivot]</a>[s]</li>
                    
                </ul>
                </li>
                
                <li>test_minimal_requirements.TestRNFAdicionalesConstraints
                <ul>
                    
                    <li><a href="#5a1dae64-c18d-4184-ba93-30a2d1dc20b2">test_constraints_sql</a>[s]</li>
                    
                </ul>
                </li>
                
                <li>test_minimal_requirements.TestRNFAdicionalesSeguridadAvanzada
                <ul>
                    
                    <li><a href="#111940cd-abc5-4ee1-bbda-8f340b2dbec1">test_seguridad_con_grupos_propios</a></li>
                    
                </ul>
                </li>
                
                <li>test_minimal_requirements.TestRNFAdicionalesDatosAvanzados
                <ul>
                    
                    <li><a href="#9c396a01-fa34-444d-b486-7be66532f4dd">test_datos_maestros_o_demo_avanzados[binary]</a>[s]</li>
                    
                    <li><a href="#5731c6b9-59bd-4f67-b4c8-f1e08def9795">test_datos_maestros_o_demo_avanzados[many2many]</a>[s]</li>
                    
                    <li><a href="#2013fee9-cc04-4e41-83f4-5c89d80d9104">test_datos_maestros_o_demo_avanzados[many2one]</a>[s]</li>
                    
                </ul>
                </li>
                
                <li>test_minimal_requirements.TestRNFAdicionalesHerenciaVistas
                <ul>
                    
                    <li><a href="#92ed16dc-8bde-4cb0-b6c3-d8e48a30233d">test_herencia_en_vistas_con_position</a>[s]</li>
                    
                    <li><a href="#4a664ef1-7276-4894-9390-6a5d91afec9c">test_herencia_en_vistas_con_inherit_id</a>[s]</li>
                    
                </ul>
                </li>
                
                <li>test_minimal_requirements.TestRNFAdicionalesHerenciaModelos
                <ul>
                    
                    <li><a href="#faea0b39-1eba-43b3-8a5c-af849b06766a">test_modelos_existentes_modificados_por_herencia</a>[s]</li>
                    
                    <li><a href="#bb7a18a5-0208-4fba-80a1-8bb71c80c1ed">test_nuevos_modelos_con_herencia</a>[s]</li>
                    
                </ul>
                </li>
                
                <li>test_minimal_requirements.TestRNFAdicionalesTraducciones
                <ul>
                    
                    <li><a href="#b0210d6f-e95a-4001-9a2c-f218b2a3e87a">test_i18n</a></li>
                    
                </ul>
                </li>
                
                <li>test_minimal_requirements.TestRNFAdicionalesInformes
                <ul>
                    
                    <li><a href="#72fa6090-2a89-4020-a437-321b63f5f237">test_informes[report]</a></li>
                    
                    <li><a href="#883656ae-ca68-48ad-af0d-7525eb4a6f56">test_informes[template]</a></li>
                    
                    <li><a href="#9660edfd-6559-4e1b-ba17-b15af2f9abfd">test_informes_complejos[/t[@t-foreach]]</a></li>
                    
                    <li><a href="#72cac165-c101-46e2-bac3-6f0e15c43fed">test_informes_complejos[/img[@t-att-src]]</a></li>
                    
                    <li><a href="#99feec61-73bd-43db-a25e-562858de2bf6">test_informes_complejos[/t[@t-call and not(@t-call=&#34;web.external_layout&#34; or @t-call=&#34;web.html_container&#34;)]]</a>[s]</li>
                    
                </ul>
                </li>
                
                <li>test_minimal_requirements.TestRNFAdicionalesChatter
                <ul>
                    
                    <li><a href="#30403517-eff1-4b39-9844-24da3b37f647">test_chatter[mail_thread]</a>[s]</li>
                    
                    <li><a href="#2bc21a91-3dc5-44e4-8b71-abdf3336868b">test_chatter[mail_activity_mixin]</a>[s]</li>
                    
                    <li><a href="#d0d7e8ea-2343-4b56-986b-1022613f04e0">test_chatter_tracking</a>[s]</li>
                    
                    <li><a href="#d2b0cee6-7538-4e26-a917-6cbe69b128f2">test_vista_chatter_div</a>[s]</li>
                    
                    <li><a href="#163a2d77-30ba-4df2-9f00-5868cd6c4e78">test_vista_chatter_fields[.//field[@name=&#34;message_follower_ids&#34;]]</a></li>
                    
                    <li><a href="#91efb1d0-08ca-4e82-bb6c-5cf224133239">test_vista_chatter_fields[.//field[@name=&#34;activity_ids&#34;]]</a></li>
                    
                    <li><a href="#31cf2992-815c-457c-ac48-c582db6a7fbb">test_vista_chatter_fields[.//field[@name=&#34;message_ids&#34;]]</a></li>
                    
                    <li><a href="#4c9d70e4-c419-49d8-b374-dd08de6e0e1e">test_vista_chatter_fields[.//field[@widget=&#34;mail_followers&#34;]]</a></li>
                    
                    <li><a href="#fcc95918-92c8-471a-ba3f-0e9421914e63">test_vista_chatter_fields[.//field[@widget=&#34;mail_thread&#34;]]</a></li>
                    
                    <li><a href="#7f03f7cd-3bb1-48ae-95a6-4a601a5183f4">test_vista_chatter_fields[.//field[@widget=&#34;mail_activity&#34;]]</a></li>
                    
                </ul>
                </li>
                
            
            </ul>
        </td>
        <td class="failure-index">
            <ul class="toc">
            
                
                    
                    
                    <li><a href="#7659f96d-e3d0-4377-abd0-d17a18970aff">[F] test_minimal_requirements.TestRNF1 : test_app_tiene_al_menos_4_modelos</a></li>
                    
                    
                    
                    <li><a href="#96ad714a-1d10-495f-91ea-cedf9e335f17">[F] test_minimal_requirements.TestRNF1 : test_modelos_en_ficheros_individuales</a></li>
                    
                    
                
                    
                    
                    <li><a href="#93f67f48-0dc3-4ce4-9594-83bd4ff1a3f0">[F] test_minimal_requirements.TestRNF2 : test_relacion_many2many</a></li>
                    
                    
                    
                    <li><a href="#97c0d120-5df2-4641-9dc4-5f258122a5ac">[F] test_minimal_requirements.TestRNF2 : test_modelos_tienen_algun_campo_relacion[one2many]</a></li>
                    
                    
                    
                    <li><a href="#b38a6d9a-0de2-418f-83ac-ca62f78e6b8c">[F] test_minimal_requirements.TestRNF2 : test_modelos_tienen_algun_campo_relacion[many2one]</a></li>
                    
                    
                    
                    
                
                    
                    
                    <li><a href="#b6600c45-d083-4f1c-80f6-d761c94738c3">[F] test_minimal_requirements.TestRNF3 : test_modelos_tienen_vista[tree]</a></li>
                    
                    
                    
                    <li><a href="#98589c0b-ddee-4bc9-bdf5-e00aa955f892">[F] test_minimal_requirements.TestRNF3 : test_modelos_tienen_vista[form]</a></li>
                    
                    
                    
                    <li><a href="#ab173dcb-a4c6-4793-9d54-e80e8a59a49a">[F] test_minimal_requirements.TestRNF3 : test_formularios_tienen_vista_anidada_para_campos_X2many[one2many]</a></li>
                    
                    
                    
                    <li><a href="#a51113ee-aa53-4eef-9dcf-a1ec5ae89ca0">[F] test_minimal_requirements.TestRNF3 : test_formularios_tienen_vista_anidada_para_campos_X2many[many2many]</a></li>
                    
                    
                
                    
                    
                    
                
                    
                    
                    <li><a href="#5258f765-9540-48f4-afea-a338f2bcd933">[F] test_minimal_requirements.TestRNF5 : test_modelos_tienen_algun_posible_campo_imagen</a></li>
                    
                    
                    
                    <li><a href="#36afbb4a-e364-4ade-8b91-0996f556572a">[F] test_minimal_requirements.TestRNF5 : test_alguna_vista_tiene_campo_imagen</a></li>
                    
                    
                
                    
                    
                    <li><a href="#c553c6d5-3763-4dab-8be1-1b6b72b03fad">[F] test_minimal_requirements.TestRNF6 : test_modelos_tienen_acciones</a></li>
                    
                    
                    
                    
                
                    
                    
                    <li><a href="#f46d589b-c69b-47c7-9f81-af35e4a66749">[F] test_minimal_requirements.TestRNF7 : test_modelos_tienen_permisos</a></li>
                    
                    
                
                    
                    
                    
                
                    
                    
                    <li><a href="#c80e9a11-23a7-4ed5-8547-d4f9dfc11d97">[F] test_minimal_requirements.TestRNF9 : test_modelos_tienen_datos_demo</a></li>
                    
                    
                
                    
                    
                    
                
                    
                    
                    
                    
                    <li><a href="#e1fc041c-a0f8-4558-98aa-16ec2a299fe7">[F] test_minimal_requirements.TestRNFCalidad : test_app_instalada</a></li>
                    
                    
                    
                    <li><a href="#2d82b4ed-2557-410c-a5e0-4588e48c82b7">[F] test_minimal_requirements.TestRNFCalidad : test_otras_apps_entregadas_son_dependencias</a></li>
                    
                    
                    
                    
                    
                    
                    
                    
                
                    
                    
                    
                
                    
                    
                    
                    
                    
                    
                    
                    
                    
                    
                    
                
                    
                    
                    
                    
                    
                    
                    
                
                    
                    
                    
                    
                    
                    
                    
                    
                    
                
                    
                    
                    
                
                    
                    
                    
                
                    
                    
                    
                    
                    
                    
                    
                
                    
                    
                    
                    
                    
                
                    
                    
                    
                    
                    
                
                    
                    
                    
                
                    
                    
                    
                    
                    
                    
                    
                    
                    
                    
                    
                
                    
                    
                    
                    
                    
                    
                    
                    
                    
                    
                    
                    
                    
                    
                    
                    
                    
                    
                    
                    
                    
                
            
            </ul>
        </td>
    </tr>
</table>


    <div class="testsuite">
        <h2>Test Suite: pytest</h2>
        <a id="83ba8e22-425f-4a8b-a04e-dc6f95c6c069"></a>
        
        
        <h3>Results</h3>
        <table class="proplist">
            <tr>
                <th>Duration</th><td>64.611 sec</td>
            </tr>
            <tr>
                <th>Tests</th><td>63</td>
            </tr>
            <tr>
                <th>Failures</th><td>16</td>
            </tr>
        </table>

        <div class="testclasses">
            <h3>Tests</h3>
            
            <div class="testclass">
                <h4>test_minimal_requirements.TestRNF1</h4>
                <div class="testcases">
                
                    <div class="test outcome outcome-failed">
                        <a id="7659f96d-e3d0-4377-abd0-d17a18970aff"></a>
                        <table class="proplist">
                            <tr><th>Test case:</th><td><b>test_app_tiene_al_menos_4_modelos</b></td></tr>
                            <tr><th>Outcome:</th><td>Failed</td></tr>
                            <tr><th>Duration:</th><td>58.523 sec</td></tr>
                        
                            <tr><th>Failed</th><td>AssertionError: No se han implementado suficientes clases o el atributo _name de alguna de ellas no tiene prefijo &#39;mbs_instituto.&#39;
assert 0 &gt;= 4
 +  where 0 = len([])
 +    where [] = &lt;test_minimal_requirements.SystemUnderTest object at 0x7fef808091c0&gt;.basename_app_models
 +  and   4 = &lt;test_minimal_requirements.TestRNF1 object at 0x7fef8084dc70&gt;.MIN</td></tr>
                        
                        
                        </table>

                        
                        <pre>self = &lt;test_minimal_requirements.TestRNF1 object at 0x7fef8084dc70&gt;
sut = &lt;test_minimal_requirements.SystemUnderTest object at 0x7fef808091c0&gt;

    def test_app_tiene_al_menos_4_modelos(self, sut):
&gt;       assert len(sut.basename_app_models) &gt;= self.MIN, f&#34;No se han implementado suficientes clases o el atributo _name de alguna de ellas no tiene prefijo &#39;{sut.app_prefix}.&#39;&#34;
E       AssertionError: No se han implementado suficientes clases o el atributo _name de alguna de ellas no tiene prefijo &#39;mbs_instituto.&#39;
E       assert 0 &gt;= 4
E        +  where 0 = len([])
E        +    where [] = &lt;test_minimal_requirements.SystemUnderTest object at 0x7fef808091c0&gt;.basename_app_models
E        +  and   4 = &lt;test_minimal_requirements.TestRNF1 object at 0x7fef8084dc70&gt;.MIN

test_minimal_requirements.py:250: AssertionError</pre>
                        
                        

                        
                        
                        
                    </div>
                
                    <div class="test outcome outcome-failed">
                        <a id="96ad714a-1d10-495f-91ea-cedf9e335f17"></a>
                        <table class="proplist">
                            <tr><th>Test case:</th><td><b>test_modelos_en_ficheros_individuales</b></td></tr>
                            <tr><th>Outcome:</th><td>Failed</td></tr>
                            <tr><th>Duration:</th><td>0.001 sec</td></tr>
                        
                            <tr><th>Failed</th><td>AssertionError: No coinciden el número de modelos de datos de la aplicación con el número de ficheros Python en el paquete models - Al menos **4 clases**, implementadas en ficheros diferentes.
assert (0 + 0) == 4
 +  where 0 = len([])
 +    where [] = &lt;test_minimal_requirements.SystemUnderTest object at 0x7fef808091c0&gt;.basename_app_models
 +  and   0 = len([])
 +    where [] = &lt;test_minimal_requirements.SystemUnderTest object at 0x7fef808091c0&gt;.basename_app_extended_existing_models
 +  and   4 = len([&#39;profesor.py&#39;, &#39;asignatura.py&#39;, &#39;alumno.py&#39;, &#39;grupo.py&#39;])
 +    where [&#39;profesor.py&#39;, &#39;asignatura.py&#39;, &#39;alumno.py&#39;, &#39;grupo.py&#39;] = &lt;test_minimal_requirements.SystemUnderTest object at 0x7fef808091c0&gt;.basename_model_files</td></tr>
                        
                        
                        </table>

                        
                        <pre>self = &lt;test_minimal_requirements.TestRNF1 object at 0x7fef8084dfd0&gt;
sut = &lt;test_minimal_requirements.SystemUnderTest object at 0x7fef808091c0&gt;

    def test_modelos_en_ficheros_individuales(self, sut):
&gt;       assert (len(sut.basename_app_models) + len(sut.basename_app_extended_existing_models)) == len(sut.basename_model_files), f&#34;No coinciden el número de modelos de datos de la aplicación con el número de ficheros Python en el paquete models - {self.__doc__}&#34;
E       AssertionError: No coinciden el número de modelos de datos de la aplicación con el número de ficheros Python en el paquete models - Al menos **4 clases**, implementadas en ficheros diferentes.
E       assert (0 + 0) == 4
E        +  where 0 = len([])
E        +    where [] = &lt;test_minimal_requirements.SystemUnderTest object at 0x7fef808091c0&gt;.basename_app_models
E        +  and   0 = len([])
E        +    where [] = &lt;test_minimal_requirements.SystemUnderTest object at 0x7fef808091c0&gt;.basename_app_extended_existing_models
E        +  and   4 = len([&#39;profesor.py&#39;, &#39;asignatura.py&#39;, &#39;alumno.py&#39;, &#39;grupo.py&#39;])
E        +    where [&#39;profesor.py&#39;, &#39;asignatura.py&#39;, &#39;alumno.py&#39;, &#39;grupo.py&#39;] = &lt;test_minimal_requirements.SystemUnderTest object at 0x7fef808091c0&gt;.basename_model_files

test_minimal_requirements.py:253: AssertionError</pre>
                        
                        

                        
                        
                        
                    </div>
                
                </div>
            </div>
            
            <div class="testclass">
                <h4>test_minimal_requirements.TestRNF2</h4>
                <div class="testcases">
                
                    <div class="test outcome outcome-failed">
                        <a id="93f67f48-0dc3-4ce4-9594-83bd4ff1a3f0"></a>
                        <table class="proplist">
                            <tr><th>Test case:</th><td><b>test_relacion_many2many</b></td></tr>
                            <tr><th>Outcome:</th><td>Failed</td></tr>
                            <tr><th>Duration:</th><td>0.018 sec</td></tr>
                        
                            <tr><th>Failed</th><td>AssertionError: Diferentes tipos de campos simples y relacionales (_one2many_, _many2one_ y _many2many_).
      En tu proyecto se debe implementar **al menos uno de cada tipo**.
assert 0 &gt;= 1
 +  where 0 = len([])
 +  and   1 = &lt;test_minimal_requirements.TestRNF2 object at 0x7fef80861490&gt;.MIN</td></tr>
                        
                        
                        </table>

                        
                        <pre>self = &lt;test_minimal_requirements.TestRNF2 object at 0x7fef80861490&gt;
sut = &lt;test_minimal_requirements.SystemUnderTest object at 0x7fef808091c0&gt;

    def test_relacion_many2many(self, sut):
            app_id = sut.execute_kw(&#39;ir.module.module&#39;, &#39;search&#39;, [[(&#39;name&#39;, &#39;=&#39;, sut.app_prefix)]]).pop()
            ids = sut.execute_kw(&#39;ir.model.relation&#39;, &#39;search&#39;, [[(&#39;module&#39;, &#39;=&#39;, app_id)]])
            app_many2many_rels = sut.execute_kw(&#39;ir.model.relation&#39;, &#39;read&#39;, [ids], {&#39;fields&#39;: [&#39;name&#39;, &#39;model&#39;, &#39;module&#39;, &#39;display_name&#39;]})
&gt;           assert len(app_many2many_rels) &gt;= self.MIN, self.__doc__
E           AssertionError: Diferentes tipos de campos simples y relacionales (_one2many_, _many2one_ y _many2many_).
E                 En tu proyecto se debe implementar **al menos uno de cada tipo**.
E           assert 0 &gt;= 1
E            +  where 0 = len([])
E            +  and   1 = &lt;test_minimal_requirements.TestRNF2 object at 0x7fef80861490&gt;.MIN

test_minimal_requirements.py:267: AssertionError</pre>
                        
                        

                        
                        
                        
                    </div>
                
                    <div class="test outcome outcome-failed">
                        <a id="97c0d120-5df2-4641-9dc4-5f258122a5ac"></a>
                        <table class="proplist">
                            <tr><th>Test case:</th><td><b>test_modelos_tienen_algun_campo_relacion[one2many]</b></td></tr>
                            <tr><th>Outcome:</th><td>Failed</td></tr>
                            <tr><th>Duration:</th><td>0.001 sec</td></tr>
                        
                            <tr><th>Failed</th><td>AssertionError: No hay modelos de datos
assert []
 +  where [] = &lt;test_minimal_requirements.SystemUnderTest object at 0x7fef808091c0&gt;.app_models</td></tr>
                        
                        
                        </table>

                        
                        <pre>self = &lt;test_minimal_requirements.TestRNF2 object at 0x7fef80861880&gt;
sut = &lt;test_minimal_requirements.SystemUnderTest object at 0x7fef808091c0&gt;
relationship = &#39;one2many&#39;

    @pytest.mark.parametrize(&#34;relationship&#34;, [&#39;one2many&#39;, &#39;many2one&#39;])
    def test_modelos_tienen_algun_campo_relacion(self, sut, relationship):
&gt;       assert len(sut.modelos_tienen_campos(relationship)) &gt;= self.MIN, f&#34;Diferentes tipos de campos (...) relacionales (...) _{relationship}_. En tu proyecto se debe implementar **al menos uno de cada tipo**.&#34;

test_minimal_requirements.py:271: 
_ _ _ _ _ _ _ _ _ _ _ _ _ _ _ _ _ _ _ _ _ _ _ _ _ _ _ _ _ _ _ _ _ _ _ _ _ _ _ _ 

self = &lt;test_minimal_requirements.SystemUnderTest object at 0x7fef808091c0&gt;
type = &#39;one2many&#39;

    def modelos_tienen_campos(self, type):
        r = []
&gt;       assert self.app_models, &#34;No hay modelos de datos&#34;
E       AssertionError: No hay modelos de datos
E       assert []
E        +  where [] = &lt;test_minimal_requirements.SystemUnderTest object at 0x7fef808091c0&gt;.app_models

test_minimal_requirements.py:147: AssertionError</pre>
                        
                        

                        
                        
                        
                    </div>
                
                    <div class="test outcome outcome-failed">
                        <a id="b38a6d9a-0de2-418f-83ac-ca62f78e6b8c"></a>
                        <table class="proplist">
                            <tr><th>Test case:</th><td><b>test_modelos_tienen_algun_campo_relacion[many2one]</b></td></tr>
                            <tr><th>Outcome:</th><td>Failed</td></tr>
                            <tr><th>Duration:</th><td>0.001 sec</td></tr>
                        
                            <tr><th>Failed</th><td>AssertionError: No hay modelos de datos
assert []
 +  where [] = &lt;test_minimal_requirements.SystemUnderTest object at 0x7fef808091c0&gt;.app_models</td></tr>
                        
                        
                        </table>

                        
                        <pre>self = &lt;test_minimal_requirements.TestRNF2 object at 0x7fef80861d60&gt;
sut = &lt;test_minimal_requirements.SystemUnderTest object at 0x7fef808091c0&gt;
relationship = &#39;many2one&#39;

    @pytest.mark.parametrize(&#34;relationship&#34;, [&#39;one2many&#39;, &#39;many2one&#39;])
    def test_modelos_tienen_algun_campo_relacion(self, sut, relationship):
&gt;       assert len(sut.modelos_tienen_campos(relationship)) &gt;= self.MIN, f&#34;Diferentes tipos de campos (...) relacionales (...) _{relationship}_. En tu proyecto se debe implementar **al menos uno de cada tipo**.&#34;

test_minimal_requirements.py:271: 
_ _ _ _ _ _ _ _ _ _ _ _ _ _ _ _ _ _ _ _ _ _ _ _ _ _ _ _ _ _ _ _ _ _ _ _ _ _ _ _ 

self = &lt;test_minimal_requirements.SystemUnderTest object at 0x7fef808091c0&gt;
type = &#39;many2one&#39;

    def modelos_tienen_campos(self, type):
        r = []
&gt;       assert self.app_models, &#34;No hay modelos de datos&#34;
E       AssertionError: No hay modelos de datos
E       assert []
E        +  where [] = &lt;test_minimal_requirements.SystemUnderTest object at 0x7fef808091c0&gt;.app_models

test_minimal_requirements.py:147: AssertionError</pre>
                        
                        

                        
                        
                        
                    </div>
                
                    <div class="test outcome outcome-passed">
                        <a id="41218cda-9651-4d3f-9a3e-479b13ebff3e"></a>
                        <table class="proplist">
                            <tr><th>Test case:</th><td><b>test_unknown_comodel_name</b></td></tr>
                            <tr><th>Outcome:</th><td>Passed</td></tr>
                            <tr><th>Duration:</th><td>0.001 sec</td></tr>
                        
                        
                        </table>

                        
                        

                        
                        
                        
                    </div>
                
                </div>
            </div>
            
            <div class="testclass">
                <h4>test_minimal_requirements.TestRNF3</h4>
                <div class="testcases">
                
                    <div class="test outcome outcome-failed">
                        <a id="b6600c45-d083-4f1c-80f6-d761c94738c3"></a>
                        <table class="proplist">
                            <tr><th>Test case:</th><td><b>test_modelos_tienen_vista[tree]</b></td></tr>
                            <tr><th>Outcome:</th><td>Failed</td></tr>
                            <tr><th>Duration:</th><td>0.001 sec</td></tr>
                        
                            <tr><th>Failed</th><td>assert []
 +  where [] = &lt;test_minimal_requirements.SystemUnderTest object at 0x7fef808091c0&gt;.app_models</td></tr>
                        
                        
                        </table>

                        
                        <pre>self = &lt;test_minimal_requirements.TestRNF3 object at 0x7fef807eb280&gt;
sut = &lt;test_minimal_requirements.SystemUnderTest object at 0x7fef808091c0&gt;
view_type = &#39;tree&#39;

    @pytest.mark.parametrize(&#34;view_type&#34;, [&#39;tree&#39;, &#39;form&#39;])
    def test_modelos_tienen_vista(self, sut, view_type):
&gt;       assert len(sut.basename_app_models) == sut.modelos_tienen_vista(view_type) , f&#34;No coinciden el número de modelos de datos de la aplicación con el número de vistas {view_type} - {self.__doc__}&#34;

test_minimal_requirements.py:287: 
_ _ _ _ _ _ _ _ _ _ _ _ _ _ _ _ _ _ _ _ _ _ _ _ _ _ _ _ _ _ _ _ _ _ _ _ _ _ _ _ 

self = &lt;test_minimal_requirements.SystemUnderTest object at 0x7fef808091c0&gt;
type = &#39;tree&#39;

    def modelos_tienen_vista(self, type):
        r = 0
&gt;       assert self.app_models
E       assert []
E        +  where [] = &lt;test_minimal_requirements.SystemUnderTest object at 0x7fef808091c0&gt;.app_models

test_minimal_requirements.py:157: AssertionError</pre>
                        
                        

                        
                        
                        
                    </div>
                
                    <div class="test outcome outcome-failed">
                        <a id="98589c0b-ddee-4bc9-bdf5-e00aa955f892"></a>
                        <table class="proplist">
                            <tr><th>Test case:</th><td><b>test_modelos_tienen_vista[form]</b></td></tr>
                            <tr><th>Outcome:</th><td>Failed</td></tr>
                            <tr><th>Duration:</th><td>0.001 sec</td></tr>
                        
                            <tr><th>Failed</th><td>assert []
 +  where [] = &lt;test_minimal_requirements.SystemUnderTest object at 0x7fef808091c0&gt;.app_models</td></tr>
                        
                        
                        </table>

                        
                        <pre>self = &lt;test_minimal_requirements.TestRNF3 object at 0x7fef807eb490&gt;
sut = &lt;test_minimal_requirements.SystemUnderTest object at 0x7fef808091c0&gt;
view_type = &#39;form&#39;

    @pytest.mark.parametrize(&#34;view_type&#34;, [&#39;tree&#39;, &#39;form&#39;])
    def test_modelos_tienen_vista(self, sut, view_type):
&gt;       assert len(sut.basename_app_models) == sut.modelos_tienen_vista(view_type) , f&#34;No coinciden el número de modelos de datos de la aplicación con el número de vistas {view_type} - {self.__doc__}&#34;

test_minimal_requirements.py:287: 
_ _ _ _ _ _ _ _ _ _ _ _ _ _ _ _ _ _ _ _ _ _ _ _ _ _ _ _ _ _ _ _ _ _ _ _ _ _ _ _ 

self = &lt;test_minimal_requirements.SystemUnderTest object at 0x7fef808091c0&gt;
type = &#39;form&#39;

    def modelos_tienen_vista(self, type):
        r = 0
&gt;       assert self.app_models
E       assert []
E        +  where [] = &lt;test_minimal_requirements.SystemUnderTest object at 0x7fef808091c0&gt;.app_models

test_minimal_requirements.py:157: AssertionError</pre>
                        
                        

                        
                        
                        
                    </div>
                
                    <div class="test outcome outcome-failed">
                        <a id="ab173dcb-a4c6-4793-9d54-e80e8a59a49a"></a>
                        <table class="proplist">
                            <tr><th>Test case:</th><td><b>test_formularios_tienen_vista_anidada_para_campos_X2many[one2many]</b></td></tr>
                            <tr><th>Outcome:</th><td>Failed</td></tr>
                            <tr><th>Duration:</th><td>0.001 sec</td></tr>
                        
                            <tr><th>Failed</th><td>AssertionError: No hay modelos de datos
assert []
 +  where [] = &lt;test_minimal_requirements.SystemUnderTest object at 0x7fef808091c0&gt;.app_models</td></tr>
                        
                        
                        </table>

                        
                        <pre>self = &lt;test_minimal_requirements.TestRNF3 object at 0x7fef807eb8b0&gt;
sut = &lt;test_minimal_requirements.SystemUnderTest object at 0x7fef808091c0&gt;
relationship = &#39;one2many&#39;

    @pytest.mark.parametrize(&#34;relationship&#34;, [&#39;one2many&#39;, &#39;many2many&#39;])
    def test_formularios_tienen_vista_anidada_para_campos_X2many(self, sut, relationship):
        # @see https://www.cybrosys.com/blog/many2many-fields-and-its-widgets-odoo
        alternative_widgets = (&#39;many2many_default&#39;,
                                &#39;many2many_tags&#39;,
                                &#39;many2many_checkboxes&#39;,
                                &#39;many2many_kanban&#39;,
                                &#39;many2many_binary&#39;,
                                &#39;x2many_counter&#39;)
&gt;       fields = sut.modelos_tienen_campos(relationship)

test_minimal_requirements.py:298: 
_ _ _ _ _ _ _ _ _ _ _ _ _ _ _ _ _ _ _ _ _ _ _ _ _ _ _ _ _ _ _ _ _ _ _ _ _ _ _ _ 

self = &lt;test_minimal_requirements.SystemUnderTest object at 0x7fef808091c0&gt;
type = &#39;one2many&#39;

    def modelos_tienen_campos(self, type):
        r = []
&gt;       assert self.app_models, &#34;No hay modelos de datos&#34;
E       AssertionError: No hay modelos de datos
E       assert []
E        +  where [] = &lt;test_minimal_requirements.SystemUnderTest object at 0x7fef808091c0&gt;.app_models

test_minimal_requirements.py:147: AssertionError</pre>
                        
                        

                        
                        
                        
                    </div>
                
                    <div class="test outcome outcome-failed">
                        <a id="a51113ee-aa53-4eef-9dcf-a1ec5ae89ca0"></a>
                        <table class="proplist">
                            <tr><th>Test case:</th><td><b>test_formularios_tienen_vista_anidada_para_campos_X2many[many2many]</b></td></tr>
                            <tr><th>Outcome:</th><td>Failed</td></tr>
                            <tr><th>Duration:</th><td>0.001 sec</td></tr>
                        
                            <tr><th>Failed</th><td>AssertionError: No hay modelos de datos
assert []
 +  where [] = &lt;test_minimal_requirements.SystemUnderTest object at 0x7fef808091c0&gt;.app_models</td></tr>
                        
                        
                        </table>

                        
                        <pre>self = &lt;test_minimal_requirements.TestRNF3 object at 0x7fef807eba90&gt;
sut = &lt;test_minimal_requirements.SystemUnderTest object at 0x7fef808091c0&gt;
relationship = &#39;many2many&#39;

    @pytest.mark.parametrize(&#34;relationship&#34;, [&#39;one2many&#39;, &#39;many2many&#39;])
    def test_formularios_tienen_vista_anidada_para_campos_X2many(self, sut, relationship):
        # @see https://www.cybrosys.com/blog/many2many-fields-and-its-widgets-odoo
        alternative_widgets = (&#39;many2many_default&#39;,
                                &#39;many2many_tags&#39;,
                                &#39;many2many_checkboxes&#39;,
                                &#39;many2many_kanban&#39;,
                                &#39;many2many_binary&#39;,
                                &#39;x2many_counter&#39;)
&gt;       fields = sut.modelos_tienen_campos(relationship)

test_minimal_requirements.py:298: 
_ _ _ _ _ _ _ _ _ _ _ _ _ _ _ _ _ _ _ _ _ _ _ _ _ _ _ _ _ _ _ _ _ _ _ _ _ _ _ _ 

self = &lt;test_minimal_requirements.SystemUnderTest object at 0x7fef808091c0&gt;
type = &#39;many2many&#39;

    def modelos_tienen_campos(self, type):
        r = []
&gt;       assert self.app_models, &#34;No hay modelos de datos&#34;
E       AssertionError: No hay modelos de datos
E       assert []
E        +  where [] = &lt;test_minimal_requirements.SystemUnderTest object at 0x7fef808091c0&gt;.app_models

test_minimal_requirements.py:147: AssertionError</pre>
                        
                        

                        
                        
                        
                    </div>
                
                </div>
            </div>
            
            <div class="testclass">
                <h4>test_minimal_requirements.TestRNF4</h4>
                <div class="testcases">
                
                    <div class="test outcome outcome-passed">
                        <a id="6ebc6289-2bfb-4a32-97ba-67d13e1c8b5d"></a>
                        <table class="proplist">
                            <tr><th>Test case:</th><td><b>test_vistas_en_ficheros_individuales</b></td></tr>
                            <tr><th>Outcome:</th><td>Passed</td></tr>
                            <tr><th>Duration:</th><td>0.001 sec</td></tr>
                        
                        
                        </table>

                        
                        

                        
                        
                        
                    </div>
                
                </div>
            </div>
            
            <div class="testclass">
                <h4>test_minimal_requirements.TestRNF5</h4>
                <div class="testcases">
                
                    <div class="test outcome outcome-failed">
                        <a id="5258f765-9540-48f4-afea-a338f2bcd933"></a>
                        <table class="proplist">
                            <tr><th>Test case:</th><td><b>test_modelos_tienen_algun_posible_campo_imagen</b></td></tr>
                            <tr><th>Outcome:</th><td>Failed</td></tr>
                            <tr><th>Duration:</th><td>0.001 sec</td></tr>
                        
                            <tr><th>Failed</th><td>AssertionError: No hay modelos de datos
assert []
 +  where [] = &lt;test_minimal_requirements.SystemUnderTest object at 0x7fef808091c0&gt;.app_models</td></tr>
                        
                        
                        </table>

                        
                        <pre>self = &lt;test_minimal_requirements.TestRNF5 object at 0x7fef807f02e0&gt;
sut = &lt;test_minimal_requirements.SystemUnderTest object at 0x7fef808091c0&gt;

    def test_modelos_tienen_algun_posible_campo_imagen(self, sut):
&gt;       posibles_campos_imagenes = sut.modelos_tienen_campos(&#39;binary&#39;)

test_minimal_requirements.py:318: 
_ _ _ _ _ _ _ _ _ _ _ _ _ _ _ _ _ _ _ _ _ _ _ _ _ _ _ _ _ _ _ _ _ _ _ _ _ _ _ _ 

self = &lt;test_minimal_requirements.SystemUnderTest object at 0x7fef808091c0&gt;
type = &#39;binary&#39;

    def modelos_tienen_campos(self, type):
        r = []
&gt;       assert self.app_models, &#34;No hay modelos de datos&#34;
E       AssertionError: No hay modelos de datos
E       assert []
E        +  where [] = &lt;test_minimal_requirements.SystemUnderTest object at 0x7fef808091c0&gt;.app_models

test_minimal_requirements.py:147: AssertionError</pre>
                        
                        

                        
                        
                        
                    </div>
                
                    <div class="test outcome outcome-failed">
                        <a id="36afbb4a-e364-4ade-8b91-0996f556572a"></a>
                        <table class="proplist">
                            <tr><th>Test case:</th><td><b>test_alguna_vista_tiene_campo_imagen</b></td></tr>
                            <tr><th>Outcome:</th><td>Failed</td></tr>
                            <tr><th>Duration:</th><td>0.001 sec</td></tr>
                        
                            <tr><th>Failed</th><td>AssertionError: No hay modelos de datos
assert []
 +  where [] = &lt;test_minimal_requirements.SystemUnderTest object at 0x7fef808091c0&gt;.app_models</td></tr>
                        
                        
                        </table>

                        
                        <pre>self = &lt;test_minimal_requirements.TestRNF5 object at 0x7fef807f0700&gt;
sut = &lt;test_minimal_requirements.SystemUnderTest object at 0x7fef808091c0&gt;

    def test_alguna_vista_tiene_campo_imagen(self, sut):
&gt;       assert any(sut.hay_vista_con_campo_atributo_y_valor(&#39;form&#39;, f, &#39;widget&#39;, &#39;image&#39;) for f in sut.modelos_tienen_campos(&#39;binary&#39;)), self.__doc__

test_minimal_requirements.py:323: 
_ _ _ _ _ _ _ _ _ _ _ _ _ _ _ _ _ _ _ _ _ _ _ _ _ _ _ _ _ _ _ _ _ _ _ _ _ _ _ _ 

self = &lt;test_minimal_requirements.SystemUnderTest object at 0x7fef808091c0&gt;
type = &#39;binary&#39;

    def modelos_tienen_campos(self, type):
        r = []
&gt;       assert self.app_models, &#34;No hay modelos de datos&#34;
E       AssertionError: No hay modelos de datos
E       assert []
E        +  where [] = &lt;test_minimal_requirements.SystemUnderTest object at 0x7fef808091c0&gt;.app_models

test_minimal_requirements.py:147: AssertionError</pre>
                        
                        

                        
                        
                        
                    </div>
                
                </div>
            </div>
            
            <div class="testclass">
                <h4>test_minimal_requirements.TestRNF6</h4>
                <div class="testcases">
                
                    <div class="test outcome outcome-failed">
                        <a id="c553c6d5-3763-4dab-8be1-1b6b72b03fad"></a>
                        <table class="proplist">
                            <tr><th>Test case:</th><td><b>test_modelos_tienen_acciones</b></td></tr>
                            <tr><th>Outcome:</th><td>Failed</td></tr>
                            <tr><th>Duration:</th><td>0.001 sec</td></tr>
                        
                            <tr><th>Failed</th><td>assert []
 +  where [] = &lt;test_minimal_requirements.SystemUnderTest object at 0x7fef808091c0&gt;.basename_app_models</td></tr>
                        
                        
                        </table>

                        
                        <pre>self = &lt;test_minimal_requirements.TestRNF6 object at 0x7fef807f0bb0&gt;
sut = &lt;test_minimal_requirements.SystemUnderTest object at 0x7fef808091c0&gt;

    def test_modelos_tienen_acciones(self, sut):
&gt;       assert sut.basename_app_models
E       assert []
E        +  where [] = &lt;test_minimal_requirements.SystemUnderTest object at 0x7fef808091c0&gt;.basename_app_models

test_minimal_requirements.py:330: AssertionError</pre>
                        
                        

                        
                        
                        
                    </div>
                
                    <div class="test outcome outcome-passed">
                        <a id="716fc347-6dbf-4471-897c-77cc67a72223"></a>
                        <table class="proplist">
                            <tr><th>Test case:</th><td><b>test_hay_elementos_de_menu[.//menuitem[@action]]</b></td></tr>
                            <tr><th>Outcome:</th><td>Passed</td></tr>
                            <tr><th>Duration:</th><td>0.002 sec</td></tr>
                        
                        
                        </table>

                        
                        

                        
                        
                        
                    </div>
                
                </div>
            </div>
            
            <div class="testclass">
                <h4>test_minimal_requirements.TestRNF7</h4>
                <div class="testcases">
                
                    <div class="test outcome outcome-failed">
                        <a id="f46d589b-c69b-47c7-9f81-af35e4a66749"></a>
                        <table class="proplist">
                            <tr><th>Test case:</th><td><b>test_modelos_tienen_permisos</b></td></tr>
                            <tr><th>Outcome:</th><td>Failed</td></tr>
                            <tr><th>Duration:</th><td>0.001 sec</td></tr>
                        
                            <tr><th>Failed</th><td>assert []
 +  where [] = &lt;test_minimal_requirements.SystemUnderTest object at 0x7fef808091c0&gt;.app_models</td></tr>
                        
                        
                        </table>

                        
                        <pre>self = &lt;test_minimal_requirements.TestRNF7 object at 0x7fef807f3580&gt;
sut = &lt;test_minimal_requirements.SystemUnderTest object at 0x7fef808091c0&gt;

    def test_modelos_tienen_permisos(self, sut):
&gt;       assert sut.app_models
E       assert []
E        +  where [] = &lt;test_minimal_requirements.SystemUnderTest object at 0x7fef808091c0&gt;.app_models

test_minimal_requirements.py:351: AssertionError</pre>
                        
                        

                        
                        
                        
                    </div>
                
                </div>
            </div>
            
            <div class="testclass">
                <h4>test_minimal_requirements.TestRNF8</h4>
                <div class="testcases">
                
                    <div class="test outcome outcome-passed">
                        <a id="55d8c5c2-9328-4d66-bc5c-4ae2f529cd05"></a>
                        <table class="proplist">
                            <tr><th>Test case:</th><td><b>test_app_tiene_icono</b></td></tr>
                            <tr><th>Outcome:</th><td>Passed</td></tr>
                            <tr><th>Duration:</th><td>0.015 sec</td></tr>
                        
                        
                        </table>

                        
                        

                        
                        
                        
                    </div>
                
                </div>
            </div>
            
            <div class="testclass">
                <h4>test_minimal_requirements.TestRNF9</h4>
                <div class="testcases">
                
                    <div class="test outcome outcome-failed">
                        <a id="c80e9a11-23a7-4ed5-8547-d4f9dfc11d97"></a>
                        <table class="proplist">
                            <tr><th>Test case:</th><td><b>test_modelos_tienen_datos_demo</b></td></tr>
                            <tr><th>Outcome:</th><td>Failed</td></tr>
                            <tr><th>Duration:</th><td>0.001 sec</td></tr>
                        
                            <tr><th>Failed</th><td>AssertionError: No hay modelos de datos
assert []
 +  where [] = &lt;test_minimal_requirements.SystemUnderTest object at 0x7fef808091c0&gt;.app_models</td></tr>
                        
                        
                        </table>

                        
                        <pre>self = &lt;test_minimal_requirements.TestRNF9 object at 0x7fef807f3eb0&gt;
sut = &lt;test_minimal_requirements.SystemUnderTest object at 0x7fef808091c0&gt;

    def test_modelos_tienen_datos_demo(self, sut):
        total_demo_records = 0
        demo_records_en_todos = sut.app_models != []
&gt;       assert sut.app_models, &#34;No hay modelos de datos&#34;
E       AssertionError: No hay modelos de datos
E       assert []
E        +  where [] = &lt;test_minimal_requirements.SystemUnderTest object at 0x7fef808091c0&gt;.app_models

test_minimal_requirements.py:378: AssertionError</pre>
                        
                        

                        
                        
                        
                    </div>
                
                </div>
            </div>
            
            <div class="testclass">
                <h4>test_minimal_requirements.TestRNFGit</h4>
                <div class="testcases">
                
                    <div class="test outcome outcome-passed">
                        <a id="53ebb851-59cd-4473-a252-ebc19bcf5882"></a>
                        <table class="proplist">
                            <tr><th>Test case:</th><td><b>test_git_commit_frecuentes</b></td></tr>
                            <tr><th>Outcome:</th><td>Passed</td></tr>
                            <tr><th>Duration:</th><td>0.001 sec</td></tr>
                        
                        
                        </table>

                        
                        

                        
                        
                        
                    </div>
                
                </div>
            </div>
            
            <div class="testclass">
                <h4>test_minimal_requirements.TestRNFCalidad</h4>
                <div class="testcases">
                
                    <div class="test outcome outcome-passed">
                        <a id="8c47c84f-8f7b-4799-92be-92c76d4008ae"></a>
                        <table class="proplist">
                            <tr><th>Test case:</th><td><b>test_odoo_disponible</b></td></tr>
                            <tr><th>Outcome:</th><td>Passed</td></tr>
                            <tr><th>Duration:</th><td>0.009 sec</td></tr>
                        
                        
                        </table>

                        
                        

                        
                        
                        
                    </div>
                
                    <div class="test outcome outcome-failed">
                        <a id="e1fc041c-a0f8-4558-98aa-16ec2a299fe7"></a>
                        <table class="proplist">
                            <tr><th>Test case:</th><td><b>test_app_instalada</b></td></tr>
                            <tr><th>Outcome:</th><td>Failed</td></tr>
                            <tr><th>Duration:</th><td>0.017 sec</td></tr>
                        
                            <tr><th>Failed</th><td>AssertionError: La aplicación no ha quedado instalada con éxito - El módulo tiene que ser instalable a partir del código entregado sin necesidad de hacer ningún cambio o modificación.
assert &#39;uninstalled&#39; == &#39;installed&#39;
  
  - installed
  + uninstalled
  ? ++</td></tr>
                        
                        
                        </table>

                        
                        <pre>self = &lt;test_minimal_requirements.TestRNFCalidad object at 0x7fef807f7550&gt;
sut = &lt;test_minimal_requirements.SystemUnderTest object at 0x7fef808091c0&gt;

    def test_app_instalada(self, sut):
        ids = sut.execute_kw(&#39;ir.module.module&#39;, &#39;search&#39;, [[(&#39;name&#39;, &#39;=&#39;, sut.app_prefix)]])
        assert len(ids) == 1, &#34;No se ha encontrado la aplicación&#34;
        app = sut.execute_kw(&#39;ir.module.module&#39;, &#39;read&#39;, [ids], {&#39;fields&#39;: [&#39;name&#39;, &#39;icon_image&#39;, &#39;state&#39;]}).pop()
&gt;       assert app.get(&#34;state&#34;) == &#39;installed&#39;, &#34;La aplicación no ha quedado instalada con éxito - El módulo tiene que ser instalable a partir del código entregado sin necesidad de hacer ningún cambio o modificación.&#34;
E       AssertionError: La aplicación no ha quedado instalada con éxito - El módulo tiene que ser instalable a partir del código entregado sin necesidad de hacer ningún cambio o modificación.
E       assert &#39;uninstalled&#39; == &#39;installed&#39;
E         
E         - installed
E         + uninstalled
E         ? ++

test_minimal_requirements.py:416: AssertionError</pre>
                        
                        

                        
                        
                        
                    </div>
                
                    <div class="test outcome outcome-failed">
                        <a id="2d82b4ed-2557-410c-a5e0-4588e48c82b7"></a>
                        <table class="proplist">
                            <tr><th>Test case:</th><td><b>test_otras_apps_entregadas_son_dependencias</b></td></tr>
                            <tr><th>Outcome:</th><td>Failed</td></tr>
                            <tr><th>Duration:</th><td>0.014 sec</td></tr>
                        
                            <tr><th>Failed</th><td>AssertionError: Parece que tu aplicación no depende de mbs_instituto, al instalar la tuya esta no ha quedado instalada automáticamente - Tu código debe estar bien probado, documentado, sin código comentado, sin ficheros innecesarios y con un *manifest* cuidado.
assert &#39;uninstalled&#39; == &#39;installed&#39;
  
  - installed
  + uninstalled
  ? ++</td></tr>
                        
                        
                        </table>

                        
                        <pre>self = &lt;test_minimal_requirements.TestRNFCalidad object at 0x7fef807f7970&gt;
sut = &lt;test_minimal_requirements.SystemUnderTest object at 0x7fef808091c0&gt;

    def test_otras_apps_entregadas_son_dependencias(self, sut):
        for third_party_app in buscar_dependencias_de_terceros_entregadas(sut):
            ids = sut.execute_kw(&#39;ir.module.module&#39;, &#39;search&#39;, [[(&#39;name&#39;, &#39;=&#39;, third_party_app)]])
            assert len(ids) == 1, f&#34;No se ha encontrado la aplicación {third_party_app}, ¿hay dependencia de esta aplicación?&#34;
            app = sut.execute_kw(&#39;ir.module.module&#39;, &#39;read&#39;, [ids], {&#39;fields&#39;: [&#39;name&#39;, &#39;icon_image&#39;, &#39;state&#39;]}).pop()
&gt;           assert app.get(&#34;state&#34;) == &#39;installed&#39;, f&#34;Parece que tu aplicación no depende de {third_party_app}, al instalar la tuya esta no ha quedado instalada automáticamente - Tu código debe estar bien probado, documentado, sin código comentado, sin ficheros innecesarios y con un *manifest* cuidado.&#34;
E           AssertionError: Parece que tu aplicación no depende de mbs_instituto, al instalar la tuya esta no ha quedado instalada automáticamente - Tu código debe estar bien probado, documentado, sin código comentado, sin ficheros innecesarios y con un *manifest* cuidado.
E           assert &#39;uninstalled&#39; == &#39;installed&#39;
E             
E             - installed
E             + uninstalled
E             ? ++

test_minimal_requirements.py:423: AssertionError</pre>
                        
                        

                        
                        
                        
                    </div>
                
                    <div class="test outcome outcome-passed">
                        <a id="4cefc857-9810-4779-b696-8e7303db2c0c"></a>
                        <table class="proplist">
                            <tr><th>Test case:</th><td><b>test_no_hay_elementos_xml_comentados</b></td></tr>
                            <tr><th>Outcome:</th><td>Passed</td></tr>
                            <tr><th>Duration:</th><td>0.003 sec</td></tr>
                        
                        
                        </table>

                        
                        

                        
                        
                        
                    </div>
                
                    <div class="test outcome outcome-passed">
                        <a id="d001d5e2-e492-4746-bf58-50a8b6f2ea52"></a>
                        <table class="proplist">
                            <tr><th>Test case:</th><td><b>test_no_hay_codigo_python_comentado</b></td></tr>
                            <tr><th>Outcome:</th><td>Passed</td></tr>
                            <tr><th>Duration:</th><td>0.238 sec</td></tr>
                        
                        
                        </table>

                        
                        

                        
                        
                        
                    </div>
                
                    <div class="test outcome outcome-passed">
                        <a id="669a1569-5429-4e4d-984a-6d57a754d5ce"></a>
                        <table class="proplist">
                            <tr><th>Test case:</th><td><b>test_log_servidor_sin_errores</b></td></tr>
                            <tr><th>Outcome:</th><td>Passed</td></tr>
                            <tr><th>Duration:</th><td>0.001 sec</td></tr>
                        
                        
                        </table>

                        
                        

                        
                        
                        
                    </div>
                
                </div>
            </div>
            
            <div class="testclass">
                <h4>test_minimal_requirements.TestOtros</h4>
                <div class="testcases">
                
                    <div class="test outcome outcome-passed">
                        <a id="f71357ad-672e-4f84-b611-75e2817bc873"></a>
                        <table class="proplist">
                            <tr><th>Test case:</th><td><b>test_log_sin_warnings</b></td></tr>
                            <tr><th>Outcome:</th><td>Passed</td></tr>
                            <tr><th>Duration:</th><td>0.001 sec</td></tr>
                        
                        
                        </table>

                        
                        

                        
                        
                        
                    </div>
                
                </div>
            </div>
            
            <div class="testclass">
                <h4>test_minimal_requirements.TestRNFAdicionalesKanban</h4>
                <div class="testcases">
                
                    <div class="test outcome outcome-skipped">
                        <a id="b5c6f73c-9ea6-419f-abc4-8bf3415b7714"></a>
                        <table class="proplist">
                            <tr><th>Test case:</th><td><b>test_vista_kanban[/kanban]</b></td></tr>
                            <tr><th>Outcome:</th><td>Skipped</td></tr>
                            <tr><th>Duration:</th><td>0.001 sec</td></tr>
                        
                        
                            <tr><th>Skipped</th><td></td></tr>
                        
                        </table>

                        
                        
                        <pre>skipped</pre>
                        

                        
                        
                        
                    </div>
                
                    <div class="test outcome outcome-skipped">
                        <a id="c740ab50-68e4-4217-b873-083b6b03fdab"></a>
                        <table class="proplist">
                            <tr><th>Test case:</th><td><b>test_vista_kanban[/kanban[@default_group_by]]</b></td></tr>
                            <tr><th>Outcome:</th><td>Skipped</td></tr>
                            <tr><th>Duration:</th><td>0.001 sec</td></tr>
                        
                        
                            <tr><th>Skipped</th><td></td></tr>
                        
                        </table>

                        
                        
                        <pre>skipped</pre>
                        

                        
                        
                        
                    </div>
                
                    <div class="test outcome outcome-skipped">
                        <a id="9960ef65-46c4-41a8-9633-e43932de4e0b"></a>
                        <table class="proplist">
                            <tr><th>Test case:</th><td><b>test_vista_kanban_imagen[/img]</b></td></tr>
                            <tr><th>Outcome:</th><td>Skipped</td></tr>
                            <tr><th>Duration:</th><td>0.001 sec</td></tr>
                        
                        
                            <tr><th>Skipped</th><td></td></tr>
                        
                        </table>

                        
                        
                        <pre>skipped</pre>
                        

                        
                        
                        
                    </div>
                
                    <div class="test outcome outcome-skipped">
                        <a id="f9fefa7c-f006-4e31-a0c0-7cc9a00ea6b7"></a>
                        <table class="proplist">
                            <tr><th>Test case:</th><td><b>test_vista_kanban_imagen[/field[@preview_image]]</b></td></tr>
                            <tr><th>Outcome:</th><td>Skipped</td></tr>
                            <tr><th>Duration:</th><td>0.001 sec</td></tr>
                        
                        
                            <tr><th>Skipped</th><td></td></tr>
                        
                        </table>

                        
                        
                        <pre>skipped</pre>
                        

                        
                        
                        
                    </div>
                
                    <div class="test outcome outcome-skipped">
                        <a id="d56aec0d-fe0b-4a80-bc91-792929029249"></a>
                        <table class="proplist">
                            <tr><th>Test case:</th><td><b>test_vista_kanban_imagen[/field[@widget=&#34;image&#34;]]</b></td></tr>
                            <tr><th>Outcome:</th><td>Skipped</td></tr>
                            <tr><th>Duration:</th><td>0.001 sec</td></tr>
                        
                        
                            <tr><th>Skipped</th><td></td></tr>
                        
                        </table>

                        
                        
                        <pre>skipped</pre>
                        

                        
                        
                        
                    </div>
                
                </div>
            </div>
            
            <div class="testclass">
                <h4>test_minimal_requirements.TestRNFAdicionalesBusqueda</h4>
                <div class="testcases">
                
                    <div class="test outcome outcome-skipped">
                        <a id="3139ad8e-64a0-400c-94d2-06f5e3db5be3"></a>
                        <table class="proplist">
                            <tr><th>Test case:</th><td><b>test_vista_search[/search]</b></td></tr>
                            <tr><th>Outcome:</th><td>Skipped</td></tr>
                            <tr><th>Duration:</th><td>0.001 sec</td></tr>
                        
                        
                            <tr><th>Skipped</th><td></td></tr>
                        
                        </table>

                        
                        
                        <pre>skipped</pre>
                        

                        
                        
                        
                    </div>
                
                    <div class="test outcome outcome-skipped">
                        <a id="a2772bc8-647c-4422-8710-b379a4a38e24"></a>
                        <table class="proplist">
                            <tr><th>Test case:</th><td><b>test_vista_search_compleja[/filter[@domain]]</b></td></tr>
                            <tr><th>Outcome:</th><td>Skipped</td></tr>
                            <tr><th>Duration:</th><td>0.001 sec</td></tr>
                        
                        
                            <tr><th>Skipped</th><td></td></tr>
                        
                        </table>

                        
                        
                        <pre>skipped</pre>
                        

                        
                        
                        
                    </div>
                
                    <div class="test outcome outcome-skipped">
                        <a id="2df0a227-3a22-4335-92eb-69d9e4522649"></a>
                        <table class="proplist">
                            <tr><th>Test case:</th><td><b>test_vista_search_compleja[/group//filter[@context]]</b></td></tr>
                            <tr><th>Outcome:</th><td>Skipped</td></tr>
                            <tr><th>Duration:</th><td>0.001 sec</td></tr>
                        
                        
                            <tr><th>Skipped</th><td></td></tr>
                        
                        </table>

                        
                        
                        <pre>skipped</pre>
                        

                        
                        
                        
                    </div>
                
                </div>
            </div>
            
            <div class="testclass">
                <h4>test_minimal_requirements.TestRNFAdicionalesOtrasVistas</h4>
                <div class="testcases">
                
                    <div class="test outcome outcome-skipped">
                        <a id="6e73f125-9ca8-4963-a61a-32c0cd94be60"></a>
                        <table class="proplist">
                            <tr><th>Test case:</th><td><b>test_otras_vistas_adicionales[activity]</b></td></tr>
                            <tr><th>Outcome:</th><td>Skipped</td></tr>
                            <tr><th>Duration:</th><td>0.001 sec</td></tr>
                        
                        
                            <tr><th>Skipped</th><td></td></tr>
                        
                        </table>

                        
                        
                        <pre>skipped</pre>
                        

                        
                        
                        
                    </div>
                
                    <div class="test outcome outcome-skipped">
                        <a id="b475b316-6768-4ad2-9d2d-5deca6cdd310"></a>
                        <table class="proplist">
                            <tr><th>Test case:</th><td><b>test_otras_vistas_adicionales[calendar]</b></td></tr>
                            <tr><th>Outcome:</th><td>Skipped</td></tr>
                            <tr><th>Duration:</th><td>0.001 sec</td></tr>
                        
                        
                            <tr><th>Skipped</th><td></td></tr>
                        
                        </table>

                        
                        
                        <pre>skipped</pre>
                        

                        
                        
                        
                    </div>
                
                    <div class="test outcome outcome-skipped">
                        <a id="1cf7d32b-30a0-41a0-a885-d1c98b64b05d"></a>
                        <table class="proplist">
                            <tr><th>Test case:</th><td><b>test_otras_vistas_adicionales[graph]</b></td></tr>
                            <tr><th>Outcome:</th><td>Skipped</td></tr>
                            <tr><th>Duration:</th><td>0.001 sec</td></tr>
                        
                        
                            <tr><th>Skipped</th><td></td></tr>
                        
                        </table>

                        
                        
                        <pre>skipped</pre>
                        

                        
                        
                        
                    </div>
                
                    <div class="test outcome outcome-skipped">
                        <a id="e39f5085-6895-4217-b76b-3732b2e87512"></a>
                        <table class="proplist">
                            <tr><th>Test case:</th><td><b>test_otras_vistas_adicionales[pivot]</b></td></tr>
                            <tr><th>Outcome:</th><td>Skipped</td></tr>
                            <tr><th>Duration:</th><td>0.001 sec</td></tr>
                        
                        
                            <tr><th>Skipped</th><td></td></tr>
                        
                        </table>

                        
                        
                        <pre>skipped</pre>
                        

                        
                        
                        
                    </div>
                
                </div>
            </div>
            
            <div class="testclass">
                <h4>test_minimal_requirements.TestRNFAdicionalesConstraints</h4>
                <div class="testcases">
                
                    <div class="test outcome outcome-skipped">
                        <a id="5a1dae64-c18d-4184-ba93-30a2d1dc20b2"></a>
                        <table class="proplist">
                            <tr><th>Test case:</th><td><b>test_constraints_sql</b></td></tr>
                            <tr><th>Outcome:</th><td>Skipped</td></tr>
                            <tr><th>Duration:</th><td>0.017 sec</td></tr>
                        
                        
                            <tr><th>Skipped</th><td></td></tr>
                        
                        </table>

                        
                        
                        <pre>skipped</pre>
                        

                        
                        
                        
                    </div>
                
                </div>
            </div>
            
            <div class="testclass">
                <h4>test_minimal_requirements.TestRNFAdicionalesSeguridadAvanzada</h4>
                <div class="testcases">
                
                    <div class="test outcome outcome-passed">
                        <a id="111940cd-abc5-4ee1-bbda-8f340b2dbec1"></a>
                        <table class="proplist">
                            <tr><th>Test case:</th><td><b>test_seguridad_con_grupos_propios</b></td></tr>
                            <tr><th>Outcome:</th><td>Passed</td></tr>
                            <tr><th>Duration:</th><td>0.002 sec</td></tr>
                        
                        
                        </table>

                        
                        

                        
                        
                        
                    </div>
                
                </div>
            </div>
            
            <div class="testclass">
                <h4>test_minimal_requirements.TestRNFAdicionalesDatosAvanzados</h4>
                <div class="testcases">
                
                    <div class="test outcome outcome-skipped">
                        <a id="9c396a01-fa34-444d-b486-7be66532f4dd"></a>
                        <table class="proplist">
                            <tr><th>Test case:</th><td><b>test_datos_maestros_o_demo_avanzados[binary]</b></td></tr>
                            <tr><th>Outcome:</th><td>Skipped</td></tr>
                            <tr><th>Duration:</th><td>0.001 sec</td></tr>
                        
                        
                            <tr><th>Skipped</th><td></td></tr>
                        
                        </table>

                        
                        
                        <pre>skipped</pre>
                        

                        
                        
                        
                    </div>
                
                    <div class="test outcome outcome-skipped">
                        <a id="5731c6b9-59bd-4f67-b4c8-f1e08def9795"></a>
                        <table class="proplist">
                            <tr><th>Test case:</th><td><b>test_datos_maestros_o_demo_avanzados[many2many]</b></td></tr>
                            <tr><th>Outcome:</th><td>Skipped</td></tr>
                            <tr><th>Duration:</th><td>0.001 sec</td></tr>
                        
                        
                            <tr><th>Skipped</th><td></td></tr>
                        
                        </table>

                        
                        
                        <pre>skipped</pre>
                        

                        
                        
                        
                    </div>
                
                    <div class="test outcome outcome-skipped">
                        <a id="2013fee9-cc04-4e41-83f4-5c89d80d9104"></a>
                        <table class="proplist">
                            <tr><th>Test case:</th><td><b>test_datos_maestros_o_demo_avanzados[many2one]</b></td></tr>
                            <tr><th>Outcome:</th><td>Skipped</td></tr>
                            <tr><th>Duration:</th><td>0.001 sec</td></tr>
                        
                        
                            <tr><th>Skipped</th><td></td></tr>
                        
                        </table>

                        
                        
                        <pre>skipped</pre>
                        

                        
                        
                        
                    </div>
                
                </div>
            </div>
            
            <div class="testclass">
                <h4>test_minimal_requirements.TestRNFAdicionalesHerenciaVistas</h4>
                <div class="testcases">
                
                    <div class="test outcome outcome-skipped">
                        <a id="92ed16dc-8bde-4cb0-b6c3-d8e48a30233d"></a>
                        <table class="proplist">
                            <tr><th>Test case:</th><td><b>test_herencia_en_vistas_con_position</b></td></tr>
                            <tr><th>Outcome:</th><td>Skipped</td></tr>
                            <tr><th>Duration:</th><td>0.001 sec</td></tr>
                        
                        
                            <tr><th>Skipped</th><td></td></tr>
                        
                        </table>

                        
                        
                        <pre>skipped</pre>
                        

                        
                        
                        
                    </div>
                
                    <div class="test outcome outcome-skipped">
                        <a id="4a664ef1-7276-4894-9390-6a5d91afec9c"></a>
                        <table class="proplist">
                            <tr><th>Test case:</th><td><b>test_herencia_en_vistas_con_inherit_id</b></td></tr>
                            <tr><th>Outcome:</th><td>Skipped</td></tr>
                            <tr><th>Duration:</th><td>0.003 sec</td></tr>
                        
                        
                            <tr><th>Skipped</th><td></td></tr>
                        
                        </table>

                        
                        
                        <pre>skipped</pre>
                        

                        
                        
                        
                    </div>
                
                </div>
            </div>
            
            <div class="testclass">
                <h4>test_minimal_requirements.TestRNFAdicionalesHerenciaModelos</h4>
                <div class="testcases">
                
                    <div class="test outcome outcome-skipped">
                        <a id="faea0b39-1eba-43b3-8a5c-af849b06766a"></a>
                        <table class="proplist">
                            <tr><th>Test case:</th><td><b>test_modelos_existentes_modificados_por_herencia</b></td></tr>
                            <tr><th>Outcome:</th><td>Skipped</td></tr>
                            <tr><th>Duration:</th><td>0.001 sec</td></tr>
                        
                        
                            <tr><th>Skipped</th><td></td></tr>
                        
                        </table>

                        
                        
                        <pre>skipped</pre>
                        

                        
                        
                        
                    </div>
                
                    <div class="test outcome outcome-skipped">
                        <a id="bb7a18a5-0208-4fba-80a1-8bb71c80c1ed"></a>
                        <table class="proplist">
                            <tr><th>Test case:</th><td><b>test_nuevos_modelos_con_herencia</b></td></tr>
                            <tr><th>Outcome:</th><td>Skipped</td></tr>
                            <tr><th>Duration:</th><td>0.001 sec</td></tr>
                        
                        
                            <tr><th>Skipped</th><td></td></tr>
                        
                        </table>

                        
                        
                        <pre>skipped</pre>
                        

                        
                        
                        
                    </div>
                
                </div>
            </div>
            
            <div class="testclass">
                <h4>test_minimal_requirements.TestRNFAdicionalesTraducciones</h4>
                <div class="testcases">
                
                    <div class="test outcome outcome-passed">
                        <a id="b0210d6f-e95a-4001-9a2c-f218b2a3e87a"></a>
                        <table class="proplist">
                            <tr><th>Test case:</th><td><b>test_i18n</b></td></tr>
                            <tr><th>Outcome:</th><td>Passed</td></tr>
                            <tr><th>Duration:</th><td>0.001 sec</td></tr>
                        
                        
                        </table>

                        
                        

                        
                        
                        
                    </div>
                
                </div>
            </div>
            
            <div class="testclass">
                <h4>test_minimal_requirements.TestRNFAdicionalesInformes</h4>
                <div class="testcases">
                
                    <div class="test outcome outcome-passed">
                        <a id="72fa6090-2a89-4020-a437-321b63f5f237"></a>
                        <table class="proplist">
                            <tr><th>Test case:</th><td><b>test_informes[report]</b></td></tr>
                            <tr><th>Outcome:</th><td>Passed</td></tr>
                            <tr><th>Duration:</th><td>0.002 sec</td></tr>
                        
                        
                        </table>

                        
                        

                        
                        
                        
                    </div>
                
                    <div class="test outcome outcome-passed">
                        <a id="883656ae-ca68-48ad-af0d-7525eb4a6f56"></a>
                        <table class="proplist">
                            <tr><th>Test case:</th><td><b>test_informes[template]</b></td></tr>
                            <tr><th>Outcome:</th><td>Passed</td></tr>
                            <tr><th>Duration:</th><td>0.002 sec</td></tr>
                        
                        
                        </table>

                        
                        

                        
                        
                        
                    </div>
                
                    <div class="test outcome outcome-passed">
                        <a id="9660edfd-6559-4e1b-ba17-b15af2f9abfd"></a>
                        <table class="proplist">
                            <tr><th>Test case:</th><td><b>test_informes_complejos[/t[@t-foreach]]</b></td></tr>
                            <tr><th>Outcome:</th><td>Passed</td></tr>
                            <tr><th>Duration:</th><td>0.002 sec</td></tr>
                        
                        
                        </table>

                        
                        

                        
                        
                        
                    </div>
                
                    <div class="test outcome outcome-passed">
                        <a id="72cac165-c101-46e2-bac3-6f0e15c43fed"></a>
                        <table class="proplist">
                            <tr><th>Test case:</th><td><b>test_informes_complejos[/img[@t-att-src]]</b></td></tr>
                            <tr><th>Outcome:</th><td>Passed</td></tr>
                            <tr><th>Duration:</th><td>0.002 sec</td></tr>
                        
                        
                        </table>

                        
                        

                        
                        
                        
                    </div>
                
                    <div class="test outcome outcome-skipped">
                        <a id="99feec61-73bd-43db-a25e-562858de2bf6"></a>
                        <table class="proplist">
                            <tr><th>Test case:</th><td><b>test_informes_complejos[/t[@t-call and not(@t-call=&#34;web.external_layout&#34; or @t-call=&#34;web.html_container&#34;)]]</b></td></tr>
                            <tr><th>Outcome:</th><td>Skipped</td></tr>
                            <tr><th>Duration:</th><td>0.001 sec</td></tr>
                        
                        
                            <tr><th>Skipped</th><td></td></tr>
                        
                        </table>

                        
                        
                        <pre>skipped</pre>
                        

                        
                        
                        
                    </div>
                
                </div>
            </div>
            
            <div class="testclass">
                <h4>test_minimal_requirements.TestRNFAdicionalesChatter</h4>
                <div class="testcases">
                
                    <div class="test outcome outcome-skipped">
                        <a id="30403517-eff1-4b39-9844-24da3b37f647"></a>
                        <table class="proplist">
                            <tr><th>Test case:</th><td><b>test_chatter[mail_thread]</b></td></tr>
                            <tr><th>Outcome:</th><td>Skipped</td></tr>
                            <tr><th>Duration:</th><td>0.001 sec</td></tr>
                        
                        
                            <tr><th>Skipped</th><td></td></tr>
                        
                        </table>

                        
                        
                        <pre>skipped</pre>
                        

                        
                        
                        
                    </div>
                
                    <div class="test outcome outcome-skipped">
                        <a id="2bc21a91-3dc5-44e4-8b71-abdf3336868b"></a>
                        <table class="proplist">
                            <tr><th>Test case:</th><td><b>test_chatter[mail_activity_mixin]</b></td></tr>
                            <tr><th>Outcome:</th><td>Skipped</td></tr>
                            <tr><th>Duration:</th><td>0.001 sec</td></tr>
                        
                        
                            <tr><th>Skipped</th><td></td></tr>
                        
                        </table>

                        
                        
                        <pre>skipped</pre>
                        

                        
                        
                        
                    </div>
                
                    <div class="test outcome outcome-skipped">
                        <a id="d0d7e8ea-2343-4b56-986b-1022613f04e0"></a>
                        <table class="proplist">
                            <tr><th>Test case:</th><td><b>test_chatter_tracking</b></td></tr>
                            <tr><th>Outcome:</th><td>Skipped</td></tr>
                            <tr><th>Duration:</th><td>0.014 sec</td></tr>
                        
                        
                            <tr><th>Skipped</th><td></td></tr>
                        
                        </table>

                        
                        
                        <pre>skipped</pre>
                        

                        
                        
                        
                    </div>
                
                    <div class="test outcome outcome-skipped">
                        <a id="d2b0cee6-7538-4e26-a917-6cbe69b128f2"></a>
                        <table class="proplist">
                            <tr><th>Test case:</th><td><b>test_vista_chatter_div</b></td></tr>
                            <tr><th>Outcome:</th><td>Skipped</td></tr>
                            <tr><th>Duration:</th><td>0.001 sec</td></tr>
                        
                        
                            <tr><th>Skipped</th><td></td></tr>
                        
                        </table>

                        
                        
                        <pre>skipped</pre>
                        

                        
                        
                        
                    </div>
                
                    <div class="test outcome outcome-passed">
                        <a id="163a2d77-30ba-4df2-9f00-5868cd6c4e78"></a>
                        <table class="proplist">
                            <tr><th>Test case:</th><td><b>test_vista_chatter_fields[.//field[@name=&#34;message_follower_ids&#34;]]</b></td></tr>
                            <tr><th>Outcome:</th><td>Passed</td></tr>
                            <tr><th>Duration:</th><td>0.002 sec</td></tr>
                        
                        
                        </table>

                        
                        

                        
                        
                        
                    </div>
                
                    <div class="test outcome outcome-passed">
                        <a id="91efb1d0-08ca-4e82-bb6c-5cf224133239"></a>
                        <table class="proplist">
                            <tr><th>Test case:</th><td><b>test_vista_chatter_fields[.//field[@name=&#34;activity_ids&#34;]]</b></td></tr>
                            <tr><th>Outcome:</th><td>Passed</td></tr>
                            <tr><th>Duration:</th><td>0.002 sec</td></tr>
                        
                        
                        </table>

                        
                        

                        
                        
                        
                    </div>
                
                    <div class="test outcome outcome-passed">
                        <a id="31cf2992-815c-457c-ac48-c582db6a7fbb"></a>
                        <table class="proplist">
                            <tr><th>Test case:</th><td><b>test_vista_chatter_fields[.//field[@name=&#34;message_ids&#34;]]</b></td></tr>
                            <tr><th>Outcome:</th><td>Passed</td></tr>
                            <tr><th>Duration:</th><td>0.002 sec</td></tr>
                        
                        
                        </table>

                        
                        

                        
                        
                        
                    </div>
                
                    <div class="test outcome outcome-passed">
                        <a id="4c9d70e4-c419-49d8-b374-dd08de6e0e1e"></a>
                        <table class="proplist">
                            <tr><th>Test case:</th><td><b>test_vista_chatter_fields[.//field[@widget=&#34;mail_followers&#34;]]</b></td></tr>
                            <tr><th>Outcome:</th><td>Passed</td></tr>
                            <tr><th>Duration:</th><td>0.002 sec</td></tr>
                        
                        
                        </table>

                        
                        

                        
                        
                        
                    </div>
                
                    <div class="test outcome outcome-passed">
                        <a id="fcc95918-92c8-471a-ba3f-0e9421914e63"></a>
                        <table class="proplist">
                            <tr><th>Test case:</th><td><b>test_vista_chatter_fields[.//field[@widget=&#34;mail_thread&#34;]]</b></td></tr>
                            <tr><th>Outcome:</th><td>Passed</td></tr>
                            <tr><th>Duration:</th><td>0.002 sec</td></tr>
                        
                        
                        </table>

                        
                        

                        
                        
                        
                    </div>
                
                    <div class="test outcome outcome-passed">
                        <a id="7f03f7cd-3bb1-48ae-95a6-4a601a5183f4"></a>
                        <table class="proplist">
                            <tr><th>Test case:</th><td><b>test_vista_chatter_fields[.//field[@widget=&#34;mail_activity&#34;]]</b></td></tr>
                            <tr><th>Outcome:</th><td>Passed</td></tr>
                            <tr><th>Duration:</th><td>5.017 sec</td></tr>
                        
                        
                        </table>

                        
                        

                        
                        
                        
                    </div>
                
                </div>
            </div>
            
        </div>
    </div>
    



<p class="footer">
    Generated by junit2html
</p>
</body>
</html>