<!DOCTYPE html>
<html lang="en">
<head>
    <meta charset="UTF-8">
    <title>mrm_conductores-pytest.xml</title>
    <style type="text/css">
        body {
    background-color: white;
    padding-bottom: 20em;
    margin: 0;
    min-height: 15cm;
}

h1, h2, h3, h4, h5, h6, h7 {
    font-family: sans-serif;
}

h1 {
    background-color: #007acc;
    color: white;
    padding: 3mm;
    margin-top: 0;
    margin-bottom: 1mm;
}

.footer {
    font-style: italic;
    font-size: small;
    text-align: right;
    padding: 1em;
}

.testsuite {
    padding-bottom: 2em;
    margin-left: 1em;
}

.proplist {
    width: 100%;
    margin-bottom: 2em;
    border-collapse: collapse;
    border: 1px solid grey;
}

.proplist th {
    background-color: silver;
    width: 5em;
    padding: 2px;
    padding-right: 1em;
    text-align: left;
}

.proplist td {
    padding: 2px;
}

.index-table {
    width: 90%;
    margin-left: 1em;
}

.index-table td {
    vertical-align: top;
    max-width: 200px;
    word-wrap: break-word;
}

.failure-index {

}

.toc {
    margin-bottom: 2em;
    font-family: monospace;
}

.stdio, pre {
    min-height: 1em;
    background-color: #1e1e1e;
    color: silver;
    padding: 0.5em;
}
.tdpre {
    background-color: #1e1e1e;
}

.test {
    margin-left: 0.5cm;
}

.outcome {
    border-left: 1em;
    padding: 2px;
}

.outcome-failed {
    border-left: 1em solid lightcoral;
}

.outcome-passed {
    border-left: 1em solid lightgreen;
}

.outcome-skipped {
    border-left: 1em dotted silver;
}

.stats-table {
}

.stats-table td {
    min-width: 4em;
    text-align: right;
}

.stats-table .failed {
    background-color: lightcoral;
}

.stats-table .passed {
    background-color: lightgreen;
}

.matrix-table {
    table-layout: fixed;
    border-spacing: 0;
    width: available;
    margin-left: 1em;
}

.matrix-table td {
    vertical-align: center;
}

.matrix-table td:last-child {
    width: 0;
}

.matrix-table tr:hover {
    background-color: yellow;
}

.matrix-axis-name {
    white-space: nowrap;
    padding-right: 0.5em;
    border-left: 1px solid black;
    border-top: 1px solid black;
    text-align: right;
}

.matrix-axis-line {
    border-left: 1px solid black;
    width: 0.5em;
}

.matrix-classname {
    text-align: left;
    width: 100%;
    border-top: 2px solid grey;
    border-bottom: 1px solid silver;
}

.matrix-casename {
    text-align: left;
    font-weight: normal;
    font-style: italic;
    padding-left: 1em;
    border-bottom: 1px solid silver;
}

.matrix-result {
    display: block;
    width: 1em;
    text-align: center;
    padding: 1mm;
    margin: 0;
}

.matrix-result-combined {
    white-space: nowrap;
    padding-right: 0.2em;
    text-align: right;
}

.matrix-result-failed {
    background-color: lightcoral;
}

.matrix-result-passed {
    background-color: lightgreen;
}

.matrix-result-skipped {
    background-color: lightyellow;
}

.matrix-even {
    background-color: lightgray;
}
    </style>
</head>
<body>
    
<h1>
    Test Report : mrm_conductores-pytest.xml
</h1>
<a id="toc"></a>
<table class="index-table">
    <tr>
        <td>
            <ul class="toc">
            
                
                <li>test_minimal_requirements.TestRNF1
                <ul>
                    
                    <li><a href="#26b479ed-891a-4193-bdfe-c9f0b5a4e5eb">test_app_tiene_al_menos_4_modelos</a></li>
                    
                    <li><a href="#36e8db54-2cc7-4da3-a3f4-0b249f04a5ba">test_modelos_en_ficheros_individuales</a></li>
                    
                </ul>
                </li>
                
                <li>test_minimal_requirements.TestRNF2
                <ul>
                    
                    <li><a href="#9fd29355-5759-433a-86ad-5ac706d89138">test_relacion_many2many</a></li>
                    
                    <li><a href="#b84ec7fc-5920-4c0b-a338-57ba625339f1">test_modelos_tienen_algun_campo_relacion[one2many]</a></li>
                    
                    <li><a href="#1a8efea4-96eb-43ec-ba1e-f77462a76ed9">test_modelos_tienen_algun_campo_relacion[many2one]</a></li>
                    
                    <li><a href="#c8b5374e-6ecc-4afa-a979-80a1316f0de6">test_unknown_comodel_name</a></li>
                    
                </ul>
                </li>
                
                <li>test_minimal_requirements.TestRNF3
                <ul>
                    
                    <li><a href="#e54c3260-750f-4265-b86b-b5859a1b8577">test_modelos_tienen_vista[tree]</a></li>
                    
                    <li><a href="#9c4afedf-4d8b-43d8-91ea-ce3b07ca65ec">test_modelos_tienen_vista[form]</a></li>
                    
                    <li><a href="#256d90d8-d3f2-492f-a425-e891e15dc85f">test_formularios_tienen_vista_anidada_para_campos_X2many[one2many]</a></li>
                    
                    <li><a href="#046e3c90-4173-4131-a1f6-3fbfd72fbe7e">test_formularios_tienen_vista_anidada_para_campos_X2many[many2many]</a></li>
                    
                </ul>
                </li>
                
                <li>test_minimal_requirements.TestRNF4
                <ul>
                    
                    <li><a href="#3570855b-fa1a-4b02-a154-f2fea737da76">test_vistas_en_ficheros_individuales</a></li>
                    
                </ul>
                </li>
                
                <li>test_minimal_requirements.TestRNF5
                <ul>
                    
                    <li><a href="#eba2143b-226c-48db-92dd-0e62d07cd45e">test_modelos_tienen_algun_posible_campo_imagen</a></li>
                    
                    <li><a href="#eea93e05-e52d-462b-9476-08703bb824f4">test_alguna_vista_tiene_campo_imagen</a></li>
                    
                </ul>
                </li>
                
                <li>test_minimal_requirements.TestRNF6
                <ul>
                    
                    <li><a href="#79894141-90ca-4d9a-b441-95a61be3b6c3">test_modelos_tienen_acciones</a></li>
                    
                    <li><a href="#d7deecdd-17cf-46ac-ac1c-344b9315420b">test_hay_elementos_de_menu[.//menuitem[@action]]</a></li>
                    
                </ul>
                </li>
                
                <li>test_minimal_requirements.TestRNF7
                <ul>
                    
                    <li><a href="#21dc2cef-783d-4225-ad51-eac44d2a0b93">test_modelos_tienen_permisos</a></li>
                    
                </ul>
                </li>
                
                <li>test_minimal_requirements.TestRNF8
                <ul>
                    
                    <li><a href="#a6c00a4f-c1cb-41d9-a29b-069cccf8f9a7">test_app_tiene_icono</a></li>
                    
                </ul>
                </li>
                
                <li>test_minimal_requirements.TestRNF9
                <ul>
                    
                    <li><a href="#d5fee574-cf43-4e14-b780-7fb1844c0c8f">test_modelos_tienen_datos_demo</a></li>
                    
                </ul>
                </li>
                
                <li>test_minimal_requirements.TestRNFGit
                <ul>
                    
                    <li><a href="#729324bf-803a-4409-8970-11a1c5709b06">test_git_commit_frecuentes</a></li>
                    
                </ul>
                </li>
                
                <li>test_minimal_requirements.TestRNFCalidad
                <ul>
                    
                    <li><a href="#3e9eba10-cfdc-4cfc-a2b8-e9507201cccf">test_odoo_disponible</a></li>
                    
                    <li><a href="#7b94b464-7672-4601-8051-dcafd06c27b4">test_app_instalada</a></li>
                    
                    <li><a href="#5f75d4f3-38e8-4e1b-9739-41869479f68a">test_otras_apps_entregadas_son_dependencias</a></li>
                    
                    <li><a href="#99a4e848-8b39-40d8-8bc9-fad9e1887204">test_no_hay_elementos_xml_comentados</a></li>
                    
                    <li><a href="#6b304370-70c6-43a2-b2c3-ea1e2a7bb1ad">test_no_hay_codigo_python_comentado</a></li>
                    
                    <li><a href="#68d87779-4d05-4b3b-b1e1-c3942c9a3452">test_log_servidor_sin_errores</a></li>
                    
                </ul>
                </li>
                
                <li>test_minimal_requirements.TestOtros
                <ul>
                    
                    <li><a href="#3a4fc8b2-75de-401a-b292-acde12d95d70">test_log_sin_warnings</a>[s]</li>
                    
                </ul>
                </li>
                
                <li>test_minimal_requirements.TestRNFAdicionalesKanban
                <ul>
                    
                    <li><a href="#3c8a9dee-9b98-4e4a-a170-7aab332888e5">test_vista_kanban[/kanban]</a>[s]</li>
                    
                    <li><a href="#01737e6a-9737-4f26-9ad7-ef674bceba78">test_vista_kanban[/kanban[@default_group_by]]</a>[s]</li>
                    
                    <li><a href="#ddc21172-c4de-483c-b5f4-cd019623248c">test_vista_kanban_imagen[/img]</a>[s]</li>
                    
                    <li><a href="#598a9d61-d5ec-4d93-8407-6c6734db8894">test_vista_kanban_imagen[/field[@preview_image]]</a>[s]</li>
                    
                    <li><a href="#4eb7b035-6394-416c-ab7a-6f1d349bb19d">test_vista_kanban_imagen[/field[@widget=&#34;image&#34;]]</a>[s]</li>
                    
                </ul>
                </li>
                
                <li>test_minimal_requirements.TestRNFAdicionalesBusqueda
                <ul>
                    
                    <li><a href="#2b50c99f-8194-46e0-a45e-2aef693568f9">test_vista_search[/search]</a>[s]</li>
                    
                    <li><a href="#affe1fb5-8415-40c9-a765-40c691917072">test_vista_search_compleja[/filter[@domain]]</a>[s]</li>
                    
                    <li><a href="#9bbe93b5-22ce-4514-b94f-e5d5bd9e239c">test_vista_search_compleja[/group//filter[@context]]</a>[s]</li>
                    
                </ul>
                </li>
                
                <li>test_minimal_requirements.TestRNFAdicionalesOtrasVistas
                <ul>
                    
                    <li><a href="#3403d336-15cc-4d72-94ec-ff8a122851bd">test_otras_vistas_adicionales[activity]</a>[s]</li>
                    
                    <li><a href="#91ff3ea9-56d1-4391-a39b-8b30f97df9cf">test_otras_vistas_adicionales[calendar]</a>[s]</li>
                    
                    <li><a href="#eb3b611b-8a81-4ecc-b8f9-0a916e34f739">test_otras_vistas_adicionales[graph]</a>[s]</li>
                    
                    <li><a href="#a05eeaec-1be8-4340-8e16-556bef9989da">test_otras_vistas_adicionales[pivot]</a>[s]</li>
                    
                </ul>
                </li>
                
                <li>test_minimal_requirements.TestRNFAdicionalesConstraints
                <ul>
                    
                    <li><a href="#08425b18-acbc-49af-860a-2178b5c8390a">test_constraints_sql</a>[s]</li>
                    
                </ul>
                </li>
                
                <li>test_minimal_requirements.TestRNFAdicionalesSeguridadAvanzada
                <ul>
                    
                    <li><a href="#982088bb-46ed-4421-8f77-fc050c398adc">test_seguridad_con_grupos_propios</a>[s]</li>
                    
                </ul>
                </li>
                
                <li>test_minimal_requirements.TestRNFAdicionalesDatosAvanzados
                <ul>
                    
                    <li><a href="#bdff2e36-4f17-40c8-bb48-7a1f4c681681">test_datos_maestros_o_demo_avanzados[binary]</a>[s]</li>
                    
                    <li><a href="#cd319314-0c39-4862-97ce-62183d20e92b">test_datos_maestros_o_demo_avanzados[many2many]</a>[s]</li>
                    
                    <li><a href="#25a92db1-76f3-42c4-9c1c-b8c9702ebf91">test_datos_maestros_o_demo_avanzados[many2one]</a>[s]</li>
                    
                </ul>
                </li>
                
                <li>test_minimal_requirements.TestRNFAdicionalesHerenciaVistas
                <ul>
                    
                    <li><a href="#4c66650e-7202-4c6f-b756-f6cb44e6b65b">test_herencia_en_vistas_con_position</a>[s]</li>
                    
                    <li><a href="#b502f75f-1595-471b-b46b-229388780fee">test_herencia_en_vistas_con_inherit_id</a>[s]</li>
                    
                </ul>
                </li>
                
                <li>test_minimal_requirements.TestRNFAdicionalesHerenciaModelos
                <ul>
                    
                    <li><a href="#9422e2cf-739f-447a-ba2c-fc278ee1cc70">test_modelos_existentes_modificados_por_herencia</a>[s]</li>
                    
                    <li><a href="#fa463be6-3215-4eac-9023-adbcccb9e99c">test_nuevos_modelos_con_herencia</a>[s]</li>
                    
                </ul>
                </li>
                
                <li>test_minimal_requirements.TestRNFAdicionalesTraducciones
                <ul>
                    
                    <li><a href="#891c8e8c-cccf-4598-8101-b0f5e819848a">test_i18n</a>[s]</li>
                    
                </ul>
                </li>
                
                <li>test_minimal_requirements.TestRNFAdicionalesInformes
                <ul>
                    
                    <li><a href="#cff75e21-2715-44b5-bbc6-1af929c8425a">test_informes[report]</a>[s]</li>
                    
                    <li><a href="#9145790b-f05c-48e3-9680-f566af7413d3">test_informes[template]</a>[s]</li>
                    
                    <li><a href="#a779c50d-777c-4db9-9e69-91316fc2b0d9">test_informes_complejos[/t[@t-foreach]]</a>[s]</li>
                    
                    <li><a href="#d13d7b62-1df0-4cda-964a-6e8976ad6c1d">test_informes_complejos[/img[@t-att-src]]</a>[s]</li>
                    
                    <li><a href="#905e3eee-f4b6-43d7-b246-7bbe3c4e4043">test_informes_complejos[/t[@t-call and not(@t-call=&#34;web.external_layout&#34; or @t-call=&#34;web.html_container&#34;)]]</a>[s]</li>
                    
                </ul>
                </li>
                
                <li>test_minimal_requirements.TestRNFAdicionalesChatter
                <ul>
                    
                    <li><a href="#c737a622-5413-476d-86e1-0f083b7092a1">test_chatter[mail_thread]</a>[s]</li>
                    
                    <li><a href="#4e64e7ad-b3f8-4e15-a321-b0d6d17ff120">test_chatter[mail_activity_mixin]</a>[s]</li>
                    
                    <li><a href="#0652a67d-0860-4590-a776-cf9539c6c278">test_chatter_tracking</a>[s]</li>
                    
                    <li><a href="#028243bd-47fa-4635-ab53-3edb1739f46a">test_vista_chatter_div</a>[s]</li>
                    
                    <li><a href="#c7ff0b7e-8fb9-4aab-a637-1a94d93245d6">test_vista_chatter_fields[.//field[@name=&#34;message_follower_ids&#34;]]</a>[s]</li>
                    
                    <li><a href="#850eb17b-d760-4cfe-a33c-685189bb1e40">test_vista_chatter_fields[.//field[@name=&#34;activity_ids&#34;]]</a>[s]</li>
                    
                    <li><a href="#2ae56be7-a4cc-49ef-ba37-7decfc74cbf2">test_vista_chatter_fields[.//field[@name=&#34;message_ids&#34;]]</a>[s]</li>
                    
                    <li><a href="#e4936ab6-3e43-48f4-8e17-40abee82808f">test_vista_chatter_fields[.//field[@widget=&#34;mail_followers&#34;]]</a>[s]</li>
                    
                    <li><a href="#faf460bd-79ce-4ebf-9d11-966e9d33f4fc">test_vista_chatter_fields[.//field[@widget=&#34;mail_thread&#34;]]</a>[s]</li>
                    
                    <li><a href="#ed77de53-c0c1-43ef-ae0a-daf4a4ecc5f2">test_vista_chatter_fields[.//field[@widget=&#34;mail_activity&#34;]]</a>[s]</li>
                    
                </ul>
                </li>
                
            
            </ul>
        </td>
        <td class="failure-index">
            <ul class="toc">
            
                
                    
                    
                    <li><a href="#26b479ed-891a-4193-bdfe-c9f0b5a4e5eb">[F] test_minimal_requirements.TestRNF1 : test_app_tiene_al_menos_4_modelos</a></li>
                    
                    
                    
                    <li><a href="#36e8db54-2cc7-4da3-a3f4-0b249f04a5ba">[F] test_minimal_requirements.TestRNF1 : test_modelos_en_ficheros_individuales</a></li>
                    
                    
                
                    
                    
                    <li><a href="#9fd29355-5759-433a-86ad-5ac706d89138">[F] test_minimal_requirements.TestRNF2 : test_relacion_many2many</a></li>
                    
                    
                    
                    <li><a href="#b84ec7fc-5920-4c0b-a338-57ba625339f1">[F] test_minimal_requirements.TestRNF2 : test_modelos_tienen_algun_campo_relacion[one2many]</a></li>
                    
                    
                    
                    <li><a href="#1a8efea4-96eb-43ec-ba1e-f77462a76ed9">[F] test_minimal_requirements.TestRNF2 : test_modelos_tienen_algun_campo_relacion[many2one]</a></li>
                    
                    
                    
                    <li><a href="#c8b5374e-6ecc-4afa-a979-80a1316f0de6">[F] test_minimal_requirements.TestRNF2 : test_unknown_comodel_name</a></li>
                    
                    
                
                    
                    
                    <li><a href="#e54c3260-750f-4265-b86b-b5859a1b8577">[F] test_minimal_requirements.TestRNF3 : test_modelos_tienen_vista[tree]</a></li>
                    
                    
                    
                    <li><a href="#9c4afedf-4d8b-43d8-91ea-ce3b07ca65ec">[F] test_minimal_requirements.TestRNF3 : test_modelos_tienen_vista[form]</a></li>
                    
                    
                    
                    <li><a href="#256d90d8-d3f2-492f-a425-e891e15dc85f">[F] test_minimal_requirements.TestRNF3 : test_formularios_tienen_vista_anidada_para_campos_X2many[one2many]</a></li>
                    
                    
                    
                    <li><a href="#046e3c90-4173-4131-a1f6-3fbfd72fbe7e">[F] test_minimal_requirements.TestRNF3 : test_formularios_tienen_vista_anidada_para_campos_X2many[many2many]</a></li>
                    
                    
                
                    
                    
                    <li><a href="#3570855b-fa1a-4b02-a154-f2fea737da76">[F] test_minimal_requirements.TestRNF4 : test_vistas_en_ficheros_individuales</a></li>
                    
                    
                
                    
                    
                    <li><a href="#eba2143b-226c-48db-92dd-0e62d07cd45e">[F] test_minimal_requirements.TestRNF5 : test_modelos_tienen_algun_posible_campo_imagen</a></li>
                    
                    
                    
                    <li><a href="#eea93e05-e52d-462b-9476-08703bb824f4">[F] test_minimal_requirements.TestRNF5 : test_alguna_vista_tiene_campo_imagen</a></li>
                    
                    
                
                    
                    
                    <li><a href="#79894141-90ca-4d9a-b441-95a61be3b6c3">[F] test_minimal_requirements.TestRNF6 : test_modelos_tienen_acciones</a></li>
                    
                    
                    
                    <li><a href="#d7deecdd-17cf-46ac-ac1c-344b9315420b">[F] test_minimal_requirements.TestRNF6 : test_hay_elementos_de_menu[.//menuitem[@action]]</a></li>
                    
                    
                
                    
                    
                    <li><a href="#21dc2cef-783d-4225-ad51-eac44d2a0b93">[F] test_minimal_requirements.TestRNF7 : test_modelos_tienen_permisos</a></li>
                    
                    
                
                    
                    
                    <li><a href="#a6c00a4f-c1cb-41d9-a29b-069cccf8f9a7">[F] test_minimal_requirements.TestRNF8 : test_app_tiene_icono</a></li>
                    
                    
                
                    
                    
                    <li><a href="#d5fee574-cf43-4e14-b780-7fb1844c0c8f">[F] test_minimal_requirements.TestRNF9 : test_modelos_tienen_datos_demo</a></li>
                    
                    
                
                    
                    
                    <li><a href="#729324bf-803a-4409-8970-11a1c5709b06">[F] test_minimal_requirements.TestRNFGit : test_git_commit_frecuentes</a></li>
                    
                    
                
                    
                    
                    <li><a href="#3e9eba10-cfdc-4cfc-a2b8-e9507201cccf">[F] test_minimal_requirements.TestRNFCalidad : test_odoo_disponible</a></li>
                    
                    
                    
                    <li><a href="#7b94b464-7672-4601-8051-dcafd06c27b4">[F] test_minimal_requirements.TestRNFCalidad : test_app_instalada</a></li>
                    
                    
                    
                    <li><a href="#5f75d4f3-38e8-4e1b-9739-41869479f68a">[F] test_minimal_requirements.TestRNFCalidad : test_otras_apps_entregadas_son_dependencias</a></li>
                    
                    
                    
                    <li><a href="#99a4e848-8b39-40d8-8bc9-fad9e1887204">[F] test_minimal_requirements.TestRNFCalidad : test_no_hay_elementos_xml_comentados</a></li>
                    
                    
                    
                    <li><a href="#6b304370-70c6-43a2-b2c3-ea1e2a7bb1ad">[F] test_minimal_requirements.TestRNFCalidad : test_no_hay_codigo_python_comentado</a></li>
                    
                    
                    
                    <li><a href="#68d87779-4d05-4b3b-b1e1-c3942c9a3452">[F] test_minimal_requirements.TestRNFCalidad : test_log_servidor_sin_errores</a></li>
                    
                    
                
                    
                    
                    
                
                    
                    
                    
                    
                    
                    
                    
                    
                    
                    
                    
                
                    
                    
                    
                    
                    
                    
                    
                
                    
                    
                    
                    
                    
                    
                    
                    
                    
                
                    
                    
                    
                
                    
                    
                    
                
                    
                    
                    
                    
                    
                    
                    
                
                    
                    
                    
                    
                    
                
                    
                    
                    
                    
                    
                
                    
                    
                    
                
                    
                    
                    
                    
                    
                    
                    
                    
                    
                    
                    
                
                    
                    
                    
                    
                    
                    
                    
                    
                    
                    
                    
                    
                    
                    
                    
                    
                    
                    
                    
                    
                    
                
            
            </ul>
        </td>
    </tr>
</table>


    <div class="testsuite">
        <h2>Test Suite: pytest</h2>
        <a id="a71c661d-9dbb-40fc-807b-020aa2225840"></a>
        
        
        <h3>Results</h3>
        <table class="proplist">
            <tr>
                <th>Duration</th><td>5.452 sec</td>
            </tr>
            <tr>
                <th>Tests</th><td>63</td>
            </tr>
            <tr>
                <th>Failures</th><td>25</td>
            </tr>
        </table>

        <div class="testclasses">
            <h3>Tests</h3>
            
            <div class="testclass">
                <h4>test_minimal_requirements.TestRNF1</h4>
                <div class="testcases">
                
                    <div class="test outcome outcome-failed">
                        <a id="26b479ed-891a-4193-bdfe-c9f0b5a4e5eb"></a>
                        <table class="proplist">
                            <tr><th>Test case:</th><td><b>test_app_tiene_al_menos_4_modelos</b></td></tr>
                            <tr><th>Outcome:</th><td>Failed</td></tr>
                            <tr><th>Duration:</th><td>0.132 sec</td></tr>
                        
                            <tr><th>Failed</th><td>failed on setup with &#34;Exception: Command docker compose -f &#34;/home/madrid/Escritorio/SGE/SGE-odoo-project-tester/projects/docker-compose.yml&#34; -p &#34;pytest57343&#34; up --build -d returned 1: &#34;&#34;&#34;time=&#34;2025-02-26T16:27:18+01:00&#34; level=warning msg=&#34;/home/madrid/Escritorio/SGE/SGE-odoo-project-tester/projects/docker-compose.yml: `version` is obsolete&#34;
 Network pytest57343_default  Creating
 Network pytest57343_default  Error
failed to create network pytest57343_default: Error response from daemon: could not find an available, non-overlapping IPv4 address pool among the defaults to assign to the network
&#34;&#34;&#34;.&#34;</td></tr>
                        
                        
                        </table>

                        
                        <pre>docker_compose_command = &#39;docker compose&#39;, docker_compose_file = &#39;/home/madrid/Escritorio/SGE/SGE-odoo-project-tester/projects/docker-compose.yml&#39;, docker_compose_project_name = &#39;pytest57343&#39;
docker_setup = [&#39;up --build -d&#39;], docker_cleanup = [&#39;down -v&#39;]

    @pytest.fixture(scope=containers_scope)
    def docker_services(
        docker_compose_command: str,
        docker_compose_file: Union[List[str], str],
        docker_compose_project_name: str,
        docker_setup: str,
        docker_cleanup: str,
    ) -&gt; Iterator[Services]:
        &#34;&#34;&#34;Start all services from a docker compose file (`docker-compose up`).
        After test are finished, shutdown all services (`docker-compose down`).&#34;&#34;&#34;
    
&gt;       with get_docker_services(
            docker_compose_command,
            docker_compose_file,
            docker_compose_project_name,
            docker_setup,
            docker_cleanup,
        ) as docker_service:

.venv/lib/python3.8/site-packages/pytest_docker/plugin.py:238: 
_ _ _ _ _ _ _ _ _ _ _ _ _ _ _ _ _ _ _ _ _ _ _ _ _ _ _ _ _ _ _ _ _ _ _ _ _ _ _ _ _ _ _ _ _ _ _ _ _ _ _ _ _ _ _ _ _ _ _ _ _ _ _ _ _ _ _ _ _ _ _ _ _ _ _ _ _ _ _ _ _ _ _ _ _ _ _ _ _ _ _ _ _ _ _ _ _ _ _ _ _ _ _ _ _ _
/usr/lib/python3.8/contextlib.py:113: in __enter__
    return next(self.gen)
.venv/lib/python3.8/site-packages/pytest_docker/plugin.py:212: in get_docker_services
    docker_compose.execute(command)
.venv/lib/python3.8/site-packages/pytest_docker/plugin.py:140: in execute
    return execute(command)
_ _ _ _ _ _ _ _ _ _ _ _ _ _ _ _ _ _ _ _ _ _ _ _ _ _ _ _ _ _ _ _ _ _ _ _ _ _ _ _ _ _ _ _ _ _ _ _ _ _ _ _ _ _ _ _ _ _ _ _ _ _ _ _ _ _ _ _ _ _ _ _ _ _ _ _ _ _ _ _ _ _ _ _ _ _ _ _ _ _ _ _ _ _ _ _ _ _ _ _ _ _ _ _ _ _

command = &#39;docker compose -f &#34;/home/madrid/Escritorio/SGE/SGE-odoo-project-tester/projects/docker-compose.yml&#34; -p &#34;pytest57343&#34; up --build -d&#39;, success_codes = (0,)

    def execute(command: str, success_codes: Iterable[int] = (0,)) -&gt; Union[bytes, Any]:
        &#34;&#34;&#34;Run a shell command.&#34;&#34;&#34;
        try:
            output = subprocess.check_output(command, stderr=subprocess.STDOUT, shell=True)
            status = 0
        except subprocess.CalledProcessError as error:
            output = error.output or b&#34;&#34;
            status = error.returncode
            command = error.cmd
    
        if status not in success_codes:
&gt;           raise Exception(
                &#39;Command {} returned {}: &#34;&#34;&#34;{}&#34;&#34;&#34;.&#39;.format(command, status, output.decode(&#34;utf-8&#34;))
            )
E           Exception: Command docker compose -f &#34;/home/madrid/Escritorio/SGE/SGE-odoo-project-tester/projects/docker-compose.yml&#34; -p &#34;pytest57343&#34; up --build -d returned 1: &#34;&#34;&#34;time=&#34;2025-02-26T16:27:18+01:00&#34; level=warning msg=&#34;/home/madrid/Escritorio/SGE/SGE-odoo-project-tester/projects/docker-compose.yml: `version` is obsolete&#34;
E            Network pytest57343_default  Creating
E            Network pytest57343_default  Error
E           failed to create network pytest57343_default: Error response from daemon: could not find an available, non-overlapping IPv4 address pool among the defaults to assign to the network
E           &#34;&#34;&#34;.

.venv/lib/python3.8/site-packages/pytest_docker/plugin.py:35: Exception</pre>
                        
                        

                        
                        
                        
                    </div>
                
                    <div class="test outcome outcome-failed">
                        <a id="36e8db54-2cc7-4da3-a3f4-0b249f04a5ba"></a>
                        <table class="proplist">
                            <tr><th>Test case:</th><td><b>test_modelos_en_ficheros_individuales</b></td></tr>
                            <tr><th>Outcome:</th><td>Failed</td></tr>
                            <tr><th>Duration:</th><td>0.001 sec</td></tr>
                        
                            <tr><th>Failed</th><td>failed on setup with &#34;Exception: Command docker compose -f &#34;/home/madrid/Escritorio/SGE/SGE-odoo-project-tester/projects/docker-compose.yml&#34; -p &#34;pytest57343&#34; up --build -d returned 1: &#34;&#34;&#34;time=&#34;2025-02-26T16:27:18+01:00&#34; level=warning msg=&#34;/home/madrid/Escritorio/SGE/SGE-odoo-project-tester/projects/docker-compose.yml: `version` is obsolete&#34;
 Network pytest57343_default  Creating
 Network pytest57343_default  Error
failed to create network pytest57343_default: Error response from daemon: could not find an available, non-overlapping IPv4 address pool among the defaults to assign to the network
&#34;&#34;&#34;.&#34;</td></tr>
                        
                        
                        </table>

                        
                        <pre>docker_compose_command = &#39;docker compose&#39;, docker_compose_file = &#39;/home/madrid/Escritorio/SGE/SGE-odoo-project-tester/projects/docker-compose.yml&#39;, docker_compose_project_name = &#39;pytest57343&#39;
docker_setup = [&#39;up --build -d&#39;], docker_cleanup = [&#39;down -v&#39;]

    @pytest.fixture(scope=containers_scope)
    def docker_services(
        docker_compose_command: str,
        docker_compose_file: Union[List[str], str],
        docker_compose_project_name: str,
        docker_setup: str,
        docker_cleanup: str,
    ) -&gt; Iterator[Services]:
        &#34;&#34;&#34;Start all services from a docker compose file (`docker-compose up`).
        After test are finished, shutdown all services (`docker-compose down`).&#34;&#34;&#34;
    
&gt;       with get_docker_services(
            docker_compose_command,
            docker_compose_file,
            docker_compose_project_name,
            docker_setup,
            docker_cleanup,
        ) as docker_service:

.venv/lib/python3.8/site-packages/pytest_docker/plugin.py:238: 
_ _ _ _ _ _ _ _ _ _ _ _ _ _ _ _ _ _ _ _ _ _ _ _ _ _ _ _ _ _ _ _ _ _ _ _ _ _ _ _ _ _ _ _ _ _ _ _ _ _ _ _ _ _ _ _ _ _ _ _ _ _ _ _ _ _ _ _ _ _ _ _ _ _ _ _ _ _ _ _ _ _ _ _ _ _ _ _ _ _ _ _ _ _ _ _ _ _ _ _ _ _ _ _ _ _
/usr/lib/python3.8/contextlib.py:113: in __enter__
    return next(self.gen)
.venv/lib/python3.8/site-packages/pytest_docker/plugin.py:212: in get_docker_services
    docker_compose.execute(command)
.venv/lib/python3.8/site-packages/pytest_docker/plugin.py:140: in execute
    return execute(command)
_ _ _ _ _ _ _ _ _ _ _ _ _ _ _ _ _ _ _ _ _ _ _ _ _ _ _ _ _ _ _ _ _ _ _ _ _ _ _ _ _ _ _ _ _ _ _ _ _ _ _ _ _ _ _ _ _ _ _ _ _ _ _ _ _ _ _ _ _ _ _ _ _ _ _ _ _ _ _ _ _ _ _ _ _ _ _ _ _ _ _ _ _ _ _ _ _ _ _ _ _ _ _ _ _ _

command = &#39;docker compose -f &#34;/home/madrid/Escritorio/SGE/SGE-odoo-project-tester/projects/docker-compose.yml&#34; -p &#34;pytest57343&#34; up --build -d&#39;, success_codes = (0,)

    def execute(command: str, success_codes: Iterable[int] = (0,)) -&gt; Union[bytes, Any]:
        &#34;&#34;&#34;Run a shell command.&#34;&#34;&#34;
        try:
            output = subprocess.check_output(command, stderr=subprocess.STDOUT, shell=True)
            status = 0
        except subprocess.CalledProcessError as error:
            output = error.output or b&#34;&#34;
            status = error.returncode
            command = error.cmd
    
        if status not in success_codes:
&gt;           raise Exception(
                &#39;Command {} returned {}: &#34;&#34;&#34;{}&#34;&#34;&#34;.&#39;.format(command, status, output.decode(&#34;utf-8&#34;))
            )
E           Exception: Command docker compose -f &#34;/home/madrid/Escritorio/SGE/SGE-odoo-project-tester/projects/docker-compose.yml&#34; -p &#34;pytest57343&#34; up --build -d returned 1: &#34;&#34;&#34;time=&#34;2025-02-26T16:27:18+01:00&#34; level=warning msg=&#34;/home/madrid/Escritorio/SGE/SGE-odoo-project-tester/projects/docker-compose.yml: `version` is obsolete&#34;
E            Network pytest57343_default  Creating
E            Network pytest57343_default  Error
E           failed to create network pytest57343_default: Error response from daemon: could not find an available, non-overlapping IPv4 address pool among the defaults to assign to the network
E           &#34;&#34;&#34;.

.venv/lib/python3.8/site-packages/pytest_docker/plugin.py:35: Exception</pre>
                        
                        

                        
                        
                        
                    </div>
                
                </div>
            </div>
            
            <div class="testclass">
                <h4>test_minimal_requirements.TestRNF2</h4>
                <div class="testcases">
                
                    <div class="test outcome outcome-failed">
                        <a id="9fd29355-5759-433a-86ad-5ac706d89138"></a>
                        <table class="proplist">
                            <tr><th>Test case:</th><td><b>test_relacion_many2many</b></td></tr>
                            <tr><th>Outcome:</th><td>Failed</td></tr>
                            <tr><th>Duration:</th><td>0.001 sec</td></tr>
                        
                            <tr><th>Failed</th><td>failed on setup with &#34;Exception: Command docker compose -f &#34;/home/madrid/Escritorio/SGE/SGE-odoo-project-tester/projects/docker-compose.yml&#34; -p &#34;pytest57343&#34; up --build -d returned 1: &#34;&#34;&#34;time=&#34;2025-02-26T16:27:18+01:00&#34; level=warning msg=&#34;/home/madrid/Escritorio/SGE/SGE-odoo-project-tester/projects/docker-compose.yml: `version` is obsolete&#34;
 Network pytest57343_default  Creating
 Network pytest57343_default  Error
failed to create network pytest57343_default: Error response from daemon: could not find an available, non-overlapping IPv4 address pool among the defaults to assign to the network
&#34;&#34;&#34;.&#34;</td></tr>
                        
                        
                        </table>

                        
                        <pre>docker_compose_command = &#39;docker compose&#39;, docker_compose_file = &#39;/home/madrid/Escritorio/SGE/SGE-odoo-project-tester/projects/docker-compose.yml&#39;, docker_compose_project_name = &#39;pytest57343&#39;
docker_setup = [&#39;up --build -d&#39;], docker_cleanup = [&#39;down -v&#39;]

    @pytest.fixture(scope=containers_scope)
    def docker_services(
        docker_compose_command: str,
        docker_compose_file: Union[List[str], str],
        docker_compose_project_name: str,
        docker_setup: str,
        docker_cleanup: str,
    ) -&gt; Iterator[Services]:
        &#34;&#34;&#34;Start all services from a docker compose file (`docker-compose up`).
        After test are finished, shutdown all services (`docker-compose down`).&#34;&#34;&#34;
    
&gt;       with get_docker_services(
            docker_compose_command,
            docker_compose_file,
            docker_compose_project_name,
            docker_setup,
            docker_cleanup,
        ) as docker_service:

.venv/lib/python3.8/site-packages/pytest_docker/plugin.py:238: 
_ _ _ _ _ _ _ _ _ _ _ _ _ _ _ _ _ _ _ _ _ _ _ _ _ _ _ _ _ _ _ _ _ _ _ _ _ _ _ _ _ _ _ _ _ _ _ _ _ _ _ _ _ _ _ _ _ _ _ _ _ _ _ _ _ _ _ _ _ _ _ _ _ _ _ _ _ _ _ _ _ _ _ _ _ _ _ _ _ _ _ _ _ _ _ _ _ _ _ _ _ _ _ _ _ _
/usr/lib/python3.8/contextlib.py:113: in __enter__
    return next(self.gen)
.venv/lib/python3.8/site-packages/pytest_docker/plugin.py:212: in get_docker_services
    docker_compose.execute(command)
.venv/lib/python3.8/site-packages/pytest_docker/plugin.py:140: in execute
    return execute(command)
_ _ _ _ _ _ _ _ _ _ _ _ _ _ _ _ _ _ _ _ _ _ _ _ _ _ _ _ _ _ _ _ _ _ _ _ _ _ _ _ _ _ _ _ _ _ _ _ _ _ _ _ _ _ _ _ _ _ _ _ _ _ _ _ _ _ _ _ _ _ _ _ _ _ _ _ _ _ _ _ _ _ _ _ _ _ _ _ _ _ _ _ _ _ _ _ _ _ _ _ _ _ _ _ _ _

command = &#39;docker compose -f &#34;/home/madrid/Escritorio/SGE/SGE-odoo-project-tester/projects/docker-compose.yml&#34; -p &#34;pytest57343&#34; up --build -d&#39;, success_codes = (0,)

    def execute(command: str, success_codes: Iterable[int] = (0,)) -&gt; Union[bytes, Any]:
        &#34;&#34;&#34;Run a shell command.&#34;&#34;&#34;
        try:
            output = subprocess.check_output(command, stderr=subprocess.STDOUT, shell=True)
            status = 0
        except subprocess.CalledProcessError as error:
            output = error.output or b&#34;&#34;
            status = error.returncode
            command = error.cmd
    
        if status not in success_codes:
&gt;           raise Exception(
                &#39;Command {} returned {}: &#34;&#34;&#34;{}&#34;&#34;&#34;.&#39;.format(command, status, output.decode(&#34;utf-8&#34;))
            )
E           Exception: Command docker compose -f &#34;/home/madrid/Escritorio/SGE/SGE-odoo-project-tester/projects/docker-compose.yml&#34; -p &#34;pytest57343&#34; up --build -d returned 1: &#34;&#34;&#34;time=&#34;2025-02-26T16:27:18+01:00&#34; level=warning msg=&#34;/home/madrid/Escritorio/SGE/SGE-odoo-project-tester/projects/docker-compose.yml: `version` is obsolete&#34;
E            Network pytest57343_default  Creating
E            Network pytest57343_default  Error
E           failed to create network pytest57343_default: Error response from daemon: could not find an available, non-overlapping IPv4 address pool among the defaults to assign to the network
E           &#34;&#34;&#34;.

.venv/lib/python3.8/site-packages/pytest_docker/plugin.py:35: Exception</pre>
                        
                        

                        
                        
                        
                    </div>
                
                    <div class="test outcome outcome-failed">
                        <a id="b84ec7fc-5920-4c0b-a338-57ba625339f1"></a>
                        <table class="proplist">
                            <tr><th>Test case:</th><td><b>test_modelos_tienen_algun_campo_relacion[one2many]</b></td></tr>
                            <tr><th>Outcome:</th><td>Failed</td></tr>
                            <tr><th>Duration:</th><td>0.001 sec</td></tr>
                        
                            <tr><th>Failed</th><td>failed on setup with &#34;Exception: Command docker compose -f &#34;/home/madrid/Escritorio/SGE/SGE-odoo-project-tester/projects/docker-compose.yml&#34; -p &#34;pytest57343&#34; up --build -d returned 1: &#34;&#34;&#34;time=&#34;2025-02-26T16:27:18+01:00&#34; level=warning msg=&#34;/home/madrid/Escritorio/SGE/SGE-odoo-project-tester/projects/docker-compose.yml: `version` is obsolete&#34;
 Network pytest57343_default  Creating
 Network pytest57343_default  Error
failed to create network pytest57343_default: Error response from daemon: could not find an available, non-overlapping IPv4 address pool among the defaults to assign to the network
&#34;&#34;&#34;.&#34;</td></tr>
                        
                        
                        </table>

                        
                        <pre>docker_compose_command = &#39;docker compose&#39;, docker_compose_file = &#39;/home/madrid/Escritorio/SGE/SGE-odoo-project-tester/projects/docker-compose.yml&#39;, docker_compose_project_name = &#39;pytest57343&#39;
docker_setup = [&#39;up --build -d&#39;], docker_cleanup = [&#39;down -v&#39;]

    @pytest.fixture(scope=containers_scope)
    def docker_services(
        docker_compose_command: str,
        docker_compose_file: Union[List[str], str],
        docker_compose_project_name: str,
        docker_setup: str,
        docker_cleanup: str,
    ) -&gt; Iterator[Services]:
        &#34;&#34;&#34;Start all services from a docker compose file (`docker-compose up`).
        After test are finished, shutdown all services (`docker-compose down`).&#34;&#34;&#34;
    
&gt;       with get_docker_services(
            docker_compose_command,
            docker_compose_file,
            docker_compose_project_name,
            docker_setup,
            docker_cleanup,
        ) as docker_service:

.venv/lib/python3.8/site-packages/pytest_docker/plugin.py:238: 
_ _ _ _ _ _ _ _ _ _ _ _ _ _ _ _ _ _ _ _ _ _ _ _ _ _ _ _ _ _ _ _ _ _ _ _ _ _ _ _ _ _ _ _ _ _ _ _ _ _ _ _ _ _ _ _ _ _ _ _ _ _ _ _ _ _ _ _ _ _ _ _ _ _ _ _ _ _ _ _ _ _ _ _ _ _ _ _ _ _ _ _ _ _ _ _ _ _ _ _ _ _ _ _ _ _
/usr/lib/python3.8/contextlib.py:113: in __enter__
    return next(self.gen)
.venv/lib/python3.8/site-packages/pytest_docker/plugin.py:212: in get_docker_services
    docker_compose.execute(command)
.venv/lib/python3.8/site-packages/pytest_docker/plugin.py:140: in execute
    return execute(command)
_ _ _ _ _ _ _ _ _ _ _ _ _ _ _ _ _ _ _ _ _ _ _ _ _ _ _ _ _ _ _ _ _ _ _ _ _ _ _ _ _ _ _ _ _ _ _ _ _ _ _ _ _ _ _ _ _ _ _ _ _ _ _ _ _ _ _ _ _ _ _ _ _ _ _ _ _ _ _ _ _ _ _ _ _ _ _ _ _ _ _ _ _ _ _ _ _ _ _ _ _ _ _ _ _ _

command = &#39;docker compose -f &#34;/home/madrid/Escritorio/SGE/SGE-odoo-project-tester/projects/docker-compose.yml&#34; -p &#34;pytest57343&#34; up --build -d&#39;, success_codes = (0,)

    def execute(command: str, success_codes: Iterable[int] = (0,)) -&gt; Union[bytes, Any]:
        &#34;&#34;&#34;Run a shell command.&#34;&#34;&#34;
        try:
            output = subprocess.check_output(command, stderr=subprocess.STDOUT, shell=True)
            status = 0
        except subprocess.CalledProcessError as error:
            output = error.output or b&#34;&#34;
            status = error.returncode
            command = error.cmd
    
        if status not in success_codes:
&gt;           raise Exception(
                &#39;Command {} returned {}: &#34;&#34;&#34;{}&#34;&#34;&#34;.&#39;.format(command, status, output.decode(&#34;utf-8&#34;))
            )
E           Exception: Command docker compose -f &#34;/home/madrid/Escritorio/SGE/SGE-odoo-project-tester/projects/docker-compose.yml&#34; -p &#34;pytest57343&#34; up --build -d returned 1: &#34;&#34;&#34;time=&#34;2025-02-26T16:27:18+01:00&#34; level=warning msg=&#34;/home/madrid/Escritorio/SGE/SGE-odoo-project-tester/projects/docker-compose.yml: `version` is obsolete&#34;
E            Network pytest57343_default  Creating
E            Network pytest57343_default  Error
E           failed to create network pytest57343_default: Error response from daemon: could not find an available, non-overlapping IPv4 address pool among the defaults to assign to the network
E           &#34;&#34;&#34;.

.venv/lib/python3.8/site-packages/pytest_docker/plugin.py:35: Exception</pre>
                        
                        

                        
                        
                        
                    </div>
                
                    <div class="test outcome outcome-failed">
                        <a id="1a8efea4-96eb-43ec-ba1e-f77462a76ed9"></a>
                        <table class="proplist">
                            <tr><th>Test case:</th><td><b>test_modelos_tienen_algun_campo_relacion[many2one]</b></td></tr>
                            <tr><th>Outcome:</th><td>Failed</td></tr>
                            <tr><th>Duration:</th><td>0.001 sec</td></tr>
                        
                            <tr><th>Failed</th><td>failed on setup with &#34;Exception: Command docker compose -f &#34;/home/madrid/Escritorio/SGE/SGE-odoo-project-tester/projects/docker-compose.yml&#34; -p &#34;pytest57343&#34; up --build -d returned 1: &#34;&#34;&#34;time=&#34;2025-02-26T16:27:18+01:00&#34; level=warning msg=&#34;/home/madrid/Escritorio/SGE/SGE-odoo-project-tester/projects/docker-compose.yml: `version` is obsolete&#34;
 Network pytest57343_default  Creating
 Network pytest57343_default  Error
failed to create network pytest57343_default: Error response from daemon: could not find an available, non-overlapping IPv4 address pool among the defaults to assign to the network
&#34;&#34;&#34;.&#34;</td></tr>
                        
                        
                        </table>

                        
                        <pre>docker_compose_command = &#39;docker compose&#39;, docker_compose_file = &#39;/home/madrid/Escritorio/SGE/SGE-odoo-project-tester/projects/docker-compose.yml&#39;, docker_compose_project_name = &#39;pytest57343&#39;
docker_setup = [&#39;up --build -d&#39;], docker_cleanup = [&#39;down -v&#39;]

    @pytest.fixture(scope=containers_scope)
    def docker_services(
        docker_compose_command: str,
        docker_compose_file: Union[List[str], str],
        docker_compose_project_name: str,
        docker_setup: str,
        docker_cleanup: str,
    ) -&gt; Iterator[Services]:
        &#34;&#34;&#34;Start all services from a docker compose file (`docker-compose up`).
        After test are finished, shutdown all services (`docker-compose down`).&#34;&#34;&#34;
    
&gt;       with get_docker_services(
            docker_compose_command,
            docker_compose_file,
            docker_compose_project_name,
            docker_setup,
            docker_cleanup,
        ) as docker_service:

.venv/lib/python3.8/site-packages/pytest_docker/plugin.py:238: 
_ _ _ _ _ _ _ _ _ _ _ _ _ _ _ _ _ _ _ _ _ _ _ _ _ _ _ _ _ _ _ _ _ _ _ _ _ _ _ _ _ _ _ _ _ _ _ _ _ _ _ _ _ _ _ _ _ _ _ _ _ _ _ _ _ _ _ _ _ _ _ _ _ _ _ _ _ _ _ _ _ _ _ _ _ _ _ _ _ _ _ _ _ _ _ _ _ _ _ _ _ _ _ _ _ _
/usr/lib/python3.8/contextlib.py:113: in __enter__
    return next(self.gen)
.venv/lib/python3.8/site-packages/pytest_docker/plugin.py:212: in get_docker_services
    docker_compose.execute(command)
.venv/lib/python3.8/site-packages/pytest_docker/plugin.py:140: in execute
    return execute(command)
_ _ _ _ _ _ _ _ _ _ _ _ _ _ _ _ _ _ _ _ _ _ _ _ _ _ _ _ _ _ _ _ _ _ _ _ _ _ _ _ _ _ _ _ _ _ _ _ _ _ _ _ _ _ _ _ _ _ _ _ _ _ _ _ _ _ _ _ _ _ _ _ _ _ _ _ _ _ _ _ _ _ _ _ _ _ _ _ _ _ _ _ _ _ _ _ _ _ _ _ _ _ _ _ _ _

command = &#39;docker compose -f &#34;/home/madrid/Escritorio/SGE/SGE-odoo-project-tester/projects/docker-compose.yml&#34; -p &#34;pytest57343&#34; up --build -d&#39;, success_codes = (0,)

    def execute(command: str, success_codes: Iterable[int] = (0,)) -&gt; Union[bytes, Any]:
        &#34;&#34;&#34;Run a shell command.&#34;&#34;&#34;
        try:
            output = subprocess.check_output(command, stderr=subprocess.STDOUT, shell=True)
            status = 0
        except subprocess.CalledProcessError as error:
            output = error.output or b&#34;&#34;
            status = error.returncode
            command = error.cmd
    
        if status not in success_codes:
&gt;           raise Exception(
                &#39;Command {} returned {}: &#34;&#34;&#34;{}&#34;&#34;&#34;.&#39;.format(command, status, output.decode(&#34;utf-8&#34;))
            )
E           Exception: Command docker compose -f &#34;/home/madrid/Escritorio/SGE/SGE-odoo-project-tester/projects/docker-compose.yml&#34; -p &#34;pytest57343&#34; up --build -d returned 1: &#34;&#34;&#34;time=&#34;2025-02-26T16:27:18+01:00&#34; level=warning msg=&#34;/home/madrid/Escritorio/SGE/SGE-odoo-project-tester/projects/docker-compose.yml: `version` is obsolete&#34;
E            Network pytest57343_default  Creating
E            Network pytest57343_default  Error
E           failed to create network pytest57343_default: Error response from daemon: could not find an available, non-overlapping IPv4 address pool among the defaults to assign to the network
E           &#34;&#34;&#34;.

.venv/lib/python3.8/site-packages/pytest_docker/plugin.py:35: Exception</pre>
                        
                        

                        
                        
                        
                    </div>
                
                    <div class="test outcome outcome-failed">
                        <a id="c8b5374e-6ecc-4afa-a979-80a1316f0de6"></a>
                        <table class="proplist">
                            <tr><th>Test case:</th><td><b>test_unknown_comodel_name</b></td></tr>
                            <tr><th>Outcome:</th><td>Failed</td></tr>
                            <tr><th>Duration:</th><td>0.001 sec</td></tr>
                        
                            <tr><th>Failed</th><td>failed on setup with &#34;Exception: Command docker compose -f &#34;/home/madrid/Escritorio/SGE/SGE-odoo-project-tester/projects/docker-compose.yml&#34; -p &#34;pytest57343&#34; up --build -d returned 1: &#34;&#34;&#34;time=&#34;2025-02-26T16:27:18+01:00&#34; level=warning msg=&#34;/home/madrid/Escritorio/SGE/SGE-odoo-project-tester/projects/docker-compose.yml: `version` is obsolete&#34;
 Network pytest57343_default  Creating
 Network pytest57343_default  Error
failed to create network pytest57343_default: Error response from daemon: could not find an available, non-overlapping IPv4 address pool among the defaults to assign to the network
&#34;&#34;&#34;.&#34;</td></tr>
                        
                        
                        </table>

                        
                        <pre>docker_compose_command = &#39;docker compose&#39;, docker_compose_file = &#39;/home/madrid/Escritorio/SGE/SGE-odoo-project-tester/projects/docker-compose.yml&#39;, docker_compose_project_name = &#39;pytest57343&#39;
docker_setup = [&#39;up --build -d&#39;], docker_cleanup = [&#39;down -v&#39;]

    @pytest.fixture(scope=containers_scope)
    def docker_services(
        docker_compose_command: str,
        docker_compose_file: Union[List[str], str],
        docker_compose_project_name: str,
        docker_setup: str,
        docker_cleanup: str,
    ) -&gt; Iterator[Services]:
        &#34;&#34;&#34;Start all services from a docker compose file (`docker-compose up`).
        After test are finished, shutdown all services (`docker-compose down`).&#34;&#34;&#34;
    
&gt;       with get_docker_services(
            docker_compose_command,
            docker_compose_file,
            docker_compose_project_name,
            docker_setup,
            docker_cleanup,
        ) as docker_service:

.venv/lib/python3.8/site-packages/pytest_docker/plugin.py:238: 
_ _ _ _ _ _ _ _ _ _ _ _ _ _ _ _ _ _ _ _ _ _ _ _ _ _ _ _ _ _ _ _ _ _ _ _ _ _ _ _ _ _ _ _ _ _ _ _ _ _ _ _ _ _ _ _ _ _ _ _ _ _ _ _ _ _ _ _ _ _ _ _ _ _ _ _ _ _ _ _ _ _ _ _ _ _ _ _ _ _ _ _ _ _ _ _ _ _ _ _ _ _ _ _ _ _
/usr/lib/python3.8/contextlib.py:113: in __enter__
    return next(self.gen)
.venv/lib/python3.8/site-packages/pytest_docker/plugin.py:212: in get_docker_services
    docker_compose.execute(command)
.venv/lib/python3.8/site-packages/pytest_docker/plugin.py:140: in execute
    return execute(command)
_ _ _ _ _ _ _ _ _ _ _ _ _ _ _ _ _ _ _ _ _ _ _ _ _ _ _ _ _ _ _ _ _ _ _ _ _ _ _ _ _ _ _ _ _ _ _ _ _ _ _ _ _ _ _ _ _ _ _ _ _ _ _ _ _ _ _ _ _ _ _ _ _ _ _ _ _ _ _ _ _ _ _ _ _ _ _ _ _ _ _ _ _ _ _ _ _ _ _ _ _ _ _ _ _ _

command = &#39;docker compose -f &#34;/home/madrid/Escritorio/SGE/SGE-odoo-project-tester/projects/docker-compose.yml&#34; -p &#34;pytest57343&#34; up --build -d&#39;, success_codes = (0,)

    def execute(command: str, success_codes: Iterable[int] = (0,)) -&gt; Union[bytes, Any]:
        &#34;&#34;&#34;Run a shell command.&#34;&#34;&#34;
        try:
            output = subprocess.check_output(command, stderr=subprocess.STDOUT, shell=True)
            status = 0
        except subprocess.CalledProcessError as error:
            output = error.output or b&#34;&#34;
            status = error.returncode
            command = error.cmd
    
        if status not in success_codes:
&gt;           raise Exception(
                &#39;Command {} returned {}: &#34;&#34;&#34;{}&#34;&#34;&#34;.&#39;.format(command, status, output.decode(&#34;utf-8&#34;))
            )
E           Exception: Command docker compose -f &#34;/home/madrid/Escritorio/SGE/SGE-odoo-project-tester/projects/docker-compose.yml&#34; -p &#34;pytest57343&#34; up --build -d returned 1: &#34;&#34;&#34;time=&#34;2025-02-26T16:27:18+01:00&#34; level=warning msg=&#34;/home/madrid/Escritorio/SGE/SGE-odoo-project-tester/projects/docker-compose.yml: `version` is obsolete&#34;
E            Network pytest57343_default  Creating
E            Network pytest57343_default  Error
E           failed to create network pytest57343_default: Error response from daemon: could not find an available, non-overlapping IPv4 address pool among the defaults to assign to the network
E           &#34;&#34;&#34;.

.venv/lib/python3.8/site-packages/pytest_docker/plugin.py:35: Exception</pre>
                        
                        

                        
                        
                        
                    </div>
                
                </div>
            </div>
            
            <div class="testclass">
                <h4>test_minimal_requirements.TestRNF3</h4>
                <div class="testcases">
                
                    <div class="test outcome outcome-failed">
                        <a id="e54c3260-750f-4265-b86b-b5859a1b8577"></a>
                        <table class="proplist">
                            <tr><th>Test case:</th><td><b>test_modelos_tienen_vista[tree]</b></td></tr>
                            <tr><th>Outcome:</th><td>Failed</td></tr>
                            <tr><th>Duration:</th><td>0.001 sec</td></tr>
                        
                            <tr><th>Failed</th><td>failed on setup with &#34;Exception: Command docker compose -f &#34;/home/madrid/Escritorio/SGE/SGE-odoo-project-tester/projects/docker-compose.yml&#34; -p &#34;pytest57343&#34; up --build -d returned 1: &#34;&#34;&#34;time=&#34;2025-02-26T16:27:18+01:00&#34; level=warning msg=&#34;/home/madrid/Escritorio/SGE/SGE-odoo-project-tester/projects/docker-compose.yml: `version` is obsolete&#34;
 Network pytest57343_default  Creating
 Network pytest57343_default  Error
failed to create network pytest57343_default: Error response from daemon: could not find an available, non-overlapping IPv4 address pool among the defaults to assign to the network
&#34;&#34;&#34;.&#34;</td></tr>
                        
                        
                        </table>

                        
                        <pre>docker_compose_command = &#39;docker compose&#39;, docker_compose_file = &#39;/home/madrid/Escritorio/SGE/SGE-odoo-project-tester/projects/docker-compose.yml&#39;, docker_compose_project_name = &#39;pytest57343&#39;
docker_setup = [&#39;up --build -d&#39;], docker_cleanup = [&#39;down -v&#39;]

    @pytest.fixture(scope=containers_scope)
    def docker_services(
        docker_compose_command: str,
        docker_compose_file: Union[List[str], str],
        docker_compose_project_name: str,
        docker_setup: str,
        docker_cleanup: str,
    ) -&gt; Iterator[Services]:
        &#34;&#34;&#34;Start all services from a docker compose file (`docker-compose up`).
        After test are finished, shutdown all services (`docker-compose down`).&#34;&#34;&#34;
    
&gt;       with get_docker_services(
            docker_compose_command,
            docker_compose_file,
            docker_compose_project_name,
            docker_setup,
            docker_cleanup,
        ) as docker_service:

.venv/lib/python3.8/site-packages/pytest_docker/plugin.py:238: 
_ _ _ _ _ _ _ _ _ _ _ _ _ _ _ _ _ _ _ _ _ _ _ _ _ _ _ _ _ _ _ _ _ _ _ _ _ _ _ _ _ _ _ _ _ _ _ _ _ _ _ _ _ _ _ _ _ _ _ _ _ _ _ _ _ _ _ _ _ _ _ _ _ _ _ _ _ _ _ _ _ _ _ _ _ _ _ _ _ _ _ _ _ _ _ _ _ _ _ _ _ _ _ _ _ _
/usr/lib/python3.8/contextlib.py:113: in __enter__
    return next(self.gen)
.venv/lib/python3.8/site-packages/pytest_docker/plugin.py:212: in get_docker_services
    docker_compose.execute(command)
.venv/lib/python3.8/site-packages/pytest_docker/plugin.py:140: in execute
    return execute(command)
_ _ _ _ _ _ _ _ _ _ _ _ _ _ _ _ _ _ _ _ _ _ _ _ _ _ _ _ _ _ _ _ _ _ _ _ _ _ _ _ _ _ _ _ _ _ _ _ _ _ _ _ _ _ _ _ _ _ _ _ _ _ _ _ _ _ _ _ _ _ _ _ _ _ _ _ _ _ _ _ _ _ _ _ _ _ _ _ _ _ _ _ _ _ _ _ _ _ _ _ _ _ _ _ _ _

command = &#39;docker compose -f &#34;/home/madrid/Escritorio/SGE/SGE-odoo-project-tester/projects/docker-compose.yml&#34; -p &#34;pytest57343&#34; up --build -d&#39;, success_codes = (0,)

    def execute(command: str, success_codes: Iterable[int] = (0,)) -&gt; Union[bytes, Any]:
        &#34;&#34;&#34;Run a shell command.&#34;&#34;&#34;
        try:
            output = subprocess.check_output(command, stderr=subprocess.STDOUT, shell=True)
            status = 0
        except subprocess.CalledProcessError as error:
            output = error.output or b&#34;&#34;
            status = error.returncode
            command = error.cmd
    
        if status not in success_codes:
&gt;           raise Exception(
                &#39;Command {} returned {}: &#34;&#34;&#34;{}&#34;&#34;&#34;.&#39;.format(command, status, output.decode(&#34;utf-8&#34;))
            )
E           Exception: Command docker compose -f &#34;/home/madrid/Escritorio/SGE/SGE-odoo-project-tester/projects/docker-compose.yml&#34; -p &#34;pytest57343&#34; up --build -d returned 1: &#34;&#34;&#34;time=&#34;2025-02-26T16:27:18+01:00&#34; level=warning msg=&#34;/home/madrid/Escritorio/SGE/SGE-odoo-project-tester/projects/docker-compose.yml: `version` is obsolete&#34;
E            Network pytest57343_default  Creating
E            Network pytest57343_default  Error
E           failed to create network pytest57343_default: Error response from daemon: could not find an available, non-overlapping IPv4 address pool among the defaults to assign to the network
E           &#34;&#34;&#34;.

.venv/lib/python3.8/site-packages/pytest_docker/plugin.py:35: Exception</pre>
                        
                        

                        
                        
                        
                    </div>
                
                    <div class="test outcome outcome-failed">
                        <a id="9c4afedf-4d8b-43d8-91ea-ce3b07ca65ec"></a>
                        <table class="proplist">
                            <tr><th>Test case:</th><td><b>test_modelos_tienen_vista[form]</b></td></tr>
                            <tr><th>Outcome:</th><td>Failed</td></tr>
                            <tr><th>Duration:</th><td>0.001 sec</td></tr>
                        
                            <tr><th>Failed</th><td>failed on setup with &#34;Exception: Command docker compose -f &#34;/home/madrid/Escritorio/SGE/SGE-odoo-project-tester/projects/docker-compose.yml&#34; -p &#34;pytest57343&#34; up --build -d returned 1: &#34;&#34;&#34;time=&#34;2025-02-26T16:27:18+01:00&#34; level=warning msg=&#34;/home/madrid/Escritorio/SGE/SGE-odoo-project-tester/projects/docker-compose.yml: `version` is obsolete&#34;
 Network pytest57343_default  Creating
 Network pytest57343_default  Error
failed to create network pytest57343_default: Error response from daemon: could not find an available, non-overlapping IPv4 address pool among the defaults to assign to the network
&#34;&#34;&#34;.&#34;</td></tr>
                        
                        
                        </table>

                        
                        <pre>docker_compose_command = &#39;docker compose&#39;, docker_compose_file = &#39;/home/madrid/Escritorio/SGE/SGE-odoo-project-tester/projects/docker-compose.yml&#39;, docker_compose_project_name = &#39;pytest57343&#39;
docker_setup = [&#39;up --build -d&#39;], docker_cleanup = [&#39;down -v&#39;]

    @pytest.fixture(scope=containers_scope)
    def docker_services(
        docker_compose_command: str,
        docker_compose_file: Union[List[str], str],
        docker_compose_project_name: str,
        docker_setup: str,
        docker_cleanup: str,
    ) -&gt; Iterator[Services]:
        &#34;&#34;&#34;Start all services from a docker compose file (`docker-compose up`).
        After test are finished, shutdown all services (`docker-compose down`).&#34;&#34;&#34;
    
&gt;       with get_docker_services(
            docker_compose_command,
            docker_compose_file,
            docker_compose_project_name,
            docker_setup,
            docker_cleanup,
        ) as docker_service:

.venv/lib/python3.8/site-packages/pytest_docker/plugin.py:238: 
_ _ _ _ _ _ _ _ _ _ _ _ _ _ _ _ _ _ _ _ _ _ _ _ _ _ _ _ _ _ _ _ _ _ _ _ _ _ _ _ _ _ _ _ _ _ _ _ _ _ _ _ _ _ _ _ _ _ _ _ _ _ _ _ _ _ _ _ _ _ _ _ _ _ _ _ _ _ _ _ _ _ _ _ _ _ _ _ _ _ _ _ _ _ _ _ _ _ _ _ _ _ _ _ _ _
/usr/lib/python3.8/contextlib.py:113: in __enter__
    return next(self.gen)
.venv/lib/python3.8/site-packages/pytest_docker/plugin.py:212: in get_docker_services
    docker_compose.execute(command)
.venv/lib/python3.8/site-packages/pytest_docker/plugin.py:140: in execute
    return execute(command)
_ _ _ _ _ _ _ _ _ _ _ _ _ _ _ _ _ _ _ _ _ _ _ _ _ _ _ _ _ _ _ _ _ _ _ _ _ _ _ _ _ _ _ _ _ _ _ _ _ _ _ _ _ _ _ _ _ _ _ _ _ _ _ _ _ _ _ _ _ _ _ _ _ _ _ _ _ _ _ _ _ _ _ _ _ _ _ _ _ _ _ _ _ _ _ _ _ _ _ _ _ _ _ _ _ _

command = &#39;docker compose -f &#34;/home/madrid/Escritorio/SGE/SGE-odoo-project-tester/projects/docker-compose.yml&#34; -p &#34;pytest57343&#34; up --build -d&#39;, success_codes = (0,)

    def execute(command: str, success_codes: Iterable[int] = (0,)) -&gt; Union[bytes, Any]:
        &#34;&#34;&#34;Run a shell command.&#34;&#34;&#34;
        try:
            output = subprocess.check_output(command, stderr=subprocess.STDOUT, shell=True)
            status = 0
        except subprocess.CalledProcessError as error:
            output = error.output or b&#34;&#34;
            status = error.returncode
            command = error.cmd
    
        if status not in success_codes:
&gt;           raise Exception(
                &#39;Command {} returned {}: &#34;&#34;&#34;{}&#34;&#34;&#34;.&#39;.format(command, status, output.decode(&#34;utf-8&#34;))
            )
E           Exception: Command docker compose -f &#34;/home/madrid/Escritorio/SGE/SGE-odoo-project-tester/projects/docker-compose.yml&#34; -p &#34;pytest57343&#34; up --build -d returned 1: &#34;&#34;&#34;time=&#34;2025-02-26T16:27:18+01:00&#34; level=warning msg=&#34;/home/madrid/Escritorio/SGE/SGE-odoo-project-tester/projects/docker-compose.yml: `version` is obsolete&#34;
E            Network pytest57343_default  Creating
E            Network pytest57343_default  Error
E           failed to create network pytest57343_default: Error response from daemon: could not find an available, non-overlapping IPv4 address pool among the defaults to assign to the network
E           &#34;&#34;&#34;.

.venv/lib/python3.8/site-packages/pytest_docker/plugin.py:35: Exception</pre>
                        
                        

                        
                        
                        
                    </div>
                
                    <div class="test outcome outcome-failed">
                        <a id="256d90d8-d3f2-492f-a425-e891e15dc85f"></a>
                        <table class="proplist">
                            <tr><th>Test case:</th><td><b>test_formularios_tienen_vista_anidada_para_campos_X2many[one2many]</b></td></tr>
                            <tr><th>Outcome:</th><td>Failed</td></tr>
                            <tr><th>Duration:</th><td>0.001 sec</td></tr>
                        
                            <tr><th>Failed</th><td>failed on setup with &#34;Exception: Command docker compose -f &#34;/home/madrid/Escritorio/SGE/SGE-odoo-project-tester/projects/docker-compose.yml&#34; -p &#34;pytest57343&#34; up --build -d returned 1: &#34;&#34;&#34;time=&#34;2025-02-26T16:27:18+01:00&#34; level=warning msg=&#34;/home/madrid/Escritorio/SGE/SGE-odoo-project-tester/projects/docker-compose.yml: `version` is obsolete&#34;
 Network pytest57343_default  Creating
 Network pytest57343_default  Error
failed to create network pytest57343_default: Error response from daemon: could not find an available, non-overlapping IPv4 address pool among the defaults to assign to the network
&#34;&#34;&#34;.&#34;</td></tr>
                        
                        
                        </table>

                        
                        <pre>docker_compose_command = &#39;docker compose&#39;, docker_compose_file = &#39;/home/madrid/Escritorio/SGE/SGE-odoo-project-tester/projects/docker-compose.yml&#39;, docker_compose_project_name = &#39;pytest57343&#39;
docker_setup = [&#39;up --build -d&#39;], docker_cleanup = [&#39;down -v&#39;]

    @pytest.fixture(scope=containers_scope)
    def docker_services(
        docker_compose_command: str,
        docker_compose_file: Union[List[str], str],
        docker_compose_project_name: str,
        docker_setup: str,
        docker_cleanup: str,
    ) -&gt; Iterator[Services]:
        &#34;&#34;&#34;Start all services from a docker compose file (`docker-compose up`).
        After test are finished, shutdown all services (`docker-compose down`).&#34;&#34;&#34;
    
&gt;       with get_docker_services(
            docker_compose_command,
            docker_compose_file,
            docker_compose_project_name,
            docker_setup,
            docker_cleanup,
        ) as docker_service:

.venv/lib/python3.8/site-packages/pytest_docker/plugin.py:238: 
_ _ _ _ _ _ _ _ _ _ _ _ _ _ _ _ _ _ _ _ _ _ _ _ _ _ _ _ _ _ _ _ _ _ _ _ _ _ _ _ _ _ _ _ _ _ _ _ _ _ _ _ _ _ _ _ _ _ _ _ _ _ _ _ _ _ _ _ _ _ _ _ _ _ _ _ _ _ _ _ _ _ _ _ _ _ _ _ _ _ _ _ _ _ _ _ _ _ _ _ _ _ _ _ _ _
/usr/lib/python3.8/contextlib.py:113: in __enter__
    return next(self.gen)
.venv/lib/python3.8/site-packages/pytest_docker/plugin.py:212: in get_docker_services
    docker_compose.execute(command)
.venv/lib/python3.8/site-packages/pytest_docker/plugin.py:140: in execute
    return execute(command)
_ _ _ _ _ _ _ _ _ _ _ _ _ _ _ _ _ _ _ _ _ _ _ _ _ _ _ _ _ _ _ _ _ _ _ _ _ _ _ _ _ _ _ _ _ _ _ _ _ _ _ _ _ _ _ _ _ _ _ _ _ _ _ _ _ _ _ _ _ _ _ _ _ _ _ _ _ _ _ _ _ _ _ _ _ _ _ _ _ _ _ _ _ _ _ _ _ _ _ _ _ _ _ _ _ _

command = &#39;docker compose -f &#34;/home/madrid/Escritorio/SGE/SGE-odoo-project-tester/projects/docker-compose.yml&#34; -p &#34;pytest57343&#34; up --build -d&#39;, success_codes = (0,)

    def execute(command: str, success_codes: Iterable[int] = (0,)) -&gt; Union[bytes, Any]:
        &#34;&#34;&#34;Run a shell command.&#34;&#34;&#34;
        try:
            output = subprocess.check_output(command, stderr=subprocess.STDOUT, shell=True)
            status = 0
        except subprocess.CalledProcessError as error:
            output = error.output or b&#34;&#34;
            status = error.returncode
            command = error.cmd
    
        if status not in success_codes:
&gt;           raise Exception(
                &#39;Command {} returned {}: &#34;&#34;&#34;{}&#34;&#34;&#34;.&#39;.format(command, status, output.decode(&#34;utf-8&#34;))
            )
E           Exception: Command docker compose -f &#34;/home/madrid/Escritorio/SGE/SGE-odoo-project-tester/projects/docker-compose.yml&#34; -p &#34;pytest57343&#34; up --build -d returned 1: &#34;&#34;&#34;time=&#34;2025-02-26T16:27:18+01:00&#34; level=warning msg=&#34;/home/madrid/Escritorio/SGE/SGE-odoo-project-tester/projects/docker-compose.yml: `version` is obsolete&#34;
E            Network pytest57343_default  Creating
E            Network pytest57343_default  Error
E           failed to create network pytest57343_default: Error response from daemon: could not find an available, non-overlapping IPv4 address pool among the defaults to assign to the network
E           &#34;&#34;&#34;.

.venv/lib/python3.8/site-packages/pytest_docker/plugin.py:35: Exception</pre>
                        
                        

                        
                        
                        
                    </div>
                
                    <div class="test outcome outcome-failed">
                        <a id="046e3c90-4173-4131-a1f6-3fbfd72fbe7e"></a>
                        <table class="proplist">
                            <tr><th>Test case:</th><td><b>test_formularios_tienen_vista_anidada_para_campos_X2many[many2many]</b></td></tr>
                            <tr><th>Outcome:</th><td>Failed</td></tr>
                            <tr><th>Duration:</th><td>0.001 sec</td></tr>
                        
                            <tr><th>Failed</th><td>failed on setup with &#34;Exception: Command docker compose -f &#34;/home/madrid/Escritorio/SGE/SGE-odoo-project-tester/projects/docker-compose.yml&#34; -p &#34;pytest57343&#34; up --build -d returned 1: &#34;&#34;&#34;time=&#34;2025-02-26T16:27:18+01:00&#34; level=warning msg=&#34;/home/madrid/Escritorio/SGE/SGE-odoo-project-tester/projects/docker-compose.yml: `version` is obsolete&#34;
 Network pytest57343_default  Creating
 Network pytest57343_default  Error
failed to create network pytest57343_default: Error response from daemon: could not find an available, non-overlapping IPv4 address pool among the defaults to assign to the network
&#34;&#34;&#34;.&#34;</td></tr>
                        
                        
                        </table>

                        
                        <pre>docker_compose_command = &#39;docker compose&#39;, docker_compose_file = &#39;/home/madrid/Escritorio/SGE/SGE-odoo-project-tester/projects/docker-compose.yml&#39;, docker_compose_project_name = &#39;pytest57343&#39;
docker_setup = [&#39;up --build -d&#39;], docker_cleanup = [&#39;down -v&#39;]

    @pytest.fixture(scope=containers_scope)
    def docker_services(
        docker_compose_command: str,
        docker_compose_file: Union[List[str], str],
        docker_compose_project_name: str,
        docker_setup: str,
        docker_cleanup: str,
    ) -&gt; Iterator[Services]:
        &#34;&#34;&#34;Start all services from a docker compose file (`docker-compose up`).
        After test are finished, shutdown all services (`docker-compose down`).&#34;&#34;&#34;
    
&gt;       with get_docker_services(
            docker_compose_command,
            docker_compose_file,
            docker_compose_project_name,
            docker_setup,
            docker_cleanup,
        ) as docker_service:

.venv/lib/python3.8/site-packages/pytest_docker/plugin.py:238: 
_ _ _ _ _ _ _ _ _ _ _ _ _ _ _ _ _ _ _ _ _ _ _ _ _ _ _ _ _ _ _ _ _ _ _ _ _ _ _ _ _ _ _ _ _ _ _ _ _ _ _ _ _ _ _ _ _ _ _ _ _ _ _ _ _ _ _ _ _ _ _ _ _ _ _ _ _ _ _ _ _ _ _ _ _ _ _ _ _ _ _ _ _ _ _ _ _ _ _ _ _ _ _ _ _ _
/usr/lib/python3.8/contextlib.py:113: in __enter__
    return next(self.gen)
.venv/lib/python3.8/site-packages/pytest_docker/plugin.py:212: in get_docker_services
    docker_compose.execute(command)
.venv/lib/python3.8/site-packages/pytest_docker/plugin.py:140: in execute
    return execute(command)
_ _ _ _ _ _ _ _ _ _ _ _ _ _ _ _ _ _ _ _ _ _ _ _ _ _ _ _ _ _ _ _ _ _ _ _ _ _ _ _ _ _ _ _ _ _ _ _ _ _ _ _ _ _ _ _ _ _ _ _ _ _ _ _ _ _ _ _ _ _ _ _ _ _ _ _ _ _ _ _ _ _ _ _ _ _ _ _ _ _ _ _ _ _ _ _ _ _ _ _ _ _ _ _ _ _

command = &#39;docker compose -f &#34;/home/madrid/Escritorio/SGE/SGE-odoo-project-tester/projects/docker-compose.yml&#34; -p &#34;pytest57343&#34; up --build -d&#39;, success_codes = (0,)

    def execute(command: str, success_codes: Iterable[int] = (0,)) -&gt; Union[bytes, Any]:
        &#34;&#34;&#34;Run a shell command.&#34;&#34;&#34;
        try:
            output = subprocess.check_output(command, stderr=subprocess.STDOUT, shell=True)
            status = 0
        except subprocess.CalledProcessError as error:
            output = error.output or b&#34;&#34;
            status = error.returncode
            command = error.cmd
    
        if status not in success_codes:
&gt;           raise Exception(
                &#39;Command {} returned {}: &#34;&#34;&#34;{}&#34;&#34;&#34;.&#39;.format(command, status, output.decode(&#34;utf-8&#34;))
            )
E           Exception: Command docker compose -f &#34;/home/madrid/Escritorio/SGE/SGE-odoo-project-tester/projects/docker-compose.yml&#34; -p &#34;pytest57343&#34; up --build -d returned 1: &#34;&#34;&#34;time=&#34;2025-02-26T16:27:18+01:00&#34; level=warning msg=&#34;/home/madrid/Escritorio/SGE/SGE-odoo-project-tester/projects/docker-compose.yml: `version` is obsolete&#34;
E            Network pytest57343_default  Creating
E            Network pytest57343_default  Error
E           failed to create network pytest57343_default: Error response from daemon: could not find an available, non-overlapping IPv4 address pool among the defaults to assign to the network
E           &#34;&#34;&#34;.

.venv/lib/python3.8/site-packages/pytest_docker/plugin.py:35: Exception</pre>
                        
                        

                        
                        
                        
                    </div>
                
                </div>
            </div>
            
            <div class="testclass">
                <h4>test_minimal_requirements.TestRNF4</h4>
                <div class="testcases">
                
                    <div class="test outcome outcome-failed">
                        <a id="3570855b-fa1a-4b02-a154-f2fea737da76"></a>
                        <table class="proplist">
                            <tr><th>Test case:</th><td><b>test_vistas_en_ficheros_individuales</b></td></tr>
                            <tr><th>Outcome:</th><td>Failed</td></tr>
                            <tr><th>Duration:</th><td>0.001 sec</td></tr>
                        
                            <tr><th>Failed</th><td>failed on setup with &#34;Exception: Command docker compose -f &#34;/home/madrid/Escritorio/SGE/SGE-odoo-project-tester/projects/docker-compose.yml&#34; -p &#34;pytest57343&#34; up --build -d returned 1: &#34;&#34;&#34;time=&#34;2025-02-26T16:27:18+01:00&#34; level=warning msg=&#34;/home/madrid/Escritorio/SGE/SGE-odoo-project-tester/projects/docker-compose.yml: `version` is obsolete&#34;
 Network pytest57343_default  Creating
 Network pytest57343_default  Error
failed to create network pytest57343_default: Error response from daemon: could not find an available, non-overlapping IPv4 address pool among the defaults to assign to the network
&#34;&#34;&#34;.&#34;</td></tr>
                        
                        
                        </table>

                        
                        <pre>docker_compose_command = &#39;docker compose&#39;, docker_compose_file = &#39;/home/madrid/Escritorio/SGE/SGE-odoo-project-tester/projects/docker-compose.yml&#39;, docker_compose_project_name = &#39;pytest57343&#39;
docker_setup = [&#39;up --build -d&#39;], docker_cleanup = [&#39;down -v&#39;]

    @pytest.fixture(scope=containers_scope)
    def docker_services(
        docker_compose_command: str,
        docker_compose_file: Union[List[str], str],
        docker_compose_project_name: str,
        docker_setup: str,
        docker_cleanup: str,
    ) -&gt; Iterator[Services]:
        &#34;&#34;&#34;Start all services from a docker compose file (`docker-compose up`).
        After test are finished, shutdown all services (`docker-compose down`).&#34;&#34;&#34;
    
&gt;       with get_docker_services(
            docker_compose_command,
            docker_compose_file,
            docker_compose_project_name,
            docker_setup,
            docker_cleanup,
        ) as docker_service:

.venv/lib/python3.8/site-packages/pytest_docker/plugin.py:238: 
_ _ _ _ _ _ _ _ _ _ _ _ _ _ _ _ _ _ _ _ _ _ _ _ _ _ _ _ _ _ _ _ _ _ _ _ _ _ _ _ _ _ _ _ _ _ _ _ _ _ _ _ _ _ _ _ _ _ _ _ _ _ _ _ _ _ _ _ _ _ _ _ _ _ _ _ _ _ _ _ _ _ _ _ _ _ _ _ _ _ _ _ _ _ _ _ _ _ _ _ _ _ _ _ _ _
/usr/lib/python3.8/contextlib.py:113: in __enter__
    return next(self.gen)
.venv/lib/python3.8/site-packages/pytest_docker/plugin.py:212: in get_docker_services
    docker_compose.execute(command)
.venv/lib/python3.8/site-packages/pytest_docker/plugin.py:140: in execute
    return execute(command)
_ _ _ _ _ _ _ _ _ _ _ _ _ _ _ _ _ _ _ _ _ _ _ _ _ _ _ _ _ _ _ _ _ _ _ _ _ _ _ _ _ _ _ _ _ _ _ _ _ _ _ _ _ _ _ _ _ _ _ _ _ _ _ _ _ _ _ _ _ _ _ _ _ _ _ _ _ _ _ _ _ _ _ _ _ _ _ _ _ _ _ _ _ _ _ _ _ _ _ _ _ _ _ _ _ _

command = &#39;docker compose -f &#34;/home/madrid/Escritorio/SGE/SGE-odoo-project-tester/projects/docker-compose.yml&#34; -p &#34;pytest57343&#34; up --build -d&#39;, success_codes = (0,)

    def execute(command: str, success_codes: Iterable[int] = (0,)) -&gt; Union[bytes, Any]:
        &#34;&#34;&#34;Run a shell command.&#34;&#34;&#34;
        try:
            output = subprocess.check_output(command, stderr=subprocess.STDOUT, shell=True)
            status = 0
        except subprocess.CalledProcessError as error:
            output = error.output or b&#34;&#34;
            status = error.returncode
            command = error.cmd
    
        if status not in success_codes:
&gt;           raise Exception(
                &#39;Command {} returned {}: &#34;&#34;&#34;{}&#34;&#34;&#34;.&#39;.format(command, status, output.decode(&#34;utf-8&#34;))
            )
E           Exception: Command docker compose -f &#34;/home/madrid/Escritorio/SGE/SGE-odoo-project-tester/projects/docker-compose.yml&#34; -p &#34;pytest57343&#34; up --build -d returned 1: &#34;&#34;&#34;time=&#34;2025-02-26T16:27:18+01:00&#34; level=warning msg=&#34;/home/madrid/Escritorio/SGE/SGE-odoo-project-tester/projects/docker-compose.yml: `version` is obsolete&#34;
E            Network pytest57343_default  Creating
E            Network pytest57343_default  Error
E           failed to create network pytest57343_default: Error response from daemon: could not find an available, non-overlapping IPv4 address pool among the defaults to assign to the network
E           &#34;&#34;&#34;.

.venv/lib/python3.8/site-packages/pytest_docker/plugin.py:35: Exception</pre>
                        
                        

                        
                        
                        
                    </div>
                
                </div>
            </div>
            
            <div class="testclass">
                <h4>test_minimal_requirements.TestRNF5</h4>
                <div class="testcases">
                
                    <div class="test outcome outcome-failed">
                        <a id="eba2143b-226c-48db-92dd-0e62d07cd45e"></a>
                        <table class="proplist">
                            <tr><th>Test case:</th><td><b>test_modelos_tienen_algun_posible_campo_imagen</b></td></tr>
                            <tr><th>Outcome:</th><td>Failed</td></tr>
                            <tr><th>Duration:</th><td>0.001 sec</td></tr>
                        
                            <tr><th>Failed</th><td>failed on setup with &#34;Exception: Command docker compose -f &#34;/home/madrid/Escritorio/SGE/SGE-odoo-project-tester/projects/docker-compose.yml&#34; -p &#34;pytest57343&#34; up --build -d returned 1: &#34;&#34;&#34;time=&#34;2025-02-26T16:27:18+01:00&#34; level=warning msg=&#34;/home/madrid/Escritorio/SGE/SGE-odoo-project-tester/projects/docker-compose.yml: `version` is obsolete&#34;
 Network pytest57343_default  Creating
 Network pytest57343_default  Error
failed to create network pytest57343_default: Error response from daemon: could not find an available, non-overlapping IPv4 address pool among the defaults to assign to the network
&#34;&#34;&#34;.&#34;</td></tr>
                        
                        
                        </table>

                        
                        <pre>docker_compose_command = &#39;docker compose&#39;, docker_compose_file = &#39;/home/madrid/Escritorio/SGE/SGE-odoo-project-tester/projects/docker-compose.yml&#39;, docker_compose_project_name = &#39;pytest57343&#39;
docker_setup = [&#39;up --build -d&#39;], docker_cleanup = [&#39;down -v&#39;]

    @pytest.fixture(scope=containers_scope)
    def docker_services(
        docker_compose_command: str,
        docker_compose_file: Union[List[str], str],
        docker_compose_project_name: str,
        docker_setup: str,
        docker_cleanup: str,
    ) -&gt; Iterator[Services]:
        &#34;&#34;&#34;Start all services from a docker compose file (`docker-compose up`).
        After test are finished, shutdown all services (`docker-compose down`).&#34;&#34;&#34;
    
&gt;       with get_docker_services(
            docker_compose_command,
            docker_compose_file,
            docker_compose_project_name,
            docker_setup,
            docker_cleanup,
        ) as docker_service:

.venv/lib/python3.8/site-packages/pytest_docker/plugin.py:238: 
_ _ _ _ _ _ _ _ _ _ _ _ _ _ _ _ _ _ _ _ _ _ _ _ _ _ _ _ _ _ _ _ _ _ _ _ _ _ _ _ _ _ _ _ _ _ _ _ _ _ _ _ _ _ _ _ _ _ _ _ _ _ _ _ _ _ _ _ _ _ _ _ _ _ _ _ _ _ _ _ _ _ _ _ _ _ _ _ _ _ _ _ _ _ _ _ _ _ _ _ _ _ _ _ _ _
/usr/lib/python3.8/contextlib.py:113: in __enter__
    return next(self.gen)
.venv/lib/python3.8/site-packages/pytest_docker/plugin.py:212: in get_docker_services
    docker_compose.execute(command)
.venv/lib/python3.8/site-packages/pytest_docker/plugin.py:140: in execute
    return execute(command)
_ _ _ _ _ _ _ _ _ _ _ _ _ _ _ _ _ _ _ _ _ _ _ _ _ _ _ _ _ _ _ _ _ _ _ _ _ _ _ _ _ _ _ _ _ _ _ _ _ _ _ _ _ _ _ _ _ _ _ _ _ _ _ _ _ _ _ _ _ _ _ _ _ _ _ _ _ _ _ _ _ _ _ _ _ _ _ _ _ _ _ _ _ _ _ _ _ _ _ _ _ _ _ _ _ _

command = &#39;docker compose -f &#34;/home/madrid/Escritorio/SGE/SGE-odoo-project-tester/projects/docker-compose.yml&#34; -p &#34;pytest57343&#34; up --build -d&#39;, success_codes = (0,)

    def execute(command: str, success_codes: Iterable[int] = (0,)) -&gt; Union[bytes, Any]:
        &#34;&#34;&#34;Run a shell command.&#34;&#34;&#34;
        try:
            output = subprocess.check_output(command, stderr=subprocess.STDOUT, shell=True)
            status = 0
        except subprocess.CalledProcessError as error:
            output = error.output or b&#34;&#34;
            status = error.returncode
            command = error.cmd
    
        if status not in success_codes:
&gt;           raise Exception(
                &#39;Command {} returned {}: &#34;&#34;&#34;{}&#34;&#34;&#34;.&#39;.format(command, status, output.decode(&#34;utf-8&#34;))
            )
E           Exception: Command docker compose -f &#34;/home/madrid/Escritorio/SGE/SGE-odoo-project-tester/projects/docker-compose.yml&#34; -p &#34;pytest57343&#34; up --build -d returned 1: &#34;&#34;&#34;time=&#34;2025-02-26T16:27:18+01:00&#34; level=warning msg=&#34;/home/madrid/Escritorio/SGE/SGE-odoo-project-tester/projects/docker-compose.yml: `version` is obsolete&#34;
E            Network pytest57343_default  Creating
E            Network pytest57343_default  Error
E           failed to create network pytest57343_default: Error response from daemon: could not find an available, non-overlapping IPv4 address pool among the defaults to assign to the network
E           &#34;&#34;&#34;.

.venv/lib/python3.8/site-packages/pytest_docker/plugin.py:35: Exception</pre>
                        
                        

                        
                        
                        
                    </div>
                
                    <div class="test outcome outcome-failed">
                        <a id="eea93e05-e52d-462b-9476-08703bb824f4"></a>
                        <table class="proplist">
                            <tr><th>Test case:</th><td><b>test_alguna_vista_tiene_campo_imagen</b></td></tr>
                            <tr><th>Outcome:</th><td>Failed</td></tr>
                            <tr><th>Duration:</th><td>0.001 sec</td></tr>
                        
                            <tr><th>Failed</th><td>failed on setup with &#34;Exception: Command docker compose -f &#34;/home/madrid/Escritorio/SGE/SGE-odoo-project-tester/projects/docker-compose.yml&#34; -p &#34;pytest57343&#34; up --build -d returned 1: &#34;&#34;&#34;time=&#34;2025-02-26T16:27:18+01:00&#34; level=warning msg=&#34;/home/madrid/Escritorio/SGE/SGE-odoo-project-tester/projects/docker-compose.yml: `version` is obsolete&#34;
 Network pytest57343_default  Creating
 Network pytest57343_default  Error
failed to create network pytest57343_default: Error response from daemon: could not find an available, non-overlapping IPv4 address pool among the defaults to assign to the network
&#34;&#34;&#34;.&#34;</td></tr>
                        
                        
                        </table>

                        
                        <pre>docker_compose_command = &#39;docker compose&#39;, docker_compose_file = &#39;/home/madrid/Escritorio/SGE/SGE-odoo-project-tester/projects/docker-compose.yml&#39;, docker_compose_project_name = &#39;pytest57343&#39;
docker_setup = [&#39;up --build -d&#39;], docker_cleanup = [&#39;down -v&#39;]

    @pytest.fixture(scope=containers_scope)
    def docker_services(
        docker_compose_command: str,
        docker_compose_file: Union[List[str], str],
        docker_compose_project_name: str,
        docker_setup: str,
        docker_cleanup: str,
    ) -&gt; Iterator[Services]:
        &#34;&#34;&#34;Start all services from a docker compose file (`docker-compose up`).
        After test are finished, shutdown all services (`docker-compose down`).&#34;&#34;&#34;
    
&gt;       with get_docker_services(
            docker_compose_command,
            docker_compose_file,
            docker_compose_project_name,
            docker_setup,
            docker_cleanup,
        ) as docker_service:

.venv/lib/python3.8/site-packages/pytest_docker/plugin.py:238: 
_ _ _ _ _ _ _ _ _ _ _ _ _ _ _ _ _ _ _ _ _ _ _ _ _ _ _ _ _ _ _ _ _ _ _ _ _ _ _ _ _ _ _ _ _ _ _ _ _ _ _ _ _ _ _ _ _ _ _ _ _ _ _ _ _ _ _ _ _ _ _ _ _ _ _ _ _ _ _ _ _ _ _ _ _ _ _ _ _ _ _ _ _ _ _ _ _ _ _ _ _ _ _ _ _ _
/usr/lib/python3.8/contextlib.py:113: in __enter__
    return next(self.gen)
.venv/lib/python3.8/site-packages/pytest_docker/plugin.py:212: in get_docker_services
    docker_compose.execute(command)
.venv/lib/python3.8/site-packages/pytest_docker/plugin.py:140: in execute
    return execute(command)
_ _ _ _ _ _ _ _ _ _ _ _ _ _ _ _ _ _ _ _ _ _ _ _ _ _ _ _ _ _ _ _ _ _ _ _ _ _ _ _ _ _ _ _ _ _ _ _ _ _ _ _ _ _ _ _ _ _ _ _ _ _ _ _ _ _ _ _ _ _ _ _ _ _ _ _ _ _ _ _ _ _ _ _ _ _ _ _ _ _ _ _ _ _ _ _ _ _ _ _ _ _ _ _ _ _

command = &#39;docker compose -f &#34;/home/madrid/Escritorio/SGE/SGE-odoo-project-tester/projects/docker-compose.yml&#34; -p &#34;pytest57343&#34; up --build -d&#39;, success_codes = (0,)

    def execute(command: str, success_codes: Iterable[int] = (0,)) -&gt; Union[bytes, Any]:
        &#34;&#34;&#34;Run a shell command.&#34;&#34;&#34;
        try:
            output = subprocess.check_output(command, stderr=subprocess.STDOUT, shell=True)
            status = 0
        except subprocess.CalledProcessError as error:
            output = error.output or b&#34;&#34;
            status = error.returncode
            command = error.cmd
    
        if status not in success_codes:
&gt;           raise Exception(
                &#39;Command {} returned {}: &#34;&#34;&#34;{}&#34;&#34;&#34;.&#39;.format(command, status, output.decode(&#34;utf-8&#34;))
            )
E           Exception: Command docker compose -f &#34;/home/madrid/Escritorio/SGE/SGE-odoo-project-tester/projects/docker-compose.yml&#34; -p &#34;pytest57343&#34; up --build -d returned 1: &#34;&#34;&#34;time=&#34;2025-02-26T16:27:18+01:00&#34; level=warning msg=&#34;/home/madrid/Escritorio/SGE/SGE-odoo-project-tester/projects/docker-compose.yml: `version` is obsolete&#34;
E            Network pytest57343_default  Creating
E            Network pytest57343_default  Error
E           failed to create network pytest57343_default: Error response from daemon: could not find an available, non-overlapping IPv4 address pool among the defaults to assign to the network
E           &#34;&#34;&#34;.

.venv/lib/python3.8/site-packages/pytest_docker/plugin.py:35: Exception</pre>
                        
                        

                        
                        
                        
                    </div>
                
                </div>
            </div>
            
            <div class="testclass">
                <h4>test_minimal_requirements.TestRNF6</h4>
                <div class="testcases">
                
                    <div class="test outcome outcome-failed">
                        <a id="79894141-90ca-4d9a-b441-95a61be3b6c3"></a>
                        <table class="proplist">
                            <tr><th>Test case:</th><td><b>test_modelos_tienen_acciones</b></td></tr>
                            <tr><th>Outcome:</th><td>Failed</td></tr>
                            <tr><th>Duration:</th><td>0.001 sec</td></tr>
                        
                            <tr><th>Failed</th><td>failed on setup with &#34;Exception: Command docker compose -f &#34;/home/madrid/Escritorio/SGE/SGE-odoo-project-tester/projects/docker-compose.yml&#34; -p &#34;pytest57343&#34; up --build -d returned 1: &#34;&#34;&#34;time=&#34;2025-02-26T16:27:18+01:00&#34; level=warning msg=&#34;/home/madrid/Escritorio/SGE/SGE-odoo-project-tester/projects/docker-compose.yml: `version` is obsolete&#34;
 Network pytest57343_default  Creating
 Network pytest57343_default  Error
failed to create network pytest57343_default: Error response from daemon: could not find an available, non-overlapping IPv4 address pool among the defaults to assign to the network
&#34;&#34;&#34;.&#34;</td></tr>
                        
                        
                        </table>

                        
                        <pre>docker_compose_command = &#39;docker compose&#39;, docker_compose_file = &#39;/home/madrid/Escritorio/SGE/SGE-odoo-project-tester/projects/docker-compose.yml&#39;, docker_compose_project_name = &#39;pytest57343&#39;
docker_setup = [&#39;up --build -d&#39;], docker_cleanup = [&#39;down -v&#39;]

    @pytest.fixture(scope=containers_scope)
    def docker_services(
        docker_compose_command: str,
        docker_compose_file: Union[List[str], str],
        docker_compose_project_name: str,
        docker_setup: str,
        docker_cleanup: str,
    ) -&gt; Iterator[Services]:
        &#34;&#34;&#34;Start all services from a docker compose file (`docker-compose up`).
        After test are finished, shutdown all services (`docker-compose down`).&#34;&#34;&#34;
    
&gt;       with get_docker_services(
            docker_compose_command,
            docker_compose_file,
            docker_compose_project_name,
            docker_setup,
            docker_cleanup,
        ) as docker_service:

.venv/lib/python3.8/site-packages/pytest_docker/plugin.py:238: 
_ _ _ _ _ _ _ _ _ _ _ _ _ _ _ _ _ _ _ _ _ _ _ _ _ _ _ _ _ _ _ _ _ _ _ _ _ _ _ _ _ _ _ _ _ _ _ _ _ _ _ _ _ _ _ _ _ _ _ _ _ _ _ _ _ _ _ _ _ _ _ _ _ _ _ _ _ _ _ _ _ _ _ _ _ _ _ _ _ _ _ _ _ _ _ _ _ _ _ _ _ _ _ _ _ _
/usr/lib/python3.8/contextlib.py:113: in __enter__
    return next(self.gen)
.venv/lib/python3.8/site-packages/pytest_docker/plugin.py:212: in get_docker_services
    docker_compose.execute(command)
.venv/lib/python3.8/site-packages/pytest_docker/plugin.py:140: in execute
    return execute(command)
_ _ _ _ _ _ _ _ _ _ _ _ _ _ _ _ _ _ _ _ _ _ _ _ _ _ _ _ _ _ _ _ _ _ _ _ _ _ _ _ _ _ _ _ _ _ _ _ _ _ _ _ _ _ _ _ _ _ _ _ _ _ _ _ _ _ _ _ _ _ _ _ _ _ _ _ _ _ _ _ _ _ _ _ _ _ _ _ _ _ _ _ _ _ _ _ _ _ _ _ _ _ _ _ _ _

command = &#39;docker compose -f &#34;/home/madrid/Escritorio/SGE/SGE-odoo-project-tester/projects/docker-compose.yml&#34; -p &#34;pytest57343&#34; up --build -d&#39;, success_codes = (0,)

    def execute(command: str, success_codes: Iterable[int] = (0,)) -&gt; Union[bytes, Any]:
        &#34;&#34;&#34;Run a shell command.&#34;&#34;&#34;
        try:
            output = subprocess.check_output(command, stderr=subprocess.STDOUT, shell=True)
            status = 0
        except subprocess.CalledProcessError as error:
            output = error.output or b&#34;&#34;
            status = error.returncode
            command = error.cmd
    
        if status not in success_codes:
&gt;           raise Exception(
                &#39;Command {} returned {}: &#34;&#34;&#34;{}&#34;&#34;&#34;.&#39;.format(command, status, output.decode(&#34;utf-8&#34;))
            )
E           Exception: Command docker compose -f &#34;/home/madrid/Escritorio/SGE/SGE-odoo-project-tester/projects/docker-compose.yml&#34; -p &#34;pytest57343&#34; up --build -d returned 1: &#34;&#34;&#34;time=&#34;2025-02-26T16:27:18+01:00&#34; level=warning msg=&#34;/home/madrid/Escritorio/SGE/SGE-odoo-project-tester/projects/docker-compose.yml: `version` is obsolete&#34;
E            Network pytest57343_default  Creating
E            Network pytest57343_default  Error
E           failed to create network pytest57343_default: Error response from daemon: could not find an available, non-overlapping IPv4 address pool among the defaults to assign to the network
E           &#34;&#34;&#34;.

.venv/lib/python3.8/site-packages/pytest_docker/plugin.py:35: Exception</pre>
                        
                        

                        
                        
                        
                    </div>
                
                    <div class="test outcome outcome-failed">
                        <a id="d7deecdd-17cf-46ac-ac1c-344b9315420b"></a>
                        <table class="proplist">
                            <tr><th>Test case:</th><td><b>test_hay_elementos_de_menu[.//menuitem[@action]]</b></td></tr>
                            <tr><th>Outcome:</th><td>Failed</td></tr>
                            <tr><th>Duration:</th><td>0.001 sec</td></tr>
                        
                            <tr><th>Failed</th><td>failed on setup with &#34;Exception: Command docker compose -f &#34;/home/madrid/Escritorio/SGE/SGE-odoo-project-tester/projects/docker-compose.yml&#34; -p &#34;pytest57343&#34; up --build -d returned 1: &#34;&#34;&#34;time=&#34;2025-02-26T16:27:18+01:00&#34; level=warning msg=&#34;/home/madrid/Escritorio/SGE/SGE-odoo-project-tester/projects/docker-compose.yml: `version` is obsolete&#34;
 Network pytest57343_default  Creating
 Network pytest57343_default  Error
failed to create network pytest57343_default: Error response from daemon: could not find an available, non-overlapping IPv4 address pool among the defaults to assign to the network
&#34;&#34;&#34;.&#34;</td></tr>
                        
                        
                        </table>

                        
                        <pre>docker_compose_command = &#39;docker compose&#39;, docker_compose_file = &#39;/home/madrid/Escritorio/SGE/SGE-odoo-project-tester/projects/docker-compose.yml&#39;, docker_compose_project_name = &#39;pytest57343&#39;
docker_setup = [&#39;up --build -d&#39;], docker_cleanup = [&#39;down -v&#39;]

    @pytest.fixture(scope=containers_scope)
    def docker_services(
        docker_compose_command: str,
        docker_compose_file: Union[List[str], str],
        docker_compose_project_name: str,
        docker_setup: str,
        docker_cleanup: str,
    ) -&gt; Iterator[Services]:
        &#34;&#34;&#34;Start all services from a docker compose file (`docker-compose up`).
        After test are finished, shutdown all services (`docker-compose down`).&#34;&#34;&#34;
    
&gt;       with get_docker_services(
            docker_compose_command,
            docker_compose_file,
            docker_compose_project_name,
            docker_setup,
            docker_cleanup,
        ) as docker_service:

.venv/lib/python3.8/site-packages/pytest_docker/plugin.py:238: 
_ _ _ _ _ _ _ _ _ _ _ _ _ _ _ _ _ _ _ _ _ _ _ _ _ _ _ _ _ _ _ _ _ _ _ _ _ _ _ _ _ _ _ _ _ _ _ _ _ _ _ _ _ _ _ _ _ _ _ _ _ _ _ _ _ _ _ _ _ _ _ _ _ _ _ _ _ _ _ _ _ _ _ _ _ _ _ _ _ _ _ _ _ _ _ _ _ _ _ _ _ _ _ _ _ _
/usr/lib/python3.8/contextlib.py:113: in __enter__
    return next(self.gen)
.venv/lib/python3.8/site-packages/pytest_docker/plugin.py:212: in get_docker_services
    docker_compose.execute(command)
.venv/lib/python3.8/site-packages/pytest_docker/plugin.py:140: in execute
    return execute(command)
_ _ _ _ _ _ _ _ _ _ _ _ _ _ _ _ _ _ _ _ _ _ _ _ _ _ _ _ _ _ _ _ _ _ _ _ _ _ _ _ _ _ _ _ _ _ _ _ _ _ _ _ _ _ _ _ _ _ _ _ _ _ _ _ _ _ _ _ _ _ _ _ _ _ _ _ _ _ _ _ _ _ _ _ _ _ _ _ _ _ _ _ _ _ _ _ _ _ _ _ _ _ _ _ _ _

command = &#39;docker compose -f &#34;/home/madrid/Escritorio/SGE/SGE-odoo-project-tester/projects/docker-compose.yml&#34; -p &#34;pytest57343&#34; up --build -d&#39;, success_codes = (0,)

    def execute(command: str, success_codes: Iterable[int] = (0,)) -&gt; Union[bytes, Any]:
        &#34;&#34;&#34;Run a shell command.&#34;&#34;&#34;
        try:
            output = subprocess.check_output(command, stderr=subprocess.STDOUT, shell=True)
            status = 0
        except subprocess.CalledProcessError as error:
            output = error.output or b&#34;&#34;
            status = error.returncode
            command = error.cmd
    
        if status not in success_codes:
&gt;           raise Exception(
                &#39;Command {} returned {}: &#34;&#34;&#34;{}&#34;&#34;&#34;.&#39;.format(command, status, output.decode(&#34;utf-8&#34;))
            )
E           Exception: Command docker compose -f &#34;/home/madrid/Escritorio/SGE/SGE-odoo-project-tester/projects/docker-compose.yml&#34; -p &#34;pytest57343&#34; up --build -d returned 1: &#34;&#34;&#34;time=&#34;2025-02-26T16:27:18+01:00&#34; level=warning msg=&#34;/home/madrid/Escritorio/SGE/SGE-odoo-project-tester/projects/docker-compose.yml: `version` is obsolete&#34;
E            Network pytest57343_default  Creating
E            Network pytest57343_default  Error
E           failed to create network pytest57343_default: Error response from daemon: could not find an available, non-overlapping IPv4 address pool among the defaults to assign to the network
E           &#34;&#34;&#34;.

.venv/lib/python3.8/site-packages/pytest_docker/plugin.py:35: Exception</pre>
                        
                        

                        
                        
                        
                    </div>
                
                </div>
            </div>
            
            <div class="testclass">
                <h4>test_minimal_requirements.TestRNF7</h4>
                <div class="testcases">
                
                    <div class="test outcome outcome-failed">
                        <a id="21dc2cef-783d-4225-ad51-eac44d2a0b93"></a>
                        <table class="proplist">
                            <tr><th>Test case:</th><td><b>test_modelos_tienen_permisos</b></td></tr>
                            <tr><th>Outcome:</th><td>Failed</td></tr>
                            <tr><th>Duration:</th><td>0.001 sec</td></tr>
                        
                            <tr><th>Failed</th><td>failed on setup with &#34;Exception: Command docker compose -f &#34;/home/madrid/Escritorio/SGE/SGE-odoo-project-tester/projects/docker-compose.yml&#34; -p &#34;pytest57343&#34; up --build -d returned 1: &#34;&#34;&#34;time=&#34;2025-02-26T16:27:18+01:00&#34; level=warning msg=&#34;/home/madrid/Escritorio/SGE/SGE-odoo-project-tester/projects/docker-compose.yml: `version` is obsolete&#34;
 Network pytest57343_default  Creating
 Network pytest57343_default  Error
failed to create network pytest57343_default: Error response from daemon: could not find an available, non-overlapping IPv4 address pool among the defaults to assign to the network
&#34;&#34;&#34;.&#34;</td></tr>
                        
                        
                        </table>

                        
                        <pre>docker_compose_command = &#39;docker compose&#39;, docker_compose_file = &#39;/home/madrid/Escritorio/SGE/SGE-odoo-project-tester/projects/docker-compose.yml&#39;, docker_compose_project_name = &#39;pytest57343&#39;
docker_setup = [&#39;up --build -d&#39;], docker_cleanup = [&#39;down -v&#39;]

    @pytest.fixture(scope=containers_scope)
    def docker_services(
        docker_compose_command: str,
        docker_compose_file: Union[List[str], str],
        docker_compose_project_name: str,
        docker_setup: str,
        docker_cleanup: str,
    ) -&gt; Iterator[Services]:
        &#34;&#34;&#34;Start all services from a docker compose file (`docker-compose up`).
        After test are finished, shutdown all services (`docker-compose down`).&#34;&#34;&#34;
    
&gt;       with get_docker_services(
            docker_compose_command,
            docker_compose_file,
            docker_compose_project_name,
            docker_setup,
            docker_cleanup,
        ) as docker_service:

.venv/lib/python3.8/site-packages/pytest_docker/plugin.py:238: 
_ _ _ _ _ _ _ _ _ _ _ _ _ _ _ _ _ _ _ _ _ _ _ _ _ _ _ _ _ _ _ _ _ _ _ _ _ _ _ _ _ _ _ _ _ _ _ _ _ _ _ _ _ _ _ _ _ _ _ _ _ _ _ _ _ _ _ _ _ _ _ _ _ _ _ _ _ _ _ _ _ _ _ _ _ _ _ _ _ _ _ _ _ _ _ _ _ _ _ _ _ _ _ _ _ _
/usr/lib/python3.8/contextlib.py:113: in __enter__
    return next(self.gen)
.venv/lib/python3.8/site-packages/pytest_docker/plugin.py:212: in get_docker_services
    docker_compose.execute(command)
.venv/lib/python3.8/site-packages/pytest_docker/plugin.py:140: in execute
    return execute(command)
_ _ _ _ _ _ _ _ _ _ _ _ _ _ _ _ _ _ _ _ _ _ _ _ _ _ _ _ _ _ _ _ _ _ _ _ _ _ _ _ _ _ _ _ _ _ _ _ _ _ _ _ _ _ _ _ _ _ _ _ _ _ _ _ _ _ _ _ _ _ _ _ _ _ _ _ _ _ _ _ _ _ _ _ _ _ _ _ _ _ _ _ _ _ _ _ _ _ _ _ _ _ _ _ _ _

command = &#39;docker compose -f &#34;/home/madrid/Escritorio/SGE/SGE-odoo-project-tester/projects/docker-compose.yml&#34; -p &#34;pytest57343&#34; up --build -d&#39;, success_codes = (0,)

    def execute(command: str, success_codes: Iterable[int] = (0,)) -&gt; Union[bytes, Any]:
        &#34;&#34;&#34;Run a shell command.&#34;&#34;&#34;
        try:
            output = subprocess.check_output(command, stderr=subprocess.STDOUT, shell=True)
            status = 0
        except subprocess.CalledProcessError as error:
            output = error.output or b&#34;&#34;
            status = error.returncode
            command = error.cmd
    
        if status not in success_codes:
&gt;           raise Exception(
                &#39;Command {} returned {}: &#34;&#34;&#34;{}&#34;&#34;&#34;.&#39;.format(command, status, output.decode(&#34;utf-8&#34;))
            )
E           Exception: Command docker compose -f &#34;/home/madrid/Escritorio/SGE/SGE-odoo-project-tester/projects/docker-compose.yml&#34; -p &#34;pytest57343&#34; up --build -d returned 1: &#34;&#34;&#34;time=&#34;2025-02-26T16:27:18+01:00&#34; level=warning msg=&#34;/home/madrid/Escritorio/SGE/SGE-odoo-project-tester/projects/docker-compose.yml: `version` is obsolete&#34;
E            Network pytest57343_default  Creating
E            Network pytest57343_default  Error
E           failed to create network pytest57343_default: Error response from daemon: could not find an available, non-overlapping IPv4 address pool among the defaults to assign to the network
E           &#34;&#34;&#34;.

.venv/lib/python3.8/site-packages/pytest_docker/plugin.py:35: Exception</pre>
                        
                        

                        
                        
                        
                    </div>
                
                </div>
            </div>
            
            <div class="testclass">
                <h4>test_minimal_requirements.TestRNF8</h4>
                <div class="testcases">
                
                    <div class="test outcome outcome-failed">
                        <a id="a6c00a4f-c1cb-41d9-a29b-069cccf8f9a7"></a>
                        <table class="proplist">
                            <tr><th>Test case:</th><td><b>test_app_tiene_icono</b></td></tr>
                            <tr><th>Outcome:</th><td>Failed</td></tr>
                            <tr><th>Duration:</th><td>0.001 sec</td></tr>
                        
                            <tr><th>Failed</th><td>failed on setup with &#34;Exception: Command docker compose -f &#34;/home/madrid/Escritorio/SGE/SGE-odoo-project-tester/projects/docker-compose.yml&#34; -p &#34;pytest57343&#34; up --build -d returned 1: &#34;&#34;&#34;time=&#34;2025-02-26T16:27:18+01:00&#34; level=warning msg=&#34;/home/madrid/Escritorio/SGE/SGE-odoo-project-tester/projects/docker-compose.yml: `version` is obsolete&#34;
 Network pytest57343_default  Creating
 Network pytest57343_default  Error
failed to create network pytest57343_default: Error response from daemon: could not find an available, non-overlapping IPv4 address pool among the defaults to assign to the network
&#34;&#34;&#34;.&#34;</td></tr>
                        
                        
                        </table>

                        
                        <pre>docker_compose_command = &#39;docker compose&#39;, docker_compose_file = &#39;/home/madrid/Escritorio/SGE/SGE-odoo-project-tester/projects/docker-compose.yml&#39;, docker_compose_project_name = &#39;pytest57343&#39;
docker_setup = [&#39;up --build -d&#39;], docker_cleanup = [&#39;down -v&#39;]

    @pytest.fixture(scope=containers_scope)
    def docker_services(
        docker_compose_command: str,
        docker_compose_file: Union[List[str], str],
        docker_compose_project_name: str,
        docker_setup: str,
        docker_cleanup: str,
    ) -&gt; Iterator[Services]:
        &#34;&#34;&#34;Start all services from a docker compose file (`docker-compose up`).
        After test are finished, shutdown all services (`docker-compose down`).&#34;&#34;&#34;
    
&gt;       with get_docker_services(
            docker_compose_command,
            docker_compose_file,
            docker_compose_project_name,
            docker_setup,
            docker_cleanup,
        ) as docker_service:

.venv/lib/python3.8/site-packages/pytest_docker/plugin.py:238: 
_ _ _ _ _ _ _ _ _ _ _ _ _ _ _ _ _ _ _ _ _ _ _ _ _ _ _ _ _ _ _ _ _ _ _ _ _ _ _ _ _ _ _ _ _ _ _ _ _ _ _ _ _ _ _ _ _ _ _ _ _ _ _ _ _ _ _ _ _ _ _ _ _ _ _ _ _ _ _ _ _ _ _ _ _ _ _ _ _ _ _ _ _ _ _ _ _ _ _ _ _ _ _ _ _ _
/usr/lib/python3.8/contextlib.py:113: in __enter__
    return next(self.gen)
.venv/lib/python3.8/site-packages/pytest_docker/plugin.py:212: in get_docker_services
    docker_compose.execute(command)
.venv/lib/python3.8/site-packages/pytest_docker/plugin.py:140: in execute
    return execute(command)
_ _ _ _ _ _ _ _ _ _ _ _ _ _ _ _ _ _ _ _ _ _ _ _ _ _ _ _ _ _ _ _ _ _ _ _ _ _ _ _ _ _ _ _ _ _ _ _ _ _ _ _ _ _ _ _ _ _ _ _ _ _ _ _ _ _ _ _ _ _ _ _ _ _ _ _ _ _ _ _ _ _ _ _ _ _ _ _ _ _ _ _ _ _ _ _ _ _ _ _ _ _ _ _ _ _

command = &#39;docker compose -f &#34;/home/madrid/Escritorio/SGE/SGE-odoo-project-tester/projects/docker-compose.yml&#34; -p &#34;pytest57343&#34; up --build -d&#39;, success_codes = (0,)

    def execute(command: str, success_codes: Iterable[int] = (0,)) -&gt; Union[bytes, Any]:
        &#34;&#34;&#34;Run a shell command.&#34;&#34;&#34;
        try:
            output = subprocess.check_output(command, stderr=subprocess.STDOUT, shell=True)
            status = 0
        except subprocess.CalledProcessError as error:
            output = error.output or b&#34;&#34;
            status = error.returncode
            command = error.cmd
    
        if status not in success_codes:
&gt;           raise Exception(
                &#39;Command {} returned {}: &#34;&#34;&#34;{}&#34;&#34;&#34;.&#39;.format(command, status, output.decode(&#34;utf-8&#34;))
            )
E           Exception: Command docker compose -f &#34;/home/madrid/Escritorio/SGE/SGE-odoo-project-tester/projects/docker-compose.yml&#34; -p &#34;pytest57343&#34; up --build -d returned 1: &#34;&#34;&#34;time=&#34;2025-02-26T16:27:18+01:00&#34; level=warning msg=&#34;/home/madrid/Escritorio/SGE/SGE-odoo-project-tester/projects/docker-compose.yml: `version` is obsolete&#34;
E            Network pytest57343_default  Creating
E            Network pytest57343_default  Error
E           failed to create network pytest57343_default: Error response from daemon: could not find an available, non-overlapping IPv4 address pool among the defaults to assign to the network
E           &#34;&#34;&#34;.

.venv/lib/python3.8/site-packages/pytest_docker/plugin.py:35: Exception</pre>
                        
                        

                        
                        
                        
                    </div>
                
                </div>
            </div>
            
            <div class="testclass">
                <h4>test_minimal_requirements.TestRNF9</h4>
                <div class="testcases">
                
                    <div class="test outcome outcome-failed">
                        <a id="d5fee574-cf43-4e14-b780-7fb1844c0c8f"></a>
                        <table class="proplist">
                            <tr><th>Test case:</th><td><b>test_modelos_tienen_datos_demo</b></td></tr>
                            <tr><th>Outcome:</th><td>Failed</td></tr>
                            <tr><th>Duration:</th><td>0.001 sec</td></tr>
                        
                            <tr><th>Failed</th><td>failed on setup with &#34;Exception: Command docker compose -f &#34;/home/madrid/Escritorio/SGE/SGE-odoo-project-tester/projects/docker-compose.yml&#34; -p &#34;pytest57343&#34; up --build -d returned 1: &#34;&#34;&#34;time=&#34;2025-02-26T16:27:18+01:00&#34; level=warning msg=&#34;/home/madrid/Escritorio/SGE/SGE-odoo-project-tester/projects/docker-compose.yml: `version` is obsolete&#34;
 Network pytest57343_default  Creating
 Network pytest57343_default  Error
failed to create network pytest57343_default: Error response from daemon: could not find an available, non-overlapping IPv4 address pool among the defaults to assign to the network
&#34;&#34;&#34;.&#34;</td></tr>
                        
                        
                        </table>

                        
                        <pre>docker_compose_command = &#39;docker compose&#39;, docker_compose_file = &#39;/home/madrid/Escritorio/SGE/SGE-odoo-project-tester/projects/docker-compose.yml&#39;, docker_compose_project_name = &#39;pytest57343&#39;
docker_setup = [&#39;up --build -d&#39;], docker_cleanup = [&#39;down -v&#39;]

    @pytest.fixture(scope=containers_scope)
    def docker_services(
        docker_compose_command: str,
        docker_compose_file: Union[List[str], str],
        docker_compose_project_name: str,
        docker_setup: str,
        docker_cleanup: str,
    ) -&gt; Iterator[Services]:
        &#34;&#34;&#34;Start all services from a docker compose file (`docker-compose up`).
        After test are finished, shutdown all services (`docker-compose down`).&#34;&#34;&#34;
    
&gt;       with get_docker_services(
            docker_compose_command,
            docker_compose_file,
            docker_compose_project_name,
            docker_setup,
            docker_cleanup,
        ) as docker_service:

.venv/lib/python3.8/site-packages/pytest_docker/plugin.py:238: 
_ _ _ _ _ _ _ _ _ _ _ _ _ _ _ _ _ _ _ _ _ _ _ _ _ _ _ _ _ _ _ _ _ _ _ _ _ _ _ _ _ _ _ _ _ _ _ _ _ _ _ _ _ _ _ _ _ _ _ _ _ _ _ _ _ _ _ _ _ _ _ _ _ _ _ _ _ _ _ _ _ _ _ _ _ _ _ _ _ _ _ _ _ _ _ _ _ _ _ _ _ _ _ _ _ _
/usr/lib/python3.8/contextlib.py:113: in __enter__
    return next(self.gen)
.venv/lib/python3.8/site-packages/pytest_docker/plugin.py:212: in get_docker_services
    docker_compose.execute(command)
.venv/lib/python3.8/site-packages/pytest_docker/plugin.py:140: in execute
    return execute(command)
_ _ _ _ _ _ _ _ _ _ _ _ _ _ _ _ _ _ _ _ _ _ _ _ _ _ _ _ _ _ _ _ _ _ _ _ _ _ _ _ _ _ _ _ _ _ _ _ _ _ _ _ _ _ _ _ _ _ _ _ _ _ _ _ _ _ _ _ _ _ _ _ _ _ _ _ _ _ _ _ _ _ _ _ _ _ _ _ _ _ _ _ _ _ _ _ _ _ _ _ _ _ _ _ _ _

command = &#39;docker compose -f &#34;/home/madrid/Escritorio/SGE/SGE-odoo-project-tester/projects/docker-compose.yml&#34; -p &#34;pytest57343&#34; up --build -d&#39;, success_codes = (0,)

    def execute(command: str, success_codes: Iterable[int] = (0,)) -&gt; Union[bytes, Any]:
        &#34;&#34;&#34;Run a shell command.&#34;&#34;&#34;
        try:
            output = subprocess.check_output(command, stderr=subprocess.STDOUT, shell=True)
            status = 0
        except subprocess.CalledProcessError as error:
            output = error.output or b&#34;&#34;
            status = error.returncode
            command = error.cmd
    
        if status not in success_codes:
&gt;           raise Exception(
                &#39;Command {} returned {}: &#34;&#34;&#34;{}&#34;&#34;&#34;.&#39;.format(command, status, output.decode(&#34;utf-8&#34;))
            )
E           Exception: Command docker compose -f &#34;/home/madrid/Escritorio/SGE/SGE-odoo-project-tester/projects/docker-compose.yml&#34; -p &#34;pytest57343&#34; up --build -d returned 1: &#34;&#34;&#34;time=&#34;2025-02-26T16:27:18+01:00&#34; level=warning msg=&#34;/home/madrid/Escritorio/SGE/SGE-odoo-project-tester/projects/docker-compose.yml: `version` is obsolete&#34;
E            Network pytest57343_default  Creating
E            Network pytest57343_default  Error
E           failed to create network pytest57343_default: Error response from daemon: could not find an available, non-overlapping IPv4 address pool among the defaults to assign to the network
E           &#34;&#34;&#34;.

.venv/lib/python3.8/site-packages/pytest_docker/plugin.py:35: Exception</pre>
                        
                        

                        
                        
                        
                    </div>
                
                </div>
            </div>
            
            <div class="testclass">
                <h4>test_minimal_requirements.TestRNFGit</h4>
                <div class="testcases">
                
                    <div class="test outcome outcome-failed">
                        <a id="729324bf-803a-4409-8970-11a1c5709b06"></a>
                        <table class="proplist">
                            <tr><th>Test case:</th><td><b>test_git_commit_frecuentes</b></td></tr>
                            <tr><th>Outcome:</th><td>Failed</td></tr>
                            <tr><th>Duration:</th><td>0.001 sec</td></tr>
                        
                            <tr><th>Failed</th><td>failed on setup with &#34;Exception: Command docker compose -f &#34;/home/madrid/Escritorio/SGE/SGE-odoo-project-tester/projects/docker-compose.yml&#34; -p &#34;pytest57343&#34; up --build -d returned 1: &#34;&#34;&#34;time=&#34;2025-02-26T16:27:18+01:00&#34; level=warning msg=&#34;/home/madrid/Escritorio/SGE/SGE-odoo-project-tester/projects/docker-compose.yml: `version` is obsolete&#34;
 Network pytest57343_default  Creating
 Network pytest57343_default  Error
failed to create network pytest57343_default: Error response from daemon: could not find an available, non-overlapping IPv4 address pool among the defaults to assign to the network
&#34;&#34;&#34;.&#34;</td></tr>
                        
                        
                        </table>

                        
                        <pre>docker_compose_command = &#39;docker compose&#39;, docker_compose_file = &#39;/home/madrid/Escritorio/SGE/SGE-odoo-project-tester/projects/docker-compose.yml&#39;, docker_compose_project_name = &#39;pytest57343&#39;
docker_setup = [&#39;up --build -d&#39;], docker_cleanup = [&#39;down -v&#39;]

    @pytest.fixture(scope=containers_scope)
    def docker_services(
        docker_compose_command: str,
        docker_compose_file: Union[List[str], str],
        docker_compose_project_name: str,
        docker_setup: str,
        docker_cleanup: str,
    ) -&gt; Iterator[Services]:
        &#34;&#34;&#34;Start all services from a docker compose file (`docker-compose up`).
        After test are finished, shutdown all services (`docker-compose down`).&#34;&#34;&#34;
    
&gt;       with get_docker_services(
            docker_compose_command,
            docker_compose_file,
            docker_compose_project_name,
            docker_setup,
            docker_cleanup,
        ) as docker_service:

.venv/lib/python3.8/site-packages/pytest_docker/plugin.py:238: 
_ _ _ _ _ _ _ _ _ _ _ _ _ _ _ _ _ _ _ _ _ _ _ _ _ _ _ _ _ _ _ _ _ _ _ _ _ _ _ _ _ _ _ _ _ _ _ _ _ _ _ _ _ _ _ _ _ _ _ _ _ _ _ _ _ _ _ _ _ _ _ _ _ _ _ _ _ _ _ _ _ _ _ _ _ _ _ _ _ _ _ _ _ _ _ _ _ _ _ _ _ _ _ _ _ _
/usr/lib/python3.8/contextlib.py:113: in __enter__
    return next(self.gen)
.venv/lib/python3.8/site-packages/pytest_docker/plugin.py:212: in get_docker_services
    docker_compose.execute(command)
.venv/lib/python3.8/site-packages/pytest_docker/plugin.py:140: in execute
    return execute(command)
_ _ _ _ _ _ _ _ _ _ _ _ _ _ _ _ _ _ _ _ _ _ _ _ _ _ _ _ _ _ _ _ _ _ _ _ _ _ _ _ _ _ _ _ _ _ _ _ _ _ _ _ _ _ _ _ _ _ _ _ _ _ _ _ _ _ _ _ _ _ _ _ _ _ _ _ _ _ _ _ _ _ _ _ _ _ _ _ _ _ _ _ _ _ _ _ _ _ _ _ _ _ _ _ _ _

command = &#39;docker compose -f &#34;/home/madrid/Escritorio/SGE/SGE-odoo-project-tester/projects/docker-compose.yml&#34; -p &#34;pytest57343&#34; up --build -d&#39;, success_codes = (0,)

    def execute(command: str, success_codes: Iterable[int] = (0,)) -&gt; Union[bytes, Any]:
        &#34;&#34;&#34;Run a shell command.&#34;&#34;&#34;
        try:
            output = subprocess.check_output(command, stderr=subprocess.STDOUT, shell=True)
            status = 0
        except subprocess.CalledProcessError as error:
            output = error.output or b&#34;&#34;
            status = error.returncode
            command = error.cmd
    
        if status not in success_codes:
&gt;           raise Exception(
                &#39;Command {} returned {}: &#34;&#34;&#34;{}&#34;&#34;&#34;.&#39;.format(command, status, output.decode(&#34;utf-8&#34;))
            )
E           Exception: Command docker compose -f &#34;/home/madrid/Escritorio/SGE/SGE-odoo-project-tester/projects/docker-compose.yml&#34; -p &#34;pytest57343&#34; up --build -d returned 1: &#34;&#34;&#34;time=&#34;2025-02-26T16:27:18+01:00&#34; level=warning msg=&#34;/home/madrid/Escritorio/SGE/SGE-odoo-project-tester/projects/docker-compose.yml: `version` is obsolete&#34;
E            Network pytest57343_default  Creating
E            Network pytest57343_default  Error
E           failed to create network pytest57343_default: Error response from daemon: could not find an available, non-overlapping IPv4 address pool among the defaults to assign to the network
E           &#34;&#34;&#34;.

.venv/lib/python3.8/site-packages/pytest_docker/plugin.py:35: Exception</pre>
                        
                        

                        
                        
                        
                    </div>
                
                </div>
            </div>
            
            <div class="testclass">
                <h4>test_minimal_requirements.TestRNFCalidad</h4>
                <div class="testcases">
                
                    <div class="test outcome outcome-failed">
                        <a id="3e9eba10-cfdc-4cfc-a2b8-e9507201cccf"></a>
                        <table class="proplist">
                            <tr><th>Test case:</th><td><b>test_odoo_disponible</b></td></tr>
                            <tr><th>Outcome:</th><td>Failed</td></tr>
                            <tr><th>Duration:</th><td>0.001 sec</td></tr>
                        
                            <tr><th>Failed</th><td>failed on setup with &#34;Exception: Command docker compose -f &#34;/home/madrid/Escritorio/SGE/SGE-odoo-project-tester/projects/docker-compose.yml&#34; -p &#34;pytest57343&#34; up --build -d returned 1: &#34;&#34;&#34;time=&#34;2025-02-26T16:27:18+01:00&#34; level=warning msg=&#34;/home/madrid/Escritorio/SGE/SGE-odoo-project-tester/projects/docker-compose.yml: `version` is obsolete&#34;
 Network pytest57343_default  Creating
 Network pytest57343_default  Error
failed to create network pytest57343_default: Error response from daemon: could not find an available, non-overlapping IPv4 address pool among the defaults to assign to the network
&#34;&#34;&#34;.&#34;</td></tr>
                        
                        
                        </table>

                        
                        <pre>docker_compose_command = &#39;docker compose&#39;, docker_compose_file = &#39;/home/madrid/Escritorio/SGE/SGE-odoo-project-tester/projects/docker-compose.yml&#39;, docker_compose_project_name = &#39;pytest57343&#39;
docker_setup = [&#39;up --build -d&#39;], docker_cleanup = [&#39;down -v&#39;]

    @pytest.fixture(scope=containers_scope)
    def docker_services(
        docker_compose_command: str,
        docker_compose_file: Union[List[str], str],
        docker_compose_project_name: str,
        docker_setup: str,
        docker_cleanup: str,
    ) -&gt; Iterator[Services]:
        &#34;&#34;&#34;Start all services from a docker compose file (`docker-compose up`).
        After test are finished, shutdown all services (`docker-compose down`).&#34;&#34;&#34;
    
&gt;       with get_docker_services(
            docker_compose_command,
            docker_compose_file,
            docker_compose_project_name,
            docker_setup,
            docker_cleanup,
        ) as docker_service:

.venv/lib/python3.8/site-packages/pytest_docker/plugin.py:238: 
_ _ _ _ _ _ _ _ _ _ _ _ _ _ _ _ _ _ _ _ _ _ _ _ _ _ _ _ _ _ _ _ _ _ _ _ _ _ _ _ _ _ _ _ _ _ _ _ _ _ _ _ _ _ _ _ _ _ _ _ _ _ _ _ _ _ _ _ _ _ _ _ _ _ _ _ _ _ _ _ _ _ _ _ _ _ _ _ _ _ _ _ _ _ _ _ _ _ _ _ _ _ _ _ _ _
/usr/lib/python3.8/contextlib.py:113: in __enter__
    return next(self.gen)
.venv/lib/python3.8/site-packages/pytest_docker/plugin.py:212: in get_docker_services
    docker_compose.execute(command)
.venv/lib/python3.8/site-packages/pytest_docker/plugin.py:140: in execute
    return execute(command)
_ _ _ _ _ _ _ _ _ _ _ _ _ _ _ _ _ _ _ _ _ _ _ _ _ _ _ _ _ _ _ _ _ _ _ _ _ _ _ _ _ _ _ _ _ _ _ _ _ _ _ _ _ _ _ _ _ _ _ _ _ _ _ _ _ _ _ _ _ _ _ _ _ _ _ _ _ _ _ _ _ _ _ _ _ _ _ _ _ _ _ _ _ _ _ _ _ _ _ _ _ _ _ _ _ _

command = &#39;docker compose -f &#34;/home/madrid/Escritorio/SGE/SGE-odoo-project-tester/projects/docker-compose.yml&#34; -p &#34;pytest57343&#34; up --build -d&#39;, success_codes = (0,)

    def execute(command: str, success_codes: Iterable[int] = (0,)) -&gt; Union[bytes, Any]:
        &#34;&#34;&#34;Run a shell command.&#34;&#34;&#34;
        try:
            output = subprocess.check_output(command, stderr=subprocess.STDOUT, shell=True)
            status = 0
        except subprocess.CalledProcessError as error:
            output = error.output or b&#34;&#34;
            status = error.returncode
            command = error.cmd
    
        if status not in success_codes:
&gt;           raise Exception(
                &#39;Command {} returned {}: &#34;&#34;&#34;{}&#34;&#34;&#34;.&#39;.format(command, status, output.decode(&#34;utf-8&#34;))
            )
E           Exception: Command docker compose -f &#34;/home/madrid/Escritorio/SGE/SGE-odoo-project-tester/projects/docker-compose.yml&#34; -p &#34;pytest57343&#34; up --build -d returned 1: &#34;&#34;&#34;time=&#34;2025-02-26T16:27:18+01:00&#34; level=warning msg=&#34;/home/madrid/Escritorio/SGE/SGE-odoo-project-tester/projects/docker-compose.yml: `version` is obsolete&#34;
E            Network pytest57343_default  Creating
E            Network pytest57343_default  Error
E           failed to create network pytest57343_default: Error response from daemon: could not find an available, non-overlapping IPv4 address pool among the defaults to assign to the network
E           &#34;&#34;&#34;.

.venv/lib/python3.8/site-packages/pytest_docker/plugin.py:35: Exception</pre>
                        
                        

                        
                        
                        
                    </div>
                
                    <div class="test outcome outcome-failed">
                        <a id="7b94b464-7672-4601-8051-dcafd06c27b4"></a>
                        <table class="proplist">
                            <tr><th>Test case:</th><td><b>test_app_instalada</b></td></tr>
                            <tr><th>Outcome:</th><td>Failed</td></tr>
                            <tr><th>Duration:</th><td>0.001 sec</td></tr>
                        
                            <tr><th>Failed</th><td>failed on setup with &#34;Exception: Command docker compose -f &#34;/home/madrid/Escritorio/SGE/SGE-odoo-project-tester/projects/docker-compose.yml&#34; -p &#34;pytest57343&#34; up --build -d returned 1: &#34;&#34;&#34;time=&#34;2025-02-26T16:27:18+01:00&#34; level=warning msg=&#34;/home/madrid/Escritorio/SGE/SGE-odoo-project-tester/projects/docker-compose.yml: `version` is obsolete&#34;
 Network pytest57343_default  Creating
 Network pytest57343_default  Error
failed to create network pytest57343_default: Error response from daemon: could not find an available, non-overlapping IPv4 address pool among the defaults to assign to the network
&#34;&#34;&#34;.&#34;</td></tr>
                        
                        
                        </table>

                        
                        <pre>docker_compose_command = &#39;docker compose&#39;, docker_compose_file = &#39;/home/madrid/Escritorio/SGE/SGE-odoo-project-tester/projects/docker-compose.yml&#39;, docker_compose_project_name = &#39;pytest57343&#39;
docker_setup = [&#39;up --build -d&#39;], docker_cleanup = [&#39;down -v&#39;]

    @pytest.fixture(scope=containers_scope)
    def docker_services(
        docker_compose_command: str,
        docker_compose_file: Union[List[str], str],
        docker_compose_project_name: str,
        docker_setup: str,
        docker_cleanup: str,
    ) -&gt; Iterator[Services]:
        &#34;&#34;&#34;Start all services from a docker compose file (`docker-compose up`).
        After test are finished, shutdown all services (`docker-compose down`).&#34;&#34;&#34;
    
&gt;       with get_docker_services(
            docker_compose_command,
            docker_compose_file,
            docker_compose_project_name,
            docker_setup,
            docker_cleanup,
        ) as docker_service:

.venv/lib/python3.8/site-packages/pytest_docker/plugin.py:238: 
_ _ _ _ _ _ _ _ _ _ _ _ _ _ _ _ _ _ _ _ _ _ _ _ _ _ _ _ _ _ _ _ _ _ _ _ _ _ _ _ _ _ _ _ _ _ _ _ _ _ _ _ _ _ _ _ _ _ _ _ _ _ _ _ _ _ _ _ _ _ _ _ _ _ _ _ _ _ _ _ _ _ _ _ _ _ _ _ _ _ _ _ _ _ _ _ _ _ _ _ _ _ _ _ _ _
/usr/lib/python3.8/contextlib.py:113: in __enter__
    return next(self.gen)
.venv/lib/python3.8/site-packages/pytest_docker/plugin.py:212: in get_docker_services
    docker_compose.execute(command)
.venv/lib/python3.8/site-packages/pytest_docker/plugin.py:140: in execute
    return execute(command)
_ _ _ _ _ _ _ _ _ _ _ _ _ _ _ _ _ _ _ _ _ _ _ _ _ _ _ _ _ _ _ _ _ _ _ _ _ _ _ _ _ _ _ _ _ _ _ _ _ _ _ _ _ _ _ _ _ _ _ _ _ _ _ _ _ _ _ _ _ _ _ _ _ _ _ _ _ _ _ _ _ _ _ _ _ _ _ _ _ _ _ _ _ _ _ _ _ _ _ _ _ _ _ _ _ _

command = &#39;docker compose -f &#34;/home/madrid/Escritorio/SGE/SGE-odoo-project-tester/projects/docker-compose.yml&#34; -p &#34;pytest57343&#34; up --build -d&#39;, success_codes = (0,)

    def execute(command: str, success_codes: Iterable[int] = (0,)) -&gt; Union[bytes, Any]:
        &#34;&#34;&#34;Run a shell command.&#34;&#34;&#34;
        try:
            output = subprocess.check_output(command, stderr=subprocess.STDOUT, shell=True)
            status = 0
        except subprocess.CalledProcessError as error:
            output = error.output or b&#34;&#34;
            status = error.returncode
            command = error.cmd
    
        if status not in success_codes:
&gt;           raise Exception(
                &#39;Command {} returned {}: &#34;&#34;&#34;{}&#34;&#34;&#34;.&#39;.format(command, status, output.decode(&#34;utf-8&#34;))
            )
E           Exception: Command docker compose -f &#34;/home/madrid/Escritorio/SGE/SGE-odoo-project-tester/projects/docker-compose.yml&#34; -p &#34;pytest57343&#34; up --build -d returned 1: &#34;&#34;&#34;time=&#34;2025-02-26T16:27:18+01:00&#34; level=warning msg=&#34;/home/madrid/Escritorio/SGE/SGE-odoo-project-tester/projects/docker-compose.yml: `version` is obsolete&#34;
E            Network pytest57343_default  Creating
E            Network pytest57343_default  Error
E           failed to create network pytest57343_default: Error response from daemon: could not find an available, non-overlapping IPv4 address pool among the defaults to assign to the network
E           &#34;&#34;&#34;.

.venv/lib/python3.8/site-packages/pytest_docker/plugin.py:35: Exception</pre>
                        
                        

                        
                        
                        
                    </div>
                
                    <div class="test outcome outcome-failed">
                        <a id="5f75d4f3-38e8-4e1b-9739-41869479f68a"></a>
                        <table class="proplist">
                            <tr><th>Test case:</th><td><b>test_otras_apps_entregadas_son_dependencias</b></td></tr>
                            <tr><th>Outcome:</th><td>Failed</td></tr>
                            <tr><th>Duration:</th><td>0.001 sec</td></tr>
                        
                            <tr><th>Failed</th><td>failed on setup with &#34;Exception: Command docker compose -f &#34;/home/madrid/Escritorio/SGE/SGE-odoo-project-tester/projects/docker-compose.yml&#34; -p &#34;pytest57343&#34; up --build -d returned 1: &#34;&#34;&#34;time=&#34;2025-02-26T16:27:18+01:00&#34; level=warning msg=&#34;/home/madrid/Escritorio/SGE/SGE-odoo-project-tester/projects/docker-compose.yml: `version` is obsolete&#34;
 Network pytest57343_default  Creating
 Network pytest57343_default  Error
failed to create network pytest57343_default: Error response from daemon: could not find an available, non-overlapping IPv4 address pool among the defaults to assign to the network
&#34;&#34;&#34;.&#34;</td></tr>
                        
                        
                        </table>

                        
                        <pre>docker_compose_command = &#39;docker compose&#39;, docker_compose_file = &#39;/home/madrid/Escritorio/SGE/SGE-odoo-project-tester/projects/docker-compose.yml&#39;, docker_compose_project_name = &#39;pytest57343&#39;
docker_setup = [&#39;up --build -d&#39;], docker_cleanup = [&#39;down -v&#39;]

    @pytest.fixture(scope=containers_scope)
    def docker_services(
        docker_compose_command: str,
        docker_compose_file: Union[List[str], str],
        docker_compose_project_name: str,
        docker_setup: str,
        docker_cleanup: str,
    ) -&gt; Iterator[Services]:
        &#34;&#34;&#34;Start all services from a docker compose file (`docker-compose up`).
        After test are finished, shutdown all services (`docker-compose down`).&#34;&#34;&#34;
    
&gt;       with get_docker_services(
            docker_compose_command,
            docker_compose_file,
            docker_compose_project_name,
            docker_setup,
            docker_cleanup,
        ) as docker_service:

.venv/lib/python3.8/site-packages/pytest_docker/plugin.py:238: 
_ _ _ _ _ _ _ _ _ _ _ _ _ _ _ _ _ _ _ _ _ _ _ _ _ _ _ _ _ _ _ _ _ _ _ _ _ _ _ _ _ _ _ _ _ _ _ _ _ _ _ _ _ _ _ _ _ _ _ _ _ _ _ _ _ _ _ _ _ _ _ _ _ _ _ _ _ _ _ _ _ _ _ _ _ _ _ _ _ _ _ _ _ _ _ _ _ _ _ _ _ _ _ _ _ _
/usr/lib/python3.8/contextlib.py:113: in __enter__
    return next(self.gen)
.venv/lib/python3.8/site-packages/pytest_docker/plugin.py:212: in get_docker_services
    docker_compose.execute(command)
.venv/lib/python3.8/site-packages/pytest_docker/plugin.py:140: in execute
    return execute(command)
_ _ _ _ _ _ _ _ _ _ _ _ _ _ _ _ _ _ _ _ _ _ _ _ _ _ _ _ _ _ _ _ _ _ _ _ _ _ _ _ _ _ _ _ _ _ _ _ _ _ _ _ _ _ _ _ _ _ _ _ _ _ _ _ _ _ _ _ _ _ _ _ _ _ _ _ _ _ _ _ _ _ _ _ _ _ _ _ _ _ _ _ _ _ _ _ _ _ _ _ _ _ _ _ _ _

command = &#39;docker compose -f &#34;/home/madrid/Escritorio/SGE/SGE-odoo-project-tester/projects/docker-compose.yml&#34; -p &#34;pytest57343&#34; up --build -d&#39;, success_codes = (0,)

    def execute(command: str, success_codes: Iterable[int] = (0,)) -&gt; Union[bytes, Any]:
        &#34;&#34;&#34;Run a shell command.&#34;&#34;&#34;
        try:
            output = subprocess.check_output(command, stderr=subprocess.STDOUT, shell=True)
            status = 0
        except subprocess.CalledProcessError as error:
            output = error.output or b&#34;&#34;
            status = error.returncode
            command = error.cmd
    
        if status not in success_codes:
&gt;           raise Exception(
                &#39;Command {} returned {}: &#34;&#34;&#34;{}&#34;&#34;&#34;.&#39;.format(command, status, output.decode(&#34;utf-8&#34;))
            )
E           Exception: Command docker compose -f &#34;/home/madrid/Escritorio/SGE/SGE-odoo-project-tester/projects/docker-compose.yml&#34; -p &#34;pytest57343&#34; up --build -d returned 1: &#34;&#34;&#34;time=&#34;2025-02-26T16:27:18+01:00&#34; level=warning msg=&#34;/home/madrid/Escritorio/SGE/SGE-odoo-project-tester/projects/docker-compose.yml: `version` is obsolete&#34;
E            Network pytest57343_default  Creating
E            Network pytest57343_default  Error
E           failed to create network pytest57343_default: Error response from daemon: could not find an available, non-overlapping IPv4 address pool among the defaults to assign to the network
E           &#34;&#34;&#34;.

.venv/lib/python3.8/site-packages/pytest_docker/plugin.py:35: Exception</pre>
                        
                        

                        
                        
                        
                    </div>
                
                    <div class="test outcome outcome-failed">
                        <a id="99a4e848-8b39-40d8-8bc9-fad9e1887204"></a>
                        <table class="proplist">
                            <tr><th>Test case:</th><td><b>test_no_hay_elementos_xml_comentados</b></td></tr>
                            <tr><th>Outcome:</th><td>Failed</td></tr>
                            <tr><th>Duration:</th><td>0.001 sec</td></tr>
                        
                            <tr><th>Failed</th><td>failed on setup with &#34;Exception: Command docker compose -f &#34;/home/madrid/Escritorio/SGE/SGE-odoo-project-tester/projects/docker-compose.yml&#34; -p &#34;pytest57343&#34; up --build -d returned 1: &#34;&#34;&#34;time=&#34;2025-02-26T16:27:18+01:00&#34; level=warning msg=&#34;/home/madrid/Escritorio/SGE/SGE-odoo-project-tester/projects/docker-compose.yml: `version` is obsolete&#34;
 Network pytest57343_default  Creating
 Network pytest57343_default  Error
failed to create network pytest57343_default: Error response from daemon: could not find an available, non-overlapping IPv4 address pool among the defaults to assign to the network
&#34;&#34;&#34;.&#34;</td></tr>
                        
                        
                        </table>

                        
                        <pre>docker_compose_command = &#39;docker compose&#39;, docker_compose_file = &#39;/home/madrid/Escritorio/SGE/SGE-odoo-project-tester/projects/docker-compose.yml&#39;, docker_compose_project_name = &#39;pytest57343&#39;
docker_setup = [&#39;up --build -d&#39;], docker_cleanup = [&#39;down -v&#39;]

    @pytest.fixture(scope=containers_scope)
    def docker_services(
        docker_compose_command: str,
        docker_compose_file: Union[List[str], str],
        docker_compose_project_name: str,
        docker_setup: str,
        docker_cleanup: str,
    ) -&gt; Iterator[Services]:
        &#34;&#34;&#34;Start all services from a docker compose file (`docker-compose up`).
        After test are finished, shutdown all services (`docker-compose down`).&#34;&#34;&#34;
    
&gt;       with get_docker_services(
            docker_compose_command,
            docker_compose_file,
            docker_compose_project_name,
            docker_setup,
            docker_cleanup,
        ) as docker_service:

.venv/lib/python3.8/site-packages/pytest_docker/plugin.py:238: 
_ _ _ _ _ _ _ _ _ _ _ _ _ _ _ _ _ _ _ _ _ _ _ _ _ _ _ _ _ _ _ _ _ _ _ _ _ _ _ _ _ _ _ _ _ _ _ _ _ _ _ _ _ _ _ _ _ _ _ _ _ _ _ _ _ _ _ _ _ _ _ _ _ _ _ _ _ _ _ _ _ _ _ _ _ _ _ _ _ _ _ _ _ _ _ _ _ _ _ _ _ _ _ _ _ _
/usr/lib/python3.8/contextlib.py:113: in __enter__
    return next(self.gen)
.venv/lib/python3.8/site-packages/pytest_docker/plugin.py:212: in get_docker_services
    docker_compose.execute(command)
.venv/lib/python3.8/site-packages/pytest_docker/plugin.py:140: in execute
    return execute(command)
_ _ _ _ _ _ _ _ _ _ _ _ _ _ _ _ _ _ _ _ _ _ _ _ _ _ _ _ _ _ _ _ _ _ _ _ _ _ _ _ _ _ _ _ _ _ _ _ _ _ _ _ _ _ _ _ _ _ _ _ _ _ _ _ _ _ _ _ _ _ _ _ _ _ _ _ _ _ _ _ _ _ _ _ _ _ _ _ _ _ _ _ _ _ _ _ _ _ _ _ _ _ _ _ _ _

command = &#39;docker compose -f &#34;/home/madrid/Escritorio/SGE/SGE-odoo-project-tester/projects/docker-compose.yml&#34; -p &#34;pytest57343&#34; up --build -d&#39;, success_codes = (0,)

    def execute(command: str, success_codes: Iterable[int] = (0,)) -&gt; Union[bytes, Any]:
        &#34;&#34;&#34;Run a shell command.&#34;&#34;&#34;
        try:
            output = subprocess.check_output(command, stderr=subprocess.STDOUT, shell=True)
            status = 0
        except subprocess.CalledProcessError as error:
            output = error.output or b&#34;&#34;
            status = error.returncode
            command = error.cmd
    
        if status not in success_codes:
&gt;           raise Exception(
                &#39;Command {} returned {}: &#34;&#34;&#34;{}&#34;&#34;&#34;.&#39;.format(command, status, output.decode(&#34;utf-8&#34;))
            )
E           Exception: Command docker compose -f &#34;/home/madrid/Escritorio/SGE/SGE-odoo-project-tester/projects/docker-compose.yml&#34; -p &#34;pytest57343&#34; up --build -d returned 1: &#34;&#34;&#34;time=&#34;2025-02-26T16:27:18+01:00&#34; level=warning msg=&#34;/home/madrid/Escritorio/SGE/SGE-odoo-project-tester/projects/docker-compose.yml: `version` is obsolete&#34;
E            Network pytest57343_default  Creating
E            Network pytest57343_default  Error
E           failed to create network pytest57343_default: Error response from daemon: could not find an available, non-overlapping IPv4 address pool among the defaults to assign to the network
E           &#34;&#34;&#34;.

.venv/lib/python3.8/site-packages/pytest_docker/plugin.py:35: Exception</pre>
                        
                        

                        
                        
                        
                    </div>
                
                    <div class="test outcome outcome-failed">
                        <a id="6b304370-70c6-43a2-b2c3-ea1e2a7bb1ad"></a>
                        <table class="proplist">
                            <tr><th>Test case:</th><td><b>test_no_hay_codigo_python_comentado</b></td></tr>
                            <tr><th>Outcome:</th><td>Failed</td></tr>
                            <tr><th>Duration:</th><td>0.001 sec</td></tr>
                        
                            <tr><th>Failed</th><td>failed on setup with &#34;Exception: Command docker compose -f &#34;/home/madrid/Escritorio/SGE/SGE-odoo-project-tester/projects/docker-compose.yml&#34; -p &#34;pytest57343&#34; up --build -d returned 1: &#34;&#34;&#34;time=&#34;2025-02-26T16:27:18+01:00&#34; level=warning msg=&#34;/home/madrid/Escritorio/SGE/SGE-odoo-project-tester/projects/docker-compose.yml: `version` is obsolete&#34;
 Network pytest57343_default  Creating
 Network pytest57343_default  Error
failed to create network pytest57343_default: Error response from daemon: could not find an available, non-overlapping IPv4 address pool among the defaults to assign to the network
&#34;&#34;&#34;.&#34;</td></tr>
                        
                        
                        </table>

                        
                        <pre>docker_compose_command = &#39;docker compose&#39;, docker_compose_file = &#39;/home/madrid/Escritorio/SGE/SGE-odoo-project-tester/projects/docker-compose.yml&#39;, docker_compose_project_name = &#39;pytest57343&#39;
docker_setup = [&#39;up --build -d&#39;], docker_cleanup = [&#39;down -v&#39;]

    @pytest.fixture(scope=containers_scope)
    def docker_services(
        docker_compose_command: str,
        docker_compose_file: Union[List[str], str],
        docker_compose_project_name: str,
        docker_setup: str,
        docker_cleanup: str,
    ) -&gt; Iterator[Services]:
        &#34;&#34;&#34;Start all services from a docker compose file (`docker-compose up`).
        After test are finished, shutdown all services (`docker-compose down`).&#34;&#34;&#34;
    
&gt;       with get_docker_services(
            docker_compose_command,
            docker_compose_file,
            docker_compose_project_name,
            docker_setup,
            docker_cleanup,
        ) as docker_service:

.venv/lib/python3.8/site-packages/pytest_docker/plugin.py:238: 
_ _ _ _ _ _ _ _ _ _ _ _ _ _ _ _ _ _ _ _ _ _ _ _ _ _ _ _ _ _ _ _ _ _ _ _ _ _ _ _ _ _ _ _ _ _ _ _ _ _ _ _ _ _ _ _ _ _ _ _ _ _ _ _ _ _ _ _ _ _ _ _ _ _ _ _ _ _ _ _ _ _ _ _ _ _ _ _ _ _ _ _ _ _ _ _ _ _ _ _ _ _ _ _ _ _
/usr/lib/python3.8/contextlib.py:113: in __enter__
    return next(self.gen)
.venv/lib/python3.8/site-packages/pytest_docker/plugin.py:212: in get_docker_services
    docker_compose.execute(command)
.venv/lib/python3.8/site-packages/pytest_docker/plugin.py:140: in execute
    return execute(command)
_ _ _ _ _ _ _ _ _ _ _ _ _ _ _ _ _ _ _ _ _ _ _ _ _ _ _ _ _ _ _ _ _ _ _ _ _ _ _ _ _ _ _ _ _ _ _ _ _ _ _ _ _ _ _ _ _ _ _ _ _ _ _ _ _ _ _ _ _ _ _ _ _ _ _ _ _ _ _ _ _ _ _ _ _ _ _ _ _ _ _ _ _ _ _ _ _ _ _ _ _ _ _ _ _ _

command = &#39;docker compose -f &#34;/home/madrid/Escritorio/SGE/SGE-odoo-project-tester/projects/docker-compose.yml&#34; -p &#34;pytest57343&#34; up --build -d&#39;, success_codes = (0,)

    def execute(command: str, success_codes: Iterable[int] = (0,)) -&gt; Union[bytes, Any]:
        &#34;&#34;&#34;Run a shell command.&#34;&#34;&#34;
        try:
            output = subprocess.check_output(command, stderr=subprocess.STDOUT, shell=True)
            status = 0
        except subprocess.CalledProcessError as error:
            output = error.output or b&#34;&#34;
            status = error.returncode
            command = error.cmd
    
        if status not in success_codes:
&gt;           raise Exception(
                &#39;Command {} returned {}: &#34;&#34;&#34;{}&#34;&#34;&#34;.&#39;.format(command, status, output.decode(&#34;utf-8&#34;))
            )
E           Exception: Command docker compose -f &#34;/home/madrid/Escritorio/SGE/SGE-odoo-project-tester/projects/docker-compose.yml&#34; -p &#34;pytest57343&#34; up --build -d returned 1: &#34;&#34;&#34;time=&#34;2025-02-26T16:27:18+01:00&#34; level=warning msg=&#34;/home/madrid/Escritorio/SGE/SGE-odoo-project-tester/projects/docker-compose.yml: `version` is obsolete&#34;
E            Network pytest57343_default  Creating
E            Network pytest57343_default  Error
E           failed to create network pytest57343_default: Error response from daemon: could not find an available, non-overlapping IPv4 address pool among the defaults to assign to the network
E           &#34;&#34;&#34;.

.venv/lib/python3.8/site-packages/pytest_docker/plugin.py:35: Exception</pre>
                        
                        

                        
                        
                        
                    </div>
                
                    <div class="test outcome outcome-failed">
                        <a id="68d87779-4d05-4b3b-b1e1-c3942c9a3452"></a>
                        <table class="proplist">
                            <tr><th>Test case:</th><td><b>test_log_servidor_sin_errores</b></td></tr>
                            <tr><th>Outcome:</th><td>Failed</td></tr>
                            <tr><th>Duration:</th><td>0.001 sec</td></tr>
                        
                            <tr><th>Failed</th><td>failed on setup with &#34;Exception: Command docker compose -f &#34;/home/madrid/Escritorio/SGE/SGE-odoo-project-tester/projects/docker-compose.yml&#34; -p &#34;pytest57343&#34; up --build -d returned 1: &#34;&#34;&#34;time=&#34;2025-02-26T16:27:18+01:00&#34; level=warning msg=&#34;/home/madrid/Escritorio/SGE/SGE-odoo-project-tester/projects/docker-compose.yml: `version` is obsolete&#34;
 Network pytest57343_default  Creating
 Network pytest57343_default  Error
failed to create network pytest57343_default: Error response from daemon: could not find an available, non-overlapping IPv4 address pool among the defaults to assign to the network
&#34;&#34;&#34;.&#34;</td></tr>
                        
                        
                        </table>

                        
                        <pre>docker_compose_command = &#39;docker compose&#39;, docker_compose_file = &#39;/home/madrid/Escritorio/SGE/SGE-odoo-project-tester/projects/docker-compose.yml&#39;, docker_compose_project_name = &#39;pytest57343&#39;
docker_setup = [&#39;up --build -d&#39;], docker_cleanup = [&#39;down -v&#39;]

    @pytest.fixture(scope=containers_scope)
    def docker_services(
        docker_compose_command: str,
        docker_compose_file: Union[List[str], str],
        docker_compose_project_name: str,
        docker_setup: str,
        docker_cleanup: str,
    ) -&gt; Iterator[Services]:
        &#34;&#34;&#34;Start all services from a docker compose file (`docker-compose up`).
        After test are finished, shutdown all services (`docker-compose down`).&#34;&#34;&#34;
    
&gt;       with get_docker_services(
            docker_compose_command,
            docker_compose_file,
            docker_compose_project_name,
            docker_setup,
            docker_cleanup,
        ) as docker_service:

.venv/lib/python3.8/site-packages/pytest_docker/plugin.py:238: 
_ _ _ _ _ _ _ _ _ _ _ _ _ _ _ _ _ _ _ _ _ _ _ _ _ _ _ _ _ _ _ _ _ _ _ _ _ _ _ _ _ _ _ _ _ _ _ _ _ _ _ _ _ _ _ _ _ _ _ _ _ _ _ _ _ _ _ _ _ _ _ _ _ _ _ _ _ _ _ _ _ _ _ _ _ _ _ _ _ _ _ _ _ _ _ _ _ _ _ _ _ _ _ _ _ _
/usr/lib/python3.8/contextlib.py:113: in __enter__
    return next(self.gen)
.venv/lib/python3.8/site-packages/pytest_docker/plugin.py:212: in get_docker_services
    docker_compose.execute(command)
.venv/lib/python3.8/site-packages/pytest_docker/plugin.py:140: in execute
    return execute(command)
_ _ _ _ _ _ _ _ _ _ _ _ _ _ _ _ _ _ _ _ _ _ _ _ _ _ _ _ _ _ _ _ _ _ _ _ _ _ _ _ _ _ _ _ _ _ _ _ _ _ _ _ _ _ _ _ _ _ _ _ _ _ _ _ _ _ _ _ _ _ _ _ _ _ _ _ _ _ _ _ _ _ _ _ _ _ _ _ _ _ _ _ _ _ _ _ _ _ _ _ _ _ _ _ _ _

command = &#39;docker compose -f &#34;/home/madrid/Escritorio/SGE/SGE-odoo-project-tester/projects/docker-compose.yml&#34; -p &#34;pytest57343&#34; up --build -d&#39;, success_codes = (0,)

    def execute(command: str, success_codes: Iterable[int] = (0,)) -&gt; Union[bytes, Any]:
        &#34;&#34;&#34;Run a shell command.&#34;&#34;&#34;
        try:
            output = subprocess.check_output(command, stderr=subprocess.STDOUT, shell=True)
            status = 0
        except subprocess.CalledProcessError as error:
            output = error.output or b&#34;&#34;
            status = error.returncode
            command = error.cmd
    
        if status not in success_codes:
&gt;           raise Exception(
                &#39;Command {} returned {}: &#34;&#34;&#34;{}&#34;&#34;&#34;.&#39;.format(command, status, output.decode(&#34;utf-8&#34;))
            )
E           Exception: Command docker compose -f &#34;/home/madrid/Escritorio/SGE/SGE-odoo-project-tester/projects/docker-compose.yml&#34; -p &#34;pytest57343&#34; up --build -d returned 1: &#34;&#34;&#34;time=&#34;2025-02-26T16:27:18+01:00&#34; level=warning msg=&#34;/home/madrid/Escritorio/SGE/SGE-odoo-project-tester/projects/docker-compose.yml: `version` is obsolete&#34;
E            Network pytest57343_default  Creating
E            Network pytest57343_default  Error
E           failed to create network pytest57343_default: Error response from daemon: could not find an available, non-overlapping IPv4 address pool among the defaults to assign to the network
E           &#34;&#34;&#34;.

.venv/lib/python3.8/site-packages/pytest_docker/plugin.py:35: Exception</pre>
                        
                        

                        
                        
                        
                    </div>
                
                </div>
            </div>
            
            <div class="testclass">
                <h4>test_minimal_requirements.TestOtros</h4>
                <div class="testcases">
                
                    <div class="test outcome outcome-skipped">
                        <a id="3a4fc8b2-75de-401a-b292-acde12d95d70"></a>
                        <table class="proplist">
                            <tr><th>Test case:</th><td><b>test_log_sin_warnings</b></td></tr>
                            <tr><th>Outcome:</th><td>Skipped</td></tr>
                            <tr><th>Duration:</th><td>0.001 sec</td></tr>
                        
                        
                            <tr><th>Skipped</th><td></td></tr>
                        
                        </table>

                        
                        
                        <pre>skipped</pre>
                        

                        
                        
                        
                    </div>
                
                </div>
            </div>
            
            <div class="testclass">
                <h4>test_minimal_requirements.TestRNFAdicionalesKanban</h4>
                <div class="testcases">
                
                    <div class="test outcome outcome-skipped">
                        <a id="3c8a9dee-9b98-4e4a-a170-7aab332888e5"></a>
                        <table class="proplist">
                            <tr><th>Test case:</th><td><b>test_vista_kanban[/kanban]</b></td></tr>
                            <tr><th>Outcome:</th><td>Skipped</td></tr>
                            <tr><th>Duration:</th><td>0.001 sec</td></tr>
                        
                        
                            <tr><th>Skipped</th><td></td></tr>
                        
                        </table>

                        
                        
                        <pre>skipped</pre>
                        

                        
                        
                        
                    </div>
                
                    <div class="test outcome outcome-skipped">
                        <a id="01737e6a-9737-4f26-9ad7-ef674bceba78"></a>
                        <table class="proplist">
                            <tr><th>Test case:</th><td><b>test_vista_kanban[/kanban[@default_group_by]]</b></td></tr>
                            <tr><th>Outcome:</th><td>Skipped</td></tr>
                            <tr><th>Duration:</th><td>0.001 sec</td></tr>
                        
                        
                            <tr><th>Skipped</th><td></td></tr>
                        
                        </table>

                        
                        
                        <pre>skipped</pre>
                        

                        
                        
                        
                    </div>
                
                    <div class="test outcome outcome-skipped">
                        <a id="ddc21172-c4de-483c-b5f4-cd019623248c"></a>
                        <table class="proplist">
                            <tr><th>Test case:</th><td><b>test_vista_kanban_imagen[/img]</b></td></tr>
                            <tr><th>Outcome:</th><td>Skipped</td></tr>
                            <tr><th>Duration:</th><td>0.001 sec</td></tr>
                        
                        
                            <tr><th>Skipped</th><td></td></tr>
                        
                        </table>

                        
                        
                        <pre>skipped</pre>
                        

                        
                        
                        
                    </div>
                
                    <div class="test outcome outcome-skipped">
                        <a id="598a9d61-d5ec-4d93-8407-6c6734db8894"></a>
                        <table class="proplist">
                            <tr><th>Test case:</th><td><b>test_vista_kanban_imagen[/field[@preview_image]]</b></td></tr>
                            <tr><th>Outcome:</th><td>Skipped</td></tr>
                            <tr><th>Duration:</th><td>0.001 sec</td></tr>
                        
                        
                            <tr><th>Skipped</th><td></td></tr>
                        
                        </table>

                        
                        
                        <pre>skipped</pre>
                        

                        
                        
                        
                    </div>
                
                    <div class="test outcome outcome-skipped">
                        <a id="4eb7b035-6394-416c-ab7a-6f1d349bb19d"></a>
                        <table class="proplist">
                            <tr><th>Test case:</th><td><b>test_vista_kanban_imagen[/field[@widget=&#34;image&#34;]]</b></td></tr>
                            <tr><th>Outcome:</th><td>Skipped</td></tr>
                            <tr><th>Duration:</th><td>0.001 sec</td></tr>
                        
                        
                            <tr><th>Skipped</th><td></td></tr>
                        
                        </table>

                        
                        
                        <pre>skipped</pre>
                        

                        
                        
                        
                    </div>
                
                </div>
            </div>
            
            <div class="testclass">
                <h4>test_minimal_requirements.TestRNFAdicionalesBusqueda</h4>
                <div class="testcases">
                
                    <div class="test outcome outcome-skipped">
                        <a id="2b50c99f-8194-46e0-a45e-2aef693568f9"></a>
                        <table class="proplist">
                            <tr><th>Test case:</th><td><b>test_vista_search[/search]</b></td></tr>
                            <tr><th>Outcome:</th><td>Skipped</td></tr>
                            <tr><th>Duration:</th><td>0.001 sec</td></tr>
                        
                        
                            <tr><th>Skipped</th><td></td></tr>
                        
                        </table>

                        
                        
                        <pre>skipped</pre>
                        

                        
                        
                        
                    </div>
                
                    <div class="test outcome outcome-skipped">
                        <a id="affe1fb5-8415-40c9-a765-40c691917072"></a>
                        <table class="proplist">
                            <tr><th>Test case:</th><td><b>test_vista_search_compleja[/filter[@domain]]</b></td></tr>
                            <tr><th>Outcome:</th><td>Skipped</td></tr>
                            <tr><th>Duration:</th><td>0.001 sec</td></tr>
                        
                        
                            <tr><th>Skipped</th><td></td></tr>
                        
                        </table>

                        
                        
                        <pre>skipped</pre>
                        

                        
                        
                        
                    </div>
                
                    <div class="test outcome outcome-skipped">
                        <a id="9bbe93b5-22ce-4514-b94f-e5d5bd9e239c"></a>
                        <table class="proplist">
                            <tr><th>Test case:</th><td><b>test_vista_search_compleja[/group//filter[@context]]</b></td></tr>
                            <tr><th>Outcome:</th><td>Skipped</td></tr>
                            <tr><th>Duration:</th><td>0.001 sec</td></tr>
                        
                        
                            <tr><th>Skipped</th><td></td></tr>
                        
                        </table>

                        
                        
                        <pre>skipped</pre>
                        

                        
                        
                        
                    </div>
                
                </div>
            </div>
            
            <div class="testclass">
                <h4>test_minimal_requirements.TestRNFAdicionalesOtrasVistas</h4>
                <div class="testcases">
                
                    <div class="test outcome outcome-skipped">
                        <a id="3403d336-15cc-4d72-94ec-ff8a122851bd"></a>
                        <table class="proplist">
                            <tr><th>Test case:</th><td><b>test_otras_vistas_adicionales[activity]</b></td></tr>
                            <tr><th>Outcome:</th><td>Skipped</td></tr>
                            <tr><th>Duration:</th><td>0.001 sec</td></tr>
                        
                        
                            <tr><th>Skipped</th><td></td></tr>
                        
                        </table>

                        
                        
                        <pre>skipped</pre>
                        

                        
                        
                        
                    </div>
                
                    <div class="test outcome outcome-skipped">
                        <a id="91ff3ea9-56d1-4391-a39b-8b30f97df9cf"></a>
                        <table class="proplist">
                            <tr><th>Test case:</th><td><b>test_otras_vistas_adicionales[calendar]</b></td></tr>
                            <tr><th>Outcome:</th><td>Skipped</td></tr>
                            <tr><th>Duration:</th><td>0.001 sec</td></tr>
                        
                        
                            <tr><th>Skipped</th><td></td></tr>
                        
                        </table>

                        
                        
                        <pre>skipped</pre>
                        

                        
                        
                        
                    </div>
                
                    <div class="test outcome outcome-skipped">
                        <a id="eb3b611b-8a81-4ecc-b8f9-0a916e34f739"></a>
                        <table class="proplist">
                            <tr><th>Test case:</th><td><b>test_otras_vistas_adicionales[graph]</b></td></tr>
                            <tr><th>Outcome:</th><td>Skipped</td></tr>
                            <tr><th>Duration:</th><td>0.001 sec</td></tr>
                        
                        
                            <tr><th>Skipped</th><td></td></tr>
                        
                        </table>

                        
                        
                        <pre>skipped</pre>
                        

                        
                        
                        
                    </div>
                
                    <div class="test outcome outcome-skipped">
                        <a id="a05eeaec-1be8-4340-8e16-556bef9989da"></a>
                        <table class="proplist">
                            <tr><th>Test case:</th><td><b>test_otras_vistas_adicionales[pivot]</b></td></tr>
                            <tr><th>Outcome:</th><td>Skipped</td></tr>
                            <tr><th>Duration:</th><td>0.001 sec</td></tr>
                        
                        
                            <tr><th>Skipped</th><td></td></tr>
                        
                        </table>

                        
                        
                        <pre>skipped</pre>
                        

                        
                        
                        
                    </div>
                
                </div>
            </div>
            
            <div class="testclass">
                <h4>test_minimal_requirements.TestRNFAdicionalesConstraints</h4>
                <div class="testcases">
                
                    <div class="test outcome outcome-skipped">
                        <a id="08425b18-acbc-49af-860a-2178b5c8390a"></a>
                        <table class="proplist">
                            <tr><th>Test case:</th><td><b>test_constraints_sql</b></td></tr>
                            <tr><th>Outcome:</th><td>Skipped</td></tr>
                            <tr><th>Duration:</th><td>0.001 sec</td></tr>
                        
                        
                            <tr><th>Skipped</th><td></td></tr>
                        
                        </table>

                        
                        
                        <pre>skipped</pre>
                        

                        
                        
                        
                    </div>
                
                </div>
            </div>
            
            <div class="testclass">
                <h4>test_minimal_requirements.TestRNFAdicionalesSeguridadAvanzada</h4>
                <div class="testcases">
                
                    <div class="test outcome outcome-skipped">
                        <a id="982088bb-46ed-4421-8f77-fc050c398adc"></a>
                        <table class="proplist">
                            <tr><th>Test case:</th><td><b>test_seguridad_con_grupos_propios</b></td></tr>
                            <tr><th>Outcome:</th><td>Skipped</td></tr>
                            <tr><th>Duration:</th><td>0.001 sec</td></tr>
                        
                        
                            <tr><th>Skipped</th><td></td></tr>
                        
                        </table>

                        
                        
                        <pre>skipped</pre>
                        

                        
                        
                        
                    </div>
                
                </div>
            </div>
            
            <div class="testclass">
                <h4>test_minimal_requirements.TestRNFAdicionalesDatosAvanzados</h4>
                <div class="testcases">
                
                    <div class="test outcome outcome-skipped">
                        <a id="bdff2e36-4f17-40c8-bb48-7a1f4c681681"></a>
                        <table class="proplist">
                            <tr><th>Test case:</th><td><b>test_datos_maestros_o_demo_avanzados[binary]</b></td></tr>
                            <tr><th>Outcome:</th><td>Skipped</td></tr>
                            <tr><th>Duration:</th><td>0.001 sec</td></tr>
                        
                        
                            <tr><th>Skipped</th><td></td></tr>
                        
                        </table>

                        
                        
                        <pre>skipped</pre>
                        

                        
                        
                        
                    </div>
                
                    <div class="test outcome outcome-skipped">
                        <a id="cd319314-0c39-4862-97ce-62183d20e92b"></a>
                        <table class="proplist">
                            <tr><th>Test case:</th><td><b>test_datos_maestros_o_demo_avanzados[many2many]</b></td></tr>
                            <tr><th>Outcome:</th><td>Skipped</td></tr>
                            <tr><th>Duration:</th><td>0.001 sec</td></tr>
                        
                        
                            <tr><th>Skipped</th><td></td></tr>
                        
                        </table>

                        
                        
                        <pre>skipped</pre>
                        

                        
                        
                        
                    </div>
                
                    <div class="test outcome outcome-skipped">
                        <a id="25a92db1-76f3-42c4-9c1c-b8c9702ebf91"></a>
                        <table class="proplist">
                            <tr><th>Test case:</th><td><b>test_datos_maestros_o_demo_avanzados[many2one]</b></td></tr>
                            <tr><th>Outcome:</th><td>Skipped</td></tr>
                            <tr><th>Duration:</th><td>0.001 sec</td></tr>
                        
                        
                            <tr><th>Skipped</th><td></td></tr>
                        
                        </table>

                        
                        
                        <pre>skipped</pre>
                        

                        
                        
                        
                    </div>
                
                </div>
            </div>
            
            <div class="testclass">
                <h4>test_minimal_requirements.TestRNFAdicionalesHerenciaVistas</h4>
                <div class="testcases">
                
                    <div class="test outcome outcome-skipped">
                        <a id="4c66650e-7202-4c6f-b756-f6cb44e6b65b"></a>
                        <table class="proplist">
                            <tr><th>Test case:</th><td><b>test_herencia_en_vistas_con_position</b></td></tr>
                            <tr><th>Outcome:</th><td>Skipped</td></tr>
                            <tr><th>Duration:</th><td>0.001 sec</td></tr>
                        
                        
                            <tr><th>Skipped</th><td></td></tr>
                        
                        </table>

                        
                        
                        <pre>skipped</pre>
                        

                        
                        
                        
                    </div>
                
                    <div class="test outcome outcome-skipped">
                        <a id="b502f75f-1595-471b-b46b-229388780fee"></a>
                        <table class="proplist">
                            <tr><th>Test case:</th><td><b>test_herencia_en_vistas_con_inherit_id</b></td></tr>
                            <tr><th>Outcome:</th><td>Skipped</td></tr>
                            <tr><th>Duration:</th><td>0.001 sec</td></tr>
                        
                        
                            <tr><th>Skipped</th><td></td></tr>
                        
                        </table>

                        
                        
                        <pre>skipped</pre>
                        

                        
                        
                        
                    </div>
                
                </div>
            </div>
            
            <div class="testclass">
                <h4>test_minimal_requirements.TestRNFAdicionalesHerenciaModelos</h4>
                <div class="testcases">
                
                    <div class="test outcome outcome-skipped">
                        <a id="9422e2cf-739f-447a-ba2c-fc278ee1cc70"></a>
                        <table class="proplist">
                            <tr><th>Test case:</th><td><b>test_modelos_existentes_modificados_por_herencia</b></td></tr>
                            <tr><th>Outcome:</th><td>Skipped</td></tr>
                            <tr><th>Duration:</th><td>0.001 sec</td></tr>
                        
                        
                            <tr><th>Skipped</th><td></td></tr>
                        
                        </table>

                        
                        
                        <pre>skipped</pre>
                        

                        
                        
                        
                    </div>
                
                    <div class="test outcome outcome-skipped">
                        <a id="fa463be6-3215-4eac-9023-adbcccb9e99c"></a>
                        <table class="proplist">
                            <tr><th>Test case:</th><td><b>test_nuevos_modelos_con_herencia</b></td></tr>
                            <tr><th>Outcome:</th><td>Skipped</td></tr>
                            <tr><th>Duration:</th><td>0.001 sec</td></tr>
                        
                        
                            <tr><th>Skipped</th><td></td></tr>
                        
                        </table>

                        
                        
                        <pre>skipped</pre>
                        

                        
                        
                        
                    </div>
                
                </div>
            </div>
            
            <div class="testclass">
                <h4>test_minimal_requirements.TestRNFAdicionalesTraducciones</h4>
                <div class="testcases">
                
                    <div class="test outcome outcome-skipped">
                        <a id="891c8e8c-cccf-4598-8101-b0f5e819848a"></a>
                        <table class="proplist">
                            <tr><th>Test case:</th><td><b>test_i18n</b></td></tr>
                            <tr><th>Outcome:</th><td>Skipped</td></tr>
                            <tr><th>Duration:</th><td>0.001 sec</td></tr>
                        
                        
                            <tr><th>Skipped</th><td></td></tr>
                        
                        </table>

                        
                        
                        <pre>skipped</pre>
                        

                        
                        
                        
                    </div>
                
                </div>
            </div>
            
            <div class="testclass">
                <h4>test_minimal_requirements.TestRNFAdicionalesInformes</h4>
                <div class="testcases">
                
                    <div class="test outcome outcome-skipped">
                        <a id="cff75e21-2715-44b5-bbc6-1af929c8425a"></a>
                        <table class="proplist">
                            <tr><th>Test case:</th><td><b>test_informes[report]</b></td></tr>
                            <tr><th>Outcome:</th><td>Skipped</td></tr>
                            <tr><th>Duration:</th><td>0.001 sec</td></tr>
                        
                        
                            <tr><th>Skipped</th><td></td></tr>
                        
                        </table>

                        
                        
                        <pre>skipped</pre>
                        

                        
                        
                        
                    </div>
                
                    <div class="test outcome outcome-skipped">
                        <a id="9145790b-f05c-48e3-9680-f566af7413d3"></a>
                        <table class="proplist">
                            <tr><th>Test case:</th><td><b>test_informes[template]</b></td></tr>
                            <tr><th>Outcome:</th><td>Skipped</td></tr>
                            <tr><th>Duration:</th><td>0.001 sec</td></tr>
                        
                        
                            <tr><th>Skipped</th><td></td></tr>
                        
                        </table>

                        
                        
                        <pre>skipped</pre>
                        

                        
                        
                        
                    </div>
                
                    <div class="test outcome outcome-skipped">
                        <a id="a779c50d-777c-4db9-9e69-91316fc2b0d9"></a>
                        <table class="proplist">
                            <tr><th>Test case:</th><td><b>test_informes_complejos[/t[@t-foreach]]</b></td></tr>
                            <tr><th>Outcome:</th><td>Skipped</td></tr>
                            <tr><th>Duration:</th><td>0.001 sec</td></tr>
                        
                        
                            <tr><th>Skipped</th><td></td></tr>
                        
                        </table>

                        
                        
                        <pre>skipped</pre>
                        

                        
                        
                        
                    </div>
                
                    <div class="test outcome outcome-skipped">
                        <a id="d13d7b62-1df0-4cda-964a-6e8976ad6c1d"></a>
                        <table class="proplist">
                            <tr><th>Test case:</th><td><b>test_informes_complejos[/img[@t-att-src]]</b></td></tr>
                            <tr><th>Outcome:</th><td>Skipped</td></tr>
                            <tr><th>Duration:</th><td>0.001 sec</td></tr>
                        
                        
                            <tr><th>Skipped</th><td></td></tr>
                        
                        </table>

                        
                        
                        <pre>skipped</pre>
                        

                        
                        
                        
                    </div>
                
                    <div class="test outcome outcome-skipped">
                        <a id="905e3eee-f4b6-43d7-b246-7bbe3c4e4043"></a>
                        <table class="proplist">
                            <tr><th>Test case:</th><td><b>test_informes_complejos[/t[@t-call and not(@t-call=&#34;web.external_layout&#34; or @t-call=&#34;web.html_container&#34;)]]</b></td></tr>
                            <tr><th>Outcome:</th><td>Skipped</td></tr>
                            <tr><th>Duration:</th><td>0.001 sec</td></tr>
                        
                        
                            <tr><th>Skipped</th><td></td></tr>
                        
                        </table>

                        
                        
                        <pre>skipped</pre>
                        

                        
                        
                        
                    </div>
                
                </div>
            </div>
            
            <div class="testclass">
                <h4>test_minimal_requirements.TestRNFAdicionalesChatter</h4>
                <div class="testcases">
                
                    <div class="test outcome outcome-skipped">
                        <a id="c737a622-5413-476d-86e1-0f083b7092a1"></a>
                        <table class="proplist">
                            <tr><th>Test case:</th><td><b>test_chatter[mail_thread]</b></td></tr>
                            <tr><th>Outcome:</th><td>Skipped</td></tr>
                            <tr><th>Duration:</th><td>0.001 sec</td></tr>
                        
                        
                            <tr><th>Skipped</th><td></td></tr>
                        
                        </table>

                        
                        
                        <pre>skipped</pre>
                        

                        
                        
                        
                    </div>
                
                    <div class="test outcome outcome-skipped">
                        <a id="4e64e7ad-b3f8-4e15-a321-b0d6d17ff120"></a>
                        <table class="proplist">
                            <tr><th>Test case:</th><td><b>test_chatter[mail_activity_mixin]</b></td></tr>
                            <tr><th>Outcome:</th><td>Skipped</td></tr>
                            <tr><th>Duration:</th><td>0.001 sec</td></tr>
                        
                        
                            <tr><th>Skipped</th><td></td></tr>
                        
                        </table>

                        
                        
                        <pre>skipped</pre>
                        

                        
                        
                        
                    </div>
                
                    <div class="test outcome outcome-skipped">
                        <a id="0652a67d-0860-4590-a776-cf9539c6c278"></a>
                        <table class="proplist">
                            <tr><th>Test case:</th><td><b>test_chatter_tracking</b></td></tr>
                            <tr><th>Outcome:</th><td>Skipped</td></tr>
                            <tr><th>Duration:</th><td>0.001 sec</td></tr>
                        
                        
                            <tr><th>Skipped</th><td></td></tr>
                        
                        </table>

                        
                        
                        <pre>skipped</pre>
                        

                        
                        
                        
                    </div>
                
                    <div class="test outcome outcome-skipped">
                        <a id="028243bd-47fa-4635-ab53-3edb1739f46a"></a>
                        <table class="proplist">
                            <tr><th>Test case:</th><td><b>test_vista_chatter_div</b></td></tr>
                            <tr><th>Outcome:</th><td>Skipped</td></tr>
                            <tr><th>Duration:</th><td>0.001 sec</td></tr>
                        
                        
                            <tr><th>Skipped</th><td></td></tr>
                        
                        </table>

                        
                        
                        <pre>skipped</pre>
                        

                        
                        
                        
                    </div>
                
                    <div class="test outcome outcome-skipped">
                        <a id="c7ff0b7e-8fb9-4aab-a637-1a94d93245d6"></a>
                        <table class="proplist">
                            <tr><th>Test case:</th><td><b>test_vista_chatter_fields[.//field[@name=&#34;message_follower_ids&#34;]]</b></td></tr>
                            <tr><th>Outcome:</th><td>Skipped</td></tr>
                            <tr><th>Duration:</th><td>0.001 sec</td></tr>
                        
                        
                            <tr><th>Skipped</th><td></td></tr>
                        
                        </table>

                        
                        
                        <pre>skipped</pre>
                        

                        
                        
                        
                    </div>
                
                    <div class="test outcome outcome-skipped">
                        <a id="850eb17b-d760-4cfe-a33c-685189bb1e40"></a>
                        <table class="proplist">
                            <tr><th>Test case:</th><td><b>test_vista_chatter_fields[.//field[@name=&#34;activity_ids&#34;]]</b></td></tr>
                            <tr><th>Outcome:</th><td>Skipped</td></tr>
                            <tr><th>Duration:</th><td>0.001 sec</td></tr>
                        
                        
                            <tr><th>Skipped</th><td></td></tr>
                        
                        </table>

                        
                        
                        <pre>skipped</pre>
                        

                        
                        
                        
                    </div>
                
                    <div class="test outcome outcome-skipped">
                        <a id="2ae56be7-a4cc-49ef-ba37-7decfc74cbf2"></a>
                        <table class="proplist">
                            <tr><th>Test case:</th><td><b>test_vista_chatter_fields[.//field[@name=&#34;message_ids&#34;]]</b></td></tr>
                            <tr><th>Outcome:</th><td>Skipped</td></tr>
                            <tr><th>Duration:</th><td>0.001 sec</td></tr>
                        
                        
                            <tr><th>Skipped</th><td></td></tr>
                        
                        </table>

                        
                        
                        <pre>skipped</pre>
                        

                        
                        
                        
                    </div>
                
                    <div class="test outcome outcome-skipped">
                        <a id="e4936ab6-3e43-48f4-8e17-40abee82808f"></a>
                        <table class="proplist">
                            <tr><th>Test case:</th><td><b>test_vista_chatter_fields[.//field[@widget=&#34;mail_followers&#34;]]</b></td></tr>
                            <tr><th>Outcome:</th><td>Skipped</td></tr>
                            <tr><th>Duration:</th><td>0.001 sec</td></tr>
                        
                        
                            <tr><th>Skipped</th><td></td></tr>
                        
                        </table>

                        
                        
                        <pre>skipped</pre>
                        

                        
                        
                        
                    </div>
                
                    <div class="test outcome outcome-skipped">
                        <a id="faf460bd-79ce-4ebf-9d11-966e9d33f4fc"></a>
                        <table class="proplist">
                            <tr><th>Test case:</th><td><b>test_vista_chatter_fields[.//field[@widget=&#34;mail_thread&#34;]]</b></td></tr>
                            <tr><th>Outcome:</th><td>Skipped</td></tr>
                            <tr><th>Duration:</th><td>0.001 sec</td></tr>
                        
                        
                            <tr><th>Skipped</th><td></td></tr>
                        
                        </table>

                        
                        
                        <pre>skipped</pre>
                        

                        
                        
                        
                    </div>
                
                    <div class="test outcome outcome-skipped">
                        <a id="ed77de53-c0c1-43ef-ae0a-daf4a4ecc5f2"></a>
                        <table class="proplist">
                            <tr><th>Test case:</th><td><b>test_vista_chatter_fields[.//field[@widget=&#34;mail_activity&#34;]]</b></td></tr>
                            <tr><th>Outcome:</th><td>Skipped</td></tr>
                            <tr><th>Duration:</th><td>0.013 sec</td></tr>
                        
                        
                            <tr><th>Skipped</th><td></td></tr>
                        
                        </table>

                        
                        
                        <pre>skipped</pre>
                        

                        
                        
                        
                    </div>
                
                </div>
            </div>
            
        </div>
    </div>
    



<p class="footer">
    Generated by junit2html
</p>
</body>
</html>