<!DOCTYPE html>
<html lang="en">
<head>
    <meta charset="UTF-8">
    <title>nfp_reciclaje-pytest.xml</title>
    <style type="text/css">
        body {
    background-color: white;
    padding-bottom: 20em;
    margin: 0;
    min-height: 15cm;
}

h1, h2, h3, h4, h5, h6, h7 {
    font-family: sans-serif;
}

h1 {
    background-color: #007acc;
    color: white;
    padding: 3mm;
    margin-top: 0;
    margin-bottom: 1mm;
}

.footer {
    font-style: italic;
    font-size: small;
    text-align: right;
    padding: 1em;
}

.testsuite {
    padding-bottom: 2em;
    margin-left: 1em;
}

.proplist {
    width: 100%;
    margin-bottom: 2em;
    border-collapse: collapse;
    border: 1px solid grey;
}

.proplist th {
    background-color: silver;
    width: 5em;
    padding: 2px;
    padding-right: 1em;
    text-align: left;
}

.proplist td {
    padding: 2px;
}

.index-table {
    width: 90%;
    margin-left: 1em;
}

.index-table td {
    vertical-align: top;
    max-width: 200px;
    word-wrap: break-word;
}

.failure-index {

}

.toc {
    margin-bottom: 2em;
    font-family: monospace;
}

.stdio, pre {
    min-height: 1em;
    background-color: #1e1e1e;
    color: silver;
    padding: 0.5em;
}
.tdpre {
    background-color: #1e1e1e;
}

.test {
    margin-left: 0.5cm;
}

.outcome {
    border-left: 1em;
    padding: 2px;
}

.outcome-failed {
    border-left: 1em solid lightcoral;
}

.outcome-passed {
    border-left: 1em solid lightgreen;
}

.outcome-skipped {
    border-left: 1em dotted silver;
}

.stats-table {
}

.stats-table td {
    min-width: 4em;
    text-align: right;
}

.stats-table .failed {
    background-color: lightcoral;
}

.stats-table .passed {
    background-color: lightgreen;
}

.matrix-table {
    table-layout: fixed;
    border-spacing: 0;
    width: available;
    margin-left: 1em;
}

.matrix-table td {
    vertical-align: center;
}

.matrix-table td:last-child {
    width: 0;
}

.matrix-table tr:hover {
    background-color: yellow;
}

.matrix-axis-name {
    white-space: nowrap;
    padding-right: 0.5em;
    border-left: 1px solid black;
    border-top: 1px solid black;
    text-align: right;
}

.matrix-axis-line {
    border-left: 1px solid black;
    width: 0.5em;
}

.matrix-classname {
    text-align: left;
    width: 100%;
    border-top: 2px solid grey;
    border-bottom: 1px solid silver;
}

.matrix-casename {
    text-align: left;
    font-weight: normal;
    font-style: italic;
    padding-left: 1em;
    border-bottom: 1px solid silver;
}

.matrix-result {
    display: block;
    width: 1em;
    text-align: center;
    padding: 1mm;
    margin: 0;
}

.matrix-result-combined {
    white-space: nowrap;
    padding-right: 0.2em;
    text-align: right;
}

.matrix-result-failed {
    background-color: lightcoral;
}

.matrix-result-passed {
    background-color: lightgreen;
}

.matrix-result-skipped {
    background-color: lightyellow;
}

.matrix-even {
    background-color: lightgray;
}
    </style>
</head>
<body>
    
<h1>
    Test Report : nfp_reciclaje-pytest.xml
</h1>
<a id="toc"></a>
<table class="index-table">
    <tr>
        <td>
            <ul class="toc">
            
                
                <li>test_minimal_requirements.TestRNF1
                <ul>
                    
                    <li><a href="#9c59b564-37c7-405a-b6f1-63fe3ff43f02">test_app_tiene_al_menos_4_modelos</a></li>
                    
                    <li><a href="#aa7e1850-cd8f-4439-847e-bb35df36eb3b">test_modelos_en_ficheros_individuales</a></li>
                    
                </ul>
                </li>
                
                <li>test_minimal_requirements.TestRNF2
                <ul>
                    
                    <li><a href="#355df8a7-9cae-49b1-bf8f-ca624d3d418c">test_relacion_many2many</a></li>
                    
                    <li><a href="#de6b0b5c-2db4-4815-9e66-27824d18d203">test_modelos_tienen_algun_campo_relacion[one2many]</a></li>
                    
                    <li><a href="#faa1cc3f-ffd3-4a34-bf87-2d0c4463b316">test_modelos_tienen_algun_campo_relacion[many2one]</a></li>
                    
                    <li><a href="#82eb503d-0ac7-4cfe-9198-2585902efaec">test_unknown_comodel_name</a></li>
                    
                </ul>
                </li>
                
                <li>test_minimal_requirements.TestRNF3
                <ul>
                    
                    <li><a href="#2235d328-25f5-4204-8648-fd501ac075be">test_modelos_tienen_vista[tree]</a></li>
                    
                    <li><a href="#c8edc4d6-dea6-4817-9ce1-34971fdabf49">test_modelos_tienen_vista[form]</a></li>
                    
                    <li><a href="#6aea2177-a2da-4685-9331-c2bda40a7043">test_formularios_tienen_vista_anidada_para_campos_X2many[one2many]</a></li>
                    
                    <li><a href="#0fe280dd-9c9b-4095-afec-9705c09a6c26">test_formularios_tienen_vista_anidada_para_campos_X2many[many2many]</a></li>
                    
                </ul>
                </li>
                
                <li>test_minimal_requirements.TestRNF4
                <ul>
                    
                    <li><a href="#30a89fc3-6577-4d01-9c96-5b0567518392">test_vistas_en_ficheros_individuales</a></li>
                    
                </ul>
                </li>
                
                <li>test_minimal_requirements.TestRNF5
                <ul>
                    
                    <li><a href="#22bb84c0-126b-4f5b-9824-e35ed4a5a264">test_modelos_tienen_algun_posible_campo_imagen</a></li>
                    
                    <li><a href="#799e5441-fe27-4721-90f9-31891eb90da5">test_alguna_vista_tiene_campo_imagen</a></li>
                    
                </ul>
                </li>
                
                <li>test_minimal_requirements.TestRNF6
                <ul>
                    
                    <li><a href="#c824663b-20d5-401c-9e96-f652f685e888">test_modelos_tienen_acciones</a></li>
                    
                    <li><a href="#0a781b98-3224-43b6-b285-7c44a92a7c45">test_hay_elementos_de_menu[.//menuitem[@action]]</a></li>
                    
                </ul>
                </li>
                
                <li>test_minimal_requirements.TestRNF7
                <ul>
                    
                    <li><a href="#0b2fcab0-a354-4474-b195-c99c347130a2">test_modelos_tienen_permisos</a></li>
                    
                </ul>
                </li>
                
                <li>test_minimal_requirements.TestRNF8
                <ul>
                    
                    <li><a href="#5fee0c7b-e420-4db7-94fa-75373b6fb9aa">test_app_tiene_icono</a></li>
                    
                </ul>
                </li>
                
                <li>test_minimal_requirements.TestRNF9
                <ul>
                    
                    <li><a href="#5af85488-4eb4-4dbc-b767-29a880e61af4">test_modelos_tienen_datos_demo</a></li>
                    
                </ul>
                </li>
                
                <li>test_minimal_requirements.TestRNFGit
                <ul>
                    
                    <li><a href="#7532f85f-5b9c-48b4-8bf0-0389637497eb">test_git_commit_frecuentes</a></li>
                    
                </ul>
                </li>
                
                <li>test_minimal_requirements.TestRNFCalidad
                <ul>
                    
                    <li><a href="#2c9eeb19-6806-40e2-8cd6-e97c3379c8d1">test_odoo_disponible</a></li>
                    
                    <li><a href="#33163137-23e2-4513-b53e-8e000a5a0a52">test_app_instalada</a></li>
                    
                    <li><a href="#30d22d5e-aa80-4a82-9b93-c6e58ac26e85">test_solo_una_app_entregada</a></li>
                    
                    <li><a href="#2d353fa5-3891-41c6-b7a3-d977da4b3cd0">test_no_hay_elementos_xml_comentados</a></li>
                    
                    <li><a href="#2720a1e4-841d-49a9-9cd8-f0b0011dff66">test_no_hay_codigo_python_comentado</a></li>
                    
                    <li><a href="#c5c56c62-366f-4097-98e3-6dfb1e6b63ae">test_log_servidor_sin_errores</a></li>
                    
                </ul>
                </li>
                
                <li>test_minimal_requirements.TestRNFAdicionales
                <ul>
                    
                    <li><a href="#e14dd4c8-86b1-4846-8b0d-72607ad96f22">test_vista_kanban[/kanban]</a>[s]</li>
                    
                    <li><a href="#7f5bcfc5-4432-45cb-9119-70a4c33df3c7">test_vista_kanban[/kanban[@default_group_by]]</a>[s]</li>
                    
                    <li><a href="#fa4bdda0-6c23-4f65-ad5b-5fa540acb36c">test_vista_search[/search]</a>[s]</li>
                    
                    <li><a href="#88ec682d-39fb-47b9-a4fc-028b6e131a00">test_vista_search[/search//filter[@domain]]</a>[s]</li>
                    
                    <li><a href="#576fac33-298a-4e69-9a36-9b6c1c12ae65">test_vista_search[/search//group//filter[@context]]</a>[s]</li>
                    
                    <li><a href="#63064416-0857-42b9-9a09-87793bac3df6">test_otras_vistas_adicionales[activity]</a>[s]</li>
                    
                    <li><a href="#3d718e3e-e0db-4962-aaf8-897ed8ea75d7">test_otras_vistas_adicionales[calendar]</a>[s]</li>
                    
                    <li><a href="#d64f299c-ff91-4fdd-8ea0-2dc143049a01">test_otras_vistas_adicionales[graph]</a>[s]</li>
                    
                    <li><a href="#6f5e9a73-b3ca-4fba-aafa-f9b3d7372536">test_otras_vistas_adicionales[pivot]</a>[s]</li>
                    
                    <li><a href="#84c82177-d7ea-461a-9124-ea781429548d">test_seguridad_con_grupos_propios</a>[s]</li>
                    
                    <li><a href="#1d00e853-90cc-49b1-8bf2-159daf2d6be5">test_herencia_en_vistas_con_position</a>[s]</li>
                    
                    <li><a href="#eb2bc2ac-a6e2-436c-ac96-84d5d0198e9e">test_herencia_en_vistas_con_inherit_id</a>[s]</li>
                    
                    <li><a href="#f931717e-dcbf-49ff-9fd6-5094bd4d4166">test_herencia_en_modelos</a>[s]</li>
                    
                    <li><a href="#d1e2ba72-063e-4c81-9ebb-37284efc7638">test_datos_maestros_o_demo_avanzados[binary]</a>[s]</li>
                    
                    <li><a href="#2e9d2082-33e5-4a3b-8853-6503c41c8c5c">test_datos_maestros_o_demo_avanzados[many2many]</a>[s]</li>
                    
                    <li><a href="#693bdeb4-fa1c-41d0-8084-9cb463c9aae4">test_datos_maestros_o_demo_avanzados[many2one]</a>[s]</li>
                    
                    <li><a href="#25635568-1772-4722-81bd-fc4d27a540bf">test_i18n</a>[s]</li>
                    
                    <li><a href="#933a68fa-f779-44a1-8c2c-8cbd32afba9d">test_informes[report]</a>[s]</li>
                    
                    <li><a href="#522cba45-e53d-4e8d-aa32-d043610210aa">test_informes[template]</a>[s]</li>
                    
                </ul>
                </li>
                
                <li>test_minimal_requirements.TestOtros
                <ul>
                    
                    <li><a href="#2c996887-1b85-4c7d-924f-a6f428964d54">test_log_sin_warnings</a></li>
                    
                </ul>
                </li>
                
            
            </ul>
        </td>
        <td class="failure-index">
            <ul class="toc">
            
                
                    
                    
                    <li><a href="#9c59b564-37c7-405a-b6f1-63fe3ff43f02">[F] test_minimal_requirements.TestRNF1 : test_app_tiene_al_menos_4_modelos</a></li>
                    
                    
                    
                    <li><a href="#aa7e1850-cd8f-4439-847e-bb35df36eb3b">[F] test_minimal_requirements.TestRNF1 : test_modelos_en_ficheros_individuales</a></li>
                    
                    
                
                    
                    
                    <li><a href="#355df8a7-9cae-49b1-bf8f-ca624d3d418c">[F] test_minimal_requirements.TestRNF2 : test_relacion_many2many</a></li>
                    
                    
                    
                    <li><a href="#de6b0b5c-2db4-4815-9e66-27824d18d203">[F] test_minimal_requirements.TestRNF2 : test_modelos_tienen_algun_campo_relacion[one2many]</a></li>
                    
                    
                    
                    <li><a href="#faa1cc3f-ffd3-4a34-bf87-2d0c4463b316">[F] test_minimal_requirements.TestRNF2 : test_modelos_tienen_algun_campo_relacion[many2one]</a></li>
                    
                    
                    
                    
                
                    
                    
                    <li><a href="#2235d328-25f5-4204-8648-fd501ac075be">[F] test_minimal_requirements.TestRNF3 : test_modelos_tienen_vista[tree]</a></li>
                    
                    
                    
                    <li><a href="#c8edc4d6-dea6-4817-9ce1-34971fdabf49">[F] test_minimal_requirements.TestRNF3 : test_modelos_tienen_vista[form]</a></li>
                    
                    
                    
                    <li><a href="#6aea2177-a2da-4685-9331-c2bda40a7043">[F] test_minimal_requirements.TestRNF3 : test_formularios_tienen_vista_anidada_para_campos_X2many[one2many]</a></li>
                    
                    
                    
                    <li><a href="#0fe280dd-9c9b-4095-afec-9705c09a6c26">[F] test_minimal_requirements.TestRNF3 : test_formularios_tienen_vista_anidada_para_campos_X2many[many2many]</a></li>
                    
                    
                
                    
                    
                    
                
                    
                    
                    <li><a href="#22bb84c0-126b-4f5b-9824-e35ed4a5a264">[F] test_minimal_requirements.TestRNF5 : test_modelos_tienen_algun_posible_campo_imagen</a></li>
                    
                    
                    
                    <li><a href="#799e5441-fe27-4721-90f9-31891eb90da5">[F] test_minimal_requirements.TestRNF5 : test_alguna_vista_tiene_campo_imagen</a></li>
                    
                    
                
                    
                    
                    <li><a href="#c824663b-20d5-401c-9e96-f652f685e888">[F] test_minimal_requirements.TestRNF6 : test_modelos_tienen_acciones</a></li>
                    
                    
                    
                    <li><a href="#0a781b98-3224-43b6-b285-7c44a92a7c45">[F] test_minimal_requirements.TestRNF6 : test_hay_elementos_de_menu[.//menuitem[@action]]</a></li>
                    
                    
                
                    
                    
                    <li><a href="#0b2fcab0-a354-4474-b195-c99c347130a2">[F] test_minimal_requirements.TestRNF7 : test_modelos_tienen_permisos</a></li>
                    
                    
                
                    
                    
                    
                
                    
                    
                    <li><a href="#5af85488-4eb4-4dbc-b767-29a880e61af4">[F] test_minimal_requirements.TestRNF9 : test_modelos_tienen_datos_demo</a></li>
                    
                    
                
                    
                    
                    
                
                    
                    
                    
                    
                    <li><a href="#33163137-23e2-4513-b53e-8e000a5a0a52">[F] test_minimal_requirements.TestRNFCalidad : test_app_instalada</a></li>
                    
                    
                    
                    
                    
                    <li><a href="#2d353fa5-3891-41c6-b7a3-d977da4b3cd0">[F] test_minimal_requirements.TestRNFCalidad : test_no_hay_elementos_xml_comentados</a></li>
                    
                    
                    
                    <li><a href="#2720a1e4-841d-49a9-9cd8-f0b0011dff66">[F] test_minimal_requirements.TestRNFCalidad : test_no_hay_codigo_python_comentado</a></li>
                    
                    
                    
                    
                
                    
                    
                    
                    
                    
                    
                    
                    
                    
                    
                    
                    
                    
                    
                    
                    
                    
                    
                    
                    
                    
                    
                    
                    
                    
                    
                    
                    
                    
                    
                    
                    
                    
                    
                    
                    
                    
                    
                    
                
                    
                    
                    
                
            
            </ul>
        </td>
    </tr>
</table>


    <div class="testsuite">
        <h2>Test Suite: pytest</h2>
        <a id="4ccf5829-c20e-4568-958f-8e65439544f5"></a>
        
        
        <h3>Results</h3>
        <table class="proplist">
            <tr>
                <th>Duration</th><td>79.41 sec</td>
            </tr>
            <tr>
                <th>Tests</th><td>45</td>
            </tr>
            <tr>
                <th>Failures</th><td>18</td>
            </tr>
        </table>

        <div class="testclasses">
            <h3>Tests</h3>
            
            <div class="testclass">
                <h4>test_minimal_requirements.TestRNF1</h4>
                <div class="testcases">
                
                    <div class="test outcome outcome-failed">
                        <a id="9c59b564-37c7-405a-b6f1-63fe3ff43f02"></a>
                        <table class="proplist">
                            <tr><th>Test case:</th><td><b>test_app_tiene_al_menos_4_modelos</b></td></tr>
                            <tr><th>Outcome:</th><td>Failed</td></tr>
                            <tr><th>Duration:</th><td>74.416 sec</td></tr>
                        
                            <tr><th>Failed</th><td>AssertionError: Al menos **4 clases**, implementadas en ficheros diferentes.
assert 0 &gt;= 4
 +  where 0 = len([])
 +    where [] = &lt;test_minimal_requirements.SystemUnderTest object at 0x7fa1d976b730&gt;.basename_app_models
 +  and   4 = &lt;test_minimal_requirements.TestRNF1 object at 0x7fa1d976bac0&gt;.MIN</td></tr>
                        
                        
                        </table>

                        
                        <pre>self = &lt;test_minimal_requirements.TestRNF1 object at 0x7fa1d976bac0&gt;
sut = &lt;test_minimal_requirements.SystemUnderTest object at 0x7fa1d976b730&gt;

&gt;   ???
E   AssertionError: Al menos **4 clases**, implementadas en ficheros diferentes.
E   assert 0 &gt;= 4
E    +  where 0 = len([])
E    +    where [] = &lt;test_minimal_requirements.SystemUnderTest object at 0x7fa1d976b730&gt;.basename_app_models
E    +  and   4 = &lt;test_minimal_requirements.TestRNF1 object at 0x7fa1d976bac0&gt;.MIN

/home/madrid/Escritorio/SGE/SGE-odoo-project-tester-2DAMB/test_minimal_requirements.py:221: AssertionError</pre>
                        
                        

                        
                        
                        
                    </div>
                
                    <div class="test outcome outcome-failed">
                        <a id="aa7e1850-cd8f-4439-847e-bb35df36eb3b"></a>
                        <table class="proplist">
                            <tr><th>Test case:</th><td><b>test_modelos_en_ficheros_individuales</b></td></tr>
                            <tr><th>Outcome:</th><td>Failed</td></tr>
                            <tr><th>Duration:</th><td>0.001 sec</td></tr>
                        
                            <tr><th>Failed</th><td>AssertionError: No coinciden el número de modelos de datos de la aplicación con el número de ficheros Python en el paquete models - Al menos **4 clases**, implementadas en ficheros diferentes.
assert (0 + 0) == 4
 +  where 0 = len([])
 +    where [] = &lt;test_minimal_requirements.SystemUnderTest object at 0x7fa1d976b730&gt;.basename_app_models
 +  and   0 = len([])
 +    where [] = &lt;test_minimal_requirements.SystemUnderTest object at 0x7fa1d976b730&gt;.basename_app_inherited_models
 +  and   4 = len([&#39;registro_reciclaje.py&#39;, &#39;ranking_reciclaje.py&#39;, &#39;empleados_reciclaje.py&#39;, &#39;materiales_reciclados.py&#39;])
 +    where [&#39;registro_reciclaje.py&#39;, &#39;ranking_reciclaje.py&#39;, &#39;empleados_reciclaje.py&#39;, &#39;materiales_reciclados.py&#39;] = &lt;test_minimal_requirements.SystemUnderTest object at 0x7fa1d976b730&gt;.basename_model_files</td></tr>
                        
                        
                        </table>

                        
                        <pre>self = &lt;test_minimal_requirements.TestRNF1 object at 0x7fa1d976be50&gt;
sut = &lt;test_minimal_requirements.SystemUnderTest object at 0x7fa1d976b730&gt;

&gt;   ???
E   AssertionError: No coinciden el número de modelos de datos de la aplicación con el número de ficheros Python en el paquete models - Al menos **4 clases**, implementadas en ficheros diferentes.
E   assert (0 + 0) == 4
E    +  where 0 = len([])
E    +    where [] = &lt;test_minimal_requirements.SystemUnderTest object at 0x7fa1d976b730&gt;.basename_app_models
E    +  and   0 = len([])
E    +    where [] = &lt;test_minimal_requirements.SystemUnderTest object at 0x7fa1d976b730&gt;.basename_app_inherited_models
E    +  and   4 = len([&#39;registro_reciclaje.py&#39;, &#39;ranking_reciclaje.py&#39;, &#39;empleados_reciclaje.py&#39;, &#39;materiales_reciclados.py&#39;])
E    +    where [&#39;registro_reciclaje.py&#39;, &#39;ranking_reciclaje.py&#39;, &#39;empleados_reciclaje.py&#39;, &#39;materiales_reciclados.py&#39;] = &lt;test_minimal_requirements.SystemUnderTest object at 0x7fa1d976b730&gt;.basename_model_files

/home/madrid/Escritorio/SGE/SGE-odoo-project-tester-2DAMB/test_minimal_requirements.py:224: AssertionError</pre>
                        
                        

                        
                        
                        
                    </div>
                
                </div>
            </div>
            
            <div class="testclass">
                <h4>test_minimal_requirements.TestRNF2</h4>
                <div class="testcases">
                
                    <div class="test outcome outcome-failed">
                        <a id="355df8a7-9cae-49b1-bf8f-ca624d3d418c"></a>
                        <table class="proplist">
                            <tr><th>Test case:</th><td><b>test_relacion_many2many</b></td></tr>
                            <tr><th>Outcome:</th><td>Failed</td></tr>
                            <tr><th>Duration:</th><td>0.021 sec</td></tr>
                        
                            <tr><th>Failed</th><td>AssertionError: Diferentes tipos de campos simples y relacionales (_one2many_, _many2one_ y _many2many_).
      En tu proyecto se debe implementar **al menos uno de cada tipo**.
assert 0 &gt;= 1
 +  where 0 = len([])
 +  and   1 = &lt;test_minimal_requirements.TestRNF2 object at 0x7fa1d97802e0&gt;.MIN</td></tr>
                        
                        
                        </table>

                        
                        <pre>self = &lt;test_minimal_requirements.TestRNF2 object at 0x7fa1d97802e0&gt;
sut = &lt;test_minimal_requirements.SystemUnderTest object at 0x7fa1d976b730&gt;

&gt;   ???
E   AssertionError: Diferentes tipos de campos simples y relacionales (_one2many_, _many2one_ y _many2many_).
E         En tu proyecto se debe implementar **al menos uno de cada tipo**.
E   assert 0 &gt;= 1
E    +  where 0 = len([])
E    +  and   1 = &lt;test_minimal_requirements.TestRNF2 object at 0x7fa1d97802e0&gt;.MIN

/home/madrid/Escritorio/SGE/SGE-odoo-project-tester-2DAMB/test_minimal_requirements.py:238: AssertionError</pre>
                        
                        

                        
                        
                        
                    </div>
                
                    <div class="test outcome outcome-failed">
                        <a id="de6b0b5c-2db4-4815-9e66-27824d18d203"></a>
                        <table class="proplist">
                            <tr><th>Test case:</th><td><b>test_modelos_tienen_algun_campo_relacion[one2many]</b></td></tr>
                            <tr><th>Outcome:</th><td>Failed</td></tr>
                            <tr><th>Duration:</th><td>0.001 sec</td></tr>
                        
                            <tr><th>Failed</th><td>AssertionError: No hay modelos de datos
assert []
 +  where [] = &lt;test_minimal_requirements.SystemUnderTest object at 0x7fa1d976b730&gt;.app_models</td></tr>
                        
                        
                        </table>

                        
                        <pre>self = &lt;test_minimal_requirements.TestRNF2 object at 0x7fa1d97806d0&gt;
sut = &lt;test_minimal_requirements.SystemUnderTest object at 0x7fa1d976b730&gt;
relationship = &#39;one2many&#39;

&gt;   ???

/home/madrid/Escritorio/SGE/SGE-odoo-project-tester-2DAMB/test_minimal_requirements.py:242: 
_ _ _ _ _ _ _ _ _ _ _ _ _ _ _ _ _ _ _ _ _ _ _ _ _ _ _ _ _ _ _ _ _ _ _ _ _ _ _ _ 

self = &lt;test_minimal_requirements.SystemUnderTest object at 0x7fa1d976b730&gt;
type = &#39;one2many&#39;

&gt;   ???
E   AssertionError: No hay modelos de datos
E   assert []
E    +  where [] = &lt;test_minimal_requirements.SystemUnderTest object at 0x7fa1d976b730&gt;.app_models

/home/madrid/Escritorio/SGE/SGE-odoo-project-tester-2DAMB/test_minimal_requirements.py:112: AssertionError</pre>
                        
                        

                        
                        
                        
                    </div>
                
                    <div class="test outcome outcome-failed">
                        <a id="faa1cc3f-ffd3-4a34-bf87-2d0c4463b316"></a>
                        <table class="proplist">
                            <tr><th>Test case:</th><td><b>test_modelos_tienen_algun_campo_relacion[many2one]</b></td></tr>
                            <tr><th>Outcome:</th><td>Failed</td></tr>
                            <tr><th>Duration:</th><td>0.001 sec</td></tr>
                        
                            <tr><th>Failed</th><td>AssertionError: No hay modelos de datos
assert []
 +  where [] = &lt;test_minimal_requirements.SystemUnderTest object at 0x7fa1d976b730&gt;.app_models</td></tr>
                        
                        
                        </table>

                        
                        <pre>self = &lt;test_minimal_requirements.TestRNF2 object at 0x7fa1d9780af0&gt;
sut = &lt;test_minimal_requirements.SystemUnderTest object at 0x7fa1d976b730&gt;
relationship = &#39;many2one&#39;

&gt;   ???

/home/madrid/Escritorio/SGE/SGE-odoo-project-tester-2DAMB/test_minimal_requirements.py:242: 
_ _ _ _ _ _ _ _ _ _ _ _ _ _ _ _ _ _ _ _ _ _ _ _ _ _ _ _ _ _ _ _ _ _ _ _ _ _ _ _ 

self = &lt;test_minimal_requirements.SystemUnderTest object at 0x7fa1d976b730&gt;
type = &#39;many2one&#39;

&gt;   ???
E   AssertionError: No hay modelos de datos
E   assert []
E    +  where [] = &lt;test_minimal_requirements.SystemUnderTest object at 0x7fa1d976b730&gt;.app_models

/home/madrid/Escritorio/SGE/SGE-odoo-project-tester-2DAMB/test_minimal_requirements.py:112: AssertionError</pre>
                        
                        

                        
                        
                        
                    </div>
                
                    <div class="test outcome outcome-passed">
                        <a id="82eb503d-0ac7-4cfe-9198-2585902efaec"></a>
                        <table class="proplist">
                            <tr><th>Test case:</th><td><b>test_unknown_comodel_name</b></td></tr>
                            <tr><th>Outcome:</th><td>Passed</td></tr>
                            <tr><th>Duration:</th><td>0.001 sec</td></tr>
                        
                        
                        </table>

                        
                        

                        
                        
                        
                    </div>
                
                </div>
            </div>
            
            <div class="testclass">
                <h4>test_minimal_requirements.TestRNF3</h4>
                <div class="testcases">
                
                    <div class="test outcome outcome-failed">
                        <a id="2235d328-25f5-4204-8648-fd501ac075be"></a>
                        <table class="proplist">
                            <tr><th>Test case:</th><td><b>test_modelos_tienen_vista[tree]</b></td></tr>
                            <tr><th>Outcome:</th><td>Failed</td></tr>
                            <tr><th>Duration:</th><td>0.001 sec</td></tr>
                        
                            <tr><th>Failed</th><td>assert []
 +  where [] = &lt;test_minimal_requirements.SystemUnderTest object at 0x7fa1d976b730&gt;.app_models</td></tr>
                        
                        
                        </table>

                        
                        <pre>self = &lt;test_minimal_requirements.TestRNF3 object at 0x7fa1d978a1f0&gt;
sut = &lt;test_minimal_requirements.SystemUnderTest object at 0x7fa1d976b730&gt;
view_type = &#39;tree&#39;

&gt;   ???

/home/madrid/Escritorio/SGE/SGE-odoo-project-tester-2DAMB/test_minimal_requirements.py:258: 
_ _ _ _ _ _ _ _ _ _ _ _ _ _ _ _ _ _ _ _ _ _ _ _ _ _ _ _ _ _ _ _ _ _ _ _ _ _ _ _ 

self = &lt;test_minimal_requirements.SystemUnderTest object at 0x7fa1d976b730&gt;
type = &#39;tree&#39;

&gt;   ???
E   assert []
E    +  where [] = &lt;test_minimal_requirements.SystemUnderTest object at 0x7fa1d976b730&gt;.app_models

/home/madrid/Escritorio/SGE/SGE-odoo-project-tester-2DAMB/test_minimal_requirements.py:122: AssertionError</pre>
                        
                        

                        
                        
                        
                    </div>
                
                    <div class="test outcome outcome-failed">
                        <a id="c8edc4d6-dea6-4817-9ce1-34971fdabf49"></a>
                        <table class="proplist">
                            <tr><th>Test case:</th><td><b>test_modelos_tienen_vista[form]</b></td></tr>
                            <tr><th>Outcome:</th><td>Failed</td></tr>
                            <tr><th>Duration:</th><td>0.001 sec</td></tr>
                        
                            <tr><th>Failed</th><td>assert []
 +  where [] = &lt;test_minimal_requirements.SystemUnderTest object at 0x7fa1d976b730&gt;.app_models</td></tr>
                        
                        
                        </table>

                        
                        <pre>self = &lt;test_minimal_requirements.TestRNF3 object at 0x7fa1d978a3d0&gt;
sut = &lt;test_minimal_requirements.SystemUnderTest object at 0x7fa1d976b730&gt;
view_type = &#39;form&#39;

&gt;   ???

/home/madrid/Escritorio/SGE/SGE-odoo-project-tester-2DAMB/test_minimal_requirements.py:258: 
_ _ _ _ _ _ _ _ _ _ _ _ _ _ _ _ _ _ _ _ _ _ _ _ _ _ _ _ _ _ _ _ _ _ _ _ _ _ _ _ 

self = &lt;test_minimal_requirements.SystemUnderTest object at 0x7fa1d976b730&gt;
type = &#39;form&#39;

&gt;   ???
E   assert []
E    +  where [] = &lt;test_minimal_requirements.SystemUnderTest object at 0x7fa1d976b730&gt;.app_models

/home/madrid/Escritorio/SGE/SGE-odoo-project-tester-2DAMB/test_minimal_requirements.py:122: AssertionError</pre>
                        
                        

                        
                        
                        
                    </div>
                
                    <div class="test outcome outcome-failed">
                        <a id="6aea2177-a2da-4685-9331-c2bda40a7043"></a>
                        <table class="proplist">
                            <tr><th>Test case:</th><td><b>test_formularios_tienen_vista_anidada_para_campos_X2many[one2many]</b></td></tr>
                            <tr><th>Outcome:</th><td>Failed</td></tr>
                            <tr><th>Duration:</th><td>0.001 sec</td></tr>
                        
                            <tr><th>Failed</th><td>AssertionError: No hay modelos de datos
assert []
 +  where [] = &lt;test_minimal_requirements.SystemUnderTest object at 0x7fa1d976b730&gt;.app_models</td></tr>
                        
                        
                        </table>

                        
                        <pre>self = &lt;test_minimal_requirements.TestRNF3 object at 0x7fa1d978a7f0&gt;
sut = &lt;test_minimal_requirements.SystemUnderTest object at 0x7fa1d976b730&gt;
relationship = &#39;one2many&#39;

&gt;   ???

/home/madrid/Escritorio/SGE/SGE-odoo-project-tester-2DAMB/test_minimal_requirements.py:269: 
_ _ _ _ _ _ _ _ _ _ _ _ _ _ _ _ _ _ _ _ _ _ _ _ _ _ _ _ _ _ _ _ _ _ _ _ _ _ _ _ 

self = &lt;test_minimal_requirements.SystemUnderTest object at 0x7fa1d976b730&gt;
type = &#39;one2many&#39;

&gt;   ???
E   AssertionError: No hay modelos de datos
E   assert []
E    +  where [] = &lt;test_minimal_requirements.SystemUnderTest object at 0x7fa1d976b730&gt;.app_models

/home/madrid/Escritorio/SGE/SGE-odoo-project-tester-2DAMB/test_minimal_requirements.py:112: AssertionError</pre>
                        
                        

                        
                        
                        
                    </div>
                
                    <div class="test outcome outcome-failed">
                        <a id="0fe280dd-9c9b-4095-afec-9705c09a6c26"></a>
                        <table class="proplist">
                            <tr><th>Test case:</th><td><b>test_formularios_tienen_vista_anidada_para_campos_X2many[many2many]</b></td></tr>
                            <tr><th>Outcome:</th><td>Failed</td></tr>
                            <tr><th>Duration:</th><td>0.001 sec</td></tr>
                        
                            <tr><th>Failed</th><td>AssertionError: No hay modelos de datos
assert []
 +  where [] = &lt;test_minimal_requirements.SystemUnderTest object at 0x7fa1d976b730&gt;.app_models</td></tr>
                        
                        
                        </table>

                        
                        <pre>self = &lt;test_minimal_requirements.TestRNF3 object at 0x7fa1d978a9d0&gt;
sut = &lt;test_minimal_requirements.SystemUnderTest object at 0x7fa1d976b730&gt;
relationship = &#39;many2many&#39;

&gt;   ???

/home/madrid/Escritorio/SGE/SGE-odoo-project-tester-2DAMB/test_minimal_requirements.py:269: 
_ _ _ _ _ _ _ _ _ _ _ _ _ _ _ _ _ _ _ _ _ _ _ _ _ _ _ _ _ _ _ _ _ _ _ _ _ _ _ _ 

self = &lt;test_minimal_requirements.SystemUnderTest object at 0x7fa1d976b730&gt;
type = &#39;many2many&#39;

&gt;   ???
E   AssertionError: No hay modelos de datos
E   assert []
E    +  where [] = &lt;test_minimal_requirements.SystemUnderTest object at 0x7fa1d976b730&gt;.app_models

/home/madrid/Escritorio/SGE/SGE-odoo-project-tester-2DAMB/test_minimal_requirements.py:112: AssertionError</pre>
                        
                        

                        
                        
                        
                    </div>
                
                </div>
            </div>
            
            <div class="testclass">
                <h4>test_minimal_requirements.TestRNF4</h4>
                <div class="testcases">
                
                    <div class="test outcome outcome-passed">
                        <a id="30a89fc3-6577-4d01-9c96-5b0567518392"></a>
                        <table class="proplist">
                            <tr><th>Test case:</th><td><b>test_vistas_en_ficheros_individuales</b></td></tr>
                            <tr><th>Outcome:</th><td>Passed</td></tr>
                            <tr><th>Duration:</th><td>0.001 sec</td></tr>
                        
                        
                        </table>

                        
                        

                        
                        
                        
                    </div>
                
                </div>
            </div>
            
            <div class="testclass">
                <h4>test_minimal_requirements.TestRNF5</h4>
                <div class="testcases">
                
                    <div class="test outcome outcome-failed">
                        <a id="22bb84c0-126b-4f5b-9824-e35ed4a5a264"></a>
                        <table class="proplist">
                            <tr><th>Test case:</th><td><b>test_modelos_tienen_algun_posible_campo_imagen</b></td></tr>
                            <tr><th>Outcome:</th><td>Failed</td></tr>
                            <tr><th>Duration:</th><td>0.001 sec</td></tr>
                        
                            <tr><th>Failed</th><td>AssertionError: No hay modelos de datos
assert []
 +  where [] = &lt;test_minimal_requirements.SystemUnderTest object at 0x7fa1d976b730&gt;.app_models</td></tr>
                        
                        
                        </table>

                        
                        <pre>self = &lt;test_minimal_requirements.TestRNF5 object at 0x7fa1d978a880&gt;
sut = &lt;test_minimal_requirements.SystemUnderTest object at 0x7fa1d976b730&gt;

&gt;   ???

/home/madrid/Escritorio/SGE/SGE-odoo-project-tester-2DAMB/test_minimal_requirements.py:289: 
_ _ _ _ _ _ _ _ _ _ _ _ _ _ _ _ _ _ _ _ _ _ _ _ _ _ _ _ _ _ _ _ _ _ _ _ _ _ _ _ 

self = &lt;test_minimal_requirements.SystemUnderTest object at 0x7fa1d976b730&gt;
type = &#39;binary&#39;

&gt;   ???
E   AssertionError: No hay modelos de datos
E   assert []
E    +  where [] = &lt;test_minimal_requirements.SystemUnderTest object at 0x7fa1d976b730&gt;.app_models

/home/madrid/Escritorio/SGE/SGE-odoo-project-tester-2DAMB/test_minimal_requirements.py:112: AssertionError</pre>
                        
                        

                        
                        
                        
                    </div>
                
                    <div class="test outcome outcome-failed">
                        <a id="799e5441-fe27-4721-90f9-31891eb90da5"></a>
                        <table class="proplist">
                            <tr><th>Test case:</th><td><b>test_alguna_vista_tiene_campo_imagen</b></td></tr>
                            <tr><th>Outcome:</th><td>Failed</td></tr>
                            <tr><th>Duration:</th><td>0.001 sec</td></tr>
                        
                            <tr><th>Failed</th><td>AssertionError: No hay modelos de datos
assert []
 +  where [] = &lt;test_minimal_requirements.SystemUnderTest object at 0x7fa1d976b730&gt;.app_models</td></tr>
                        
                        
                        </table>

                        
                        <pre>self = &lt;test_minimal_requirements.TestRNF5 object at 0x7fa1d970f1f0&gt;
sut = &lt;test_minimal_requirements.SystemUnderTest object at 0x7fa1d976b730&gt;

&gt;   ???

/home/madrid/Escritorio/SGE/SGE-odoo-project-tester-2DAMB/test_minimal_requirements.py:294: 
_ _ _ _ _ _ _ _ _ _ _ _ _ _ _ _ _ _ _ _ _ _ _ _ _ _ _ _ _ _ _ _ _ _ _ _ _ _ _ _ 

self = &lt;test_minimal_requirements.SystemUnderTest object at 0x7fa1d976b730&gt;
type = &#39;binary&#39;

&gt;   ???
E   AssertionError: No hay modelos de datos
E   assert []
E    +  where [] = &lt;test_minimal_requirements.SystemUnderTest object at 0x7fa1d976b730&gt;.app_models

/home/madrid/Escritorio/SGE/SGE-odoo-project-tester-2DAMB/test_minimal_requirements.py:112: AssertionError</pre>
                        
                        

                        
                        
                        
                    </div>
                
                </div>
            </div>
            
            <div class="testclass">
                <h4>test_minimal_requirements.TestRNF6</h4>
                <div class="testcases">
                
                    <div class="test outcome outcome-failed">
                        <a id="c824663b-20d5-401c-9e96-f652f685e888"></a>
                        <table class="proplist">
                            <tr><th>Test case:</th><td><b>test_modelos_tienen_acciones</b></td></tr>
                            <tr><th>Outcome:</th><td>Failed</td></tr>
                            <tr><th>Duration:</th><td>0.001 sec</td></tr>
                        
                            <tr><th>Failed</th><td>assert []
 +  where [] = &lt;test_minimal_requirements.SystemUnderTest object at 0x7fa1d976b730&gt;.basename_app_models</td></tr>
                        
                        
                        </table>

                        
                        <pre>self = &lt;test_minimal_requirements.TestRNF6 object at 0x7fa1d970f670&gt;
sut = &lt;test_minimal_requirements.SystemUnderTest object at 0x7fa1d976b730&gt;

&gt;   ???
E   assert []
E    +  where [] = &lt;test_minimal_requirements.SystemUnderTest object at 0x7fa1d976b730&gt;.basename_app_models

/home/madrid/Escritorio/SGE/SGE-odoo-project-tester-2DAMB/test_minimal_requirements.py:301: AssertionError</pre>
                        
                        

                        
                        
                        
                    </div>
                
                    <div class="test outcome outcome-failed">
                        <a id="0a781b98-3224-43b6-b285-7c44a92a7c45"></a>
                        <table class="proplist">
                            <tr><th>Test case:</th><td><b>test_hay_elementos_de_menu[.//menuitem[@action]]</b></td></tr>
                            <tr><th>Outcome:</th><td>Failed</td></tr>
                            <tr><th>Duration:</th><td>0.001 sec</td></tr>
                        
                            <tr><th>Failed</th><td>xml.etree.ElementTree.ParseError: no element found: line 30, column 13</td></tr>
                        
                        
                        </table>

                        
                        <pre>self = &lt;test_minimal_requirements.TestRNF6 object at 0x7fa1d970fb80&gt;
sut = &lt;test_minimal_requirements.SystemUnderTest object at 0x7fa1d976b730&gt;
xpath = &#39;.//menuitem[@action]&#39;

&gt;   ???

/home/madrid/Escritorio/SGE/SGE-odoo-project-tester-2DAMB/test_minimal_requirements.py:309: 
_ _ _ _ _ _ _ _ _ _ _ _ _ _ _ _ _ _ _ _ _ _ _ _ _ _ _ _ _ _ _ _ _ _ _ _ _ _ _ _ 
/home/madrid/Escritorio/SGE/SGE-odoo-project-tester-2DAMB/test_minimal_requirements.py:51: in hay_xml_con_xpath_valido
    ???
/usr/lib/python3.8/xml/etree/ElementTree.py:1202: in parse
    tree.parse(source, parser)
_ _ _ _ _ _ _ _ _ _ _ _ _ _ _ _ _ _ _ _ _ _ _ _ _ _ _ _ _ _ _ _ _ _ _ _ _ _ _ _ 

self = &lt;xml.etree.ElementTree.ElementTree object at 0x7fa1d96b5f70&gt;
source = &lt;_io.BufferedReader name=&#39;/home/madrid/Escritorio/SGE/SGE-odoo-project-tester/projects/nfp_reciclaje/odoo/addons/nfp_reciclaje/views/recycling_record_views.xml&#39;&gt;
parser = &lt;xml.etree.ElementTree.XMLParser object at 0x7fa1d96a2b80&gt;

    def parse(self, source, parser=None):
        &#34;&#34;&#34;Load external XML document into element tree.
    
        *source* is a file name or file object, *parser* is an optional parser
        instance that defaults to XMLParser.
    
        ParseError is raised if the parser fails to parse the document.
    
        Returns the root element of the given source document.
    
        &#34;&#34;&#34;
        close_source = False
        if not hasattr(source, &#34;read&#34;):
            source = open(source, &#34;rb&#34;)
            close_source = True
        try:
            if parser is None:
                # If no parser was specified, create a default XMLParser
                parser = XMLParser()
                if hasattr(parser, &#39;_parse_whole&#39;):
                    # The default XMLParser, when it comes from an accelerator,
                    # can define an internal _parse_whole API for efficiency.
                    # It can be used to parse the whole source without feeding
                    # it with chunks.
&gt;                   self._root = parser._parse_whole(source)
E                   xml.etree.ElementTree.ParseError: no element found: line 30, column 13

/usr/lib/python3.8/xml/etree/ElementTree.py:595: ParseError</pre>
                        
                        

                        
                        
                        
                    </div>
                
                </div>
            </div>
            
            <div class="testclass">
                <h4>test_minimal_requirements.TestRNF7</h4>
                <div class="testcases">
                
                    <div class="test outcome outcome-failed">
                        <a id="0b2fcab0-a354-4474-b195-c99c347130a2"></a>
                        <table class="proplist">
                            <tr><th>Test case:</th><td><b>test_modelos_tienen_permisos</b></td></tr>
                            <tr><th>Outcome:</th><td>Failed</td></tr>
                            <tr><th>Duration:</th><td>0.001 sec</td></tr>
                        
                            <tr><th>Failed</th><td>assert []
 +  where [] = &lt;test_minimal_requirements.SystemUnderTest object at 0x7fa1d976b730&gt;.app_models</td></tr>
                        
                        
                        </table>

                        
                        <pre>self = &lt;test_minimal_requirements.TestRNF7 object at 0x7fa1d970ffd0&gt;
sut = &lt;test_minimal_requirements.SystemUnderTest object at 0x7fa1d976b730&gt;

&gt;   ???
E   assert []
E    +  where [] = &lt;test_minimal_requirements.SystemUnderTest object at 0x7fa1d976b730&gt;.app_models

/home/madrid/Escritorio/SGE/SGE-odoo-project-tester-2DAMB/test_minimal_requirements.py:322: AssertionError</pre>
                        
                        

                        
                        
                        
                    </div>
                
                </div>
            </div>
            
            <div class="testclass">
                <h4>test_minimal_requirements.TestRNF8</h4>
                <div class="testcases">
                
                    <div class="test outcome outcome-passed">
                        <a id="5fee0c7b-e420-4db7-94fa-75373b6fb9aa"></a>
                        <table class="proplist">
                            <tr><th>Test case:</th><td><b>test_app_tiene_icono</b></td></tr>
                            <tr><th>Outcome:</th><td>Passed</td></tr>
                            <tr><th>Duration:</th><td>0.017 sec</td></tr>
                        
                        
                        </table>

                        
                        

                        
                        
                        
                    </div>
                
                </div>
            </div>
            
            <div class="testclass">
                <h4>test_minimal_requirements.TestRNF9</h4>
                <div class="testcases">
                
                    <div class="test outcome outcome-failed">
                        <a id="5af85488-4eb4-4dbc-b767-29a880e61af4"></a>
                        <table class="proplist">
                            <tr><th>Test case:</th><td><b>test_modelos_tienen_datos_demo</b></td></tr>
                            <tr><th>Outcome:</th><td>Failed</td></tr>
                            <tr><th>Duration:</th><td>0.001 sec</td></tr>
                        
                            <tr><th>Failed</th><td>AssertionError: No hay modelos de datos
assert []
 +  where [] = &lt;test_minimal_requirements.SystemUnderTest object at 0x7fa1d976b730&gt;.app_models</td></tr>
                        
                        
                        </table>

                        
                        <pre>self = &lt;test_minimal_requirements.TestRNF9 object at 0x7fa1d9712970&gt;
sut = &lt;test_minimal_requirements.SystemUnderTest object at 0x7fa1d976b730&gt;

&gt;   ???
E   AssertionError: No hay modelos de datos
E   assert []
E    +  where [] = &lt;test_minimal_requirements.SystemUnderTest object at 0x7fa1d976b730&gt;.app_models

/home/madrid/Escritorio/SGE/SGE-odoo-project-tester-2DAMB/test_minimal_requirements.py:349: AssertionError</pre>
                        
                        

                        
                        
                        
                    </div>
                
                </div>
            </div>
            
            <div class="testclass">
                <h4>test_minimal_requirements.TestRNFGit</h4>
                <div class="testcases">
                
                    <div class="test outcome outcome-passed">
                        <a id="7532f85f-5b9c-48b4-8bf0-0389637497eb"></a>
                        <table class="proplist">
                            <tr><th>Test case:</th><td><b>test_git_commit_frecuentes</b></td></tr>
                            <tr><th>Outcome:</th><td>Passed</td></tr>
                            <tr><th>Duration:</th><td>0.001 sec</td></tr>
                        
                        
                        </table>

                        
                        

                        
                        
                        
                    </div>
                
                </div>
            </div>
            
            <div class="testclass">
                <h4>test_minimal_requirements.TestRNFCalidad</h4>
                <div class="testcases">
                
                    <div class="test outcome outcome-passed">
                        <a id="2c9eeb19-6806-40e2-8cd6-e97c3379c8d1"></a>
                        <table class="proplist">
                            <tr><th>Test case:</th><td><b>test_odoo_disponible</b></td></tr>
                            <tr><th>Outcome:</th><td>Passed</td></tr>
                            <tr><th>Duration:</th><td>0.009 sec</td></tr>
                        
                        
                        </table>

                        
                        

                        
                        
                        
                    </div>
                
                    <div class="test outcome outcome-failed">
                        <a id="33163137-23e2-4513-b53e-8e000a5a0a52"></a>
                        <table class="proplist">
                            <tr><th>Test case:</th><td><b>test_app_instalada</b></td></tr>
                            <tr><th>Outcome:</th><td>Failed</td></tr>
                            <tr><th>Duration:</th><td>0.016 sec</td></tr>
                        
                            <tr><th>Failed</th><td>AssertionError: La aplicación no ha quedado instalada con éxito - El módulo tiene que ser instalable a partir del código entregado sin necesidad de hacer ningún cambio o modificación.
assert &#39;uninstalled&#39; == &#39;installed&#39;
  
  - installed
  + uninstalled
  ? ++</td></tr>
                        
                        
                        </table>

                        
                        <pre>self = &lt;test_minimal_requirements.TestRNFCalidad object at 0x7fa1d9718640&gt;
sut = &lt;test_minimal_requirements.SystemUnderTest object at 0x7fa1d976b730&gt;

&gt;   ???
E   AssertionError: La aplicación no ha quedado instalada con éxito - El módulo tiene que ser instalable a partir del código entregado sin necesidad de hacer ningún cambio o modificación.
E   assert &#39;uninstalled&#39; == &#39;installed&#39;
E     
E     - installed
E     + uninstalled
E     ? ++

/home/madrid/Escritorio/SGE/SGE-odoo-project-tester-2DAMB/test_minimal_requirements.py:389: AssertionError</pre>
                        
                        

                        
                        
                        
                    </div>
                
                    <div class="test outcome outcome-passed">
                        <a id="30d22d5e-aa80-4a82-9b93-c6e58ac26e85"></a>
                        <table class="proplist">
                            <tr><th>Test case:</th><td><b>test_solo_una_app_entregada</b></td></tr>
                            <tr><th>Outcome:</th><td>Passed</td></tr>
                            <tr><th>Duration:</th><td>0.001 sec</td></tr>
                        
                        
                        </table>

                        
                        

                        
                        
                        
                    </div>
                
                    <div class="test outcome outcome-failed">
                        <a id="2d353fa5-3891-41c6-b7a3-d977da4b3cd0"></a>
                        <table class="proplist">
                            <tr><th>Test case:</th><td><b>test_no_hay_elementos_xml_comentados</b></td></tr>
                            <tr><th>Outcome:</th><td>Failed</td></tr>
                            <tr><th>Duration:</th><td>0.002 sec</td></tr>
                        
                            <tr><th>Failed</th><td>xml.etree.ElementTree.ParseError: no element found: line 30, column 13</td></tr>
                        
                        
                        </table>

                        
                        <pre>self = &lt;test_minimal_requirements.TestRNFCalidad object at 0x7fa1d9718e80&gt;
sut = &lt;test_minimal_requirements.SystemUnderTest object at 0x7fa1d976b730&gt;

&gt;   ???

/home/madrid/Escritorio/SGE/SGE-odoo-project-tester-2DAMB/test_minimal_requirements.py:403: 
_ _ _ _ _ _ _ _ _ _ _ _ _ _ _ _ _ _ _ _ _ _ _ _ _ _ _ _ _ _ _ _ _ _ _ _ _ _ _ _ 
/usr/lib/python3.8/xml/etree/ElementTree.py:1202: in parse
    tree.parse(source, parser)
_ _ _ _ _ _ _ _ _ _ _ _ _ _ _ _ _ _ _ _ _ _ _ _ _ _ _ _ _ _ _ _ _ _ _ _ _ _ _ _ 

self = &lt;xml.etree.ElementTree.ElementTree object at 0x7fa1d96731c0&gt;
source = &lt;_io.BufferedReader name=&#39;/home/madrid/Escritorio/SGE/SGE-odoo-project-tester/projects/nfp_reciclaje/odoo/addons/nfp_reciclaje/views/recycling_record_views.xml&#39;&gt;
parser = &lt;xml.etree.ElementTree.XMLParser object at 0x7fa1d9a31af0&gt;

    def parse(self, source, parser=None):
        &#34;&#34;&#34;Load external XML document into element tree.
    
        *source* is a file name or file object, *parser* is an optional parser
        instance that defaults to XMLParser.
    
        ParseError is raised if the parser fails to parse the document.
    
        Returns the root element of the given source document.
    
        &#34;&#34;&#34;
        close_source = False
        if not hasattr(source, &#34;read&#34;):
            source = open(source, &#34;rb&#34;)
            close_source = True
        try:
            if parser is None:
                # If no parser was specified, create a default XMLParser
                parser = XMLParser()
                if hasattr(parser, &#39;_parse_whole&#39;):
                    # The default XMLParser, when it comes from an accelerator,
                    # can define an internal _parse_whole API for efficiency.
                    # It can be used to parse the whole source without feeding
                    # it with chunks.
                    self._root = parser._parse_whole(source)
                    return self._root
            while True:
                data = source.read(65536)
                if not data:
                    break
                parser.feed(data)
&gt;           self._root = parser.close()
E           xml.etree.ElementTree.ParseError: no element found: line 30, column 13

/usr/lib/python3.8/xml/etree/ElementTree.py:602: ParseError</pre>
                        
                        

                        
                        
                        
                    </div>
                
                    <div class="test outcome outcome-failed">
                        <a id="2720a1e4-841d-49a9-9cd8-f0b0011dff66"></a>
                        <table class="proplist">
                            <tr><th>Test case:</th><td><b>test_no_hay_codigo_python_comentado</b></td></tr>
                            <tr><th>Outcome:</th><td>Failed</td></tr>
                            <tr><th>Duration:</th><td>0.285 sec</td></tr>
                        
                            <tr><th>Failed</th><td>AssertionError: Se ha encontrado código Python comentado {&#39;controllers.py&#39;: &#39;-# from odoo import http\n-#         return &#34;Hello, world&#34;\n-#             \&#39;root\&#39;: \&#39;/libreria/libreria\&#39;,\n-#             \&#39;objects\&#39;: http.request.env[\&#39;libreria.libreria\&#39;].search([]),\n-#         })\n-#         })\n&#39;} - Tu código debe estar bien probado, documentado, sin código comentado, sin ficheros innecesarios y con un *manifest* cuidado.
assert {&#39;controllers.py&#39;: &#39;-# from odoo import http\n-#         return &#34;Hello, world&#34;\n-#             \&#39;root\&#39;: \&#39;/libreria/libreria\&#39;,\n-#             \&#39;objects\&#39;: http.request.env[\&#39;libreria.libreria\&#39;].search([]),\n-#         })\n-#         })\n&#39;} == {}
  
  Left contains 1 more item:
  {&#39;controllers.py&#39;: &#39;-# from odoo import http\n&#39;
                     &#39;-#         return &#34;Hello, world&#34;\n&#39;
                     &#34;-#             &#39;root&#39;: &#39;/libreria/libreria&#39;,\n&#34;
                     &#34;-#             &#39;objects&#39;: &#34;
                     &#34;http.request.env[&#39;libreria.libreria&#39;].search([]),\n&#34;
                     &#39;-#         })\n&#39;
                     &#39;-#         })\n&#39;}
  
  Full diff:
  - {}
  + {
  +     &#39;controllers.py&#39;: &#39;-# from odoo import http\n&#39;
  +     &#39;-#         return &#34;Hello, world&#34;\n&#39;
  +     &#34;-#             &#39;root&#39;: &#39;/libreria/libreria&#39;,\n&#34;
  +     &#34;-#             &#39;objects&#39;: &#34;
  +     &#34;http.request.env[&#39;libreria.libreria&#39;].search([]),\n&#34;
  +     &#39;-#         })\n&#39;
  +     &#39;-#         })\n&#39;,
  + }</td></tr>
                        
                        
                        </table>

                        
                        <pre>self = &lt;test_minimal_requirements.TestRNFCalidad object at 0x7fa1d971d2e0&gt;
sut = &lt;test_minimal_requirements.SystemUnderTest object at 0x7fa1d976b730&gt;

&gt;   ???
E   AssertionError: Se ha encontrado código Python comentado {&#39;controllers.py&#39;: &#39;-# from odoo import http\n-#         return &#34;Hello, world&#34;\n-#             \&#39;root\&#39;: \&#39;/libreria/libreria\&#39;,\n-#             \&#39;objects\&#39;: http.request.env[\&#39;libreria.libreria\&#39;].search([]),\n-#         })\n-#         })\n&#39;} - Tu código debe estar bien probado, documentado, sin código comentado, sin ficheros innecesarios y con un *manifest* cuidado.
E   assert {&#39;controllers.py&#39;: &#39;-# from odoo import http\n-#         return &#34;Hello, world&#34;\n-#             \&#39;root\&#39;: \&#39;/libreria/libreria\&#39;,\n-#             \&#39;objects\&#39;: http.request.env[\&#39;libreria.libreria\&#39;].search([]),\n-#         })\n-#         })\n&#39;} == {}
E     
E     Left contains 1 more item:
E     {&#39;controllers.py&#39;: &#39;-# from odoo import http\n&#39;
E                        &#39;-#         return &#34;Hello, world&#34;\n&#39;
E                        &#34;-#             &#39;root&#39;: &#39;/libreria/libreria&#39;,\n&#34;
E                        &#34;-#             &#39;objects&#39;: &#34;
E                        &#34;http.request.env[&#39;libreria.libreria&#39;].search([]),\n&#34;
E                        &#39;-#         })\n&#39;
E                        &#39;-#         })\n&#39;}
E     
E     Full diff:
E     - {}
E     + {
E     +     &#39;controllers.py&#39;: &#39;-# from odoo import http\n&#39;
E     +     &#39;-#         return &#34;Hello, world&#34;\n&#39;
E     +     &#34;-#             &#39;root&#39;: &#39;/libreria/libreria&#39;,\n&#34;
E     +     &#34;-#             &#39;objects&#39;: &#34;
E     +     &#34;http.request.env[&#39;libreria.libreria&#39;].search([]),\n&#34;
E     +     &#39;-#         })\n&#39;
E     +     &#39;-#         })\n&#39;,
E     + }

/home/madrid/Escritorio/SGE/SGE-odoo-project-tester-2DAMB/test_minimal_requirements.py:428: AssertionError</pre>
                        
                        

                        
                        
                        
                    </div>
                
                    <div class="test outcome outcome-passed">
                        <a id="c5c56c62-366f-4097-98e3-6dfb1e6b63ae"></a>
                        <table class="proplist">
                            <tr><th>Test case:</th><td><b>test_log_servidor_sin_errores</b></td></tr>
                            <tr><th>Outcome:</th><td>Passed</td></tr>
                            <tr><th>Duration:</th><td>0.001 sec</td></tr>
                        
                        
                        </table>

                        
                        

                        
                        
                        
                    </div>
                
                </div>
            </div>
            
            <div class="testclass">
                <h4>test_minimal_requirements.TestRNFAdicionales</h4>
                <div class="testcases">
                
                    <div class="test outcome outcome-skipped">
                        <a id="e14dd4c8-86b1-4846-8b0d-72607ad96f22"></a>
                        <table class="proplist">
                            <tr><th>Test case:</th><td><b>test_vista_kanban[/kanban]</b></td></tr>
                            <tr><th>Outcome:</th><td>Skipped</td></tr>
                            <tr><th>Duration:</th><td>0.001 sec</td></tr>
                        
                        
                            <tr><th>Skipped</th><td></td></tr>
                        
                        </table>

                        
                        
                        <pre>skipped</pre>
                        

                        
                        
                        
                    </div>
                
                    <div class="test outcome outcome-skipped">
                        <a id="7f5bcfc5-4432-45cb-9119-70a4c33df3c7"></a>
                        <table class="proplist">
                            <tr><th>Test case:</th><td><b>test_vista_kanban[/kanban[@default_group_by]]</b></td></tr>
                            <tr><th>Outcome:</th><td>Skipped</td></tr>
                            <tr><th>Duration:</th><td>0.001 sec</td></tr>
                        
                        
                            <tr><th>Skipped</th><td></td></tr>
                        
                        </table>

                        
                        
                        <pre>skipped</pre>
                        

                        
                        
                        
                    </div>
                
                    <div class="test outcome outcome-skipped">
                        <a id="fa4bdda0-6c23-4f65-ad5b-5fa540acb36c"></a>
                        <table class="proplist">
                            <tr><th>Test case:</th><td><b>test_vista_search[/search]</b></td></tr>
                            <tr><th>Outcome:</th><td>Skipped</td></tr>
                            <tr><th>Duration:</th><td>0.001 sec</td></tr>
                        
                        
                            <tr><th>Skipped</th><td></td></tr>
                        
                        </table>

                        
                        
                        <pre>skipped</pre>
                        

                        
                        
                        
                    </div>
                
                    <div class="test outcome outcome-skipped">
                        <a id="88ec682d-39fb-47b9-a4fc-028b6e131a00"></a>
                        <table class="proplist">
                            <tr><th>Test case:</th><td><b>test_vista_search[/search//filter[@domain]]</b></td></tr>
                            <tr><th>Outcome:</th><td>Skipped</td></tr>
                            <tr><th>Duration:</th><td>0.001 sec</td></tr>
                        
                        
                            <tr><th>Skipped</th><td></td></tr>
                        
                        </table>

                        
                        
                        <pre>skipped</pre>
                        

                        
                        
                        
                    </div>
                
                    <div class="test outcome outcome-skipped">
                        <a id="576fac33-298a-4e69-9a36-9b6c1c12ae65"></a>
                        <table class="proplist">
                            <tr><th>Test case:</th><td><b>test_vista_search[/search//group//filter[@context]]</b></td></tr>
                            <tr><th>Outcome:</th><td>Skipped</td></tr>
                            <tr><th>Duration:</th><td>0.001 sec</td></tr>
                        
                        
                            <tr><th>Skipped</th><td></td></tr>
                        
                        </table>

                        
                        
                        <pre>skipped</pre>
                        

                        
                        
                        
                    </div>
                
                    <div class="test outcome outcome-skipped">
                        <a id="63064416-0857-42b9-9a09-87793bac3df6"></a>
                        <table class="proplist">
                            <tr><th>Test case:</th><td><b>test_otras_vistas_adicionales[activity]</b></td></tr>
                            <tr><th>Outcome:</th><td>Skipped</td></tr>
                            <tr><th>Duration:</th><td>0.001 sec</td></tr>
                        
                        
                            <tr><th>Skipped</th><td></td></tr>
                        
                        </table>

                        
                        
                        <pre>skipped</pre>
                        

                        
                        
                        
                    </div>
                
                    <div class="test outcome outcome-skipped">
                        <a id="3d718e3e-e0db-4962-aaf8-897ed8ea75d7"></a>
                        <table class="proplist">
                            <tr><th>Test case:</th><td><b>test_otras_vistas_adicionales[calendar]</b></td></tr>
                            <tr><th>Outcome:</th><td>Skipped</td></tr>
                            <tr><th>Duration:</th><td>0.001 sec</td></tr>
                        
                        
                            <tr><th>Skipped</th><td></td></tr>
                        
                        </table>

                        
                        
                        <pre>skipped</pre>
                        

                        
                        
                        
                    </div>
                
                    <div class="test outcome outcome-skipped">
                        <a id="d64f299c-ff91-4fdd-8ea0-2dc143049a01"></a>
                        <table class="proplist">
                            <tr><th>Test case:</th><td><b>test_otras_vistas_adicionales[graph]</b></td></tr>
                            <tr><th>Outcome:</th><td>Skipped</td></tr>
                            <tr><th>Duration:</th><td>0.001 sec</td></tr>
                        
                        
                            <tr><th>Skipped</th><td></td></tr>
                        
                        </table>

                        
                        
                        <pre>skipped</pre>
                        

                        
                        
                        
                    </div>
                
                    <div class="test outcome outcome-skipped">
                        <a id="6f5e9a73-b3ca-4fba-aafa-f9b3d7372536"></a>
                        <table class="proplist">
                            <tr><th>Test case:</th><td><b>test_otras_vistas_adicionales[pivot]</b></td></tr>
                            <tr><th>Outcome:</th><td>Skipped</td></tr>
                            <tr><th>Duration:</th><td>0.001 sec</td></tr>
                        
                        
                            <tr><th>Skipped</th><td></td></tr>
                        
                        </table>

                        
                        
                        <pre>skipped</pre>
                        

                        
                        
                        
                    </div>
                
                    <div class="test outcome outcome-skipped">
                        <a id="84c82177-d7ea-461a-9124-ea781429548d"></a>
                        <table class="proplist">
                            <tr><th>Test case:</th><td><b>test_seguridad_con_grupos_propios</b></td></tr>
                            <tr><th>Outcome:</th><td>Skipped</td></tr>
                            <tr><th>Duration:</th><td>0.001 sec</td></tr>
                        
                        
                            <tr><th>Skipped</th><td></td></tr>
                        
                        </table>

                        
                        
                        <pre>skipped</pre>
                        

                        
                        
                        
                    </div>
                
                    <div class="test outcome outcome-skipped">
                        <a id="1d00e853-90cc-49b1-8bf2-159daf2d6be5"></a>
                        <table class="proplist">
                            <tr><th>Test case:</th><td><b>test_herencia_en_vistas_con_position</b></td></tr>
                            <tr><th>Outcome:</th><td>Skipped</td></tr>
                            <tr><th>Duration:</th><td>0.001 sec</td></tr>
                        
                        
                            <tr><th>Skipped</th><td></td></tr>
                        
                        </table>

                        
                        
                        <pre>skipped</pre>
                        

                        
                        
                        
                    </div>
                
                    <div class="test outcome outcome-skipped">
                        <a id="eb2bc2ac-a6e2-436c-ac96-84d5d0198e9e"></a>
                        <table class="proplist">
                            <tr><th>Test case:</th><td><b>test_herencia_en_vistas_con_inherit_id</b></td></tr>
                            <tr><th>Outcome:</th><td>Skipped</td></tr>
                            <tr><th>Duration:</th><td>0.001 sec</td></tr>
                        
                        
                            <tr><th>Skipped</th><td></td></tr>
                        
                        </table>

                        
                        
                        <pre>skipped</pre>
                        

                        
                        
                        
                    </div>
                
                    <div class="test outcome outcome-skipped">
                        <a id="f931717e-dcbf-49ff-9fd6-5094bd4d4166"></a>
                        <table class="proplist">
                            <tr><th>Test case:</th><td><b>test_herencia_en_modelos</b></td></tr>
                            <tr><th>Outcome:</th><td>Skipped</td></tr>
                            <tr><th>Duration:</th><td>0.001 sec</td></tr>
                        
                        
                            <tr><th>Skipped</th><td></td></tr>
                        
                        </table>

                        
                        
                        <pre>skipped</pre>
                        

                        
                        
                        
                    </div>
                
                    <div class="test outcome outcome-skipped">
                        <a id="d1e2ba72-063e-4c81-9ebb-37284efc7638"></a>
                        <table class="proplist">
                            <tr><th>Test case:</th><td><b>test_datos_maestros_o_demo_avanzados[binary]</b></td></tr>
                            <tr><th>Outcome:</th><td>Skipped</td></tr>
                            <tr><th>Duration:</th><td>0.001 sec</td></tr>
                        
                        
                            <tr><th>Skipped</th><td></td></tr>
                        
                        </table>

                        
                        
                        <pre>skipped</pre>
                        

                        
                        
                        
                    </div>
                
                    <div class="test outcome outcome-skipped">
                        <a id="2e9d2082-33e5-4a3b-8853-6503c41c8c5c"></a>
                        <table class="proplist">
                            <tr><th>Test case:</th><td><b>test_datos_maestros_o_demo_avanzados[many2many]</b></td></tr>
                            <tr><th>Outcome:</th><td>Skipped</td></tr>
                            <tr><th>Duration:</th><td>0.001 sec</td></tr>
                        
                        
                            <tr><th>Skipped</th><td></td></tr>
                        
                        </table>

                        
                        
                        <pre>skipped</pre>
                        

                        
                        
                        
                    </div>
                
                    <div class="test outcome outcome-skipped">
                        <a id="693bdeb4-fa1c-41d0-8084-9cb463c9aae4"></a>
                        <table class="proplist">
                            <tr><th>Test case:</th><td><b>test_datos_maestros_o_demo_avanzados[many2one]</b></td></tr>
                            <tr><th>Outcome:</th><td>Skipped</td></tr>
                            <tr><th>Duration:</th><td>0.001 sec</td></tr>
                        
                        
                            <tr><th>Skipped</th><td></td></tr>
                        
                        </table>

                        
                        
                        <pre>skipped</pre>
                        

                        
                        
                        
                    </div>
                
                    <div class="test outcome outcome-skipped">
                        <a id="25635568-1772-4722-81bd-fc4d27a540bf"></a>
                        <table class="proplist">
                            <tr><th>Test case:</th><td><b>test_i18n</b></td></tr>
                            <tr><th>Outcome:</th><td>Skipped</td></tr>
                            <tr><th>Duration:</th><td>0.001 sec</td></tr>
                        
                        
                            <tr><th>Skipped</th><td></td></tr>
                        
                        </table>

                        
                        
                        <pre>skipped</pre>
                        

                        
                        
                        
                    </div>
                
                    <div class="test outcome outcome-skipped">
                        <a id="933a68fa-f779-44a1-8c2c-8cbd32afba9d"></a>
                        <table class="proplist">
                            <tr><th>Test case:</th><td><b>test_informes[report]</b></td></tr>
                            <tr><th>Outcome:</th><td>Skipped</td></tr>
                            <tr><th>Duration:</th><td>0.001 sec</td></tr>
                        
                        
                            <tr><th>Skipped</th><td></td></tr>
                        
                        </table>

                        
                        
                        <pre>skipped</pre>
                        

                        
                        
                        
                    </div>
                
                    <div class="test outcome outcome-skipped">
                        <a id="522cba45-e53d-4e8d-aa32-d043610210aa"></a>
                        <table class="proplist">
                            <tr><th>Test case:</th><td><b>test_informes[template]</b></td></tr>
                            <tr><th>Outcome:</th><td>Skipped</td></tr>
                            <tr><th>Duration:</th><td>0.001 sec</td></tr>
                        
                        
                            <tr><th>Skipped</th><td></td></tr>
                        
                        </table>

                        
                        
                        <pre>skipped</pre>
                        

                        
                        
                        
                    </div>
                
                </div>
            </div>
            
            <div class="testclass">
                <h4>test_minimal_requirements.TestOtros</h4>
                <div class="testcases">
                
                    <div class="test outcome outcome-passed">
                        <a id="2c996887-1b85-4c7d-924f-a6f428964d54"></a>
                        <table class="proplist">
                            <tr><th>Test case:</th><td><b>test_log_sin_warnings</b></td></tr>
                            <tr><th>Outcome:</th><td>Passed</td></tr>
                            <tr><th>Duration:</th><td>4.294 sec</td></tr>
                        
                        
                        </table>

                        
                        

                        
                        
                        
                    </div>
                
                </div>
            </div>
            
        </div>
    </div>
    



<p class="footer">
    Generated by junit2html
</p>
</body>
</html>