<!DOCTYPE html>
<html lang="en">
<head>
    <meta charset="UTF-8">
    <title>pcs_tienda_animal-pytest.xml</title>
    <style type="text/css">
        body {
    background-color: white;
    padding-bottom: 20em;
    margin: 0;
    min-height: 15cm;
}

h1, h2, h3, h4, h5, h6, h7 {
    font-family: sans-serif;
}

h1 {
    background-color: #007acc;
    color: white;
    padding: 3mm;
    margin-top: 0;
    margin-bottom: 1mm;
}

.footer {
    font-style: italic;
    font-size: small;
    text-align: right;
    padding: 1em;
}

.testsuite {
    padding-bottom: 2em;
    margin-left: 1em;
}

.proplist {
    width: 100%;
    margin-bottom: 2em;
    border-collapse: collapse;
    border: 1px solid grey;
}

.proplist th {
    background-color: silver;
    width: 5em;
    padding: 2px;
    padding-right: 1em;
    text-align: left;
}

.proplist td {
    padding: 2px;
}

.index-table {
    width: 90%;
    margin-left: 1em;
}

.index-table td {
    vertical-align: top;
    max-width: 200px;
    word-wrap: break-word;
}

.failure-index {

}

.toc {
    margin-bottom: 2em;
    font-family: monospace;
}

.stdio, pre {
    min-height: 1em;
    background-color: #1e1e1e;
    color: silver;
    padding: 0.5em;
}
.tdpre {
    background-color: #1e1e1e;
}

.test {
    margin-left: 0.5cm;
}

.outcome {
    border-left: 1em;
    padding: 2px;
}

.outcome-failed {
    border-left: 1em solid lightcoral;
}

.outcome-passed {
    border-left: 1em solid lightgreen;
}

.outcome-skipped {
    border-left: 1em dotted silver;
}

.stats-table {
}

.stats-table td {
    min-width: 4em;
    text-align: right;
}

.stats-table .failed {
    background-color: lightcoral;
}

.stats-table .passed {
    background-color: lightgreen;
}

.matrix-table {
    table-layout: fixed;
    border-spacing: 0;
    width: available;
    margin-left: 1em;
}

.matrix-table td {
    vertical-align: center;
}

.matrix-table td:last-child {
    width: 0;
}

.matrix-table tr:hover {
    background-color: yellow;
}

.matrix-axis-name {
    white-space: nowrap;
    padding-right: 0.5em;
    border-left: 1px solid black;
    border-top: 1px solid black;
    text-align: right;
}

.matrix-axis-line {
    border-left: 1px solid black;
    width: 0.5em;
}

.matrix-classname {
    text-align: left;
    width: 100%;
    border-top: 2px solid grey;
    border-bottom: 1px solid silver;
}

.matrix-casename {
    text-align: left;
    font-weight: normal;
    font-style: italic;
    padding-left: 1em;
    border-bottom: 1px solid silver;
}

.matrix-result {
    display: block;
    width: 1em;
    text-align: center;
    padding: 1mm;
    margin: 0;
}

.matrix-result-combined {
    white-space: nowrap;
    padding-right: 0.2em;
    text-align: right;
}

.matrix-result-failed {
    background-color: lightcoral;
}

.matrix-result-passed {
    background-color: lightgreen;
}

.matrix-result-skipped {
    background-color: lightyellow;
}

.matrix-even {
    background-color: lightgray;
}
    </style>
</head>
<body>
    
<h1>
    Test Report : pcs_tienda_animal-pytest.xml
</h1>
<a id="toc"></a>
<table class="index-table">
    <tr>
        <td>
            <ul class="toc">
            
                
                <li>test_minimal_requirements.TestRNF1
                <ul>
                    
                    <li><a href="#46f1416e-8707-48ff-a523-352802417bcf">test_app_tiene_al_menos_4_modelos</a></li>
                    
                    <li><a href="#24b87f91-1b5c-429f-890e-63e6c07facb4">test_modelos_en_ficheros_individuales</a></li>
                    
                </ul>
                </li>
                
                <li>test_minimal_requirements.TestRNF2
                <ul>
                    
                    <li><a href="#211ff86c-519d-49a4-b6a1-febe65a349e5">test_relacion_many2many</a></li>
                    
                    <li><a href="#a7f621db-eadb-47fe-b9df-54fe5783f051">test_modelos_tienen_algun_campo_relacion[one2many]</a></li>
                    
                    <li><a href="#3dc974d5-7e46-416f-83a1-9df7ce9d893b">test_modelos_tienen_algun_campo_relacion[many2one]</a></li>
                    
                    <li><a href="#69aec398-866e-4b2a-a58d-93f754a9d22d">test_unknown_comodel_name</a></li>
                    
                </ul>
                </li>
                
                <li>test_minimal_requirements.TestRNF3
                <ul>
                    
                    <li><a href="#46f212f4-ce08-4ecf-97b7-7bd53dce618c">test_modelos_tienen_vista[tree]</a></li>
                    
                    <li><a href="#78f57278-066d-4a83-9ad0-ea8729db605d">test_modelos_tienen_vista[form]</a></li>
                    
                    <li><a href="#1de6a24c-fa2b-40a8-87ba-2a565dabf600">test_formularios_tienen_vista_anidada_para_campos_X2many[one2many]</a></li>
                    
                    <li><a href="#7a470bd1-2f03-4aa9-919c-90087596dacb">test_formularios_tienen_vista_anidada_para_campos_X2many[many2many]</a></li>
                    
                </ul>
                </li>
                
                <li>test_minimal_requirements.TestRNF4
                <ul>
                    
                    <li><a href="#03f67d9f-29f5-46a9-a56a-8b542961908b">test_vistas_en_ficheros_individuales</a></li>
                    
                </ul>
                </li>
                
                <li>test_minimal_requirements.TestRNF5
                <ul>
                    
                    <li><a href="#3a47635d-0a5a-4d05-9524-8bcf7a1dbc2d">test_modelos_tienen_algun_posible_campo_imagen</a></li>
                    
                    <li><a href="#bb2cf7af-ba5b-4d50-95aa-0830a3188b1d">test_alguna_vista_tiene_campo_imagen</a></li>
                    
                </ul>
                </li>
                
                <li>test_minimal_requirements.TestRNF6
                <ul>
                    
                    <li><a href="#51467324-0041-48b4-8540-45940252ebae">test_modelos_tienen_acciones</a></li>
                    
                    <li><a href="#c7ce7283-94eb-40d6-a270-d06c5d6caf3a">test_hay_elementos_de_menu[.//menuitem[@action]]</a></li>
                    
                </ul>
                </li>
                
                <li>test_minimal_requirements.TestRNF7
                <ul>
                    
                    <li><a href="#5fe3a776-3c59-4519-94bd-22c13a5f450b">test_modelos_tienen_permisos</a></li>
                    
                </ul>
                </li>
                
                <li>test_minimal_requirements.TestRNF8
                <ul>
                    
                    <li><a href="#1b9e160a-86bd-44a9-98e0-abf25511716d">test_app_tiene_icono</a></li>
                    
                </ul>
                </li>
                
                <li>test_minimal_requirements.TestRNF9
                <ul>
                    
                    <li><a href="#95bcaf92-c77b-46a4-b454-af8de2ed0e81">test_modelos_tienen_datos_demo</a></li>
                    
                </ul>
                </li>
                
                <li>test_minimal_requirements.TestRNFGit
                <ul>
                    
                    <li><a href="#c7d776b3-53e8-4da8-96c8-a03dbc68d027">test_git_commit_frecuentes</a></li>
                    
                </ul>
                </li>
                
                <li>test_minimal_requirements.TestRNFCalidad
                <ul>
                    
                    <li><a href="#edfc7e4e-a12d-4ff6-98ad-743023333a4f">test_odoo_disponible</a></li>
                    
                    <li><a href="#ec636cfd-c971-42f0-85ac-bf3838b74c8c">test_app_instalada</a></li>
                    
                    <li><a href="#07c04458-8a93-4bf2-bbc7-99ec06d6fab4">test_otras_apps_entregadas_son_dependencias</a></li>
                    
                    <li><a href="#b0de606d-4bf2-4e7a-8a1e-3c53226b7493">test_no_hay_elementos_xml_comentados</a></li>
                    
                    <li><a href="#37448718-b667-41c7-814f-ce76cae97873">test_no_hay_codigo_python_comentado</a></li>
                    
                    <li><a href="#8190cda3-0456-46b3-80da-a17c3c16a090">test_log_servidor_sin_errores</a></li>
                    
                </ul>
                </li>
                
                <li>test_minimal_requirements.TestOtros
                <ul>
                    
                    <li><a href="#05d8eab7-fa28-468e-85d0-bc363cb3f9a6">test_log_sin_warnings</a>[s]</li>
                    
                </ul>
                </li>
                
                <li>test_minimal_requirements.TestRNFAdicionalesKanban
                <ul>
                    
                    <li><a href="#8db0cf30-8482-4002-90ec-c07c7ffe7aa0">test_vista_kanban[/kanban]</a>[s]</li>
                    
                    <li><a href="#56a2fc23-8f24-4986-82aa-2d665bb97081">test_vista_kanban[/kanban[@default_group_by]]</a>[s]</li>
                    
                    <li><a href="#82e33c0b-679e-4d76-b70a-dca7b95b07c5">test_vista_kanban_imagen[/img]</a>[s]</li>
                    
                    <li><a href="#9838364b-2800-4c1c-9879-7bb19b2fa2bd">test_vista_kanban_imagen[/field[@preview_image]]</a>[s]</li>
                    
                    <li><a href="#2cdc14e8-c4b8-4075-803a-aef7a10f4ee2">test_vista_kanban_imagen[/field[@widget=&#34;image&#34;]]</a>[s]</li>
                    
                </ul>
                </li>
                
                <li>test_minimal_requirements.TestRNFAdicionalesBusqueda
                <ul>
                    
                    <li><a href="#97ac740f-ab8b-473d-a415-a027486a70bc">test_vista_search[/search]</a>[s]</li>
                    
                    <li><a href="#c265667a-456c-4848-a046-17c49492ce5f">test_vista_search_compleja[/filter[@domain]]</a>[s]</li>
                    
                    <li><a href="#216d4956-2e2e-451c-a8a0-c63ee905a868">test_vista_search_compleja[/group//filter[@context]]</a>[s]</li>
                    
                </ul>
                </li>
                
                <li>test_minimal_requirements.TestRNFAdicionalesOtrasVistas
                <ul>
                    
                    <li><a href="#8ad7e08f-8e4b-481a-b40b-bda65a7f843b">test_otras_vistas_adicionales[activity]</a>[s]</li>
                    
                    <li><a href="#f01494fe-9a8a-44bb-9811-6dc3b9713d27">test_otras_vistas_adicionales[calendar]</a>[s]</li>
                    
                    <li><a href="#d61629fc-d0dd-4c41-90f7-bb9f5011b314">test_otras_vistas_adicionales[graph]</a>[s]</li>
                    
                    <li><a href="#47cb010f-bf8e-489a-8d9e-e00290ef9ac6">test_otras_vistas_adicionales[pivot]</a>[s]</li>
                    
                </ul>
                </li>
                
                <li>test_minimal_requirements.TestRNFAdicionalesConstraints
                <ul>
                    
                    <li><a href="#5d5f3917-af8c-4499-aa71-2b23e3490cd2">test_constraints_sql</a>[s]</li>
                    
                </ul>
                </li>
                
                <li>test_minimal_requirements.TestRNFAdicionalesSeguridadAvanzada
                <ul>
                    
                    <li><a href="#d238b7d4-3b23-46d9-868c-34b150cab159">test_seguridad_con_grupos_propios</a>[s]</li>
                    
                </ul>
                </li>
                
                <li>test_minimal_requirements.TestRNFAdicionalesDatosAvanzados
                <ul>
                    
                    <li><a href="#dcb3badf-b885-41dc-9ca4-1dd04a29e250">test_datos_maestros_o_demo_avanzados[binary]</a>[s]</li>
                    
                    <li><a href="#c49b213e-533b-430a-91d6-f33e0354e103">test_datos_maestros_o_demo_avanzados[many2many]</a>[s]</li>
                    
                    <li><a href="#4ee0f03e-5482-4bea-bf07-4d5350b8d3d7">test_datos_maestros_o_demo_avanzados[many2one]</a>[s]</li>
                    
                </ul>
                </li>
                
                <li>test_minimal_requirements.TestRNFAdicionalesHerenciaVistas
                <ul>
                    
                    <li><a href="#d680e0ac-dd39-4e8d-ae7e-6e2b461fa28c">test_herencia_en_vistas_con_position</a>[s]</li>
                    
                    <li><a href="#0496362d-53f1-4775-a761-a975f78196f1">test_herencia_en_vistas_con_inherit_id</a>[s]</li>
                    
                </ul>
                </li>
                
                <li>test_minimal_requirements.TestRNFAdicionalesHerenciaModelos
                <ul>
                    
                    <li><a href="#4d476285-3572-4b15-b064-76c9de8ae8e4">test_modelos_existentes_modificados_por_herencia</a>[s]</li>
                    
                    <li><a href="#4ccc90f2-0b9e-4073-95fe-6a11dac4237c">test_nuevos_modelos_con_herencia</a>[s]</li>
                    
                </ul>
                </li>
                
                <li>test_minimal_requirements.TestRNFAdicionalesTraducciones
                <ul>
                    
                    <li><a href="#e2939d9b-514f-424c-938f-46cb9e612818">test_i18n</a>[s]</li>
                    
                </ul>
                </li>
                
                <li>test_minimal_requirements.TestRNFAdicionalesInformes
                <ul>
                    
                    <li><a href="#f34794a5-c93b-4e72-a73e-6aec620ff8a0">test_informes[report]</a>[s]</li>
                    
                    <li><a href="#520df58d-95cd-436c-9679-b84046cf117b">test_informes[template]</a>[s]</li>
                    
                    <li><a href="#c8626c8b-89ed-4232-8a9c-eadab400c7e8">test_informes_complejos[/t[@t-foreach]]</a>[s]</li>
                    
                    <li><a href="#39614ba7-2e31-499c-9a99-1c496d78178f">test_informes_complejos[/img[@t-att-src]]</a>[s]</li>
                    
                    <li><a href="#59cb9329-7fe6-4fd6-b13d-34b5757f188c">test_informes_complejos[/t[@t-call and not(@t-call=&#34;web.external_layout&#34; or @t-call=&#34;web.html_container&#34;)]]</a>[s]</li>
                    
                </ul>
                </li>
                
                <li>test_minimal_requirements.TestRNFAdicionalesChatter
                <ul>
                    
                    <li><a href="#1c6ebad8-bd9d-48f1-adea-ceb2d2a611e9">test_chatter[mail_thread]</a>[s]</li>
                    
                    <li><a href="#f4ee09d2-9084-4f2a-aa02-cd977efa1b75">test_chatter[mail_activity_mixin]</a>[s]</li>
                    
                    <li><a href="#43c3c93b-b16f-42d9-a938-3af79adf2bef">test_chatter_tracking</a>[s]</li>
                    
                    <li><a href="#ed6a1e31-7649-4711-badc-f2fa7d90b6b9">test_vista_chatter_div</a>[s]</li>
                    
                    <li><a href="#eddf110c-c69f-41cc-824e-53d0e937d5c0">test_vista_chatter_fields[.//field[@name=&#34;message_follower_ids&#34;]]</a>[s]</li>
                    
                    <li><a href="#85653f26-99bc-41cb-8f8a-aec59696e5f2">test_vista_chatter_fields[.//field[@name=&#34;activity_ids&#34;]]</a>[s]</li>
                    
                    <li><a href="#6ff4aec9-ff62-4aed-be2a-3d23b7fd19b1">test_vista_chatter_fields[.//field[@name=&#34;message_ids&#34;]]</a>[s]</li>
                    
                    <li><a href="#7045dcfd-5a9e-41a1-9b69-cc83b86f8ca9">test_vista_chatter_fields[.//field[@widget=&#34;mail_followers&#34;]]</a>[s]</li>
                    
                    <li><a href="#19b5e80f-2fe2-401a-ad6f-b3e85ffc91b8">test_vista_chatter_fields[.//field[@widget=&#34;mail_thread&#34;]]</a>[s]</li>
                    
                    <li><a href="#094b2f45-4866-4eba-9fbc-cc68668c0510">test_vista_chatter_fields[.//field[@widget=&#34;mail_activity&#34;]]</a>[s]</li>
                    
                </ul>
                </li>
                
            
            </ul>
        </td>
        <td class="failure-index">
            <ul class="toc">
            
                
                    
                    
                    <li><a href="#46f1416e-8707-48ff-a523-352802417bcf">[F] test_minimal_requirements.TestRNF1 : test_app_tiene_al_menos_4_modelos</a></li>
                    
                    
                    
                    <li><a href="#24b87f91-1b5c-429f-890e-63e6c07facb4">[F] test_minimal_requirements.TestRNF1 : test_modelos_en_ficheros_individuales</a></li>
                    
                    
                
                    
                    
                    <li><a href="#211ff86c-519d-49a4-b6a1-febe65a349e5">[F] test_minimal_requirements.TestRNF2 : test_relacion_many2many</a></li>
                    
                    
                    
                    <li><a href="#a7f621db-eadb-47fe-b9df-54fe5783f051">[F] test_minimal_requirements.TestRNF2 : test_modelos_tienen_algun_campo_relacion[one2many]</a></li>
                    
                    
                    
                    <li><a href="#3dc974d5-7e46-416f-83a1-9df7ce9d893b">[F] test_minimal_requirements.TestRNF2 : test_modelos_tienen_algun_campo_relacion[many2one]</a></li>
                    
                    
                    
                    <li><a href="#69aec398-866e-4b2a-a58d-93f754a9d22d">[F] test_minimal_requirements.TestRNF2 : test_unknown_comodel_name</a></li>
                    
                    
                
                    
                    
                    <li><a href="#46f212f4-ce08-4ecf-97b7-7bd53dce618c">[F] test_minimal_requirements.TestRNF3 : test_modelos_tienen_vista[tree]</a></li>
                    
                    
                    
                    <li><a href="#78f57278-066d-4a83-9ad0-ea8729db605d">[F] test_minimal_requirements.TestRNF3 : test_modelos_tienen_vista[form]</a></li>
                    
                    
                    
                    <li><a href="#1de6a24c-fa2b-40a8-87ba-2a565dabf600">[F] test_minimal_requirements.TestRNF3 : test_formularios_tienen_vista_anidada_para_campos_X2many[one2many]</a></li>
                    
                    
                    
                    <li><a href="#7a470bd1-2f03-4aa9-919c-90087596dacb">[F] test_minimal_requirements.TestRNF3 : test_formularios_tienen_vista_anidada_para_campos_X2many[many2many]</a></li>
                    
                    
                
                    
                    
                    <li><a href="#03f67d9f-29f5-46a9-a56a-8b542961908b">[F] test_minimal_requirements.TestRNF4 : test_vistas_en_ficheros_individuales</a></li>
                    
                    
                
                    
                    
                    <li><a href="#3a47635d-0a5a-4d05-9524-8bcf7a1dbc2d">[F] test_minimal_requirements.TestRNF5 : test_modelos_tienen_algun_posible_campo_imagen</a></li>
                    
                    
                    
                    <li><a href="#bb2cf7af-ba5b-4d50-95aa-0830a3188b1d">[F] test_minimal_requirements.TestRNF5 : test_alguna_vista_tiene_campo_imagen</a></li>
                    
                    
                
                    
                    
                    <li><a href="#51467324-0041-48b4-8540-45940252ebae">[F] test_minimal_requirements.TestRNF6 : test_modelos_tienen_acciones</a></li>
                    
                    
                    
                    <li><a href="#c7ce7283-94eb-40d6-a270-d06c5d6caf3a">[F] test_minimal_requirements.TestRNF6 : test_hay_elementos_de_menu[.//menuitem[@action]]</a></li>
                    
                    
                
                    
                    
                    <li><a href="#5fe3a776-3c59-4519-94bd-22c13a5f450b">[F] test_minimal_requirements.TestRNF7 : test_modelos_tienen_permisos</a></li>
                    
                    
                
                    
                    
                    <li><a href="#1b9e160a-86bd-44a9-98e0-abf25511716d">[F] test_minimal_requirements.TestRNF8 : test_app_tiene_icono</a></li>
                    
                    
                
                    
                    
                    <li><a href="#95bcaf92-c77b-46a4-b454-af8de2ed0e81">[F] test_minimal_requirements.TestRNF9 : test_modelos_tienen_datos_demo</a></li>
                    
                    
                
                    
                    
                    <li><a href="#c7d776b3-53e8-4da8-96c8-a03dbc68d027">[F] test_minimal_requirements.TestRNFGit : test_git_commit_frecuentes</a></li>
                    
                    
                
                    
                    
                    <li><a href="#edfc7e4e-a12d-4ff6-98ad-743023333a4f">[F] test_minimal_requirements.TestRNFCalidad : test_odoo_disponible</a></li>
                    
                    
                    
                    <li><a href="#ec636cfd-c971-42f0-85ac-bf3838b74c8c">[F] test_minimal_requirements.TestRNFCalidad : test_app_instalada</a></li>
                    
                    
                    
                    <li><a href="#07c04458-8a93-4bf2-bbc7-99ec06d6fab4">[F] test_minimal_requirements.TestRNFCalidad : test_otras_apps_entregadas_son_dependencias</a></li>
                    
                    
                    
                    <li><a href="#b0de606d-4bf2-4e7a-8a1e-3c53226b7493">[F] test_minimal_requirements.TestRNFCalidad : test_no_hay_elementos_xml_comentados</a></li>
                    
                    
                    
                    <li><a href="#37448718-b667-41c7-814f-ce76cae97873">[F] test_minimal_requirements.TestRNFCalidad : test_no_hay_codigo_python_comentado</a></li>
                    
                    
                    
                    <li><a href="#8190cda3-0456-46b3-80da-a17c3c16a090">[F] test_minimal_requirements.TestRNFCalidad : test_log_servidor_sin_errores</a></li>
                    
                    
                
                    
                    
                    
                
                    
                    
                    
                    
                    
                    
                    
                    
                    
                    
                    
                
                    
                    
                    
                    
                    
                    
                    
                
                    
                    
                    
                    
                    
                    
                    
                    
                    
                
                    
                    
                    
                
                    
                    
                    
                
                    
                    
                    
                    
                    
                    
                    
                
                    
                    
                    
                    
                    
                
                    
                    
                    
                    
                    
                
                    
                    
                    
                
                    
                    
                    
                    
                    
                    
                    
                    
                    
                    
                    
                
                    
                    
                    
                    
                    
                    
                    
                    
                    
                    
                    
                    
                    
                    
                    
                    
                    
                    
                    
                    
                    
                
            
            </ul>
        </td>
    </tr>
</table>


    <div class="testsuite">
        <h2>Test Suite: pytest</h2>
        <a id="5b1ce9a7-eddb-4240-b37c-eb85aa39087c"></a>
        
        
        <h3>Results</h3>
        <table class="proplist">
            <tr>
                <th>Duration</th><td>5.336 sec</td>
            </tr>
            <tr>
                <th>Tests</th><td>63</td>
            </tr>
            <tr>
                <th>Failures</th><td>25</td>
            </tr>
        </table>

        <div class="testclasses">
            <h3>Tests</h3>
            
            <div class="testclass">
                <h4>test_minimal_requirements.TestRNF1</h4>
                <div class="testcases">
                
                    <div class="test outcome outcome-failed">
                        <a id="46f1416e-8707-48ff-a523-352802417bcf"></a>
                        <table class="proplist">
                            <tr><th>Test case:</th><td><b>test_app_tiene_al_menos_4_modelos</b></td></tr>
                            <tr><th>Outcome:</th><td>Failed</td></tr>
                            <tr><th>Duration:</th><td>0.07 sec</td></tr>
                        
                            <tr><th>Failed</th><td>failed on setup with &#34;Exception: Command docker compose -f &#34;/home/madrid/Escritorio/SGE/SGE-odoo-project-tester/projects/docker-compose.yml&#34; -p &#34;pytest58422&#34; up --build -d returned 1: &#34;&#34;&#34;time=&#34;2025-02-26T16:27:32+01:00&#34; level=warning msg=&#34;/home/madrid/Escritorio/SGE/SGE-odoo-project-tester/projects/docker-compose.yml: `version` is obsolete&#34;
 Network pytest58422_default  Creating
 Network pytest58422_default  Error
failed to create network pytest58422_default: Error response from daemon: could not find an available, non-overlapping IPv4 address pool among the defaults to assign to the network
&#34;&#34;&#34;.&#34;</td></tr>
                        
                        
                        </table>

                        
                        <pre>docker_compose_command = &#39;docker compose&#39;, docker_compose_file = &#39;/home/madrid/Escritorio/SGE/SGE-odoo-project-tester/projects/docker-compose.yml&#39;, docker_compose_project_name = &#39;pytest58422&#39;
docker_setup = [&#39;up --build -d&#39;], docker_cleanup = [&#39;down -v&#39;]

    @pytest.fixture(scope=containers_scope)
    def docker_services(
        docker_compose_command: str,
        docker_compose_file: Union[List[str], str],
        docker_compose_project_name: str,
        docker_setup: str,
        docker_cleanup: str,
    ) -&gt; Iterator[Services]:
        &#34;&#34;&#34;Start all services from a docker compose file (`docker-compose up`).
        After test are finished, shutdown all services (`docker-compose down`).&#34;&#34;&#34;
    
&gt;       with get_docker_services(
            docker_compose_command,
            docker_compose_file,
            docker_compose_project_name,
            docker_setup,
            docker_cleanup,
        ) as docker_service:

.venv/lib/python3.8/site-packages/pytest_docker/plugin.py:238: 
_ _ _ _ _ _ _ _ _ _ _ _ _ _ _ _ _ _ _ _ _ _ _ _ _ _ _ _ _ _ _ _ _ _ _ _ _ _ _ _ _ _ _ _ _ _ _ _ _ _ _ _ _ _ _ _ _ _ _ _ _ _ _ _ _ _ _ _ _ _ _ _ _ _ _ _ _ _ _ _ _ _ _ _ _ _ _ _ _ _ _ _ _ _ _ _ _ _ _ _ _ _ _ _ _ _
/usr/lib/python3.8/contextlib.py:113: in __enter__
    return next(self.gen)
.venv/lib/python3.8/site-packages/pytest_docker/plugin.py:212: in get_docker_services
    docker_compose.execute(command)
.venv/lib/python3.8/site-packages/pytest_docker/plugin.py:140: in execute
    return execute(command)
_ _ _ _ _ _ _ _ _ _ _ _ _ _ _ _ _ _ _ _ _ _ _ _ _ _ _ _ _ _ _ _ _ _ _ _ _ _ _ _ _ _ _ _ _ _ _ _ _ _ _ _ _ _ _ _ _ _ _ _ _ _ _ _ _ _ _ _ _ _ _ _ _ _ _ _ _ _ _ _ _ _ _ _ _ _ _ _ _ _ _ _ _ _ _ _ _ _ _ _ _ _ _ _ _ _

command = &#39;docker compose -f &#34;/home/madrid/Escritorio/SGE/SGE-odoo-project-tester/projects/docker-compose.yml&#34; -p &#34;pytest58422&#34; up --build -d&#39;, success_codes = (0,)

    def execute(command: str, success_codes: Iterable[int] = (0,)) -&gt; Union[bytes, Any]:
        &#34;&#34;&#34;Run a shell command.&#34;&#34;&#34;
        try:
            output = subprocess.check_output(command, stderr=subprocess.STDOUT, shell=True)
            status = 0
        except subprocess.CalledProcessError as error:
            output = error.output or b&#34;&#34;
            status = error.returncode
            command = error.cmd
    
        if status not in success_codes:
&gt;           raise Exception(
                &#39;Command {} returned {}: &#34;&#34;&#34;{}&#34;&#34;&#34;.&#39;.format(command, status, output.decode(&#34;utf-8&#34;))
            )
E           Exception: Command docker compose -f &#34;/home/madrid/Escritorio/SGE/SGE-odoo-project-tester/projects/docker-compose.yml&#34; -p &#34;pytest58422&#34; up --build -d returned 1: &#34;&#34;&#34;time=&#34;2025-02-26T16:27:32+01:00&#34; level=warning msg=&#34;/home/madrid/Escritorio/SGE/SGE-odoo-project-tester/projects/docker-compose.yml: `version` is obsolete&#34;
E            Network pytest58422_default  Creating
E            Network pytest58422_default  Error
E           failed to create network pytest58422_default: Error response from daemon: could not find an available, non-overlapping IPv4 address pool among the defaults to assign to the network
E           &#34;&#34;&#34;.

.venv/lib/python3.8/site-packages/pytest_docker/plugin.py:35: Exception</pre>
                        
                        

                        
                        
                        
                    </div>
                
                    <div class="test outcome outcome-failed">
                        <a id="24b87f91-1b5c-429f-890e-63e6c07facb4"></a>
                        <table class="proplist">
                            <tr><th>Test case:</th><td><b>test_modelos_en_ficheros_individuales</b></td></tr>
                            <tr><th>Outcome:</th><td>Failed</td></tr>
                            <tr><th>Duration:</th><td>0.001 sec</td></tr>
                        
                            <tr><th>Failed</th><td>failed on setup with &#34;Exception: Command docker compose -f &#34;/home/madrid/Escritorio/SGE/SGE-odoo-project-tester/projects/docker-compose.yml&#34; -p &#34;pytest58422&#34; up --build -d returned 1: &#34;&#34;&#34;time=&#34;2025-02-26T16:27:32+01:00&#34; level=warning msg=&#34;/home/madrid/Escritorio/SGE/SGE-odoo-project-tester/projects/docker-compose.yml: `version` is obsolete&#34;
 Network pytest58422_default  Creating
 Network pytest58422_default  Error
failed to create network pytest58422_default: Error response from daemon: could not find an available, non-overlapping IPv4 address pool among the defaults to assign to the network
&#34;&#34;&#34;.&#34;</td></tr>
                        
                        
                        </table>

                        
                        <pre>docker_compose_command = &#39;docker compose&#39;, docker_compose_file = &#39;/home/madrid/Escritorio/SGE/SGE-odoo-project-tester/projects/docker-compose.yml&#39;, docker_compose_project_name = &#39;pytest58422&#39;
docker_setup = [&#39;up --build -d&#39;], docker_cleanup = [&#39;down -v&#39;]

    @pytest.fixture(scope=containers_scope)
    def docker_services(
        docker_compose_command: str,
        docker_compose_file: Union[List[str], str],
        docker_compose_project_name: str,
        docker_setup: str,
        docker_cleanup: str,
    ) -&gt; Iterator[Services]:
        &#34;&#34;&#34;Start all services from a docker compose file (`docker-compose up`).
        After test are finished, shutdown all services (`docker-compose down`).&#34;&#34;&#34;
    
&gt;       with get_docker_services(
            docker_compose_command,
            docker_compose_file,
            docker_compose_project_name,
            docker_setup,
            docker_cleanup,
        ) as docker_service:

.venv/lib/python3.8/site-packages/pytest_docker/plugin.py:238: 
_ _ _ _ _ _ _ _ _ _ _ _ _ _ _ _ _ _ _ _ _ _ _ _ _ _ _ _ _ _ _ _ _ _ _ _ _ _ _ _ _ _ _ _ _ _ _ _ _ _ _ _ _ _ _ _ _ _ _ _ _ _ _ _ _ _ _ _ _ _ _ _ _ _ _ _ _ _ _ _ _ _ _ _ _ _ _ _ _ _ _ _ _ _ _ _ _ _ _ _ _ _ _ _ _ _
/usr/lib/python3.8/contextlib.py:113: in __enter__
    return next(self.gen)
.venv/lib/python3.8/site-packages/pytest_docker/plugin.py:212: in get_docker_services
    docker_compose.execute(command)
.venv/lib/python3.8/site-packages/pytest_docker/plugin.py:140: in execute
    return execute(command)
_ _ _ _ _ _ _ _ _ _ _ _ _ _ _ _ _ _ _ _ _ _ _ _ _ _ _ _ _ _ _ _ _ _ _ _ _ _ _ _ _ _ _ _ _ _ _ _ _ _ _ _ _ _ _ _ _ _ _ _ _ _ _ _ _ _ _ _ _ _ _ _ _ _ _ _ _ _ _ _ _ _ _ _ _ _ _ _ _ _ _ _ _ _ _ _ _ _ _ _ _ _ _ _ _ _

command = &#39;docker compose -f &#34;/home/madrid/Escritorio/SGE/SGE-odoo-project-tester/projects/docker-compose.yml&#34; -p &#34;pytest58422&#34; up --build -d&#39;, success_codes = (0,)

    def execute(command: str, success_codes: Iterable[int] = (0,)) -&gt; Union[bytes, Any]:
        &#34;&#34;&#34;Run a shell command.&#34;&#34;&#34;
        try:
            output = subprocess.check_output(command, stderr=subprocess.STDOUT, shell=True)
            status = 0
        except subprocess.CalledProcessError as error:
            output = error.output or b&#34;&#34;
            status = error.returncode
            command = error.cmd
    
        if status not in success_codes:
&gt;           raise Exception(
                &#39;Command {} returned {}: &#34;&#34;&#34;{}&#34;&#34;&#34;.&#39;.format(command, status, output.decode(&#34;utf-8&#34;))
            )
E           Exception: Command docker compose -f &#34;/home/madrid/Escritorio/SGE/SGE-odoo-project-tester/projects/docker-compose.yml&#34; -p &#34;pytest58422&#34; up --build -d returned 1: &#34;&#34;&#34;time=&#34;2025-02-26T16:27:32+01:00&#34; level=warning msg=&#34;/home/madrid/Escritorio/SGE/SGE-odoo-project-tester/projects/docker-compose.yml: `version` is obsolete&#34;
E            Network pytest58422_default  Creating
E            Network pytest58422_default  Error
E           failed to create network pytest58422_default: Error response from daemon: could not find an available, non-overlapping IPv4 address pool among the defaults to assign to the network
E           &#34;&#34;&#34;.

.venv/lib/python3.8/site-packages/pytest_docker/plugin.py:35: Exception</pre>
                        
                        

                        
                        
                        
                    </div>
                
                </div>
            </div>
            
            <div class="testclass">
                <h4>test_minimal_requirements.TestRNF2</h4>
                <div class="testcases">
                
                    <div class="test outcome outcome-failed">
                        <a id="211ff86c-519d-49a4-b6a1-febe65a349e5"></a>
                        <table class="proplist">
                            <tr><th>Test case:</th><td><b>test_relacion_many2many</b></td></tr>
                            <tr><th>Outcome:</th><td>Failed</td></tr>
                            <tr><th>Duration:</th><td>0.001 sec</td></tr>
                        
                            <tr><th>Failed</th><td>failed on setup with &#34;Exception: Command docker compose -f &#34;/home/madrid/Escritorio/SGE/SGE-odoo-project-tester/projects/docker-compose.yml&#34; -p &#34;pytest58422&#34; up --build -d returned 1: &#34;&#34;&#34;time=&#34;2025-02-26T16:27:32+01:00&#34; level=warning msg=&#34;/home/madrid/Escritorio/SGE/SGE-odoo-project-tester/projects/docker-compose.yml: `version` is obsolete&#34;
 Network pytest58422_default  Creating
 Network pytest58422_default  Error
failed to create network pytest58422_default: Error response from daemon: could not find an available, non-overlapping IPv4 address pool among the defaults to assign to the network
&#34;&#34;&#34;.&#34;</td></tr>
                        
                        
                        </table>

                        
                        <pre>docker_compose_command = &#39;docker compose&#39;, docker_compose_file = &#39;/home/madrid/Escritorio/SGE/SGE-odoo-project-tester/projects/docker-compose.yml&#39;, docker_compose_project_name = &#39;pytest58422&#39;
docker_setup = [&#39;up --build -d&#39;], docker_cleanup = [&#39;down -v&#39;]

    @pytest.fixture(scope=containers_scope)
    def docker_services(
        docker_compose_command: str,
        docker_compose_file: Union[List[str], str],
        docker_compose_project_name: str,
        docker_setup: str,
        docker_cleanup: str,
    ) -&gt; Iterator[Services]:
        &#34;&#34;&#34;Start all services from a docker compose file (`docker-compose up`).
        After test are finished, shutdown all services (`docker-compose down`).&#34;&#34;&#34;
    
&gt;       with get_docker_services(
            docker_compose_command,
            docker_compose_file,
            docker_compose_project_name,
            docker_setup,
            docker_cleanup,
        ) as docker_service:

.venv/lib/python3.8/site-packages/pytest_docker/plugin.py:238: 
_ _ _ _ _ _ _ _ _ _ _ _ _ _ _ _ _ _ _ _ _ _ _ _ _ _ _ _ _ _ _ _ _ _ _ _ _ _ _ _ _ _ _ _ _ _ _ _ _ _ _ _ _ _ _ _ _ _ _ _ _ _ _ _ _ _ _ _ _ _ _ _ _ _ _ _ _ _ _ _ _ _ _ _ _ _ _ _ _ _ _ _ _ _ _ _ _ _ _ _ _ _ _ _ _ _
/usr/lib/python3.8/contextlib.py:113: in __enter__
    return next(self.gen)
.venv/lib/python3.8/site-packages/pytest_docker/plugin.py:212: in get_docker_services
    docker_compose.execute(command)
.venv/lib/python3.8/site-packages/pytest_docker/plugin.py:140: in execute
    return execute(command)
_ _ _ _ _ _ _ _ _ _ _ _ _ _ _ _ _ _ _ _ _ _ _ _ _ _ _ _ _ _ _ _ _ _ _ _ _ _ _ _ _ _ _ _ _ _ _ _ _ _ _ _ _ _ _ _ _ _ _ _ _ _ _ _ _ _ _ _ _ _ _ _ _ _ _ _ _ _ _ _ _ _ _ _ _ _ _ _ _ _ _ _ _ _ _ _ _ _ _ _ _ _ _ _ _ _

command = &#39;docker compose -f &#34;/home/madrid/Escritorio/SGE/SGE-odoo-project-tester/projects/docker-compose.yml&#34; -p &#34;pytest58422&#34; up --build -d&#39;, success_codes = (0,)

    def execute(command: str, success_codes: Iterable[int] = (0,)) -&gt; Union[bytes, Any]:
        &#34;&#34;&#34;Run a shell command.&#34;&#34;&#34;
        try:
            output = subprocess.check_output(command, stderr=subprocess.STDOUT, shell=True)
            status = 0
        except subprocess.CalledProcessError as error:
            output = error.output or b&#34;&#34;
            status = error.returncode
            command = error.cmd
    
        if status not in success_codes:
&gt;           raise Exception(
                &#39;Command {} returned {}: &#34;&#34;&#34;{}&#34;&#34;&#34;.&#39;.format(command, status, output.decode(&#34;utf-8&#34;))
            )
E           Exception: Command docker compose -f &#34;/home/madrid/Escritorio/SGE/SGE-odoo-project-tester/projects/docker-compose.yml&#34; -p &#34;pytest58422&#34; up --build -d returned 1: &#34;&#34;&#34;time=&#34;2025-02-26T16:27:32+01:00&#34; level=warning msg=&#34;/home/madrid/Escritorio/SGE/SGE-odoo-project-tester/projects/docker-compose.yml: `version` is obsolete&#34;
E            Network pytest58422_default  Creating
E            Network pytest58422_default  Error
E           failed to create network pytest58422_default: Error response from daemon: could not find an available, non-overlapping IPv4 address pool among the defaults to assign to the network
E           &#34;&#34;&#34;.

.venv/lib/python3.8/site-packages/pytest_docker/plugin.py:35: Exception</pre>
                        
                        

                        
                        
                        
                    </div>
                
                    <div class="test outcome outcome-failed">
                        <a id="a7f621db-eadb-47fe-b9df-54fe5783f051"></a>
                        <table class="proplist">
                            <tr><th>Test case:</th><td><b>test_modelos_tienen_algun_campo_relacion[one2many]</b></td></tr>
                            <tr><th>Outcome:</th><td>Failed</td></tr>
                            <tr><th>Duration:</th><td>0.001 sec</td></tr>
                        
                            <tr><th>Failed</th><td>failed on setup with &#34;Exception: Command docker compose -f &#34;/home/madrid/Escritorio/SGE/SGE-odoo-project-tester/projects/docker-compose.yml&#34; -p &#34;pytest58422&#34; up --build -d returned 1: &#34;&#34;&#34;time=&#34;2025-02-26T16:27:32+01:00&#34; level=warning msg=&#34;/home/madrid/Escritorio/SGE/SGE-odoo-project-tester/projects/docker-compose.yml: `version` is obsolete&#34;
 Network pytest58422_default  Creating
 Network pytest58422_default  Error
failed to create network pytest58422_default: Error response from daemon: could not find an available, non-overlapping IPv4 address pool among the defaults to assign to the network
&#34;&#34;&#34;.&#34;</td></tr>
                        
                        
                        </table>

                        
                        <pre>docker_compose_command = &#39;docker compose&#39;, docker_compose_file = &#39;/home/madrid/Escritorio/SGE/SGE-odoo-project-tester/projects/docker-compose.yml&#39;, docker_compose_project_name = &#39;pytest58422&#39;
docker_setup = [&#39;up --build -d&#39;], docker_cleanup = [&#39;down -v&#39;]

    @pytest.fixture(scope=containers_scope)
    def docker_services(
        docker_compose_command: str,
        docker_compose_file: Union[List[str], str],
        docker_compose_project_name: str,
        docker_setup: str,
        docker_cleanup: str,
    ) -&gt; Iterator[Services]:
        &#34;&#34;&#34;Start all services from a docker compose file (`docker-compose up`).
        After test are finished, shutdown all services (`docker-compose down`).&#34;&#34;&#34;
    
&gt;       with get_docker_services(
            docker_compose_command,
            docker_compose_file,
            docker_compose_project_name,
            docker_setup,
            docker_cleanup,
        ) as docker_service:

.venv/lib/python3.8/site-packages/pytest_docker/plugin.py:238: 
_ _ _ _ _ _ _ _ _ _ _ _ _ _ _ _ _ _ _ _ _ _ _ _ _ _ _ _ _ _ _ _ _ _ _ _ _ _ _ _ _ _ _ _ _ _ _ _ _ _ _ _ _ _ _ _ _ _ _ _ _ _ _ _ _ _ _ _ _ _ _ _ _ _ _ _ _ _ _ _ _ _ _ _ _ _ _ _ _ _ _ _ _ _ _ _ _ _ _ _ _ _ _ _ _ _
/usr/lib/python3.8/contextlib.py:113: in __enter__
    return next(self.gen)
.venv/lib/python3.8/site-packages/pytest_docker/plugin.py:212: in get_docker_services
    docker_compose.execute(command)
.venv/lib/python3.8/site-packages/pytest_docker/plugin.py:140: in execute
    return execute(command)
_ _ _ _ _ _ _ _ _ _ _ _ _ _ _ _ _ _ _ _ _ _ _ _ _ _ _ _ _ _ _ _ _ _ _ _ _ _ _ _ _ _ _ _ _ _ _ _ _ _ _ _ _ _ _ _ _ _ _ _ _ _ _ _ _ _ _ _ _ _ _ _ _ _ _ _ _ _ _ _ _ _ _ _ _ _ _ _ _ _ _ _ _ _ _ _ _ _ _ _ _ _ _ _ _ _

command = &#39;docker compose -f &#34;/home/madrid/Escritorio/SGE/SGE-odoo-project-tester/projects/docker-compose.yml&#34; -p &#34;pytest58422&#34; up --build -d&#39;, success_codes = (0,)

    def execute(command: str, success_codes: Iterable[int] = (0,)) -&gt; Union[bytes, Any]:
        &#34;&#34;&#34;Run a shell command.&#34;&#34;&#34;
        try:
            output = subprocess.check_output(command, stderr=subprocess.STDOUT, shell=True)
            status = 0
        except subprocess.CalledProcessError as error:
            output = error.output or b&#34;&#34;
            status = error.returncode
            command = error.cmd
    
        if status not in success_codes:
&gt;           raise Exception(
                &#39;Command {} returned {}: &#34;&#34;&#34;{}&#34;&#34;&#34;.&#39;.format(command, status, output.decode(&#34;utf-8&#34;))
            )
E           Exception: Command docker compose -f &#34;/home/madrid/Escritorio/SGE/SGE-odoo-project-tester/projects/docker-compose.yml&#34; -p &#34;pytest58422&#34; up --build -d returned 1: &#34;&#34;&#34;time=&#34;2025-02-26T16:27:32+01:00&#34; level=warning msg=&#34;/home/madrid/Escritorio/SGE/SGE-odoo-project-tester/projects/docker-compose.yml: `version` is obsolete&#34;
E            Network pytest58422_default  Creating
E            Network pytest58422_default  Error
E           failed to create network pytest58422_default: Error response from daemon: could not find an available, non-overlapping IPv4 address pool among the defaults to assign to the network
E           &#34;&#34;&#34;.

.venv/lib/python3.8/site-packages/pytest_docker/plugin.py:35: Exception</pre>
                        
                        

                        
                        
                        
                    </div>
                
                    <div class="test outcome outcome-failed">
                        <a id="3dc974d5-7e46-416f-83a1-9df7ce9d893b"></a>
                        <table class="proplist">
                            <tr><th>Test case:</th><td><b>test_modelos_tienen_algun_campo_relacion[many2one]</b></td></tr>
                            <tr><th>Outcome:</th><td>Failed</td></tr>
                            <tr><th>Duration:</th><td>0.001 sec</td></tr>
                        
                            <tr><th>Failed</th><td>failed on setup with &#34;Exception: Command docker compose -f &#34;/home/madrid/Escritorio/SGE/SGE-odoo-project-tester/projects/docker-compose.yml&#34; -p &#34;pytest58422&#34; up --build -d returned 1: &#34;&#34;&#34;time=&#34;2025-02-26T16:27:32+01:00&#34; level=warning msg=&#34;/home/madrid/Escritorio/SGE/SGE-odoo-project-tester/projects/docker-compose.yml: `version` is obsolete&#34;
 Network pytest58422_default  Creating
 Network pytest58422_default  Error
failed to create network pytest58422_default: Error response from daemon: could not find an available, non-overlapping IPv4 address pool among the defaults to assign to the network
&#34;&#34;&#34;.&#34;</td></tr>
                        
                        
                        </table>

                        
                        <pre>docker_compose_command = &#39;docker compose&#39;, docker_compose_file = &#39;/home/madrid/Escritorio/SGE/SGE-odoo-project-tester/projects/docker-compose.yml&#39;, docker_compose_project_name = &#39;pytest58422&#39;
docker_setup = [&#39;up --build -d&#39;], docker_cleanup = [&#39;down -v&#39;]

    @pytest.fixture(scope=containers_scope)
    def docker_services(
        docker_compose_command: str,
        docker_compose_file: Union[List[str], str],
        docker_compose_project_name: str,
        docker_setup: str,
        docker_cleanup: str,
    ) -&gt; Iterator[Services]:
        &#34;&#34;&#34;Start all services from a docker compose file (`docker-compose up`).
        After test are finished, shutdown all services (`docker-compose down`).&#34;&#34;&#34;
    
&gt;       with get_docker_services(
            docker_compose_command,
            docker_compose_file,
            docker_compose_project_name,
            docker_setup,
            docker_cleanup,
        ) as docker_service:

.venv/lib/python3.8/site-packages/pytest_docker/plugin.py:238: 
_ _ _ _ _ _ _ _ _ _ _ _ _ _ _ _ _ _ _ _ _ _ _ _ _ _ _ _ _ _ _ _ _ _ _ _ _ _ _ _ _ _ _ _ _ _ _ _ _ _ _ _ _ _ _ _ _ _ _ _ _ _ _ _ _ _ _ _ _ _ _ _ _ _ _ _ _ _ _ _ _ _ _ _ _ _ _ _ _ _ _ _ _ _ _ _ _ _ _ _ _ _ _ _ _ _
/usr/lib/python3.8/contextlib.py:113: in __enter__
    return next(self.gen)
.venv/lib/python3.8/site-packages/pytest_docker/plugin.py:212: in get_docker_services
    docker_compose.execute(command)
.venv/lib/python3.8/site-packages/pytest_docker/plugin.py:140: in execute
    return execute(command)
_ _ _ _ _ _ _ _ _ _ _ _ _ _ _ _ _ _ _ _ _ _ _ _ _ _ _ _ _ _ _ _ _ _ _ _ _ _ _ _ _ _ _ _ _ _ _ _ _ _ _ _ _ _ _ _ _ _ _ _ _ _ _ _ _ _ _ _ _ _ _ _ _ _ _ _ _ _ _ _ _ _ _ _ _ _ _ _ _ _ _ _ _ _ _ _ _ _ _ _ _ _ _ _ _ _

command = &#39;docker compose -f &#34;/home/madrid/Escritorio/SGE/SGE-odoo-project-tester/projects/docker-compose.yml&#34; -p &#34;pytest58422&#34; up --build -d&#39;, success_codes = (0,)

    def execute(command: str, success_codes: Iterable[int] = (0,)) -&gt; Union[bytes, Any]:
        &#34;&#34;&#34;Run a shell command.&#34;&#34;&#34;
        try:
            output = subprocess.check_output(command, stderr=subprocess.STDOUT, shell=True)
            status = 0
        except subprocess.CalledProcessError as error:
            output = error.output or b&#34;&#34;
            status = error.returncode
            command = error.cmd
    
        if status not in success_codes:
&gt;           raise Exception(
                &#39;Command {} returned {}: &#34;&#34;&#34;{}&#34;&#34;&#34;.&#39;.format(command, status, output.decode(&#34;utf-8&#34;))
            )
E           Exception: Command docker compose -f &#34;/home/madrid/Escritorio/SGE/SGE-odoo-project-tester/projects/docker-compose.yml&#34; -p &#34;pytest58422&#34; up --build -d returned 1: &#34;&#34;&#34;time=&#34;2025-02-26T16:27:32+01:00&#34; level=warning msg=&#34;/home/madrid/Escritorio/SGE/SGE-odoo-project-tester/projects/docker-compose.yml: `version` is obsolete&#34;
E            Network pytest58422_default  Creating
E            Network pytest58422_default  Error
E           failed to create network pytest58422_default: Error response from daemon: could not find an available, non-overlapping IPv4 address pool among the defaults to assign to the network
E           &#34;&#34;&#34;.

.venv/lib/python3.8/site-packages/pytest_docker/plugin.py:35: Exception</pre>
                        
                        

                        
                        
                        
                    </div>
                
                    <div class="test outcome outcome-failed">
                        <a id="69aec398-866e-4b2a-a58d-93f754a9d22d"></a>
                        <table class="proplist">
                            <tr><th>Test case:</th><td><b>test_unknown_comodel_name</b></td></tr>
                            <tr><th>Outcome:</th><td>Failed</td></tr>
                            <tr><th>Duration:</th><td>0.001 sec</td></tr>
                        
                            <tr><th>Failed</th><td>failed on setup with &#34;Exception: Command docker compose -f &#34;/home/madrid/Escritorio/SGE/SGE-odoo-project-tester/projects/docker-compose.yml&#34; -p &#34;pytest58422&#34; up --build -d returned 1: &#34;&#34;&#34;time=&#34;2025-02-26T16:27:32+01:00&#34; level=warning msg=&#34;/home/madrid/Escritorio/SGE/SGE-odoo-project-tester/projects/docker-compose.yml: `version` is obsolete&#34;
 Network pytest58422_default  Creating
 Network pytest58422_default  Error
failed to create network pytest58422_default: Error response from daemon: could not find an available, non-overlapping IPv4 address pool among the defaults to assign to the network
&#34;&#34;&#34;.&#34;</td></tr>
                        
                        
                        </table>

                        
                        <pre>docker_compose_command = &#39;docker compose&#39;, docker_compose_file = &#39;/home/madrid/Escritorio/SGE/SGE-odoo-project-tester/projects/docker-compose.yml&#39;, docker_compose_project_name = &#39;pytest58422&#39;
docker_setup = [&#39;up --build -d&#39;], docker_cleanup = [&#39;down -v&#39;]

    @pytest.fixture(scope=containers_scope)
    def docker_services(
        docker_compose_command: str,
        docker_compose_file: Union[List[str], str],
        docker_compose_project_name: str,
        docker_setup: str,
        docker_cleanup: str,
    ) -&gt; Iterator[Services]:
        &#34;&#34;&#34;Start all services from a docker compose file (`docker-compose up`).
        After test are finished, shutdown all services (`docker-compose down`).&#34;&#34;&#34;
    
&gt;       with get_docker_services(
            docker_compose_command,
            docker_compose_file,
            docker_compose_project_name,
            docker_setup,
            docker_cleanup,
        ) as docker_service:

.venv/lib/python3.8/site-packages/pytest_docker/plugin.py:238: 
_ _ _ _ _ _ _ _ _ _ _ _ _ _ _ _ _ _ _ _ _ _ _ _ _ _ _ _ _ _ _ _ _ _ _ _ _ _ _ _ _ _ _ _ _ _ _ _ _ _ _ _ _ _ _ _ _ _ _ _ _ _ _ _ _ _ _ _ _ _ _ _ _ _ _ _ _ _ _ _ _ _ _ _ _ _ _ _ _ _ _ _ _ _ _ _ _ _ _ _ _ _ _ _ _ _
/usr/lib/python3.8/contextlib.py:113: in __enter__
    return next(self.gen)
.venv/lib/python3.8/site-packages/pytest_docker/plugin.py:212: in get_docker_services
    docker_compose.execute(command)
.venv/lib/python3.8/site-packages/pytest_docker/plugin.py:140: in execute
    return execute(command)
_ _ _ _ _ _ _ _ _ _ _ _ _ _ _ _ _ _ _ _ _ _ _ _ _ _ _ _ _ _ _ _ _ _ _ _ _ _ _ _ _ _ _ _ _ _ _ _ _ _ _ _ _ _ _ _ _ _ _ _ _ _ _ _ _ _ _ _ _ _ _ _ _ _ _ _ _ _ _ _ _ _ _ _ _ _ _ _ _ _ _ _ _ _ _ _ _ _ _ _ _ _ _ _ _ _

command = &#39;docker compose -f &#34;/home/madrid/Escritorio/SGE/SGE-odoo-project-tester/projects/docker-compose.yml&#34; -p &#34;pytest58422&#34; up --build -d&#39;, success_codes = (0,)

    def execute(command: str, success_codes: Iterable[int] = (0,)) -&gt; Union[bytes, Any]:
        &#34;&#34;&#34;Run a shell command.&#34;&#34;&#34;
        try:
            output = subprocess.check_output(command, stderr=subprocess.STDOUT, shell=True)
            status = 0
        except subprocess.CalledProcessError as error:
            output = error.output or b&#34;&#34;
            status = error.returncode
            command = error.cmd
    
        if status not in success_codes:
&gt;           raise Exception(
                &#39;Command {} returned {}: &#34;&#34;&#34;{}&#34;&#34;&#34;.&#39;.format(command, status, output.decode(&#34;utf-8&#34;))
            )
E           Exception: Command docker compose -f &#34;/home/madrid/Escritorio/SGE/SGE-odoo-project-tester/projects/docker-compose.yml&#34; -p &#34;pytest58422&#34; up --build -d returned 1: &#34;&#34;&#34;time=&#34;2025-02-26T16:27:32+01:00&#34; level=warning msg=&#34;/home/madrid/Escritorio/SGE/SGE-odoo-project-tester/projects/docker-compose.yml: `version` is obsolete&#34;
E            Network pytest58422_default  Creating
E            Network pytest58422_default  Error
E           failed to create network pytest58422_default: Error response from daemon: could not find an available, non-overlapping IPv4 address pool among the defaults to assign to the network
E           &#34;&#34;&#34;.

.venv/lib/python3.8/site-packages/pytest_docker/plugin.py:35: Exception</pre>
                        
                        

                        
                        
                        
                    </div>
                
                </div>
            </div>
            
            <div class="testclass">
                <h4>test_minimal_requirements.TestRNF3</h4>
                <div class="testcases">
                
                    <div class="test outcome outcome-failed">
                        <a id="46f212f4-ce08-4ecf-97b7-7bd53dce618c"></a>
                        <table class="proplist">
                            <tr><th>Test case:</th><td><b>test_modelos_tienen_vista[tree]</b></td></tr>
                            <tr><th>Outcome:</th><td>Failed</td></tr>
                            <tr><th>Duration:</th><td>0.001 sec</td></tr>
                        
                            <tr><th>Failed</th><td>failed on setup with &#34;Exception: Command docker compose -f &#34;/home/madrid/Escritorio/SGE/SGE-odoo-project-tester/projects/docker-compose.yml&#34; -p &#34;pytest58422&#34; up --build -d returned 1: &#34;&#34;&#34;time=&#34;2025-02-26T16:27:32+01:00&#34; level=warning msg=&#34;/home/madrid/Escritorio/SGE/SGE-odoo-project-tester/projects/docker-compose.yml: `version` is obsolete&#34;
 Network pytest58422_default  Creating
 Network pytest58422_default  Error
failed to create network pytest58422_default: Error response from daemon: could not find an available, non-overlapping IPv4 address pool among the defaults to assign to the network
&#34;&#34;&#34;.&#34;</td></tr>
                        
                        
                        </table>

                        
                        <pre>docker_compose_command = &#39;docker compose&#39;, docker_compose_file = &#39;/home/madrid/Escritorio/SGE/SGE-odoo-project-tester/projects/docker-compose.yml&#39;, docker_compose_project_name = &#39;pytest58422&#39;
docker_setup = [&#39;up --build -d&#39;], docker_cleanup = [&#39;down -v&#39;]

    @pytest.fixture(scope=containers_scope)
    def docker_services(
        docker_compose_command: str,
        docker_compose_file: Union[List[str], str],
        docker_compose_project_name: str,
        docker_setup: str,
        docker_cleanup: str,
    ) -&gt; Iterator[Services]:
        &#34;&#34;&#34;Start all services from a docker compose file (`docker-compose up`).
        After test are finished, shutdown all services (`docker-compose down`).&#34;&#34;&#34;
    
&gt;       with get_docker_services(
            docker_compose_command,
            docker_compose_file,
            docker_compose_project_name,
            docker_setup,
            docker_cleanup,
        ) as docker_service:

.venv/lib/python3.8/site-packages/pytest_docker/plugin.py:238: 
_ _ _ _ _ _ _ _ _ _ _ _ _ _ _ _ _ _ _ _ _ _ _ _ _ _ _ _ _ _ _ _ _ _ _ _ _ _ _ _ _ _ _ _ _ _ _ _ _ _ _ _ _ _ _ _ _ _ _ _ _ _ _ _ _ _ _ _ _ _ _ _ _ _ _ _ _ _ _ _ _ _ _ _ _ _ _ _ _ _ _ _ _ _ _ _ _ _ _ _ _ _ _ _ _ _
/usr/lib/python3.8/contextlib.py:113: in __enter__
    return next(self.gen)
.venv/lib/python3.8/site-packages/pytest_docker/plugin.py:212: in get_docker_services
    docker_compose.execute(command)
.venv/lib/python3.8/site-packages/pytest_docker/plugin.py:140: in execute
    return execute(command)
_ _ _ _ _ _ _ _ _ _ _ _ _ _ _ _ _ _ _ _ _ _ _ _ _ _ _ _ _ _ _ _ _ _ _ _ _ _ _ _ _ _ _ _ _ _ _ _ _ _ _ _ _ _ _ _ _ _ _ _ _ _ _ _ _ _ _ _ _ _ _ _ _ _ _ _ _ _ _ _ _ _ _ _ _ _ _ _ _ _ _ _ _ _ _ _ _ _ _ _ _ _ _ _ _ _

command = &#39;docker compose -f &#34;/home/madrid/Escritorio/SGE/SGE-odoo-project-tester/projects/docker-compose.yml&#34; -p &#34;pytest58422&#34; up --build -d&#39;, success_codes = (0,)

    def execute(command: str, success_codes: Iterable[int] = (0,)) -&gt; Union[bytes, Any]:
        &#34;&#34;&#34;Run a shell command.&#34;&#34;&#34;
        try:
            output = subprocess.check_output(command, stderr=subprocess.STDOUT, shell=True)
            status = 0
        except subprocess.CalledProcessError as error:
            output = error.output or b&#34;&#34;
            status = error.returncode
            command = error.cmd
    
        if status not in success_codes:
&gt;           raise Exception(
                &#39;Command {} returned {}: &#34;&#34;&#34;{}&#34;&#34;&#34;.&#39;.format(command, status, output.decode(&#34;utf-8&#34;))
            )
E           Exception: Command docker compose -f &#34;/home/madrid/Escritorio/SGE/SGE-odoo-project-tester/projects/docker-compose.yml&#34; -p &#34;pytest58422&#34; up --build -d returned 1: &#34;&#34;&#34;time=&#34;2025-02-26T16:27:32+01:00&#34; level=warning msg=&#34;/home/madrid/Escritorio/SGE/SGE-odoo-project-tester/projects/docker-compose.yml: `version` is obsolete&#34;
E            Network pytest58422_default  Creating
E            Network pytest58422_default  Error
E           failed to create network pytest58422_default: Error response from daemon: could not find an available, non-overlapping IPv4 address pool among the defaults to assign to the network
E           &#34;&#34;&#34;.

.venv/lib/python3.8/site-packages/pytest_docker/plugin.py:35: Exception</pre>
                        
                        

                        
                        
                        
                    </div>
                
                    <div class="test outcome outcome-failed">
                        <a id="78f57278-066d-4a83-9ad0-ea8729db605d"></a>
                        <table class="proplist">
                            <tr><th>Test case:</th><td><b>test_modelos_tienen_vista[form]</b></td></tr>
                            <tr><th>Outcome:</th><td>Failed</td></tr>
                            <tr><th>Duration:</th><td>0.001 sec</td></tr>
                        
                            <tr><th>Failed</th><td>failed on setup with &#34;Exception: Command docker compose -f &#34;/home/madrid/Escritorio/SGE/SGE-odoo-project-tester/projects/docker-compose.yml&#34; -p &#34;pytest58422&#34; up --build -d returned 1: &#34;&#34;&#34;time=&#34;2025-02-26T16:27:32+01:00&#34; level=warning msg=&#34;/home/madrid/Escritorio/SGE/SGE-odoo-project-tester/projects/docker-compose.yml: `version` is obsolete&#34;
 Network pytest58422_default  Creating
 Network pytest58422_default  Error
failed to create network pytest58422_default: Error response from daemon: could not find an available, non-overlapping IPv4 address pool among the defaults to assign to the network
&#34;&#34;&#34;.&#34;</td></tr>
                        
                        
                        </table>

                        
                        <pre>docker_compose_command = &#39;docker compose&#39;, docker_compose_file = &#39;/home/madrid/Escritorio/SGE/SGE-odoo-project-tester/projects/docker-compose.yml&#39;, docker_compose_project_name = &#39;pytest58422&#39;
docker_setup = [&#39;up --build -d&#39;], docker_cleanup = [&#39;down -v&#39;]

    @pytest.fixture(scope=containers_scope)
    def docker_services(
        docker_compose_command: str,
        docker_compose_file: Union[List[str], str],
        docker_compose_project_name: str,
        docker_setup: str,
        docker_cleanup: str,
    ) -&gt; Iterator[Services]:
        &#34;&#34;&#34;Start all services from a docker compose file (`docker-compose up`).
        After test are finished, shutdown all services (`docker-compose down`).&#34;&#34;&#34;
    
&gt;       with get_docker_services(
            docker_compose_command,
            docker_compose_file,
            docker_compose_project_name,
            docker_setup,
            docker_cleanup,
        ) as docker_service:

.venv/lib/python3.8/site-packages/pytest_docker/plugin.py:238: 
_ _ _ _ _ _ _ _ _ _ _ _ _ _ _ _ _ _ _ _ _ _ _ _ _ _ _ _ _ _ _ _ _ _ _ _ _ _ _ _ _ _ _ _ _ _ _ _ _ _ _ _ _ _ _ _ _ _ _ _ _ _ _ _ _ _ _ _ _ _ _ _ _ _ _ _ _ _ _ _ _ _ _ _ _ _ _ _ _ _ _ _ _ _ _ _ _ _ _ _ _ _ _ _ _ _
/usr/lib/python3.8/contextlib.py:113: in __enter__
    return next(self.gen)
.venv/lib/python3.8/site-packages/pytest_docker/plugin.py:212: in get_docker_services
    docker_compose.execute(command)
.venv/lib/python3.8/site-packages/pytest_docker/plugin.py:140: in execute
    return execute(command)
_ _ _ _ _ _ _ _ _ _ _ _ _ _ _ _ _ _ _ _ _ _ _ _ _ _ _ _ _ _ _ _ _ _ _ _ _ _ _ _ _ _ _ _ _ _ _ _ _ _ _ _ _ _ _ _ _ _ _ _ _ _ _ _ _ _ _ _ _ _ _ _ _ _ _ _ _ _ _ _ _ _ _ _ _ _ _ _ _ _ _ _ _ _ _ _ _ _ _ _ _ _ _ _ _ _

command = &#39;docker compose -f &#34;/home/madrid/Escritorio/SGE/SGE-odoo-project-tester/projects/docker-compose.yml&#34; -p &#34;pytest58422&#34; up --build -d&#39;, success_codes = (0,)

    def execute(command: str, success_codes: Iterable[int] = (0,)) -&gt; Union[bytes, Any]:
        &#34;&#34;&#34;Run a shell command.&#34;&#34;&#34;
        try:
            output = subprocess.check_output(command, stderr=subprocess.STDOUT, shell=True)
            status = 0
        except subprocess.CalledProcessError as error:
            output = error.output or b&#34;&#34;
            status = error.returncode
            command = error.cmd
    
        if status not in success_codes:
&gt;           raise Exception(
                &#39;Command {} returned {}: &#34;&#34;&#34;{}&#34;&#34;&#34;.&#39;.format(command, status, output.decode(&#34;utf-8&#34;))
            )
E           Exception: Command docker compose -f &#34;/home/madrid/Escritorio/SGE/SGE-odoo-project-tester/projects/docker-compose.yml&#34; -p &#34;pytest58422&#34; up --build -d returned 1: &#34;&#34;&#34;time=&#34;2025-02-26T16:27:32+01:00&#34; level=warning msg=&#34;/home/madrid/Escritorio/SGE/SGE-odoo-project-tester/projects/docker-compose.yml: `version` is obsolete&#34;
E            Network pytest58422_default  Creating
E            Network pytest58422_default  Error
E           failed to create network pytest58422_default: Error response from daemon: could not find an available, non-overlapping IPv4 address pool among the defaults to assign to the network
E           &#34;&#34;&#34;.

.venv/lib/python3.8/site-packages/pytest_docker/plugin.py:35: Exception</pre>
                        
                        

                        
                        
                        
                    </div>
                
                    <div class="test outcome outcome-failed">
                        <a id="1de6a24c-fa2b-40a8-87ba-2a565dabf600"></a>
                        <table class="proplist">
                            <tr><th>Test case:</th><td><b>test_formularios_tienen_vista_anidada_para_campos_X2many[one2many]</b></td></tr>
                            <tr><th>Outcome:</th><td>Failed</td></tr>
                            <tr><th>Duration:</th><td>0.001 sec</td></tr>
                        
                            <tr><th>Failed</th><td>failed on setup with &#34;Exception: Command docker compose -f &#34;/home/madrid/Escritorio/SGE/SGE-odoo-project-tester/projects/docker-compose.yml&#34; -p &#34;pytest58422&#34; up --build -d returned 1: &#34;&#34;&#34;time=&#34;2025-02-26T16:27:32+01:00&#34; level=warning msg=&#34;/home/madrid/Escritorio/SGE/SGE-odoo-project-tester/projects/docker-compose.yml: `version` is obsolete&#34;
 Network pytest58422_default  Creating
 Network pytest58422_default  Error
failed to create network pytest58422_default: Error response from daemon: could not find an available, non-overlapping IPv4 address pool among the defaults to assign to the network
&#34;&#34;&#34;.&#34;</td></tr>
                        
                        
                        </table>

                        
                        <pre>docker_compose_command = &#39;docker compose&#39;, docker_compose_file = &#39;/home/madrid/Escritorio/SGE/SGE-odoo-project-tester/projects/docker-compose.yml&#39;, docker_compose_project_name = &#39;pytest58422&#39;
docker_setup = [&#39;up --build -d&#39;], docker_cleanup = [&#39;down -v&#39;]

    @pytest.fixture(scope=containers_scope)
    def docker_services(
        docker_compose_command: str,
        docker_compose_file: Union[List[str], str],
        docker_compose_project_name: str,
        docker_setup: str,
        docker_cleanup: str,
    ) -&gt; Iterator[Services]:
        &#34;&#34;&#34;Start all services from a docker compose file (`docker-compose up`).
        After test are finished, shutdown all services (`docker-compose down`).&#34;&#34;&#34;
    
&gt;       with get_docker_services(
            docker_compose_command,
            docker_compose_file,
            docker_compose_project_name,
            docker_setup,
            docker_cleanup,
        ) as docker_service:

.venv/lib/python3.8/site-packages/pytest_docker/plugin.py:238: 
_ _ _ _ _ _ _ _ _ _ _ _ _ _ _ _ _ _ _ _ _ _ _ _ _ _ _ _ _ _ _ _ _ _ _ _ _ _ _ _ _ _ _ _ _ _ _ _ _ _ _ _ _ _ _ _ _ _ _ _ _ _ _ _ _ _ _ _ _ _ _ _ _ _ _ _ _ _ _ _ _ _ _ _ _ _ _ _ _ _ _ _ _ _ _ _ _ _ _ _ _ _ _ _ _ _
/usr/lib/python3.8/contextlib.py:113: in __enter__
    return next(self.gen)
.venv/lib/python3.8/site-packages/pytest_docker/plugin.py:212: in get_docker_services
    docker_compose.execute(command)
.venv/lib/python3.8/site-packages/pytest_docker/plugin.py:140: in execute
    return execute(command)
_ _ _ _ _ _ _ _ _ _ _ _ _ _ _ _ _ _ _ _ _ _ _ _ _ _ _ _ _ _ _ _ _ _ _ _ _ _ _ _ _ _ _ _ _ _ _ _ _ _ _ _ _ _ _ _ _ _ _ _ _ _ _ _ _ _ _ _ _ _ _ _ _ _ _ _ _ _ _ _ _ _ _ _ _ _ _ _ _ _ _ _ _ _ _ _ _ _ _ _ _ _ _ _ _ _

command = &#39;docker compose -f &#34;/home/madrid/Escritorio/SGE/SGE-odoo-project-tester/projects/docker-compose.yml&#34; -p &#34;pytest58422&#34; up --build -d&#39;, success_codes = (0,)

    def execute(command: str, success_codes: Iterable[int] = (0,)) -&gt; Union[bytes, Any]:
        &#34;&#34;&#34;Run a shell command.&#34;&#34;&#34;
        try:
            output = subprocess.check_output(command, stderr=subprocess.STDOUT, shell=True)
            status = 0
        except subprocess.CalledProcessError as error:
            output = error.output or b&#34;&#34;
            status = error.returncode
            command = error.cmd
    
        if status not in success_codes:
&gt;           raise Exception(
                &#39;Command {} returned {}: &#34;&#34;&#34;{}&#34;&#34;&#34;.&#39;.format(command, status, output.decode(&#34;utf-8&#34;))
            )
E           Exception: Command docker compose -f &#34;/home/madrid/Escritorio/SGE/SGE-odoo-project-tester/projects/docker-compose.yml&#34; -p &#34;pytest58422&#34; up --build -d returned 1: &#34;&#34;&#34;time=&#34;2025-02-26T16:27:32+01:00&#34; level=warning msg=&#34;/home/madrid/Escritorio/SGE/SGE-odoo-project-tester/projects/docker-compose.yml: `version` is obsolete&#34;
E            Network pytest58422_default  Creating
E            Network pytest58422_default  Error
E           failed to create network pytest58422_default: Error response from daemon: could not find an available, non-overlapping IPv4 address pool among the defaults to assign to the network
E           &#34;&#34;&#34;.

.venv/lib/python3.8/site-packages/pytest_docker/plugin.py:35: Exception</pre>
                        
                        

                        
                        
                        
                    </div>
                
                    <div class="test outcome outcome-failed">
                        <a id="7a470bd1-2f03-4aa9-919c-90087596dacb"></a>
                        <table class="proplist">
                            <tr><th>Test case:</th><td><b>test_formularios_tienen_vista_anidada_para_campos_X2many[many2many]</b></td></tr>
                            <tr><th>Outcome:</th><td>Failed</td></tr>
                            <tr><th>Duration:</th><td>0.001 sec</td></tr>
                        
                            <tr><th>Failed</th><td>failed on setup with &#34;Exception: Command docker compose -f &#34;/home/madrid/Escritorio/SGE/SGE-odoo-project-tester/projects/docker-compose.yml&#34; -p &#34;pytest58422&#34; up --build -d returned 1: &#34;&#34;&#34;time=&#34;2025-02-26T16:27:32+01:00&#34; level=warning msg=&#34;/home/madrid/Escritorio/SGE/SGE-odoo-project-tester/projects/docker-compose.yml: `version` is obsolete&#34;
 Network pytest58422_default  Creating
 Network pytest58422_default  Error
failed to create network pytest58422_default: Error response from daemon: could not find an available, non-overlapping IPv4 address pool among the defaults to assign to the network
&#34;&#34;&#34;.&#34;</td></tr>
                        
                        
                        </table>

                        
                        <pre>docker_compose_command = &#39;docker compose&#39;, docker_compose_file = &#39;/home/madrid/Escritorio/SGE/SGE-odoo-project-tester/projects/docker-compose.yml&#39;, docker_compose_project_name = &#39;pytest58422&#39;
docker_setup = [&#39;up --build -d&#39;], docker_cleanup = [&#39;down -v&#39;]

    @pytest.fixture(scope=containers_scope)
    def docker_services(
        docker_compose_command: str,
        docker_compose_file: Union[List[str], str],
        docker_compose_project_name: str,
        docker_setup: str,
        docker_cleanup: str,
    ) -&gt; Iterator[Services]:
        &#34;&#34;&#34;Start all services from a docker compose file (`docker-compose up`).
        After test are finished, shutdown all services (`docker-compose down`).&#34;&#34;&#34;
    
&gt;       with get_docker_services(
            docker_compose_command,
            docker_compose_file,
            docker_compose_project_name,
            docker_setup,
            docker_cleanup,
        ) as docker_service:

.venv/lib/python3.8/site-packages/pytest_docker/plugin.py:238: 
_ _ _ _ _ _ _ _ _ _ _ _ _ _ _ _ _ _ _ _ _ _ _ _ _ _ _ _ _ _ _ _ _ _ _ _ _ _ _ _ _ _ _ _ _ _ _ _ _ _ _ _ _ _ _ _ _ _ _ _ _ _ _ _ _ _ _ _ _ _ _ _ _ _ _ _ _ _ _ _ _ _ _ _ _ _ _ _ _ _ _ _ _ _ _ _ _ _ _ _ _ _ _ _ _ _
/usr/lib/python3.8/contextlib.py:113: in __enter__
    return next(self.gen)
.venv/lib/python3.8/site-packages/pytest_docker/plugin.py:212: in get_docker_services
    docker_compose.execute(command)
.venv/lib/python3.8/site-packages/pytest_docker/plugin.py:140: in execute
    return execute(command)
_ _ _ _ _ _ _ _ _ _ _ _ _ _ _ _ _ _ _ _ _ _ _ _ _ _ _ _ _ _ _ _ _ _ _ _ _ _ _ _ _ _ _ _ _ _ _ _ _ _ _ _ _ _ _ _ _ _ _ _ _ _ _ _ _ _ _ _ _ _ _ _ _ _ _ _ _ _ _ _ _ _ _ _ _ _ _ _ _ _ _ _ _ _ _ _ _ _ _ _ _ _ _ _ _ _

command = &#39;docker compose -f &#34;/home/madrid/Escritorio/SGE/SGE-odoo-project-tester/projects/docker-compose.yml&#34; -p &#34;pytest58422&#34; up --build -d&#39;, success_codes = (0,)

    def execute(command: str, success_codes: Iterable[int] = (0,)) -&gt; Union[bytes, Any]:
        &#34;&#34;&#34;Run a shell command.&#34;&#34;&#34;
        try:
            output = subprocess.check_output(command, stderr=subprocess.STDOUT, shell=True)
            status = 0
        except subprocess.CalledProcessError as error:
            output = error.output or b&#34;&#34;
            status = error.returncode
            command = error.cmd
    
        if status not in success_codes:
&gt;           raise Exception(
                &#39;Command {} returned {}: &#34;&#34;&#34;{}&#34;&#34;&#34;.&#39;.format(command, status, output.decode(&#34;utf-8&#34;))
            )
E           Exception: Command docker compose -f &#34;/home/madrid/Escritorio/SGE/SGE-odoo-project-tester/projects/docker-compose.yml&#34; -p &#34;pytest58422&#34; up --build -d returned 1: &#34;&#34;&#34;time=&#34;2025-02-26T16:27:32+01:00&#34; level=warning msg=&#34;/home/madrid/Escritorio/SGE/SGE-odoo-project-tester/projects/docker-compose.yml: `version` is obsolete&#34;
E            Network pytest58422_default  Creating
E            Network pytest58422_default  Error
E           failed to create network pytest58422_default: Error response from daemon: could not find an available, non-overlapping IPv4 address pool among the defaults to assign to the network
E           &#34;&#34;&#34;.

.venv/lib/python3.8/site-packages/pytest_docker/plugin.py:35: Exception</pre>
                        
                        

                        
                        
                        
                    </div>
                
                </div>
            </div>
            
            <div class="testclass">
                <h4>test_minimal_requirements.TestRNF4</h4>
                <div class="testcases">
                
                    <div class="test outcome outcome-failed">
                        <a id="03f67d9f-29f5-46a9-a56a-8b542961908b"></a>
                        <table class="proplist">
                            <tr><th>Test case:</th><td><b>test_vistas_en_ficheros_individuales</b></td></tr>
                            <tr><th>Outcome:</th><td>Failed</td></tr>
                            <tr><th>Duration:</th><td>0.001 sec</td></tr>
                        
                            <tr><th>Failed</th><td>failed on setup with &#34;Exception: Command docker compose -f &#34;/home/madrid/Escritorio/SGE/SGE-odoo-project-tester/projects/docker-compose.yml&#34; -p &#34;pytest58422&#34; up --build -d returned 1: &#34;&#34;&#34;time=&#34;2025-02-26T16:27:32+01:00&#34; level=warning msg=&#34;/home/madrid/Escritorio/SGE/SGE-odoo-project-tester/projects/docker-compose.yml: `version` is obsolete&#34;
 Network pytest58422_default  Creating
 Network pytest58422_default  Error
failed to create network pytest58422_default: Error response from daemon: could not find an available, non-overlapping IPv4 address pool among the defaults to assign to the network
&#34;&#34;&#34;.&#34;</td></tr>
                        
                        
                        </table>

                        
                        <pre>docker_compose_command = &#39;docker compose&#39;, docker_compose_file = &#39;/home/madrid/Escritorio/SGE/SGE-odoo-project-tester/projects/docker-compose.yml&#39;, docker_compose_project_name = &#39;pytest58422&#39;
docker_setup = [&#39;up --build -d&#39;], docker_cleanup = [&#39;down -v&#39;]

    @pytest.fixture(scope=containers_scope)
    def docker_services(
        docker_compose_command: str,
        docker_compose_file: Union[List[str], str],
        docker_compose_project_name: str,
        docker_setup: str,
        docker_cleanup: str,
    ) -&gt; Iterator[Services]:
        &#34;&#34;&#34;Start all services from a docker compose file (`docker-compose up`).
        After test are finished, shutdown all services (`docker-compose down`).&#34;&#34;&#34;
    
&gt;       with get_docker_services(
            docker_compose_command,
            docker_compose_file,
            docker_compose_project_name,
            docker_setup,
            docker_cleanup,
        ) as docker_service:

.venv/lib/python3.8/site-packages/pytest_docker/plugin.py:238: 
_ _ _ _ _ _ _ _ _ _ _ _ _ _ _ _ _ _ _ _ _ _ _ _ _ _ _ _ _ _ _ _ _ _ _ _ _ _ _ _ _ _ _ _ _ _ _ _ _ _ _ _ _ _ _ _ _ _ _ _ _ _ _ _ _ _ _ _ _ _ _ _ _ _ _ _ _ _ _ _ _ _ _ _ _ _ _ _ _ _ _ _ _ _ _ _ _ _ _ _ _ _ _ _ _ _
/usr/lib/python3.8/contextlib.py:113: in __enter__
    return next(self.gen)
.venv/lib/python3.8/site-packages/pytest_docker/plugin.py:212: in get_docker_services
    docker_compose.execute(command)
.venv/lib/python3.8/site-packages/pytest_docker/plugin.py:140: in execute
    return execute(command)
_ _ _ _ _ _ _ _ _ _ _ _ _ _ _ _ _ _ _ _ _ _ _ _ _ _ _ _ _ _ _ _ _ _ _ _ _ _ _ _ _ _ _ _ _ _ _ _ _ _ _ _ _ _ _ _ _ _ _ _ _ _ _ _ _ _ _ _ _ _ _ _ _ _ _ _ _ _ _ _ _ _ _ _ _ _ _ _ _ _ _ _ _ _ _ _ _ _ _ _ _ _ _ _ _ _

command = &#39;docker compose -f &#34;/home/madrid/Escritorio/SGE/SGE-odoo-project-tester/projects/docker-compose.yml&#34; -p &#34;pytest58422&#34; up --build -d&#39;, success_codes = (0,)

    def execute(command: str, success_codes: Iterable[int] = (0,)) -&gt; Union[bytes, Any]:
        &#34;&#34;&#34;Run a shell command.&#34;&#34;&#34;
        try:
            output = subprocess.check_output(command, stderr=subprocess.STDOUT, shell=True)
            status = 0
        except subprocess.CalledProcessError as error:
            output = error.output or b&#34;&#34;
            status = error.returncode
            command = error.cmd
    
        if status not in success_codes:
&gt;           raise Exception(
                &#39;Command {} returned {}: &#34;&#34;&#34;{}&#34;&#34;&#34;.&#39;.format(command, status, output.decode(&#34;utf-8&#34;))
            )
E           Exception: Command docker compose -f &#34;/home/madrid/Escritorio/SGE/SGE-odoo-project-tester/projects/docker-compose.yml&#34; -p &#34;pytest58422&#34; up --build -d returned 1: &#34;&#34;&#34;time=&#34;2025-02-26T16:27:32+01:00&#34; level=warning msg=&#34;/home/madrid/Escritorio/SGE/SGE-odoo-project-tester/projects/docker-compose.yml: `version` is obsolete&#34;
E            Network pytest58422_default  Creating
E            Network pytest58422_default  Error
E           failed to create network pytest58422_default: Error response from daemon: could not find an available, non-overlapping IPv4 address pool among the defaults to assign to the network
E           &#34;&#34;&#34;.

.venv/lib/python3.8/site-packages/pytest_docker/plugin.py:35: Exception</pre>
                        
                        

                        
                        
                        
                    </div>
                
                </div>
            </div>
            
            <div class="testclass">
                <h4>test_minimal_requirements.TestRNF5</h4>
                <div class="testcases">
                
                    <div class="test outcome outcome-failed">
                        <a id="3a47635d-0a5a-4d05-9524-8bcf7a1dbc2d"></a>
                        <table class="proplist">
                            <tr><th>Test case:</th><td><b>test_modelos_tienen_algun_posible_campo_imagen</b></td></tr>
                            <tr><th>Outcome:</th><td>Failed</td></tr>
                            <tr><th>Duration:</th><td>0.001 sec</td></tr>
                        
                            <tr><th>Failed</th><td>failed on setup with &#34;Exception: Command docker compose -f &#34;/home/madrid/Escritorio/SGE/SGE-odoo-project-tester/projects/docker-compose.yml&#34; -p &#34;pytest58422&#34; up --build -d returned 1: &#34;&#34;&#34;time=&#34;2025-02-26T16:27:32+01:00&#34; level=warning msg=&#34;/home/madrid/Escritorio/SGE/SGE-odoo-project-tester/projects/docker-compose.yml: `version` is obsolete&#34;
 Network pytest58422_default  Creating
 Network pytest58422_default  Error
failed to create network pytest58422_default: Error response from daemon: could not find an available, non-overlapping IPv4 address pool among the defaults to assign to the network
&#34;&#34;&#34;.&#34;</td></tr>
                        
                        
                        </table>

                        
                        <pre>docker_compose_command = &#39;docker compose&#39;, docker_compose_file = &#39;/home/madrid/Escritorio/SGE/SGE-odoo-project-tester/projects/docker-compose.yml&#39;, docker_compose_project_name = &#39;pytest58422&#39;
docker_setup = [&#39;up --build -d&#39;], docker_cleanup = [&#39;down -v&#39;]

    @pytest.fixture(scope=containers_scope)
    def docker_services(
        docker_compose_command: str,
        docker_compose_file: Union[List[str], str],
        docker_compose_project_name: str,
        docker_setup: str,
        docker_cleanup: str,
    ) -&gt; Iterator[Services]:
        &#34;&#34;&#34;Start all services from a docker compose file (`docker-compose up`).
        After test are finished, shutdown all services (`docker-compose down`).&#34;&#34;&#34;
    
&gt;       with get_docker_services(
            docker_compose_command,
            docker_compose_file,
            docker_compose_project_name,
            docker_setup,
            docker_cleanup,
        ) as docker_service:

.venv/lib/python3.8/site-packages/pytest_docker/plugin.py:238: 
_ _ _ _ _ _ _ _ _ _ _ _ _ _ _ _ _ _ _ _ _ _ _ _ _ _ _ _ _ _ _ _ _ _ _ _ _ _ _ _ _ _ _ _ _ _ _ _ _ _ _ _ _ _ _ _ _ _ _ _ _ _ _ _ _ _ _ _ _ _ _ _ _ _ _ _ _ _ _ _ _ _ _ _ _ _ _ _ _ _ _ _ _ _ _ _ _ _ _ _ _ _ _ _ _ _
/usr/lib/python3.8/contextlib.py:113: in __enter__
    return next(self.gen)
.venv/lib/python3.8/site-packages/pytest_docker/plugin.py:212: in get_docker_services
    docker_compose.execute(command)
.venv/lib/python3.8/site-packages/pytest_docker/plugin.py:140: in execute
    return execute(command)
_ _ _ _ _ _ _ _ _ _ _ _ _ _ _ _ _ _ _ _ _ _ _ _ _ _ _ _ _ _ _ _ _ _ _ _ _ _ _ _ _ _ _ _ _ _ _ _ _ _ _ _ _ _ _ _ _ _ _ _ _ _ _ _ _ _ _ _ _ _ _ _ _ _ _ _ _ _ _ _ _ _ _ _ _ _ _ _ _ _ _ _ _ _ _ _ _ _ _ _ _ _ _ _ _ _

command = &#39;docker compose -f &#34;/home/madrid/Escritorio/SGE/SGE-odoo-project-tester/projects/docker-compose.yml&#34; -p &#34;pytest58422&#34; up --build -d&#39;, success_codes = (0,)

    def execute(command: str, success_codes: Iterable[int] = (0,)) -&gt; Union[bytes, Any]:
        &#34;&#34;&#34;Run a shell command.&#34;&#34;&#34;
        try:
            output = subprocess.check_output(command, stderr=subprocess.STDOUT, shell=True)
            status = 0
        except subprocess.CalledProcessError as error:
            output = error.output or b&#34;&#34;
            status = error.returncode
            command = error.cmd
    
        if status not in success_codes:
&gt;           raise Exception(
                &#39;Command {} returned {}: &#34;&#34;&#34;{}&#34;&#34;&#34;.&#39;.format(command, status, output.decode(&#34;utf-8&#34;))
            )
E           Exception: Command docker compose -f &#34;/home/madrid/Escritorio/SGE/SGE-odoo-project-tester/projects/docker-compose.yml&#34; -p &#34;pytest58422&#34; up --build -d returned 1: &#34;&#34;&#34;time=&#34;2025-02-26T16:27:32+01:00&#34; level=warning msg=&#34;/home/madrid/Escritorio/SGE/SGE-odoo-project-tester/projects/docker-compose.yml: `version` is obsolete&#34;
E            Network pytest58422_default  Creating
E            Network pytest58422_default  Error
E           failed to create network pytest58422_default: Error response from daemon: could not find an available, non-overlapping IPv4 address pool among the defaults to assign to the network
E           &#34;&#34;&#34;.

.venv/lib/python3.8/site-packages/pytest_docker/plugin.py:35: Exception</pre>
                        
                        

                        
                        
                        
                    </div>
                
                    <div class="test outcome outcome-failed">
                        <a id="bb2cf7af-ba5b-4d50-95aa-0830a3188b1d"></a>
                        <table class="proplist">
                            <tr><th>Test case:</th><td><b>test_alguna_vista_tiene_campo_imagen</b></td></tr>
                            <tr><th>Outcome:</th><td>Failed</td></tr>
                            <tr><th>Duration:</th><td>0.001 sec</td></tr>
                        
                            <tr><th>Failed</th><td>failed on setup with &#34;Exception: Command docker compose -f &#34;/home/madrid/Escritorio/SGE/SGE-odoo-project-tester/projects/docker-compose.yml&#34; -p &#34;pytest58422&#34; up --build -d returned 1: &#34;&#34;&#34;time=&#34;2025-02-26T16:27:32+01:00&#34; level=warning msg=&#34;/home/madrid/Escritorio/SGE/SGE-odoo-project-tester/projects/docker-compose.yml: `version` is obsolete&#34;
 Network pytest58422_default  Creating
 Network pytest58422_default  Error
failed to create network pytest58422_default: Error response from daemon: could not find an available, non-overlapping IPv4 address pool among the defaults to assign to the network
&#34;&#34;&#34;.&#34;</td></tr>
                        
                        
                        </table>

                        
                        <pre>docker_compose_command = &#39;docker compose&#39;, docker_compose_file = &#39;/home/madrid/Escritorio/SGE/SGE-odoo-project-tester/projects/docker-compose.yml&#39;, docker_compose_project_name = &#39;pytest58422&#39;
docker_setup = [&#39;up --build -d&#39;], docker_cleanup = [&#39;down -v&#39;]

    @pytest.fixture(scope=containers_scope)
    def docker_services(
        docker_compose_command: str,
        docker_compose_file: Union[List[str], str],
        docker_compose_project_name: str,
        docker_setup: str,
        docker_cleanup: str,
    ) -&gt; Iterator[Services]:
        &#34;&#34;&#34;Start all services from a docker compose file (`docker-compose up`).
        After test are finished, shutdown all services (`docker-compose down`).&#34;&#34;&#34;
    
&gt;       with get_docker_services(
            docker_compose_command,
            docker_compose_file,
            docker_compose_project_name,
            docker_setup,
            docker_cleanup,
        ) as docker_service:

.venv/lib/python3.8/site-packages/pytest_docker/plugin.py:238: 
_ _ _ _ _ _ _ _ _ _ _ _ _ _ _ _ _ _ _ _ _ _ _ _ _ _ _ _ _ _ _ _ _ _ _ _ _ _ _ _ _ _ _ _ _ _ _ _ _ _ _ _ _ _ _ _ _ _ _ _ _ _ _ _ _ _ _ _ _ _ _ _ _ _ _ _ _ _ _ _ _ _ _ _ _ _ _ _ _ _ _ _ _ _ _ _ _ _ _ _ _ _ _ _ _ _
/usr/lib/python3.8/contextlib.py:113: in __enter__
    return next(self.gen)
.venv/lib/python3.8/site-packages/pytest_docker/plugin.py:212: in get_docker_services
    docker_compose.execute(command)
.venv/lib/python3.8/site-packages/pytest_docker/plugin.py:140: in execute
    return execute(command)
_ _ _ _ _ _ _ _ _ _ _ _ _ _ _ _ _ _ _ _ _ _ _ _ _ _ _ _ _ _ _ _ _ _ _ _ _ _ _ _ _ _ _ _ _ _ _ _ _ _ _ _ _ _ _ _ _ _ _ _ _ _ _ _ _ _ _ _ _ _ _ _ _ _ _ _ _ _ _ _ _ _ _ _ _ _ _ _ _ _ _ _ _ _ _ _ _ _ _ _ _ _ _ _ _ _

command = &#39;docker compose -f &#34;/home/madrid/Escritorio/SGE/SGE-odoo-project-tester/projects/docker-compose.yml&#34; -p &#34;pytest58422&#34; up --build -d&#39;, success_codes = (0,)

    def execute(command: str, success_codes: Iterable[int] = (0,)) -&gt; Union[bytes, Any]:
        &#34;&#34;&#34;Run a shell command.&#34;&#34;&#34;
        try:
            output = subprocess.check_output(command, stderr=subprocess.STDOUT, shell=True)
            status = 0
        except subprocess.CalledProcessError as error:
            output = error.output or b&#34;&#34;
            status = error.returncode
            command = error.cmd
    
        if status not in success_codes:
&gt;           raise Exception(
                &#39;Command {} returned {}: &#34;&#34;&#34;{}&#34;&#34;&#34;.&#39;.format(command, status, output.decode(&#34;utf-8&#34;))
            )
E           Exception: Command docker compose -f &#34;/home/madrid/Escritorio/SGE/SGE-odoo-project-tester/projects/docker-compose.yml&#34; -p &#34;pytest58422&#34; up --build -d returned 1: &#34;&#34;&#34;time=&#34;2025-02-26T16:27:32+01:00&#34; level=warning msg=&#34;/home/madrid/Escritorio/SGE/SGE-odoo-project-tester/projects/docker-compose.yml: `version` is obsolete&#34;
E            Network pytest58422_default  Creating
E            Network pytest58422_default  Error
E           failed to create network pytest58422_default: Error response from daemon: could not find an available, non-overlapping IPv4 address pool among the defaults to assign to the network
E           &#34;&#34;&#34;.

.venv/lib/python3.8/site-packages/pytest_docker/plugin.py:35: Exception</pre>
                        
                        

                        
                        
                        
                    </div>
                
                </div>
            </div>
            
            <div class="testclass">
                <h4>test_minimal_requirements.TestRNF6</h4>
                <div class="testcases">
                
                    <div class="test outcome outcome-failed">
                        <a id="51467324-0041-48b4-8540-45940252ebae"></a>
                        <table class="proplist">
                            <tr><th>Test case:</th><td><b>test_modelos_tienen_acciones</b></td></tr>
                            <tr><th>Outcome:</th><td>Failed</td></tr>
                            <tr><th>Duration:</th><td>0.001 sec</td></tr>
                        
                            <tr><th>Failed</th><td>failed on setup with &#34;Exception: Command docker compose -f &#34;/home/madrid/Escritorio/SGE/SGE-odoo-project-tester/projects/docker-compose.yml&#34; -p &#34;pytest58422&#34; up --build -d returned 1: &#34;&#34;&#34;time=&#34;2025-02-26T16:27:32+01:00&#34; level=warning msg=&#34;/home/madrid/Escritorio/SGE/SGE-odoo-project-tester/projects/docker-compose.yml: `version` is obsolete&#34;
 Network pytest58422_default  Creating
 Network pytest58422_default  Error
failed to create network pytest58422_default: Error response from daemon: could not find an available, non-overlapping IPv4 address pool among the defaults to assign to the network
&#34;&#34;&#34;.&#34;</td></tr>
                        
                        
                        </table>

                        
                        <pre>docker_compose_command = &#39;docker compose&#39;, docker_compose_file = &#39;/home/madrid/Escritorio/SGE/SGE-odoo-project-tester/projects/docker-compose.yml&#39;, docker_compose_project_name = &#39;pytest58422&#39;
docker_setup = [&#39;up --build -d&#39;], docker_cleanup = [&#39;down -v&#39;]

    @pytest.fixture(scope=containers_scope)
    def docker_services(
        docker_compose_command: str,
        docker_compose_file: Union[List[str], str],
        docker_compose_project_name: str,
        docker_setup: str,
        docker_cleanup: str,
    ) -&gt; Iterator[Services]:
        &#34;&#34;&#34;Start all services from a docker compose file (`docker-compose up`).
        After test are finished, shutdown all services (`docker-compose down`).&#34;&#34;&#34;
    
&gt;       with get_docker_services(
            docker_compose_command,
            docker_compose_file,
            docker_compose_project_name,
            docker_setup,
            docker_cleanup,
        ) as docker_service:

.venv/lib/python3.8/site-packages/pytest_docker/plugin.py:238: 
_ _ _ _ _ _ _ _ _ _ _ _ _ _ _ _ _ _ _ _ _ _ _ _ _ _ _ _ _ _ _ _ _ _ _ _ _ _ _ _ _ _ _ _ _ _ _ _ _ _ _ _ _ _ _ _ _ _ _ _ _ _ _ _ _ _ _ _ _ _ _ _ _ _ _ _ _ _ _ _ _ _ _ _ _ _ _ _ _ _ _ _ _ _ _ _ _ _ _ _ _ _ _ _ _ _
/usr/lib/python3.8/contextlib.py:113: in __enter__
    return next(self.gen)
.venv/lib/python3.8/site-packages/pytest_docker/plugin.py:212: in get_docker_services
    docker_compose.execute(command)
.venv/lib/python3.8/site-packages/pytest_docker/plugin.py:140: in execute
    return execute(command)
_ _ _ _ _ _ _ _ _ _ _ _ _ _ _ _ _ _ _ _ _ _ _ _ _ _ _ _ _ _ _ _ _ _ _ _ _ _ _ _ _ _ _ _ _ _ _ _ _ _ _ _ _ _ _ _ _ _ _ _ _ _ _ _ _ _ _ _ _ _ _ _ _ _ _ _ _ _ _ _ _ _ _ _ _ _ _ _ _ _ _ _ _ _ _ _ _ _ _ _ _ _ _ _ _ _

command = &#39;docker compose -f &#34;/home/madrid/Escritorio/SGE/SGE-odoo-project-tester/projects/docker-compose.yml&#34; -p &#34;pytest58422&#34; up --build -d&#39;, success_codes = (0,)

    def execute(command: str, success_codes: Iterable[int] = (0,)) -&gt; Union[bytes, Any]:
        &#34;&#34;&#34;Run a shell command.&#34;&#34;&#34;
        try:
            output = subprocess.check_output(command, stderr=subprocess.STDOUT, shell=True)
            status = 0
        except subprocess.CalledProcessError as error:
            output = error.output or b&#34;&#34;
            status = error.returncode
            command = error.cmd
    
        if status not in success_codes:
&gt;           raise Exception(
                &#39;Command {} returned {}: &#34;&#34;&#34;{}&#34;&#34;&#34;.&#39;.format(command, status, output.decode(&#34;utf-8&#34;))
            )
E           Exception: Command docker compose -f &#34;/home/madrid/Escritorio/SGE/SGE-odoo-project-tester/projects/docker-compose.yml&#34; -p &#34;pytest58422&#34; up --build -d returned 1: &#34;&#34;&#34;time=&#34;2025-02-26T16:27:32+01:00&#34; level=warning msg=&#34;/home/madrid/Escritorio/SGE/SGE-odoo-project-tester/projects/docker-compose.yml: `version` is obsolete&#34;
E            Network pytest58422_default  Creating
E            Network pytest58422_default  Error
E           failed to create network pytest58422_default: Error response from daemon: could not find an available, non-overlapping IPv4 address pool among the defaults to assign to the network
E           &#34;&#34;&#34;.

.venv/lib/python3.8/site-packages/pytest_docker/plugin.py:35: Exception</pre>
                        
                        

                        
                        
                        
                    </div>
                
                    <div class="test outcome outcome-failed">
                        <a id="c7ce7283-94eb-40d6-a270-d06c5d6caf3a"></a>
                        <table class="proplist">
                            <tr><th>Test case:</th><td><b>test_hay_elementos_de_menu[.//menuitem[@action]]</b></td></tr>
                            <tr><th>Outcome:</th><td>Failed</td></tr>
                            <tr><th>Duration:</th><td>0.001 sec</td></tr>
                        
                            <tr><th>Failed</th><td>failed on setup with &#34;Exception: Command docker compose -f &#34;/home/madrid/Escritorio/SGE/SGE-odoo-project-tester/projects/docker-compose.yml&#34; -p &#34;pytest58422&#34; up --build -d returned 1: &#34;&#34;&#34;time=&#34;2025-02-26T16:27:32+01:00&#34; level=warning msg=&#34;/home/madrid/Escritorio/SGE/SGE-odoo-project-tester/projects/docker-compose.yml: `version` is obsolete&#34;
 Network pytest58422_default  Creating
 Network pytest58422_default  Error
failed to create network pytest58422_default: Error response from daemon: could not find an available, non-overlapping IPv4 address pool among the defaults to assign to the network
&#34;&#34;&#34;.&#34;</td></tr>
                        
                        
                        </table>

                        
                        <pre>docker_compose_command = &#39;docker compose&#39;, docker_compose_file = &#39;/home/madrid/Escritorio/SGE/SGE-odoo-project-tester/projects/docker-compose.yml&#39;, docker_compose_project_name = &#39;pytest58422&#39;
docker_setup = [&#39;up --build -d&#39;], docker_cleanup = [&#39;down -v&#39;]

    @pytest.fixture(scope=containers_scope)
    def docker_services(
        docker_compose_command: str,
        docker_compose_file: Union[List[str], str],
        docker_compose_project_name: str,
        docker_setup: str,
        docker_cleanup: str,
    ) -&gt; Iterator[Services]:
        &#34;&#34;&#34;Start all services from a docker compose file (`docker-compose up`).
        After test are finished, shutdown all services (`docker-compose down`).&#34;&#34;&#34;
    
&gt;       with get_docker_services(
            docker_compose_command,
            docker_compose_file,
            docker_compose_project_name,
            docker_setup,
            docker_cleanup,
        ) as docker_service:

.venv/lib/python3.8/site-packages/pytest_docker/plugin.py:238: 
_ _ _ _ _ _ _ _ _ _ _ _ _ _ _ _ _ _ _ _ _ _ _ _ _ _ _ _ _ _ _ _ _ _ _ _ _ _ _ _ _ _ _ _ _ _ _ _ _ _ _ _ _ _ _ _ _ _ _ _ _ _ _ _ _ _ _ _ _ _ _ _ _ _ _ _ _ _ _ _ _ _ _ _ _ _ _ _ _ _ _ _ _ _ _ _ _ _ _ _ _ _ _ _ _ _
/usr/lib/python3.8/contextlib.py:113: in __enter__
    return next(self.gen)
.venv/lib/python3.8/site-packages/pytest_docker/plugin.py:212: in get_docker_services
    docker_compose.execute(command)
.venv/lib/python3.8/site-packages/pytest_docker/plugin.py:140: in execute
    return execute(command)
_ _ _ _ _ _ _ _ _ _ _ _ _ _ _ _ _ _ _ _ _ _ _ _ _ _ _ _ _ _ _ _ _ _ _ _ _ _ _ _ _ _ _ _ _ _ _ _ _ _ _ _ _ _ _ _ _ _ _ _ _ _ _ _ _ _ _ _ _ _ _ _ _ _ _ _ _ _ _ _ _ _ _ _ _ _ _ _ _ _ _ _ _ _ _ _ _ _ _ _ _ _ _ _ _ _

command = &#39;docker compose -f &#34;/home/madrid/Escritorio/SGE/SGE-odoo-project-tester/projects/docker-compose.yml&#34; -p &#34;pytest58422&#34; up --build -d&#39;, success_codes = (0,)

    def execute(command: str, success_codes: Iterable[int] = (0,)) -&gt; Union[bytes, Any]:
        &#34;&#34;&#34;Run a shell command.&#34;&#34;&#34;
        try:
            output = subprocess.check_output(command, stderr=subprocess.STDOUT, shell=True)
            status = 0
        except subprocess.CalledProcessError as error:
            output = error.output or b&#34;&#34;
            status = error.returncode
            command = error.cmd
    
        if status not in success_codes:
&gt;           raise Exception(
                &#39;Command {} returned {}: &#34;&#34;&#34;{}&#34;&#34;&#34;.&#39;.format(command, status, output.decode(&#34;utf-8&#34;))
            )
E           Exception: Command docker compose -f &#34;/home/madrid/Escritorio/SGE/SGE-odoo-project-tester/projects/docker-compose.yml&#34; -p &#34;pytest58422&#34; up --build -d returned 1: &#34;&#34;&#34;time=&#34;2025-02-26T16:27:32+01:00&#34; level=warning msg=&#34;/home/madrid/Escritorio/SGE/SGE-odoo-project-tester/projects/docker-compose.yml: `version` is obsolete&#34;
E            Network pytest58422_default  Creating
E            Network pytest58422_default  Error
E           failed to create network pytest58422_default: Error response from daemon: could not find an available, non-overlapping IPv4 address pool among the defaults to assign to the network
E           &#34;&#34;&#34;.

.venv/lib/python3.8/site-packages/pytest_docker/plugin.py:35: Exception</pre>
                        
                        

                        
                        
                        
                    </div>
                
                </div>
            </div>
            
            <div class="testclass">
                <h4>test_minimal_requirements.TestRNF7</h4>
                <div class="testcases">
                
                    <div class="test outcome outcome-failed">
                        <a id="5fe3a776-3c59-4519-94bd-22c13a5f450b"></a>
                        <table class="proplist">
                            <tr><th>Test case:</th><td><b>test_modelos_tienen_permisos</b></td></tr>
                            <tr><th>Outcome:</th><td>Failed</td></tr>
                            <tr><th>Duration:</th><td>0.001 sec</td></tr>
                        
                            <tr><th>Failed</th><td>failed on setup with &#34;Exception: Command docker compose -f &#34;/home/madrid/Escritorio/SGE/SGE-odoo-project-tester/projects/docker-compose.yml&#34; -p &#34;pytest58422&#34; up --build -d returned 1: &#34;&#34;&#34;time=&#34;2025-02-26T16:27:32+01:00&#34; level=warning msg=&#34;/home/madrid/Escritorio/SGE/SGE-odoo-project-tester/projects/docker-compose.yml: `version` is obsolete&#34;
 Network pytest58422_default  Creating
 Network pytest58422_default  Error
failed to create network pytest58422_default: Error response from daemon: could not find an available, non-overlapping IPv4 address pool among the defaults to assign to the network
&#34;&#34;&#34;.&#34;</td></tr>
                        
                        
                        </table>

                        
                        <pre>docker_compose_command = &#39;docker compose&#39;, docker_compose_file = &#39;/home/madrid/Escritorio/SGE/SGE-odoo-project-tester/projects/docker-compose.yml&#39;, docker_compose_project_name = &#39;pytest58422&#39;
docker_setup = [&#39;up --build -d&#39;], docker_cleanup = [&#39;down -v&#39;]

    @pytest.fixture(scope=containers_scope)
    def docker_services(
        docker_compose_command: str,
        docker_compose_file: Union[List[str], str],
        docker_compose_project_name: str,
        docker_setup: str,
        docker_cleanup: str,
    ) -&gt; Iterator[Services]:
        &#34;&#34;&#34;Start all services from a docker compose file (`docker-compose up`).
        After test are finished, shutdown all services (`docker-compose down`).&#34;&#34;&#34;
    
&gt;       with get_docker_services(
            docker_compose_command,
            docker_compose_file,
            docker_compose_project_name,
            docker_setup,
            docker_cleanup,
        ) as docker_service:

.venv/lib/python3.8/site-packages/pytest_docker/plugin.py:238: 
_ _ _ _ _ _ _ _ _ _ _ _ _ _ _ _ _ _ _ _ _ _ _ _ _ _ _ _ _ _ _ _ _ _ _ _ _ _ _ _ _ _ _ _ _ _ _ _ _ _ _ _ _ _ _ _ _ _ _ _ _ _ _ _ _ _ _ _ _ _ _ _ _ _ _ _ _ _ _ _ _ _ _ _ _ _ _ _ _ _ _ _ _ _ _ _ _ _ _ _ _ _ _ _ _ _
/usr/lib/python3.8/contextlib.py:113: in __enter__
    return next(self.gen)
.venv/lib/python3.8/site-packages/pytest_docker/plugin.py:212: in get_docker_services
    docker_compose.execute(command)
.venv/lib/python3.8/site-packages/pytest_docker/plugin.py:140: in execute
    return execute(command)
_ _ _ _ _ _ _ _ _ _ _ _ _ _ _ _ _ _ _ _ _ _ _ _ _ _ _ _ _ _ _ _ _ _ _ _ _ _ _ _ _ _ _ _ _ _ _ _ _ _ _ _ _ _ _ _ _ _ _ _ _ _ _ _ _ _ _ _ _ _ _ _ _ _ _ _ _ _ _ _ _ _ _ _ _ _ _ _ _ _ _ _ _ _ _ _ _ _ _ _ _ _ _ _ _ _

command = &#39;docker compose -f &#34;/home/madrid/Escritorio/SGE/SGE-odoo-project-tester/projects/docker-compose.yml&#34; -p &#34;pytest58422&#34; up --build -d&#39;, success_codes = (0,)

    def execute(command: str, success_codes: Iterable[int] = (0,)) -&gt; Union[bytes, Any]:
        &#34;&#34;&#34;Run a shell command.&#34;&#34;&#34;
        try:
            output = subprocess.check_output(command, stderr=subprocess.STDOUT, shell=True)
            status = 0
        except subprocess.CalledProcessError as error:
            output = error.output or b&#34;&#34;
            status = error.returncode
            command = error.cmd
    
        if status not in success_codes:
&gt;           raise Exception(
                &#39;Command {} returned {}: &#34;&#34;&#34;{}&#34;&#34;&#34;.&#39;.format(command, status, output.decode(&#34;utf-8&#34;))
            )
E           Exception: Command docker compose -f &#34;/home/madrid/Escritorio/SGE/SGE-odoo-project-tester/projects/docker-compose.yml&#34; -p &#34;pytest58422&#34; up --build -d returned 1: &#34;&#34;&#34;time=&#34;2025-02-26T16:27:32+01:00&#34; level=warning msg=&#34;/home/madrid/Escritorio/SGE/SGE-odoo-project-tester/projects/docker-compose.yml: `version` is obsolete&#34;
E            Network pytest58422_default  Creating
E            Network pytest58422_default  Error
E           failed to create network pytest58422_default: Error response from daemon: could not find an available, non-overlapping IPv4 address pool among the defaults to assign to the network
E           &#34;&#34;&#34;.

.venv/lib/python3.8/site-packages/pytest_docker/plugin.py:35: Exception</pre>
                        
                        

                        
                        
                        
                    </div>
                
                </div>
            </div>
            
            <div class="testclass">
                <h4>test_minimal_requirements.TestRNF8</h4>
                <div class="testcases">
                
                    <div class="test outcome outcome-failed">
                        <a id="1b9e160a-86bd-44a9-98e0-abf25511716d"></a>
                        <table class="proplist">
                            <tr><th>Test case:</th><td><b>test_app_tiene_icono</b></td></tr>
                            <tr><th>Outcome:</th><td>Failed</td></tr>
                            <tr><th>Duration:</th><td>0.001 sec</td></tr>
                        
                            <tr><th>Failed</th><td>failed on setup with &#34;Exception: Command docker compose -f &#34;/home/madrid/Escritorio/SGE/SGE-odoo-project-tester/projects/docker-compose.yml&#34; -p &#34;pytest58422&#34; up --build -d returned 1: &#34;&#34;&#34;time=&#34;2025-02-26T16:27:32+01:00&#34; level=warning msg=&#34;/home/madrid/Escritorio/SGE/SGE-odoo-project-tester/projects/docker-compose.yml: `version` is obsolete&#34;
 Network pytest58422_default  Creating
 Network pytest58422_default  Error
failed to create network pytest58422_default: Error response from daemon: could not find an available, non-overlapping IPv4 address pool among the defaults to assign to the network
&#34;&#34;&#34;.&#34;</td></tr>
                        
                        
                        </table>

                        
                        <pre>docker_compose_command = &#39;docker compose&#39;, docker_compose_file = &#39;/home/madrid/Escritorio/SGE/SGE-odoo-project-tester/projects/docker-compose.yml&#39;, docker_compose_project_name = &#39;pytest58422&#39;
docker_setup = [&#39;up --build -d&#39;], docker_cleanup = [&#39;down -v&#39;]

    @pytest.fixture(scope=containers_scope)
    def docker_services(
        docker_compose_command: str,
        docker_compose_file: Union[List[str], str],
        docker_compose_project_name: str,
        docker_setup: str,
        docker_cleanup: str,
    ) -&gt; Iterator[Services]:
        &#34;&#34;&#34;Start all services from a docker compose file (`docker-compose up`).
        After test are finished, shutdown all services (`docker-compose down`).&#34;&#34;&#34;
    
&gt;       with get_docker_services(
            docker_compose_command,
            docker_compose_file,
            docker_compose_project_name,
            docker_setup,
            docker_cleanup,
        ) as docker_service:

.venv/lib/python3.8/site-packages/pytest_docker/plugin.py:238: 
_ _ _ _ _ _ _ _ _ _ _ _ _ _ _ _ _ _ _ _ _ _ _ _ _ _ _ _ _ _ _ _ _ _ _ _ _ _ _ _ _ _ _ _ _ _ _ _ _ _ _ _ _ _ _ _ _ _ _ _ _ _ _ _ _ _ _ _ _ _ _ _ _ _ _ _ _ _ _ _ _ _ _ _ _ _ _ _ _ _ _ _ _ _ _ _ _ _ _ _ _ _ _ _ _ _
/usr/lib/python3.8/contextlib.py:113: in __enter__
    return next(self.gen)
.venv/lib/python3.8/site-packages/pytest_docker/plugin.py:212: in get_docker_services
    docker_compose.execute(command)
.venv/lib/python3.8/site-packages/pytest_docker/plugin.py:140: in execute
    return execute(command)
_ _ _ _ _ _ _ _ _ _ _ _ _ _ _ _ _ _ _ _ _ _ _ _ _ _ _ _ _ _ _ _ _ _ _ _ _ _ _ _ _ _ _ _ _ _ _ _ _ _ _ _ _ _ _ _ _ _ _ _ _ _ _ _ _ _ _ _ _ _ _ _ _ _ _ _ _ _ _ _ _ _ _ _ _ _ _ _ _ _ _ _ _ _ _ _ _ _ _ _ _ _ _ _ _ _

command = &#39;docker compose -f &#34;/home/madrid/Escritorio/SGE/SGE-odoo-project-tester/projects/docker-compose.yml&#34; -p &#34;pytest58422&#34; up --build -d&#39;, success_codes = (0,)

    def execute(command: str, success_codes: Iterable[int] = (0,)) -&gt; Union[bytes, Any]:
        &#34;&#34;&#34;Run a shell command.&#34;&#34;&#34;
        try:
            output = subprocess.check_output(command, stderr=subprocess.STDOUT, shell=True)
            status = 0
        except subprocess.CalledProcessError as error:
            output = error.output or b&#34;&#34;
            status = error.returncode
            command = error.cmd
    
        if status not in success_codes:
&gt;           raise Exception(
                &#39;Command {} returned {}: &#34;&#34;&#34;{}&#34;&#34;&#34;.&#39;.format(command, status, output.decode(&#34;utf-8&#34;))
            )
E           Exception: Command docker compose -f &#34;/home/madrid/Escritorio/SGE/SGE-odoo-project-tester/projects/docker-compose.yml&#34; -p &#34;pytest58422&#34; up --build -d returned 1: &#34;&#34;&#34;time=&#34;2025-02-26T16:27:32+01:00&#34; level=warning msg=&#34;/home/madrid/Escritorio/SGE/SGE-odoo-project-tester/projects/docker-compose.yml: `version` is obsolete&#34;
E            Network pytest58422_default  Creating
E            Network pytest58422_default  Error
E           failed to create network pytest58422_default: Error response from daemon: could not find an available, non-overlapping IPv4 address pool among the defaults to assign to the network
E           &#34;&#34;&#34;.

.venv/lib/python3.8/site-packages/pytest_docker/plugin.py:35: Exception</pre>
                        
                        

                        
                        
                        
                    </div>
                
                </div>
            </div>
            
            <div class="testclass">
                <h4>test_minimal_requirements.TestRNF9</h4>
                <div class="testcases">
                
                    <div class="test outcome outcome-failed">
                        <a id="95bcaf92-c77b-46a4-b454-af8de2ed0e81"></a>
                        <table class="proplist">
                            <tr><th>Test case:</th><td><b>test_modelos_tienen_datos_demo</b></td></tr>
                            <tr><th>Outcome:</th><td>Failed</td></tr>
                            <tr><th>Duration:</th><td>0.001 sec</td></tr>
                        
                            <tr><th>Failed</th><td>failed on setup with &#34;Exception: Command docker compose -f &#34;/home/madrid/Escritorio/SGE/SGE-odoo-project-tester/projects/docker-compose.yml&#34; -p &#34;pytest58422&#34; up --build -d returned 1: &#34;&#34;&#34;time=&#34;2025-02-26T16:27:32+01:00&#34; level=warning msg=&#34;/home/madrid/Escritorio/SGE/SGE-odoo-project-tester/projects/docker-compose.yml: `version` is obsolete&#34;
 Network pytest58422_default  Creating
 Network pytest58422_default  Error
failed to create network pytest58422_default: Error response from daemon: could not find an available, non-overlapping IPv4 address pool among the defaults to assign to the network
&#34;&#34;&#34;.&#34;</td></tr>
                        
                        
                        </table>

                        
                        <pre>docker_compose_command = &#39;docker compose&#39;, docker_compose_file = &#39;/home/madrid/Escritorio/SGE/SGE-odoo-project-tester/projects/docker-compose.yml&#39;, docker_compose_project_name = &#39;pytest58422&#39;
docker_setup = [&#39;up --build -d&#39;], docker_cleanup = [&#39;down -v&#39;]

    @pytest.fixture(scope=containers_scope)
    def docker_services(
        docker_compose_command: str,
        docker_compose_file: Union[List[str], str],
        docker_compose_project_name: str,
        docker_setup: str,
        docker_cleanup: str,
    ) -&gt; Iterator[Services]:
        &#34;&#34;&#34;Start all services from a docker compose file (`docker-compose up`).
        After test are finished, shutdown all services (`docker-compose down`).&#34;&#34;&#34;
    
&gt;       with get_docker_services(
            docker_compose_command,
            docker_compose_file,
            docker_compose_project_name,
            docker_setup,
            docker_cleanup,
        ) as docker_service:

.venv/lib/python3.8/site-packages/pytest_docker/plugin.py:238: 
_ _ _ _ _ _ _ _ _ _ _ _ _ _ _ _ _ _ _ _ _ _ _ _ _ _ _ _ _ _ _ _ _ _ _ _ _ _ _ _ _ _ _ _ _ _ _ _ _ _ _ _ _ _ _ _ _ _ _ _ _ _ _ _ _ _ _ _ _ _ _ _ _ _ _ _ _ _ _ _ _ _ _ _ _ _ _ _ _ _ _ _ _ _ _ _ _ _ _ _ _ _ _ _ _ _
/usr/lib/python3.8/contextlib.py:113: in __enter__
    return next(self.gen)
.venv/lib/python3.8/site-packages/pytest_docker/plugin.py:212: in get_docker_services
    docker_compose.execute(command)
.venv/lib/python3.8/site-packages/pytest_docker/plugin.py:140: in execute
    return execute(command)
_ _ _ _ _ _ _ _ _ _ _ _ _ _ _ _ _ _ _ _ _ _ _ _ _ _ _ _ _ _ _ _ _ _ _ _ _ _ _ _ _ _ _ _ _ _ _ _ _ _ _ _ _ _ _ _ _ _ _ _ _ _ _ _ _ _ _ _ _ _ _ _ _ _ _ _ _ _ _ _ _ _ _ _ _ _ _ _ _ _ _ _ _ _ _ _ _ _ _ _ _ _ _ _ _ _

command = &#39;docker compose -f &#34;/home/madrid/Escritorio/SGE/SGE-odoo-project-tester/projects/docker-compose.yml&#34; -p &#34;pytest58422&#34; up --build -d&#39;, success_codes = (0,)

    def execute(command: str, success_codes: Iterable[int] = (0,)) -&gt; Union[bytes, Any]:
        &#34;&#34;&#34;Run a shell command.&#34;&#34;&#34;
        try:
            output = subprocess.check_output(command, stderr=subprocess.STDOUT, shell=True)
            status = 0
        except subprocess.CalledProcessError as error:
            output = error.output or b&#34;&#34;
            status = error.returncode
            command = error.cmd
    
        if status not in success_codes:
&gt;           raise Exception(
                &#39;Command {} returned {}: &#34;&#34;&#34;{}&#34;&#34;&#34;.&#39;.format(command, status, output.decode(&#34;utf-8&#34;))
            )
E           Exception: Command docker compose -f &#34;/home/madrid/Escritorio/SGE/SGE-odoo-project-tester/projects/docker-compose.yml&#34; -p &#34;pytest58422&#34; up --build -d returned 1: &#34;&#34;&#34;time=&#34;2025-02-26T16:27:32+01:00&#34; level=warning msg=&#34;/home/madrid/Escritorio/SGE/SGE-odoo-project-tester/projects/docker-compose.yml: `version` is obsolete&#34;
E            Network pytest58422_default  Creating
E            Network pytest58422_default  Error
E           failed to create network pytest58422_default: Error response from daemon: could not find an available, non-overlapping IPv4 address pool among the defaults to assign to the network
E           &#34;&#34;&#34;.

.venv/lib/python3.8/site-packages/pytest_docker/plugin.py:35: Exception</pre>
                        
                        

                        
                        
                        
                    </div>
                
                </div>
            </div>
            
            <div class="testclass">
                <h4>test_minimal_requirements.TestRNFGit</h4>
                <div class="testcases">
                
                    <div class="test outcome outcome-failed">
                        <a id="c7d776b3-53e8-4da8-96c8-a03dbc68d027"></a>
                        <table class="proplist">
                            <tr><th>Test case:</th><td><b>test_git_commit_frecuentes</b></td></tr>
                            <tr><th>Outcome:</th><td>Failed</td></tr>
                            <tr><th>Duration:</th><td>0.001 sec</td></tr>
                        
                            <tr><th>Failed</th><td>failed on setup with &#34;Exception: Command docker compose -f &#34;/home/madrid/Escritorio/SGE/SGE-odoo-project-tester/projects/docker-compose.yml&#34; -p &#34;pytest58422&#34; up --build -d returned 1: &#34;&#34;&#34;time=&#34;2025-02-26T16:27:32+01:00&#34; level=warning msg=&#34;/home/madrid/Escritorio/SGE/SGE-odoo-project-tester/projects/docker-compose.yml: `version` is obsolete&#34;
 Network pytest58422_default  Creating
 Network pytest58422_default  Error
failed to create network pytest58422_default: Error response from daemon: could not find an available, non-overlapping IPv4 address pool among the defaults to assign to the network
&#34;&#34;&#34;.&#34;</td></tr>
                        
                        
                        </table>

                        
                        <pre>docker_compose_command = &#39;docker compose&#39;, docker_compose_file = &#39;/home/madrid/Escritorio/SGE/SGE-odoo-project-tester/projects/docker-compose.yml&#39;, docker_compose_project_name = &#39;pytest58422&#39;
docker_setup = [&#39;up --build -d&#39;], docker_cleanup = [&#39;down -v&#39;]

    @pytest.fixture(scope=containers_scope)
    def docker_services(
        docker_compose_command: str,
        docker_compose_file: Union[List[str], str],
        docker_compose_project_name: str,
        docker_setup: str,
        docker_cleanup: str,
    ) -&gt; Iterator[Services]:
        &#34;&#34;&#34;Start all services from a docker compose file (`docker-compose up`).
        After test are finished, shutdown all services (`docker-compose down`).&#34;&#34;&#34;
    
&gt;       with get_docker_services(
            docker_compose_command,
            docker_compose_file,
            docker_compose_project_name,
            docker_setup,
            docker_cleanup,
        ) as docker_service:

.venv/lib/python3.8/site-packages/pytest_docker/plugin.py:238: 
_ _ _ _ _ _ _ _ _ _ _ _ _ _ _ _ _ _ _ _ _ _ _ _ _ _ _ _ _ _ _ _ _ _ _ _ _ _ _ _ _ _ _ _ _ _ _ _ _ _ _ _ _ _ _ _ _ _ _ _ _ _ _ _ _ _ _ _ _ _ _ _ _ _ _ _ _ _ _ _ _ _ _ _ _ _ _ _ _ _ _ _ _ _ _ _ _ _ _ _ _ _ _ _ _ _
/usr/lib/python3.8/contextlib.py:113: in __enter__
    return next(self.gen)
.venv/lib/python3.8/site-packages/pytest_docker/plugin.py:212: in get_docker_services
    docker_compose.execute(command)
.venv/lib/python3.8/site-packages/pytest_docker/plugin.py:140: in execute
    return execute(command)
_ _ _ _ _ _ _ _ _ _ _ _ _ _ _ _ _ _ _ _ _ _ _ _ _ _ _ _ _ _ _ _ _ _ _ _ _ _ _ _ _ _ _ _ _ _ _ _ _ _ _ _ _ _ _ _ _ _ _ _ _ _ _ _ _ _ _ _ _ _ _ _ _ _ _ _ _ _ _ _ _ _ _ _ _ _ _ _ _ _ _ _ _ _ _ _ _ _ _ _ _ _ _ _ _ _

command = &#39;docker compose -f &#34;/home/madrid/Escritorio/SGE/SGE-odoo-project-tester/projects/docker-compose.yml&#34; -p &#34;pytest58422&#34; up --build -d&#39;, success_codes = (0,)

    def execute(command: str, success_codes: Iterable[int] = (0,)) -&gt; Union[bytes, Any]:
        &#34;&#34;&#34;Run a shell command.&#34;&#34;&#34;
        try:
            output = subprocess.check_output(command, stderr=subprocess.STDOUT, shell=True)
            status = 0
        except subprocess.CalledProcessError as error:
            output = error.output or b&#34;&#34;
            status = error.returncode
            command = error.cmd
    
        if status not in success_codes:
&gt;           raise Exception(
                &#39;Command {} returned {}: &#34;&#34;&#34;{}&#34;&#34;&#34;.&#39;.format(command, status, output.decode(&#34;utf-8&#34;))
            )
E           Exception: Command docker compose -f &#34;/home/madrid/Escritorio/SGE/SGE-odoo-project-tester/projects/docker-compose.yml&#34; -p &#34;pytest58422&#34; up --build -d returned 1: &#34;&#34;&#34;time=&#34;2025-02-26T16:27:32+01:00&#34; level=warning msg=&#34;/home/madrid/Escritorio/SGE/SGE-odoo-project-tester/projects/docker-compose.yml: `version` is obsolete&#34;
E            Network pytest58422_default  Creating
E            Network pytest58422_default  Error
E           failed to create network pytest58422_default: Error response from daemon: could not find an available, non-overlapping IPv4 address pool among the defaults to assign to the network
E           &#34;&#34;&#34;.

.venv/lib/python3.8/site-packages/pytest_docker/plugin.py:35: Exception</pre>
                        
                        

                        
                        
                        
                    </div>
                
                </div>
            </div>
            
            <div class="testclass">
                <h4>test_minimal_requirements.TestRNFCalidad</h4>
                <div class="testcases">
                
                    <div class="test outcome outcome-failed">
                        <a id="edfc7e4e-a12d-4ff6-98ad-743023333a4f"></a>
                        <table class="proplist">
                            <tr><th>Test case:</th><td><b>test_odoo_disponible</b></td></tr>
                            <tr><th>Outcome:</th><td>Failed</td></tr>
                            <tr><th>Duration:</th><td>0.001 sec</td></tr>
                        
                            <tr><th>Failed</th><td>failed on setup with &#34;Exception: Command docker compose -f &#34;/home/madrid/Escritorio/SGE/SGE-odoo-project-tester/projects/docker-compose.yml&#34; -p &#34;pytest58422&#34; up --build -d returned 1: &#34;&#34;&#34;time=&#34;2025-02-26T16:27:32+01:00&#34; level=warning msg=&#34;/home/madrid/Escritorio/SGE/SGE-odoo-project-tester/projects/docker-compose.yml: `version` is obsolete&#34;
 Network pytest58422_default  Creating
 Network pytest58422_default  Error
failed to create network pytest58422_default: Error response from daemon: could not find an available, non-overlapping IPv4 address pool among the defaults to assign to the network
&#34;&#34;&#34;.&#34;</td></tr>
                        
                        
                        </table>

                        
                        <pre>docker_compose_command = &#39;docker compose&#39;, docker_compose_file = &#39;/home/madrid/Escritorio/SGE/SGE-odoo-project-tester/projects/docker-compose.yml&#39;, docker_compose_project_name = &#39;pytest58422&#39;
docker_setup = [&#39;up --build -d&#39;], docker_cleanup = [&#39;down -v&#39;]

    @pytest.fixture(scope=containers_scope)
    def docker_services(
        docker_compose_command: str,
        docker_compose_file: Union[List[str], str],
        docker_compose_project_name: str,
        docker_setup: str,
        docker_cleanup: str,
    ) -&gt; Iterator[Services]:
        &#34;&#34;&#34;Start all services from a docker compose file (`docker-compose up`).
        After test are finished, shutdown all services (`docker-compose down`).&#34;&#34;&#34;
    
&gt;       with get_docker_services(
            docker_compose_command,
            docker_compose_file,
            docker_compose_project_name,
            docker_setup,
            docker_cleanup,
        ) as docker_service:

.venv/lib/python3.8/site-packages/pytest_docker/plugin.py:238: 
_ _ _ _ _ _ _ _ _ _ _ _ _ _ _ _ _ _ _ _ _ _ _ _ _ _ _ _ _ _ _ _ _ _ _ _ _ _ _ _ _ _ _ _ _ _ _ _ _ _ _ _ _ _ _ _ _ _ _ _ _ _ _ _ _ _ _ _ _ _ _ _ _ _ _ _ _ _ _ _ _ _ _ _ _ _ _ _ _ _ _ _ _ _ _ _ _ _ _ _ _ _ _ _ _ _
/usr/lib/python3.8/contextlib.py:113: in __enter__
    return next(self.gen)
.venv/lib/python3.8/site-packages/pytest_docker/plugin.py:212: in get_docker_services
    docker_compose.execute(command)
.venv/lib/python3.8/site-packages/pytest_docker/plugin.py:140: in execute
    return execute(command)
_ _ _ _ _ _ _ _ _ _ _ _ _ _ _ _ _ _ _ _ _ _ _ _ _ _ _ _ _ _ _ _ _ _ _ _ _ _ _ _ _ _ _ _ _ _ _ _ _ _ _ _ _ _ _ _ _ _ _ _ _ _ _ _ _ _ _ _ _ _ _ _ _ _ _ _ _ _ _ _ _ _ _ _ _ _ _ _ _ _ _ _ _ _ _ _ _ _ _ _ _ _ _ _ _ _

command = &#39;docker compose -f &#34;/home/madrid/Escritorio/SGE/SGE-odoo-project-tester/projects/docker-compose.yml&#34; -p &#34;pytest58422&#34; up --build -d&#39;, success_codes = (0,)

    def execute(command: str, success_codes: Iterable[int] = (0,)) -&gt; Union[bytes, Any]:
        &#34;&#34;&#34;Run a shell command.&#34;&#34;&#34;
        try:
            output = subprocess.check_output(command, stderr=subprocess.STDOUT, shell=True)
            status = 0
        except subprocess.CalledProcessError as error:
            output = error.output or b&#34;&#34;
            status = error.returncode
            command = error.cmd
    
        if status not in success_codes:
&gt;           raise Exception(
                &#39;Command {} returned {}: &#34;&#34;&#34;{}&#34;&#34;&#34;.&#39;.format(command, status, output.decode(&#34;utf-8&#34;))
            )
E           Exception: Command docker compose -f &#34;/home/madrid/Escritorio/SGE/SGE-odoo-project-tester/projects/docker-compose.yml&#34; -p &#34;pytest58422&#34; up --build -d returned 1: &#34;&#34;&#34;time=&#34;2025-02-26T16:27:32+01:00&#34; level=warning msg=&#34;/home/madrid/Escritorio/SGE/SGE-odoo-project-tester/projects/docker-compose.yml: `version` is obsolete&#34;
E            Network pytest58422_default  Creating
E            Network pytest58422_default  Error
E           failed to create network pytest58422_default: Error response from daemon: could not find an available, non-overlapping IPv4 address pool among the defaults to assign to the network
E           &#34;&#34;&#34;.

.venv/lib/python3.8/site-packages/pytest_docker/plugin.py:35: Exception</pre>
                        
                        

                        
                        
                        
                    </div>
                
                    <div class="test outcome outcome-failed">
                        <a id="ec636cfd-c971-42f0-85ac-bf3838b74c8c"></a>
                        <table class="proplist">
                            <tr><th>Test case:</th><td><b>test_app_instalada</b></td></tr>
                            <tr><th>Outcome:</th><td>Failed</td></tr>
                            <tr><th>Duration:</th><td>0.001 sec</td></tr>
                        
                            <tr><th>Failed</th><td>failed on setup with &#34;Exception: Command docker compose -f &#34;/home/madrid/Escritorio/SGE/SGE-odoo-project-tester/projects/docker-compose.yml&#34; -p &#34;pytest58422&#34; up --build -d returned 1: &#34;&#34;&#34;time=&#34;2025-02-26T16:27:32+01:00&#34; level=warning msg=&#34;/home/madrid/Escritorio/SGE/SGE-odoo-project-tester/projects/docker-compose.yml: `version` is obsolete&#34;
 Network pytest58422_default  Creating
 Network pytest58422_default  Error
failed to create network pytest58422_default: Error response from daemon: could not find an available, non-overlapping IPv4 address pool among the defaults to assign to the network
&#34;&#34;&#34;.&#34;</td></tr>
                        
                        
                        </table>

                        
                        <pre>docker_compose_command = &#39;docker compose&#39;, docker_compose_file = &#39;/home/madrid/Escritorio/SGE/SGE-odoo-project-tester/projects/docker-compose.yml&#39;, docker_compose_project_name = &#39;pytest58422&#39;
docker_setup = [&#39;up --build -d&#39;], docker_cleanup = [&#39;down -v&#39;]

    @pytest.fixture(scope=containers_scope)
    def docker_services(
        docker_compose_command: str,
        docker_compose_file: Union[List[str], str],
        docker_compose_project_name: str,
        docker_setup: str,
        docker_cleanup: str,
    ) -&gt; Iterator[Services]:
        &#34;&#34;&#34;Start all services from a docker compose file (`docker-compose up`).
        After test are finished, shutdown all services (`docker-compose down`).&#34;&#34;&#34;
    
&gt;       with get_docker_services(
            docker_compose_command,
            docker_compose_file,
            docker_compose_project_name,
            docker_setup,
            docker_cleanup,
        ) as docker_service:

.venv/lib/python3.8/site-packages/pytest_docker/plugin.py:238: 
_ _ _ _ _ _ _ _ _ _ _ _ _ _ _ _ _ _ _ _ _ _ _ _ _ _ _ _ _ _ _ _ _ _ _ _ _ _ _ _ _ _ _ _ _ _ _ _ _ _ _ _ _ _ _ _ _ _ _ _ _ _ _ _ _ _ _ _ _ _ _ _ _ _ _ _ _ _ _ _ _ _ _ _ _ _ _ _ _ _ _ _ _ _ _ _ _ _ _ _ _ _ _ _ _ _
/usr/lib/python3.8/contextlib.py:113: in __enter__
    return next(self.gen)
.venv/lib/python3.8/site-packages/pytest_docker/plugin.py:212: in get_docker_services
    docker_compose.execute(command)
.venv/lib/python3.8/site-packages/pytest_docker/plugin.py:140: in execute
    return execute(command)
_ _ _ _ _ _ _ _ _ _ _ _ _ _ _ _ _ _ _ _ _ _ _ _ _ _ _ _ _ _ _ _ _ _ _ _ _ _ _ _ _ _ _ _ _ _ _ _ _ _ _ _ _ _ _ _ _ _ _ _ _ _ _ _ _ _ _ _ _ _ _ _ _ _ _ _ _ _ _ _ _ _ _ _ _ _ _ _ _ _ _ _ _ _ _ _ _ _ _ _ _ _ _ _ _ _

command = &#39;docker compose -f &#34;/home/madrid/Escritorio/SGE/SGE-odoo-project-tester/projects/docker-compose.yml&#34; -p &#34;pytest58422&#34; up --build -d&#39;, success_codes = (0,)

    def execute(command: str, success_codes: Iterable[int] = (0,)) -&gt; Union[bytes, Any]:
        &#34;&#34;&#34;Run a shell command.&#34;&#34;&#34;
        try:
            output = subprocess.check_output(command, stderr=subprocess.STDOUT, shell=True)
            status = 0
        except subprocess.CalledProcessError as error:
            output = error.output or b&#34;&#34;
            status = error.returncode
            command = error.cmd
    
        if status not in success_codes:
&gt;           raise Exception(
                &#39;Command {} returned {}: &#34;&#34;&#34;{}&#34;&#34;&#34;.&#39;.format(command, status, output.decode(&#34;utf-8&#34;))
            )
E           Exception: Command docker compose -f &#34;/home/madrid/Escritorio/SGE/SGE-odoo-project-tester/projects/docker-compose.yml&#34; -p &#34;pytest58422&#34; up --build -d returned 1: &#34;&#34;&#34;time=&#34;2025-02-26T16:27:32+01:00&#34; level=warning msg=&#34;/home/madrid/Escritorio/SGE/SGE-odoo-project-tester/projects/docker-compose.yml: `version` is obsolete&#34;
E            Network pytest58422_default  Creating
E            Network pytest58422_default  Error
E           failed to create network pytest58422_default: Error response from daemon: could not find an available, non-overlapping IPv4 address pool among the defaults to assign to the network
E           &#34;&#34;&#34;.

.venv/lib/python3.8/site-packages/pytest_docker/plugin.py:35: Exception</pre>
                        
                        

                        
                        
                        
                    </div>
                
                    <div class="test outcome outcome-failed">
                        <a id="07c04458-8a93-4bf2-bbc7-99ec06d6fab4"></a>
                        <table class="proplist">
                            <tr><th>Test case:</th><td><b>test_otras_apps_entregadas_son_dependencias</b></td></tr>
                            <tr><th>Outcome:</th><td>Failed</td></tr>
                            <tr><th>Duration:</th><td>0.001 sec</td></tr>
                        
                            <tr><th>Failed</th><td>failed on setup with &#34;Exception: Command docker compose -f &#34;/home/madrid/Escritorio/SGE/SGE-odoo-project-tester/projects/docker-compose.yml&#34; -p &#34;pytest58422&#34; up --build -d returned 1: &#34;&#34;&#34;time=&#34;2025-02-26T16:27:32+01:00&#34; level=warning msg=&#34;/home/madrid/Escritorio/SGE/SGE-odoo-project-tester/projects/docker-compose.yml: `version` is obsolete&#34;
 Network pytest58422_default  Creating
 Network pytest58422_default  Error
failed to create network pytest58422_default: Error response from daemon: could not find an available, non-overlapping IPv4 address pool among the defaults to assign to the network
&#34;&#34;&#34;.&#34;</td></tr>
                        
                        
                        </table>

                        
                        <pre>docker_compose_command = &#39;docker compose&#39;, docker_compose_file = &#39;/home/madrid/Escritorio/SGE/SGE-odoo-project-tester/projects/docker-compose.yml&#39;, docker_compose_project_name = &#39;pytest58422&#39;
docker_setup = [&#39;up --build -d&#39;], docker_cleanup = [&#39;down -v&#39;]

    @pytest.fixture(scope=containers_scope)
    def docker_services(
        docker_compose_command: str,
        docker_compose_file: Union[List[str], str],
        docker_compose_project_name: str,
        docker_setup: str,
        docker_cleanup: str,
    ) -&gt; Iterator[Services]:
        &#34;&#34;&#34;Start all services from a docker compose file (`docker-compose up`).
        After test are finished, shutdown all services (`docker-compose down`).&#34;&#34;&#34;
    
&gt;       with get_docker_services(
            docker_compose_command,
            docker_compose_file,
            docker_compose_project_name,
            docker_setup,
            docker_cleanup,
        ) as docker_service:

.venv/lib/python3.8/site-packages/pytest_docker/plugin.py:238: 
_ _ _ _ _ _ _ _ _ _ _ _ _ _ _ _ _ _ _ _ _ _ _ _ _ _ _ _ _ _ _ _ _ _ _ _ _ _ _ _ _ _ _ _ _ _ _ _ _ _ _ _ _ _ _ _ _ _ _ _ _ _ _ _ _ _ _ _ _ _ _ _ _ _ _ _ _ _ _ _ _ _ _ _ _ _ _ _ _ _ _ _ _ _ _ _ _ _ _ _ _ _ _ _ _ _
/usr/lib/python3.8/contextlib.py:113: in __enter__
    return next(self.gen)
.venv/lib/python3.8/site-packages/pytest_docker/plugin.py:212: in get_docker_services
    docker_compose.execute(command)
.venv/lib/python3.8/site-packages/pytest_docker/plugin.py:140: in execute
    return execute(command)
_ _ _ _ _ _ _ _ _ _ _ _ _ _ _ _ _ _ _ _ _ _ _ _ _ _ _ _ _ _ _ _ _ _ _ _ _ _ _ _ _ _ _ _ _ _ _ _ _ _ _ _ _ _ _ _ _ _ _ _ _ _ _ _ _ _ _ _ _ _ _ _ _ _ _ _ _ _ _ _ _ _ _ _ _ _ _ _ _ _ _ _ _ _ _ _ _ _ _ _ _ _ _ _ _ _

command = &#39;docker compose -f &#34;/home/madrid/Escritorio/SGE/SGE-odoo-project-tester/projects/docker-compose.yml&#34; -p &#34;pytest58422&#34; up --build -d&#39;, success_codes = (0,)

    def execute(command: str, success_codes: Iterable[int] = (0,)) -&gt; Union[bytes, Any]:
        &#34;&#34;&#34;Run a shell command.&#34;&#34;&#34;
        try:
            output = subprocess.check_output(command, stderr=subprocess.STDOUT, shell=True)
            status = 0
        except subprocess.CalledProcessError as error:
            output = error.output or b&#34;&#34;
            status = error.returncode
            command = error.cmd
    
        if status not in success_codes:
&gt;           raise Exception(
                &#39;Command {} returned {}: &#34;&#34;&#34;{}&#34;&#34;&#34;.&#39;.format(command, status, output.decode(&#34;utf-8&#34;))
            )
E           Exception: Command docker compose -f &#34;/home/madrid/Escritorio/SGE/SGE-odoo-project-tester/projects/docker-compose.yml&#34; -p &#34;pytest58422&#34; up --build -d returned 1: &#34;&#34;&#34;time=&#34;2025-02-26T16:27:32+01:00&#34; level=warning msg=&#34;/home/madrid/Escritorio/SGE/SGE-odoo-project-tester/projects/docker-compose.yml: `version` is obsolete&#34;
E            Network pytest58422_default  Creating
E            Network pytest58422_default  Error
E           failed to create network pytest58422_default: Error response from daemon: could not find an available, non-overlapping IPv4 address pool among the defaults to assign to the network
E           &#34;&#34;&#34;.

.venv/lib/python3.8/site-packages/pytest_docker/plugin.py:35: Exception</pre>
                        
                        

                        
                        
                        
                    </div>
                
                    <div class="test outcome outcome-failed">
                        <a id="b0de606d-4bf2-4e7a-8a1e-3c53226b7493"></a>
                        <table class="proplist">
                            <tr><th>Test case:</th><td><b>test_no_hay_elementos_xml_comentados</b></td></tr>
                            <tr><th>Outcome:</th><td>Failed</td></tr>
                            <tr><th>Duration:</th><td>0.001 sec</td></tr>
                        
                            <tr><th>Failed</th><td>failed on setup with &#34;Exception: Command docker compose -f &#34;/home/madrid/Escritorio/SGE/SGE-odoo-project-tester/projects/docker-compose.yml&#34; -p &#34;pytest58422&#34; up --build -d returned 1: &#34;&#34;&#34;time=&#34;2025-02-26T16:27:32+01:00&#34; level=warning msg=&#34;/home/madrid/Escritorio/SGE/SGE-odoo-project-tester/projects/docker-compose.yml: `version` is obsolete&#34;
 Network pytest58422_default  Creating
 Network pytest58422_default  Error
failed to create network pytest58422_default: Error response from daemon: could not find an available, non-overlapping IPv4 address pool among the defaults to assign to the network
&#34;&#34;&#34;.&#34;</td></tr>
                        
                        
                        </table>

                        
                        <pre>docker_compose_command = &#39;docker compose&#39;, docker_compose_file = &#39;/home/madrid/Escritorio/SGE/SGE-odoo-project-tester/projects/docker-compose.yml&#39;, docker_compose_project_name = &#39;pytest58422&#39;
docker_setup = [&#39;up --build -d&#39;], docker_cleanup = [&#39;down -v&#39;]

    @pytest.fixture(scope=containers_scope)
    def docker_services(
        docker_compose_command: str,
        docker_compose_file: Union[List[str], str],
        docker_compose_project_name: str,
        docker_setup: str,
        docker_cleanup: str,
    ) -&gt; Iterator[Services]:
        &#34;&#34;&#34;Start all services from a docker compose file (`docker-compose up`).
        After test are finished, shutdown all services (`docker-compose down`).&#34;&#34;&#34;
    
&gt;       with get_docker_services(
            docker_compose_command,
            docker_compose_file,
            docker_compose_project_name,
            docker_setup,
            docker_cleanup,
        ) as docker_service:

.venv/lib/python3.8/site-packages/pytest_docker/plugin.py:238: 
_ _ _ _ _ _ _ _ _ _ _ _ _ _ _ _ _ _ _ _ _ _ _ _ _ _ _ _ _ _ _ _ _ _ _ _ _ _ _ _ _ _ _ _ _ _ _ _ _ _ _ _ _ _ _ _ _ _ _ _ _ _ _ _ _ _ _ _ _ _ _ _ _ _ _ _ _ _ _ _ _ _ _ _ _ _ _ _ _ _ _ _ _ _ _ _ _ _ _ _ _ _ _ _ _ _
/usr/lib/python3.8/contextlib.py:113: in __enter__
    return next(self.gen)
.venv/lib/python3.8/site-packages/pytest_docker/plugin.py:212: in get_docker_services
    docker_compose.execute(command)
.venv/lib/python3.8/site-packages/pytest_docker/plugin.py:140: in execute
    return execute(command)
_ _ _ _ _ _ _ _ _ _ _ _ _ _ _ _ _ _ _ _ _ _ _ _ _ _ _ _ _ _ _ _ _ _ _ _ _ _ _ _ _ _ _ _ _ _ _ _ _ _ _ _ _ _ _ _ _ _ _ _ _ _ _ _ _ _ _ _ _ _ _ _ _ _ _ _ _ _ _ _ _ _ _ _ _ _ _ _ _ _ _ _ _ _ _ _ _ _ _ _ _ _ _ _ _ _

command = &#39;docker compose -f &#34;/home/madrid/Escritorio/SGE/SGE-odoo-project-tester/projects/docker-compose.yml&#34; -p &#34;pytest58422&#34; up --build -d&#39;, success_codes = (0,)

    def execute(command: str, success_codes: Iterable[int] = (0,)) -&gt; Union[bytes, Any]:
        &#34;&#34;&#34;Run a shell command.&#34;&#34;&#34;
        try:
            output = subprocess.check_output(command, stderr=subprocess.STDOUT, shell=True)
            status = 0
        except subprocess.CalledProcessError as error:
            output = error.output or b&#34;&#34;
            status = error.returncode
            command = error.cmd
    
        if status not in success_codes:
&gt;           raise Exception(
                &#39;Command {} returned {}: &#34;&#34;&#34;{}&#34;&#34;&#34;.&#39;.format(command, status, output.decode(&#34;utf-8&#34;))
            )
E           Exception: Command docker compose -f &#34;/home/madrid/Escritorio/SGE/SGE-odoo-project-tester/projects/docker-compose.yml&#34; -p &#34;pytest58422&#34; up --build -d returned 1: &#34;&#34;&#34;time=&#34;2025-02-26T16:27:32+01:00&#34; level=warning msg=&#34;/home/madrid/Escritorio/SGE/SGE-odoo-project-tester/projects/docker-compose.yml: `version` is obsolete&#34;
E            Network pytest58422_default  Creating
E            Network pytest58422_default  Error
E           failed to create network pytest58422_default: Error response from daemon: could not find an available, non-overlapping IPv4 address pool among the defaults to assign to the network
E           &#34;&#34;&#34;.

.venv/lib/python3.8/site-packages/pytest_docker/plugin.py:35: Exception</pre>
                        
                        

                        
                        
                        
                    </div>
                
                    <div class="test outcome outcome-failed">
                        <a id="37448718-b667-41c7-814f-ce76cae97873"></a>
                        <table class="proplist">
                            <tr><th>Test case:</th><td><b>test_no_hay_codigo_python_comentado</b></td></tr>
                            <tr><th>Outcome:</th><td>Failed</td></tr>
                            <tr><th>Duration:</th><td>0.001 sec</td></tr>
                        
                            <tr><th>Failed</th><td>failed on setup with &#34;Exception: Command docker compose -f &#34;/home/madrid/Escritorio/SGE/SGE-odoo-project-tester/projects/docker-compose.yml&#34; -p &#34;pytest58422&#34; up --build -d returned 1: &#34;&#34;&#34;time=&#34;2025-02-26T16:27:32+01:00&#34; level=warning msg=&#34;/home/madrid/Escritorio/SGE/SGE-odoo-project-tester/projects/docker-compose.yml: `version` is obsolete&#34;
 Network pytest58422_default  Creating
 Network pytest58422_default  Error
failed to create network pytest58422_default: Error response from daemon: could not find an available, non-overlapping IPv4 address pool among the defaults to assign to the network
&#34;&#34;&#34;.&#34;</td></tr>
                        
                        
                        </table>

                        
                        <pre>docker_compose_command = &#39;docker compose&#39;, docker_compose_file = &#39;/home/madrid/Escritorio/SGE/SGE-odoo-project-tester/projects/docker-compose.yml&#39;, docker_compose_project_name = &#39;pytest58422&#39;
docker_setup = [&#39;up --build -d&#39;], docker_cleanup = [&#39;down -v&#39;]

    @pytest.fixture(scope=containers_scope)
    def docker_services(
        docker_compose_command: str,
        docker_compose_file: Union[List[str], str],
        docker_compose_project_name: str,
        docker_setup: str,
        docker_cleanup: str,
    ) -&gt; Iterator[Services]:
        &#34;&#34;&#34;Start all services from a docker compose file (`docker-compose up`).
        After test are finished, shutdown all services (`docker-compose down`).&#34;&#34;&#34;
    
&gt;       with get_docker_services(
            docker_compose_command,
            docker_compose_file,
            docker_compose_project_name,
            docker_setup,
            docker_cleanup,
        ) as docker_service:

.venv/lib/python3.8/site-packages/pytest_docker/plugin.py:238: 
_ _ _ _ _ _ _ _ _ _ _ _ _ _ _ _ _ _ _ _ _ _ _ _ _ _ _ _ _ _ _ _ _ _ _ _ _ _ _ _ _ _ _ _ _ _ _ _ _ _ _ _ _ _ _ _ _ _ _ _ _ _ _ _ _ _ _ _ _ _ _ _ _ _ _ _ _ _ _ _ _ _ _ _ _ _ _ _ _ _ _ _ _ _ _ _ _ _ _ _ _ _ _ _ _ _
/usr/lib/python3.8/contextlib.py:113: in __enter__
    return next(self.gen)
.venv/lib/python3.8/site-packages/pytest_docker/plugin.py:212: in get_docker_services
    docker_compose.execute(command)
.venv/lib/python3.8/site-packages/pytest_docker/plugin.py:140: in execute
    return execute(command)
_ _ _ _ _ _ _ _ _ _ _ _ _ _ _ _ _ _ _ _ _ _ _ _ _ _ _ _ _ _ _ _ _ _ _ _ _ _ _ _ _ _ _ _ _ _ _ _ _ _ _ _ _ _ _ _ _ _ _ _ _ _ _ _ _ _ _ _ _ _ _ _ _ _ _ _ _ _ _ _ _ _ _ _ _ _ _ _ _ _ _ _ _ _ _ _ _ _ _ _ _ _ _ _ _ _

command = &#39;docker compose -f &#34;/home/madrid/Escritorio/SGE/SGE-odoo-project-tester/projects/docker-compose.yml&#34; -p &#34;pytest58422&#34; up --build -d&#39;, success_codes = (0,)

    def execute(command: str, success_codes: Iterable[int] = (0,)) -&gt; Union[bytes, Any]:
        &#34;&#34;&#34;Run a shell command.&#34;&#34;&#34;
        try:
            output = subprocess.check_output(command, stderr=subprocess.STDOUT, shell=True)
            status = 0
        except subprocess.CalledProcessError as error:
            output = error.output or b&#34;&#34;
            status = error.returncode
            command = error.cmd
    
        if status not in success_codes:
&gt;           raise Exception(
                &#39;Command {} returned {}: &#34;&#34;&#34;{}&#34;&#34;&#34;.&#39;.format(command, status, output.decode(&#34;utf-8&#34;))
            )
E           Exception: Command docker compose -f &#34;/home/madrid/Escritorio/SGE/SGE-odoo-project-tester/projects/docker-compose.yml&#34; -p &#34;pytest58422&#34; up --build -d returned 1: &#34;&#34;&#34;time=&#34;2025-02-26T16:27:32+01:00&#34; level=warning msg=&#34;/home/madrid/Escritorio/SGE/SGE-odoo-project-tester/projects/docker-compose.yml: `version` is obsolete&#34;
E            Network pytest58422_default  Creating
E            Network pytest58422_default  Error
E           failed to create network pytest58422_default: Error response from daemon: could not find an available, non-overlapping IPv4 address pool among the defaults to assign to the network
E           &#34;&#34;&#34;.

.venv/lib/python3.8/site-packages/pytest_docker/plugin.py:35: Exception</pre>
                        
                        

                        
                        
                        
                    </div>
                
                    <div class="test outcome outcome-failed">
                        <a id="8190cda3-0456-46b3-80da-a17c3c16a090"></a>
                        <table class="proplist">
                            <tr><th>Test case:</th><td><b>test_log_servidor_sin_errores</b></td></tr>
                            <tr><th>Outcome:</th><td>Failed</td></tr>
                            <tr><th>Duration:</th><td>0.001 sec</td></tr>
                        
                            <tr><th>Failed</th><td>failed on setup with &#34;Exception: Command docker compose -f &#34;/home/madrid/Escritorio/SGE/SGE-odoo-project-tester/projects/docker-compose.yml&#34; -p &#34;pytest58422&#34; up --build -d returned 1: &#34;&#34;&#34;time=&#34;2025-02-26T16:27:32+01:00&#34; level=warning msg=&#34;/home/madrid/Escritorio/SGE/SGE-odoo-project-tester/projects/docker-compose.yml: `version` is obsolete&#34;
 Network pytest58422_default  Creating
 Network pytest58422_default  Error
failed to create network pytest58422_default: Error response from daemon: could not find an available, non-overlapping IPv4 address pool among the defaults to assign to the network
&#34;&#34;&#34;.&#34;</td></tr>
                        
                        
                        </table>

                        
                        <pre>docker_compose_command = &#39;docker compose&#39;, docker_compose_file = &#39;/home/madrid/Escritorio/SGE/SGE-odoo-project-tester/projects/docker-compose.yml&#39;, docker_compose_project_name = &#39;pytest58422&#39;
docker_setup = [&#39;up --build -d&#39;], docker_cleanup = [&#39;down -v&#39;]

    @pytest.fixture(scope=containers_scope)
    def docker_services(
        docker_compose_command: str,
        docker_compose_file: Union[List[str], str],
        docker_compose_project_name: str,
        docker_setup: str,
        docker_cleanup: str,
    ) -&gt; Iterator[Services]:
        &#34;&#34;&#34;Start all services from a docker compose file (`docker-compose up`).
        After test are finished, shutdown all services (`docker-compose down`).&#34;&#34;&#34;
    
&gt;       with get_docker_services(
            docker_compose_command,
            docker_compose_file,
            docker_compose_project_name,
            docker_setup,
            docker_cleanup,
        ) as docker_service:

.venv/lib/python3.8/site-packages/pytest_docker/plugin.py:238: 
_ _ _ _ _ _ _ _ _ _ _ _ _ _ _ _ _ _ _ _ _ _ _ _ _ _ _ _ _ _ _ _ _ _ _ _ _ _ _ _ _ _ _ _ _ _ _ _ _ _ _ _ _ _ _ _ _ _ _ _ _ _ _ _ _ _ _ _ _ _ _ _ _ _ _ _ _ _ _ _ _ _ _ _ _ _ _ _ _ _ _ _ _ _ _ _ _ _ _ _ _ _ _ _ _ _
/usr/lib/python3.8/contextlib.py:113: in __enter__
    return next(self.gen)
.venv/lib/python3.8/site-packages/pytest_docker/plugin.py:212: in get_docker_services
    docker_compose.execute(command)
.venv/lib/python3.8/site-packages/pytest_docker/plugin.py:140: in execute
    return execute(command)
_ _ _ _ _ _ _ _ _ _ _ _ _ _ _ _ _ _ _ _ _ _ _ _ _ _ _ _ _ _ _ _ _ _ _ _ _ _ _ _ _ _ _ _ _ _ _ _ _ _ _ _ _ _ _ _ _ _ _ _ _ _ _ _ _ _ _ _ _ _ _ _ _ _ _ _ _ _ _ _ _ _ _ _ _ _ _ _ _ _ _ _ _ _ _ _ _ _ _ _ _ _ _ _ _ _

command = &#39;docker compose -f &#34;/home/madrid/Escritorio/SGE/SGE-odoo-project-tester/projects/docker-compose.yml&#34; -p &#34;pytest58422&#34; up --build -d&#39;, success_codes = (0,)

    def execute(command: str, success_codes: Iterable[int] = (0,)) -&gt; Union[bytes, Any]:
        &#34;&#34;&#34;Run a shell command.&#34;&#34;&#34;
        try:
            output = subprocess.check_output(command, stderr=subprocess.STDOUT, shell=True)
            status = 0
        except subprocess.CalledProcessError as error:
            output = error.output or b&#34;&#34;
            status = error.returncode
            command = error.cmd
    
        if status not in success_codes:
&gt;           raise Exception(
                &#39;Command {} returned {}: &#34;&#34;&#34;{}&#34;&#34;&#34;.&#39;.format(command, status, output.decode(&#34;utf-8&#34;))
            )
E           Exception: Command docker compose -f &#34;/home/madrid/Escritorio/SGE/SGE-odoo-project-tester/projects/docker-compose.yml&#34; -p &#34;pytest58422&#34; up --build -d returned 1: &#34;&#34;&#34;time=&#34;2025-02-26T16:27:32+01:00&#34; level=warning msg=&#34;/home/madrid/Escritorio/SGE/SGE-odoo-project-tester/projects/docker-compose.yml: `version` is obsolete&#34;
E            Network pytest58422_default  Creating
E            Network pytest58422_default  Error
E           failed to create network pytest58422_default: Error response from daemon: could not find an available, non-overlapping IPv4 address pool among the defaults to assign to the network
E           &#34;&#34;&#34;.

.venv/lib/python3.8/site-packages/pytest_docker/plugin.py:35: Exception</pre>
                        
                        

                        
                        
                        
                    </div>
                
                </div>
            </div>
            
            <div class="testclass">
                <h4>test_minimal_requirements.TestOtros</h4>
                <div class="testcases">
                
                    <div class="test outcome outcome-skipped">
                        <a id="05d8eab7-fa28-468e-85d0-bc363cb3f9a6"></a>
                        <table class="proplist">
                            <tr><th>Test case:</th><td><b>test_log_sin_warnings</b></td></tr>
                            <tr><th>Outcome:</th><td>Skipped</td></tr>
                            <tr><th>Duration:</th><td>0.001 sec</td></tr>
                        
                        
                            <tr><th>Skipped</th><td></td></tr>
                        
                        </table>

                        
                        
                        <pre>skipped</pre>
                        

                        
                        
                        
                    </div>
                
                </div>
            </div>
            
            <div class="testclass">
                <h4>test_minimal_requirements.TestRNFAdicionalesKanban</h4>
                <div class="testcases">
                
                    <div class="test outcome outcome-skipped">
                        <a id="8db0cf30-8482-4002-90ec-c07c7ffe7aa0"></a>
                        <table class="proplist">
                            <tr><th>Test case:</th><td><b>test_vista_kanban[/kanban]</b></td></tr>
                            <tr><th>Outcome:</th><td>Skipped</td></tr>
                            <tr><th>Duration:</th><td>0.001 sec</td></tr>
                        
                        
                            <tr><th>Skipped</th><td></td></tr>
                        
                        </table>

                        
                        
                        <pre>skipped</pre>
                        

                        
                        
                        
                    </div>
                
                    <div class="test outcome outcome-skipped">
                        <a id="56a2fc23-8f24-4986-82aa-2d665bb97081"></a>
                        <table class="proplist">
                            <tr><th>Test case:</th><td><b>test_vista_kanban[/kanban[@default_group_by]]</b></td></tr>
                            <tr><th>Outcome:</th><td>Skipped</td></tr>
                            <tr><th>Duration:</th><td>0.001 sec</td></tr>
                        
                        
                            <tr><th>Skipped</th><td></td></tr>
                        
                        </table>

                        
                        
                        <pre>skipped</pre>
                        

                        
                        
                        
                    </div>
                
                    <div class="test outcome outcome-skipped">
                        <a id="82e33c0b-679e-4d76-b70a-dca7b95b07c5"></a>
                        <table class="proplist">
                            <tr><th>Test case:</th><td><b>test_vista_kanban_imagen[/img]</b></td></tr>
                            <tr><th>Outcome:</th><td>Skipped</td></tr>
                            <tr><th>Duration:</th><td>0.001 sec</td></tr>
                        
                        
                            <tr><th>Skipped</th><td></td></tr>
                        
                        </table>

                        
                        
                        <pre>skipped</pre>
                        

                        
                        
                        
                    </div>
                
                    <div class="test outcome outcome-skipped">
                        <a id="9838364b-2800-4c1c-9879-7bb19b2fa2bd"></a>
                        <table class="proplist">
                            <tr><th>Test case:</th><td><b>test_vista_kanban_imagen[/field[@preview_image]]</b></td></tr>
                            <tr><th>Outcome:</th><td>Skipped</td></tr>
                            <tr><th>Duration:</th><td>0.001 sec</td></tr>
                        
                        
                            <tr><th>Skipped</th><td></td></tr>
                        
                        </table>

                        
                        
                        <pre>skipped</pre>
                        

                        
                        
                        
                    </div>
                
                    <div class="test outcome outcome-skipped">
                        <a id="2cdc14e8-c4b8-4075-803a-aef7a10f4ee2"></a>
                        <table class="proplist">
                            <tr><th>Test case:</th><td><b>test_vista_kanban_imagen[/field[@widget=&#34;image&#34;]]</b></td></tr>
                            <tr><th>Outcome:</th><td>Skipped</td></tr>
                            <tr><th>Duration:</th><td>0.001 sec</td></tr>
                        
                        
                            <tr><th>Skipped</th><td></td></tr>
                        
                        </table>

                        
                        
                        <pre>skipped</pre>
                        

                        
                        
                        
                    </div>
                
                </div>
            </div>
            
            <div class="testclass">
                <h4>test_minimal_requirements.TestRNFAdicionalesBusqueda</h4>
                <div class="testcases">
                
                    <div class="test outcome outcome-skipped">
                        <a id="97ac740f-ab8b-473d-a415-a027486a70bc"></a>
                        <table class="proplist">
                            <tr><th>Test case:</th><td><b>test_vista_search[/search]</b></td></tr>
                            <tr><th>Outcome:</th><td>Skipped</td></tr>
                            <tr><th>Duration:</th><td>0.001 sec</td></tr>
                        
                        
                            <tr><th>Skipped</th><td></td></tr>
                        
                        </table>

                        
                        
                        <pre>skipped</pre>
                        

                        
                        
                        
                    </div>
                
                    <div class="test outcome outcome-skipped">
                        <a id="c265667a-456c-4848-a046-17c49492ce5f"></a>
                        <table class="proplist">
                            <tr><th>Test case:</th><td><b>test_vista_search_compleja[/filter[@domain]]</b></td></tr>
                            <tr><th>Outcome:</th><td>Skipped</td></tr>
                            <tr><th>Duration:</th><td>0.001 sec</td></tr>
                        
                        
                            <tr><th>Skipped</th><td></td></tr>
                        
                        </table>

                        
                        
                        <pre>skipped</pre>
                        

                        
                        
                        
                    </div>
                
                    <div class="test outcome outcome-skipped">
                        <a id="216d4956-2e2e-451c-a8a0-c63ee905a868"></a>
                        <table class="proplist">
                            <tr><th>Test case:</th><td><b>test_vista_search_compleja[/group//filter[@context]]</b></td></tr>
                            <tr><th>Outcome:</th><td>Skipped</td></tr>
                            <tr><th>Duration:</th><td>0.001 sec</td></tr>
                        
                        
                            <tr><th>Skipped</th><td></td></tr>
                        
                        </table>

                        
                        
                        <pre>skipped</pre>
                        

                        
                        
                        
                    </div>
                
                </div>
            </div>
            
            <div class="testclass">
                <h4>test_minimal_requirements.TestRNFAdicionalesOtrasVistas</h4>
                <div class="testcases">
                
                    <div class="test outcome outcome-skipped">
                        <a id="8ad7e08f-8e4b-481a-b40b-bda65a7f843b"></a>
                        <table class="proplist">
                            <tr><th>Test case:</th><td><b>test_otras_vistas_adicionales[activity]</b></td></tr>
                            <tr><th>Outcome:</th><td>Skipped</td></tr>
                            <tr><th>Duration:</th><td>0.001 sec</td></tr>
                        
                        
                            <tr><th>Skipped</th><td></td></tr>
                        
                        </table>

                        
                        
                        <pre>skipped</pre>
                        

                        
                        
                        
                    </div>
                
                    <div class="test outcome outcome-skipped">
                        <a id="f01494fe-9a8a-44bb-9811-6dc3b9713d27"></a>
                        <table class="proplist">
                            <tr><th>Test case:</th><td><b>test_otras_vistas_adicionales[calendar]</b></td></tr>
                            <tr><th>Outcome:</th><td>Skipped</td></tr>
                            <tr><th>Duration:</th><td>0.001 sec</td></tr>
                        
                        
                            <tr><th>Skipped</th><td></td></tr>
                        
                        </table>

                        
                        
                        <pre>skipped</pre>
                        

                        
                        
                        
                    </div>
                
                    <div class="test outcome outcome-skipped">
                        <a id="d61629fc-d0dd-4c41-90f7-bb9f5011b314"></a>
                        <table class="proplist">
                            <tr><th>Test case:</th><td><b>test_otras_vistas_adicionales[graph]</b></td></tr>
                            <tr><th>Outcome:</th><td>Skipped</td></tr>
                            <tr><th>Duration:</th><td>0.001 sec</td></tr>
                        
                        
                            <tr><th>Skipped</th><td></td></tr>
                        
                        </table>

                        
                        
                        <pre>skipped</pre>
                        

                        
                        
                        
                    </div>
                
                    <div class="test outcome outcome-skipped">
                        <a id="47cb010f-bf8e-489a-8d9e-e00290ef9ac6"></a>
                        <table class="proplist">
                            <tr><th>Test case:</th><td><b>test_otras_vistas_adicionales[pivot]</b></td></tr>
                            <tr><th>Outcome:</th><td>Skipped</td></tr>
                            <tr><th>Duration:</th><td>0.001 sec</td></tr>
                        
                        
                            <tr><th>Skipped</th><td></td></tr>
                        
                        </table>

                        
                        
                        <pre>skipped</pre>
                        

                        
                        
                        
                    </div>
                
                </div>
            </div>
            
            <div class="testclass">
                <h4>test_minimal_requirements.TestRNFAdicionalesConstraints</h4>
                <div class="testcases">
                
                    <div class="test outcome outcome-skipped">
                        <a id="5d5f3917-af8c-4499-aa71-2b23e3490cd2"></a>
                        <table class="proplist">
                            <tr><th>Test case:</th><td><b>test_constraints_sql</b></td></tr>
                            <tr><th>Outcome:</th><td>Skipped</td></tr>
                            <tr><th>Duration:</th><td>0.001 sec</td></tr>
                        
                        
                            <tr><th>Skipped</th><td></td></tr>
                        
                        </table>

                        
                        
                        <pre>skipped</pre>
                        

                        
                        
                        
                    </div>
                
                </div>
            </div>
            
            <div class="testclass">
                <h4>test_minimal_requirements.TestRNFAdicionalesSeguridadAvanzada</h4>
                <div class="testcases">
                
                    <div class="test outcome outcome-skipped">
                        <a id="d238b7d4-3b23-46d9-868c-34b150cab159"></a>
                        <table class="proplist">
                            <tr><th>Test case:</th><td><b>test_seguridad_con_grupos_propios</b></td></tr>
                            <tr><th>Outcome:</th><td>Skipped</td></tr>
                            <tr><th>Duration:</th><td>0.001 sec</td></tr>
                        
                        
                            <tr><th>Skipped</th><td></td></tr>
                        
                        </table>

                        
                        
                        <pre>skipped</pre>
                        

                        
                        
                        
                    </div>
                
                </div>
            </div>
            
            <div class="testclass">
                <h4>test_minimal_requirements.TestRNFAdicionalesDatosAvanzados</h4>
                <div class="testcases">
                
                    <div class="test outcome outcome-skipped">
                        <a id="dcb3badf-b885-41dc-9ca4-1dd04a29e250"></a>
                        <table class="proplist">
                            <tr><th>Test case:</th><td><b>test_datos_maestros_o_demo_avanzados[binary]</b></td></tr>
                            <tr><th>Outcome:</th><td>Skipped</td></tr>
                            <tr><th>Duration:</th><td>0.001 sec</td></tr>
                        
                        
                            <tr><th>Skipped</th><td></td></tr>
                        
                        </table>

                        
                        
                        <pre>skipped</pre>
                        

                        
                        
                        
                    </div>
                
                    <div class="test outcome outcome-skipped">
                        <a id="c49b213e-533b-430a-91d6-f33e0354e103"></a>
                        <table class="proplist">
                            <tr><th>Test case:</th><td><b>test_datos_maestros_o_demo_avanzados[many2many]</b></td></tr>
                            <tr><th>Outcome:</th><td>Skipped</td></tr>
                            <tr><th>Duration:</th><td>0.001 sec</td></tr>
                        
                        
                            <tr><th>Skipped</th><td></td></tr>
                        
                        </table>

                        
                        
                        <pre>skipped</pre>
                        

                        
                        
                        
                    </div>
                
                    <div class="test outcome outcome-skipped">
                        <a id="4ee0f03e-5482-4bea-bf07-4d5350b8d3d7"></a>
                        <table class="proplist">
                            <tr><th>Test case:</th><td><b>test_datos_maestros_o_demo_avanzados[many2one]</b></td></tr>
                            <tr><th>Outcome:</th><td>Skipped</td></tr>
                            <tr><th>Duration:</th><td>0.001 sec</td></tr>
                        
                        
                            <tr><th>Skipped</th><td></td></tr>
                        
                        </table>

                        
                        
                        <pre>skipped</pre>
                        

                        
                        
                        
                    </div>
                
                </div>
            </div>
            
            <div class="testclass">
                <h4>test_minimal_requirements.TestRNFAdicionalesHerenciaVistas</h4>
                <div class="testcases">
                
                    <div class="test outcome outcome-skipped">
                        <a id="d680e0ac-dd39-4e8d-ae7e-6e2b461fa28c"></a>
                        <table class="proplist">
                            <tr><th>Test case:</th><td><b>test_herencia_en_vistas_con_position</b></td></tr>
                            <tr><th>Outcome:</th><td>Skipped</td></tr>
                            <tr><th>Duration:</th><td>0.001 sec</td></tr>
                        
                        
                            <tr><th>Skipped</th><td></td></tr>
                        
                        </table>

                        
                        
                        <pre>skipped</pre>
                        

                        
                        
                        
                    </div>
                
                    <div class="test outcome outcome-skipped">
                        <a id="0496362d-53f1-4775-a761-a975f78196f1"></a>
                        <table class="proplist">
                            <tr><th>Test case:</th><td><b>test_herencia_en_vistas_con_inherit_id</b></td></tr>
                            <tr><th>Outcome:</th><td>Skipped</td></tr>
                            <tr><th>Duration:</th><td>0.001 sec</td></tr>
                        
                        
                            <tr><th>Skipped</th><td></td></tr>
                        
                        </table>

                        
                        
                        <pre>skipped</pre>
                        

                        
                        
                        
                    </div>
                
                </div>
            </div>
            
            <div class="testclass">
                <h4>test_minimal_requirements.TestRNFAdicionalesHerenciaModelos</h4>
                <div class="testcases">
                
                    <div class="test outcome outcome-skipped">
                        <a id="4d476285-3572-4b15-b064-76c9de8ae8e4"></a>
                        <table class="proplist">
                            <tr><th>Test case:</th><td><b>test_modelos_existentes_modificados_por_herencia</b></td></tr>
                            <tr><th>Outcome:</th><td>Skipped</td></tr>
                            <tr><th>Duration:</th><td>0.001 sec</td></tr>
                        
                        
                            <tr><th>Skipped</th><td></td></tr>
                        
                        </table>

                        
                        
                        <pre>skipped</pre>
                        

                        
                        
                        
                    </div>
                
                    <div class="test outcome outcome-skipped">
                        <a id="4ccc90f2-0b9e-4073-95fe-6a11dac4237c"></a>
                        <table class="proplist">
                            <tr><th>Test case:</th><td><b>test_nuevos_modelos_con_herencia</b></td></tr>
                            <tr><th>Outcome:</th><td>Skipped</td></tr>
                            <tr><th>Duration:</th><td>0.001 sec</td></tr>
                        
                        
                            <tr><th>Skipped</th><td></td></tr>
                        
                        </table>

                        
                        
                        <pre>skipped</pre>
                        

                        
                        
                        
                    </div>
                
                </div>
            </div>
            
            <div class="testclass">
                <h4>test_minimal_requirements.TestRNFAdicionalesTraducciones</h4>
                <div class="testcases">
                
                    <div class="test outcome outcome-skipped">
                        <a id="e2939d9b-514f-424c-938f-46cb9e612818"></a>
                        <table class="proplist">
                            <tr><th>Test case:</th><td><b>test_i18n</b></td></tr>
                            <tr><th>Outcome:</th><td>Skipped</td></tr>
                            <tr><th>Duration:</th><td>0.001 sec</td></tr>
                        
                        
                            <tr><th>Skipped</th><td></td></tr>
                        
                        </table>

                        
                        
                        <pre>skipped</pre>
                        

                        
                        
                        
                    </div>
                
                </div>
            </div>
            
            <div class="testclass">
                <h4>test_minimal_requirements.TestRNFAdicionalesInformes</h4>
                <div class="testcases">
                
                    <div class="test outcome outcome-skipped">
                        <a id="f34794a5-c93b-4e72-a73e-6aec620ff8a0"></a>
                        <table class="proplist">
                            <tr><th>Test case:</th><td><b>test_informes[report]</b></td></tr>
                            <tr><th>Outcome:</th><td>Skipped</td></tr>
                            <tr><th>Duration:</th><td>0.001 sec</td></tr>
                        
                        
                            <tr><th>Skipped</th><td></td></tr>
                        
                        </table>

                        
                        
                        <pre>skipped</pre>
                        

                        
                        
                        
                    </div>
                
                    <div class="test outcome outcome-skipped">
                        <a id="520df58d-95cd-436c-9679-b84046cf117b"></a>
                        <table class="proplist">
                            <tr><th>Test case:</th><td><b>test_informes[template]</b></td></tr>
                            <tr><th>Outcome:</th><td>Skipped</td></tr>
                            <tr><th>Duration:</th><td>0.001 sec</td></tr>
                        
                        
                            <tr><th>Skipped</th><td></td></tr>
                        
                        </table>

                        
                        
                        <pre>skipped</pre>
                        

                        
                        
                        
                    </div>
                
                    <div class="test outcome outcome-skipped">
                        <a id="c8626c8b-89ed-4232-8a9c-eadab400c7e8"></a>
                        <table class="proplist">
                            <tr><th>Test case:</th><td><b>test_informes_complejos[/t[@t-foreach]]</b></td></tr>
                            <tr><th>Outcome:</th><td>Skipped</td></tr>
                            <tr><th>Duration:</th><td>0.001 sec</td></tr>
                        
                        
                            <tr><th>Skipped</th><td></td></tr>
                        
                        </table>

                        
                        
                        <pre>skipped</pre>
                        

                        
                        
                        
                    </div>
                
                    <div class="test outcome outcome-skipped">
                        <a id="39614ba7-2e31-499c-9a99-1c496d78178f"></a>
                        <table class="proplist">
                            <tr><th>Test case:</th><td><b>test_informes_complejos[/img[@t-att-src]]</b></td></tr>
                            <tr><th>Outcome:</th><td>Skipped</td></tr>
                            <tr><th>Duration:</th><td>0.001 sec</td></tr>
                        
                        
                            <tr><th>Skipped</th><td></td></tr>
                        
                        </table>

                        
                        
                        <pre>skipped</pre>
                        

                        
                        
                        
                    </div>
                
                    <div class="test outcome outcome-skipped">
                        <a id="59cb9329-7fe6-4fd6-b13d-34b5757f188c"></a>
                        <table class="proplist">
                            <tr><th>Test case:</th><td><b>test_informes_complejos[/t[@t-call and not(@t-call=&#34;web.external_layout&#34; or @t-call=&#34;web.html_container&#34;)]]</b></td></tr>
                            <tr><th>Outcome:</th><td>Skipped</td></tr>
                            <tr><th>Duration:</th><td>0.001 sec</td></tr>
                        
                        
                            <tr><th>Skipped</th><td></td></tr>
                        
                        </table>

                        
                        
                        <pre>skipped</pre>
                        

                        
                        
                        
                    </div>
                
                </div>
            </div>
            
            <div class="testclass">
                <h4>test_minimal_requirements.TestRNFAdicionalesChatter</h4>
                <div class="testcases">
                
                    <div class="test outcome outcome-skipped">
                        <a id="1c6ebad8-bd9d-48f1-adea-ceb2d2a611e9"></a>
                        <table class="proplist">
                            <tr><th>Test case:</th><td><b>test_chatter[mail_thread]</b></td></tr>
                            <tr><th>Outcome:</th><td>Skipped</td></tr>
                            <tr><th>Duration:</th><td>0.001 sec</td></tr>
                        
                        
                            <tr><th>Skipped</th><td></td></tr>
                        
                        </table>

                        
                        
                        <pre>skipped</pre>
                        

                        
                        
                        
                    </div>
                
                    <div class="test outcome outcome-skipped">
                        <a id="f4ee09d2-9084-4f2a-aa02-cd977efa1b75"></a>
                        <table class="proplist">
                            <tr><th>Test case:</th><td><b>test_chatter[mail_activity_mixin]</b></td></tr>
                            <tr><th>Outcome:</th><td>Skipped</td></tr>
                            <tr><th>Duration:</th><td>0.001 sec</td></tr>
                        
                        
                            <tr><th>Skipped</th><td></td></tr>
                        
                        </table>

                        
                        
                        <pre>skipped</pre>
                        

                        
                        
                        
                    </div>
                
                    <div class="test outcome outcome-skipped">
                        <a id="43c3c93b-b16f-42d9-a938-3af79adf2bef"></a>
                        <table class="proplist">
                            <tr><th>Test case:</th><td><b>test_chatter_tracking</b></td></tr>
                            <tr><th>Outcome:</th><td>Skipped</td></tr>
                            <tr><th>Duration:</th><td>0.001 sec</td></tr>
                        
                        
                            <tr><th>Skipped</th><td></td></tr>
                        
                        </table>

                        
                        
                        <pre>skipped</pre>
                        

                        
                        
                        
                    </div>
                
                    <div class="test outcome outcome-skipped">
                        <a id="ed6a1e31-7649-4711-badc-f2fa7d90b6b9"></a>
                        <table class="proplist">
                            <tr><th>Test case:</th><td><b>test_vista_chatter_div</b></td></tr>
                            <tr><th>Outcome:</th><td>Skipped</td></tr>
                            <tr><th>Duration:</th><td>0.001 sec</td></tr>
                        
                        
                            <tr><th>Skipped</th><td></td></tr>
                        
                        </table>

                        
                        
                        <pre>skipped</pre>
                        

                        
                        
                        
                    </div>
                
                    <div class="test outcome outcome-skipped">
                        <a id="eddf110c-c69f-41cc-824e-53d0e937d5c0"></a>
                        <table class="proplist">
                            <tr><th>Test case:</th><td><b>test_vista_chatter_fields[.//field[@name=&#34;message_follower_ids&#34;]]</b></td></tr>
                            <tr><th>Outcome:</th><td>Skipped</td></tr>
                            <tr><th>Duration:</th><td>0.001 sec</td></tr>
                        
                        
                            <tr><th>Skipped</th><td></td></tr>
                        
                        </table>

                        
                        
                        <pre>skipped</pre>
                        

                        
                        
                        
                    </div>
                
                    <div class="test outcome outcome-skipped">
                        <a id="85653f26-99bc-41cb-8f8a-aec59696e5f2"></a>
                        <table class="proplist">
                            <tr><th>Test case:</th><td><b>test_vista_chatter_fields[.//field[@name=&#34;activity_ids&#34;]]</b></td></tr>
                            <tr><th>Outcome:</th><td>Skipped</td></tr>
                            <tr><th>Duration:</th><td>0.001 sec</td></tr>
                        
                        
                            <tr><th>Skipped</th><td></td></tr>
                        
                        </table>

                        
                        
                        <pre>skipped</pre>
                        

                        
                        
                        
                    </div>
                
                    <div class="test outcome outcome-skipped">
                        <a id="6ff4aec9-ff62-4aed-be2a-3d23b7fd19b1"></a>
                        <table class="proplist">
                            <tr><th>Test case:</th><td><b>test_vista_chatter_fields[.//field[@name=&#34;message_ids&#34;]]</b></td></tr>
                            <tr><th>Outcome:</th><td>Skipped</td></tr>
                            <tr><th>Duration:</th><td>0.001 sec</td></tr>
                        
                        
                            <tr><th>Skipped</th><td></td></tr>
                        
                        </table>

                        
                        
                        <pre>skipped</pre>
                        

                        
                        
                        
                    </div>
                
                    <div class="test outcome outcome-skipped">
                        <a id="7045dcfd-5a9e-41a1-9b69-cc83b86f8ca9"></a>
                        <table class="proplist">
                            <tr><th>Test case:</th><td><b>test_vista_chatter_fields[.//field[@widget=&#34;mail_followers&#34;]]</b></td></tr>
                            <tr><th>Outcome:</th><td>Skipped</td></tr>
                            <tr><th>Duration:</th><td>0.001 sec</td></tr>
                        
                        
                            <tr><th>Skipped</th><td></td></tr>
                        
                        </table>

                        
                        
                        <pre>skipped</pre>
                        

                        
                        
                        
                    </div>
                
                    <div class="test outcome outcome-skipped">
                        <a id="19b5e80f-2fe2-401a-ad6f-b3e85ffc91b8"></a>
                        <table class="proplist">
                            <tr><th>Test case:</th><td><b>test_vista_chatter_fields[.//field[@widget=&#34;mail_thread&#34;]]</b></td></tr>
                            <tr><th>Outcome:</th><td>Skipped</td></tr>
                            <tr><th>Duration:</th><td>0.001 sec</td></tr>
                        
                        
                            <tr><th>Skipped</th><td></td></tr>
                        
                        </table>

                        
                        
                        <pre>skipped</pre>
                        

                        
                        
                        
                    </div>
                
                    <div class="test outcome outcome-skipped">
                        <a id="094b2f45-4866-4eba-9fbc-cc68668c0510"></a>
                        <table class="proplist">
                            <tr><th>Test case:</th><td><b>test_vista_chatter_fields[.//field[@widget=&#34;mail_activity&#34;]]</b></td></tr>
                            <tr><th>Outcome:</th><td>Skipped</td></tr>
                            <tr><th>Duration:</th><td>0.013 sec</td></tr>
                        
                        
                            <tr><th>Skipped</th><td></td></tr>
                        
                        </table>

                        
                        
                        <pre>skipped</pre>
                        

                        
                        
                        
                    </div>
                
                </div>
            </div>
            
        </div>
    </div>
    



<p class="footer">
    Generated by junit2html
</p>
</body>
</html>