<!DOCTYPE html>
<html lang="en">
<head>
    <meta charset="UTF-8">
    <title>pjb_ruletaProcastinador-pytest.xml</title>
    <style type="text/css">
        body {
    background-color: white;
    padding-bottom: 20em;
    margin: 0;
    min-height: 15cm;
}

h1, h2, h3, h4, h5, h6, h7 {
    font-family: sans-serif;
}

h1 {
    background-color: #007acc;
    color: white;
    padding: 3mm;
    margin-top: 0;
    margin-bottom: 1mm;
}

.footer {
    font-style: italic;
    font-size: small;
    text-align: right;
    padding: 1em;
}

.testsuite {
    padding-bottom: 2em;
    margin-left: 1em;
}

.proplist {
    width: 100%;
    margin-bottom: 2em;
    border-collapse: collapse;
    border: 1px solid grey;
}

.proplist th {
    background-color: silver;
    width: 5em;
    padding: 2px;
    padding-right: 1em;
    text-align: left;
}

.proplist td {
    padding: 2px;
}

.index-table {
    width: 90%;
    margin-left: 1em;
}

.index-table td {
    vertical-align: top;
    max-width: 200px;
    word-wrap: break-word;
}

.failure-index {

}

.toc {
    margin-bottom: 2em;
    font-family: monospace;
}

.stdio, pre {
    min-height: 1em;
    background-color: #1e1e1e;
    color: silver;
    padding: 0.5em;
}
.tdpre {
    background-color: #1e1e1e;
}

.test {
    margin-left: 0.5cm;
}

.outcome {
    border-left: 1em;
    padding: 2px;
}

.outcome-failed {
    border-left: 1em solid lightcoral;
}

.outcome-passed {
    border-left: 1em solid lightgreen;
}

.outcome-skipped {
    border-left: 1em dotted silver;
}

.stats-table {
}

.stats-table td {
    min-width: 4em;
    text-align: right;
}

.stats-table .failed {
    background-color: lightcoral;
}

.stats-table .passed {
    background-color: lightgreen;
}

.matrix-table {
    table-layout: fixed;
    border-spacing: 0;
    width: available;
    margin-left: 1em;
}

.matrix-table td {
    vertical-align: center;
}

.matrix-table td:last-child {
    width: 0;
}

.matrix-table tr:hover {
    background-color: yellow;
}

.matrix-axis-name {
    white-space: nowrap;
    padding-right: 0.5em;
    border-left: 1px solid black;
    border-top: 1px solid black;
    text-align: right;
}

.matrix-axis-line {
    border-left: 1px solid black;
    width: 0.5em;
}

.matrix-classname {
    text-align: left;
    width: 100%;
    border-top: 2px solid grey;
    border-bottom: 1px solid silver;
}

.matrix-casename {
    text-align: left;
    font-weight: normal;
    font-style: italic;
    padding-left: 1em;
    border-bottom: 1px solid silver;
}

.matrix-result {
    display: block;
    width: 1em;
    text-align: center;
    padding: 1mm;
    margin: 0;
}

.matrix-result-combined {
    white-space: nowrap;
    padding-right: 0.2em;
    text-align: right;
}

.matrix-result-failed {
    background-color: lightcoral;
}

.matrix-result-passed {
    background-color: lightgreen;
}

.matrix-result-skipped {
    background-color: lightyellow;
}

.matrix-even {
    background-color: lightgray;
}
    </style>
</head>
<body>
    
<h1>
    Test Report : pjb_ruletaProcastinador-pytest.xml
</h1>
<a id="toc"></a>
<table class="index-table">
    <tr>
        <td>
            <ul class="toc">
            
                
                <li>test_minimal_requirements.TestRNF1
                <ul>
                    
                    <li><a href="#2018d5fc-36ea-4958-8eef-b2be9a5052c7">test_app_tiene_al_menos_4_modelos</a></li>
                    
                    <li><a href="#e42c9023-3096-4480-a09b-82510b583e70">test_modelos_en_ficheros_individuales</a></li>
                    
                </ul>
                </li>
                
                <li>test_minimal_requirements.TestRNF2
                <ul>
                    
                    <li><a href="#463a2caf-6b45-40e9-8999-996ef8627743">test_relacion_many2many</a></li>
                    
                    <li><a href="#15a29a4b-fee2-40f8-94db-1a82f46dd726">test_modelos_tienen_algun_campo_relacion[one2many]</a></li>
                    
                    <li><a href="#6b7e7959-d98f-4c7b-b305-ccbaad0d0555">test_modelos_tienen_algun_campo_relacion[many2one]</a></li>
                    
                    <li><a href="#b1175560-6fe5-4739-b7da-782b1fa69f6e">test_unknown_comodel_name</a></li>
                    
                </ul>
                </li>
                
                <li>test_minimal_requirements.TestRNF3
                <ul>
                    
                    <li><a href="#cd410847-f26e-4bf7-8fa6-a39850c9b2e3">test_modelos_tienen_vista[tree]</a></li>
                    
                    <li><a href="#62792bbd-ce0e-4f5a-b9c3-8259ca6a376f">test_modelos_tienen_vista[form]</a></li>
                    
                    <li><a href="#5df4d9f6-1f2f-4d82-a11c-96b85616994c">test_formularios_tienen_vista_anidada_para_campos_X2many[one2many]</a></li>
                    
                    <li><a href="#19b24c8d-2b47-4120-94d0-b8a9e015f2ac">test_formularios_tienen_vista_anidada_para_campos_X2many[many2many]</a></li>
                    
                </ul>
                </li>
                
                <li>test_minimal_requirements.TestRNF4
                <ul>
                    
                    <li><a href="#4e239a62-6d22-402b-9fe3-afcfcb9f3a65">test_vistas_en_ficheros_individuales</a></li>
                    
                </ul>
                </li>
                
                <li>test_minimal_requirements.TestRNF5
                <ul>
                    
                    <li><a href="#162ecfb3-26d9-4d3f-a199-6c1b9062b45b">test_modelos_tienen_algun_posible_campo_imagen</a></li>
                    
                    <li><a href="#91f88aba-e9f3-4ed3-a6f4-59b8d31851aa">test_alguna_vista_tiene_campo_imagen</a></li>
                    
                </ul>
                </li>
                
                <li>test_minimal_requirements.TestRNF6
                <ul>
                    
                    <li><a href="#55dc2dbf-f633-4277-b64b-8446a61cc327">test_modelos_tienen_acciones</a></li>
                    
                    <li><a href="#a847d29c-1f74-44ca-8410-079966713c52">test_hay_elementos_de_menu[.//menuitem[@action]]</a></li>
                    
                </ul>
                </li>
                
                <li>test_minimal_requirements.TestRNF7
                <ul>
                    
                    <li><a href="#6c6ef206-adbe-4f03-9c3c-f952c270348d">test_modelos_tienen_permisos</a></li>
                    
                </ul>
                </li>
                
                <li>test_minimal_requirements.TestRNF8
                <ul>
                    
                    <li><a href="#aefdc608-9a85-46fe-b095-4b47a53e7fee">test_app_tiene_icono</a></li>
                    
                </ul>
                </li>
                
                <li>test_minimal_requirements.TestRNF9
                <ul>
                    
                    <li><a href="#dad399fa-5b4e-4738-8c49-594e96ed9eba">test_modelos_tienen_datos_demo</a></li>
                    
                </ul>
                </li>
                
                <li>test_minimal_requirements.TestRNFGit
                <ul>
                    
                    <li><a href="#ff01100d-3acc-4964-a3b1-7a6cd953aa6f">test_git_commit_frecuentes</a></li>
                    
                </ul>
                </li>
                
                <li>test_minimal_requirements.TestRNFCalidad
                <ul>
                    
                    <li><a href="#02da83c0-afdc-4175-affd-c073ffb8785a">test_odoo_disponible</a></li>
                    
                    <li><a href="#c578dc95-ddb6-4422-bf42-f50834fb71c1">test_app_instalada</a></li>
                    
                    <li><a href="#2c10cc38-d5d0-42d4-ac51-e19bcf72f9a6">test_otras_apps_entregadas_son_dependencias</a></li>
                    
                    <li><a href="#9dd40f96-d5d1-434f-890d-f5ba1f490bbd">test_no_hay_elementos_xml_comentados</a></li>
                    
                    <li><a href="#8bc96988-6cea-4ba7-9ed1-3e2bd89a12fa">test_no_hay_codigo_python_comentado</a></li>
                    
                    <li><a href="#44bb1151-eaa5-42fb-bd89-4ae024ee378c">test_log_servidor_sin_errores</a></li>
                    
                </ul>
                </li>
                
                <li>test_minimal_requirements.TestOtros
                <ul>
                    
                    <li><a href="#7d27da61-99bb-4f36-9f92-70c9ed5a2313">test_log_sin_warnings</a></li>
                    
                </ul>
                </li>
                
                <li>test_minimal_requirements.TestRNFAdicionalesKanban
                <ul>
                    
                    <li><a href="#14017081-7ebb-4253-91cd-d37e4ea88d43">test_vista_kanban[/kanban]</a>[s]</li>
                    
                    <li><a href="#670866f1-c347-437d-858a-aa120da1324e">test_vista_kanban[/kanban[@default_group_by]]</a>[s]</li>
                    
                    <li><a href="#21909828-38a8-4a22-b84d-21d2eabe7207">test_vista_kanban_imagen[/img]</a>[s]</li>
                    
                    <li><a href="#421cd4ae-9469-4f68-9934-91a98e4e7579">test_vista_kanban_imagen[/field[@preview_image]]</a>[s]</li>
                    
                    <li><a href="#0ffb46ef-9af7-4d15-9001-fb6f7471f1f6">test_vista_kanban_imagen[/field[@widget=&#34;image&#34;]]</a>[s]</li>
                    
                </ul>
                </li>
                
                <li>test_minimal_requirements.TestRNFAdicionalesBusqueda
                <ul>
                    
                    <li><a href="#1fa75331-b731-4d21-95f2-f8a4e119fc89">test_vista_search[/search]</a>[s]</li>
                    
                    <li><a href="#e16127c2-674f-48f2-a8fd-59b79f81b53c">test_vista_search_compleja[/filter[@domain]]</a>[s]</li>
                    
                    <li><a href="#14cf40f2-cc3b-4c04-adf5-aa601d0b0c98">test_vista_search_compleja[/group//filter[@context]]</a>[s]</li>
                    
                </ul>
                </li>
                
                <li>test_minimal_requirements.TestRNFAdicionalesOtrasVistas
                <ul>
                    
                    <li><a href="#d835149e-2ce7-41f1-886b-a622350ec8f3">test_otras_vistas_adicionales[activity]</a>[s]</li>
                    
                    <li><a href="#0b97d0a5-128d-44be-9596-3aa697eb6b91">test_otras_vistas_adicionales[calendar]</a>[s]</li>
                    
                    <li><a href="#52c451ac-805f-44a7-aad1-4492b72c821e">test_otras_vistas_adicionales[graph]</a>[s]</li>
                    
                    <li><a href="#9c965eff-b273-4963-999d-6c400a7d02b5">test_otras_vistas_adicionales[pivot]</a>[s]</li>
                    
                </ul>
                </li>
                
                <li>test_minimal_requirements.TestRNFAdicionalesConstraints
                <ul>
                    
                    <li><a href="#ca84457d-971a-48fe-af36-1542200c0d82">test_constraints_sql</a>[s]</li>
                    
                </ul>
                </li>
                
                <li>test_minimal_requirements.TestRNFAdicionalesSeguridadAvanzada
                <ul>
                    
                    <li><a href="#d10838a5-e051-43e3-ac92-0165283d9abe">test_seguridad_con_grupos_propios</a>[s]</li>
                    
                </ul>
                </li>
                
                <li>test_minimal_requirements.TestRNFAdicionalesDatosAvanzados
                <ul>
                    
                    <li><a href="#ccc60e08-795f-441b-b30b-9eae423beb14">test_datos_maestros_o_demo_avanzados[binary]</a>[s]</li>
                    
                    <li><a href="#8124c92d-7494-4a9e-93c7-db02747ca330">test_datos_maestros_o_demo_avanzados[many2many]</a>[s]</li>
                    
                    <li><a href="#876f7bdb-3e47-4a13-9f11-3b04af68cc6d">test_datos_maestros_o_demo_avanzados[many2one]</a>[s]</li>
                    
                </ul>
                </li>
                
                <li>test_minimal_requirements.TestRNFAdicionalesHerenciaVistas
                <ul>
                    
                    <li><a href="#11bc7353-5852-4114-9d34-a7a82d506076">test_herencia_en_vistas_con_position</a>[s]</li>
                    
                    <li><a href="#70e1b69f-b08b-408d-9e73-052d25d83110">test_herencia_en_vistas_con_inherit_id</a>[s]</li>
                    
                </ul>
                </li>
                
                <li>test_minimal_requirements.TestRNFAdicionalesHerenciaModelos
                <ul>
                    
                    <li><a href="#3c3c505f-90d6-4779-8960-5209c9f40f76">test_modelos_existentes_modificados_por_herencia</a>[s]</li>
                    
                    <li><a href="#ced7757c-4579-4978-9b21-42ed50dfee33">test_nuevos_modelos_con_herencia</a>[s]</li>
                    
                </ul>
                </li>
                
                <li>test_minimal_requirements.TestRNFAdicionalesTraducciones
                <ul>
                    
                    <li><a href="#259e9874-9eb8-464c-b17d-c10ae3df94bd">test_i18n</a>[s]</li>
                    
                </ul>
                </li>
                
                <li>test_minimal_requirements.TestRNFAdicionalesInformes
                <ul>
                    
                    <li><a href="#ac1a4f39-7bfd-4916-a79e-f0e5c6983fc8">test_informes[report]</a>[s]</li>
                    
                    <li><a href="#7b195e92-565f-4915-bd9d-e7c103b132df">test_informes[template]</a>[s]</li>
                    
                    <li><a href="#593af279-03ca-4cea-8a15-44b994f22cdd">test_informes_complejos[/t[@t-foreach]]</a>[s]</li>
                    
                    <li><a href="#aafd6fd3-71d7-477f-ab63-a422b3b55fa6">test_informes_complejos[/img[@t-att-src]]</a>[s]</li>
                    
                    <li><a href="#2416e6e3-9e3d-4fe3-b36e-55d1cc9775fe">test_informes_complejos[/t[@t-call and not(@t-call=&#34;web.external_layout&#34; or @t-call=&#34;web.html_container&#34;)]]</a>[s]</li>
                    
                </ul>
                </li>
                
                <li>test_minimal_requirements.TestRNFAdicionalesChatter
                <ul>
                    
                    <li><a href="#5c28653d-f032-42f4-a0bd-2a986265847e">test_chatter[mail_thread]</a>[s]</li>
                    
                    <li><a href="#512ad860-1047-4b01-81b0-9c642357aa02">test_chatter[mail_activity_mixin]</a>[s]</li>
                    
                    <li><a href="#f34acdd4-37f0-4c27-a2b4-57b5d353a558">test_chatter_tracking</a>[s]</li>
                    
                    <li><a href="#dcb6cf35-68a2-4000-b42c-14fa41697647">test_vista_chatter_div</a>[s]</li>
                    
                    <li><a href="#08161e68-795e-4511-b713-768cc4dce2ed">test_vista_chatter_fields[.//field[@name=&#34;message_follower_ids&#34;]]</a>[s]</li>
                    
                    <li><a href="#8dd9567f-c257-4491-9986-2eb4eb52fd43">test_vista_chatter_fields[.//field[@name=&#34;activity_ids&#34;]]</a>[s]</li>
                    
                    <li><a href="#d8b06197-969e-4cdc-b7dc-555a47fb69b9">test_vista_chatter_fields[.//field[@name=&#34;message_ids&#34;]]</a>[s]</li>
                    
                    <li><a href="#6d922b43-9d3b-42ba-849c-efe5adf59bcc">test_vista_chatter_fields[.//field[@widget=&#34;mail_followers&#34;]]</a>[s]</li>
                    
                    <li><a href="#29729469-344e-4359-8ab1-ac96603667d2">test_vista_chatter_fields[.//field[@widget=&#34;mail_thread&#34;]]</a>[s]</li>
                    
                    <li><a href="#b8208743-9cea-47ae-8049-487fffeaf472">test_vista_chatter_fields[.//field[@widget=&#34;mail_activity&#34;]]</a>[s]</li>
                    
                </ul>
                </li>
                
            
            </ul>
        </td>
        <td class="failure-index">
            <ul class="toc">
            
                
                    
                    
                    <li><a href="#2018d5fc-36ea-4958-8eef-b2be9a5052c7">[F] test_minimal_requirements.TestRNF1 : test_app_tiene_al_menos_4_modelos</a></li>
                    
                    
                    
                    
                
                    
                    
                    <li><a href="#463a2caf-6b45-40e9-8999-996ef8627743">[F] test_minimal_requirements.TestRNF2 : test_relacion_many2many</a></li>
                    
                    
                    
                    <li><a href="#15a29a4b-fee2-40f8-94db-1a82f46dd726">[F] test_minimal_requirements.TestRNF2 : test_modelos_tienen_algun_campo_relacion[one2many]</a></li>
                    
                    
                    
                    <li><a href="#6b7e7959-d98f-4c7b-b305-ccbaad0d0555">[F] test_minimal_requirements.TestRNF2 : test_modelos_tienen_algun_campo_relacion[many2one]</a></li>
                    
                    
                    
                    
                
                    
                    
                    <li><a href="#cd410847-f26e-4bf7-8fa6-a39850c9b2e3">[F] test_minimal_requirements.TestRNF3 : test_modelos_tienen_vista[tree]</a></li>
                    
                    
                    
                    <li><a href="#62792bbd-ce0e-4f5a-b9c3-8259ca6a376f">[F] test_minimal_requirements.TestRNF3 : test_modelos_tienen_vista[form]</a></li>
                    
                    
                    
                    <li><a href="#5df4d9f6-1f2f-4d82-a11c-96b85616994c">[F] test_minimal_requirements.TestRNF3 : test_formularios_tienen_vista_anidada_para_campos_X2many[one2many]</a></li>
                    
                    
                    
                    <li><a href="#19b24c8d-2b47-4120-94d0-b8a9e015f2ac">[F] test_minimal_requirements.TestRNF3 : test_formularios_tienen_vista_anidada_para_campos_X2many[many2many]</a></li>
                    
                    
                
                    
                    
                    
                
                    
                    
                    <li><a href="#162ecfb3-26d9-4d3f-a199-6c1b9062b45b">[F] test_minimal_requirements.TestRNF5 : test_modelos_tienen_algun_posible_campo_imagen</a></li>
                    
                    
                    
                    <li><a href="#91f88aba-e9f3-4ed3-a6f4-59b8d31851aa">[F] test_minimal_requirements.TestRNF5 : test_alguna_vista_tiene_campo_imagen</a></li>
                    
                    
                
                    
                    
                    <li><a href="#55dc2dbf-f633-4277-b64b-8446a61cc327">[F] test_minimal_requirements.TestRNF6 : test_modelos_tienen_acciones</a></li>
                    
                    
                    
                    <li><a href="#a847d29c-1f74-44ca-8410-079966713c52">[F] test_minimal_requirements.TestRNF6 : test_hay_elementos_de_menu[.//menuitem[@action]]</a></li>
                    
                    
                
                    
                    
                    <li><a href="#6c6ef206-adbe-4f03-9c3c-f952c270348d">[F] test_minimal_requirements.TestRNF7 : test_modelos_tienen_permisos</a></li>
                    
                    
                
                    
                    
                    <li><a href="#aefdc608-9a85-46fe-b095-4b47a53e7fee">[F] test_minimal_requirements.TestRNF8 : test_app_tiene_icono</a></li>
                    
                    
                
                    
                    
                    <li><a href="#dad399fa-5b4e-4738-8c49-594e96ed9eba">[F] test_minimal_requirements.TestRNF9 : test_modelos_tienen_datos_demo</a></li>
                    
                    
                
                    
                    
                    
                
                    
                    
                    
                    
                    <li><a href="#c578dc95-ddb6-4422-bf42-f50834fb71c1">[F] test_minimal_requirements.TestRNFCalidad : test_app_instalada</a></li>
                    
                    
                    
                    <li><a href="#2c10cc38-d5d0-42d4-ac51-e19bcf72f9a6">[F] test_minimal_requirements.TestRNFCalidad : test_otras_apps_entregadas_son_dependencias</a></li>
                    
                    
                    
                    
                    
                    
                    
                    
                
                    
                    
                    
                
                    
                    
                    
                    
                    
                    
                    
                    
                    
                    
                    
                
                    
                    
                    
                    
                    
                    
                    
                
                    
                    
                    
                    
                    
                    
                    
                    
                    
                
                    
                    
                    
                
                    
                    
                    
                
                    
                    
                    
                    
                    
                    
                    
                
                    
                    
                    
                    
                    
                
                    
                    
                    
                    
                    
                
                    
                    
                    
                
                    
                    
                    
                    
                    
                    
                    
                    
                    
                    
                    
                
                    
                    
                    
                    
                    
                    
                    
                    
                    
                    
                    
                    
                    
                    
                    
                    
                    
                    
                    
                    
                    
                
            
            </ul>
        </td>
    </tr>
</table>


    <div class="testsuite">
        <h2>Test Suite: pytest</h2>
        <a id="024a3d64-7953-450b-8bc4-4ff035b9330c"></a>
        
        
        <h3>Results</h3>
        <table class="proplist">
            <tr>
                <th>Duration</th><td>37.056 sec</td>
            </tr>
            <tr>
                <th>Tests</th><td>63</td>
            </tr>
            <tr>
                <th>Failures</th><td>17</td>
            </tr>
        </table>

        <div class="testclasses">
            <h3>Tests</h3>
            
            <div class="testclass">
                <h4>test_minimal_requirements.TestRNF1</h4>
                <div class="testcases">
                
                    <div class="test outcome outcome-failed">
                        <a id="2018d5fc-36ea-4958-8eef-b2be9a5052c7"></a>
                        <table class="proplist">
                            <tr><th>Test case:</th><td><b>test_app_tiene_al_menos_4_modelos</b></td></tr>
                            <tr><th>Outcome:</th><td>Failed</td></tr>
                            <tr><th>Duration:</th><td>31.861 sec</td></tr>
                        
                            <tr><th>Failed</th><td>AssertionError: No se han implementado suficientes clases o el atributo _name de alguna de ellas no tiene prefijo &#39;pjb_ruletaProcastinador.&#39;
assert 0 &gt;= 4
 +  where 0 = len([])
 +    where [] = &lt;test_minimal_requirements.SystemUnderTest object at 0x7f1ac20bf160&gt;.basename_app_models
 +  and   4 = &lt;test_minimal_requirements.TestRNF1 object at 0x7f1ac2105c10&gt;.MIN</td></tr>
                        
                        
                        </table>

                        
                        <pre>self = &lt;test_minimal_requirements.TestRNF1 object at 0x7f1ac2105c10&gt;
sut = &lt;test_minimal_requirements.SystemUnderTest object at 0x7f1ac20bf160&gt;

    def test_app_tiene_al_menos_4_modelos(self, sut):
&gt;       assert len(sut.basename_app_models) &gt;= self.MIN, f&#34;No se han implementado suficientes clases o el atributo _name de alguna de ellas no tiene prefijo &#39;{sut.app_prefix}.&#39;&#34;
E       AssertionError: No se han implementado suficientes clases o el atributo _name de alguna de ellas no tiene prefijo &#39;pjb_ruletaProcastinador.&#39;
E       assert 0 &gt;= 4
E        +  where 0 = len([])
E        +    where [] = &lt;test_minimal_requirements.SystemUnderTest object at 0x7f1ac20bf160&gt;.basename_app_models
E        +  and   4 = &lt;test_minimal_requirements.TestRNF1 object at 0x7f1ac2105c10&gt;.MIN

test_minimal_requirements.py:250: AssertionError</pre>
                        
                        

                        
                        
                        
                    </div>
                
                    <div class="test outcome outcome-passed">
                        <a id="e42c9023-3096-4480-a09b-82510b583e70"></a>
                        <table class="proplist">
                            <tr><th>Test case:</th><td><b>test_modelos_en_ficheros_individuales</b></td></tr>
                            <tr><th>Outcome:</th><td>Passed</td></tr>
                            <tr><th>Duration:</th><td>0.001 sec</td></tr>
                        
                        
                        </table>

                        
                        

                        
                        
                        
                    </div>
                
                </div>
            </div>
            
            <div class="testclass">
                <h4>test_minimal_requirements.TestRNF2</h4>
                <div class="testcases">
                
                    <div class="test outcome outcome-failed">
                        <a id="463a2caf-6b45-40e9-8999-996ef8627743"></a>
                        <table class="proplist">
                            <tr><th>Test case:</th><td><b>test_relacion_many2many</b></td></tr>
                            <tr><th>Outcome:</th><td>Failed</td></tr>
                            <tr><th>Duration:</th><td>0.007 sec</td></tr>
                        
                            <tr><th>Failed</th><td>IndexError: pop from empty list</td></tr>
                        
                        
                        </table>

                        
                        <pre>self = &lt;test_minimal_requirements.TestRNF2 object at 0x7f1ac2099430&gt;
sut = &lt;test_minimal_requirements.SystemUnderTest object at 0x7f1ac20bf160&gt;

    def test_relacion_many2many(self, sut):
&gt;           app_id = sut.execute_kw(&#39;ir.module.module&#39;, &#39;search&#39;, [[(&#39;name&#39;, &#39;=&#39;, sut.app_prefix)]]).pop()
E           IndexError: pop from empty list

test_minimal_requirements.py:264: IndexError</pre>
                        
                        

                        
                        
                        
                    </div>
                
                    <div class="test outcome outcome-failed">
                        <a id="15a29a4b-fee2-40f8-94db-1a82f46dd726"></a>
                        <table class="proplist">
                            <tr><th>Test case:</th><td><b>test_modelos_tienen_algun_campo_relacion[one2many]</b></td></tr>
                            <tr><th>Outcome:</th><td>Failed</td></tr>
                            <tr><th>Duration:</th><td>0.001 sec</td></tr>
                        
                            <tr><th>Failed</th><td>AssertionError: No hay modelos de datos
assert []
 +  where [] = &lt;test_minimal_requirements.SystemUnderTest object at 0x7f1ac20bf160&gt;.app_models</td></tr>
                        
                        
                        </table>

                        
                        <pre>self = &lt;test_minimal_requirements.TestRNF2 object at 0x7f1ac2099820&gt;
sut = &lt;test_minimal_requirements.SystemUnderTest object at 0x7f1ac20bf160&gt;
relationship = &#39;one2many&#39;

    @pytest.mark.parametrize(&#34;relationship&#34;, [&#39;one2many&#39;, &#39;many2one&#39;])
    def test_modelos_tienen_algun_campo_relacion(self, sut, relationship):
&gt;       assert len(sut.modelos_tienen_campos(relationship)) &gt;= self.MIN, f&#34;Diferentes tipos de campos (...) relacionales (...) _{relationship}_. En tu proyecto se debe implementar **al menos uno de cada tipo**.&#34;

test_minimal_requirements.py:271: 
_ _ _ _ _ _ _ _ _ _ _ _ _ _ _ _ _ _ _ _ _ _ _ _ _ _ _ _ _ _ _ _ _ _ _ _ _ _ _ _ 

self = &lt;test_minimal_requirements.SystemUnderTest object at 0x7f1ac20bf160&gt;
type = &#39;one2many&#39;

    def modelos_tienen_campos(self, type):
        r = []
&gt;       assert self.app_models, &#34;No hay modelos de datos&#34;
E       AssertionError: No hay modelos de datos
E       assert []
E        +  where [] = &lt;test_minimal_requirements.SystemUnderTest object at 0x7f1ac20bf160&gt;.app_models

test_minimal_requirements.py:147: AssertionError</pre>
                        
                        

                        
                        
                        
                    </div>
                
                    <div class="test outcome outcome-failed">
                        <a id="6b7e7959-d98f-4c7b-b305-ccbaad0d0555"></a>
                        <table class="proplist">
                            <tr><th>Test case:</th><td><b>test_modelos_tienen_algun_campo_relacion[many2one]</b></td></tr>
                            <tr><th>Outcome:</th><td>Failed</td></tr>
                            <tr><th>Duration:</th><td>0.001 sec</td></tr>
                        
                            <tr><th>Failed</th><td>AssertionError: No hay modelos de datos
assert []
 +  where [] = &lt;test_minimal_requirements.SystemUnderTest object at 0x7f1ac20bf160&gt;.app_models</td></tr>
                        
                        
                        </table>

                        
                        <pre>self = &lt;test_minimal_requirements.TestRNF2 object at 0x7f1ac2099d00&gt;
sut = &lt;test_minimal_requirements.SystemUnderTest object at 0x7f1ac20bf160&gt;
relationship = &#39;many2one&#39;

    @pytest.mark.parametrize(&#34;relationship&#34;, [&#39;one2many&#39;, &#39;many2one&#39;])
    def test_modelos_tienen_algun_campo_relacion(self, sut, relationship):
&gt;       assert len(sut.modelos_tienen_campos(relationship)) &gt;= self.MIN, f&#34;Diferentes tipos de campos (...) relacionales (...) _{relationship}_. En tu proyecto se debe implementar **al menos uno de cada tipo**.&#34;

test_minimal_requirements.py:271: 
_ _ _ _ _ _ _ _ _ _ _ _ _ _ _ _ _ _ _ _ _ _ _ _ _ _ _ _ _ _ _ _ _ _ _ _ _ _ _ _ 

self = &lt;test_minimal_requirements.SystemUnderTest object at 0x7f1ac20bf160&gt;
type = &#39;many2one&#39;

    def modelos_tienen_campos(self, type):
        r = []
&gt;       assert self.app_models, &#34;No hay modelos de datos&#34;
E       AssertionError: No hay modelos de datos
E       assert []
E        +  where [] = &lt;test_minimal_requirements.SystemUnderTest object at 0x7f1ac20bf160&gt;.app_models

test_minimal_requirements.py:147: AssertionError</pre>
                        
                        

                        
                        
                        
                    </div>
                
                    <div class="test outcome outcome-passed">
                        <a id="b1175560-6fe5-4739-b7da-782b1fa69f6e"></a>
                        <table class="proplist">
                            <tr><th>Test case:</th><td><b>test_unknown_comodel_name</b></td></tr>
                            <tr><th>Outcome:</th><td>Passed</td></tr>
                            <tr><th>Duration:</th><td>0.001 sec</td></tr>
                        
                        
                        </table>

                        
                        

                        
                        
                        
                    </div>
                
                </div>
            </div>
            
            <div class="testclass">
                <h4>test_minimal_requirements.TestRNF3</h4>
                <div class="testcases">
                
                    <div class="test outcome outcome-failed">
                        <a id="cd410847-f26e-4bf7-8fa6-a39850c9b2e3"></a>
                        <table class="proplist">
                            <tr><th>Test case:</th><td><b>test_modelos_tienen_vista[tree]</b></td></tr>
                            <tr><th>Outcome:</th><td>Failed</td></tr>
                            <tr><th>Duration:</th><td>0.001 sec</td></tr>
                        
                            <tr><th>Failed</th><td>assert []
 +  where [] = &lt;test_minimal_requirements.SystemUnderTest object at 0x7f1ac20bf160&gt;.app_models</td></tr>
                        
                        
                        </table>

                        
                        <pre>self = &lt;test_minimal_requirements.TestRNF3 object at 0x7f1ac20a2220&gt;
sut = &lt;test_minimal_requirements.SystemUnderTest object at 0x7f1ac20bf160&gt;
view_type = &#39;tree&#39;

    @pytest.mark.parametrize(&#34;view_type&#34;, [&#39;tree&#39;, &#39;form&#39;])
    def test_modelos_tienen_vista(self, sut, view_type):
&gt;       assert len(sut.basename_app_models) == sut.modelos_tienen_vista(view_type) , f&#34;No coinciden el número de modelos de datos de la aplicación con el número de vistas {view_type} - {self.__doc__}&#34;

test_minimal_requirements.py:287: 
_ _ _ _ _ _ _ _ _ _ _ _ _ _ _ _ _ _ _ _ _ _ _ _ _ _ _ _ _ _ _ _ _ _ _ _ _ _ _ _ 

self = &lt;test_minimal_requirements.SystemUnderTest object at 0x7f1ac20bf160&gt;
type = &#39;tree&#39;

    def modelos_tienen_vista(self, type):
        r = 0
&gt;       assert self.app_models
E       assert []
E        +  where [] = &lt;test_minimal_requirements.SystemUnderTest object at 0x7f1ac20bf160&gt;.app_models

test_minimal_requirements.py:157: AssertionError</pre>
                        
                        

                        
                        
                        
                    </div>
                
                    <div class="test outcome outcome-failed">
                        <a id="62792bbd-ce0e-4f5a-b9c3-8259ca6a376f"></a>
                        <table class="proplist">
                            <tr><th>Test case:</th><td><b>test_modelos_tienen_vista[form]</b></td></tr>
                            <tr><th>Outcome:</th><td>Failed</td></tr>
                            <tr><th>Duration:</th><td>0.001 sec</td></tr>
                        
                            <tr><th>Failed</th><td>assert []
 +  where [] = &lt;test_minimal_requirements.SystemUnderTest object at 0x7f1ac20bf160&gt;.app_models</td></tr>
                        
                        
                        </table>

                        
                        <pre>self = &lt;test_minimal_requirements.TestRNF3 object at 0x7f1ac20a2430&gt;
sut = &lt;test_minimal_requirements.SystemUnderTest object at 0x7f1ac20bf160&gt;
view_type = &#39;form&#39;

    @pytest.mark.parametrize(&#34;view_type&#34;, [&#39;tree&#39;, &#39;form&#39;])
    def test_modelos_tienen_vista(self, sut, view_type):
&gt;       assert len(sut.basename_app_models) == sut.modelos_tienen_vista(view_type) , f&#34;No coinciden el número de modelos de datos de la aplicación con el número de vistas {view_type} - {self.__doc__}&#34;

test_minimal_requirements.py:287: 
_ _ _ _ _ _ _ _ _ _ _ _ _ _ _ _ _ _ _ _ _ _ _ _ _ _ _ _ _ _ _ _ _ _ _ _ _ _ _ _ 

self = &lt;test_minimal_requirements.SystemUnderTest object at 0x7f1ac20bf160&gt;
type = &#39;form&#39;

    def modelos_tienen_vista(self, type):
        r = 0
&gt;       assert self.app_models
E       assert []
E        +  where [] = &lt;test_minimal_requirements.SystemUnderTest object at 0x7f1ac20bf160&gt;.app_models

test_minimal_requirements.py:157: AssertionError</pre>
                        
                        

                        
                        
                        
                    </div>
                
                    <div class="test outcome outcome-failed">
                        <a id="5df4d9f6-1f2f-4d82-a11c-96b85616994c"></a>
                        <table class="proplist">
                            <tr><th>Test case:</th><td><b>test_formularios_tienen_vista_anidada_para_campos_X2many[one2many]</b></td></tr>
                            <tr><th>Outcome:</th><td>Failed</td></tr>
                            <tr><th>Duration:</th><td>0.001 sec</td></tr>
                        
                            <tr><th>Failed</th><td>AssertionError: No hay modelos de datos
assert []
 +  where [] = &lt;test_minimal_requirements.SystemUnderTest object at 0x7f1ac20bf160&gt;.app_models</td></tr>
                        
                        
                        </table>

                        
                        <pre>self = &lt;test_minimal_requirements.TestRNF3 object at 0x7f1ac20a2850&gt;
sut = &lt;test_minimal_requirements.SystemUnderTest object at 0x7f1ac20bf160&gt;
relationship = &#39;one2many&#39;

    @pytest.mark.parametrize(&#34;relationship&#34;, [&#39;one2many&#39;, &#39;many2many&#39;])
    def test_formularios_tienen_vista_anidada_para_campos_X2many(self, sut, relationship):
        # @see https://www.cybrosys.com/blog/many2many-fields-and-its-widgets-odoo
        alternative_widgets = (&#39;many2many_default&#39;,
                                &#39;many2many_tags&#39;,
                                &#39;many2many_checkboxes&#39;,
                                &#39;many2many_kanban&#39;,
                                &#39;many2many_binary&#39;,
                                &#39;x2many_counter&#39;)
&gt;       fields = sut.modelos_tienen_campos(relationship)

test_minimal_requirements.py:298: 
_ _ _ _ _ _ _ _ _ _ _ _ _ _ _ _ _ _ _ _ _ _ _ _ _ _ _ _ _ _ _ _ _ _ _ _ _ _ _ _ 

self = &lt;test_minimal_requirements.SystemUnderTest object at 0x7f1ac20bf160&gt;
type = &#39;one2many&#39;

    def modelos_tienen_campos(self, type):
        r = []
&gt;       assert self.app_models, &#34;No hay modelos de datos&#34;
E       AssertionError: No hay modelos de datos
E       assert []
E        +  where [] = &lt;test_minimal_requirements.SystemUnderTest object at 0x7f1ac20bf160&gt;.app_models

test_minimal_requirements.py:147: AssertionError</pre>
                        
                        

                        
                        
                        
                    </div>
                
                    <div class="test outcome outcome-failed">
                        <a id="19b24c8d-2b47-4120-94d0-b8a9e015f2ac"></a>
                        <table class="proplist">
                            <tr><th>Test case:</th><td><b>test_formularios_tienen_vista_anidada_para_campos_X2many[many2many]</b></td></tr>
                            <tr><th>Outcome:</th><td>Failed</td></tr>
                            <tr><th>Duration:</th><td>0.001 sec</td></tr>
                        
                            <tr><th>Failed</th><td>AssertionError: No hay modelos de datos
assert []
 +  where [] = &lt;test_minimal_requirements.SystemUnderTest object at 0x7f1ac20bf160&gt;.app_models</td></tr>
                        
                        
                        </table>

                        
                        <pre>self = &lt;test_minimal_requirements.TestRNF3 object at 0x7f1ac20a2a30&gt;
sut = &lt;test_minimal_requirements.SystemUnderTest object at 0x7f1ac20bf160&gt;
relationship = &#39;many2many&#39;

    @pytest.mark.parametrize(&#34;relationship&#34;, [&#39;one2many&#39;, &#39;many2many&#39;])
    def test_formularios_tienen_vista_anidada_para_campos_X2many(self, sut, relationship):
        # @see https://www.cybrosys.com/blog/many2many-fields-and-its-widgets-odoo
        alternative_widgets = (&#39;many2many_default&#39;,
                                &#39;many2many_tags&#39;,
                                &#39;many2many_checkboxes&#39;,
                                &#39;many2many_kanban&#39;,
                                &#39;many2many_binary&#39;,
                                &#39;x2many_counter&#39;)
&gt;       fields = sut.modelos_tienen_campos(relationship)

test_minimal_requirements.py:298: 
_ _ _ _ _ _ _ _ _ _ _ _ _ _ _ _ _ _ _ _ _ _ _ _ _ _ _ _ _ _ _ _ _ _ _ _ _ _ _ _ 

self = &lt;test_minimal_requirements.SystemUnderTest object at 0x7f1ac20bf160&gt;
type = &#39;many2many&#39;

    def modelos_tienen_campos(self, type):
        r = []
&gt;       assert self.app_models, &#34;No hay modelos de datos&#34;
E       AssertionError: No hay modelos de datos
E       assert []
E        +  where [] = &lt;test_minimal_requirements.SystemUnderTest object at 0x7f1ac20bf160&gt;.app_models

test_minimal_requirements.py:147: AssertionError</pre>
                        
                        

                        
                        
                        
                    </div>
                
                </div>
            </div>
            
            <div class="testclass">
                <h4>test_minimal_requirements.TestRNF4</h4>
                <div class="testcases">
                
                    <div class="test outcome outcome-passed">
                        <a id="4e239a62-6d22-402b-9fe3-afcfcb9f3a65"></a>
                        <table class="proplist">
                            <tr><th>Test case:</th><td><b>test_vistas_en_ficheros_individuales</b></td></tr>
                            <tr><th>Outcome:</th><td>Passed</td></tr>
                            <tr><th>Duration:</th><td>0.001 sec</td></tr>
                        
                        
                        </table>

                        
                        

                        
                        
                        
                    </div>
                
                </div>
            </div>
            
            <div class="testclass">
                <h4>test_minimal_requirements.TestRNF5</h4>
                <div class="testcases">
                
                    <div class="test outcome outcome-failed">
                        <a id="162ecfb3-26d9-4d3f-a199-6c1b9062b45b"></a>
                        <table class="proplist">
                            <tr><th>Test case:</th><td><b>test_modelos_tienen_algun_posible_campo_imagen</b></td></tr>
                            <tr><th>Outcome:</th><td>Failed</td></tr>
                            <tr><th>Duration:</th><td>0.001 sec</td></tr>
                        
                            <tr><th>Failed</th><td>AssertionError: No hay modelos de datos
assert []
 +  where [] = &lt;test_minimal_requirements.SystemUnderTest object at 0x7f1ac20bf160&gt;.app_models</td></tr>
                        
                        
                        </table>

                        
                        <pre>self = &lt;test_minimal_requirements.TestRNF5 object at 0x7f1ac20a7280&gt;
sut = &lt;test_minimal_requirements.SystemUnderTest object at 0x7f1ac20bf160&gt;

    def test_modelos_tienen_algun_posible_campo_imagen(self, sut):
&gt;       posibles_campos_imagenes = sut.modelos_tienen_campos(&#39;binary&#39;)

test_minimal_requirements.py:318: 
_ _ _ _ _ _ _ _ _ _ _ _ _ _ _ _ _ _ _ _ _ _ _ _ _ _ _ _ _ _ _ _ _ _ _ _ _ _ _ _ 

self = &lt;test_minimal_requirements.SystemUnderTest object at 0x7f1ac20bf160&gt;
type = &#39;binary&#39;

    def modelos_tienen_campos(self, type):
        r = []
&gt;       assert self.app_models, &#34;No hay modelos de datos&#34;
E       AssertionError: No hay modelos de datos
E       assert []
E        +  where [] = &lt;test_minimal_requirements.SystemUnderTest object at 0x7f1ac20bf160&gt;.app_models

test_minimal_requirements.py:147: AssertionError</pre>
                        
                        

                        
                        
                        
                    </div>
                
                    <div class="test outcome outcome-failed">
                        <a id="91f88aba-e9f3-4ed3-a6f4-59b8d31851aa"></a>
                        <table class="proplist">
                            <tr><th>Test case:</th><td><b>test_alguna_vista_tiene_campo_imagen</b></td></tr>
                            <tr><th>Outcome:</th><td>Failed</td></tr>
                            <tr><th>Duration:</th><td>0.001 sec</td></tr>
                        
                            <tr><th>Failed</th><td>AssertionError: No hay modelos de datos
assert []
 +  where [] = &lt;test_minimal_requirements.SystemUnderTest object at 0x7f1ac20bf160&gt;.app_models</td></tr>
                        
                        
                        </table>

                        
                        <pre>self = &lt;test_minimal_requirements.TestRNF5 object at 0x7f1ac20a76a0&gt;
sut = &lt;test_minimal_requirements.SystemUnderTest object at 0x7f1ac20bf160&gt;

    def test_alguna_vista_tiene_campo_imagen(self, sut):
&gt;       assert any(sut.hay_vista_con_campo_atributo_y_valor(&#39;form&#39;, f, &#39;widget&#39;, &#39;image&#39;) for f in sut.modelos_tienen_campos(&#39;binary&#39;)), self.__doc__

test_minimal_requirements.py:323: 
_ _ _ _ _ _ _ _ _ _ _ _ _ _ _ _ _ _ _ _ _ _ _ _ _ _ _ _ _ _ _ _ _ _ _ _ _ _ _ _ 

self = &lt;test_minimal_requirements.SystemUnderTest object at 0x7f1ac20bf160&gt;
type = &#39;binary&#39;

    def modelos_tienen_campos(self, type):
        r = []
&gt;       assert self.app_models, &#34;No hay modelos de datos&#34;
E       AssertionError: No hay modelos de datos
E       assert []
E        +  where [] = &lt;test_minimal_requirements.SystemUnderTest object at 0x7f1ac20bf160&gt;.app_models

test_minimal_requirements.py:147: AssertionError</pre>
                        
                        

                        
                        
                        
                    </div>
                
                </div>
            </div>
            
            <div class="testclass">
                <h4>test_minimal_requirements.TestRNF6</h4>
                <div class="testcases">
                
                    <div class="test outcome outcome-failed">
                        <a id="55dc2dbf-f633-4277-b64b-8446a61cc327"></a>
                        <table class="proplist">
                            <tr><th>Test case:</th><td><b>test_modelos_tienen_acciones</b></td></tr>
                            <tr><th>Outcome:</th><td>Failed</td></tr>
                            <tr><th>Duration:</th><td>0.001 sec</td></tr>
                        
                            <tr><th>Failed</th><td>assert []
 +  where [] = &lt;test_minimal_requirements.SystemUnderTest object at 0x7f1ac20bf160&gt;.basename_app_models</td></tr>
                        
                        
                        </table>

                        
                        <pre>self = &lt;test_minimal_requirements.TestRNF6 object at 0x7f1ac20a7b50&gt;
sut = &lt;test_minimal_requirements.SystemUnderTest object at 0x7f1ac20bf160&gt;

    def test_modelos_tienen_acciones(self, sut):
&gt;       assert sut.basename_app_models
E       assert []
E        +  where [] = &lt;test_minimal_requirements.SystemUnderTest object at 0x7f1ac20bf160&gt;.basename_app_models

test_minimal_requirements.py:330: AssertionError</pre>
                        
                        

                        
                        
                        
                    </div>
                
                    <div class="test outcome outcome-failed">
                        <a id="a847d29c-1f74-44ca-8410-079966713c52"></a>
                        <table class="proplist">
                            <tr><th>Test case:</th><td><b>test_hay_elementos_de_menu[.//menuitem[@action]]</b></td></tr>
                            <tr><th>Outcome:</th><td>Failed</td></tr>
                            <tr><th>Duration:</th><td>0.001 sec</td></tr>
                        
                            <tr><th>Failed</th><td>assert [] != []</td></tr>
                        
                        
                        </table>

                        
                        <pre>self = &lt;test_minimal_requirements.TestRNF6 object at 0x7f1ac20a90a0&gt;
sut = &lt;test_minimal_requirements.SystemUnderTest object at 0x7f1ac20bf160&gt;
xpath = &#39;.//menuitem[@action]&#39;

    @pytest.mark.parametrize(&#34;xpath&#34;, [&#39;.//menuitem[@action]&#39;]) # @parent si quiero comparar submenús, pero son opcionales
    def test_hay_elementos_de_menu(self, sut, xpath):
        ejemplos = []
        for xml in sut.xml_files:
            if hay_xml_con_xpath_valido(xml, xpath):
                ejemplos.append(xml)
    
&gt;       assert ejemplos != []
E       assert [] != []

test_minimal_requirements.py:341: AssertionError</pre>
                        
                        

                        
                        
                        
                    </div>
                
                </div>
            </div>
            
            <div class="testclass">
                <h4>test_minimal_requirements.TestRNF7</h4>
                <div class="testcases">
                
                    <div class="test outcome outcome-failed">
                        <a id="6c6ef206-adbe-4f03-9c3c-f952c270348d"></a>
                        <table class="proplist">
                            <tr><th>Test case:</th><td><b>test_modelos_tienen_permisos</b></td></tr>
                            <tr><th>Outcome:</th><td>Failed</td></tr>
                            <tr><th>Duration:</th><td>0.001 sec</td></tr>
                        
                            <tr><th>Failed</th><td>assert []
 +  where [] = &lt;test_minimal_requirements.SystemUnderTest object at 0x7f1ac20bf160&gt;.app_models</td></tr>
                        
                        
                        </table>

                        
                        <pre>self = &lt;test_minimal_requirements.TestRNF7 object at 0x7f1ac20a9520&gt;
sut = &lt;test_minimal_requirements.SystemUnderTest object at 0x7f1ac20bf160&gt;

    def test_modelos_tienen_permisos(self, sut):
&gt;       assert sut.app_models
E       assert []
E        +  where [] = &lt;test_minimal_requirements.SystemUnderTest object at 0x7f1ac20bf160&gt;.app_models

test_minimal_requirements.py:351: AssertionError</pre>
                        
                        

                        
                        
                        
                    </div>
                
                </div>
            </div>
            
            <div class="testclass">
                <h4>test_minimal_requirements.TestRNF8</h4>
                <div class="testcases">
                
                    <div class="test outcome outcome-failed">
                        <a id="aefdc608-9a85-46fe-b095-4b47a53e7fee"></a>
                        <table class="proplist">
                            <tr><th>Test case:</th><td><b>test_app_tiene_icono</b></td></tr>
                            <tr><th>Outcome:</th><td>Failed</td></tr>
                            <tr><th>Duration:</th><td>0.011 sec</td></tr>
                        
                            <tr><th>Failed</th><td>IndexError: pop from empty list</td></tr>
                        
                        
                        </table>

                        
                        <pre>self = &lt;test_minimal_requirements.TestRNF8 object at 0x7f1ac20a99a0&gt;
sut = &lt;test_minimal_requirements.SystemUnderTest object at 0x7f1ac20bf160&gt;

    def test_app_tiene_icono(self, sut):
        ids = sut.execute_kw(&#39;ir.module.module&#39;, &#39;search&#39;, [[(&#39;name&#39;, &#39;=&#39;, sut.app_prefix)]])
&gt;       app = sut.execute_kw(&#39;ir.module.module&#39;, &#39;read&#39;, [ids], {&#39;fields&#39;: [&#39;name&#39;, &#39;icon_image&#39;, &#39;state&#39;]}).pop()
E       IndexError: pop from empty list

test_minimal_requirements.py:367: IndexError</pre>
                        
                        

                        
                        
                        
                    </div>
                
                </div>
            </div>
            
            <div class="testclass">
                <h4>test_minimal_requirements.TestRNF9</h4>
                <div class="testcases">
                
                    <div class="test outcome outcome-failed">
                        <a id="dad399fa-5b4e-4738-8c49-594e96ed9eba"></a>
                        <table class="proplist">
                            <tr><th>Test case:</th><td><b>test_modelos_tienen_datos_demo</b></td></tr>
                            <tr><th>Outcome:</th><td>Failed</td></tr>
                            <tr><th>Duration:</th><td>0.001 sec</td></tr>
                        
                            <tr><th>Failed</th><td>AssertionError: No hay modelos de datos
assert []
 +  where [] = &lt;test_minimal_requirements.SystemUnderTest object at 0x7f1ac20bf160&gt;.app_models</td></tr>
                        
                        
                        </table>

                        
                        <pre>self = &lt;test_minimal_requirements.TestRNF9 object at 0x7f1ac20a9e50&gt;
sut = &lt;test_minimal_requirements.SystemUnderTest object at 0x7f1ac20bf160&gt;

    def test_modelos_tienen_datos_demo(self, sut):
        total_demo_records = 0
        demo_records_en_todos = sut.app_models != []
&gt;       assert sut.app_models, &#34;No hay modelos de datos&#34;
E       AssertionError: No hay modelos de datos
E       assert []
E        +  where [] = &lt;test_minimal_requirements.SystemUnderTest object at 0x7f1ac20bf160&gt;.app_models

test_minimal_requirements.py:378: AssertionError</pre>
                        
                        

                        
                        
                        
                    </div>
                
                </div>
            </div>
            
            <div class="testclass">
                <h4>test_minimal_requirements.TestRNFGit</h4>
                <div class="testcases">
                
                    <div class="test outcome outcome-passed">
                        <a id="ff01100d-3acc-4964-a3b1-7a6cd953aa6f"></a>
                        <table class="proplist">
                            <tr><th>Test case:</th><td><b>test_git_commit_frecuentes</b></td></tr>
                            <tr><th>Outcome:</th><td>Passed</td></tr>
                            <tr><th>Duration:</th><td>0.001 sec</td></tr>
                        
                        
                        </table>

                        
                        

                        
                        
                        
                    </div>
                
                </div>
            </div>
            
            <div class="testclass">
                <h4>test_minimal_requirements.TestRNFCalidad</h4>
                <div class="testcases">
                
                    <div class="test outcome outcome-passed">
                        <a id="02da83c0-afdc-4175-affd-c073ffb8785a"></a>
                        <table class="proplist">
                            <tr><th>Test case:</th><td><b>test_odoo_disponible</b></td></tr>
                            <tr><th>Outcome:</th><td>Passed</td></tr>
                            <tr><th>Duration:</th><td>0.008 sec</td></tr>
                        
                        
                        </table>

                        
                        

                        
                        
                        
                    </div>
                
                    <div class="test outcome outcome-failed">
                        <a id="c578dc95-ddb6-4422-bf42-f50834fb71c1"></a>
                        <table class="proplist">
                            <tr><th>Test case:</th><td><b>test_app_instalada</b></td></tr>
                            <tr><th>Outcome:</th><td>Failed</td></tr>
                            <tr><th>Duration:</th><td>0.008 sec</td></tr>
                        
                            <tr><th>Failed</th><td>AssertionError: No se ha encontrado la aplicación
assert 0 == 1
 +  where 0 = len([])</td></tr>
                        
                        
                        </table>

                        
                        <pre>self = &lt;test_minimal_requirements.TestRNFCalidad object at 0x7f1ac20ae4f0&gt;
sut = &lt;test_minimal_requirements.SystemUnderTest object at 0x7f1ac20bf160&gt;

    def test_app_instalada(self, sut):
        ids = sut.execute_kw(&#39;ir.module.module&#39;, &#39;search&#39;, [[(&#39;name&#39;, &#39;=&#39;, sut.app_prefix)]])
&gt;       assert len(ids) == 1, &#34;No se ha encontrado la aplicación&#34;
E       AssertionError: No se ha encontrado la aplicación
E       assert 0 == 1
E        +  where 0 = len([])

test_minimal_requirements.py:414: AssertionError</pre>
                        
                        

                        
                        
                        
                    </div>
                
                    <div class="test outcome outcome-failed">
                        <a id="2c10cc38-d5d0-42d4-ac51-e19bcf72f9a6"></a>
                        <table class="proplist">
                            <tr><th>Test case:</th><td><b>test_otras_apps_entregadas_son_dependencias</b></td></tr>
                            <tr><th>Outcome:</th><td>Failed</td></tr>
                            <tr><th>Duration:</th><td>0.014 sec</td></tr>
                        
                            <tr><th>Failed</th><td>AssertionError: Parece que tu aplicación no depende de pjb_ruleta_procastinador, al instalar la tuya esta no ha quedado instalada automáticamente - Tu código debe estar bien probado, documentado, sin código comentado, sin ficheros innecesarios y con un *manifest* cuidado.
assert &#39;uninstalled&#39; == &#39;installed&#39;
  
  - installed
  + uninstalled
  ? ++</td></tr>
                        
                        
                        </table>

                        
                        <pre>self = &lt;test_minimal_requirements.TestRNFCalidad object at 0x7f1ac20ae910&gt;
sut = &lt;test_minimal_requirements.SystemUnderTest object at 0x7f1ac20bf160&gt;

    def test_otras_apps_entregadas_son_dependencias(self, sut):
        for third_party_app in buscar_dependencias_de_terceros_entregadas(sut):
            ids = sut.execute_kw(&#39;ir.module.module&#39;, &#39;search&#39;, [[(&#39;name&#39;, &#39;=&#39;, third_party_app)]])
            assert len(ids) == 1, f&#34;No se ha encontrado la aplicación {third_party_app}, ¿hay dependencia de esta aplicación?&#34;
            app = sut.execute_kw(&#39;ir.module.module&#39;, &#39;read&#39;, [ids], {&#39;fields&#39;: [&#39;name&#39;, &#39;icon_image&#39;, &#39;state&#39;]}).pop()
&gt;           assert app.get(&#34;state&#34;) == &#39;installed&#39;, f&#34;Parece que tu aplicación no depende de {third_party_app}, al instalar la tuya esta no ha quedado instalada automáticamente - Tu código debe estar bien probado, documentado, sin código comentado, sin ficheros innecesarios y con un *manifest* cuidado.&#34;
E           AssertionError: Parece que tu aplicación no depende de pjb_ruleta_procastinador, al instalar la tuya esta no ha quedado instalada automáticamente - Tu código debe estar bien probado, documentado, sin código comentado, sin ficheros innecesarios y con un *manifest* cuidado.
E           assert &#39;uninstalled&#39; == &#39;installed&#39;
E             
E             - installed
E             + uninstalled
E             ? ++

test_minimal_requirements.py:423: AssertionError</pre>
                        
                        

                        
                        
                        
                    </div>
                
                    <div class="test outcome outcome-passed">
                        <a id="9dd40f96-d5d1-434f-890d-f5ba1f490bbd"></a>
                        <table class="proplist">
                            <tr><th>Test case:</th><td><b>test_no_hay_elementos_xml_comentados</b></td></tr>
                            <tr><th>Outcome:</th><td>Passed</td></tr>
                            <tr><th>Duration:</th><td>0.001 sec</td></tr>
                        
                        
                        </table>

                        
                        

                        
                        
                        
                    </div>
                
                    <div class="test outcome outcome-passed">
                        <a id="8bc96988-6cea-4ba7-9ed1-3e2bd89a12fa"></a>
                        <table class="proplist">
                            <tr><th>Test case:</th><td><b>test_no_hay_codigo_python_comentado</b></td></tr>
                            <tr><th>Outcome:</th><td>Passed</td></tr>
                            <tr><th>Duration:</th><td>0.001 sec</td></tr>
                        
                        
                        </table>

                        
                        

                        
                        
                        
                    </div>
                
                    <div class="test outcome outcome-passed">
                        <a id="44bb1151-eaa5-42fb-bd89-4ae024ee378c"></a>
                        <table class="proplist">
                            <tr><th>Test case:</th><td><b>test_log_servidor_sin_errores</b></td></tr>
                            <tr><th>Outcome:</th><td>Passed</td></tr>
                            <tr><th>Duration:</th><td>0.001 sec</td></tr>
                        
                        
                        </table>

                        
                        

                        
                        
                        
                    </div>
                
                </div>
            </div>
            
            <div class="testclass">
                <h4>test_minimal_requirements.TestOtros</h4>
                <div class="testcases">
                
                    <div class="test outcome outcome-passed">
                        <a id="7d27da61-99bb-4f36-9f92-70c9ed5a2313"></a>
                        <table class="proplist">
                            <tr><th>Test case:</th><td><b>test_log_sin_warnings</b></td></tr>
                            <tr><th>Outcome:</th><td>Passed</td></tr>
                            <tr><th>Duration:</th><td>0.001 sec</td></tr>
                        
                        
                        </table>

                        
                        

                        
                        
                        
                    </div>
                
                </div>
            </div>
            
            <div class="testclass">
                <h4>test_minimal_requirements.TestRNFAdicionalesKanban</h4>
                <div class="testcases">
                
                    <div class="test outcome outcome-skipped">
                        <a id="14017081-7ebb-4253-91cd-d37e4ea88d43"></a>
                        <table class="proplist">
                            <tr><th>Test case:</th><td><b>test_vista_kanban[/kanban]</b></td></tr>
                            <tr><th>Outcome:</th><td>Skipped</td></tr>
                            <tr><th>Duration:</th><td>0.001 sec</td></tr>
                        
                        
                            <tr><th>Skipped</th><td></td></tr>
                        
                        </table>

                        
                        
                        <pre>skipped</pre>
                        

                        
                        
                        
                    </div>
                
                    <div class="test outcome outcome-skipped">
                        <a id="670866f1-c347-437d-858a-aa120da1324e"></a>
                        <table class="proplist">
                            <tr><th>Test case:</th><td><b>test_vista_kanban[/kanban[@default_group_by]]</b></td></tr>
                            <tr><th>Outcome:</th><td>Skipped</td></tr>
                            <tr><th>Duration:</th><td>0.001 sec</td></tr>
                        
                        
                            <tr><th>Skipped</th><td></td></tr>
                        
                        </table>

                        
                        
                        <pre>skipped</pre>
                        

                        
                        
                        
                    </div>
                
                    <div class="test outcome outcome-skipped">
                        <a id="21909828-38a8-4a22-b84d-21d2eabe7207"></a>
                        <table class="proplist">
                            <tr><th>Test case:</th><td><b>test_vista_kanban_imagen[/img]</b></td></tr>
                            <tr><th>Outcome:</th><td>Skipped</td></tr>
                            <tr><th>Duration:</th><td>0.001 sec</td></tr>
                        
                        
                            <tr><th>Skipped</th><td></td></tr>
                        
                        </table>

                        
                        
                        <pre>skipped</pre>
                        

                        
                        
                        
                    </div>
                
                    <div class="test outcome outcome-skipped">
                        <a id="421cd4ae-9469-4f68-9934-91a98e4e7579"></a>
                        <table class="proplist">
                            <tr><th>Test case:</th><td><b>test_vista_kanban_imagen[/field[@preview_image]]</b></td></tr>
                            <tr><th>Outcome:</th><td>Skipped</td></tr>
                            <tr><th>Duration:</th><td>0.001 sec</td></tr>
                        
                        
                            <tr><th>Skipped</th><td></td></tr>
                        
                        </table>

                        
                        
                        <pre>skipped</pre>
                        

                        
                        
                        
                    </div>
                
                    <div class="test outcome outcome-skipped">
                        <a id="0ffb46ef-9af7-4d15-9001-fb6f7471f1f6"></a>
                        <table class="proplist">
                            <tr><th>Test case:</th><td><b>test_vista_kanban_imagen[/field[@widget=&#34;image&#34;]]</b></td></tr>
                            <tr><th>Outcome:</th><td>Skipped</td></tr>
                            <tr><th>Duration:</th><td>0.001 sec</td></tr>
                        
                        
                            <tr><th>Skipped</th><td></td></tr>
                        
                        </table>

                        
                        
                        <pre>skipped</pre>
                        

                        
                        
                        
                    </div>
                
                </div>
            </div>
            
            <div class="testclass">
                <h4>test_minimal_requirements.TestRNFAdicionalesBusqueda</h4>
                <div class="testcases">
                
                    <div class="test outcome outcome-skipped">
                        <a id="1fa75331-b731-4d21-95f2-f8a4e119fc89"></a>
                        <table class="proplist">
                            <tr><th>Test case:</th><td><b>test_vista_search[/search]</b></td></tr>
                            <tr><th>Outcome:</th><td>Skipped</td></tr>
                            <tr><th>Duration:</th><td>0.001 sec</td></tr>
                        
                        
                            <tr><th>Skipped</th><td></td></tr>
                        
                        </table>

                        
                        
                        <pre>skipped</pre>
                        

                        
                        
                        
                    </div>
                
                    <div class="test outcome outcome-skipped">
                        <a id="e16127c2-674f-48f2-a8fd-59b79f81b53c"></a>
                        <table class="proplist">
                            <tr><th>Test case:</th><td><b>test_vista_search_compleja[/filter[@domain]]</b></td></tr>
                            <tr><th>Outcome:</th><td>Skipped</td></tr>
                            <tr><th>Duration:</th><td>0.001 sec</td></tr>
                        
                        
                            <tr><th>Skipped</th><td></td></tr>
                        
                        </table>

                        
                        
                        <pre>skipped</pre>
                        

                        
                        
                        
                    </div>
                
                    <div class="test outcome outcome-skipped">
                        <a id="14cf40f2-cc3b-4c04-adf5-aa601d0b0c98"></a>
                        <table class="proplist">
                            <tr><th>Test case:</th><td><b>test_vista_search_compleja[/group//filter[@context]]</b></td></tr>
                            <tr><th>Outcome:</th><td>Skipped</td></tr>
                            <tr><th>Duration:</th><td>0.001 sec</td></tr>
                        
                        
                            <tr><th>Skipped</th><td></td></tr>
                        
                        </table>

                        
                        
                        <pre>skipped</pre>
                        

                        
                        
                        
                    </div>
                
                </div>
            </div>
            
            <div class="testclass">
                <h4>test_minimal_requirements.TestRNFAdicionalesOtrasVistas</h4>
                <div class="testcases">
                
                    <div class="test outcome outcome-skipped">
                        <a id="d835149e-2ce7-41f1-886b-a622350ec8f3"></a>
                        <table class="proplist">
                            <tr><th>Test case:</th><td><b>test_otras_vistas_adicionales[activity]</b></td></tr>
                            <tr><th>Outcome:</th><td>Skipped</td></tr>
                            <tr><th>Duration:</th><td>0.001 sec</td></tr>
                        
                        
                            <tr><th>Skipped</th><td></td></tr>
                        
                        </table>

                        
                        
                        <pre>skipped</pre>
                        

                        
                        
                        
                    </div>
                
                    <div class="test outcome outcome-skipped">
                        <a id="0b97d0a5-128d-44be-9596-3aa697eb6b91"></a>
                        <table class="proplist">
                            <tr><th>Test case:</th><td><b>test_otras_vistas_adicionales[calendar]</b></td></tr>
                            <tr><th>Outcome:</th><td>Skipped</td></tr>
                            <tr><th>Duration:</th><td>0.001 sec</td></tr>
                        
                        
                            <tr><th>Skipped</th><td></td></tr>
                        
                        </table>

                        
                        
                        <pre>skipped</pre>
                        

                        
                        
                        
                    </div>
                
                    <div class="test outcome outcome-skipped">
                        <a id="52c451ac-805f-44a7-aad1-4492b72c821e"></a>
                        <table class="proplist">
                            <tr><th>Test case:</th><td><b>test_otras_vistas_adicionales[graph]</b></td></tr>
                            <tr><th>Outcome:</th><td>Skipped</td></tr>
                            <tr><th>Duration:</th><td>0.001 sec</td></tr>
                        
                        
                            <tr><th>Skipped</th><td></td></tr>
                        
                        </table>

                        
                        
                        <pre>skipped</pre>
                        

                        
                        
                        
                    </div>
                
                    <div class="test outcome outcome-skipped">
                        <a id="9c965eff-b273-4963-999d-6c400a7d02b5"></a>
                        <table class="proplist">
                            <tr><th>Test case:</th><td><b>test_otras_vistas_adicionales[pivot]</b></td></tr>
                            <tr><th>Outcome:</th><td>Skipped</td></tr>
                            <tr><th>Duration:</th><td>0.001 sec</td></tr>
                        
                        
                            <tr><th>Skipped</th><td></td></tr>
                        
                        </table>

                        
                        
                        <pre>skipped</pre>
                        

                        
                        
                        
                    </div>
                
                </div>
            </div>
            
            <div class="testclass">
                <h4>test_minimal_requirements.TestRNFAdicionalesConstraints</h4>
                <div class="testcases">
                
                    <div class="test outcome outcome-skipped">
                        <a id="ca84457d-971a-48fe-af36-1542200c0d82"></a>
                        <table class="proplist">
                            <tr><th>Test case:</th><td><b>test_constraints_sql</b></td></tr>
                            <tr><th>Outcome:</th><td>Skipped</td></tr>
                            <tr><th>Duration:</th><td>0.006 sec</td></tr>
                        
                        
                            <tr><th>Skipped</th><td></td></tr>
                        
                        </table>

                        
                        
                        <pre>skipped</pre>
                        

                        
                        
                        
                    </div>
                
                </div>
            </div>
            
            <div class="testclass">
                <h4>test_minimal_requirements.TestRNFAdicionalesSeguridadAvanzada</h4>
                <div class="testcases">
                
                    <div class="test outcome outcome-skipped">
                        <a id="d10838a5-e051-43e3-ac92-0165283d9abe"></a>
                        <table class="proplist">
                            <tr><th>Test case:</th><td><b>test_seguridad_con_grupos_propios</b></td></tr>
                            <tr><th>Outcome:</th><td>Skipped</td></tr>
                            <tr><th>Duration:</th><td>0.001 sec</td></tr>
                        
                        
                            <tr><th>Skipped</th><td></td></tr>
                        
                        </table>

                        
                        
                        <pre>skipped</pre>
                        

                        
                        
                        
                    </div>
                
                </div>
            </div>
            
            <div class="testclass">
                <h4>test_minimal_requirements.TestRNFAdicionalesDatosAvanzados</h4>
                <div class="testcases">
                
                    <div class="test outcome outcome-skipped">
                        <a id="ccc60e08-795f-441b-b30b-9eae423beb14"></a>
                        <table class="proplist">
                            <tr><th>Test case:</th><td><b>test_datos_maestros_o_demo_avanzados[binary]</b></td></tr>
                            <tr><th>Outcome:</th><td>Skipped</td></tr>
                            <tr><th>Duration:</th><td>0.001 sec</td></tr>
                        
                        
                            <tr><th>Skipped</th><td></td></tr>
                        
                        </table>

                        
                        
                        <pre>skipped</pre>
                        

                        
                        
                        
                    </div>
                
                    <div class="test outcome outcome-skipped">
                        <a id="8124c92d-7494-4a9e-93c7-db02747ca330"></a>
                        <table class="proplist">
                            <tr><th>Test case:</th><td><b>test_datos_maestros_o_demo_avanzados[many2many]</b></td></tr>
                            <tr><th>Outcome:</th><td>Skipped</td></tr>
                            <tr><th>Duration:</th><td>0.001 sec</td></tr>
                        
                        
                            <tr><th>Skipped</th><td></td></tr>
                        
                        </table>

                        
                        
                        <pre>skipped</pre>
                        

                        
                        
                        
                    </div>
                
                    <div class="test outcome outcome-skipped">
                        <a id="876f7bdb-3e47-4a13-9f11-3b04af68cc6d"></a>
                        <table class="proplist">
                            <tr><th>Test case:</th><td><b>test_datos_maestros_o_demo_avanzados[many2one]</b></td></tr>
                            <tr><th>Outcome:</th><td>Skipped</td></tr>
                            <tr><th>Duration:</th><td>0.001 sec</td></tr>
                        
                        
                            <tr><th>Skipped</th><td></td></tr>
                        
                        </table>

                        
                        
                        <pre>skipped</pre>
                        

                        
                        
                        
                    </div>
                
                </div>
            </div>
            
            <div class="testclass">
                <h4>test_minimal_requirements.TestRNFAdicionalesHerenciaVistas</h4>
                <div class="testcases">
                
                    <div class="test outcome outcome-skipped">
                        <a id="11bc7353-5852-4114-9d34-a7a82d506076"></a>
                        <table class="proplist">
                            <tr><th>Test case:</th><td><b>test_herencia_en_vistas_con_position</b></td></tr>
                            <tr><th>Outcome:</th><td>Skipped</td></tr>
                            <tr><th>Duration:</th><td>0.001 sec</td></tr>
                        
                        
                            <tr><th>Skipped</th><td></td></tr>
                        
                        </table>

                        
                        
                        <pre>skipped</pre>
                        

                        
                        
                        
                    </div>
                
                    <div class="test outcome outcome-skipped">
                        <a id="70e1b69f-b08b-408d-9e73-052d25d83110"></a>
                        <table class="proplist">
                            <tr><th>Test case:</th><td><b>test_herencia_en_vistas_con_inherit_id</b></td></tr>
                            <tr><th>Outcome:</th><td>Skipped</td></tr>
                            <tr><th>Duration:</th><td>0.001 sec</td></tr>
                        
                        
                            <tr><th>Skipped</th><td></td></tr>
                        
                        </table>

                        
                        
                        <pre>skipped</pre>
                        

                        
                        
                        
                    </div>
                
                </div>
            </div>
            
            <div class="testclass">
                <h4>test_minimal_requirements.TestRNFAdicionalesHerenciaModelos</h4>
                <div class="testcases">
                
                    <div class="test outcome outcome-skipped">
                        <a id="3c3c505f-90d6-4779-8960-5209c9f40f76"></a>
                        <table class="proplist">
                            <tr><th>Test case:</th><td><b>test_modelos_existentes_modificados_por_herencia</b></td></tr>
                            <tr><th>Outcome:</th><td>Skipped</td></tr>
                            <tr><th>Duration:</th><td>0.001 sec</td></tr>
                        
                        
                            <tr><th>Skipped</th><td></td></tr>
                        
                        </table>

                        
                        
                        <pre>skipped</pre>
                        

                        
                        
                        
                    </div>
                
                    <div class="test outcome outcome-skipped">
                        <a id="ced7757c-4579-4978-9b21-42ed50dfee33"></a>
                        <table class="proplist">
                            <tr><th>Test case:</th><td><b>test_nuevos_modelos_con_herencia</b></td></tr>
                            <tr><th>Outcome:</th><td>Skipped</td></tr>
                            <tr><th>Duration:</th><td>0.001 sec</td></tr>
                        
                        
                            <tr><th>Skipped</th><td></td></tr>
                        
                        </table>

                        
                        
                        <pre>skipped</pre>
                        

                        
                        
                        
                    </div>
                
                </div>
            </div>
            
            <div class="testclass">
                <h4>test_minimal_requirements.TestRNFAdicionalesTraducciones</h4>
                <div class="testcases">
                
                    <div class="test outcome outcome-skipped">
                        <a id="259e9874-9eb8-464c-b17d-c10ae3df94bd"></a>
                        <table class="proplist">
                            <tr><th>Test case:</th><td><b>test_i18n</b></td></tr>
                            <tr><th>Outcome:</th><td>Skipped</td></tr>
                            <tr><th>Duration:</th><td>0.001 sec</td></tr>
                        
                        
                            <tr><th>Skipped</th><td></td></tr>
                        
                        </table>

                        
                        
                        <pre>skipped</pre>
                        

                        
                        
                        
                    </div>
                
                </div>
            </div>
            
            <div class="testclass">
                <h4>test_minimal_requirements.TestRNFAdicionalesInformes</h4>
                <div class="testcases">
                
                    <div class="test outcome outcome-skipped">
                        <a id="ac1a4f39-7bfd-4916-a79e-f0e5c6983fc8"></a>
                        <table class="proplist">
                            <tr><th>Test case:</th><td><b>test_informes[report]</b></td></tr>
                            <tr><th>Outcome:</th><td>Skipped</td></tr>
                            <tr><th>Duration:</th><td>0.001 sec</td></tr>
                        
                        
                            <tr><th>Skipped</th><td></td></tr>
                        
                        </table>

                        
                        
                        <pre>skipped</pre>
                        

                        
                        
                        
                    </div>
                
                    <div class="test outcome outcome-skipped">
                        <a id="7b195e92-565f-4915-bd9d-e7c103b132df"></a>
                        <table class="proplist">
                            <tr><th>Test case:</th><td><b>test_informes[template]</b></td></tr>
                            <tr><th>Outcome:</th><td>Skipped</td></tr>
                            <tr><th>Duration:</th><td>0.001 sec</td></tr>
                        
                        
                            <tr><th>Skipped</th><td></td></tr>
                        
                        </table>

                        
                        
                        <pre>skipped</pre>
                        

                        
                        
                        
                    </div>
                
                    <div class="test outcome outcome-skipped">
                        <a id="593af279-03ca-4cea-8a15-44b994f22cdd"></a>
                        <table class="proplist">
                            <tr><th>Test case:</th><td><b>test_informes_complejos[/t[@t-foreach]]</b></td></tr>
                            <tr><th>Outcome:</th><td>Skipped</td></tr>
                            <tr><th>Duration:</th><td>0.001 sec</td></tr>
                        
                        
                            <tr><th>Skipped</th><td></td></tr>
                        
                        </table>

                        
                        
                        <pre>skipped</pre>
                        

                        
                        
                        
                    </div>
                
                    <div class="test outcome outcome-skipped">
                        <a id="aafd6fd3-71d7-477f-ab63-a422b3b55fa6"></a>
                        <table class="proplist">
                            <tr><th>Test case:</th><td><b>test_informes_complejos[/img[@t-att-src]]</b></td></tr>
                            <tr><th>Outcome:</th><td>Skipped</td></tr>
                            <tr><th>Duration:</th><td>0.001 sec</td></tr>
                        
                        
                            <tr><th>Skipped</th><td></td></tr>
                        
                        </table>

                        
                        
                        <pre>skipped</pre>
                        

                        
                        
                        
                    </div>
                
                    <div class="test outcome outcome-skipped">
                        <a id="2416e6e3-9e3d-4fe3-b36e-55d1cc9775fe"></a>
                        <table class="proplist">
                            <tr><th>Test case:</th><td><b>test_informes_complejos[/t[@t-call and not(@t-call=&#34;web.external_layout&#34; or @t-call=&#34;web.html_container&#34;)]]</b></td></tr>
                            <tr><th>Outcome:</th><td>Skipped</td></tr>
                            <tr><th>Duration:</th><td>0.001 sec</td></tr>
                        
                        
                            <tr><th>Skipped</th><td></td></tr>
                        
                        </table>

                        
                        
                        <pre>skipped</pre>
                        

                        
                        
                        
                    </div>
                
                </div>
            </div>
            
            <div class="testclass">
                <h4>test_minimal_requirements.TestRNFAdicionalesChatter</h4>
                <div class="testcases">
                
                    <div class="test outcome outcome-skipped">
                        <a id="5c28653d-f032-42f4-a0bd-2a986265847e"></a>
                        <table class="proplist">
                            <tr><th>Test case:</th><td><b>test_chatter[mail_thread]</b></td></tr>
                            <tr><th>Outcome:</th><td>Skipped</td></tr>
                            <tr><th>Duration:</th><td>0.001 sec</td></tr>
                        
                        
                            <tr><th>Skipped</th><td></td></tr>
                        
                        </table>

                        
                        
                        <pre>skipped</pre>
                        

                        
                        
                        
                    </div>
                
                    <div class="test outcome outcome-skipped">
                        <a id="512ad860-1047-4b01-81b0-9c642357aa02"></a>
                        <table class="proplist">
                            <tr><th>Test case:</th><td><b>test_chatter[mail_activity_mixin]</b></td></tr>
                            <tr><th>Outcome:</th><td>Skipped</td></tr>
                            <tr><th>Duration:</th><td>0.001 sec</td></tr>
                        
                        
                            <tr><th>Skipped</th><td></td></tr>
                        
                        </table>

                        
                        
                        <pre>skipped</pre>
                        

                        
                        
                        
                    </div>
                
                    <div class="test outcome outcome-skipped">
                        <a id="f34acdd4-37f0-4c27-a2b4-57b5d353a558"></a>
                        <table class="proplist">
                            <tr><th>Test case:</th><td><b>test_chatter_tracking</b></td></tr>
                            <tr><th>Outcome:</th><td>Skipped</td></tr>
                            <tr><th>Duration:</th><td>0.008 sec</td></tr>
                        
                        
                            <tr><th>Skipped</th><td></td></tr>
                        
                        </table>

                        
                        
                        <pre>skipped</pre>
                        

                        
                        
                        
                    </div>
                
                    <div class="test outcome outcome-skipped">
                        <a id="dcb6cf35-68a2-4000-b42c-14fa41697647"></a>
                        <table class="proplist">
                            <tr><th>Test case:</th><td><b>test_vista_chatter_div</b></td></tr>
                            <tr><th>Outcome:</th><td>Skipped</td></tr>
                            <tr><th>Duration:</th><td>0.001 sec</td></tr>
                        
                        
                            <tr><th>Skipped</th><td></td></tr>
                        
                        </table>

                        
                        
                        <pre>skipped</pre>
                        

                        
                        
                        
                    </div>
                
                    <div class="test outcome outcome-skipped">
                        <a id="08161e68-795e-4511-b713-768cc4dce2ed"></a>
                        <table class="proplist">
                            <tr><th>Test case:</th><td><b>test_vista_chatter_fields[.//field[@name=&#34;message_follower_ids&#34;]]</b></td></tr>
                            <tr><th>Outcome:</th><td>Skipped</td></tr>
                            <tr><th>Duration:</th><td>0.001 sec</td></tr>
                        
                        
                            <tr><th>Skipped</th><td></td></tr>
                        
                        </table>

                        
                        
                        <pre>skipped</pre>
                        

                        
                        
                        
                    </div>
                
                    <div class="test outcome outcome-skipped">
                        <a id="8dd9567f-c257-4491-9986-2eb4eb52fd43"></a>
                        <table class="proplist">
                            <tr><th>Test case:</th><td><b>test_vista_chatter_fields[.//field[@name=&#34;activity_ids&#34;]]</b></td></tr>
                            <tr><th>Outcome:</th><td>Skipped</td></tr>
                            <tr><th>Duration:</th><td>0.001 sec</td></tr>
                        
                        
                            <tr><th>Skipped</th><td></td></tr>
                        
                        </table>

                        
                        
                        <pre>skipped</pre>
                        

                        
                        
                        
                    </div>
                
                    <div class="test outcome outcome-skipped">
                        <a id="d8b06197-969e-4cdc-b7dc-555a47fb69b9"></a>
                        <table class="proplist">
                            <tr><th>Test case:</th><td><b>test_vista_chatter_fields[.//field[@name=&#34;message_ids&#34;]]</b></td></tr>
                            <tr><th>Outcome:</th><td>Skipped</td></tr>
                            <tr><th>Duration:</th><td>0.001 sec</td></tr>
                        
                        
                            <tr><th>Skipped</th><td></td></tr>
                        
                        </table>

                        
                        
                        <pre>skipped</pre>
                        

                        
                        
                        
                    </div>
                
                    <div class="test outcome outcome-skipped">
                        <a id="6d922b43-9d3b-42ba-849c-efe5adf59bcc"></a>
                        <table class="proplist">
                            <tr><th>Test case:</th><td><b>test_vista_chatter_fields[.//field[@widget=&#34;mail_followers&#34;]]</b></td></tr>
                            <tr><th>Outcome:</th><td>Skipped</td></tr>
                            <tr><th>Duration:</th><td>0.001 sec</td></tr>
                        
                        
                            <tr><th>Skipped</th><td></td></tr>
                        
                        </table>

                        
                        
                        <pre>skipped</pre>
                        

                        
                        
                        
                    </div>
                
                    <div class="test outcome outcome-skipped">
                        <a id="29729469-344e-4359-8ab1-ac96603667d2"></a>
                        <table class="proplist">
                            <tr><th>Test case:</th><td><b>test_vista_chatter_fields[.//field[@widget=&#34;mail_thread&#34;]]</b></td></tr>
                            <tr><th>Outcome:</th><td>Skipped</td></tr>
                            <tr><th>Duration:</th><td>0.001 sec</td></tr>
                        
                        
                            <tr><th>Skipped</th><td></td></tr>
                        
                        </table>

                        
                        
                        <pre>skipped</pre>
                        

                        
                        
                        
                    </div>
                
                    <div class="test outcome outcome-skipped">
                        <a id="b8208743-9cea-47ae-8049-487fffeaf472"></a>
                        <table class="proplist">
                            <tr><th>Test case:</th><td><b>test_vista_chatter_fields[.//field[@widget=&#34;mail_activity&#34;]]</b></td></tr>
                            <tr><th>Outcome:</th><td>Skipped</td></tr>
                            <tr><th>Duration:</th><td>4.295 sec</td></tr>
                        
                        
                            <tr><th>Skipped</th><td></td></tr>
                        
                        </table>

                        
                        
                        <pre>skipped</pre>
                        

                        
                        
                        
                    </div>
                
                </div>
            </div>
            
        </div>
    </div>
    



<p class="footer">
    Generated by junit2html
</p>
</body>
</html>