<!DOCTYPE html>
<html lang="en">
<head>
    <meta charset="UTF-8">
    <title>png_biblioteca-pytest.xml</title>
    <style type="text/css">
        body {
    background-color: white;
    padding-bottom: 20em;
    margin: 0;
    min-height: 15cm;
}

h1, h2, h3, h4, h5, h6, h7 {
    font-family: sans-serif;
}

h1 {
    background-color: #007acc;
    color: white;
    padding: 3mm;
    margin-top: 0;
    margin-bottom: 1mm;
}

.footer {
    font-style: italic;
    font-size: small;
    text-align: right;
    padding: 1em;
}

.testsuite {
    padding-bottom: 2em;
    margin-left: 1em;
}

.proplist {
    width: 100%;
    margin-bottom: 2em;
    border-collapse: collapse;
    border: 1px solid grey;
}

.proplist th {
    background-color: silver;
    width: 5em;
    padding: 2px;
    padding-right: 1em;
    text-align: left;
}

.proplist td {
    padding: 2px;
}

.index-table {
    width: 90%;
    margin-left: 1em;
}

.index-table td {
    vertical-align: top;
    max-width: 200px;
    word-wrap: break-word;
}

.failure-index {

}

.toc {
    margin-bottom: 2em;
    font-family: monospace;
}

.stdio, pre {
    min-height: 1em;
    background-color: #1e1e1e;
    color: silver;
    padding: 0.5em;
}
.tdpre {
    background-color: #1e1e1e;
}

.test {
    margin-left: 0.5cm;
}

.outcome {
    border-left: 1em;
    padding: 2px;
}

.outcome-failed {
    border-left: 1em solid lightcoral;
}

.outcome-passed {
    border-left: 1em solid lightgreen;
}

.outcome-skipped {
    border-left: 1em dotted silver;
}

.stats-table {
}

.stats-table td {
    min-width: 4em;
    text-align: right;
}

.stats-table .failed {
    background-color: lightcoral;
}

.stats-table .passed {
    background-color: lightgreen;
}

.matrix-table {
    table-layout: fixed;
    border-spacing: 0;
    width: available;
    margin-left: 1em;
}

.matrix-table td {
    vertical-align: center;
}

.matrix-table td:last-child {
    width: 0;
}

.matrix-table tr:hover {
    background-color: yellow;
}

.matrix-axis-name {
    white-space: nowrap;
    padding-right: 0.5em;
    border-left: 1px solid black;
    border-top: 1px solid black;
    text-align: right;
}

.matrix-axis-line {
    border-left: 1px solid black;
    width: 0.5em;
}

.matrix-classname {
    text-align: left;
    width: 100%;
    border-top: 2px solid grey;
    border-bottom: 1px solid silver;
}

.matrix-casename {
    text-align: left;
    font-weight: normal;
    font-style: italic;
    padding-left: 1em;
    border-bottom: 1px solid silver;
}

.matrix-result {
    display: block;
    width: 1em;
    text-align: center;
    padding: 1mm;
    margin: 0;
}

.matrix-result-combined {
    white-space: nowrap;
    padding-right: 0.2em;
    text-align: right;
}

.matrix-result-failed {
    background-color: lightcoral;
}

.matrix-result-passed {
    background-color: lightgreen;
}

.matrix-result-skipped {
    background-color: lightyellow;
}

.matrix-even {
    background-color: lightgray;
}
    </style>
</head>
<body>
    
<h1>
    Test Report : png_biblioteca-pytest.xml
</h1>
<a id="toc"></a>
<table class="index-table">
    <tr>
        <td>
            <ul class="toc">
            
                
                <li>test_minimal_requirements.TestRNF1
                <ul>
                    
                    <li><a href="#3a5f6c9b-332e-45f6-9398-c85d973cb3e9">test_app_tiene_al_menos_4_modelos</a></li>
                    
                    <li><a href="#5d80072b-3847-43f3-bc2c-f20d13bf26b3">test_modelos_en_ficheros_individuales</a></li>
                    
                </ul>
                </li>
                
                <li>test_minimal_requirements.TestRNF2
                <ul>
                    
                    <li><a href="#083e3cda-ba89-49b6-a4da-309ec7c809e0">test_relacion_many2many</a></li>
                    
                    <li><a href="#82af82bd-9ed3-4ec1-a97b-036b94ea9416">test_modelos_tienen_algun_campo_relacion[one2many]</a></li>
                    
                    <li><a href="#7cab0f6e-99bc-4d99-80ba-e1bde6f26fbf">test_modelos_tienen_algun_campo_relacion[many2one]</a></li>
                    
                    <li><a href="#9ed2c841-be72-4a28-96fa-987e8e2864fa">test_unknown_comodel_name</a></li>
                    
                </ul>
                </li>
                
                <li>test_minimal_requirements.TestRNF3
                <ul>
                    
                    <li><a href="#fc42055b-f3a9-4439-a475-699c389a1472">test_modelos_tienen_vista[tree]</a></li>
                    
                    <li><a href="#369c2f57-8e07-4567-a550-97c7215fba92">test_modelos_tienen_vista[form]</a></li>
                    
                    <li><a href="#36fb99ab-d11c-4faa-be43-971b4b783751">test_formularios_tienen_vista_anidada_para_campos_X2many[one2many]</a></li>
                    
                    <li><a href="#ebe8aa41-1452-4a1b-a1f9-26ff6a2bda45">test_formularios_tienen_vista_anidada_para_campos_X2many[many2many]</a></li>
                    
                </ul>
                </li>
                
                <li>test_minimal_requirements.TestRNF4
                <ul>
                    
                    <li><a href="#12963820-c5f3-43ef-a3ab-6e62ea255de6">test_vistas_en_ficheros_individuales</a></li>
                    
                </ul>
                </li>
                
                <li>test_minimal_requirements.TestRNF5
                <ul>
                    
                    <li><a href="#a3209be4-1986-4fd4-ab53-20ea0ec3fb49">test_modelos_tienen_algun_posible_campo_imagen</a></li>
                    
                    <li><a href="#88bc87bd-2a1a-452e-9065-5d0b7cddc20b">test_alguna_vista_tiene_campo_imagen</a></li>
                    
                </ul>
                </li>
                
                <li>test_minimal_requirements.TestRNF6
                <ul>
                    
                    <li><a href="#0891b4b9-e35b-48a5-9c57-6138d4b28460">test_modelos_tienen_acciones</a></li>
                    
                    <li><a href="#23d4cc05-4884-40af-871f-6b224b922e1c">test_hay_elementos_de_menu[.//menuitem[@action]]</a></li>
                    
                </ul>
                </li>
                
                <li>test_minimal_requirements.TestRNF7
                <ul>
                    
                    <li><a href="#36b528da-6d0a-46ed-a12a-f078a05be575">test_modelos_tienen_permisos</a></li>
                    
                </ul>
                </li>
                
                <li>test_minimal_requirements.TestRNF8
                <ul>
                    
                    <li><a href="#eee4f454-1066-4bb3-bb24-3d633ed41e8a">test_app_tiene_icono</a></li>
                    
                </ul>
                </li>
                
                <li>test_minimal_requirements.TestRNF9
                <ul>
                    
                    <li><a href="#3a2a217f-4f65-443e-bb1f-609b21e78610">test_modelos_tienen_datos_demo</a></li>
                    
                </ul>
                </li>
                
                <li>test_minimal_requirements.TestRNFGit
                <ul>
                    
                    <li><a href="#48a7431c-66c2-4e7b-a696-d91da64608e9">test_git_commit_frecuentes</a></li>
                    
                </ul>
                </li>
                
                <li>test_minimal_requirements.TestRNFCalidad
                <ul>
                    
                    <li><a href="#5dce53e8-a255-49ad-b7e0-1304b314eada">test_odoo_disponible</a></li>
                    
                    <li><a href="#3845a221-37bf-4815-a4e7-b12d9adfada0">test_app_instalada</a></li>
                    
                    <li><a href="#0f9cac61-6e91-48c8-b9cd-31a6794e1966">test_otras_apps_entregadas_son_dependencias</a></li>
                    
                    <li><a href="#59031e3f-3581-441b-ba11-025172f25741">test_no_hay_elementos_xml_comentados</a></li>
                    
                    <li><a href="#a5359aff-f4d7-41b3-bf23-6a9736b01989">test_no_hay_codigo_python_comentado</a></li>
                    
                    <li><a href="#a1684bba-bb8e-43de-84ad-22c2fd311129">test_log_servidor_sin_errores</a></li>
                    
                </ul>
                </li>
                
                <li>test_minimal_requirements.TestOtros
                <ul>
                    
                    <li><a href="#d79d08db-6e36-4b69-ae50-528d92a5394f">test_log_sin_warnings</a>[s]</li>
                    
                </ul>
                </li>
                
                <li>test_minimal_requirements.TestRNFAdicionalesKanban
                <ul>
                    
                    <li><a href="#1a6c650f-bd86-4522-b703-490e8fe16adf">test_vista_kanban[/kanban]</a></li>
                    
                    <li><a href="#d74ca4a3-f007-4cfa-9744-bef9349e9232">test_vista_kanban[/kanban[@default_group_by]]</a></li>
                    
                    <li><a href="#fbb8fd78-f48f-4c0a-9d33-14e50f999006">test_vista_kanban_imagen[/img]</a></li>
                    
                    <li><a href="#00e2540c-2b0d-451a-a586-6381fa2598df">test_vista_kanban_imagen[/field[@preview_image]]</a>[s]</li>
                    
                    <li><a href="#6ba3c237-7ee2-4072-9b78-17b351d2cb2e">test_vista_kanban_imagen[/field[@widget=&#34;image&#34;]]</a></li>
                    
                </ul>
                </li>
                
                <li>test_minimal_requirements.TestRNFAdicionalesBusqueda
                <ul>
                    
                    <li><a href="#c70bf43a-2440-45db-a66e-a0d1f46771ed">test_vista_search[/search]</a></li>
                    
                    <li><a href="#36365a1e-1737-49ee-a71c-63b8c4d0ffdd">test_vista_search_compleja[/filter[@domain]]</a></li>
                    
                    <li><a href="#f1d2d305-e7cd-46e3-90f1-1b7ecb6548ae">test_vista_search_compleja[/group//filter[@context]]</a></li>
                    
                </ul>
                </li>
                
                <li>test_minimal_requirements.TestRNFAdicionalesOtrasVistas
                <ul>
                    
                    <li><a href="#2fa22173-97b6-49b4-85ac-a50c56fd25cc">test_otras_vistas_adicionales[activity]</a>[s]</li>
                    
                    <li><a href="#753922ea-aaf0-42b9-bbdb-738b14d2dd8d">test_otras_vistas_adicionales[calendar]</a>[s]</li>
                    
                    <li><a href="#be87737e-94e9-4c98-b815-f1d853f605dd">test_otras_vistas_adicionales[graph]</a></li>
                    
                    <li><a href="#44e99cb2-1355-497d-8a2f-bbbbc3fa3d8b">test_otras_vistas_adicionales[pivot]</a></li>
                    
                </ul>
                </li>
                
                <li>test_minimal_requirements.TestRNFAdicionalesConstraints
                <ul>
                    
                    <li><a href="#868183d9-46aa-4266-8e72-4fa8d3c5927b">test_constraints_sql</a></li>
                    
                </ul>
                </li>
                
                <li>test_minimal_requirements.TestRNFAdicionalesSeguridadAvanzada
                <ul>
                    
                    <li><a href="#2b3d2caa-274b-4049-ae1e-5589dea9b15e">test_seguridad_con_grupos_propios</a></li>
                    
                </ul>
                </li>
                
                <li>test_minimal_requirements.TestRNFAdicionalesDatosAvanzados
                <ul>
                    
                    <li><a href="#531cd5ec-a43f-4ed8-b2b9-4cbcb788d2d5">test_datos_maestros_o_demo_avanzados[binary]</a></li>
                    
                    <li><a href="#bf10635f-a810-4fd3-ba61-79a7cdb207e9">test_datos_maestros_o_demo_avanzados[many2many]</a>[s]</li>
                    
                    <li><a href="#27a03533-a9bb-4f94-af6f-d86f9b8eead0">test_datos_maestros_o_demo_avanzados[many2one]</a></li>
                    
                </ul>
                </li>
                
                <li>test_minimal_requirements.TestRNFAdicionalesHerenciaVistas
                <ul>
                    
                    <li><a href="#9453be71-013b-4bcc-a251-80119b15a94a">test_herencia_en_vistas_con_position</a>[s]</li>
                    
                    <li><a href="#97d4936a-7d93-4944-9101-91f17f12d49c">test_herencia_en_vistas_con_inherit_id</a>[s]</li>
                    
                </ul>
                </li>
                
                <li>test_minimal_requirements.TestRNFAdicionalesHerenciaModelos
                <ul>
                    
                    <li><a href="#f64038ea-502d-4dd8-99d8-2ab1b1a1392e">test_modelos_existentes_modificados_por_herencia</a>[s]</li>
                    
                    <li><a href="#efc1e8b6-3761-4a7f-8b98-2ca824d975c6">test_nuevos_modelos_con_herencia</a>[s]</li>
                    
                </ul>
                </li>
                
                <li>test_minimal_requirements.TestRNFAdicionalesTraducciones
                <ul>
                    
                    <li><a href="#4b63b509-5b24-4810-b1fb-c42512bbee11">test_i18n</a></li>
                    
                </ul>
                </li>
                
                <li>test_minimal_requirements.TestRNFAdicionalesInformes
                <ul>
                    
                    <li><a href="#2029b8d3-274f-4e4c-8bce-b15eefb541aa">test_informes[report]</a>[s]</li>
                    
                    <li><a href="#100e3ad2-5026-4940-9446-fb426ed47d39">test_informes[template]</a></li>
                    
                    <li><a href="#fbd0b2bb-aea4-4caa-93df-6a75bccf21b7">test_informes_complejos[/t[@t-foreach]]</a></li>
                    
                    <li><a href="#7c103306-235f-4c09-9154-4286a818ad5c">test_informes_complejos[/img[@t-att-src]]</a>[s]</li>
                    
                    <li><a href="#1e4f5eb2-f766-492d-a352-271a444562fc">test_informes_complejos[/t[@t-call and not(@t-call=&#34;web.external_layout&#34; or @t-call=&#34;web.html_container&#34;)]]</a>[s]</li>
                    
                </ul>
                </li>
                
                <li>test_minimal_requirements.TestRNFAdicionalesChatter
                <ul>
                    
                    <li><a href="#b3ff650b-de24-4207-9d3d-78034e4e87b0">test_chatter[mail_thread]</a></li>
                    
                    <li><a href="#da823c80-bf1c-4f49-8090-0f19bc4834c2">test_chatter[mail_activity_mixin]</a></li>
                    
                    <li><a href="#e2725354-3332-431c-ae57-2551cdbe8a67">test_chatter_tracking</a></li>
                    
                    <li><a href="#3a4802a7-4047-4842-a675-f2fb3cd174ac">test_vista_chatter_div</a></li>
                    
                    <li><a href="#080fa25c-82b4-4d3d-bffb-6dadec7ed72a">test_vista_chatter_fields[.//field[@name=&#34;message_follower_ids&#34;]]</a></li>
                    
                    <li><a href="#dec4fced-54c1-43e3-bbcd-3083e8165ff6">test_vista_chatter_fields[.//field[@name=&#34;activity_ids&#34;]]</a></li>
                    
                    <li><a href="#109387c1-a9fa-4012-8884-550e5bbc8968">test_vista_chatter_fields[.//field[@name=&#34;message_ids&#34;]]</a></li>
                    
                    <li><a href="#03cbc3a1-8a28-4c6b-93f4-0af507405d3a">test_vista_chatter_fields[.//field[@widget=&#34;mail_followers&#34;]]</a>[s]</li>
                    
                    <li><a href="#b66c7368-cb92-4460-a4ce-964b07c5d677">test_vista_chatter_fields[.//field[@widget=&#34;mail_thread&#34;]]</a>[s]</li>
                    
                    <li><a href="#1cea32c7-6d2d-4ef8-a37d-f75e41d31728">test_vista_chatter_fields[.//field[@widget=&#34;mail_activity&#34;]]</a>[s]</li>
                    
                </ul>
                </li>
                
            
            </ul>
        </td>
        <td class="failure-index">
            <ul class="toc">
            
                
                    
                    
                    
                    
                    <li><a href="#5d80072b-3847-43f3-bc2c-f20d13bf26b3">[F] test_minimal_requirements.TestRNF1 : test_modelos_en_ficheros_individuales</a></li>
                    
                    
                
                    
                    
                    <li><a href="#083e3cda-ba89-49b6-a4da-309ec7c809e0">[F] test_minimal_requirements.TestRNF2 : test_relacion_many2many</a></li>
                    
                    
                    
                    
                    
                    
                    
                    
                
                    
                    
                    <li><a href="#fc42055b-f3a9-4439-a475-699c389a1472">[F] test_minimal_requirements.TestRNF3 : test_modelos_tienen_vista[tree]</a></li>
                    
                    
                    
                    <li><a href="#369c2f57-8e07-4567-a550-97c7215fba92">[F] test_minimal_requirements.TestRNF3 : test_modelos_tienen_vista[form]</a></li>
                    
                    
                    
                    
                    
                    
                
                    
                    
                    <li><a href="#12963820-c5f3-43ef-a3ab-6e62ea255de6">[F] test_minimal_requirements.TestRNF4 : test_vistas_en_ficheros_individuales</a></li>
                    
                    
                
                    
                    
                    
                    
                    
                
                    
                    
                    <li><a href="#0891b4b9-e35b-48a5-9c57-6138d4b28460">[F] test_minimal_requirements.TestRNF6 : test_modelos_tienen_acciones</a></li>
                    
                    
                    
                    
                
                    
                    
                    <li><a href="#36b528da-6d0a-46ed-a12a-f078a05be575">[F] test_minimal_requirements.TestRNF7 : test_modelos_tienen_permisos</a></li>
                    
                    
                
                    
                    
                    
                
                    
                    
                    <li><a href="#3a2a217f-4f65-443e-bb1f-609b21e78610">[F] test_minimal_requirements.TestRNF9 : test_modelos_tienen_datos_demo</a></li>
                    
                    
                
                    
                    
                    <li><a href="#48a7431c-66c2-4e7b-a696-d91da64608e9">[F] test_minimal_requirements.TestRNFGit : test_git_commit_frecuentes</a></li>
                    
                    
                
                    
                    
                    
                    
                    
                    
                    
                    
                    
                    
                    
                    
                    
                
                    
                    
                    
                
                    
                    
                    
                    
                    
                    
                    
                    
                    
                    
                    
                
                    
                    
                    
                    
                    
                    
                    
                
                    
                    
                    
                    
                    
                    
                    
                    
                    
                
                    
                    
                    
                
                    
                    
                    
                
                    
                    
                    
                    
                    
                    
                    
                
                    
                    
                    
                    
                    
                
                    
                    
                    
                    
                    
                
                    
                    
                    
                
                    
                    
                    
                    
                    
                    
                    
                    
                    
                    
                    
                
                    
                    
                    
                    
                    
                    
                    
                    
                    
                    
                    
                    
                    
                    
                    
                    
                    
                    
                    
                    
                    
                
            
            </ul>
        </td>
    </tr>
</table>


    <div class="testsuite">
        <h2>Test Suite: pytest</h2>
        <a id="8ba24684-b6fe-480a-9e0b-9251dff3a96f"></a>
        
        
        <h3>Results</h3>
        <table class="proplist">
            <tr>
                <th>Duration</th><td>35.425 sec</td>
            </tr>
            <tr>
                <th>Tests</th><td>63</td>
            </tr>
            <tr>
                <th>Failures</th><td>9</td>
            </tr>
        </table>

        <div class="testclasses">
            <h3>Tests</h3>
            
            <div class="testclass">
                <h4>test_minimal_requirements.TestRNF1</h4>
                <div class="testcases">
                
                    <div class="test outcome outcome-passed">
                        <a id="3a5f6c9b-332e-45f6-9398-c85d973cb3e9"></a>
                        <table class="proplist">
                            <tr><th>Test case:</th><td><b>test_app_tiene_al_menos_4_modelos</b></td></tr>
                            <tr><th>Outcome:</th><td>Passed</td></tr>
                            <tr><th>Duration:</th><td>30.851 sec</td></tr>
                        
                        
                        </table>

                        
                        

                        
                        
                        
                    </div>
                
                    <div class="test outcome outcome-failed">
                        <a id="5d80072b-3847-43f3-bc2c-f20d13bf26b3"></a>
                        <table class="proplist">
                            <tr><th>Test case:</th><td><b>test_modelos_en_ficheros_individuales</b></td></tr>
                            <tr><th>Outcome:</th><td>Failed</td></tr>
                            <tr><th>Duration:</th><td>0.001 sec</td></tr>
                        
                            <tr><th>Failed</th><td>AssertionError: No coinciden el número de modelos de datos de la aplicación con el número de ficheros Python en el paquete models - Al menos **4 clases**, implementadas en ficheros diferentes.
assert (7 + 0) == 4
 +  where 7 = len([&#39;png_biblioteca.book&#39;, &#39;png_biblioteca.loan&#39;, &#39;png_biblioteca.user&#39;, &#39;png_biblioteca.book.search.wizard&#39;, &#39;png_biblioteca.loan.job&#39;, &#39;png_biblioteca.category&#39;, ...])
 +    where [&#39;png_biblioteca.book&#39;, &#39;png_biblioteca.loan&#39;, &#39;png_biblioteca.user&#39;, &#39;png_biblioteca.book.search.wizard&#39;, &#39;png_biblioteca.loan.job&#39;, &#39;png_biblioteca.category&#39;, ...] = &lt;test_minimal_requirements.SystemUnderTest object at 0x782185833c20&gt;.basename_app_models
 +  and   0 = len([])
 +    where [] = &lt;test_minimal_requirements.SystemUnderTest object at 0x782185833c20&gt;.basename_app_extended_existing_models
 +  and   4 = len([&#39;loan.py&#39;, &#39;category.py&#39;, &#39;book.py&#39;, &#39;user.py&#39;])
 +    where [&#39;loan.py&#39;, &#39;category.py&#39;, &#39;book.py&#39;, &#39;user.py&#39;] = &lt;test_minimal_requirements.SystemUnderTest object at 0x782185833c20&gt;.basename_model_files</td></tr>
                        
                        
                        </table>

                        
                        <pre>self = &lt;test_minimal_requirements.TestRNF1 object at 0x7821857e64e0&gt;, sut = &lt;test_minimal_requirements.SystemUnderTest object at 0x782185833c20&gt;

    def test_modelos_en_ficheros_individuales(self, sut):
&gt;       assert (len(sut.basename_app_models) + len(sut.basename_app_extended_existing_models)) == len(sut.basename_model_files), f&#34;No coinciden el número de modelos de datos de la aplicación con el número de ficheros Python en el paquete models - {self.__doc__}&#34;
E       AssertionError: No coinciden el número de modelos de datos de la aplicación con el número de ficheros Python en el paquete models - Al menos **4 clases**, implementadas en ficheros diferentes.
E       assert (7 + 0) == 4
E        +  where 7 = len([&#39;png_biblioteca.book&#39;, &#39;png_biblioteca.loan&#39;, &#39;png_biblioteca.user&#39;, &#39;png_biblioteca.book.search.wizard&#39;, &#39;png_biblioteca.loan.job&#39;, &#39;png_biblioteca.category&#39;, ...])
E        +    where [&#39;png_biblioteca.book&#39;, &#39;png_biblioteca.loan&#39;, &#39;png_biblioteca.user&#39;, &#39;png_biblioteca.book.search.wizard&#39;, &#39;png_biblioteca.loan.job&#39;, &#39;png_biblioteca.category&#39;, ...] = &lt;test_minimal_requirements.SystemUnderTest object at 0x782185833c20&gt;.basename_app_models
E        +  and   0 = len([])
E        +    where [] = &lt;test_minimal_requirements.SystemUnderTest object at 0x782185833c20&gt;.basename_app_extended_existing_models
E        +  and   4 = len([&#39;loan.py&#39;, &#39;category.py&#39;, &#39;book.py&#39;, &#39;user.py&#39;])
E        +    where [&#39;loan.py&#39;, &#39;category.py&#39;, &#39;book.py&#39;, &#39;user.py&#39;] = &lt;test_minimal_requirements.SystemUnderTest object at 0x782185833c20&gt;.basename_model_files

test_minimal_requirements.py:253: AssertionError</pre>
                        
                        

                        
                        
                        
                    </div>
                
                </div>
            </div>
            
            <div class="testclass">
                <h4>test_minimal_requirements.TestRNF2</h4>
                <div class="testcases">
                
                    <div class="test outcome outcome-failed">
                        <a id="083e3cda-ba89-49b6-a4da-309ec7c809e0"></a>
                        <table class="proplist">
                            <tr><th>Test case:</th><td><b>test_relacion_many2many</b></td></tr>
                            <tr><th>Outcome:</th><td>Failed</td></tr>
                            <tr><th>Duration:</th><td>0.021 sec</td></tr>
                        
                            <tr><th>Failed</th><td>AssertionError: Diferentes tipos de campos simples y relacionales (_one2many_, _many2one_ y _many2many_).
      En tu proyecto se debe implementar **al menos uno de cada tipo**.
assert 0 &gt;= 1
 +  where 0 = len([])
 +  and   1 = &lt;test_minimal_requirements.TestRNF2 object at 0x7821857e65a0&gt;.MIN</td></tr>
                        
                        
                        </table>

                        
                        <pre>self = &lt;test_minimal_requirements.TestRNF2 object at 0x7821857e65a0&gt;, sut = &lt;test_minimal_requirements.SystemUnderTest object at 0x782185833c20&gt;

    def test_relacion_many2many(self, sut):
            app_id = sut.execute_kw(&#39;ir.module.module&#39;, &#39;search&#39;, [[(&#39;name&#39;, &#39;=&#39;, sut.app_prefix)]]).pop()
            ids = sut.execute_kw(&#39;ir.model.relation&#39;, &#39;search&#39;, [[(&#39;module&#39;, &#39;=&#39;, app_id)]])
            app_many2many_rels = sut.execute_kw(&#39;ir.model.relation&#39;, &#39;read&#39;, [ids], {&#39;fields&#39;: [&#39;name&#39;, &#39;model&#39;, &#39;module&#39;, &#39;display_name&#39;]})
&gt;           assert len(app_many2many_rels) &gt;= self.MIN, self.__doc__
E           AssertionError: Diferentes tipos de campos simples y relacionales (_one2many_, _many2one_ y _many2many_).
E                 En tu proyecto se debe implementar **al menos uno de cada tipo**.
E           assert 0 &gt;= 1
E            +  where 0 = len([])
E            +  and   1 = &lt;test_minimal_requirements.TestRNF2 object at 0x7821857e65a0&gt;.MIN

test_minimal_requirements.py:267: AssertionError</pre>
                        
                        

                        
                        
                        
                    </div>
                
                    <div class="test outcome outcome-passed">
                        <a id="82af82bd-9ed3-4ec1-a97b-036b94ea9416"></a>
                        <table class="proplist">
                            <tr><th>Test case:</th><td><b>test_modelos_tienen_algun_campo_relacion[one2many]</b></td></tr>
                            <tr><th>Outcome:</th><td>Passed</td></tr>
                            <tr><th>Duration:</th><td>0.085 sec</td></tr>
                        
                        
                        </table>

                        
                        

                        
                        
                        
                    </div>
                
                    <div class="test outcome outcome-passed">
                        <a id="7cab0f6e-99bc-4d99-80ba-e1bde6f26fbf"></a>
                        <table class="proplist">
                            <tr><th>Test case:</th><td><b>test_modelos_tienen_algun_campo_relacion[many2one]</b></td></tr>
                            <tr><th>Outcome:</th><td>Passed</td></tr>
                            <tr><th>Duration:</th><td>0.092 sec</td></tr>
                        
                        
                        </table>

                        
                        

                        
                        
                        
                    </div>
                
                    <div class="test outcome outcome-passed">
                        <a id="9ed2c841-be72-4a28-96fa-987e8e2864fa"></a>
                        <table class="proplist">
                            <tr><th>Test case:</th><td><b>test_unknown_comodel_name</b></td></tr>
                            <tr><th>Outcome:</th><td>Passed</td></tr>
                            <tr><th>Duration:</th><td>0.001 sec</td></tr>
                        
                        
                        </table>

                        
                        

                        
                        
                        
                    </div>
                
                </div>
            </div>
            
            <div class="testclass">
                <h4>test_minimal_requirements.TestRNF3</h4>
                <div class="testcases">
                
                    <div class="test outcome outcome-failed">
                        <a id="fc42055b-f3a9-4439-a475-699c389a1472"></a>
                        <table class="proplist">
                            <tr><th>Test case:</th><td><b>test_modelos_tienen_vista[tree]</b></td></tr>
                            <tr><th>Outcome:</th><td>Failed</td></tr>
                            <tr><th>Duration:</th><td>0.044 sec</td></tr>
                        
                            <tr><th>Failed</th><td>AssertionError: No coinciden el número de modelos de datos de la aplicación con el número de vistas tree - Vistas **Form** y **Tree** específicas para cada clase. 
      Todos los &lt;u&gt;formularios deberán incluir un elemento anidado Tree (u opcionalmente Kanban)&lt;/u&gt;
      si el modelo del formulario puede tener relación con múltiples objetos de otro modelo.
assert 7 == 4
 +  where 7 = len([&#39;png_biblioteca.book&#39;, &#39;png_biblioteca.loan&#39;, &#39;png_biblioteca.user&#39;, &#39;png_biblioteca.book.search.wizard&#39;, &#39;png_biblioteca.loan.job&#39;, &#39;png_biblioteca.category&#39;, ...])
 +    where [&#39;png_biblioteca.book&#39;, &#39;png_biblioteca.loan&#39;, &#39;png_biblioteca.user&#39;, &#39;png_biblioteca.book.search.wizard&#39;, &#39;png_biblioteca.loan.job&#39;, &#39;png_biblioteca.category&#39;, ...] = &lt;test_minimal_requirements.SystemUnderTest object at 0x782185833c20&gt;.basename_app_models
 +  and   4 = &lt;bound method SystemUnderTest.modelos_tienen_vista of &lt;test_minimal_requirements.SystemUnderTest object at 0x782185833c20&gt;&gt;(&#39;tree&#39;)
 +    where &lt;bound method SystemUnderTest.modelos_tienen_vista of &lt;test_minimal_requirements.SystemUnderTest object at 0x782185833c20&gt;&gt; = &lt;test_minimal_requirements.SystemUnderTest object at 0x782185833c20&gt;.modelos_tienen_vista</td></tr>
                        
                        
                        </table>

                        
                        <pre>self = &lt;test_minimal_requirements.TestRNF3 object at 0x7821857e75c0&gt;, sut = &lt;test_minimal_requirements.SystemUnderTest object at 0x782185833c20&gt;, view_type = &#39;tree&#39;

    @pytest.mark.parametrize(&#34;view_type&#34;, [&#39;tree&#39;, &#39;form&#39;])
    def test_modelos_tienen_vista(self, sut, view_type):
&gt;       assert len(sut.basename_app_models) == sut.modelos_tienen_vista(view_type) , f&#34;No coinciden el número de modelos de datos de la aplicación con el número de vistas {view_type} - {self.__doc__}&#34;
E       AssertionError: No coinciden el número de modelos de datos de la aplicación con el número de vistas tree - Vistas **Form** y **Tree** específicas para cada clase. 
E             Todos los &lt;u&gt;formularios deberán incluir un elemento anidado Tree (u opcionalmente Kanban)&lt;/u&gt;
E             si el modelo del formulario puede tener relación con múltiples objetos de otro modelo.
E       assert 7 == 4
E        +  where 7 = len([&#39;png_biblioteca.book&#39;, &#39;png_biblioteca.loan&#39;, &#39;png_biblioteca.user&#39;, &#39;png_biblioteca.book.search.wizard&#39;, &#39;png_biblioteca.loan.job&#39;, &#39;png_biblioteca.category&#39;, ...])
E        +    where [&#39;png_biblioteca.book&#39;, &#39;png_biblioteca.loan&#39;, &#39;png_biblioteca.user&#39;, &#39;png_biblioteca.book.search.wizard&#39;, &#39;png_biblioteca.loan.job&#39;, &#39;png_biblioteca.category&#39;, ...] = &lt;test_minimal_requirements.SystemUnderTest object at 0x782185833c20&gt;.basename_app_models
E        +  and   4 = &lt;bound method SystemUnderTest.modelos_tienen_vista of &lt;test_minimal_requirements.SystemUnderTest object at 0x782185833c20&gt;&gt;(&#39;tree&#39;)
E        +    where &lt;bound method SystemUnderTest.modelos_tienen_vista of &lt;test_minimal_requirements.SystemUnderTest object at 0x782185833c20&gt;&gt; = &lt;test_minimal_requirements.SystemUnderTest object at 0x782185833c20&gt;.modelos_tienen_vista

test_minimal_requirements.py:287: AssertionError</pre>
                        
                        

                        
                        
                        
                    </div>
                
                    <div class="test outcome outcome-failed">
                        <a id="369c2f57-8e07-4567-a550-97c7215fba92"></a>
                        <table class="proplist">
                            <tr><th>Test case:</th><td><b>test_modelos_tienen_vista[form]</b></td></tr>
                            <tr><th>Outcome:</th><td>Failed</td></tr>
                            <tr><th>Duration:</th><td>0.043 sec</td></tr>
                        
                            <tr><th>Failed</th><td>AssertionError: No coinciden el número de modelos de datos de la aplicación con el número de vistas form - Vistas **Form** y **Tree** específicas para cada clase. 
      Todos los &lt;u&gt;formularios deberán incluir un elemento anidado Tree (u opcionalmente Kanban)&lt;/u&gt;
      si el modelo del formulario puede tener relación con múltiples objetos de otro modelo.
assert 7 == 5
 +  where 7 = len([&#39;png_biblioteca.book&#39;, &#39;png_biblioteca.loan&#39;, &#39;png_biblioteca.user&#39;, &#39;png_biblioteca.book.search.wizard&#39;, &#39;png_biblioteca.loan.job&#39;, &#39;png_biblioteca.category&#39;, ...])
 +    where [&#39;png_biblioteca.book&#39;, &#39;png_biblioteca.loan&#39;, &#39;png_biblioteca.user&#39;, &#39;png_biblioteca.book.search.wizard&#39;, &#39;png_biblioteca.loan.job&#39;, &#39;png_biblioteca.category&#39;, ...] = &lt;test_minimal_requirements.SystemUnderTest object at 0x782185833c20&gt;.basename_app_models
 +  and   5 = &lt;bound method SystemUnderTest.modelos_tienen_vista of &lt;test_minimal_requirements.SystemUnderTest object at 0x782185833c20&gt;&gt;(&#39;form&#39;)
 +    where &lt;bound method SystemUnderTest.modelos_tienen_vista of &lt;test_minimal_requirements.SystemUnderTest object at 0x782185833c20&gt;&gt; = &lt;test_minimal_requirements.SystemUnderTest object at 0x782185833c20&gt;.modelos_tienen_vista</td></tr>
                        
                        
                        </table>

                        
                        <pre>self = &lt;test_minimal_requirements.TestRNF3 object at 0x7821857e76b0&gt;, sut = &lt;test_minimal_requirements.SystemUnderTest object at 0x782185833c20&gt;, view_type = &#39;form&#39;

    @pytest.mark.parametrize(&#34;view_type&#34;, [&#39;tree&#39;, &#39;form&#39;])
    def test_modelos_tienen_vista(self, sut, view_type):
&gt;       assert len(sut.basename_app_models) == sut.modelos_tienen_vista(view_type) , f&#34;No coinciden el número de modelos de datos de la aplicación con el número de vistas {view_type} - {self.__doc__}&#34;
E       AssertionError: No coinciden el número de modelos de datos de la aplicación con el número de vistas form - Vistas **Form** y **Tree** específicas para cada clase. 
E             Todos los &lt;u&gt;formularios deberán incluir un elemento anidado Tree (u opcionalmente Kanban)&lt;/u&gt;
E             si el modelo del formulario puede tener relación con múltiples objetos de otro modelo.
E       assert 7 == 5
E        +  where 7 = len([&#39;png_biblioteca.book&#39;, &#39;png_biblioteca.loan&#39;, &#39;png_biblioteca.user&#39;, &#39;png_biblioteca.book.search.wizard&#39;, &#39;png_biblioteca.loan.job&#39;, &#39;png_biblioteca.category&#39;, ...])
E        +    where [&#39;png_biblioteca.book&#39;, &#39;png_biblioteca.loan&#39;, &#39;png_biblioteca.user&#39;, &#39;png_biblioteca.book.search.wizard&#39;, &#39;png_biblioteca.loan.job&#39;, &#39;png_biblioteca.category&#39;, ...] = &lt;test_minimal_requirements.SystemUnderTest object at 0x782185833c20&gt;.basename_app_models
E        +  and   5 = &lt;bound method SystemUnderTest.modelos_tienen_vista of &lt;test_minimal_requirements.SystemUnderTest object at 0x782185833c20&gt;&gt;(&#39;form&#39;)
E        +    where &lt;bound method SystemUnderTest.modelos_tienen_vista of &lt;test_minimal_requirements.SystemUnderTest object at 0x782185833c20&gt;&gt; = &lt;test_minimal_requirements.SystemUnderTest object at 0x782185833c20&gt;.modelos_tienen_vista

test_minimal_requirements.py:287: AssertionError</pre>
                        
                        

                        
                        
                        
                    </div>
                
                    <div class="test outcome outcome-passed">
                        <a id="36fb99ab-d11c-4faa-be43-971b4b783751"></a>
                        <table class="proplist">
                            <tr><th>Test case:</th><td><b>test_formularios_tienen_vista_anidada_para_campos_X2many[one2many]</b></td></tr>
                            <tr><th>Outcome:</th><td>Passed</td></tr>
                            <tr><th>Duration:</th><td>0.089 sec</td></tr>
                        
                        
                        </table>

                        
                        

                        
                        
                        
                    </div>
                
                    <div class="test outcome outcome-passed">
                        <a id="ebe8aa41-1452-4a1b-a1f9-26ff6a2bda45"></a>
                        <table class="proplist">
                            <tr><th>Test case:</th><td><b>test_formularios_tienen_vista_anidada_para_campos_X2many[many2many]</b></td></tr>
                            <tr><th>Outcome:</th><td>Passed</td></tr>
                            <tr><th>Duration:</th><td>0.082 sec</td></tr>
                        
                        
                        </table>

                        
                        

                        
                        
                        
                    </div>
                
                </div>
            </div>
            
            <div class="testclass">
                <h4>test_minimal_requirements.TestRNF4</h4>
                <div class="testcases">
                
                    <div class="test outcome outcome-failed">
                        <a id="12963820-c5f3-43ef-a3ab-6e62ea255de6"></a>
                        <table class="proplist">
                            <tr><th>Test case:</th><td><b>test_vistas_en_ficheros_individuales</b></td></tr>
                            <tr><th>Outcome:</th><td>Failed</td></tr>
                            <tr><th>Duration:</th><td>0.001 sec</td></tr>
                        
                            <tr><th>Failed</th><td>AssertionError: No coinciden el número de modelos de datos de la aplicación con el número de ficheros XML en views - Los campos definidos en las clases deberán ser utilizados en alguna de sus vistas. 
      Se espera al menos un fichero xml para las vistas de cada clase.
assert 6 &gt;= 7
 +  where 6 = len([&#39;menus.xml&#39;, &#39;book_views.xml&#39;, &#39;loan_views.xml&#39;, &#39;wizard_views.xml&#39;, &#39;category_views.xml&#39;, &#39;user_views.xml&#39;])
 +    where [&#39;menus.xml&#39;, &#39;book_views.xml&#39;, &#39;loan_views.xml&#39;, &#39;wizard_views.xml&#39;, &#39;category_views.xml&#39;, &#39;user_views.xml&#39;] = &lt;test_minimal_requirements.SystemUnderTest object at 0x782185833c20&gt;.basename_view_files
 +  and   7 = len([&#39;png_biblioteca.book&#39;, &#39;png_biblioteca.loan&#39;, &#39;png_biblioteca.user&#39;, &#39;png_biblioteca.book.search.wizard&#39;, &#39;png_biblioteca.loan.job&#39;, &#39;png_biblioteca.category&#39;, ...])
 +    where [&#39;png_biblioteca.book&#39;, &#39;png_biblioteca.loan&#39;, &#39;png_biblioteca.user&#39;, &#39;png_biblioteca.book.search.wizard&#39;, &#39;png_biblioteca.loan.job&#39;, &#39;png_biblioteca.category&#39;, ...] = &lt;test_minimal_requirements.SystemUnderTest object at 0x782185833c20&gt;.basename_app_models</td></tr>
                        
                        
                        </table>

                        
                        <pre>self = &lt;test_minimal_requirements.TestRNF4 object at 0x7821857e7170&gt;, sut = &lt;test_minimal_requirements.SystemUnderTest object at 0x782185833c20&gt;

    def test_vistas_en_ficheros_individuales(self, sut):
&gt;       assert len(sut.basename_view_files) &gt;= len(sut.basename_app_models), f&#34;No coinciden el número de modelos de datos de la aplicación con el número de ficheros XML en views - {self.__doc__}&#34;
E       AssertionError: No coinciden el número de modelos de datos de la aplicación con el número de ficheros XML en views - Los campos definidos en las clases deberán ser utilizados en alguna de sus vistas. 
E             Se espera al menos un fichero xml para las vistas de cada clase.
E       assert 6 &gt;= 7
E        +  where 6 = len([&#39;menus.xml&#39;, &#39;book_views.xml&#39;, &#39;loan_views.xml&#39;, &#39;wizard_views.xml&#39;, &#39;category_views.xml&#39;, &#39;user_views.xml&#39;])
E        +    where [&#39;menus.xml&#39;, &#39;book_views.xml&#39;, &#39;loan_views.xml&#39;, &#39;wizard_views.xml&#39;, &#39;category_views.xml&#39;, &#39;user_views.xml&#39;] = &lt;test_minimal_requirements.SystemUnderTest object at 0x782185833c20&gt;.basename_view_files
E        +  and   7 = len([&#39;png_biblioteca.book&#39;, &#39;png_biblioteca.loan&#39;, &#39;png_biblioteca.user&#39;, &#39;png_biblioteca.book.search.wizard&#39;, &#39;png_biblioteca.loan.job&#39;, &#39;png_biblioteca.category&#39;, ...])
E        +    where [&#39;png_biblioteca.book&#39;, &#39;png_biblioteca.loan&#39;, &#39;png_biblioteca.user&#39;, &#39;png_biblioteca.book.search.wizard&#39;, &#39;png_biblioteca.loan.job&#39;, &#39;png_biblioteca.category&#39;, ...] = &lt;test_minimal_requirements.SystemUnderTest object at 0x782185833c20&gt;.basename_app_models

test_minimal_requirements.py:309: AssertionError</pre>
                        
                        

                        
                        
                        
                    </div>
                
                </div>
            </div>
            
            <div class="testclass">
                <h4>test_minimal_requirements.TestRNF5</h4>
                <div class="testcases">
                
                    <div class="test outcome outcome-passed">
                        <a id="a3209be4-1986-4fd4-ab53-20ea0ec3fb49"></a>
                        <table class="proplist">
                            <tr><th>Test case:</th><td><b>test_modelos_tienen_algun_posible_campo_imagen</b></td></tr>
                            <tr><th>Outcome:</th><td>Passed</td></tr>
                            <tr><th>Duration:</th><td>0.082 sec</td></tr>
                        
                        
                        </table>

                        
                        

                        
                        
                        
                    </div>
                
                    <div class="test outcome outcome-passed">
                        <a id="88bc87bd-2a1a-452e-9065-5d0b7cddc20b"></a>
                        <table class="proplist">
                            <tr><th>Test case:</th><td><b>test_alguna_vista_tiene_campo_imagen</b></td></tr>
                            <tr><th>Outcome:</th><td>Passed</td></tr>
                            <tr><th>Duration:</th><td>0.082 sec</td></tr>
                        
                        
                        </table>

                        
                        

                        
                        
                        
                    </div>
                
                </div>
            </div>
            
            <div class="testclass">
                <h4>test_minimal_requirements.TestRNF6</h4>
                <div class="testcases">
                
                    <div class="test outcome outcome-failed">
                        <a id="0891b4b9-e35b-48a5-9c57-6138d4b28460"></a>
                        <table class="proplist">
                            <tr><th>Test case:</th><td><b>test_modelos_tienen_acciones</b></td></tr>
                            <tr><th>Outcome:</th><td>Failed</td></tr>
                            <tr><th>Duration:</th><td>0.032 sec</td></tr>
                        
                            <tr><th>Failed</th><td>AssertionError: No hay acción de ventana definida para el modelo png_biblioteca.loan.job - **Menús**, **submenús** (opcionalmente) y **acciones**.
assert []
 +  where [] = &lt;bound method SystemUnderTest.execute_kw of &lt;test_minimal_requirements.SystemUnderTest object at 0x782185833c20&gt;&gt;(&#39;ir.actions.act_window&#39;, &#39;search&#39;, [[(&#39;res_model&#39;, &#39;=&#39;, &#39;png_biblioteca.loan.job&#39;)]])
 +    where &lt;bound method SystemUnderTest.execute_kw of &lt;test_minimal_requirements.SystemUnderTest object at 0x782185833c20&gt;&gt; = &lt;test_minimal_requirements.SystemUnderTest object at 0x782185833c20&gt;.execute_kw</td></tr>
                        
                        
                        </table>

                        
                        <pre>self = &lt;test_minimal_requirements.TestRNF6 object at 0x7821859d1640&gt;, sut = &lt;test_minimal_requirements.SystemUnderTest object at 0x782185833c20&gt;

    def test_modelos_tienen_acciones(self, sut):
        assert sut.basename_app_models
        for res_model in sut.basename_app_models:
&gt;           assert sut.execute_kw(&#39;ir.actions.act_window&#39;, &#39;search&#39;, [[(&#39;res_model&#39;, &#39;=&#39;, res_model)]]), f&#34;No hay acción de ventana definida para el modelo {res_model} - {self.__doc__}&#34;
E           AssertionError: No hay acción de ventana definida para el modelo png_biblioteca.loan.job - **Menús**, **submenús** (opcionalmente) y **acciones**.
E           assert []
E            +  where [] = &lt;bound method SystemUnderTest.execute_kw of &lt;test_minimal_requirements.SystemUnderTest object at 0x782185833c20&gt;&gt;(&#39;ir.actions.act_window&#39;, &#39;search&#39;, [[(&#39;res_model&#39;, &#39;=&#39;, &#39;png_biblioteca.loan.job&#39;)]])
E            +    where &lt;bound method SystemUnderTest.execute_kw of &lt;test_minimal_requirements.SystemUnderTest object at 0x782185833c20&gt;&gt; = &lt;test_minimal_requirements.SystemUnderTest object at 0x782185833c20&gt;.execute_kw

test_minimal_requirements.py:332: AssertionError</pre>
                        
                        

                        
                        
                        
                    </div>
                
                    <div class="test outcome outcome-passed">
                        <a id="23d4cc05-4884-40af-871f-6b224b922e1c"></a>
                        <table class="proplist">
                            <tr><th>Test case:</th><td><b>test_hay_elementos_de_menu[.//menuitem[@action]]</b></td></tr>
                            <tr><th>Outcome:</th><td>Passed</td></tr>
                            <tr><th>Duration:</th><td>0.003 sec</td></tr>
                        
                        
                        </table>

                        
                        

                        
                        
                        
                    </div>
                
                </div>
            </div>
            
            <div class="testclass">
                <h4>test_minimal_requirements.TestRNF7</h4>
                <div class="testcases">
                
                    <div class="test outcome outcome-failed">
                        <a id="36b528da-6d0a-46ed-a12a-f078a05be575"></a>
                        <table class="proplist">
                            <tr><th>Test case:</th><td><b>test_modelos_tienen_permisos</b></td></tr>
                            <tr><th>Outcome:</th><td>Failed</td></tr>
                            <tr><th>Duration:</th><td>0.035 sec</td></tr>
                        
                            <tr><th>Failed</th><td>AssertionError: No hay permisos de acceso para el modelo png_biblioteca.loan.job  - Se pide **Seguridad básica** para todos los modelos: permisos para el grupo de usuarios internos (CRUD parcial) y grupo de administradores (CRUD completo).
assert []</td></tr>
                        
                        
                        </table>

                        
                        <pre>self = &lt;test_minimal_requirements.TestRNF7 object at 0x782185824f50&gt;, sut = &lt;test_minimal_requirements.SystemUnderTest object at 0x782185833c20&gt;

    def test_modelos_tienen_permisos(self, sut):
        assert sut.app_models
        for app_model in sut.app_models:
            access_ids = app_model.get(&#39;access_ids&#39;, [])
&gt;           assert access_ids, f&#34;No hay permisos de acceso para el modelo {app_model.get(&#39;model&#39;)}  - Se pide **Seguridad básica** para todos los modelos: permisos para el grupo de usuarios internos (CRUD parcial) y grupo de administradores (CRUD completo).&#34;
E           AssertionError: No hay permisos de acceso para el modelo png_biblioteca.loan.job  - Se pide **Seguridad básica** para todos los modelos: permisos para el grupo de usuarios internos (CRUD parcial) y grupo de administradores (CRUD completo).
E           assert []

test_minimal_requirements.py:354: AssertionError</pre>
                        
                        

                        
                        
                        
                    </div>
                
                </div>
            </div>
            
            <div class="testclass">
                <h4>test_minimal_requirements.TestRNF8</h4>
                <div class="testcases">
                
                    <div class="test outcome outcome-passed">
                        <a id="eee4f454-1066-4bb3-bb24-3d633ed41e8a"></a>
                        <table class="proplist">
                            <tr><th>Test case:</th><td><b>test_app_tiene_icono</b></td></tr>
                            <tr><th>Outcome:</th><td>Passed</td></tr>
                            <tr><th>Duration:</th><td>0.019 sec</td></tr>
                        
                        
                        </table>

                        
                        

                        
                        
                        
                    </div>
                
                </div>
            </div>
            
            <div class="testclass">
                <h4>test_minimal_requirements.TestRNF9</h4>
                <div class="testcases">
                
                    <div class="test outcome outcome-failed">
                        <a id="3a2a217f-4f65-443e-bb1f-609b21e78610"></a>
                        <table class="proplist">
                            <tr><th>Test case:</th><td><b>test_modelos_tienen_datos_demo</b></td></tr>
                            <tr><th>Outcome:</th><td>Failed</td></tr>
                            <tr><th>Duration:</th><td>0.015 sec</td></tr>
                        
                            <tr><th>Failed</th><td>xmlrpc.client.Fault: &lt;Fault 4: &#34;You are not allowed to access &#39;Libro&#39; (png_biblioteca.book) records.\n\nThis operation is allowed for the following groups:\n\t- Biblioteca/Administrador de Biblioteca\n\t- Biblioteca/Bibliotecario\n\t- Biblioteca/Usuario de Biblioteca\n\nContact your administrator to request access if necessary.&#34;&gt;</td></tr>
                        
                        
                        </table>

                        
                        <pre>self = &lt;test_minimal_requirements.TestRNF9 object at 0x7821858257c0&gt;, sut = &lt;test_minimal_requirements.SystemUnderTest object at 0x782185833c20&gt;

    def test_modelos_tienen_datos_demo(self, sut):
        total_demo_records = 0
        demo_records_en_todos = sut.app_models != []
        assert sut.app_models, &#34;No hay modelos de datos&#34;
        for app_model in sut.app_models:
            model_name = app_model.get(&#39;model&#39;)
            print(model_name)
&gt;           demo_records = sut.execute_kw(model_name, &#39;search&#39;, [[]])

test_minimal_requirements.py:382: 
_ _ _ _ _ _ _ _ _ _ _ _ _ _ _ _ _ _ _ _ _ _ _ _ _ _ _ _ _ _ _ _ _ _ _ _ _ _ _ _ _ _ _ _ _ _ _ _ _ _ _ _ _ _ _ _ _ _ _ _ _ _ _ _ _ _ _ _ _ _ _ _ _ _ _ _ _ _ _ _ _ _ _
test_minimal_requirements.py:143: in execute_kw
    return self.models.execute_kw(self.db, self.uid, self.password, *args)
/usr/lib/python3.12/xmlrpc/client.py:1122: in __call__
    return self.__send(self.__name, args)
/usr/lib/python3.12/xmlrpc/client.py:1461: in __request
    response = self.__transport.request(
/usr/lib/python3.12/xmlrpc/client.py:1166: in request
    return self.single_request(host, handler, request_body, verbose)
/usr/lib/python3.12/xmlrpc/client.py:1182: in single_request
    return self.parse_response(resp)
/usr/lib/python3.12/xmlrpc/client.py:1351: in parse_response
    return u.close()
_ _ _ _ _ _ _ _ _ _ _ _ _ _ _ _ _ _ _ _ _ _ _ _ _ _ _ _ _ _ _ _ _ _ _ _ _ _ _ _ _ _ _ _ _ _ _ _ _ _ _ _ _ _ _ _ _ _ _ _ _ _ _ _ _ _ _ _ _ _ _ _ _ _ _ _ _ _ _ _ _ _ _

self = &lt;xmlrpc.client.Unmarshaller object at 0x7821858af3b0&gt;

    def close(self):
        # return response tuple and target method
        if self._type is None or self._marks:
            raise ResponseError()
        if self._type == &#34;fault&#34;:
&gt;           raise Fault(**self._stack[0])
E           xmlrpc.client.Fault: &lt;Fault 4: &#34;You are not allowed to access &#39;Libro&#39; (png_biblioteca.book) records.\n\nThis operation is allowed for the following groups:\n\t- Biblioteca/Administrador de Biblioteca\n\t- Biblioteca/Bibliotecario\n\t- Biblioteca/Usuario de Biblioteca\n\nContact your administrator to request access if necessary.&#34;&gt;

/usr/lib/python3.12/xmlrpc/client.py:668: Fault</pre>
                        
                        

                        
                        
                        
                    </div>
                
                </div>
            </div>
            
            <div class="testclass">
                <h4>test_minimal_requirements.TestRNFGit</h4>
                <div class="testcases">
                
                    <div class="test outcome outcome-failed">
                        <a id="48a7431c-66c2-4e7b-a696-d91da64608e9"></a>
                        <table class="proplist">
                            <tr><th>Test case:</th><td><b>test_git_commit_frecuentes</b></td></tr>
                            <tr><th>Outcome:</th><td>Failed</td></tr>
                            <tr><th>Duration:</th><td>0.001 sec</td></tr>
                        
                            <tr><th>Failed</th><td>AssertionError: El proyecto se desarrollará a partir de un _fork_ del repositorio javnitram/SGE-odoo-it-yourself, 
      sincronizando frecuentemente (mínimo 1 _commit_ &amp; _push_ por semana)
assert 2 &gt; 5
 +  where 2 = len([&#39;commit 9ce41c659c72f6d379e43e1e29063ebc3630b450\n&#39;, &#39;commit e141bc4b6821aff1afdea0c32c046d54d6e90670\n&#39;])</td></tr>
                        
                        
                        </table>

                        
                        <pre>self = &lt;test_minimal_requirements.TestRNFGit object at 0x782185825c40&gt;, sut = &lt;test_minimal_requirements.SystemUnderTest object at 0x782185833c20&gt;

    def test_git_commit_frecuentes(self, sut):
        with open(sut.git_log, &#34;r&#34;) as f:
            content = f.readlines()
            content = list(filter(lambda x: x.startswith(&#34;commit&#34;), content))
            print(*content)
&gt;           assert len(content) &gt; 5, self.__doc__
E           AssertionError: El proyecto se desarrollará a partir de un _fork_ del repositorio javnitram/SGE-odoo-it-yourself, 
E                 sincronizando frecuentemente (mínimo 1 _commit_ &amp; _push_ por semana)
E           assert 2 &gt; 5
E            +  where 2 = len([&#39;commit 9ce41c659c72f6d379e43e1e29063ebc3630b450\n&#39;, &#39;commit e141bc4b6821aff1afdea0c32c046d54d6e90670\n&#39;])

test_minimal_requirements.py:399: AssertionError</pre>
                        
                        

                        
                        
                        
                    </div>
                
                </div>
            </div>
            
            <div class="testclass">
                <h4>test_minimal_requirements.TestRNFCalidad</h4>
                <div class="testcases">
                
                    <div class="test outcome outcome-passed">
                        <a id="5dce53e8-a255-49ad-b7e0-1304b314eada"></a>
                        <table class="proplist">
                            <tr><th>Test case:</th><td><b>test_odoo_disponible</b></td></tr>
                            <tr><th>Outcome:</th><td>Passed</td></tr>
                            <tr><th>Duration:</th><td>0.012 sec</td></tr>
                        
                        
                        </table>

                        
                        

                        
                        
                        
                    </div>
                
                    <div class="test outcome outcome-passed">
                        <a id="3845a221-37bf-4815-a4e7-b12d9adfada0"></a>
                        <table class="proplist">
                            <tr><th>Test case:</th><td><b>test_app_instalada</b></td></tr>
                            <tr><th>Outcome:</th><td>Passed</td></tr>
                            <tr><th>Duration:</th><td>0.019 sec</td></tr>
                        
                        
                        </table>

                        
                        

                        
                        
                        
                    </div>
                
                    <div class="test outcome outcome-passed">
                        <a id="0f9cac61-6e91-48c8-b9cd-31a6794e1966"></a>
                        <table class="proplist">
                            <tr><th>Test case:</th><td><b>test_otras_apps_entregadas_son_dependencias</b></td></tr>
                            <tr><th>Outcome:</th><td>Passed</td></tr>
                            <tr><th>Duration:</th><td>0.021 sec</td></tr>
                        
                        
                        </table>

                        
                        

                        
                        
                        
                    </div>
                
                    <div class="test outcome outcome-passed">
                        <a id="59031e3f-3581-441b-ba11-025172f25741"></a>
                        <table class="proplist">
                            <tr><th>Test case:</th><td><b>test_no_hay_elementos_xml_comentados</b></td></tr>
                            <tr><th>Outcome:</th><td>Passed</td></tr>
                            <tr><th>Duration:</th><td>0.003 sec</td></tr>
                        
                        
                        </table>

                        
                        

                        
                        
                        
                    </div>
                
                    <div class="test outcome outcome-passed">
                        <a id="a5359aff-f4d7-41b3-bf23-6a9736b01989"></a>
                        <table class="proplist">
                            <tr><th>Test case:</th><td><b>test_no_hay_codigo_python_comentado</b></td></tr>
                            <tr><th>Outcome:</th><td>Passed</td></tr>
                            <tr><th>Duration:</th><td>1.105 sec</td></tr>
                        
                        
                        </table>

                        
                        

                        
                        
                        
                    </div>
                
                    <div class="test outcome outcome-passed">
                        <a id="a1684bba-bb8e-43de-84ad-22c2fd311129"></a>
                        <table class="proplist">
                            <tr><th>Test case:</th><td><b>test_log_servidor_sin_errores</b></td></tr>
                            <tr><th>Outcome:</th><td>Passed</td></tr>
                            <tr><th>Duration:</th><td>0.001 sec</td></tr>
                        
                        
                        </table>

                        
                        

                        
                        
                        
                    </div>
                
                </div>
            </div>
            
            <div class="testclass">
                <h4>test_minimal_requirements.TestOtros</h4>
                <div class="testcases">
                
                    <div class="test outcome outcome-skipped">
                        <a id="d79d08db-6e36-4b69-ae50-528d92a5394f"></a>
                        <table class="proplist">
                            <tr><th>Test case:</th><td><b>test_log_sin_warnings</b></td></tr>
                            <tr><th>Outcome:</th><td>Skipped</td></tr>
                            <tr><th>Duration:</th><td>0.002 sec</td></tr>
                        
                        
                            <tr><th>Skipped</th><td></td></tr>
                        
                        </table>

                        
                        
                        <pre>skipped</pre>
                        

                        
                        
                        
                    </div>
                
                </div>
            </div>
            
            <div class="testclass">
                <h4>test_minimal_requirements.TestRNFAdicionalesKanban</h4>
                <div class="testcases">
                
                    <div class="test outcome outcome-passed">
                        <a id="1a6c650f-bd86-4522-b703-490e8fe16adf"></a>
                        <table class="proplist">
                            <tr><th>Test case:</th><td><b>test_vista_kanban[/kanban]</b></td></tr>
                            <tr><th>Outcome:</th><td>Passed</td></tr>
                            <tr><th>Duration:</th><td>0.001 sec</td></tr>
                        
                        
                        </table>

                        
                        

                        
                        
                        
                    </div>
                
                    <div class="test outcome outcome-passed">
                        <a id="d74ca4a3-f007-4cfa-9744-bef9349e9232"></a>
                        <table class="proplist">
                            <tr><th>Test case:</th><td><b>test_vista_kanban[/kanban[@default_group_by]]</b></td></tr>
                            <tr><th>Outcome:</th><td>Passed</td></tr>
                            <tr><th>Duration:</th><td>0.001 sec</td></tr>
                        
                        
                        </table>

                        
                        

                        
                        
                        
                    </div>
                
                    <div class="test outcome outcome-passed">
                        <a id="fbb8fd78-f48f-4c0a-9d33-14e50f999006"></a>
                        <table class="proplist">
                            <tr><th>Test case:</th><td><b>test_vista_kanban_imagen[/img]</b></td></tr>
                            <tr><th>Outcome:</th><td>Passed</td></tr>
                            <tr><th>Duration:</th><td>0.005 sec</td></tr>
                        
                        
                        </table>

                        
                        

                        
                        
                        
                    </div>
                
                    <div class="test outcome outcome-skipped">
                        <a id="00e2540c-2b0d-451a-a586-6381fa2598df"></a>
                        <table class="proplist">
                            <tr><th>Test case:</th><td><b>test_vista_kanban_imagen[/field[@preview_image]]</b></td></tr>
                            <tr><th>Outcome:</th><td>Skipped</td></tr>
                            <tr><th>Duration:</th><td>0.01 sec</td></tr>
                        
                        
                            <tr><th>Skipped</th><td></td></tr>
                        
                        </table>

                        
                        
                        <pre>skipped</pre>
                        

                        
                        
                        
                    </div>
                
                    <div class="test outcome outcome-passed">
                        <a id="6ba3c237-7ee2-4072-9b78-17b351d2cb2e"></a>
                        <table class="proplist">
                            <tr><th>Test case:</th><td><b>test_vista_kanban_imagen[/field[@widget=&#34;image&#34;]]</b></td></tr>
                            <tr><th>Outcome:</th><td>Passed</td></tr>
                            <tr><th>Duration:</th><td>0.001 sec</td></tr>
                        
                        
                        </table>

                        
                        

                        
                        
                        
                    </div>
                
                </div>
            </div>
            
            <div class="testclass">
                <h4>test_minimal_requirements.TestRNFAdicionalesBusqueda</h4>
                <div class="testcases">
                
                    <div class="test outcome outcome-passed">
                        <a id="c70bf43a-2440-45db-a66e-a0d1f46771ed"></a>
                        <table class="proplist">
                            <tr><th>Test case:</th><td><b>test_vista_search[/search]</b></td></tr>
                            <tr><th>Outcome:</th><td>Passed</td></tr>
                            <tr><th>Duration:</th><td>0.001 sec</td></tr>
                        
                        
                        </table>

                        
                        

                        
                        
                        
                    </div>
                
                    <div class="test outcome outcome-passed">
                        <a id="36365a1e-1737-49ee-a71c-63b8c4d0ffdd"></a>
                        <table class="proplist">
                            <tr><th>Test case:</th><td><b>test_vista_search_compleja[/filter[@domain]]</b></td></tr>
                            <tr><th>Outcome:</th><td>Passed</td></tr>
                            <tr><th>Duration:</th><td>0.001 sec</td></tr>
                        
                        
                        </table>

                        
                        

                        
                        
                        
                    </div>
                
                    <div class="test outcome outcome-passed">
                        <a id="f1d2d305-e7cd-46e3-90f1-1b7ecb6548ae"></a>
                        <table class="proplist">
                            <tr><th>Test case:</th><td><b>test_vista_search_compleja[/group//filter[@context]]</b></td></tr>
                            <tr><th>Outcome:</th><td>Passed</td></tr>
                            <tr><th>Duration:</th><td>0.001 sec</td></tr>
                        
                        
                        </table>

                        
                        

                        
                        
                        
                    </div>
                
                </div>
            </div>
            
            <div class="testclass">
                <h4>test_minimal_requirements.TestRNFAdicionalesOtrasVistas</h4>
                <div class="testcases">
                
                    <div class="test outcome outcome-skipped">
                        <a id="2fa22173-97b6-49b4-85ac-a50c56fd25cc"></a>
                        <table class="proplist">
                            <tr><th>Test case:</th><td><b>test_otras_vistas_adicionales[activity]</b></td></tr>
                            <tr><th>Outcome:</th><td>Skipped</td></tr>
                            <tr><th>Duration:</th><td>0.045 sec</td></tr>
                        
                        
                            <tr><th>Skipped</th><td></td></tr>
                        
                        </table>

                        
                        
                        <pre>skipped</pre>
                        

                        
                        
                        
                    </div>
                
                    <div class="test outcome outcome-skipped">
                        <a id="753922ea-aaf0-42b9-bbdb-738b14d2dd8d"></a>
                        <table class="proplist">
                            <tr><th>Test case:</th><td><b>test_otras_vistas_adicionales[calendar]</b></td></tr>
                            <tr><th>Outcome:</th><td>Skipped</td></tr>
                            <tr><th>Duration:</th><td>0.043 sec</td></tr>
                        
                        
                            <tr><th>Skipped</th><td></td></tr>
                        
                        </table>

                        
                        
                        <pre>skipped</pre>
                        

                        
                        
                        
                    </div>
                
                    <div class="test outcome outcome-passed">
                        <a id="be87737e-94e9-4c98-b815-f1d853f605dd"></a>
                        <table class="proplist">
                            <tr><th>Test case:</th><td><b>test_otras_vistas_adicionales[graph]</b></td></tr>
                            <tr><th>Outcome:</th><td>Passed</td></tr>
                            <tr><th>Duration:</th><td>0.044 sec</td></tr>
                        
                        
                        </table>

                        
                        

                        
                        
                        
                    </div>
                
                    <div class="test outcome outcome-passed">
                        <a id="44e99cb2-1355-497d-8a2f-bbbbc3fa3d8b"></a>
                        <table class="proplist">
                            <tr><th>Test case:</th><td><b>test_otras_vistas_adicionales[pivot]</b></td></tr>
                            <tr><th>Outcome:</th><td>Passed</td></tr>
                            <tr><th>Duration:</th><td>0.043 sec</td></tr>
                        
                        
                        </table>

                        
                        

                        
                        
                        
                    </div>
                
                </div>
            </div>
            
            <div class="testclass">
                <h4>test_minimal_requirements.TestRNFAdicionalesConstraints</h4>
                <div class="testcases">
                
                    <div class="test outcome outcome-passed">
                        <a id="868183d9-46aa-4266-8e72-4fa8d3c5927b"></a>
                        <table class="proplist">
                            <tr><th>Test case:</th><td><b>test_constraints_sql</b></td></tr>
                            <tr><th>Outcome:</th><td>Passed</td></tr>
                            <tr><th>Duration:</th><td>0.021 sec</td></tr>
                        
                        
                        </table>

                        
                        

                        
                        
                        
                    </div>
                
                </div>
            </div>
            
            <div class="testclass">
                <h4>test_minimal_requirements.TestRNFAdicionalesSeguridadAvanzada</h4>
                <div class="testcases">
                
                    <div class="test outcome outcome-passed">
                        <a id="2b3d2caa-274b-4049-ae1e-5589dea9b15e"></a>
                        <table class="proplist">
                            <tr><th>Test case:</th><td><b>test_seguridad_con_grupos_propios</b></td></tr>
                            <tr><th>Outcome:</th><td>Passed</td></tr>
                            <tr><th>Duration:</th><td>0.003 sec</td></tr>
                        
                        
                        </table>

                        
                        

                        
                        
                        
                    </div>
                
                </div>
            </div>
            
            <div class="testclass">
                <h4>test_minimal_requirements.TestRNFAdicionalesDatosAvanzados</h4>
                <div class="testcases">
                
                    <div class="test outcome outcome-passed">
                        <a id="531cd5ec-a43f-4ed8-b2b9-4cbcb788d2d5"></a>
                        <table class="proplist">
                            <tr><th>Test case:</th><td><b>test_datos_maestros_o_demo_avanzados[binary]</b></td></tr>
                            <tr><th>Outcome:</th><td>Passed</td></tr>
                            <tr><th>Duration:</th><td>0.093 sec</td></tr>
                        
                        
                        </table>

                        
                        

                        
                        
                        
                    </div>
                
                    <div class="test outcome outcome-skipped">
                        <a id="bf10635f-a810-4fd3-ba61-79a7cdb207e9"></a>
                        <table class="proplist">
                            <tr><th>Test case:</th><td><b>test_datos_maestros_o_demo_avanzados[many2many]</b></td></tr>
                            <tr><th>Outcome:</th><td>Skipped</td></tr>
                            <tr><th>Duration:</th><td>0.082 sec</td></tr>
                        
                        
                            <tr><th>Skipped</th><td></td></tr>
                        
                        </table>

                        
                        
                        <pre>skipped</pre>
                        

                        
                        
                        
                    </div>
                
                    <div class="test outcome outcome-passed">
                        <a id="27a03533-a9bb-4f94-af6f-d86f9b8eead0"></a>
                        <table class="proplist">
                            <tr><th>Test case:</th><td><b>test_datos_maestros_o_demo_avanzados[many2one]</b></td></tr>
                            <tr><th>Outcome:</th><td>Passed</td></tr>
                            <tr><th>Duration:</th><td>0.122 sec</td></tr>
                        
                        
                        </table>

                        
                        

                        
                        
                        
                    </div>
                
                </div>
            </div>
            
            <div class="testclass">
                <h4>test_minimal_requirements.TestRNFAdicionalesHerenciaVistas</h4>
                <div class="testcases">
                
                    <div class="test outcome outcome-skipped">
                        <a id="9453be71-013b-4bcc-a251-80119b15a94a"></a>
                        <table class="proplist">
                            <tr><th>Test case:</th><td><b>test_herencia_en_vistas_con_position</b></td></tr>
                            <tr><th>Outcome:</th><td>Skipped</td></tr>
                            <tr><th>Duration:</th><td>0.018 sec</td></tr>
                        
                        
                            <tr><th>Skipped</th><td></td></tr>
                        
                        </table>

                        
                        
                        <pre>skipped</pre>
                        

                        
                        
                        
                    </div>
                
                    <div class="test outcome outcome-skipped">
                        <a id="97d4936a-7d93-4944-9101-91f17f12d49c"></a>
                        <table class="proplist">
                            <tr><th>Test case:</th><td><b>test_herencia_en_vistas_con_inherit_id</b></td></tr>
                            <tr><th>Outcome:</th><td>Skipped</td></tr>
                            <tr><th>Duration:</th><td>0.005 sec</td></tr>
                        
                        
                            <tr><th>Skipped</th><td></td></tr>
                        
                        </table>

                        
                        
                        <pre>skipped</pre>
                        

                        
                        
                        
                    </div>
                
                </div>
            </div>
            
            <div class="testclass">
                <h4>test_minimal_requirements.TestRNFAdicionalesHerenciaModelos</h4>
                <div class="testcases">
                
                    <div class="test outcome outcome-skipped">
                        <a id="f64038ea-502d-4dd8-99d8-2ab1b1a1392e"></a>
                        <table class="proplist">
                            <tr><th>Test case:</th><td><b>test_modelos_existentes_modificados_por_herencia</b></td></tr>
                            <tr><th>Outcome:</th><td>Skipped</td></tr>
                            <tr><th>Duration:</th><td>0.001 sec</td></tr>
                        
                        
                            <tr><th>Skipped</th><td></td></tr>
                        
                        </table>

                        
                        
                        <pre>skipped</pre>
                        

                        
                        
                        
                    </div>
                
                    <div class="test outcome outcome-skipped">
                        <a id="efc1e8b6-3761-4a7f-8b98-2ca824d975c6"></a>
                        <table class="proplist">
                            <tr><th>Test case:</th><td><b>test_nuevos_modelos_con_herencia</b></td></tr>
                            <tr><th>Outcome:</th><td>Skipped</td></tr>
                            <tr><th>Duration:</th><td>0.001 sec</td></tr>
                        
                        
                            <tr><th>Skipped</th><td></td></tr>
                        
                        </table>

                        
                        
                        <pre>skipped</pre>
                        

                        
                        
                        
                    </div>
                
                </div>
            </div>
            
            <div class="testclass">
                <h4>test_minimal_requirements.TestRNFAdicionalesTraducciones</h4>
                <div class="testcases">
                
                    <div class="test outcome outcome-passed">
                        <a id="4b63b509-5b24-4810-b1fb-c42512bbee11"></a>
                        <table class="proplist">
                            <tr><th>Test case:</th><td><b>test_i18n</b></td></tr>
                            <tr><th>Outcome:</th><td>Passed</td></tr>
                            <tr><th>Duration:</th><td>0.001 sec</td></tr>
                        
                        
                        </table>

                        
                        

                        
                        
                        
                    </div>
                
                </div>
            </div>
            
            <div class="testclass">
                <h4>test_minimal_requirements.TestRNFAdicionalesInformes</h4>
                <div class="testcases">
                
                    <div class="test outcome outcome-skipped">
                        <a id="2029b8d3-274f-4e4c-8bce-b15eefb541aa"></a>
                        <table class="proplist">
                            <tr><th>Test case:</th><td><b>test_informes[report]</b></td></tr>
                            <tr><th>Outcome:</th><td>Skipped</td></tr>
                            <tr><th>Duration:</th><td>0.003 sec</td></tr>
                        
                        
                            <tr><th>Skipped</th><td></td></tr>
                        
                        </table>

                        
                        
                        <pre>skipped</pre>
                        

                        
                        
                        
                    </div>
                
                    <div class="test outcome outcome-passed">
                        <a id="100e3ad2-5026-4940-9446-fb426ed47d39"></a>
                        <table class="proplist">
                            <tr><th>Test case:</th><td><b>test_informes[template]</b></td></tr>
                            <tr><th>Outcome:</th><td>Passed</td></tr>
                            <tr><th>Duration:</th><td>0.003 sec</td></tr>
                        
                        
                        </table>

                        
                        

                        
                        
                        
                    </div>
                
                    <div class="test outcome outcome-passed">
                        <a id="fbd0b2bb-aea4-4caa-93df-6a75bccf21b7"></a>
                        <table class="proplist">
                            <tr><th>Test case:</th><td><b>test_informes_complejos[/t[@t-foreach]]</b></td></tr>
                            <tr><th>Outcome:</th><td>Passed</td></tr>
                            <tr><th>Duration:</th><td>0.003 sec</td></tr>
                        
                        
                        </table>

                        
                        

                        
                        
                        
                    </div>
                
                    <div class="test outcome outcome-skipped">
                        <a id="7c103306-235f-4c09-9154-4286a818ad5c"></a>
                        <table class="proplist">
                            <tr><th>Test case:</th><td><b>test_informes_complejos[/img[@t-att-src]]</b></td></tr>
                            <tr><th>Outcome:</th><td>Skipped</td></tr>
                            <tr><th>Duration:</th><td>0.003 sec</td></tr>
                        
                        
                            <tr><th>Skipped</th><td></td></tr>
                        
                        </table>

                        
                        
                        <pre>skipped</pre>
                        

                        
                        
                        
                    </div>
                
                    <div class="test outcome outcome-skipped">
                        <a id="1e4f5eb2-f766-492d-a352-271a444562fc"></a>
                        <table class="proplist">
                            <tr><th>Test case:</th><td><b>test_informes_complejos[/t[@t-call and not(@t-call=&#34;web.external_layout&#34; or @t-call=&#34;web.html_container&#34;)]]</b></td></tr>
                            <tr><th>Outcome:</th><td>Skipped</td></tr>
                            <tr><th>Duration:</th><td>0.001 sec</td></tr>
                        
                        
                            <tr><th>Skipped</th><td></td></tr>
                        
                        </table>

                        
                        
                        <pre>skipped</pre>
                        

                        
                        
                        
                    </div>
                
                </div>
            </div>
            
            <div class="testclass">
                <h4>test_minimal_requirements.TestRNFAdicionalesChatter</h4>
                <div class="testcases">
                
                    <div class="test outcome outcome-passed">
                        <a id="b3ff650b-de24-4207-9d3d-78034e4e87b0"></a>
                        <table class="proplist">
                            <tr><th>Test case:</th><td><b>test_chatter[mail_thread]</b></td></tr>
                            <tr><th>Outcome:</th><td>Passed</td></tr>
                            <tr><th>Duration:</th><td>0.001 sec</td></tr>
                        
                        
                        </table>

                        
                        

                        
                        
                        
                    </div>
                
                    <div class="test outcome outcome-passed">
                        <a id="da823c80-bf1c-4f49-8090-0f19bc4834c2"></a>
                        <table class="proplist">
                            <tr><th>Test case:</th><td><b>test_chatter[mail_activity_mixin]</b></td></tr>
                            <tr><th>Outcome:</th><td>Passed</td></tr>
                            <tr><th>Duration:</th><td>0.001 sec</td></tr>
                        
                        
                        </table>

                        
                        

                        
                        
                        
                    </div>
                
                    <div class="test outcome outcome-passed">
                        <a id="e2725354-3332-431c-ae57-2551cdbe8a67"></a>
                        <table class="proplist">
                            <tr><th>Test case:</th><td><b>test_chatter_tracking</b></td></tr>
                            <tr><th>Outcome:</th><td>Passed</td></tr>
                            <tr><th>Duration:</th><td>0.015 sec</td></tr>
                        
                        
                        </table>

                        
                        

                        
                        
                        
                    </div>
                
                    <div class="test outcome outcome-passed">
                        <a id="3a4802a7-4047-4842-a675-f2fb3cd174ac"></a>
                        <table class="proplist">
                            <tr><th>Test case:</th><td><b>test_vista_chatter_div</b></td></tr>
                            <tr><th>Outcome:</th><td>Passed</td></tr>
                            <tr><th>Duration:</th><td>0.001 sec</td></tr>
                        
                        
                        </table>

                        
                        

                        
                        
                        
                    </div>
                
                    <div class="test outcome outcome-passed">
                        <a id="080fa25c-82b4-4d3d-bffb-6dadec7ed72a"></a>
                        <table class="proplist">
                            <tr><th>Test case:</th><td><b>test_vista_chatter_fields[.//field[@name=&#34;message_follower_ids&#34;]]</b></td></tr>
                            <tr><th>Outcome:</th><td>Passed</td></tr>
                            <tr><th>Duration:</th><td>0.003 sec</td></tr>
                        
                        
                        </table>

                        
                        

                        
                        
                        
                    </div>
                
                    <div class="test outcome outcome-passed">
                        <a id="dec4fced-54c1-43e3-bbcd-3083e8165ff6"></a>
                        <table class="proplist">
                            <tr><th>Test case:</th><td><b>test_vista_chatter_fields[.//field[@name=&#34;activity_ids&#34;]]</b></td></tr>
                            <tr><th>Outcome:</th><td>Passed</td></tr>
                            <tr><th>Duration:</th><td>0.003 sec</td></tr>
                        
                        
                        </table>

                        
                        

                        
                        
                        
                    </div>
                
                    <div class="test outcome outcome-passed">
                        <a id="109387c1-a9fa-4012-8884-550e5bbc8968"></a>
                        <table class="proplist">
                            <tr><th>Test case:</th><td><b>test_vista_chatter_fields[.//field[@name=&#34;message_ids&#34;]]</b></td></tr>
                            <tr><th>Outcome:</th><td>Passed</td></tr>
                            <tr><th>Duration:</th><td>0.003 sec</td></tr>
                        
                        
                        </table>

                        
                        

                        
                        
                        
                    </div>
                
                    <div class="test outcome outcome-skipped">
                        <a id="03cbc3a1-8a28-4c6b-93f4-0af507405d3a"></a>
                        <table class="proplist">
                            <tr><th>Test case:</th><td><b>test_vista_chatter_fields[.//field[@widget=&#34;mail_followers&#34;]]</b></td></tr>
                            <tr><th>Outcome:</th><td>Skipped</td></tr>
                            <tr><th>Duration:</th><td>0.003 sec</td></tr>
                        
                        
                            <tr><th>Skipped</th><td></td></tr>
                        
                        </table>

                        
                        
                        <pre>skipped</pre>
                        

                        
                        
                        
                    </div>
                
                    <div class="test outcome outcome-skipped">
                        <a id="b66c7368-cb92-4460-a4ce-964b07c5d677"></a>
                        <table class="proplist">
                            <tr><th>Test case:</th><td><b>test_vista_chatter_fields[.//field[@widget=&#34;mail_thread&#34;]]</b></td></tr>
                            <tr><th>Outcome:</th><td>Skipped</td></tr>
                            <tr><th>Duration:</th><td>0.003 sec</td></tr>
                        
                        
                            <tr><th>Skipped</th><td></td></tr>
                        
                        </table>

                        
                        
                        <pre>skipped</pre>
                        

                        
                        
                        
                    </div>
                
                    <div class="test outcome outcome-skipped">
                        <a id="1cea32c7-6d2d-4ef8-a37d-f75e41d31728"></a>
                        <table class="proplist">
                            <tr><th>Test case:</th><td><b>test_vista_chatter_fields[.//field[@widget=&#34;mail_activity&#34;]]</b></td></tr>
                            <tr><th>Outcome:</th><td>Skipped</td></tr>
                            <tr><th>Duration:</th><td>1.433 sec</td></tr>
                        
                        
                            <tr><th>Skipped</th><td></td></tr>
                        
                        </table>

                        
                        
                        <pre>skipped</pre>
                        

                        
                        
                        
                    </div>
                
                </div>
            </div>
            
        </div>
    </div>
    



<p class="footer">
    Generated by junit2html
</p>
</body>
</html>