<!DOCTYPE html>
<html lang="en">
<head>
    <meta charset="UTF-8">
    <title>rcg_cinema-pytest.xml</title>
    <style type="text/css">
        body {
    background-color: white;
    padding-bottom: 20em;
    margin: 0;
    min-height: 15cm;
}

h1, h2, h3, h4, h5, h6, h7 {
    font-family: sans-serif;
}

h1 {
    background-color: #007acc;
    color: white;
    padding: 3mm;
    margin-top: 0;
    margin-bottom: 1mm;
}

.footer {
    font-style: italic;
    font-size: small;
    text-align: right;
    padding: 1em;
}

.testsuite {
    padding-bottom: 2em;
    margin-left: 1em;
}

.proplist {
    width: 100%;
    margin-bottom: 2em;
    border-collapse: collapse;
    border: 1px solid grey;
}

.proplist th {
    background-color: silver;
    width: 5em;
    padding: 2px;
    padding-right: 1em;
    text-align: left;
}

.proplist td {
    padding: 2px;
}

.index-table {
    width: 90%;
    margin-left: 1em;
}

.index-table td {
    vertical-align: top;
    max-width: 200px;
    word-wrap: break-word;
}

.failure-index {

}

.toc {
    margin-bottom: 2em;
    font-family: monospace;
}

.stdio, pre {
    min-height: 1em;
    background-color: #1e1e1e;
    color: silver;
    padding: 0.5em;
}
.tdpre {
    background-color: #1e1e1e;
}

.test {
    margin-left: 0.5cm;
}

.outcome {
    border-left: 1em;
    padding: 2px;
}

.outcome-failed {
    border-left: 1em solid lightcoral;
}

.outcome-passed {
    border-left: 1em solid lightgreen;
}

.outcome-skipped {
    border-left: 1em dotted silver;
}

.stats-table {
}

.stats-table td {
    min-width: 4em;
    text-align: right;
}

.stats-table .failed {
    background-color: lightcoral;
}

.stats-table .passed {
    background-color: lightgreen;
}

.matrix-table {
    table-layout: fixed;
    border-spacing: 0;
    width: available;
    margin-left: 1em;
}

.matrix-table td {
    vertical-align: center;
}

.matrix-table td:last-child {
    width: 0;
}

.matrix-table tr:hover {
    background-color: yellow;
}

.matrix-axis-name {
    white-space: nowrap;
    padding-right: 0.5em;
    border-left: 1px solid black;
    border-top: 1px solid black;
    text-align: right;
}

.matrix-axis-line {
    border-left: 1px solid black;
    width: 0.5em;
}

.matrix-classname {
    text-align: left;
    width: 100%;
    border-top: 2px solid grey;
    border-bottom: 1px solid silver;
}

.matrix-casename {
    text-align: left;
    font-weight: normal;
    font-style: italic;
    padding-left: 1em;
    border-bottom: 1px solid silver;
}

.matrix-result {
    display: block;
    width: 1em;
    text-align: center;
    padding: 1mm;
    margin: 0;
}

.matrix-result-combined {
    white-space: nowrap;
    padding-right: 0.2em;
    text-align: right;
}

.matrix-result-failed {
    background-color: lightcoral;
}

.matrix-result-passed {
    background-color: lightgreen;
}

.matrix-result-skipped {
    background-color: lightyellow;
}

.matrix-even {
    background-color: lightgray;
}
    </style>
</head>
<body>
    
<h1>
    Test Report : rcg_cinema-pytest.xml
</h1>
<a id="toc"></a>
<table class="index-table">
    <tr>
        <td>
            <ul class="toc">
            
                
                <li>test_minimal_requirements.TestRNF1
                <ul>
                    
                    <li><a href="#e3c683b1-794e-4118-bcb5-05c59490fe0c">test_app_tiene_al_menos_4_modelos</a></li>
                    
                    <li><a href="#d6a9ee5c-0cf2-42a8-8989-e59f7de97e62">test_modelos_en_ficheros_individuales</a></li>
                    
                </ul>
                </li>
                
                <li>test_minimal_requirements.TestRNF2
                <ul>
                    
                    <li><a href="#a73ee784-2126-4472-bdb6-45047dc60415">test_relacion_many2many</a></li>
                    
                    <li><a href="#5cab0f2b-9856-46af-9836-aa0a2cc292b1">test_modelos_tienen_algun_campo_relacion[one2many]</a></li>
                    
                    <li><a href="#4de47f76-5ff0-41b7-979e-8cf48a9bb307">test_modelos_tienen_algun_campo_relacion[many2one]</a></li>
                    
                    <li><a href="#6e536da4-04db-4cd6-adcc-7ece5131891a">test_unknown_comodel_name</a></li>
                    
                </ul>
                </li>
                
                <li>test_minimal_requirements.TestRNF3
                <ul>
                    
                    <li><a href="#1362e7a4-5afb-4a34-88a0-b0147f07c6b5">test_modelos_tienen_vista[tree]</a></li>
                    
                    <li><a href="#e2c9f833-c6d6-432b-9357-67c99d7af7a5">test_modelos_tienen_vista[form]</a></li>
                    
                    <li><a href="#c0563717-4d8b-4e48-9d63-0fae888b19b3">test_formularios_tienen_vista_anidada_para_campos_X2many[one2many]</a></li>
                    
                    <li><a href="#4284e916-f271-4e56-9a61-2136a4fd45cc">test_formularios_tienen_vista_anidada_para_campos_X2many[many2many]</a></li>
                    
                </ul>
                </li>
                
                <li>test_minimal_requirements.TestRNF4
                <ul>
                    
                    <li><a href="#732b2998-283e-4f93-962f-7ba232f812e9">test_vistas_en_ficheros_individuales</a></li>
                    
                </ul>
                </li>
                
                <li>test_minimal_requirements.TestRNF5
                <ul>
                    
                    <li><a href="#62af196d-cdb4-476d-b493-02f453f60271">test_modelos_tienen_algun_posible_campo_imagen</a></li>
                    
                    <li><a href="#e51cb95b-81f7-4fd1-892a-1956982e53af">test_alguna_vista_tiene_campo_imagen</a></li>
                    
                </ul>
                </li>
                
                <li>test_minimal_requirements.TestRNF6
                <ul>
                    
                    <li><a href="#9df000ed-fbfd-4cff-a381-3476e854d6c2">test_modelos_tienen_acciones</a></li>
                    
                    <li><a href="#e5ee6d10-0431-440d-b219-2c8807666b67">test_hay_elementos_de_menu[.//menuitem[@action]]</a></li>
                    
                </ul>
                </li>
                
                <li>test_minimal_requirements.TestRNF7
                <ul>
                    
                    <li><a href="#33ebe9e4-5b7b-4c9c-9fb7-182a845e92b9">test_modelos_tienen_permisos</a></li>
                    
                </ul>
                </li>
                
                <li>test_minimal_requirements.TestRNF8
                <ul>
                    
                    <li><a href="#930f3f60-b8e4-4d37-921b-8fe634075832">test_app_tiene_icono</a></li>
                    
                </ul>
                </li>
                
                <li>test_minimal_requirements.TestRNF9
                <ul>
                    
                    <li><a href="#2a37b477-da6d-421e-971c-6dcc64161bc0">test_modelos_tienen_datos_demo</a></li>
                    
                </ul>
                </li>
                
                <li>test_minimal_requirements.TestRNFGit
                <ul>
                    
                    <li><a href="#e2187e85-24e6-442b-a180-8e26338a2f80">test_git_commit_frecuentes</a></li>
                    
                </ul>
                </li>
                
                <li>test_minimal_requirements.TestRNFCalidad
                <ul>
                    
                    <li><a href="#9347f4d7-8a61-42d7-ab2c-c4eb578d07ac">test_odoo_disponible</a></li>
                    
                    <li><a href="#a3d411ef-80db-4933-8a07-42b40e3d62a9">test_app_instalada</a></li>
                    
                    <li><a href="#0f15a352-1c79-4b47-8024-40b3ce006c03">test_otras_apps_entregadas_son_dependencias</a></li>
                    
                    <li><a href="#24f6df28-08f5-4686-8818-9fc0b8acfb1d">test_no_hay_elementos_xml_comentados</a></li>
                    
                    <li><a href="#357c13c3-9d78-4041-b3a0-52ad72e936a8">test_no_hay_codigo_python_comentado</a></li>
                    
                    <li><a href="#56f7cc81-4391-4f42-b9cd-829d16ec9b9d">test_log_servidor_sin_errores</a></li>
                    
                </ul>
                </li>
                
                <li>test_minimal_requirements.TestOtros
                <ul>
                    
                    <li><a href="#8252fdae-37de-4d87-a982-945bc087a27a">test_log_sin_warnings</a>[s]</li>
                    
                </ul>
                </li>
                
                <li>test_minimal_requirements.TestRNFAdicionalesKanban
                <ul>
                    
                    <li><a href="#b58f60f7-a12c-4597-8e69-c020c60271d2">test_vista_kanban[/kanban]</a></li>
                    
                    <li><a href="#0f0de641-80bb-4e58-8200-2f5b04212922">test_vista_kanban[/kanban[@default_group_by]]</a>[s]</li>
                    
                    <li><a href="#19b7cd5a-61e8-4428-b409-efc1d02c8610">test_vista_kanban_imagen[/img]</a>[s]</li>
                    
                    <li><a href="#0157635f-eb5d-4c2d-8a8e-36cce050d699">test_vista_kanban_imagen[/field[@preview_image]]</a>[s]</li>
                    
                    <li><a href="#df3f4642-7aed-403a-a5eb-4ca5f8cb41b1">test_vista_kanban_imagen[/field[@widget=&#34;image&#34;]]</a></li>
                    
                </ul>
                </li>
                
                <li>test_minimal_requirements.TestRNFAdicionalesBusqueda
                <ul>
                    
                    <li><a href="#192319ad-f593-4964-a75b-f959528ee37d">test_vista_search[/search]</a></li>
                    
                    <li><a href="#cdfcdcea-f15a-4bb2-a000-2aa3f54dd0f4">test_vista_search_compleja[/filter[@domain]]</a></li>
                    
                    <li><a href="#98e0fe91-4751-4d8d-97ef-92a3e1bca189">test_vista_search_compleja[/group//filter[@context]]</a></li>
                    
                </ul>
                </li>
                
                <li>test_minimal_requirements.TestRNFAdicionalesOtrasVistas
                <ul>
                    
                    <li><a href="#724413c9-6616-4d85-ba8b-766ae35d3daa">test_otras_vistas_adicionales[activity]</a>[s]</li>
                    
                    <li><a href="#a42373fe-8a58-47b6-8e7b-0b96666aaee7">test_otras_vistas_adicionales[calendar]</a></li>
                    
                    <li><a href="#6597ce6a-7b1e-4f37-adf4-2642fa2f0ad6">test_otras_vistas_adicionales[graph]</a></li>
                    
                    <li><a href="#613061de-78bc-4444-ab53-b3a619ced712">test_otras_vistas_adicionales[pivot]</a></li>
                    
                </ul>
                </li>
                
                <li>test_minimal_requirements.TestRNFAdicionalesConstraints
                <ul>
                    
                    <li><a href="#d93b70bb-31a8-4be3-a6c3-4ec40ded6517">test_constraints_sql</a></li>
                    
                </ul>
                </li>
                
                <li>test_minimal_requirements.TestRNFAdicionalesSeguridadAvanzada
                <ul>
                    
                    <li><a href="#16c98bfc-bdb9-47bd-9298-55d2cdb6c3c0">test_seguridad_con_grupos_propios</a></li>
                    
                </ul>
                </li>
                
                <li>test_minimal_requirements.TestRNFAdicionalesDatosAvanzados
                <ul>
                    
                    <li><a href="#e1b4e794-ecfa-4db0-9a3e-c0bdf0a1b134">test_datos_maestros_o_demo_avanzados[binary]</a>[s]</li>
                    
                    <li><a href="#ddc0f38a-0c05-421e-a5ff-058e145f64d8">test_datos_maestros_o_demo_avanzados[many2many]</a></li>
                    
                    <li><a href="#32f13f80-b4c5-4bc8-92d6-0f3927c5694f">test_datos_maestros_o_demo_avanzados[many2one]</a></li>
                    
                </ul>
                </li>
                
                <li>test_minimal_requirements.TestRNFAdicionalesHerenciaVistas
                <ul>
                    
                    <li><a href="#2b872ac0-51ee-4ffb-9d00-c355d618c84d">test_herencia_en_vistas_con_position</a>[s]</li>
                    
                    <li><a href="#d33e56be-408d-4977-8eef-40c8133ea8b2">test_herencia_en_vistas_con_inherit_id</a></li>
                    
                </ul>
                </li>
                
                <li>test_minimal_requirements.TestRNFAdicionalesHerenciaModelos
                <ul>
                    
                    <li><a href="#d441547f-ee6f-47cf-bdf4-e541ade2fe50">test_modelos_existentes_modificados_por_herencia</a></li>
                    
                    <li><a href="#9c474e3f-ec07-447c-8996-7050ecd7b1c7">test_nuevos_modelos_con_herencia</a>[s]</li>
                    
                </ul>
                </li>
                
                <li>test_minimal_requirements.TestRNFAdicionalesTraducciones
                <ul>
                    
                    <li><a href="#8cbcd9f5-92e7-4004-91be-d2a9815a73b5">test_i18n</a></li>
                    
                </ul>
                </li>
                
                <li>test_minimal_requirements.TestRNFAdicionalesInformes
                <ul>
                    
                    <li><a href="#9bf1dc21-2269-477c-b834-c440eb95b19f">test_informes[report]</a>[s]</li>
                    
                    <li><a href="#97fe4762-1cdb-46bb-ae4f-0eea91343516">test_informes[template]</a></li>
                    
                    <li><a href="#a3b810c5-5dbb-42be-b2d9-6c63f6cf8063">test_informes_complejos[/t[@t-foreach]]</a></li>
                    
                    <li><a href="#b66b40fc-8b49-4bb1-bd5e-c6c19510656b">test_informes_complejos[/img[@t-att-src]]</a></li>
                    
                    <li><a href="#105de951-e8f8-4abb-8538-4b9ead6ba9c1">test_informes_complejos[/t[@t-call and not(@t-call=&#34;web.external_layout&#34; or @t-call=&#34;web.html_container&#34;)]]</a>[s]</li>
                    
                </ul>
                </li>
                
                <li>test_minimal_requirements.TestRNFAdicionalesChatter
                <ul>
                    
                    <li><a href="#789fb940-a24f-4f1e-8f0a-6b07be65f25e">test_chatter[mail_thread]</a>[s]</li>
                    
                    <li><a href="#a1ab9f88-2279-48f7-be99-62c37b08b0a6">test_chatter[mail_activity_mixin]</a>[s]</li>
                    
                    <li><a href="#8d581279-7c46-4cc5-a2fc-96320f770ff1">test_chatter_tracking</a></li>
                    
                    <li><a href="#1d44773a-c7cb-4cb7-8144-e96123fc01fd">test_vista_chatter_div</a>[s]</li>
                    
                    <li><a href="#0dd694e0-1fec-4638-9748-342529430c26">test_vista_chatter_fields[.//field[@name=&#34;message_follower_ids&#34;]]</a>[s]</li>
                    
                    <li><a href="#8b157d24-6e45-4ef5-b4ba-d0c6eb3c9e17">test_vista_chatter_fields[.//field[@name=&#34;activity_ids&#34;]]</a>[s]</li>
                    
                    <li><a href="#01889d3f-45a3-4bd5-bbf7-e0cbc4945a3e">test_vista_chatter_fields[.//field[@name=&#34;message_ids&#34;]]</a>[s]</li>
                    
                    <li><a href="#d07baf00-df21-4f14-baf8-daacd069bb5c">test_vista_chatter_fields[.//field[@widget=&#34;mail_followers&#34;]]</a>[s]</li>
                    
                    <li><a href="#4f039f15-2a72-4a05-8282-51e780ee1165">test_vista_chatter_fields[.//field[@widget=&#34;mail_thread&#34;]]</a>[s]</li>
                    
                    <li><a href="#90c8c15c-ef4e-4543-a542-8b6ac89cc317">test_vista_chatter_fields[.//field[@widget=&#34;mail_activity&#34;]]</a>[s]</li>
                    
                </ul>
                </li>
                
            
            </ul>
        </td>
        <td class="failure-index">
            <ul class="toc">
            
                
                    
                    
                    
                    
                    <li><a href="#d6a9ee5c-0cf2-42a8-8989-e59f7de97e62">[F] test_minimal_requirements.TestRNF1 : test_modelos_en_ficheros_individuales</a></li>
                    
                    
                
                    
                    
                    
                    
                    
                    
                    
                    
                    
                
                    
                    
                    <li><a href="#1362e7a4-5afb-4a34-88a0-b0147f07c6b5">[F] test_minimal_requirements.TestRNF3 : test_modelos_tienen_vista[tree]</a></li>
                    
                    
                    
                    <li><a href="#e2c9f833-c6d6-432b-9357-67c99d7af7a5">[F] test_minimal_requirements.TestRNF3 : test_modelos_tienen_vista[form]</a></li>
                    
                    
                    
                    <li><a href="#c0563717-4d8b-4e48-9d63-0fae888b19b3">[F] test_minimal_requirements.TestRNF3 : test_formularios_tienen_vista_anidada_para_campos_X2many[one2many]</a></li>
                    
                    
                    
                    
                
                    
                    
                    <li><a href="#732b2998-283e-4f93-962f-7ba232f812e9">[F] test_minimal_requirements.TestRNF4 : test_vistas_en_ficheros_individuales</a></li>
                    
                    
                
                    
                    
                    
                    
                    
                
                    
                    
                    <li><a href="#9df000ed-fbfd-4cff-a381-3476e854d6c2">[F] test_minimal_requirements.TestRNF6 : test_modelos_tienen_acciones</a></li>
                    
                    
                    
                    
                
                    
                    
                    
                
                    
                    
                    
                
                    
                    
                    
                
                    
                    
                    <li><a href="#e2187e85-24e6-442b-a180-8e26338a2f80">[F] test_minimal_requirements.TestRNFGit : test_git_commit_frecuentes</a></li>
                    
                    
                
                    
                    
                    
                    
                    
                    
                    
                    
                    
                    
                    <li><a href="#357c13c3-9d78-4041-b3a0-52ad72e936a8">[F] test_minimal_requirements.TestRNFCalidad : test_no_hay_codigo_python_comentado</a></li>
                    
                    
                    
                    
                
                    
                    
                    
                
                    
                    
                    
                    
                    
                    
                    
                    
                    
                    
                    
                
                    
                    
                    
                    
                    
                    
                    
                
                    
                    
                    
                    
                    
                    
                    
                    
                    
                
                    
                    
                    
                
                    
                    
                    
                
                    
                    
                    
                    
                    
                    
                    
                
                    
                    
                    
                    
                    
                
                    
                    
                    
                    
                    
                
                    
                    
                    
                
                    
                    
                    
                    
                    
                    
                    
                    
                    
                    
                    
                
                    
                    
                    
                    
                    
                    
                    
                    
                    
                    
                    
                    
                    
                    
                    
                    
                    
                    
                    
                    
                    
                
            
            </ul>
        </td>
    </tr>
</table>


    <div class="testsuite">
        <h2>Test Suite: pytest</h2>
        <a id="48a806ee-1e29-4da4-8d78-79258fa44f2e"></a>
        
        
        <h3>Results</h3>
        <table class="proplist">
            <tr>
                <th>Duration</th><td>36.032 sec</td>
            </tr>
            <tr>
                <th>Tests</th><td>63</td>
            </tr>
            <tr>
                <th>Failures</th><td>8</td>
            </tr>
        </table>

        <div class="testclasses">
            <h3>Tests</h3>
            
            <div class="testclass">
                <h4>test_minimal_requirements.TestRNF1</h4>
                <div class="testcases">
                
                    <div class="test outcome outcome-passed">
                        <a id="e3c683b1-794e-4118-bcb5-05c59490fe0c"></a>
                        <table class="proplist">
                            <tr><th>Test case:</th><td><b>test_app_tiene_al_menos_4_modelos</b></td></tr>
                            <tr><th>Outcome:</th><td>Passed</td></tr>
                            <tr><th>Duration:</th><td>31.804 sec</td></tr>
                        
                        
                        </table>

                        
                        

                        
                        
                        
                    </div>
                
                    <div class="test outcome outcome-failed">
                        <a id="d6a9ee5c-0cf2-42a8-8989-e59f7de97e62"></a>
                        <table class="proplist">
                            <tr><th>Test case:</th><td><b>test_modelos_en_ficheros_individuales</b></td></tr>
                            <tr><th>Outcome:</th><td>Failed</td></tr>
                            <tr><th>Duration:</th><td>0.001 sec</td></tr>
                        
                            <tr><th>Failed</th><td>AssertionError: No coinciden el número de modelos de datos de la aplicación con el número de ficheros Python en el paquete models - Al menos **4 clases**, implementadas en ficheros diferentes.
assert (8 + 1) == 7
 +  where 8 = len([&#39;rcg_cinema.screen&#39;, &#39;rcg_cinema.screening&#39;, &#39;rcg_cinema.movie&#39;, &#39;rcg_cinema.category&#39;, &#39;rcg_cinema.genre&#39;, &#39;rcg_cinema.ticket&#39;, ...])
 +    where [&#39;rcg_cinema.screen&#39;, &#39;rcg_cinema.screening&#39;, &#39;rcg_cinema.movie&#39;, &#39;rcg_cinema.category&#39;, &#39;rcg_cinema.genre&#39;, &#39;rcg_cinema.ticket&#39;, ...] = &lt;test_minimal_requirements.SystemUnderTest object at 0x7e4979f5e960&gt;.basename_app_models
 +  and   1 = len([&#39;res.partner&#39;])
 +    where [&#39;res.partner&#39;] = &lt;test_minimal_requirements.SystemUnderTest object at 0x7e4979f5e960&gt;.basename_app_extended_existing_models
 +  and   7 = len([&#39;screen.py&#39;, &#39;ticket.py&#39;, &#39;movie.py&#39;, &#39;category.py&#39;, &#39;genre.py&#39;, &#39;res_partner.py&#39;, ...])
 +    where [&#39;screen.py&#39;, &#39;ticket.py&#39;, &#39;movie.py&#39;, &#39;category.py&#39;, &#39;genre.py&#39;, &#39;res_partner.py&#39;, ...] = &lt;test_minimal_requirements.SystemUnderTest object at 0x7e4979f5e960&gt;.basename_model_files</td></tr>
                        
                        
                        </table>

                        
                        <pre>self = &lt;test_minimal_requirements.TestRNF1 object at 0x7e4979122600&gt;, sut = &lt;test_minimal_requirements.SystemUnderTest object at 0x7e4979f5e960&gt;

    def test_modelos_en_ficheros_individuales(self, sut):
&gt;       assert (len(sut.basename_app_models) + len(sut.basename_app_extended_existing_models)) == len(sut.basename_model_files), f&#34;No coinciden el número de modelos de datos de la aplicación con el número de ficheros Python en el paquete models - {self.__doc__}&#34;
E       AssertionError: No coinciden el número de modelos de datos de la aplicación con el número de ficheros Python en el paquete models - Al menos **4 clases**, implementadas en ficheros diferentes.
E       assert (8 + 1) == 7
E        +  where 8 = len([&#39;rcg_cinema.screen&#39;, &#39;rcg_cinema.screening&#39;, &#39;rcg_cinema.movie&#39;, &#39;rcg_cinema.category&#39;, &#39;rcg_cinema.genre&#39;, &#39;rcg_cinema.ticket&#39;, ...])
E        +    where [&#39;rcg_cinema.screen&#39;, &#39;rcg_cinema.screening&#39;, &#39;rcg_cinema.movie&#39;, &#39;rcg_cinema.category&#39;, &#39;rcg_cinema.genre&#39;, &#39;rcg_cinema.ticket&#39;, ...] = &lt;test_minimal_requirements.SystemUnderTest object at 0x7e4979f5e960&gt;.basename_app_models
E        +  and   1 = len([&#39;res.partner&#39;])
E        +    where [&#39;res.partner&#39;] = &lt;test_minimal_requirements.SystemUnderTest object at 0x7e4979f5e960&gt;.basename_app_extended_existing_models
E        +  and   7 = len([&#39;screen.py&#39;, &#39;ticket.py&#39;, &#39;movie.py&#39;, &#39;category.py&#39;, &#39;genre.py&#39;, &#39;res_partner.py&#39;, ...])
E        +    where [&#39;screen.py&#39;, &#39;ticket.py&#39;, &#39;movie.py&#39;, &#39;category.py&#39;, &#39;genre.py&#39;, &#39;res_partner.py&#39;, ...] = &lt;test_minimal_requirements.SystemUnderTest object at 0x7e4979f5e960&gt;.basename_model_files

test_minimal_requirements.py:253: AssertionError</pre>
                        
                        

                        
                        
                        
                    </div>
                
                </div>
            </div>
            
            <div class="testclass">
                <h4>test_minimal_requirements.TestRNF2</h4>
                <div class="testcases">
                
                    <div class="test outcome outcome-passed">
                        <a id="a73ee784-2126-4472-bdb6-45047dc60415"></a>
                        <table class="proplist">
                            <tr><th>Test case:</th><td><b>test_relacion_many2many</b></td></tr>
                            <tr><th>Outcome:</th><td>Passed</td></tr>
                            <tr><th>Duration:</th><td>0.031 sec</td></tr>
                        
                        
                        </table>

                        
                        

                        
                        
                        
                    </div>
                
                    <div class="test outcome outcome-passed">
                        <a id="5cab0f2b-9856-46af-9836-aa0a2cc292b1"></a>
                        <table class="proplist">
                            <tr><th>Test case:</th><td><b>test_modelos_tienen_algun_campo_relacion[one2many]</b></td></tr>
                            <tr><th>Outcome:</th><td>Passed</td></tr>
                            <tr><th>Duration:</th><td>0.118 sec</td></tr>
                        
                        
                        </table>

                        
                        

                        
                        
                        
                    </div>
                
                    <div class="test outcome outcome-passed">
                        <a id="4de47f76-5ff0-41b7-979e-8cf48a9bb307"></a>
                        <table class="proplist">
                            <tr><th>Test case:</th><td><b>test_modelos_tienen_algun_campo_relacion[many2one]</b></td></tr>
                            <tr><th>Outcome:</th><td>Passed</td></tr>
                            <tr><th>Duration:</th><td>0.102 sec</td></tr>
                        
                        
                        </table>

                        
                        

                        
                        
                        
                    </div>
                
                    <div class="test outcome outcome-passed">
                        <a id="6e536da4-04db-4cd6-adcc-7ece5131891a"></a>
                        <table class="proplist">
                            <tr><th>Test case:</th><td><b>test_unknown_comodel_name</b></td></tr>
                            <tr><th>Outcome:</th><td>Passed</td></tr>
                            <tr><th>Duration:</th><td>0.001 sec</td></tr>
                        
                        
                        </table>

                        
                        

                        
                        
                        
                    </div>
                
                </div>
            </div>
            
            <div class="testclass">
                <h4>test_minimal_requirements.TestRNF3</h4>
                <div class="testcases">
                
                    <div class="test outcome outcome-failed">
                        <a id="1362e7a4-5afb-4a34-88a0-b0147f07c6b5"></a>
                        <table class="proplist">
                            <tr><th>Test case:</th><td><b>test_modelos_tienen_vista[tree]</b></td></tr>
                            <tr><th>Outcome:</th><td>Failed</td></tr>
                            <tr><th>Duration:</th><td>0.059 sec</td></tr>
                        
                            <tr><th>Failed</th><td>AssertionError: No coinciden el número de modelos de datos de la aplicación con el número de vistas tree - Vistas **Form** y **Tree** específicas para cada clase. 
      Todos los &lt;u&gt;formularios deberán incluir un elemento anidado Tree (u opcionalmente Kanban)&lt;/u&gt;
      si el modelo del formulario puede tener relación con múltiples objetos de otro modelo.
assert 8 == 6
 +  where 8 = len([&#39;rcg_cinema.screen&#39;, &#39;rcg_cinema.screening&#39;, &#39;rcg_cinema.movie&#39;, &#39;rcg_cinema.category&#39;, &#39;rcg_cinema.genre&#39;, &#39;rcg_cinema.ticket&#39;, ...])
 +    where [&#39;rcg_cinema.screen&#39;, &#39;rcg_cinema.screening&#39;, &#39;rcg_cinema.movie&#39;, &#39;rcg_cinema.category&#39;, &#39;rcg_cinema.genre&#39;, &#39;rcg_cinema.ticket&#39;, ...] = &lt;test_minimal_requirements.SystemUnderTest object at 0x7e4979f5e960&gt;.basename_app_models
 +  and   6 = &lt;bound method SystemUnderTest.modelos_tienen_vista of &lt;test_minimal_requirements.SystemUnderTest object at 0x7e4979f5e960&gt;&gt;(&#39;tree&#39;)
 +    where &lt;bound method SystemUnderTest.modelos_tienen_vista of &lt;test_minimal_requirements.SystemUnderTest object at 0x7e4979f5e960&gt;&gt; = &lt;test_minimal_requirements.SystemUnderTest object at 0x7e4979f5e960&gt;.modelos_tienen_vista</td></tr>
                        
                        
                        </table>

                        
                        <pre>self = &lt;test_minimal_requirements.TestRNF3 object at 0x7e49791236b0&gt;, sut = &lt;test_minimal_requirements.SystemUnderTest object at 0x7e4979f5e960&gt;, view_type = &#39;tree&#39;

    @pytest.mark.parametrize(&#34;view_type&#34;, [&#39;tree&#39;, &#39;form&#39;])
    def test_modelos_tienen_vista(self, sut, view_type):
&gt;       assert len(sut.basename_app_models) == sut.modelos_tienen_vista(view_type) , f&#34;No coinciden el número de modelos de datos de la aplicación con el número de vistas {view_type} - {self.__doc__}&#34;
E       AssertionError: No coinciden el número de modelos de datos de la aplicación con el número de vistas tree - Vistas **Form** y **Tree** específicas para cada clase. 
E             Todos los &lt;u&gt;formularios deberán incluir un elemento anidado Tree (u opcionalmente Kanban)&lt;/u&gt;
E             si el modelo del formulario puede tener relación con múltiples objetos de otro modelo.
E       assert 8 == 6
E        +  where 8 = len([&#39;rcg_cinema.screen&#39;, &#39;rcg_cinema.screening&#39;, &#39;rcg_cinema.movie&#39;, &#39;rcg_cinema.category&#39;, &#39;rcg_cinema.genre&#39;, &#39;rcg_cinema.ticket&#39;, ...])
E        +    where [&#39;rcg_cinema.screen&#39;, &#39;rcg_cinema.screening&#39;, &#39;rcg_cinema.movie&#39;, &#39;rcg_cinema.category&#39;, &#39;rcg_cinema.genre&#39;, &#39;rcg_cinema.ticket&#39;, ...] = &lt;test_minimal_requirements.SystemUnderTest object at 0x7e4979f5e960&gt;.basename_app_models
E        +  and   6 = &lt;bound method SystemUnderTest.modelos_tienen_vista of &lt;test_minimal_requirements.SystemUnderTest object at 0x7e4979f5e960&gt;&gt;(&#39;tree&#39;)
E        +    where &lt;bound method SystemUnderTest.modelos_tienen_vista of &lt;test_minimal_requirements.SystemUnderTest object at 0x7e4979f5e960&gt;&gt; = &lt;test_minimal_requirements.SystemUnderTest object at 0x7e4979f5e960&gt;.modelos_tienen_vista

test_minimal_requirements.py:287: AssertionError</pre>
                        
                        

                        
                        
                        
                    </div>
                
                    <div class="test outcome outcome-failed">
                        <a id="e2c9f833-c6d6-432b-9357-67c99d7af7a5"></a>
                        <table class="proplist">
                            <tr><th>Test case:</th><td><b>test_modelos_tienen_vista[form]</b></td></tr>
                            <tr><th>Outcome:</th><td>Failed</td></tr>
                            <tr><th>Duration:</th><td>0.057 sec</td></tr>
                        
                            <tr><th>Failed</th><td>AssertionError: No coinciden el número de modelos de datos de la aplicación con el número de vistas form - Vistas **Form** y **Tree** específicas para cada clase. 
      Todos los &lt;u&gt;formularios deberán incluir un elemento anidado Tree (u opcionalmente Kanban)&lt;/u&gt;
      si el modelo del formulario puede tener relación con múltiples objetos de otro modelo.
assert 8 == 7
 +  where 8 = len([&#39;rcg_cinema.screen&#39;, &#39;rcg_cinema.screening&#39;, &#39;rcg_cinema.movie&#39;, &#39;rcg_cinema.category&#39;, &#39;rcg_cinema.genre&#39;, &#39;rcg_cinema.ticket&#39;, ...])
 +    where [&#39;rcg_cinema.screen&#39;, &#39;rcg_cinema.screening&#39;, &#39;rcg_cinema.movie&#39;, &#39;rcg_cinema.category&#39;, &#39;rcg_cinema.genre&#39;, &#39;rcg_cinema.ticket&#39;, ...] = &lt;test_minimal_requirements.SystemUnderTest object at 0x7e4979f5e960&gt;.basename_app_models
 +  and   7 = &lt;bound method SystemUnderTest.modelos_tienen_vista of &lt;test_minimal_requirements.SystemUnderTest object at 0x7e4979f5e960&gt;&gt;(&#39;form&#39;)
 +    where &lt;bound method SystemUnderTest.modelos_tienen_vista of &lt;test_minimal_requirements.SystemUnderTest object at 0x7e4979f5e960&gt;&gt; = &lt;test_minimal_requirements.SystemUnderTest object at 0x7e4979f5e960&gt;.modelos_tienen_vista</td></tr>
                        
                        
                        </table>

                        
                        <pre>self = &lt;test_minimal_requirements.TestRNF3 object at 0x7e49791237a0&gt;, sut = &lt;test_minimal_requirements.SystemUnderTest object at 0x7e4979f5e960&gt;, view_type = &#39;form&#39;

    @pytest.mark.parametrize(&#34;view_type&#34;, [&#39;tree&#39;, &#39;form&#39;])
    def test_modelos_tienen_vista(self, sut, view_type):
&gt;       assert len(sut.basename_app_models) == sut.modelos_tienen_vista(view_type) , f&#34;No coinciden el número de modelos de datos de la aplicación con el número de vistas {view_type} - {self.__doc__}&#34;
E       AssertionError: No coinciden el número de modelos de datos de la aplicación con el número de vistas form - Vistas **Form** y **Tree** específicas para cada clase. 
E             Todos los &lt;u&gt;formularios deberán incluir un elemento anidado Tree (u opcionalmente Kanban)&lt;/u&gt;
E             si el modelo del formulario puede tener relación con múltiples objetos de otro modelo.
E       assert 8 == 7
E        +  where 8 = len([&#39;rcg_cinema.screen&#39;, &#39;rcg_cinema.screening&#39;, &#39;rcg_cinema.movie&#39;, &#39;rcg_cinema.category&#39;, &#39;rcg_cinema.genre&#39;, &#39;rcg_cinema.ticket&#39;, ...])
E        +    where [&#39;rcg_cinema.screen&#39;, &#39;rcg_cinema.screening&#39;, &#39;rcg_cinema.movie&#39;, &#39;rcg_cinema.category&#39;, &#39;rcg_cinema.genre&#39;, &#39;rcg_cinema.ticket&#39;, ...] = &lt;test_minimal_requirements.SystemUnderTest object at 0x7e4979f5e960&gt;.basename_app_models
E        +  and   7 = &lt;bound method SystemUnderTest.modelos_tienen_vista of &lt;test_minimal_requirements.SystemUnderTest object at 0x7e4979f5e960&gt;&gt;(&#39;form&#39;)
E        +    where &lt;bound method SystemUnderTest.modelos_tienen_vista of &lt;test_minimal_requirements.SystemUnderTest object at 0x7e4979f5e960&gt;&gt; = &lt;test_minimal_requirements.SystemUnderTest object at 0x7e4979f5e960&gt;.modelos_tienen_vista

test_minimal_requirements.py:287: AssertionError</pre>
                        
                        

                        
                        
                        
                    </div>
                
                    <div class="test outcome outcome-failed">
                        <a id="c0563717-4d8b-4e48-9d63-0fae888b19b3"></a>
                        <table class="proplist">
                            <tr><th>Test case:</th><td><b>test_formularios_tienen_vista_anidada_para_campos_X2many[one2many]</b></td></tr>
                            <tr><th>Outcome:</th><td>Failed</td></tr>
                            <tr><th>Duration:</th><td>0.101 sec</td></tr>
                        
                            <tr><th>Failed</th><td>AssertionError: No se ha encontrado tree/kanban anidado para campo &#39;ticket_ids&#39; del modelo &#39;rcg_cinema.screening&#39; - Vistas **Form** y **Tree** específicas para cada clase. 
      Todos los &lt;u&gt;formularios deberán incluir un elemento anidado Tree (u opcionalmente Kanban)&lt;/u&gt;
      si el modelo del formulario puede tener relación con múltiples objetos de otro modelo.
assert False
 +  where False = any(&lt;generator object TestRNF3.test_formularios_tienen_vista_anidada_para_campos_X2many.&lt;locals&gt;.&lt;genexpr&gt; at 0x7e4979176e40&gt;)</td></tr>
                        
                        
                        </table>

                        
                        <pre>self = &lt;test_minimal_requirements.TestRNF3 object at 0x7e4979123bc0&gt;, sut = &lt;test_minimal_requirements.SystemUnderTest object at 0x7e4979f5e960&gt;
relationship = &#39;one2many&#39;

    @pytest.mark.parametrize(&#34;relationship&#34;, [&#39;one2many&#39;, &#39;many2many&#39;])
    def test_formularios_tienen_vista_anidada_para_campos_X2many(self, sut, relationship):
        # @see https://www.cybrosys.com/blog/many2many-fields-and-its-widgets-odoo
        alternative_widgets = (&#39;many2many_default&#39;,
                                &#39;many2many_tags&#39;,
                                &#39;many2many_checkboxes&#39;,
                                &#39;many2many_kanban&#39;,
                                &#39;many2many_binary&#39;,
                                &#39;x2many_counter&#39;)
        fields = sut.modelos_tienen_campos(relationship)
        for f in fields:
            if not sut.hay_form_con_vista_anidada_para_campo(f):
&gt;               assert any(sut.hay_vista_con_campo_atributo_y_valor(&#39;form&#39;, f, &#39;widget&#39;, w) for w in alternative_widgets), f&#34;No se ha encontrado tree/kanban anidado para campo &#39;{f.get(&#39;name&#39;)}&#39; del modelo &#39;{f.get(&#39;model&#39;)}&#39; - {self.__doc__}&#34;
E               AssertionError: No se ha encontrado tree/kanban anidado para campo &#39;ticket_ids&#39; del modelo &#39;rcg_cinema.screening&#39; - Vistas **Form** y **Tree** específicas para cada clase. 
E                     Todos los &lt;u&gt;formularios deberán incluir un elemento anidado Tree (u opcionalmente Kanban)&lt;/u&gt;
E                     si el modelo del formulario puede tener relación con múltiples objetos de otro modelo.
E               assert False
E                +  where False = any(&lt;generator object TestRNF3.test_formularios_tienen_vista_anidada_para_campos_X2many.&lt;locals&gt;.&lt;genexpr&gt; at 0x7e4979176e40&gt;)

test_minimal_requirements.py:301: AssertionError</pre>
                        
                        

                        
                        
                        
                    </div>
                
                    <div class="test outcome outcome-passed">
                        <a id="4284e916-f271-4e56-9a61-2136a4fd45cc"></a>
                        <table class="proplist">
                            <tr><th>Test case:</th><td><b>test_formularios_tienen_vista_anidada_para_campos_X2many[many2many]</b></td></tr>
                            <tr><th>Outcome:</th><td>Passed</td></tr>
                            <tr><th>Duration:</th><td>0.098 sec</td></tr>
                        
                        
                        </table>

                        
                        

                        
                        
                        
                    </div>
                
                </div>
            </div>
            
            <div class="testclass">
                <h4>test_minimal_requirements.TestRNF4</h4>
                <div class="testcases">
                
                    <div class="test outcome outcome-failed">
                        <a id="732b2998-283e-4f93-962f-7ba232f812e9"></a>
                        <table class="proplist">
                            <tr><th>Test case:</th><td><b>test_vistas_en_ficheros_individuales</b></td></tr>
                            <tr><th>Outcome:</th><td>Failed</td></tr>
                            <tr><th>Duration:</th><td>0.001 sec</td></tr>
                        
                            <tr><th>Failed</th><td>AssertionError: No coinciden el número de modelos de datos de la aplicación con el número de ficheros XML en views - Los campos definidos en las clases deberán ser utilizados en alguna de sus vistas. 
      Se espera al menos un fichero xml para las vistas de cada clase.
assert 7 &gt;= 8
 +  where 7 = len([&#39;screen.xml&#39;, &#39;ticket.xml&#39;, &#39;res_partner.xml&#39;, &#39;screening.xml&#39;, &#39;movie.xml&#39;, &#39;category.xml&#39;, ...])
 +    where [&#39;screen.xml&#39;, &#39;ticket.xml&#39;, &#39;res_partner.xml&#39;, &#39;screening.xml&#39;, &#39;movie.xml&#39;, &#39;category.xml&#39;, ...] = &lt;test_minimal_requirements.SystemUnderTest object at 0x7e4979f5e960&gt;.basename_view_files
 +  and   8 = len([&#39;rcg_cinema.screen&#39;, &#39;rcg_cinema.screening&#39;, &#39;rcg_cinema.movie&#39;, &#39;rcg_cinema.category&#39;, &#39;rcg_cinema.genre&#39;, &#39;rcg_cinema.ticket&#39;, ...])
 +    where [&#39;rcg_cinema.screen&#39;, &#39;rcg_cinema.screening&#39;, &#39;rcg_cinema.movie&#39;, &#39;rcg_cinema.category&#39;, &#39;rcg_cinema.genre&#39;, &#39;rcg_cinema.ticket&#39;, ...] = &lt;test_minimal_requirements.SystemUnderTest object at 0x7e4979f5e960&gt;.basename_app_models</td></tr>
                        
                        
                        </table>

                        
                        <pre>self = &lt;test_minimal_requirements.TestRNF4 object at 0x7e49791580b0&gt;, sut = &lt;test_minimal_requirements.SystemUnderTest object at 0x7e4979f5e960&gt;

    def test_vistas_en_ficheros_individuales(self, sut):
&gt;       assert len(sut.basename_view_files) &gt;= len(sut.basename_app_models), f&#34;No coinciden el número de modelos de datos de la aplicación con el número de ficheros XML en views - {self.__doc__}&#34;
E       AssertionError: No coinciden el número de modelos de datos de la aplicación con el número de ficheros XML en views - Los campos definidos en las clases deberán ser utilizados en alguna de sus vistas. 
E             Se espera al menos un fichero xml para las vistas de cada clase.
E       assert 7 &gt;= 8
E        +  where 7 = len([&#39;screen.xml&#39;, &#39;ticket.xml&#39;, &#39;res_partner.xml&#39;, &#39;screening.xml&#39;, &#39;movie.xml&#39;, &#39;category.xml&#39;, ...])
E        +    where [&#39;screen.xml&#39;, &#39;ticket.xml&#39;, &#39;res_partner.xml&#39;, &#39;screening.xml&#39;, &#39;movie.xml&#39;, &#39;category.xml&#39;, ...] = &lt;test_minimal_requirements.SystemUnderTest object at 0x7e4979f5e960&gt;.basename_view_files
E        +  and   8 = len([&#39;rcg_cinema.screen&#39;, &#39;rcg_cinema.screening&#39;, &#39;rcg_cinema.movie&#39;, &#39;rcg_cinema.category&#39;, &#39;rcg_cinema.genre&#39;, &#39;rcg_cinema.ticket&#39;, ...])
E        +    where [&#39;rcg_cinema.screen&#39;, &#39;rcg_cinema.screening&#39;, &#39;rcg_cinema.movie&#39;, &#39;rcg_cinema.category&#39;, &#39;rcg_cinema.genre&#39;, &#39;rcg_cinema.ticket&#39;, ...] = &lt;test_minimal_requirements.SystemUnderTest object at 0x7e4979f5e960&gt;.basename_app_models

test_minimal_requirements.py:309: AssertionError</pre>
                        
                        

                        
                        
                        
                    </div>
                
                </div>
            </div>
            
            <div class="testclass">
                <h4>test_minimal_requirements.TestRNF5</h4>
                <div class="testcases">
                
                    <div class="test outcome outcome-passed">
                        <a id="62af196d-cdb4-476d-b493-02f453f60271"></a>
                        <table class="proplist">
                            <tr><th>Test case:</th><td><b>test_modelos_tienen_algun_posible_campo_imagen</b></td></tr>
                            <tr><th>Outcome:</th><td>Passed</td></tr>
                            <tr><th>Duration:</th><td>0.093 sec</td></tr>
                        
                        
                        </table>

                        
                        

                        
                        
                        
                    </div>
                
                    <div class="test outcome outcome-passed">
                        <a id="e51cb95b-81f7-4fd1-892a-1956982e53af"></a>
                        <table class="proplist">
                            <tr><th>Test case:</th><td><b>test_alguna_vista_tiene_campo_imagen</b></td></tr>
                            <tr><th>Outcome:</th><td>Passed</td></tr>
                            <tr><th>Duration:</th><td>0.098 sec</td></tr>
                        
                        
                        </table>

                        
                        

                        
                        
                        
                    </div>
                
                </div>
            </div>
            
            <div class="testclass">
                <h4>test_minimal_requirements.TestRNF6</h4>
                <div class="testcases">
                
                    <div class="test outcome outcome-failed">
                        <a id="9df000ed-fbfd-4cff-a381-3476e854d6c2"></a>
                        <table class="proplist">
                            <tr><th>Test case:</th><td><b>test_modelos_tienen_acciones</b></td></tr>
                            <tr><th>Outcome:</th><td>Failed</td></tr>
                            <tr><th>Duration:</th><td>0.049 sec</td></tr>
                        
                            <tr><th>Failed</th><td>AssertionError: No hay acción de ventana definida para el modelo rcg_cinema.ticket.wizard.line - **Menús**, **submenús** (opcionalmente) y **acciones**.
assert []
 +  where [] = &lt;bound method SystemUnderTest.execute_kw of &lt;test_minimal_requirements.SystemUnderTest object at 0x7e4979f5e960&gt;&gt;(&#39;ir.actions.act_window&#39;, &#39;search&#39;, [[(&#39;res_model&#39;, &#39;=&#39;, &#39;rcg_cinema.ticket.wizard.line&#39;)]])
 +    where &lt;bound method SystemUnderTest.execute_kw of &lt;test_minimal_requirements.SystemUnderTest object at 0x7e4979f5e960&gt;&gt; = &lt;test_minimal_requirements.SystemUnderTest object at 0x7e4979f5e960&gt;.execute_kw</td></tr>
                        
                        
                        </table>

                        
                        <pre>self = &lt;test_minimal_requirements.TestRNF6 object at 0x7e4979a40800&gt;, sut = &lt;test_minimal_requirements.SystemUnderTest object at 0x7e4979f5e960&gt;

    def test_modelos_tienen_acciones(self, sut):
        assert sut.basename_app_models
        for res_model in sut.basename_app_models:
&gt;           assert sut.execute_kw(&#39;ir.actions.act_window&#39;, &#39;search&#39;, [[(&#39;res_model&#39;, &#39;=&#39;, res_model)]]), f&#34;No hay acción de ventana definida para el modelo {res_model} - {self.__doc__}&#34;
E           AssertionError: No hay acción de ventana definida para el modelo rcg_cinema.ticket.wizard.line - **Menús**, **submenús** (opcionalmente) y **acciones**.
E           assert []
E            +  where [] = &lt;bound method SystemUnderTest.execute_kw of &lt;test_minimal_requirements.SystemUnderTest object at 0x7e4979f5e960&gt;&gt;(&#39;ir.actions.act_window&#39;, &#39;search&#39;, [[(&#39;res_model&#39;, &#39;=&#39;, &#39;rcg_cinema.ticket.wizard.line&#39;)]])
E            +    where &lt;bound method SystemUnderTest.execute_kw of &lt;test_minimal_requirements.SystemUnderTest object at 0x7e4979f5e960&gt;&gt; = &lt;test_minimal_requirements.SystemUnderTest object at 0x7e4979f5e960&gt;.execute_kw

test_minimal_requirements.py:332: AssertionError</pre>
                        
                        

                        
                        
                        
                    </div>
                
                    <div class="test outcome outcome-passed">
                        <a id="e5ee6d10-0431-440d-b219-2c8807666b67"></a>
                        <table class="proplist">
                            <tr><th>Test case:</th><td><b>test_hay_elementos_de_menu[.//menuitem[@action]]</b></td></tr>
                            <tr><th>Outcome:</th><td>Passed</td></tr>
                            <tr><th>Duration:</th><td>0.002 sec</td></tr>
                        
                        
                        </table>

                        
                        

                        
                        
                        
                    </div>
                
                </div>
            </div>
            
            <div class="testclass">
                <h4>test_minimal_requirements.TestRNF7</h4>
                <div class="testcases">
                
                    <div class="test outcome outcome-passed">
                        <a id="33ebe9e4-5b7b-4c9c-9fb7-182a845e92b9"></a>
                        <table class="proplist">
                            <tr><th>Test case:</th><td><b>test_modelos_tienen_permisos</b></td></tr>
                            <tr><th>Outcome:</th><td>Passed</td></tr>
                            <tr><th>Duration:</th><td>0.065 sec</td></tr>
                        
                        
                        </table>

                        
                        

                        
                        
                        
                    </div>
                
                </div>
            </div>
            
            <div class="testclass">
                <h4>test_minimal_requirements.TestRNF8</h4>
                <div class="testcases">
                
                    <div class="test outcome outcome-passed">
                        <a id="930f3f60-b8e4-4d37-921b-8fe634075832"></a>
                        <table class="proplist">
                            <tr><th>Test case:</th><td><b>test_app_tiene_icono</b></td></tr>
                            <tr><th>Outcome:</th><td>Passed</td></tr>
                            <tr><th>Duration:</th><td>0.016 sec</td></tr>
                        
                        
                        </table>

                        
                        

                        
                        
                        
                    </div>
                
                </div>
            </div>
            
            <div class="testclass">
                <h4>test_minimal_requirements.TestRNF9</h4>
                <div class="testcases">
                
                    <div class="test outcome outcome-passed">
                        <a id="2a37b477-da6d-421e-971c-6dcc64161bc0"></a>
                        <table class="proplist">
                            <tr><th>Test case:</th><td><b>test_modelos_tienen_datos_demo</b></td></tr>
                            <tr><th>Outcome:</th><td>Passed</td></tr>
                            <tr><th>Duration:</th><td>0.054 sec</td></tr>
                        
                        
                        </table>

                        
                        

                        
                        
                        
                    </div>
                
                </div>
            </div>
            
            <div class="testclass">
                <h4>test_minimal_requirements.TestRNFGit</h4>
                <div class="testcases">
                
                    <div class="test outcome outcome-failed">
                        <a id="e2187e85-24e6-442b-a180-8e26338a2f80"></a>
                        <table class="proplist">
                            <tr><th>Test case:</th><td><b>test_git_commit_frecuentes</b></td></tr>
                            <tr><th>Outcome:</th><td>Failed</td></tr>
                            <tr><th>Duration:</th><td>0.001 sec</td></tr>
                        
                            <tr><th>Failed</th><td>AssertionError: El proyecto se desarrollará a partir de un _fork_ del repositorio javnitram/SGE-odoo-it-yourself, 
      sincronizando frecuentemente (mínimo 1 _commit_ &amp; _push_ por semana)
assert 2 &gt; 5
 +  where 2 = len([&#39;commit 9ce41c659c72f6d379e43e1e29063ebc3630b450\n&#39;, &#39;commit e141bc4b6821aff1afdea0c32c046d54d6e90670\n&#39;])</td></tr>
                        
                        
                        </table>

                        
                        <pre>self = &lt;test_minimal_requirements.TestRNFGit object at 0x7e4979159ca0&gt;, sut = &lt;test_minimal_requirements.SystemUnderTest object at 0x7e4979f5e960&gt;

    def test_git_commit_frecuentes(self, sut):
        with open(sut.git_log, &#34;r&#34;) as f:
            content = f.readlines()
            content = list(filter(lambda x: x.startswith(&#34;commit&#34;), content))
            print(*content)
&gt;           assert len(content) &gt; 5, self.__doc__
E           AssertionError: El proyecto se desarrollará a partir de un _fork_ del repositorio javnitram/SGE-odoo-it-yourself, 
E                 sincronizando frecuentemente (mínimo 1 _commit_ &amp; _push_ por semana)
E           assert 2 &gt; 5
E            +  where 2 = len([&#39;commit 9ce41c659c72f6d379e43e1e29063ebc3630b450\n&#39;, &#39;commit e141bc4b6821aff1afdea0c32c046d54d6e90670\n&#39;])

test_minimal_requirements.py:399: AssertionError</pre>
                        
                        

                        
                        
                        
                    </div>
                
                </div>
            </div>
            
            <div class="testclass">
                <h4>test_minimal_requirements.TestRNFCalidad</h4>
                <div class="testcases">
                
                    <div class="test outcome outcome-passed">
                        <a id="9347f4d7-8a61-42d7-ab2c-c4eb578d07ac"></a>
                        <table class="proplist">
                            <tr><th>Test case:</th><td><b>test_odoo_disponible</b></td></tr>
                            <tr><th>Outcome:</th><td>Passed</td></tr>
                            <tr><th>Duration:</th><td>0.009 sec</td></tr>
                        
                        
                        </table>

                        
                        

                        
                        
                        
                    </div>
                
                    <div class="test outcome outcome-passed">
                        <a id="a3d411ef-80db-4933-8a07-42b40e3d62a9"></a>
                        <table class="proplist">
                            <tr><th>Test case:</th><td><b>test_app_instalada</b></td></tr>
                            <tr><th>Outcome:</th><td>Passed</td></tr>
                            <tr><th>Duration:</th><td>0.016 sec</td></tr>
                        
                        
                        </table>

                        
                        

                        
                        
                        
                    </div>
                
                    <div class="test outcome outcome-passed">
                        <a id="0f15a352-1c79-4b47-8024-40b3ce006c03"></a>
                        <table class="proplist">
                            <tr><th>Test case:</th><td><b>test_otras_apps_entregadas_son_dependencias</b></td></tr>
                            <tr><th>Outcome:</th><td>Passed</td></tr>
                            <tr><th>Duration:</th><td>0.017 sec</td></tr>
                        
                        
                        </table>

                        
                        

                        
                        
                        
                    </div>
                
                    <div class="test outcome outcome-passed">
                        <a id="24f6df28-08f5-4686-8818-9fc0b8acfb1d"></a>
                        <table class="proplist">
                            <tr><th>Test case:</th><td><b>test_no_hay_elementos_xml_comentados</b></td></tr>
                            <tr><th>Outcome:</th><td>Passed</td></tr>
                            <tr><th>Duration:</th><td>0.002 sec</td></tr>
                        
                        
                        </table>

                        
                        

                        
                        
                        
                    </div>
                
                    <div class="test outcome outcome-failed">
                        <a id="357c13c3-9d78-4041-b3a0-52ad72e936a8"></a>
                        <table class="proplist">
                            <tr><th>Test case:</th><td><b>test_no_hay_codigo_python_comentado</b></td></tr>
                            <tr><th>Outcome:</th><td>Failed</td></tr>
                            <tr><th>Duration:</th><td>0.529 sec</td></tr>
                        
                            <tr><th>Failed</th><td>AssertionError: Se ha encontrado código Python comentado {&#39;controllers.py&#39;: &#39;-# from odoo import http\n-#         return &#34;Hello, world&#34;\n-#             \&#39;root\&#39;: \&#39;/rcg_cinema/rcg_cinema\&#39;,\n-#             \&#39;objects\&#39;: http.request.env[\&#39;rcg_cinema.rcg_cinema\&#39;].search([]),\n-#         })\n-#         })\n&#39;} - Tu código debe estar bien probado, documentado, sin código comentado, sin ficheros innecesarios y con un *manifest* cuidado.
assert {&#39;controllers.py&#39;: &#39;-# from odoo import http\n-#         return &#34;Hello, world&#34;\n-#             \&#39;root\&#39;: \&#39;/rcg_cinema/rcg_cinema\&#39;,\n-#             \&#39;objects\&#39;: http.request.env[\&#39;rcg_cinema.rcg_cinema\&#39;].search([]),\n-#         })\n-#         })\n&#39;} == {}
  
  Left contains 1 more item:
  {&#39;controllers.py&#39;: &#39;-# from odoo import http\n&#39;
                     &#39;-#         return &#34;Hello, world&#34;\n&#39;
                     &#34;-#             &#39;root&#39;: &#39;/rcg_cinema/rcg_cinema&#39;,\n&#34;
                     &#34;-#             &#39;objects&#39;: &#34;
                     &#34;http.request.env[&#39;rcg_cinema.rcg_cinema&#39;].search([]),\n&#34;
                     &#39;-#         })\n&#39;
                     &#39;-#         })\n&#39;}
  
  Full diff:
  - {}
  + {
  +     &#39;controllers.py&#39;: &#39;-# from odoo import http\n&#39;
  +     &#39;-#         return &#34;Hello, world&#34;\n&#39;
  +     &#34;-#             &#39;root&#39;: &#39;/rcg_cinema/rcg_cinema&#39;,\n&#34;
  +     &#34;-#             &#39;objects&#39;: &#34;
  +     &#34;http.request.env[&#39;rcg_cinema.rcg_cinema&#39;].search([]),\n&#34;
  +     &#39;-#         })\n&#39;
  +     &#39;-#         })\n&#39;,
  + }</td></tr>
                        
                        
                        </table>

                        
                        <pre>self = &lt;test_minimal_requirements.TestRNFCalidad object at 0x7e497915b080&gt;, sut = &lt;test_minimal_requirements.SystemUnderTest object at 0x7e4979f5e960&gt;

    def test_no_hay_codigo_python_comentado(self, sut):
        ficheros_codigo_comentado = {}
        for f in sut.py_files:
            eradicate = subprocess.run([&#39;eradicate&#39;, f], stdout=subprocess.PIPE)
            grep = subprocess.run(&#34;grep -e &#39;-\\s*#.*&#39;&#34;, shell=True, input=eradicate.stdout, stdout=subprocess.PIPE)
            codigo_comentado = grep.stdout.decode(&#39;utf-8&#39;)
            if codigo_comentado:
                ficheros_codigo_comentado[os.path.basename(f)] = codigo_comentado
    
&gt;       assert ficheros_codigo_comentado == {}, f&#34;Se ha encontrado código Python comentado {ficheros_codigo_comentado} - Tu código debe estar bien probado, documentado, sin código comentado, sin ficheros innecesarios y con un *manifest* cuidado.&#34;
E       AssertionError: Se ha encontrado código Python comentado {&#39;controllers.py&#39;: &#39;-# from odoo import http\n-#         return &#34;Hello, world&#34;\n-#             \&#39;root\&#39;: \&#39;/rcg_cinema/rcg_cinema\&#39;,\n-#             \&#39;objects\&#39;: http.request.env[\&#39;rcg_cinema.rcg_cinema\&#39;].search([]),\n-#         })\n-#         })\n&#39;} - Tu código debe estar bien probado, documentado, sin código comentado, sin ficheros innecesarios y con un *manifest* cuidado.
E       assert {&#39;controllers.py&#39;: &#39;-# from odoo import http\n-#         return &#34;Hello, world&#34;\n-#             \&#39;root\&#39;: \&#39;/rcg_cinema/rcg_cinema\&#39;,\n-#             \&#39;objects\&#39;: http.request.env[\&#39;rcg_cinema.rcg_cinema\&#39;].search([]),\n-#         })\n-#         })\n&#39;} == {}
E         
E         Left contains 1 more item:
E         {&#39;controllers.py&#39;: &#39;-# from odoo import http\n&#39;
E                            &#39;-#         return &#34;Hello, world&#34;\n&#39;
E                            &#34;-#             &#39;root&#39;: &#39;/rcg_cinema/rcg_cinema&#39;,\n&#34;
E                            &#34;-#             &#39;objects&#39;: &#34;
E                            &#34;http.request.env[&#39;rcg_cinema.rcg_cinema&#39;].search([]),\n&#34;
E                            &#39;-#         })\n&#39;
E                            &#39;-#         })\n&#39;}
E         
E         Full diff:
E         - {}
E         + {
E         +     &#39;controllers.py&#39;: &#39;-# from odoo import http\n&#39;
E         +     &#39;-#         return &#34;Hello, world&#34;\n&#39;
E         +     &#34;-#             &#39;root&#39;: &#39;/rcg_cinema/rcg_cinema&#39;,\n&#34;
E         +     &#34;-#             &#39;objects&#39;: &#34;
E         +     &#34;http.request.env[&#39;rcg_cinema.rcg_cinema&#39;].search([]),\n&#34;
E         +     &#39;-#         })\n&#39;
E         +     &#39;-#         })\n&#39;,
E         + }

test_minimal_requirements.py:464: AssertionError</pre>
                        
                        

                        
                        
                        
                    </div>
                
                    <div class="test outcome outcome-passed">
                        <a id="56f7cc81-4391-4f42-b9cd-829d16ec9b9d"></a>
                        <table class="proplist">
                            <tr><th>Test case:</th><td><b>test_log_servidor_sin_errores</b></td></tr>
                            <tr><th>Outcome:</th><td>Passed</td></tr>
                            <tr><th>Duration:</th><td>0.001 sec</td></tr>
                        
                        
                        </table>

                        
                        

                        
                        
                        
                    </div>
                
                </div>
            </div>
            
            <div class="testclass">
                <h4>test_minimal_requirements.TestOtros</h4>
                <div class="testcases">
                
                    <div class="test outcome outcome-skipped">
                        <a id="8252fdae-37de-4d87-a982-945bc087a27a"></a>
                        <table class="proplist">
                            <tr><th>Test case:</th><td><b>test_log_sin_warnings</b></td></tr>
                            <tr><th>Outcome:</th><td>Skipped</td></tr>
                            <tr><th>Duration:</th><td>0.002 sec</td></tr>
                        
                        
                            <tr><th>Skipped</th><td></td></tr>
                        
                        </table>

                        
                        
                        <pre>skipped</pre>
                        

                        
                        
                        
                    </div>
                
                </div>
            </div>
            
            <div class="testclass">
                <h4>test_minimal_requirements.TestRNFAdicionalesKanban</h4>
                <div class="testcases">
                
                    <div class="test outcome outcome-passed">
                        <a id="b58f60f7-a12c-4597-8e69-c020c60271d2"></a>
                        <table class="proplist">
                            <tr><th>Test case:</th><td><b>test_vista_kanban[/kanban]</b></td></tr>
                            <tr><th>Outcome:</th><td>Passed</td></tr>
                            <tr><th>Duration:</th><td>0.003 sec</td></tr>
                        
                        
                        </table>

                        
                        

                        
                        
                        
                    </div>
                
                    <div class="test outcome outcome-skipped">
                        <a id="0f0de641-80bb-4e58-8200-2f5b04212922"></a>
                        <table class="proplist">
                            <tr><th>Test case:</th><td><b>test_vista_kanban[/kanban[@default_group_by]]</b></td></tr>
                            <tr><th>Outcome:</th><td>Skipped</td></tr>
                            <tr><th>Duration:</th><td>0.008 sec</td></tr>
                        
                        
                            <tr><th>Skipped</th><td></td></tr>
                        
                        </table>

                        
                        
                        <pre>skipped</pre>
                        

                        
                        
                        
                    </div>
                
                    <div class="test outcome outcome-skipped">
                        <a id="19b7cd5a-61e8-4428-b409-efc1d02c8610"></a>
                        <table class="proplist">
                            <tr><th>Test case:</th><td><b>test_vista_kanban_imagen[/img]</b></td></tr>
                            <tr><th>Outcome:</th><td>Skipped</td></tr>
                            <tr><th>Duration:</th><td>0.008 sec</td></tr>
                        
                        
                            <tr><th>Skipped</th><td></td></tr>
                        
                        </table>

                        
                        
                        <pre>skipped</pre>
                        

                        
                        
                        
                    </div>
                
                    <div class="test outcome outcome-skipped">
                        <a id="0157635f-eb5d-4c2d-8a8e-36cce050d699"></a>
                        <table class="proplist">
                            <tr><th>Test case:</th><td><b>test_vista_kanban_imagen[/field[@preview_image]]</b></td></tr>
                            <tr><th>Outcome:</th><td>Skipped</td></tr>
                            <tr><th>Duration:</th><td>0.008 sec</td></tr>
                        
                        
                            <tr><th>Skipped</th><td></td></tr>
                        
                        </table>

                        
                        
                        <pre>skipped</pre>
                        

                        
                        
                        
                    </div>
                
                    <div class="test outcome outcome-passed">
                        <a id="df3f4642-7aed-403a-a5eb-4ca5f8cb41b1"></a>
                        <table class="proplist">
                            <tr><th>Test case:</th><td><b>test_vista_kanban_imagen[/field[@widget=&#34;image&#34;]]</b></td></tr>
                            <tr><th>Outcome:</th><td>Passed</td></tr>
                            <tr><th>Duration:</th><td>0.003 sec</td></tr>
                        
                        
                        </table>

                        
                        

                        
                        
                        
                    </div>
                
                </div>
            </div>
            
            <div class="testclass">
                <h4>test_minimal_requirements.TestRNFAdicionalesBusqueda</h4>
                <div class="testcases">
                
                    <div class="test outcome outcome-passed">
                        <a id="192319ad-f593-4964-a75b-f959528ee37d"></a>
                        <table class="proplist">
                            <tr><th>Test case:</th><td><b>test_vista_search[/search]</b></td></tr>
                            <tr><th>Outcome:</th><td>Passed</td></tr>
                            <tr><th>Duration:</th><td>0.002 sec</td></tr>
                        
                        
                        </table>

                        
                        

                        
                        
                        
                    </div>
                
                    <div class="test outcome outcome-passed">
                        <a id="cdfcdcea-f15a-4bb2-a000-2aa3f54dd0f4"></a>
                        <table class="proplist">
                            <tr><th>Test case:</th><td><b>test_vista_search_compleja[/filter[@domain]]</b></td></tr>
                            <tr><th>Outcome:</th><td>Passed</td></tr>
                            <tr><th>Duration:</th><td>0.005 sec</td></tr>
                        
                        
                        </table>

                        
                        

                        
                        
                        
                    </div>
                
                    <div class="test outcome outcome-passed">
                        <a id="98e0fe91-4751-4d8d-97ef-92a3e1bca189"></a>
                        <table class="proplist">
                            <tr><th>Test case:</th><td><b>test_vista_search_compleja[/group//filter[@context]]</b></td></tr>
                            <tr><th>Outcome:</th><td>Passed</td></tr>
                            <tr><th>Duration:</th><td>0.003 sec</td></tr>
                        
                        
                        </table>

                        
                        

                        
                        
                        
                    </div>
                
                </div>
            </div>
            
            <div class="testclass">
                <h4>test_minimal_requirements.TestRNFAdicionalesOtrasVistas</h4>
                <div class="testcases">
                
                    <div class="test outcome outcome-skipped">
                        <a id="724413c9-6616-4d85-ba8b-766ae35d3daa"></a>
                        <table class="proplist">
                            <tr><th>Test case:</th><td><b>test_otras_vistas_adicionales[activity]</b></td></tr>
                            <tr><th>Outcome:</th><td>Skipped</td></tr>
                            <tr><th>Duration:</th><td>0.056 sec</td></tr>
                        
                        
                            <tr><th>Skipped</th><td></td></tr>
                        
                        </table>

                        
                        
                        <pre>skipped</pre>
                        

                        
                        
                        
                    </div>
                
                    <div class="test outcome outcome-passed">
                        <a id="a42373fe-8a58-47b6-8e7b-0b96666aaee7"></a>
                        <table class="proplist">
                            <tr><th>Test case:</th><td><b>test_otras_vistas_adicionales[calendar]</b></td></tr>
                            <tr><th>Outcome:</th><td>Passed</td></tr>
                            <tr><th>Duration:</th><td>0.056 sec</td></tr>
                        
                        
                        </table>

                        
                        

                        
                        
                        
                    </div>
                
                    <div class="test outcome outcome-passed">
                        <a id="6597ce6a-7b1e-4f37-adf4-2642fa2f0ad6"></a>
                        <table class="proplist">
                            <tr><th>Test case:</th><td><b>test_otras_vistas_adicionales[graph]</b></td></tr>
                            <tr><th>Outcome:</th><td>Passed</td></tr>
                            <tr><th>Duration:</th><td>0.055 sec</td></tr>
                        
                        
                        </table>

                        
                        

                        
                        
                        
                    </div>
                
                    <div class="test outcome outcome-passed">
                        <a id="613061de-78bc-4444-ab53-b3a619ced712"></a>
                        <table class="proplist">
                            <tr><th>Test case:</th><td><b>test_otras_vistas_adicionales[pivot]</b></td></tr>
                            <tr><th>Outcome:</th><td>Passed</td></tr>
                            <tr><th>Duration:</th><td>0.055 sec</td></tr>
                        
                        
                        </table>

                        
                        

                        
                        
                        
                    </div>
                
                </div>
            </div>
            
            <div class="testclass">
                <h4>test_minimal_requirements.TestRNFAdicionalesConstraints</h4>
                <div class="testcases">
                
                    <div class="test outcome outcome-passed">
                        <a id="d93b70bb-31a8-4be3-a6c3-4ec40ded6517"></a>
                        <table class="proplist">
                            <tr><th>Test case:</th><td><b>test_constraints_sql</b></td></tr>
                            <tr><th>Outcome:</th><td>Passed</td></tr>
                            <tr><th>Duration:</th><td>0.021 sec</td></tr>
                        
                        
                        </table>

                        
                        

                        
                        
                        
                    </div>
                
                </div>
            </div>
            
            <div class="testclass">
                <h4>test_minimal_requirements.TestRNFAdicionalesSeguridadAvanzada</h4>
                <div class="testcases">
                
                    <div class="test outcome outcome-passed">
                        <a id="16c98bfc-bdb9-47bd-9298-55d2cdb6c3c0"></a>
                        <table class="proplist">
                            <tr><th>Test case:</th><td><b>test_seguridad_con_grupos_propios</b></td></tr>
                            <tr><th>Outcome:</th><td>Passed</td></tr>
                            <tr><th>Duration:</th><td>0.003 sec</td></tr>
                        
                        
                        </table>

                        
                        

                        
                        
                        
                    </div>
                
                </div>
            </div>
            
            <div class="testclass">
                <h4>test_minimal_requirements.TestRNFAdicionalesDatosAvanzados</h4>
                <div class="testcases">
                
                    <div class="test outcome outcome-skipped">
                        <a id="e1b4e794-ecfa-4db0-9a3e-c0bdf0a1b134"></a>
                        <table class="proplist">
                            <tr><th>Test case:</th><td><b>test_datos_maestros_o_demo_avanzados[binary]</b></td></tr>
                            <tr><th>Outcome:</th><td>Skipped</td></tr>
                            <tr><th>Duration:</th><td>0.101 sec</td></tr>
                        
                        
                            <tr><th>Skipped</th><td></td></tr>
                        
                        </table>

                        
                        
                        <pre>skipped</pre>
                        

                        
                        
                        
                    </div>
                
                    <div class="test outcome outcome-passed">
                        <a id="ddc0f38a-0c05-421e-a5ff-058e145f64d8"></a>
                        <table class="proplist">
                            <tr><th>Test case:</th><td><b>test_datos_maestros_o_demo_avanzados[many2many]</b></td></tr>
                            <tr><th>Outcome:</th><td>Passed</td></tr>
                            <tr><th>Duration:</th><td>0.099 sec</td></tr>
                        
                        
                        </table>

                        
                        

                        
                        
                        
                    </div>
                
                    <div class="test outcome outcome-passed">
                        <a id="32f13f80-b4c5-4bc8-92d6-0f3927c5694f"></a>
                        <table class="proplist">
                            <tr><th>Test case:</th><td><b>test_datos_maestros_o_demo_avanzados[many2one]</b></td></tr>
                            <tr><th>Outcome:</th><td>Passed</td></tr>
                            <tr><th>Duration:</th><td>0.138 sec</td></tr>
                        
                        
                        </table>

                        
                        

                        
                        
                        
                    </div>
                
                </div>
            </div>
            
            <div class="testclass">
                <h4>test_minimal_requirements.TestRNFAdicionalesHerenciaVistas</h4>
                <div class="testcases">
                
                    <div class="test outcome outcome-skipped">
                        <a id="2b872ac0-51ee-4ffb-9d00-c355d618c84d"></a>
                        <table class="proplist">
                            <tr><th>Test case:</th><td><b>test_herencia_en_vistas_con_position</b></td></tr>
                            <tr><th>Outcome:</th><td>Skipped</td></tr>
                            <tr><th>Duration:</th><td>0.016 sec</td></tr>
                        
                        
                            <tr><th>Skipped</th><td></td></tr>
                        
                        </table>

                        
                        
                        <pre>skipped</pre>
                        

                        
                        
                        
                    </div>
                
                    <div class="test outcome outcome-passed">
                        <a id="d33e56be-408d-4977-8eef-40c8133ea8b2"></a>
                        <table class="proplist">
                            <tr><th>Test case:</th><td><b>test_herencia_en_vistas_con_inherit_id</b></td></tr>
                            <tr><th>Outcome:</th><td>Passed</td></tr>
                            <tr><th>Duration:</th><td>0.003 sec</td></tr>
                        
                        
                        </table>

                        
                        

                        
                        
                        
                    </div>
                
                </div>
            </div>
            
            <div class="testclass">
                <h4>test_minimal_requirements.TestRNFAdicionalesHerenciaModelos</h4>
                <div class="testcases">
                
                    <div class="test outcome outcome-passed">
                        <a id="d441547f-ee6f-47cf-bdf4-e541ade2fe50"></a>
                        <table class="proplist">
                            <tr><th>Test case:</th><td><b>test_modelos_existentes_modificados_por_herencia</b></td></tr>
                            <tr><th>Outcome:</th><td>Passed</td></tr>
                            <tr><th>Duration:</th><td>0.001 sec</td></tr>
                        
                        
                        </table>

                        
                        

                        
                        
                        
                    </div>
                
                    <div class="test outcome outcome-skipped">
                        <a id="9c474e3f-ec07-447c-8996-7050ecd7b1c7"></a>
                        <table class="proplist">
                            <tr><th>Test case:</th><td><b>test_nuevos_modelos_con_herencia</b></td></tr>
                            <tr><th>Outcome:</th><td>Skipped</td></tr>
                            <tr><th>Duration:</th><td>0.001 sec</td></tr>
                        
                        
                            <tr><th>Skipped</th><td></td></tr>
                        
                        </table>

                        
                        
                        <pre>skipped</pre>
                        

                        
                        
                        
                    </div>
                
                </div>
            </div>
            
            <div class="testclass">
                <h4>test_minimal_requirements.TestRNFAdicionalesTraducciones</h4>
                <div class="testcases">
                
                    <div class="test outcome outcome-passed">
                        <a id="8cbcd9f5-92e7-4004-91be-d2a9815a73b5"></a>
                        <table class="proplist">
                            <tr><th>Test case:</th><td><b>test_i18n</b></td></tr>
                            <tr><th>Outcome:</th><td>Passed</td></tr>
                            <tr><th>Duration:</th><td>0.001 sec</td></tr>
                        
                        
                        </table>

                        
                        

                        
                        
                        
                    </div>
                
                </div>
            </div>
            
            <div class="testclass">
                <h4>test_minimal_requirements.TestRNFAdicionalesInformes</h4>
                <div class="testcases">
                
                    <div class="test outcome outcome-skipped">
                        <a id="9bf1dc21-2269-477c-b834-c440eb95b19f"></a>
                        <table class="proplist">
                            <tr><th>Test case:</th><td><b>test_informes[report]</b></td></tr>
                            <tr><th>Outcome:</th><td>Skipped</td></tr>
                            <tr><th>Duration:</th><td>0.002 sec</td></tr>
                        
                        
                            <tr><th>Skipped</th><td></td></tr>
                        
                        </table>

                        
                        
                        <pre>skipped</pre>
                        

                        
                        
                        
                    </div>
                
                    <div class="test outcome outcome-passed">
                        <a id="97fe4762-1cdb-46bb-ae4f-0eea91343516"></a>
                        <table class="proplist">
                            <tr><th>Test case:</th><td><b>test_informes[template]</b></td></tr>
                            <tr><th>Outcome:</th><td>Passed</td></tr>
                            <tr><th>Duration:</th><td>0.002 sec</td></tr>
                        
                        
                        </table>

                        
                        

                        
                        
                        
                    </div>
                
                    <div class="test outcome outcome-passed">
                        <a id="a3b810c5-5dbb-42be-b2d9-6c63f6cf8063"></a>
                        <table class="proplist">
                            <tr><th>Test case:</th><td><b>test_informes_complejos[/t[@t-foreach]]</b></td></tr>
                            <tr><th>Outcome:</th><td>Passed</td></tr>
                            <tr><th>Duration:</th><td>0.002 sec</td></tr>
                        
                        
                        </table>

                        
                        

                        
                        
                        
                    </div>
                
                    <div class="test outcome outcome-passed">
                        <a id="b66b40fc-8b49-4bb1-bd5e-c6c19510656b"></a>
                        <table class="proplist">
                            <tr><th>Test case:</th><td><b>test_informes_complejos[/img[@t-att-src]]</b></td></tr>
                            <tr><th>Outcome:</th><td>Passed</td></tr>
                            <tr><th>Duration:</th><td>0.002 sec</td></tr>
                        
                        
                        </table>

                        
                        

                        
                        
                        
                    </div>
                
                    <div class="test outcome outcome-skipped">
                        <a id="105de951-e8f8-4abb-8538-4b9ead6ba9c1"></a>
                        <table class="proplist">
                            <tr><th>Test case:</th><td><b>test_informes_complejos[/t[@t-call and not(@t-call=&#34;web.external_layout&#34; or @t-call=&#34;web.html_container&#34;)]]</b></td></tr>
                            <tr><th>Outcome:</th><td>Skipped</td></tr>
                            <tr><th>Duration:</th><td>0.001 sec</td></tr>
                        
                        
                            <tr><th>Skipped</th><td></td></tr>
                        
                        </table>

                        
                        
                        <pre>skipped</pre>
                        

                        
                        
                        
                    </div>
                
                </div>
            </div>
            
            <div class="testclass">
                <h4>test_minimal_requirements.TestRNFAdicionalesChatter</h4>
                <div class="testcases">
                
                    <div class="test outcome outcome-skipped">
                        <a id="789fb940-a24f-4f1e-8f0a-6b07be65f25e"></a>
                        <table class="proplist">
                            <tr><th>Test case:</th><td><b>test_chatter[mail_thread]</b></td></tr>
                            <tr><th>Outcome:</th><td>Skipped</td></tr>
                            <tr><th>Duration:</th><td>0.001 sec</td></tr>
                        
                        
                            <tr><th>Skipped</th><td></td></tr>
                        
                        </table>

                        
                        
                        <pre>skipped</pre>
                        

                        
                        
                        
                    </div>
                
                    <div class="test outcome outcome-skipped">
                        <a id="a1ab9f88-2279-48f7-be99-62c37b08b0a6"></a>
                        <table class="proplist">
                            <tr><th>Test case:</th><td><b>test_chatter[mail_activity_mixin]</b></td></tr>
                            <tr><th>Outcome:</th><td>Skipped</td></tr>
                            <tr><th>Duration:</th><td>0.001 sec</td></tr>
                        
                        
                            <tr><th>Skipped</th><td></td></tr>
                        
                        </table>

                        
                        
                        <pre>skipped</pre>
                        

                        
                        
                        
                    </div>
                
                    <div class="test outcome outcome-passed">
                        <a id="8d581279-7c46-4cc5-a2fc-96320f770ff1"></a>
                        <table class="proplist">
                            <tr><th>Test case:</th><td><b>test_chatter_tracking</b></td></tr>
                            <tr><th>Outcome:</th><td>Passed</td></tr>
                            <tr><th>Duration:</th><td>0.014 sec</td></tr>
                        
                        
                        </table>

                        
                        

                        
                        
                        
                    </div>
                
                    <div class="test outcome outcome-skipped">
                        <a id="1d44773a-c7cb-4cb7-8144-e96123fc01fd"></a>
                        <table class="proplist">
                            <tr><th>Test case:</th><td><b>test_vista_chatter_div</b></td></tr>
                            <tr><th>Outcome:</th><td>Skipped</td></tr>
                            <tr><th>Duration:</th><td>0.008 sec</td></tr>
                        
                        
                            <tr><th>Skipped</th><td></td></tr>
                        
                        </table>

                        
                        
                        <pre>skipped</pre>
                        

                        
                        
                        
                    </div>
                
                    <div class="test outcome outcome-skipped">
                        <a id="0dd694e0-1fec-4638-9748-342529430c26"></a>
                        <table class="proplist">
                            <tr><th>Test case:</th><td><b>test_vista_chatter_fields[.//field[@name=&#34;message_follower_ids&#34;]]</b></td></tr>
                            <tr><th>Outcome:</th><td>Skipped</td></tr>
                            <tr><th>Duration:</th><td>0.002 sec</td></tr>
                        
                        
                            <tr><th>Skipped</th><td></td></tr>
                        
                        </table>

                        
                        
                        <pre>skipped</pre>
                        

                        
                        
                        
                    </div>
                
                    <div class="test outcome outcome-skipped">
                        <a id="8b157d24-6e45-4ef5-b4ba-d0c6eb3c9e17"></a>
                        <table class="proplist">
                            <tr><th>Test case:</th><td><b>test_vista_chatter_fields[.//field[@name=&#34;activity_ids&#34;]]</b></td></tr>
                            <tr><th>Outcome:</th><td>Skipped</td></tr>
                            <tr><th>Duration:</th><td>0.002 sec</td></tr>
                        
                        
                            <tr><th>Skipped</th><td></td></tr>
                        
                        </table>

                        
                        
                        <pre>skipped</pre>
                        

                        
                        
                        
                    </div>
                
                    <div class="test outcome outcome-skipped">
                        <a id="01889d3f-45a3-4bd5-bbf7-e0cbc4945a3e"></a>
                        <table class="proplist">
                            <tr><th>Test case:</th><td><b>test_vista_chatter_fields[.//field[@name=&#34;message_ids&#34;]]</b></td></tr>
                            <tr><th>Outcome:</th><td>Skipped</td></tr>
                            <tr><th>Duration:</th><td>0.002 sec</td></tr>
                        
                        
                            <tr><th>Skipped</th><td></td></tr>
                        
                        </table>

                        
                        
                        <pre>skipped</pre>
                        

                        
                        
                        
                    </div>
                
                    <div class="test outcome outcome-skipped">
                        <a id="d07baf00-df21-4f14-baf8-daacd069bb5c"></a>
                        <table class="proplist">
                            <tr><th>Test case:</th><td><b>test_vista_chatter_fields[.//field[@widget=&#34;mail_followers&#34;]]</b></td></tr>
                            <tr><th>Outcome:</th><td>Skipped</td></tr>
                            <tr><th>Duration:</th><td>0.002 sec</td></tr>
                        
                        
                            <tr><th>Skipped</th><td></td></tr>
                        
                        </table>

                        
                        
                        <pre>skipped</pre>
                        

                        
                        
                        
                    </div>
                
                    <div class="test outcome outcome-skipped">
                        <a id="4f039f15-2a72-4a05-8282-51e780ee1165"></a>
                        <table class="proplist">
                            <tr><th>Test case:</th><td><b>test_vista_chatter_fields[.//field[@widget=&#34;mail_thread&#34;]]</b></td></tr>
                            <tr><th>Outcome:</th><td>Skipped</td></tr>
                            <tr><th>Duration:</th><td>0.002 sec</td></tr>
                        
                        
                            <tr><th>Skipped</th><td></td></tr>
                        
                        </table>

                        
                        
                        <pre>skipped</pre>
                        

                        
                        
                        
                    </div>
                
                    <div class="test outcome outcome-skipped">
                        <a id="90c8c15c-ef4e-4543-a542-8b6ac89cc317"></a>
                        <table class="proplist">
                            <tr><th>Test case:</th><td><b>test_vista_chatter_fields[.//field[@widget=&#34;mail_activity&#34;]]</b></td></tr>
                            <tr><th>Outcome:</th><td>Skipped</td></tr>
                            <tr><th>Duration:</th><td>1.407 sec</td></tr>
                        
                        
                            <tr><th>Skipped</th><td></td></tr>
                        
                        </table>

                        
                        
                        <pre>skipped</pre>
                        

                        
                        
                        
                    </div>
                
                </div>
            </div>
            
        </div>
    </div>
    



<p class="footer">
    Generated by junit2html
</p>
</body>
</html>