<!DOCTYPE html>
<html lang="en">
<head>
    <meta charset="UTF-8">
    <title>rrm_prestamos-pytest.xml</title>
    <style type="text/css">
        body {
    background-color: white;
    padding-bottom: 20em;
    margin: 0;
    min-height: 15cm;
}

h1, h2, h3, h4, h5, h6, h7 {
    font-family: sans-serif;
}

h1 {
    background-color: #007acc;
    color: white;
    padding: 3mm;
    margin-top: 0;
    margin-bottom: 1mm;
}

.footer {
    font-style: italic;
    font-size: small;
    text-align: right;
    padding: 1em;
}

.testsuite {
    padding-bottom: 2em;
    margin-left: 1em;
}

.proplist {
    width: 100%;
    margin-bottom: 2em;
    border-collapse: collapse;
    border: 1px solid grey;
}

.proplist th {
    background-color: silver;
    width: 5em;
    padding: 2px;
    padding-right: 1em;
    text-align: left;
}

.proplist td {
    padding: 2px;
}

.index-table {
    width: 90%;
    margin-left: 1em;
}

.index-table td {
    vertical-align: top;
    max-width: 200px;
    word-wrap: break-word;
}

.failure-index {

}

.toc {
    margin-bottom: 2em;
    font-family: monospace;
}

.stdio, pre {
    min-height: 1em;
    background-color: #1e1e1e;
    color: silver;
    padding: 0.5em;
}
.tdpre {
    background-color: #1e1e1e;
}

.test {
    margin-left: 0.5cm;
}

.outcome {
    border-left: 1em;
    padding: 2px;
}

.outcome-failed {
    border-left: 1em solid lightcoral;
}

.outcome-passed {
    border-left: 1em solid lightgreen;
}

.outcome-skipped {
    border-left: 1em dotted silver;
}

.stats-table {
}

.stats-table td {
    min-width: 4em;
    text-align: right;
}

.stats-table .failed {
    background-color: lightcoral;
}

.stats-table .passed {
    background-color: lightgreen;
}

.matrix-table {
    table-layout: fixed;
    border-spacing: 0;
    width: available;
    margin-left: 1em;
}

.matrix-table td {
    vertical-align: center;
}

.matrix-table td:last-child {
    width: 0;
}

.matrix-table tr:hover {
    background-color: yellow;
}

.matrix-axis-name {
    white-space: nowrap;
    padding-right: 0.5em;
    border-left: 1px solid black;
    border-top: 1px solid black;
    text-align: right;
}

.matrix-axis-line {
    border-left: 1px solid black;
    width: 0.5em;
}

.matrix-classname {
    text-align: left;
    width: 100%;
    border-top: 2px solid grey;
    border-bottom: 1px solid silver;
}

.matrix-casename {
    text-align: left;
    font-weight: normal;
    font-style: italic;
    padding-left: 1em;
    border-bottom: 1px solid silver;
}

.matrix-result {
    display: block;
    width: 1em;
    text-align: center;
    padding: 1mm;
    margin: 0;
}

.matrix-result-combined {
    white-space: nowrap;
    padding-right: 0.2em;
    text-align: right;
}

.matrix-result-failed {
    background-color: lightcoral;
}

.matrix-result-passed {
    background-color: lightgreen;
}

.matrix-result-skipped {
    background-color: lightyellow;
}

.matrix-even {
    background-color: lightgray;
}
    </style>
</head>
<body>
    
<h1>
    Test Report : rrm_prestamos-pytest.xml
</h1>
<a id="toc"></a>
<table class="index-table">
    <tr>
        <td>
            <ul class="toc">
            
                
                <li>test_minimal_requirements.TestRNF1
                <ul>
                    
                    <li><a href="#847b4138-fb81-4ef5-b81d-e4e1b1fa30be">test_app_tiene_al_menos_4_modelos</a></li>
                    
                    <li><a href="#80d2b415-a970-47fd-b62f-a11ee83e4995">test_modelos_en_ficheros_individuales</a></li>
                    
                </ul>
                </li>
                
                <li>test_minimal_requirements.TestRNF2
                <ul>
                    
                    <li><a href="#05110f1c-ee56-4399-b2df-a711b1022cc6">test_relacion_many2many</a></li>
                    
                    <li><a href="#f8f563f7-9985-48ed-9215-6bf81435b594">test_modelos_tienen_algun_campo_relacion[one2many]</a></li>
                    
                    <li><a href="#5bf7564a-dece-459f-ba90-a72f130f3f36">test_modelos_tienen_algun_campo_relacion[many2one]</a></li>
                    
                    <li><a href="#f5c50b7b-08ec-412c-b3b4-5d7f166cd554">test_unknown_comodel_name</a></li>
                    
                </ul>
                </li>
                
                <li>test_minimal_requirements.TestRNF3
                <ul>
                    
                    <li><a href="#c569b688-5e34-4d1e-b759-0fb1550624d9">test_modelos_tienen_vista[tree]</a></li>
                    
                    <li><a href="#09957f77-b427-449d-82de-ceab3b21c3d6">test_modelos_tienen_vista[form]</a></li>
                    
                    <li><a href="#953a6145-5cfe-4ed1-94af-4c4c050229a2">test_formularios_tienen_vista_anidada_para_campos_X2many[one2many]</a></li>
                    
                    <li><a href="#a47f9369-58de-4dd3-88a6-9e7285d45683">test_formularios_tienen_vista_anidada_para_campos_X2many[many2many]</a></li>
                    
                </ul>
                </li>
                
                <li>test_minimal_requirements.TestRNF4
                <ul>
                    
                    <li><a href="#b7fb36c8-4d1b-463b-86af-be9b410ac723">test_vistas_en_ficheros_individuales</a></li>
                    
                </ul>
                </li>
                
                <li>test_minimal_requirements.TestRNF5
                <ul>
                    
                    <li><a href="#ecc8b8c7-47e7-483f-bf76-049608842d41">test_modelos_tienen_algun_posible_campo_imagen</a></li>
                    
                    <li><a href="#5f7d26d3-a1db-4917-9e92-e34a5f81259a">test_alguna_vista_tiene_campo_imagen</a></li>
                    
                </ul>
                </li>
                
                <li>test_minimal_requirements.TestRNF6
                <ul>
                    
                    <li><a href="#502863a9-7c70-4ab7-b8b9-caaf0b279990">test_modelos_tienen_acciones</a></li>
                    
                    <li><a href="#19811619-2f30-4d4d-afce-ec75caab6f8f">test_hay_elementos_de_menu[.//menuitem[@action]]</a></li>
                    
                </ul>
                </li>
                
                <li>test_minimal_requirements.TestRNF7
                <ul>
                    
                    <li><a href="#13d7f8ec-1ba7-4706-9261-2ffee1fd0b32">test_modelos_tienen_permisos</a></li>
                    
                </ul>
                </li>
                
                <li>test_minimal_requirements.TestRNF8
                <ul>
                    
                    <li><a href="#c655f4b6-9e56-489e-af0c-3c0bcbd57a21">test_app_tiene_icono</a></li>
                    
                </ul>
                </li>
                
                <li>test_minimal_requirements.TestRNF9
                <ul>
                    
                    <li><a href="#4de02f0a-4a08-4525-9d25-5dcd1310b4f2">test_modelos_tienen_datos_demo</a></li>
                    
                </ul>
                </li>
                
                <li>test_minimal_requirements.TestRNFGit
                <ul>
                    
                    <li><a href="#ccc21476-38e8-4c27-bef7-083b5fc8e69b">test_git_commit_frecuentes</a></li>
                    
                </ul>
                </li>
                
                <li>test_minimal_requirements.TestRNFCalidad
                <ul>
                    
                    <li><a href="#6f4e0d91-ed40-4f0f-bd0d-2a777b1fec95">test_odoo_disponible</a></li>
                    
                    <li><a href="#5fc2a33b-3537-4c9f-a06e-54e6ad08449a">test_app_instalada</a></li>
                    
                    <li><a href="#2f142c34-7e23-4871-b359-58521cb5cfe5">test_otras_apps_entregadas_son_dependencias</a></li>
                    
                    <li><a href="#a3fb9a9d-6fbe-420f-96d3-1d38f0c4c2bf">test_no_hay_elementos_xml_comentados</a></li>
                    
                    <li><a href="#fa601a53-32c1-4d0d-bef9-a7987e0b7c7f">test_no_hay_codigo_python_comentado</a></li>
                    
                    <li><a href="#1710a220-f051-4e88-b2b0-b18625a2a38c">test_log_servidor_sin_errores</a></li>
                    
                </ul>
                </li>
                
                <li>test_minimal_requirements.TestOtros
                <ul>
                    
                    <li><a href="#ebaf99e8-a24a-4bc4-84b0-73158a22fef2">test_log_sin_warnings</a>[s]</li>
                    
                </ul>
                </li>
                
                <li>test_minimal_requirements.TestRNFAdicionalesKanban
                <ul>
                    
                    <li><a href="#e715e5a5-319c-49b5-84ee-553dd99b31a0">test_vista_kanban[/kanban]</a>[s]</li>
                    
                    <li><a href="#bb3ac1a6-6630-499d-8c36-ed9f1d88ac1e">test_vista_kanban[/kanban[@default_group_by]]</a>[s]</li>
                    
                    <li><a href="#75372a8d-5e24-4c61-87fa-dcdad9380940">test_vista_kanban_imagen[/img]</a>[s]</li>
                    
                    <li><a href="#ac478d5b-342a-4cab-bac7-5061c1a2646c">test_vista_kanban_imagen[/field[@preview_image]]</a>[s]</li>
                    
                    <li><a href="#83a4c074-5664-44fd-bd2d-744b91120c83">test_vista_kanban_imagen[/field[@widget=&#34;image&#34;]]</a>[s]</li>
                    
                </ul>
                </li>
                
                <li>test_minimal_requirements.TestRNFAdicionalesBusqueda
                <ul>
                    
                    <li><a href="#70557858-051e-4c9e-a325-abe97da5c70d">test_vista_search[/search]</a>[s]</li>
                    
                    <li><a href="#763a4d22-fe39-4c17-9b5f-9e9b74bad3e1">test_vista_search_compleja[/filter[@domain]]</a>[s]</li>
                    
                    <li><a href="#bcff78e6-62ff-4f14-addb-40225e283018">test_vista_search_compleja[/group//filter[@context]]</a>[s]</li>
                    
                </ul>
                </li>
                
                <li>test_minimal_requirements.TestRNFAdicionalesOtrasVistas
                <ul>
                    
                    <li><a href="#529ddbdd-da73-44d2-95d1-0bf52f8d272d">test_otras_vistas_adicionales[activity]</a>[s]</li>
                    
                    <li><a href="#4aa899db-f8b3-43fd-8d41-cb21c26e7afb">test_otras_vistas_adicionales[calendar]</a>[s]</li>
                    
                    <li><a href="#53853b89-2507-4913-80c0-4e1d348f8f55">test_otras_vistas_adicionales[graph]</a>[s]</li>
                    
                    <li><a href="#066506dd-81e9-41bc-8e95-92c01cbaeb9a">test_otras_vistas_adicionales[pivot]</a>[s]</li>
                    
                </ul>
                </li>
                
                <li>test_minimal_requirements.TestRNFAdicionalesConstraints
                <ul>
                    
                    <li><a href="#2fe00397-53dc-4f08-9dfa-8198fa6f2194">test_constraints_sql</a>[s]</li>
                    
                </ul>
                </li>
                
                <li>test_minimal_requirements.TestRNFAdicionalesSeguridadAvanzada
                <ul>
                    
                    <li><a href="#e06dfa46-e948-4e22-891b-2c3851e7fba0">test_seguridad_con_grupos_propios</a>[s]</li>
                    
                </ul>
                </li>
                
                <li>test_minimal_requirements.TestRNFAdicionalesDatosAvanzados
                <ul>
                    
                    <li><a href="#f9e79be6-ac49-474d-a9a6-2d27c31be4be">test_datos_maestros_o_demo_avanzados[binary]</a>[s]</li>
                    
                    <li><a href="#83d8b6b8-55e2-4c70-ba21-cc5af7694f0a">test_datos_maestros_o_demo_avanzados[many2many]</a>[s]</li>
                    
                    <li><a href="#521464bc-d2d1-4898-b620-d75591aeb762">test_datos_maestros_o_demo_avanzados[many2one]</a>[s]</li>
                    
                </ul>
                </li>
                
                <li>test_minimal_requirements.TestRNFAdicionalesHerenciaVistas
                <ul>
                    
                    <li><a href="#6fc65a3a-f6cf-45a3-9d72-04e544374358">test_herencia_en_vistas_con_position</a>[s]</li>
                    
                    <li><a href="#0d7d8c55-1b4f-4fe9-91a1-316e064e63b3">test_herencia_en_vistas_con_inherit_id</a>[s]</li>
                    
                </ul>
                </li>
                
                <li>test_minimal_requirements.TestRNFAdicionalesHerenciaModelos
                <ul>
                    
                    <li><a href="#ee1aa7a9-29bf-4be0-ac7d-459c4b8155ee">test_modelos_existentes_modificados_por_herencia</a>[s]</li>
                    
                    <li><a href="#687c4c2d-ae50-443e-95cf-6041b688d8f9">test_nuevos_modelos_con_herencia</a>[s]</li>
                    
                </ul>
                </li>
                
                <li>test_minimal_requirements.TestRNFAdicionalesTraducciones
                <ul>
                    
                    <li><a href="#1ac96e58-4725-40da-942a-4924bbee6a5f">test_i18n</a>[s]</li>
                    
                </ul>
                </li>
                
                <li>test_minimal_requirements.TestRNFAdicionalesInformes
                <ul>
                    
                    <li><a href="#f51210cb-9efb-44ec-89ca-796cacc7829c">test_informes[report]</a>[s]</li>
                    
                    <li><a href="#d63ced68-5535-472c-9ba9-3a05039390b0">test_informes[template]</a>[s]</li>
                    
                    <li><a href="#20da128f-9f33-413f-9f0c-8130c3249401">test_informes_complejos[/t[@t-foreach]]</a>[s]</li>
                    
                    <li><a href="#453bc37b-62b0-410e-a3a0-407eb894d2fa">test_informes_complejos[/img[@t-att-src]]</a>[s]</li>
                    
                    <li><a href="#28517886-a6a4-4266-b7d1-eaaf4de29752">test_informes_complejos[/t[@t-call and not(@t-call=&#34;web.external_layout&#34; or @t-call=&#34;web.html_container&#34;)]]</a>[s]</li>
                    
                </ul>
                </li>
                
                <li>test_minimal_requirements.TestRNFAdicionalesChatter
                <ul>
                    
                    <li><a href="#0634eb8e-5e4e-4aff-af7c-33bcdd8676a0">test_chatter[mail_thread]</a>[s]</li>
                    
                    <li><a href="#be031159-1049-46b6-91f7-dc0dd0af74bf">test_chatter[mail_activity_mixin]</a>[s]</li>
                    
                    <li><a href="#c107728f-607e-45e9-9a70-bb4d87f628b6">test_chatter_tracking</a>[s]</li>
                    
                    <li><a href="#9444fa21-fdbd-4d3f-9c76-19e99eeaa1b8">test_vista_chatter_div</a>[s]</li>
                    
                    <li><a href="#1b072acb-32cf-4f50-aef1-2b79ac44c527">test_vista_chatter_fields[.//field[@name=&#34;message_follower_ids&#34;]]</a>[s]</li>
                    
                    <li><a href="#c98874f2-bb85-43bf-9350-2d6702b76618">test_vista_chatter_fields[.//field[@name=&#34;activity_ids&#34;]]</a>[s]</li>
                    
                    <li><a href="#89f3545f-0bb3-43ee-9257-55c64b356ca8">test_vista_chatter_fields[.//field[@name=&#34;message_ids&#34;]]</a>[s]</li>
                    
                    <li><a href="#7d24db04-2960-42ef-8d97-a93e98bef324">test_vista_chatter_fields[.//field[@widget=&#34;mail_followers&#34;]]</a>[s]</li>
                    
                    <li><a href="#774956ad-1cfe-47cc-8e8f-20f36a577e91">test_vista_chatter_fields[.//field[@widget=&#34;mail_thread&#34;]]</a>[s]</li>
                    
                    <li><a href="#24be03f2-1005-4ce2-b0a6-75b6343ce061">test_vista_chatter_fields[.//field[@widget=&#34;mail_activity&#34;]]</a>[s]</li>
                    
                </ul>
                </li>
                
            
            </ul>
        </td>
        <td class="failure-index">
            <ul class="toc">
            
                
                    
                    
                    <li><a href="#847b4138-fb81-4ef5-b81d-e4e1b1fa30be">[F] test_minimal_requirements.TestRNF1 : test_app_tiene_al_menos_4_modelos</a></li>
                    
                    
                    
                    <li><a href="#80d2b415-a970-47fd-b62f-a11ee83e4995">[F] test_minimal_requirements.TestRNF1 : test_modelos_en_ficheros_individuales</a></li>
                    
                    
                
                    
                    
                    <li><a href="#05110f1c-ee56-4399-b2df-a711b1022cc6">[F] test_minimal_requirements.TestRNF2 : test_relacion_many2many</a></li>
                    
                    
                    
                    <li><a href="#f8f563f7-9985-48ed-9215-6bf81435b594">[F] test_minimal_requirements.TestRNF2 : test_modelos_tienen_algun_campo_relacion[one2many]</a></li>
                    
                    
                    
                    <li><a href="#5bf7564a-dece-459f-ba90-a72f130f3f36">[F] test_minimal_requirements.TestRNF2 : test_modelos_tienen_algun_campo_relacion[many2one]</a></li>
                    
                    
                    
                    <li><a href="#f5c50b7b-08ec-412c-b3b4-5d7f166cd554">[F] test_minimal_requirements.TestRNF2 : test_unknown_comodel_name</a></li>
                    
                    
                
                    
                    
                    <li><a href="#c569b688-5e34-4d1e-b759-0fb1550624d9">[F] test_minimal_requirements.TestRNF3 : test_modelos_tienen_vista[tree]</a></li>
                    
                    
                    
                    <li><a href="#09957f77-b427-449d-82de-ceab3b21c3d6">[F] test_minimal_requirements.TestRNF3 : test_modelos_tienen_vista[form]</a></li>
                    
                    
                    
                    <li><a href="#953a6145-5cfe-4ed1-94af-4c4c050229a2">[F] test_minimal_requirements.TestRNF3 : test_formularios_tienen_vista_anidada_para_campos_X2many[one2many]</a></li>
                    
                    
                    
                    <li><a href="#a47f9369-58de-4dd3-88a6-9e7285d45683">[F] test_minimal_requirements.TestRNF3 : test_formularios_tienen_vista_anidada_para_campos_X2many[many2many]</a></li>
                    
                    
                
                    
                    
                    <li><a href="#b7fb36c8-4d1b-463b-86af-be9b410ac723">[F] test_minimal_requirements.TestRNF4 : test_vistas_en_ficheros_individuales</a></li>
                    
                    
                
                    
                    
                    <li><a href="#ecc8b8c7-47e7-483f-bf76-049608842d41">[F] test_minimal_requirements.TestRNF5 : test_modelos_tienen_algun_posible_campo_imagen</a></li>
                    
                    
                    
                    <li><a href="#5f7d26d3-a1db-4917-9e92-e34a5f81259a">[F] test_minimal_requirements.TestRNF5 : test_alguna_vista_tiene_campo_imagen</a></li>
                    
                    
                
                    
                    
                    <li><a href="#502863a9-7c70-4ab7-b8b9-caaf0b279990">[F] test_minimal_requirements.TestRNF6 : test_modelos_tienen_acciones</a></li>
                    
                    
                    
                    <li><a href="#19811619-2f30-4d4d-afce-ec75caab6f8f">[F] test_minimal_requirements.TestRNF6 : test_hay_elementos_de_menu[.//menuitem[@action]]</a></li>
                    
                    
                
                    
                    
                    <li><a href="#13d7f8ec-1ba7-4706-9261-2ffee1fd0b32">[F] test_minimal_requirements.TestRNF7 : test_modelos_tienen_permisos</a></li>
                    
                    
                
                    
                    
                    <li><a href="#c655f4b6-9e56-489e-af0c-3c0bcbd57a21">[F] test_minimal_requirements.TestRNF8 : test_app_tiene_icono</a></li>
                    
                    
                
                    
                    
                    <li><a href="#4de02f0a-4a08-4525-9d25-5dcd1310b4f2">[F] test_minimal_requirements.TestRNF9 : test_modelos_tienen_datos_demo</a></li>
                    
                    
                
                    
                    
                    <li><a href="#ccc21476-38e8-4c27-bef7-083b5fc8e69b">[F] test_minimal_requirements.TestRNFGit : test_git_commit_frecuentes</a></li>
                    
                    
                
                    
                    
                    <li><a href="#6f4e0d91-ed40-4f0f-bd0d-2a777b1fec95">[F] test_minimal_requirements.TestRNFCalidad : test_odoo_disponible</a></li>
                    
                    
                    
                    <li><a href="#5fc2a33b-3537-4c9f-a06e-54e6ad08449a">[F] test_minimal_requirements.TestRNFCalidad : test_app_instalada</a></li>
                    
                    
                    
                    <li><a href="#2f142c34-7e23-4871-b359-58521cb5cfe5">[F] test_minimal_requirements.TestRNFCalidad : test_otras_apps_entregadas_son_dependencias</a></li>
                    
                    
                    
                    <li><a href="#a3fb9a9d-6fbe-420f-96d3-1d38f0c4c2bf">[F] test_minimal_requirements.TestRNFCalidad : test_no_hay_elementos_xml_comentados</a></li>
                    
                    
                    
                    <li><a href="#fa601a53-32c1-4d0d-bef9-a7987e0b7c7f">[F] test_minimal_requirements.TestRNFCalidad : test_no_hay_codigo_python_comentado</a></li>
                    
                    
                    
                    <li><a href="#1710a220-f051-4e88-b2b0-b18625a2a38c">[F] test_minimal_requirements.TestRNFCalidad : test_log_servidor_sin_errores</a></li>
                    
                    
                
                    
                    
                    
                
                    
                    
                    
                    
                    
                    
                    
                    
                    
                    
                    
                
                    
                    
                    
                    
                    
                    
                    
                
                    
                    
                    
                    
                    
                    
                    
                    
                    
                
                    
                    
                    
                
                    
                    
                    
                
                    
                    
                    
                    
                    
                    
                    
                
                    
                    
                    
                    
                    
                
                    
                    
                    
                    
                    
                
                    
                    
                    
                
                    
                    
                    
                    
                    
                    
                    
                    
                    
                    
                    
                
                    
                    
                    
                    
                    
                    
                    
                    
                    
                    
                    
                    
                    
                    
                    
                    
                    
                    
                    
                    
                    
                
            
            </ul>
        </td>
    </tr>
</table>


    <div class="testsuite">
        <h2>Test Suite: pytest</h2>
        <a id="21d9af6c-34cd-4d6d-bd01-546f5dd32afb"></a>
        
        
        <h3>Results</h3>
        <table class="proplist">
            <tr>
                <th>Duration</th><td>5.383 sec</td>
            </tr>
            <tr>
                <th>Tests</th><td>63</td>
            </tr>
            <tr>
                <th>Failures</th><td>25</td>
            </tr>
        </table>

        <div class="testclasses">
            <h3>Tests</h3>
            
            <div class="testclass">
                <h4>test_minimal_requirements.TestRNF1</h4>
                <div class="testcases">
                
                    <div class="test outcome outcome-failed">
                        <a id="847b4138-fb81-4ef5-b81d-e4e1b1fa30be"></a>
                        <table class="proplist">
                            <tr><th>Test case:</th><td><b>test_app_tiene_al_menos_4_modelos</b></td></tr>
                            <tr><th>Outcome:</th><td>Failed</td></tr>
                            <tr><th>Duration:</th><td>0.077 sec</td></tr>
                        
                            <tr><th>Failed</th><td>failed on setup with &#34;Exception: Command docker compose -f &#34;/home/madrid/Escritorio/SGE/SGE-odoo-project-tester/projects/docker-compose.yml&#34; -p &#34;pytest60637&#34; up --build -d returned 1: &#34;&#34;&#34;time=&#34;2025-02-26T16:28:03+01:00&#34; level=warning msg=&#34;/home/madrid/Escritorio/SGE/SGE-odoo-project-tester/projects/docker-compose.yml: `version` is obsolete&#34;
 Network pytest60637_default  Creating
 Network pytest60637_default  Error
failed to create network pytest60637_default: Error response from daemon: could not find an available, non-overlapping IPv4 address pool among the defaults to assign to the network
&#34;&#34;&#34;.&#34;</td></tr>
                        
                        
                        </table>

                        
                        <pre>docker_compose_command = &#39;docker compose&#39;, docker_compose_file = &#39;/home/madrid/Escritorio/SGE/SGE-odoo-project-tester/projects/docker-compose.yml&#39;, docker_compose_project_name = &#39;pytest60637&#39;
docker_setup = [&#39;up --build -d&#39;], docker_cleanup = [&#39;down -v&#39;]

    @pytest.fixture(scope=containers_scope)
    def docker_services(
        docker_compose_command: str,
        docker_compose_file: Union[List[str], str],
        docker_compose_project_name: str,
        docker_setup: str,
        docker_cleanup: str,
    ) -&gt; Iterator[Services]:
        &#34;&#34;&#34;Start all services from a docker compose file (`docker-compose up`).
        After test are finished, shutdown all services (`docker-compose down`).&#34;&#34;&#34;
    
&gt;       with get_docker_services(
            docker_compose_command,
            docker_compose_file,
            docker_compose_project_name,
            docker_setup,
            docker_cleanup,
        ) as docker_service:

.venv/lib/python3.8/site-packages/pytest_docker/plugin.py:238: 
_ _ _ _ _ _ _ _ _ _ _ _ _ _ _ _ _ _ _ _ _ _ _ _ _ _ _ _ _ _ _ _ _ _ _ _ _ _ _ _ _ _ _ _ _ _ _ _ _ _ _ _ _ _ _ _ _ _ _ _ _ _ _ _ _ _ _ _ _ _ _ _ _ _ _ _ _ _ _ _ _ _ _ _ _ _ _ _ _ _ _ _ _ _ _ _ _ _ _ _ _ _ _ _ _ _
/usr/lib/python3.8/contextlib.py:113: in __enter__
    return next(self.gen)
.venv/lib/python3.8/site-packages/pytest_docker/plugin.py:212: in get_docker_services
    docker_compose.execute(command)
.venv/lib/python3.8/site-packages/pytest_docker/plugin.py:140: in execute
    return execute(command)
_ _ _ _ _ _ _ _ _ _ _ _ _ _ _ _ _ _ _ _ _ _ _ _ _ _ _ _ _ _ _ _ _ _ _ _ _ _ _ _ _ _ _ _ _ _ _ _ _ _ _ _ _ _ _ _ _ _ _ _ _ _ _ _ _ _ _ _ _ _ _ _ _ _ _ _ _ _ _ _ _ _ _ _ _ _ _ _ _ _ _ _ _ _ _ _ _ _ _ _ _ _ _ _ _ _

command = &#39;docker compose -f &#34;/home/madrid/Escritorio/SGE/SGE-odoo-project-tester/projects/docker-compose.yml&#34; -p &#34;pytest60637&#34; up --build -d&#39;, success_codes = (0,)

    def execute(command: str, success_codes: Iterable[int] = (0,)) -&gt; Union[bytes, Any]:
        &#34;&#34;&#34;Run a shell command.&#34;&#34;&#34;
        try:
            output = subprocess.check_output(command, stderr=subprocess.STDOUT, shell=True)
            status = 0
        except subprocess.CalledProcessError as error:
            output = error.output or b&#34;&#34;
            status = error.returncode
            command = error.cmd
    
        if status not in success_codes:
&gt;           raise Exception(
                &#39;Command {} returned {}: &#34;&#34;&#34;{}&#34;&#34;&#34;.&#39;.format(command, status, output.decode(&#34;utf-8&#34;))
            )
E           Exception: Command docker compose -f &#34;/home/madrid/Escritorio/SGE/SGE-odoo-project-tester/projects/docker-compose.yml&#34; -p &#34;pytest60637&#34; up --build -d returned 1: &#34;&#34;&#34;time=&#34;2025-02-26T16:28:03+01:00&#34; level=warning msg=&#34;/home/madrid/Escritorio/SGE/SGE-odoo-project-tester/projects/docker-compose.yml: `version` is obsolete&#34;
E            Network pytest60637_default  Creating
E            Network pytest60637_default  Error
E           failed to create network pytest60637_default: Error response from daemon: could not find an available, non-overlapping IPv4 address pool among the defaults to assign to the network
E           &#34;&#34;&#34;.

.venv/lib/python3.8/site-packages/pytest_docker/plugin.py:35: Exception</pre>
                        
                        

                        
                        
                        
                    </div>
                
                    <div class="test outcome outcome-failed">
                        <a id="80d2b415-a970-47fd-b62f-a11ee83e4995"></a>
                        <table class="proplist">
                            <tr><th>Test case:</th><td><b>test_modelos_en_ficheros_individuales</b></td></tr>
                            <tr><th>Outcome:</th><td>Failed</td></tr>
                            <tr><th>Duration:</th><td>0.001 sec</td></tr>
                        
                            <tr><th>Failed</th><td>failed on setup with &#34;Exception: Command docker compose -f &#34;/home/madrid/Escritorio/SGE/SGE-odoo-project-tester/projects/docker-compose.yml&#34; -p &#34;pytest60637&#34; up --build -d returned 1: &#34;&#34;&#34;time=&#34;2025-02-26T16:28:03+01:00&#34; level=warning msg=&#34;/home/madrid/Escritorio/SGE/SGE-odoo-project-tester/projects/docker-compose.yml: `version` is obsolete&#34;
 Network pytest60637_default  Creating
 Network pytest60637_default  Error
failed to create network pytest60637_default: Error response from daemon: could not find an available, non-overlapping IPv4 address pool among the defaults to assign to the network
&#34;&#34;&#34;.&#34;</td></tr>
                        
                        
                        </table>

                        
                        <pre>docker_compose_command = &#39;docker compose&#39;, docker_compose_file = &#39;/home/madrid/Escritorio/SGE/SGE-odoo-project-tester/projects/docker-compose.yml&#39;, docker_compose_project_name = &#39;pytest60637&#39;
docker_setup = [&#39;up --build -d&#39;], docker_cleanup = [&#39;down -v&#39;]

    @pytest.fixture(scope=containers_scope)
    def docker_services(
        docker_compose_command: str,
        docker_compose_file: Union[List[str], str],
        docker_compose_project_name: str,
        docker_setup: str,
        docker_cleanup: str,
    ) -&gt; Iterator[Services]:
        &#34;&#34;&#34;Start all services from a docker compose file (`docker-compose up`).
        After test are finished, shutdown all services (`docker-compose down`).&#34;&#34;&#34;
    
&gt;       with get_docker_services(
            docker_compose_command,
            docker_compose_file,
            docker_compose_project_name,
            docker_setup,
            docker_cleanup,
        ) as docker_service:

.venv/lib/python3.8/site-packages/pytest_docker/plugin.py:238: 
_ _ _ _ _ _ _ _ _ _ _ _ _ _ _ _ _ _ _ _ _ _ _ _ _ _ _ _ _ _ _ _ _ _ _ _ _ _ _ _ _ _ _ _ _ _ _ _ _ _ _ _ _ _ _ _ _ _ _ _ _ _ _ _ _ _ _ _ _ _ _ _ _ _ _ _ _ _ _ _ _ _ _ _ _ _ _ _ _ _ _ _ _ _ _ _ _ _ _ _ _ _ _ _ _ _
/usr/lib/python3.8/contextlib.py:113: in __enter__
    return next(self.gen)
.venv/lib/python3.8/site-packages/pytest_docker/plugin.py:212: in get_docker_services
    docker_compose.execute(command)
.venv/lib/python3.8/site-packages/pytest_docker/plugin.py:140: in execute
    return execute(command)
_ _ _ _ _ _ _ _ _ _ _ _ _ _ _ _ _ _ _ _ _ _ _ _ _ _ _ _ _ _ _ _ _ _ _ _ _ _ _ _ _ _ _ _ _ _ _ _ _ _ _ _ _ _ _ _ _ _ _ _ _ _ _ _ _ _ _ _ _ _ _ _ _ _ _ _ _ _ _ _ _ _ _ _ _ _ _ _ _ _ _ _ _ _ _ _ _ _ _ _ _ _ _ _ _ _

command = &#39;docker compose -f &#34;/home/madrid/Escritorio/SGE/SGE-odoo-project-tester/projects/docker-compose.yml&#34; -p &#34;pytest60637&#34; up --build -d&#39;, success_codes = (0,)

    def execute(command: str, success_codes: Iterable[int] = (0,)) -&gt; Union[bytes, Any]:
        &#34;&#34;&#34;Run a shell command.&#34;&#34;&#34;
        try:
            output = subprocess.check_output(command, stderr=subprocess.STDOUT, shell=True)
            status = 0
        except subprocess.CalledProcessError as error:
            output = error.output or b&#34;&#34;
            status = error.returncode
            command = error.cmd
    
        if status not in success_codes:
&gt;           raise Exception(
                &#39;Command {} returned {}: &#34;&#34;&#34;{}&#34;&#34;&#34;.&#39;.format(command, status, output.decode(&#34;utf-8&#34;))
            )
E           Exception: Command docker compose -f &#34;/home/madrid/Escritorio/SGE/SGE-odoo-project-tester/projects/docker-compose.yml&#34; -p &#34;pytest60637&#34; up --build -d returned 1: &#34;&#34;&#34;time=&#34;2025-02-26T16:28:03+01:00&#34; level=warning msg=&#34;/home/madrid/Escritorio/SGE/SGE-odoo-project-tester/projects/docker-compose.yml: `version` is obsolete&#34;
E            Network pytest60637_default  Creating
E            Network pytest60637_default  Error
E           failed to create network pytest60637_default: Error response from daemon: could not find an available, non-overlapping IPv4 address pool among the defaults to assign to the network
E           &#34;&#34;&#34;.

.venv/lib/python3.8/site-packages/pytest_docker/plugin.py:35: Exception</pre>
                        
                        

                        
                        
                        
                    </div>
                
                </div>
            </div>
            
            <div class="testclass">
                <h4>test_minimal_requirements.TestRNF2</h4>
                <div class="testcases">
                
                    <div class="test outcome outcome-failed">
                        <a id="05110f1c-ee56-4399-b2df-a711b1022cc6"></a>
                        <table class="proplist">
                            <tr><th>Test case:</th><td><b>test_relacion_many2many</b></td></tr>
                            <tr><th>Outcome:</th><td>Failed</td></tr>
                            <tr><th>Duration:</th><td>0.001 sec</td></tr>
                        
                            <tr><th>Failed</th><td>failed on setup with &#34;Exception: Command docker compose -f &#34;/home/madrid/Escritorio/SGE/SGE-odoo-project-tester/projects/docker-compose.yml&#34; -p &#34;pytest60637&#34; up --build -d returned 1: &#34;&#34;&#34;time=&#34;2025-02-26T16:28:03+01:00&#34; level=warning msg=&#34;/home/madrid/Escritorio/SGE/SGE-odoo-project-tester/projects/docker-compose.yml: `version` is obsolete&#34;
 Network pytest60637_default  Creating
 Network pytest60637_default  Error
failed to create network pytest60637_default: Error response from daemon: could not find an available, non-overlapping IPv4 address pool among the defaults to assign to the network
&#34;&#34;&#34;.&#34;</td></tr>
                        
                        
                        </table>

                        
                        <pre>docker_compose_command = &#39;docker compose&#39;, docker_compose_file = &#39;/home/madrid/Escritorio/SGE/SGE-odoo-project-tester/projects/docker-compose.yml&#39;, docker_compose_project_name = &#39;pytest60637&#39;
docker_setup = [&#39;up --build -d&#39;], docker_cleanup = [&#39;down -v&#39;]

    @pytest.fixture(scope=containers_scope)
    def docker_services(
        docker_compose_command: str,
        docker_compose_file: Union[List[str], str],
        docker_compose_project_name: str,
        docker_setup: str,
        docker_cleanup: str,
    ) -&gt; Iterator[Services]:
        &#34;&#34;&#34;Start all services from a docker compose file (`docker-compose up`).
        After test are finished, shutdown all services (`docker-compose down`).&#34;&#34;&#34;
    
&gt;       with get_docker_services(
            docker_compose_command,
            docker_compose_file,
            docker_compose_project_name,
            docker_setup,
            docker_cleanup,
        ) as docker_service:

.venv/lib/python3.8/site-packages/pytest_docker/plugin.py:238: 
_ _ _ _ _ _ _ _ _ _ _ _ _ _ _ _ _ _ _ _ _ _ _ _ _ _ _ _ _ _ _ _ _ _ _ _ _ _ _ _ _ _ _ _ _ _ _ _ _ _ _ _ _ _ _ _ _ _ _ _ _ _ _ _ _ _ _ _ _ _ _ _ _ _ _ _ _ _ _ _ _ _ _ _ _ _ _ _ _ _ _ _ _ _ _ _ _ _ _ _ _ _ _ _ _ _
/usr/lib/python3.8/contextlib.py:113: in __enter__
    return next(self.gen)
.venv/lib/python3.8/site-packages/pytest_docker/plugin.py:212: in get_docker_services
    docker_compose.execute(command)
.venv/lib/python3.8/site-packages/pytest_docker/plugin.py:140: in execute
    return execute(command)
_ _ _ _ _ _ _ _ _ _ _ _ _ _ _ _ _ _ _ _ _ _ _ _ _ _ _ _ _ _ _ _ _ _ _ _ _ _ _ _ _ _ _ _ _ _ _ _ _ _ _ _ _ _ _ _ _ _ _ _ _ _ _ _ _ _ _ _ _ _ _ _ _ _ _ _ _ _ _ _ _ _ _ _ _ _ _ _ _ _ _ _ _ _ _ _ _ _ _ _ _ _ _ _ _ _

command = &#39;docker compose -f &#34;/home/madrid/Escritorio/SGE/SGE-odoo-project-tester/projects/docker-compose.yml&#34; -p &#34;pytest60637&#34; up --build -d&#39;, success_codes = (0,)

    def execute(command: str, success_codes: Iterable[int] = (0,)) -&gt; Union[bytes, Any]:
        &#34;&#34;&#34;Run a shell command.&#34;&#34;&#34;
        try:
            output = subprocess.check_output(command, stderr=subprocess.STDOUT, shell=True)
            status = 0
        except subprocess.CalledProcessError as error:
            output = error.output or b&#34;&#34;
            status = error.returncode
            command = error.cmd
    
        if status not in success_codes:
&gt;           raise Exception(
                &#39;Command {} returned {}: &#34;&#34;&#34;{}&#34;&#34;&#34;.&#39;.format(command, status, output.decode(&#34;utf-8&#34;))
            )
E           Exception: Command docker compose -f &#34;/home/madrid/Escritorio/SGE/SGE-odoo-project-tester/projects/docker-compose.yml&#34; -p &#34;pytest60637&#34; up --build -d returned 1: &#34;&#34;&#34;time=&#34;2025-02-26T16:28:03+01:00&#34; level=warning msg=&#34;/home/madrid/Escritorio/SGE/SGE-odoo-project-tester/projects/docker-compose.yml: `version` is obsolete&#34;
E            Network pytest60637_default  Creating
E            Network pytest60637_default  Error
E           failed to create network pytest60637_default: Error response from daemon: could not find an available, non-overlapping IPv4 address pool among the defaults to assign to the network
E           &#34;&#34;&#34;.

.venv/lib/python3.8/site-packages/pytest_docker/plugin.py:35: Exception</pre>
                        
                        

                        
                        
                        
                    </div>
                
                    <div class="test outcome outcome-failed">
                        <a id="f8f563f7-9985-48ed-9215-6bf81435b594"></a>
                        <table class="proplist">
                            <tr><th>Test case:</th><td><b>test_modelos_tienen_algun_campo_relacion[one2many]</b></td></tr>
                            <tr><th>Outcome:</th><td>Failed</td></tr>
                            <tr><th>Duration:</th><td>0.001 sec</td></tr>
                        
                            <tr><th>Failed</th><td>failed on setup with &#34;Exception: Command docker compose -f &#34;/home/madrid/Escritorio/SGE/SGE-odoo-project-tester/projects/docker-compose.yml&#34; -p &#34;pytest60637&#34; up --build -d returned 1: &#34;&#34;&#34;time=&#34;2025-02-26T16:28:03+01:00&#34; level=warning msg=&#34;/home/madrid/Escritorio/SGE/SGE-odoo-project-tester/projects/docker-compose.yml: `version` is obsolete&#34;
 Network pytest60637_default  Creating
 Network pytest60637_default  Error
failed to create network pytest60637_default: Error response from daemon: could not find an available, non-overlapping IPv4 address pool among the defaults to assign to the network
&#34;&#34;&#34;.&#34;</td></tr>
                        
                        
                        </table>

                        
                        <pre>docker_compose_command = &#39;docker compose&#39;, docker_compose_file = &#39;/home/madrid/Escritorio/SGE/SGE-odoo-project-tester/projects/docker-compose.yml&#39;, docker_compose_project_name = &#39;pytest60637&#39;
docker_setup = [&#39;up --build -d&#39;], docker_cleanup = [&#39;down -v&#39;]

    @pytest.fixture(scope=containers_scope)
    def docker_services(
        docker_compose_command: str,
        docker_compose_file: Union[List[str], str],
        docker_compose_project_name: str,
        docker_setup: str,
        docker_cleanup: str,
    ) -&gt; Iterator[Services]:
        &#34;&#34;&#34;Start all services from a docker compose file (`docker-compose up`).
        After test are finished, shutdown all services (`docker-compose down`).&#34;&#34;&#34;
    
&gt;       with get_docker_services(
            docker_compose_command,
            docker_compose_file,
            docker_compose_project_name,
            docker_setup,
            docker_cleanup,
        ) as docker_service:

.venv/lib/python3.8/site-packages/pytest_docker/plugin.py:238: 
_ _ _ _ _ _ _ _ _ _ _ _ _ _ _ _ _ _ _ _ _ _ _ _ _ _ _ _ _ _ _ _ _ _ _ _ _ _ _ _ _ _ _ _ _ _ _ _ _ _ _ _ _ _ _ _ _ _ _ _ _ _ _ _ _ _ _ _ _ _ _ _ _ _ _ _ _ _ _ _ _ _ _ _ _ _ _ _ _ _ _ _ _ _ _ _ _ _ _ _ _ _ _ _ _ _
/usr/lib/python3.8/contextlib.py:113: in __enter__
    return next(self.gen)
.venv/lib/python3.8/site-packages/pytest_docker/plugin.py:212: in get_docker_services
    docker_compose.execute(command)
.venv/lib/python3.8/site-packages/pytest_docker/plugin.py:140: in execute
    return execute(command)
_ _ _ _ _ _ _ _ _ _ _ _ _ _ _ _ _ _ _ _ _ _ _ _ _ _ _ _ _ _ _ _ _ _ _ _ _ _ _ _ _ _ _ _ _ _ _ _ _ _ _ _ _ _ _ _ _ _ _ _ _ _ _ _ _ _ _ _ _ _ _ _ _ _ _ _ _ _ _ _ _ _ _ _ _ _ _ _ _ _ _ _ _ _ _ _ _ _ _ _ _ _ _ _ _ _

command = &#39;docker compose -f &#34;/home/madrid/Escritorio/SGE/SGE-odoo-project-tester/projects/docker-compose.yml&#34; -p &#34;pytest60637&#34; up --build -d&#39;, success_codes = (0,)

    def execute(command: str, success_codes: Iterable[int] = (0,)) -&gt; Union[bytes, Any]:
        &#34;&#34;&#34;Run a shell command.&#34;&#34;&#34;
        try:
            output = subprocess.check_output(command, stderr=subprocess.STDOUT, shell=True)
            status = 0
        except subprocess.CalledProcessError as error:
            output = error.output or b&#34;&#34;
            status = error.returncode
            command = error.cmd
    
        if status not in success_codes:
&gt;           raise Exception(
                &#39;Command {} returned {}: &#34;&#34;&#34;{}&#34;&#34;&#34;.&#39;.format(command, status, output.decode(&#34;utf-8&#34;))
            )
E           Exception: Command docker compose -f &#34;/home/madrid/Escritorio/SGE/SGE-odoo-project-tester/projects/docker-compose.yml&#34; -p &#34;pytest60637&#34; up --build -d returned 1: &#34;&#34;&#34;time=&#34;2025-02-26T16:28:03+01:00&#34; level=warning msg=&#34;/home/madrid/Escritorio/SGE/SGE-odoo-project-tester/projects/docker-compose.yml: `version` is obsolete&#34;
E            Network pytest60637_default  Creating
E            Network pytest60637_default  Error
E           failed to create network pytest60637_default: Error response from daemon: could not find an available, non-overlapping IPv4 address pool among the defaults to assign to the network
E           &#34;&#34;&#34;.

.venv/lib/python3.8/site-packages/pytest_docker/plugin.py:35: Exception</pre>
                        
                        

                        
                        
                        
                    </div>
                
                    <div class="test outcome outcome-failed">
                        <a id="5bf7564a-dece-459f-ba90-a72f130f3f36"></a>
                        <table class="proplist">
                            <tr><th>Test case:</th><td><b>test_modelos_tienen_algun_campo_relacion[many2one]</b></td></tr>
                            <tr><th>Outcome:</th><td>Failed</td></tr>
                            <tr><th>Duration:</th><td>0.001 sec</td></tr>
                        
                            <tr><th>Failed</th><td>failed on setup with &#34;Exception: Command docker compose -f &#34;/home/madrid/Escritorio/SGE/SGE-odoo-project-tester/projects/docker-compose.yml&#34; -p &#34;pytest60637&#34; up --build -d returned 1: &#34;&#34;&#34;time=&#34;2025-02-26T16:28:03+01:00&#34; level=warning msg=&#34;/home/madrid/Escritorio/SGE/SGE-odoo-project-tester/projects/docker-compose.yml: `version` is obsolete&#34;
 Network pytest60637_default  Creating
 Network pytest60637_default  Error
failed to create network pytest60637_default: Error response from daemon: could not find an available, non-overlapping IPv4 address pool among the defaults to assign to the network
&#34;&#34;&#34;.&#34;</td></tr>
                        
                        
                        </table>

                        
                        <pre>docker_compose_command = &#39;docker compose&#39;, docker_compose_file = &#39;/home/madrid/Escritorio/SGE/SGE-odoo-project-tester/projects/docker-compose.yml&#39;, docker_compose_project_name = &#39;pytest60637&#39;
docker_setup = [&#39;up --build -d&#39;], docker_cleanup = [&#39;down -v&#39;]

    @pytest.fixture(scope=containers_scope)
    def docker_services(
        docker_compose_command: str,
        docker_compose_file: Union[List[str], str],
        docker_compose_project_name: str,
        docker_setup: str,
        docker_cleanup: str,
    ) -&gt; Iterator[Services]:
        &#34;&#34;&#34;Start all services from a docker compose file (`docker-compose up`).
        After test are finished, shutdown all services (`docker-compose down`).&#34;&#34;&#34;
    
&gt;       with get_docker_services(
            docker_compose_command,
            docker_compose_file,
            docker_compose_project_name,
            docker_setup,
            docker_cleanup,
        ) as docker_service:

.venv/lib/python3.8/site-packages/pytest_docker/plugin.py:238: 
_ _ _ _ _ _ _ _ _ _ _ _ _ _ _ _ _ _ _ _ _ _ _ _ _ _ _ _ _ _ _ _ _ _ _ _ _ _ _ _ _ _ _ _ _ _ _ _ _ _ _ _ _ _ _ _ _ _ _ _ _ _ _ _ _ _ _ _ _ _ _ _ _ _ _ _ _ _ _ _ _ _ _ _ _ _ _ _ _ _ _ _ _ _ _ _ _ _ _ _ _ _ _ _ _ _
/usr/lib/python3.8/contextlib.py:113: in __enter__
    return next(self.gen)
.venv/lib/python3.8/site-packages/pytest_docker/plugin.py:212: in get_docker_services
    docker_compose.execute(command)
.venv/lib/python3.8/site-packages/pytest_docker/plugin.py:140: in execute
    return execute(command)
_ _ _ _ _ _ _ _ _ _ _ _ _ _ _ _ _ _ _ _ _ _ _ _ _ _ _ _ _ _ _ _ _ _ _ _ _ _ _ _ _ _ _ _ _ _ _ _ _ _ _ _ _ _ _ _ _ _ _ _ _ _ _ _ _ _ _ _ _ _ _ _ _ _ _ _ _ _ _ _ _ _ _ _ _ _ _ _ _ _ _ _ _ _ _ _ _ _ _ _ _ _ _ _ _ _

command = &#39;docker compose -f &#34;/home/madrid/Escritorio/SGE/SGE-odoo-project-tester/projects/docker-compose.yml&#34; -p &#34;pytest60637&#34; up --build -d&#39;, success_codes = (0,)

    def execute(command: str, success_codes: Iterable[int] = (0,)) -&gt; Union[bytes, Any]:
        &#34;&#34;&#34;Run a shell command.&#34;&#34;&#34;
        try:
            output = subprocess.check_output(command, stderr=subprocess.STDOUT, shell=True)
            status = 0
        except subprocess.CalledProcessError as error:
            output = error.output or b&#34;&#34;
            status = error.returncode
            command = error.cmd
    
        if status not in success_codes:
&gt;           raise Exception(
                &#39;Command {} returned {}: &#34;&#34;&#34;{}&#34;&#34;&#34;.&#39;.format(command, status, output.decode(&#34;utf-8&#34;))
            )
E           Exception: Command docker compose -f &#34;/home/madrid/Escritorio/SGE/SGE-odoo-project-tester/projects/docker-compose.yml&#34; -p &#34;pytest60637&#34; up --build -d returned 1: &#34;&#34;&#34;time=&#34;2025-02-26T16:28:03+01:00&#34; level=warning msg=&#34;/home/madrid/Escritorio/SGE/SGE-odoo-project-tester/projects/docker-compose.yml: `version` is obsolete&#34;
E            Network pytest60637_default  Creating
E            Network pytest60637_default  Error
E           failed to create network pytest60637_default: Error response from daemon: could not find an available, non-overlapping IPv4 address pool among the defaults to assign to the network
E           &#34;&#34;&#34;.

.venv/lib/python3.8/site-packages/pytest_docker/plugin.py:35: Exception</pre>
                        
                        

                        
                        
                        
                    </div>
                
                    <div class="test outcome outcome-failed">
                        <a id="f5c50b7b-08ec-412c-b3b4-5d7f166cd554"></a>
                        <table class="proplist">
                            <tr><th>Test case:</th><td><b>test_unknown_comodel_name</b></td></tr>
                            <tr><th>Outcome:</th><td>Failed</td></tr>
                            <tr><th>Duration:</th><td>0.001 sec</td></tr>
                        
                            <tr><th>Failed</th><td>failed on setup with &#34;Exception: Command docker compose -f &#34;/home/madrid/Escritorio/SGE/SGE-odoo-project-tester/projects/docker-compose.yml&#34; -p &#34;pytest60637&#34; up --build -d returned 1: &#34;&#34;&#34;time=&#34;2025-02-26T16:28:03+01:00&#34; level=warning msg=&#34;/home/madrid/Escritorio/SGE/SGE-odoo-project-tester/projects/docker-compose.yml: `version` is obsolete&#34;
 Network pytest60637_default  Creating
 Network pytest60637_default  Error
failed to create network pytest60637_default: Error response from daemon: could not find an available, non-overlapping IPv4 address pool among the defaults to assign to the network
&#34;&#34;&#34;.&#34;</td></tr>
                        
                        
                        </table>

                        
                        <pre>docker_compose_command = &#39;docker compose&#39;, docker_compose_file = &#39;/home/madrid/Escritorio/SGE/SGE-odoo-project-tester/projects/docker-compose.yml&#39;, docker_compose_project_name = &#39;pytest60637&#39;
docker_setup = [&#39;up --build -d&#39;], docker_cleanup = [&#39;down -v&#39;]

    @pytest.fixture(scope=containers_scope)
    def docker_services(
        docker_compose_command: str,
        docker_compose_file: Union[List[str], str],
        docker_compose_project_name: str,
        docker_setup: str,
        docker_cleanup: str,
    ) -&gt; Iterator[Services]:
        &#34;&#34;&#34;Start all services from a docker compose file (`docker-compose up`).
        After test are finished, shutdown all services (`docker-compose down`).&#34;&#34;&#34;
    
&gt;       with get_docker_services(
            docker_compose_command,
            docker_compose_file,
            docker_compose_project_name,
            docker_setup,
            docker_cleanup,
        ) as docker_service:

.venv/lib/python3.8/site-packages/pytest_docker/plugin.py:238: 
_ _ _ _ _ _ _ _ _ _ _ _ _ _ _ _ _ _ _ _ _ _ _ _ _ _ _ _ _ _ _ _ _ _ _ _ _ _ _ _ _ _ _ _ _ _ _ _ _ _ _ _ _ _ _ _ _ _ _ _ _ _ _ _ _ _ _ _ _ _ _ _ _ _ _ _ _ _ _ _ _ _ _ _ _ _ _ _ _ _ _ _ _ _ _ _ _ _ _ _ _ _ _ _ _ _
/usr/lib/python3.8/contextlib.py:113: in __enter__
    return next(self.gen)
.venv/lib/python3.8/site-packages/pytest_docker/plugin.py:212: in get_docker_services
    docker_compose.execute(command)
.venv/lib/python3.8/site-packages/pytest_docker/plugin.py:140: in execute
    return execute(command)
_ _ _ _ _ _ _ _ _ _ _ _ _ _ _ _ _ _ _ _ _ _ _ _ _ _ _ _ _ _ _ _ _ _ _ _ _ _ _ _ _ _ _ _ _ _ _ _ _ _ _ _ _ _ _ _ _ _ _ _ _ _ _ _ _ _ _ _ _ _ _ _ _ _ _ _ _ _ _ _ _ _ _ _ _ _ _ _ _ _ _ _ _ _ _ _ _ _ _ _ _ _ _ _ _ _

command = &#39;docker compose -f &#34;/home/madrid/Escritorio/SGE/SGE-odoo-project-tester/projects/docker-compose.yml&#34; -p &#34;pytest60637&#34; up --build -d&#39;, success_codes = (0,)

    def execute(command: str, success_codes: Iterable[int] = (0,)) -&gt; Union[bytes, Any]:
        &#34;&#34;&#34;Run a shell command.&#34;&#34;&#34;
        try:
            output = subprocess.check_output(command, stderr=subprocess.STDOUT, shell=True)
            status = 0
        except subprocess.CalledProcessError as error:
            output = error.output or b&#34;&#34;
            status = error.returncode
            command = error.cmd
    
        if status not in success_codes:
&gt;           raise Exception(
                &#39;Command {} returned {}: &#34;&#34;&#34;{}&#34;&#34;&#34;.&#39;.format(command, status, output.decode(&#34;utf-8&#34;))
            )
E           Exception: Command docker compose -f &#34;/home/madrid/Escritorio/SGE/SGE-odoo-project-tester/projects/docker-compose.yml&#34; -p &#34;pytest60637&#34; up --build -d returned 1: &#34;&#34;&#34;time=&#34;2025-02-26T16:28:03+01:00&#34; level=warning msg=&#34;/home/madrid/Escritorio/SGE/SGE-odoo-project-tester/projects/docker-compose.yml: `version` is obsolete&#34;
E            Network pytest60637_default  Creating
E            Network pytest60637_default  Error
E           failed to create network pytest60637_default: Error response from daemon: could not find an available, non-overlapping IPv4 address pool among the defaults to assign to the network
E           &#34;&#34;&#34;.

.venv/lib/python3.8/site-packages/pytest_docker/plugin.py:35: Exception</pre>
                        
                        

                        
                        
                        
                    </div>
                
                </div>
            </div>
            
            <div class="testclass">
                <h4>test_minimal_requirements.TestRNF3</h4>
                <div class="testcases">
                
                    <div class="test outcome outcome-failed">
                        <a id="c569b688-5e34-4d1e-b759-0fb1550624d9"></a>
                        <table class="proplist">
                            <tr><th>Test case:</th><td><b>test_modelos_tienen_vista[tree]</b></td></tr>
                            <tr><th>Outcome:</th><td>Failed</td></tr>
                            <tr><th>Duration:</th><td>0.001 sec</td></tr>
                        
                            <tr><th>Failed</th><td>failed on setup with &#34;Exception: Command docker compose -f &#34;/home/madrid/Escritorio/SGE/SGE-odoo-project-tester/projects/docker-compose.yml&#34; -p &#34;pytest60637&#34; up --build -d returned 1: &#34;&#34;&#34;time=&#34;2025-02-26T16:28:03+01:00&#34; level=warning msg=&#34;/home/madrid/Escritorio/SGE/SGE-odoo-project-tester/projects/docker-compose.yml: `version` is obsolete&#34;
 Network pytest60637_default  Creating
 Network pytest60637_default  Error
failed to create network pytest60637_default: Error response from daemon: could not find an available, non-overlapping IPv4 address pool among the defaults to assign to the network
&#34;&#34;&#34;.&#34;</td></tr>
                        
                        
                        </table>

                        
                        <pre>docker_compose_command = &#39;docker compose&#39;, docker_compose_file = &#39;/home/madrid/Escritorio/SGE/SGE-odoo-project-tester/projects/docker-compose.yml&#39;, docker_compose_project_name = &#39;pytest60637&#39;
docker_setup = [&#39;up --build -d&#39;], docker_cleanup = [&#39;down -v&#39;]

    @pytest.fixture(scope=containers_scope)
    def docker_services(
        docker_compose_command: str,
        docker_compose_file: Union[List[str], str],
        docker_compose_project_name: str,
        docker_setup: str,
        docker_cleanup: str,
    ) -&gt; Iterator[Services]:
        &#34;&#34;&#34;Start all services from a docker compose file (`docker-compose up`).
        After test are finished, shutdown all services (`docker-compose down`).&#34;&#34;&#34;
    
&gt;       with get_docker_services(
            docker_compose_command,
            docker_compose_file,
            docker_compose_project_name,
            docker_setup,
            docker_cleanup,
        ) as docker_service:

.venv/lib/python3.8/site-packages/pytest_docker/plugin.py:238: 
_ _ _ _ _ _ _ _ _ _ _ _ _ _ _ _ _ _ _ _ _ _ _ _ _ _ _ _ _ _ _ _ _ _ _ _ _ _ _ _ _ _ _ _ _ _ _ _ _ _ _ _ _ _ _ _ _ _ _ _ _ _ _ _ _ _ _ _ _ _ _ _ _ _ _ _ _ _ _ _ _ _ _ _ _ _ _ _ _ _ _ _ _ _ _ _ _ _ _ _ _ _ _ _ _ _
/usr/lib/python3.8/contextlib.py:113: in __enter__
    return next(self.gen)
.venv/lib/python3.8/site-packages/pytest_docker/plugin.py:212: in get_docker_services
    docker_compose.execute(command)
.venv/lib/python3.8/site-packages/pytest_docker/plugin.py:140: in execute
    return execute(command)
_ _ _ _ _ _ _ _ _ _ _ _ _ _ _ _ _ _ _ _ _ _ _ _ _ _ _ _ _ _ _ _ _ _ _ _ _ _ _ _ _ _ _ _ _ _ _ _ _ _ _ _ _ _ _ _ _ _ _ _ _ _ _ _ _ _ _ _ _ _ _ _ _ _ _ _ _ _ _ _ _ _ _ _ _ _ _ _ _ _ _ _ _ _ _ _ _ _ _ _ _ _ _ _ _ _

command = &#39;docker compose -f &#34;/home/madrid/Escritorio/SGE/SGE-odoo-project-tester/projects/docker-compose.yml&#34; -p &#34;pytest60637&#34; up --build -d&#39;, success_codes = (0,)

    def execute(command: str, success_codes: Iterable[int] = (0,)) -&gt; Union[bytes, Any]:
        &#34;&#34;&#34;Run a shell command.&#34;&#34;&#34;
        try:
            output = subprocess.check_output(command, stderr=subprocess.STDOUT, shell=True)
            status = 0
        except subprocess.CalledProcessError as error:
            output = error.output or b&#34;&#34;
            status = error.returncode
            command = error.cmd
    
        if status not in success_codes:
&gt;           raise Exception(
                &#39;Command {} returned {}: &#34;&#34;&#34;{}&#34;&#34;&#34;.&#39;.format(command, status, output.decode(&#34;utf-8&#34;))
            )
E           Exception: Command docker compose -f &#34;/home/madrid/Escritorio/SGE/SGE-odoo-project-tester/projects/docker-compose.yml&#34; -p &#34;pytest60637&#34; up --build -d returned 1: &#34;&#34;&#34;time=&#34;2025-02-26T16:28:03+01:00&#34; level=warning msg=&#34;/home/madrid/Escritorio/SGE/SGE-odoo-project-tester/projects/docker-compose.yml: `version` is obsolete&#34;
E            Network pytest60637_default  Creating
E            Network pytest60637_default  Error
E           failed to create network pytest60637_default: Error response from daemon: could not find an available, non-overlapping IPv4 address pool among the defaults to assign to the network
E           &#34;&#34;&#34;.

.venv/lib/python3.8/site-packages/pytest_docker/plugin.py:35: Exception</pre>
                        
                        

                        
                        
                        
                    </div>
                
                    <div class="test outcome outcome-failed">
                        <a id="09957f77-b427-449d-82de-ceab3b21c3d6"></a>
                        <table class="proplist">
                            <tr><th>Test case:</th><td><b>test_modelos_tienen_vista[form]</b></td></tr>
                            <tr><th>Outcome:</th><td>Failed</td></tr>
                            <tr><th>Duration:</th><td>0.001 sec</td></tr>
                        
                            <tr><th>Failed</th><td>failed on setup with &#34;Exception: Command docker compose -f &#34;/home/madrid/Escritorio/SGE/SGE-odoo-project-tester/projects/docker-compose.yml&#34; -p &#34;pytest60637&#34; up --build -d returned 1: &#34;&#34;&#34;time=&#34;2025-02-26T16:28:03+01:00&#34; level=warning msg=&#34;/home/madrid/Escritorio/SGE/SGE-odoo-project-tester/projects/docker-compose.yml: `version` is obsolete&#34;
 Network pytest60637_default  Creating
 Network pytest60637_default  Error
failed to create network pytest60637_default: Error response from daemon: could not find an available, non-overlapping IPv4 address pool among the defaults to assign to the network
&#34;&#34;&#34;.&#34;</td></tr>
                        
                        
                        </table>

                        
                        <pre>docker_compose_command = &#39;docker compose&#39;, docker_compose_file = &#39;/home/madrid/Escritorio/SGE/SGE-odoo-project-tester/projects/docker-compose.yml&#39;, docker_compose_project_name = &#39;pytest60637&#39;
docker_setup = [&#39;up --build -d&#39;], docker_cleanup = [&#39;down -v&#39;]

    @pytest.fixture(scope=containers_scope)
    def docker_services(
        docker_compose_command: str,
        docker_compose_file: Union[List[str], str],
        docker_compose_project_name: str,
        docker_setup: str,
        docker_cleanup: str,
    ) -&gt; Iterator[Services]:
        &#34;&#34;&#34;Start all services from a docker compose file (`docker-compose up`).
        After test are finished, shutdown all services (`docker-compose down`).&#34;&#34;&#34;
    
&gt;       with get_docker_services(
            docker_compose_command,
            docker_compose_file,
            docker_compose_project_name,
            docker_setup,
            docker_cleanup,
        ) as docker_service:

.venv/lib/python3.8/site-packages/pytest_docker/plugin.py:238: 
_ _ _ _ _ _ _ _ _ _ _ _ _ _ _ _ _ _ _ _ _ _ _ _ _ _ _ _ _ _ _ _ _ _ _ _ _ _ _ _ _ _ _ _ _ _ _ _ _ _ _ _ _ _ _ _ _ _ _ _ _ _ _ _ _ _ _ _ _ _ _ _ _ _ _ _ _ _ _ _ _ _ _ _ _ _ _ _ _ _ _ _ _ _ _ _ _ _ _ _ _ _ _ _ _ _
/usr/lib/python3.8/contextlib.py:113: in __enter__
    return next(self.gen)
.venv/lib/python3.8/site-packages/pytest_docker/plugin.py:212: in get_docker_services
    docker_compose.execute(command)
.venv/lib/python3.8/site-packages/pytest_docker/plugin.py:140: in execute
    return execute(command)
_ _ _ _ _ _ _ _ _ _ _ _ _ _ _ _ _ _ _ _ _ _ _ _ _ _ _ _ _ _ _ _ _ _ _ _ _ _ _ _ _ _ _ _ _ _ _ _ _ _ _ _ _ _ _ _ _ _ _ _ _ _ _ _ _ _ _ _ _ _ _ _ _ _ _ _ _ _ _ _ _ _ _ _ _ _ _ _ _ _ _ _ _ _ _ _ _ _ _ _ _ _ _ _ _ _

command = &#39;docker compose -f &#34;/home/madrid/Escritorio/SGE/SGE-odoo-project-tester/projects/docker-compose.yml&#34; -p &#34;pytest60637&#34; up --build -d&#39;, success_codes = (0,)

    def execute(command: str, success_codes: Iterable[int] = (0,)) -&gt; Union[bytes, Any]:
        &#34;&#34;&#34;Run a shell command.&#34;&#34;&#34;
        try:
            output = subprocess.check_output(command, stderr=subprocess.STDOUT, shell=True)
            status = 0
        except subprocess.CalledProcessError as error:
            output = error.output or b&#34;&#34;
            status = error.returncode
            command = error.cmd
    
        if status not in success_codes:
&gt;           raise Exception(
                &#39;Command {} returned {}: &#34;&#34;&#34;{}&#34;&#34;&#34;.&#39;.format(command, status, output.decode(&#34;utf-8&#34;))
            )
E           Exception: Command docker compose -f &#34;/home/madrid/Escritorio/SGE/SGE-odoo-project-tester/projects/docker-compose.yml&#34; -p &#34;pytest60637&#34; up --build -d returned 1: &#34;&#34;&#34;time=&#34;2025-02-26T16:28:03+01:00&#34; level=warning msg=&#34;/home/madrid/Escritorio/SGE/SGE-odoo-project-tester/projects/docker-compose.yml: `version` is obsolete&#34;
E            Network pytest60637_default  Creating
E            Network pytest60637_default  Error
E           failed to create network pytest60637_default: Error response from daemon: could not find an available, non-overlapping IPv4 address pool among the defaults to assign to the network
E           &#34;&#34;&#34;.

.venv/lib/python3.8/site-packages/pytest_docker/plugin.py:35: Exception</pre>
                        
                        

                        
                        
                        
                    </div>
                
                    <div class="test outcome outcome-failed">
                        <a id="953a6145-5cfe-4ed1-94af-4c4c050229a2"></a>
                        <table class="proplist">
                            <tr><th>Test case:</th><td><b>test_formularios_tienen_vista_anidada_para_campos_X2many[one2many]</b></td></tr>
                            <tr><th>Outcome:</th><td>Failed</td></tr>
                            <tr><th>Duration:</th><td>0.001 sec</td></tr>
                        
                            <tr><th>Failed</th><td>failed on setup with &#34;Exception: Command docker compose -f &#34;/home/madrid/Escritorio/SGE/SGE-odoo-project-tester/projects/docker-compose.yml&#34; -p &#34;pytest60637&#34; up --build -d returned 1: &#34;&#34;&#34;time=&#34;2025-02-26T16:28:03+01:00&#34; level=warning msg=&#34;/home/madrid/Escritorio/SGE/SGE-odoo-project-tester/projects/docker-compose.yml: `version` is obsolete&#34;
 Network pytest60637_default  Creating
 Network pytest60637_default  Error
failed to create network pytest60637_default: Error response from daemon: could not find an available, non-overlapping IPv4 address pool among the defaults to assign to the network
&#34;&#34;&#34;.&#34;</td></tr>
                        
                        
                        </table>

                        
                        <pre>docker_compose_command = &#39;docker compose&#39;, docker_compose_file = &#39;/home/madrid/Escritorio/SGE/SGE-odoo-project-tester/projects/docker-compose.yml&#39;, docker_compose_project_name = &#39;pytest60637&#39;
docker_setup = [&#39;up --build -d&#39;], docker_cleanup = [&#39;down -v&#39;]

    @pytest.fixture(scope=containers_scope)
    def docker_services(
        docker_compose_command: str,
        docker_compose_file: Union[List[str], str],
        docker_compose_project_name: str,
        docker_setup: str,
        docker_cleanup: str,
    ) -&gt; Iterator[Services]:
        &#34;&#34;&#34;Start all services from a docker compose file (`docker-compose up`).
        After test are finished, shutdown all services (`docker-compose down`).&#34;&#34;&#34;
    
&gt;       with get_docker_services(
            docker_compose_command,
            docker_compose_file,
            docker_compose_project_name,
            docker_setup,
            docker_cleanup,
        ) as docker_service:

.venv/lib/python3.8/site-packages/pytest_docker/plugin.py:238: 
_ _ _ _ _ _ _ _ _ _ _ _ _ _ _ _ _ _ _ _ _ _ _ _ _ _ _ _ _ _ _ _ _ _ _ _ _ _ _ _ _ _ _ _ _ _ _ _ _ _ _ _ _ _ _ _ _ _ _ _ _ _ _ _ _ _ _ _ _ _ _ _ _ _ _ _ _ _ _ _ _ _ _ _ _ _ _ _ _ _ _ _ _ _ _ _ _ _ _ _ _ _ _ _ _ _
/usr/lib/python3.8/contextlib.py:113: in __enter__
    return next(self.gen)
.venv/lib/python3.8/site-packages/pytest_docker/plugin.py:212: in get_docker_services
    docker_compose.execute(command)
.venv/lib/python3.8/site-packages/pytest_docker/plugin.py:140: in execute
    return execute(command)
_ _ _ _ _ _ _ _ _ _ _ _ _ _ _ _ _ _ _ _ _ _ _ _ _ _ _ _ _ _ _ _ _ _ _ _ _ _ _ _ _ _ _ _ _ _ _ _ _ _ _ _ _ _ _ _ _ _ _ _ _ _ _ _ _ _ _ _ _ _ _ _ _ _ _ _ _ _ _ _ _ _ _ _ _ _ _ _ _ _ _ _ _ _ _ _ _ _ _ _ _ _ _ _ _ _

command = &#39;docker compose -f &#34;/home/madrid/Escritorio/SGE/SGE-odoo-project-tester/projects/docker-compose.yml&#34; -p &#34;pytest60637&#34; up --build -d&#39;, success_codes = (0,)

    def execute(command: str, success_codes: Iterable[int] = (0,)) -&gt; Union[bytes, Any]:
        &#34;&#34;&#34;Run a shell command.&#34;&#34;&#34;
        try:
            output = subprocess.check_output(command, stderr=subprocess.STDOUT, shell=True)
            status = 0
        except subprocess.CalledProcessError as error:
            output = error.output or b&#34;&#34;
            status = error.returncode
            command = error.cmd
    
        if status not in success_codes:
&gt;           raise Exception(
                &#39;Command {} returned {}: &#34;&#34;&#34;{}&#34;&#34;&#34;.&#39;.format(command, status, output.decode(&#34;utf-8&#34;))
            )
E           Exception: Command docker compose -f &#34;/home/madrid/Escritorio/SGE/SGE-odoo-project-tester/projects/docker-compose.yml&#34; -p &#34;pytest60637&#34; up --build -d returned 1: &#34;&#34;&#34;time=&#34;2025-02-26T16:28:03+01:00&#34; level=warning msg=&#34;/home/madrid/Escritorio/SGE/SGE-odoo-project-tester/projects/docker-compose.yml: `version` is obsolete&#34;
E            Network pytest60637_default  Creating
E            Network pytest60637_default  Error
E           failed to create network pytest60637_default: Error response from daemon: could not find an available, non-overlapping IPv4 address pool among the defaults to assign to the network
E           &#34;&#34;&#34;.

.venv/lib/python3.8/site-packages/pytest_docker/plugin.py:35: Exception</pre>
                        
                        

                        
                        
                        
                    </div>
                
                    <div class="test outcome outcome-failed">
                        <a id="a47f9369-58de-4dd3-88a6-9e7285d45683"></a>
                        <table class="proplist">
                            <tr><th>Test case:</th><td><b>test_formularios_tienen_vista_anidada_para_campos_X2many[many2many]</b></td></tr>
                            <tr><th>Outcome:</th><td>Failed</td></tr>
                            <tr><th>Duration:</th><td>0.001 sec</td></tr>
                        
                            <tr><th>Failed</th><td>failed on setup with &#34;Exception: Command docker compose -f &#34;/home/madrid/Escritorio/SGE/SGE-odoo-project-tester/projects/docker-compose.yml&#34; -p &#34;pytest60637&#34; up --build -d returned 1: &#34;&#34;&#34;time=&#34;2025-02-26T16:28:03+01:00&#34; level=warning msg=&#34;/home/madrid/Escritorio/SGE/SGE-odoo-project-tester/projects/docker-compose.yml: `version` is obsolete&#34;
 Network pytest60637_default  Creating
 Network pytest60637_default  Error
failed to create network pytest60637_default: Error response from daemon: could not find an available, non-overlapping IPv4 address pool among the defaults to assign to the network
&#34;&#34;&#34;.&#34;</td></tr>
                        
                        
                        </table>

                        
                        <pre>docker_compose_command = &#39;docker compose&#39;, docker_compose_file = &#39;/home/madrid/Escritorio/SGE/SGE-odoo-project-tester/projects/docker-compose.yml&#39;, docker_compose_project_name = &#39;pytest60637&#39;
docker_setup = [&#39;up --build -d&#39;], docker_cleanup = [&#39;down -v&#39;]

    @pytest.fixture(scope=containers_scope)
    def docker_services(
        docker_compose_command: str,
        docker_compose_file: Union[List[str], str],
        docker_compose_project_name: str,
        docker_setup: str,
        docker_cleanup: str,
    ) -&gt; Iterator[Services]:
        &#34;&#34;&#34;Start all services from a docker compose file (`docker-compose up`).
        After test are finished, shutdown all services (`docker-compose down`).&#34;&#34;&#34;
    
&gt;       with get_docker_services(
            docker_compose_command,
            docker_compose_file,
            docker_compose_project_name,
            docker_setup,
            docker_cleanup,
        ) as docker_service:

.venv/lib/python3.8/site-packages/pytest_docker/plugin.py:238: 
_ _ _ _ _ _ _ _ _ _ _ _ _ _ _ _ _ _ _ _ _ _ _ _ _ _ _ _ _ _ _ _ _ _ _ _ _ _ _ _ _ _ _ _ _ _ _ _ _ _ _ _ _ _ _ _ _ _ _ _ _ _ _ _ _ _ _ _ _ _ _ _ _ _ _ _ _ _ _ _ _ _ _ _ _ _ _ _ _ _ _ _ _ _ _ _ _ _ _ _ _ _ _ _ _ _
/usr/lib/python3.8/contextlib.py:113: in __enter__
    return next(self.gen)
.venv/lib/python3.8/site-packages/pytest_docker/plugin.py:212: in get_docker_services
    docker_compose.execute(command)
.venv/lib/python3.8/site-packages/pytest_docker/plugin.py:140: in execute
    return execute(command)
_ _ _ _ _ _ _ _ _ _ _ _ _ _ _ _ _ _ _ _ _ _ _ _ _ _ _ _ _ _ _ _ _ _ _ _ _ _ _ _ _ _ _ _ _ _ _ _ _ _ _ _ _ _ _ _ _ _ _ _ _ _ _ _ _ _ _ _ _ _ _ _ _ _ _ _ _ _ _ _ _ _ _ _ _ _ _ _ _ _ _ _ _ _ _ _ _ _ _ _ _ _ _ _ _ _

command = &#39;docker compose -f &#34;/home/madrid/Escritorio/SGE/SGE-odoo-project-tester/projects/docker-compose.yml&#34; -p &#34;pytest60637&#34; up --build -d&#39;, success_codes = (0,)

    def execute(command: str, success_codes: Iterable[int] = (0,)) -&gt; Union[bytes, Any]:
        &#34;&#34;&#34;Run a shell command.&#34;&#34;&#34;
        try:
            output = subprocess.check_output(command, stderr=subprocess.STDOUT, shell=True)
            status = 0
        except subprocess.CalledProcessError as error:
            output = error.output or b&#34;&#34;
            status = error.returncode
            command = error.cmd
    
        if status not in success_codes:
&gt;           raise Exception(
                &#39;Command {} returned {}: &#34;&#34;&#34;{}&#34;&#34;&#34;.&#39;.format(command, status, output.decode(&#34;utf-8&#34;))
            )
E           Exception: Command docker compose -f &#34;/home/madrid/Escritorio/SGE/SGE-odoo-project-tester/projects/docker-compose.yml&#34; -p &#34;pytest60637&#34; up --build -d returned 1: &#34;&#34;&#34;time=&#34;2025-02-26T16:28:03+01:00&#34; level=warning msg=&#34;/home/madrid/Escritorio/SGE/SGE-odoo-project-tester/projects/docker-compose.yml: `version` is obsolete&#34;
E            Network pytest60637_default  Creating
E            Network pytest60637_default  Error
E           failed to create network pytest60637_default: Error response from daemon: could not find an available, non-overlapping IPv4 address pool among the defaults to assign to the network
E           &#34;&#34;&#34;.

.venv/lib/python3.8/site-packages/pytest_docker/plugin.py:35: Exception</pre>
                        
                        

                        
                        
                        
                    </div>
                
                </div>
            </div>
            
            <div class="testclass">
                <h4>test_minimal_requirements.TestRNF4</h4>
                <div class="testcases">
                
                    <div class="test outcome outcome-failed">
                        <a id="b7fb36c8-4d1b-463b-86af-be9b410ac723"></a>
                        <table class="proplist">
                            <tr><th>Test case:</th><td><b>test_vistas_en_ficheros_individuales</b></td></tr>
                            <tr><th>Outcome:</th><td>Failed</td></tr>
                            <tr><th>Duration:</th><td>0.001 sec</td></tr>
                        
                            <tr><th>Failed</th><td>failed on setup with &#34;Exception: Command docker compose -f &#34;/home/madrid/Escritorio/SGE/SGE-odoo-project-tester/projects/docker-compose.yml&#34; -p &#34;pytest60637&#34; up --build -d returned 1: &#34;&#34;&#34;time=&#34;2025-02-26T16:28:03+01:00&#34; level=warning msg=&#34;/home/madrid/Escritorio/SGE/SGE-odoo-project-tester/projects/docker-compose.yml: `version` is obsolete&#34;
 Network pytest60637_default  Creating
 Network pytest60637_default  Error
failed to create network pytest60637_default: Error response from daemon: could not find an available, non-overlapping IPv4 address pool among the defaults to assign to the network
&#34;&#34;&#34;.&#34;</td></tr>
                        
                        
                        </table>

                        
                        <pre>docker_compose_command = &#39;docker compose&#39;, docker_compose_file = &#39;/home/madrid/Escritorio/SGE/SGE-odoo-project-tester/projects/docker-compose.yml&#39;, docker_compose_project_name = &#39;pytest60637&#39;
docker_setup = [&#39;up --build -d&#39;], docker_cleanup = [&#39;down -v&#39;]

    @pytest.fixture(scope=containers_scope)
    def docker_services(
        docker_compose_command: str,
        docker_compose_file: Union[List[str], str],
        docker_compose_project_name: str,
        docker_setup: str,
        docker_cleanup: str,
    ) -&gt; Iterator[Services]:
        &#34;&#34;&#34;Start all services from a docker compose file (`docker-compose up`).
        After test are finished, shutdown all services (`docker-compose down`).&#34;&#34;&#34;
    
&gt;       with get_docker_services(
            docker_compose_command,
            docker_compose_file,
            docker_compose_project_name,
            docker_setup,
            docker_cleanup,
        ) as docker_service:

.venv/lib/python3.8/site-packages/pytest_docker/plugin.py:238: 
_ _ _ _ _ _ _ _ _ _ _ _ _ _ _ _ _ _ _ _ _ _ _ _ _ _ _ _ _ _ _ _ _ _ _ _ _ _ _ _ _ _ _ _ _ _ _ _ _ _ _ _ _ _ _ _ _ _ _ _ _ _ _ _ _ _ _ _ _ _ _ _ _ _ _ _ _ _ _ _ _ _ _ _ _ _ _ _ _ _ _ _ _ _ _ _ _ _ _ _ _ _ _ _ _ _
/usr/lib/python3.8/contextlib.py:113: in __enter__
    return next(self.gen)
.venv/lib/python3.8/site-packages/pytest_docker/plugin.py:212: in get_docker_services
    docker_compose.execute(command)
.venv/lib/python3.8/site-packages/pytest_docker/plugin.py:140: in execute
    return execute(command)
_ _ _ _ _ _ _ _ _ _ _ _ _ _ _ _ _ _ _ _ _ _ _ _ _ _ _ _ _ _ _ _ _ _ _ _ _ _ _ _ _ _ _ _ _ _ _ _ _ _ _ _ _ _ _ _ _ _ _ _ _ _ _ _ _ _ _ _ _ _ _ _ _ _ _ _ _ _ _ _ _ _ _ _ _ _ _ _ _ _ _ _ _ _ _ _ _ _ _ _ _ _ _ _ _ _

command = &#39;docker compose -f &#34;/home/madrid/Escritorio/SGE/SGE-odoo-project-tester/projects/docker-compose.yml&#34; -p &#34;pytest60637&#34; up --build -d&#39;, success_codes = (0,)

    def execute(command: str, success_codes: Iterable[int] = (0,)) -&gt; Union[bytes, Any]:
        &#34;&#34;&#34;Run a shell command.&#34;&#34;&#34;
        try:
            output = subprocess.check_output(command, stderr=subprocess.STDOUT, shell=True)
            status = 0
        except subprocess.CalledProcessError as error:
            output = error.output or b&#34;&#34;
            status = error.returncode
            command = error.cmd
    
        if status not in success_codes:
&gt;           raise Exception(
                &#39;Command {} returned {}: &#34;&#34;&#34;{}&#34;&#34;&#34;.&#39;.format(command, status, output.decode(&#34;utf-8&#34;))
            )
E           Exception: Command docker compose -f &#34;/home/madrid/Escritorio/SGE/SGE-odoo-project-tester/projects/docker-compose.yml&#34; -p &#34;pytest60637&#34; up --build -d returned 1: &#34;&#34;&#34;time=&#34;2025-02-26T16:28:03+01:00&#34; level=warning msg=&#34;/home/madrid/Escritorio/SGE/SGE-odoo-project-tester/projects/docker-compose.yml: `version` is obsolete&#34;
E            Network pytest60637_default  Creating
E            Network pytest60637_default  Error
E           failed to create network pytest60637_default: Error response from daemon: could not find an available, non-overlapping IPv4 address pool among the defaults to assign to the network
E           &#34;&#34;&#34;.

.venv/lib/python3.8/site-packages/pytest_docker/plugin.py:35: Exception</pre>
                        
                        

                        
                        
                        
                    </div>
                
                </div>
            </div>
            
            <div class="testclass">
                <h4>test_minimal_requirements.TestRNF5</h4>
                <div class="testcases">
                
                    <div class="test outcome outcome-failed">
                        <a id="ecc8b8c7-47e7-483f-bf76-049608842d41"></a>
                        <table class="proplist">
                            <tr><th>Test case:</th><td><b>test_modelos_tienen_algun_posible_campo_imagen</b></td></tr>
                            <tr><th>Outcome:</th><td>Failed</td></tr>
                            <tr><th>Duration:</th><td>0.001 sec</td></tr>
                        
                            <tr><th>Failed</th><td>failed on setup with &#34;Exception: Command docker compose -f &#34;/home/madrid/Escritorio/SGE/SGE-odoo-project-tester/projects/docker-compose.yml&#34; -p &#34;pytest60637&#34; up --build -d returned 1: &#34;&#34;&#34;time=&#34;2025-02-26T16:28:03+01:00&#34; level=warning msg=&#34;/home/madrid/Escritorio/SGE/SGE-odoo-project-tester/projects/docker-compose.yml: `version` is obsolete&#34;
 Network pytest60637_default  Creating
 Network pytest60637_default  Error
failed to create network pytest60637_default: Error response from daemon: could not find an available, non-overlapping IPv4 address pool among the defaults to assign to the network
&#34;&#34;&#34;.&#34;</td></tr>
                        
                        
                        </table>

                        
                        <pre>docker_compose_command = &#39;docker compose&#39;, docker_compose_file = &#39;/home/madrid/Escritorio/SGE/SGE-odoo-project-tester/projects/docker-compose.yml&#39;, docker_compose_project_name = &#39;pytest60637&#39;
docker_setup = [&#39;up --build -d&#39;], docker_cleanup = [&#39;down -v&#39;]

    @pytest.fixture(scope=containers_scope)
    def docker_services(
        docker_compose_command: str,
        docker_compose_file: Union[List[str], str],
        docker_compose_project_name: str,
        docker_setup: str,
        docker_cleanup: str,
    ) -&gt; Iterator[Services]:
        &#34;&#34;&#34;Start all services from a docker compose file (`docker-compose up`).
        After test are finished, shutdown all services (`docker-compose down`).&#34;&#34;&#34;
    
&gt;       with get_docker_services(
            docker_compose_command,
            docker_compose_file,
            docker_compose_project_name,
            docker_setup,
            docker_cleanup,
        ) as docker_service:

.venv/lib/python3.8/site-packages/pytest_docker/plugin.py:238: 
_ _ _ _ _ _ _ _ _ _ _ _ _ _ _ _ _ _ _ _ _ _ _ _ _ _ _ _ _ _ _ _ _ _ _ _ _ _ _ _ _ _ _ _ _ _ _ _ _ _ _ _ _ _ _ _ _ _ _ _ _ _ _ _ _ _ _ _ _ _ _ _ _ _ _ _ _ _ _ _ _ _ _ _ _ _ _ _ _ _ _ _ _ _ _ _ _ _ _ _ _ _ _ _ _ _
/usr/lib/python3.8/contextlib.py:113: in __enter__
    return next(self.gen)
.venv/lib/python3.8/site-packages/pytest_docker/plugin.py:212: in get_docker_services
    docker_compose.execute(command)
.venv/lib/python3.8/site-packages/pytest_docker/plugin.py:140: in execute
    return execute(command)
_ _ _ _ _ _ _ _ _ _ _ _ _ _ _ _ _ _ _ _ _ _ _ _ _ _ _ _ _ _ _ _ _ _ _ _ _ _ _ _ _ _ _ _ _ _ _ _ _ _ _ _ _ _ _ _ _ _ _ _ _ _ _ _ _ _ _ _ _ _ _ _ _ _ _ _ _ _ _ _ _ _ _ _ _ _ _ _ _ _ _ _ _ _ _ _ _ _ _ _ _ _ _ _ _ _

command = &#39;docker compose -f &#34;/home/madrid/Escritorio/SGE/SGE-odoo-project-tester/projects/docker-compose.yml&#34; -p &#34;pytest60637&#34; up --build -d&#39;, success_codes = (0,)

    def execute(command: str, success_codes: Iterable[int] = (0,)) -&gt; Union[bytes, Any]:
        &#34;&#34;&#34;Run a shell command.&#34;&#34;&#34;
        try:
            output = subprocess.check_output(command, stderr=subprocess.STDOUT, shell=True)
            status = 0
        except subprocess.CalledProcessError as error:
            output = error.output or b&#34;&#34;
            status = error.returncode
            command = error.cmd
    
        if status not in success_codes:
&gt;           raise Exception(
                &#39;Command {} returned {}: &#34;&#34;&#34;{}&#34;&#34;&#34;.&#39;.format(command, status, output.decode(&#34;utf-8&#34;))
            )
E           Exception: Command docker compose -f &#34;/home/madrid/Escritorio/SGE/SGE-odoo-project-tester/projects/docker-compose.yml&#34; -p &#34;pytest60637&#34; up --build -d returned 1: &#34;&#34;&#34;time=&#34;2025-02-26T16:28:03+01:00&#34; level=warning msg=&#34;/home/madrid/Escritorio/SGE/SGE-odoo-project-tester/projects/docker-compose.yml: `version` is obsolete&#34;
E            Network pytest60637_default  Creating
E            Network pytest60637_default  Error
E           failed to create network pytest60637_default: Error response from daemon: could not find an available, non-overlapping IPv4 address pool among the defaults to assign to the network
E           &#34;&#34;&#34;.

.venv/lib/python3.8/site-packages/pytest_docker/plugin.py:35: Exception</pre>
                        
                        

                        
                        
                        
                    </div>
                
                    <div class="test outcome outcome-failed">
                        <a id="5f7d26d3-a1db-4917-9e92-e34a5f81259a"></a>
                        <table class="proplist">
                            <tr><th>Test case:</th><td><b>test_alguna_vista_tiene_campo_imagen</b></td></tr>
                            <tr><th>Outcome:</th><td>Failed</td></tr>
                            <tr><th>Duration:</th><td>0.001 sec</td></tr>
                        
                            <tr><th>Failed</th><td>failed on setup with &#34;Exception: Command docker compose -f &#34;/home/madrid/Escritorio/SGE/SGE-odoo-project-tester/projects/docker-compose.yml&#34; -p &#34;pytest60637&#34; up --build -d returned 1: &#34;&#34;&#34;time=&#34;2025-02-26T16:28:03+01:00&#34; level=warning msg=&#34;/home/madrid/Escritorio/SGE/SGE-odoo-project-tester/projects/docker-compose.yml: `version` is obsolete&#34;
 Network pytest60637_default  Creating
 Network pytest60637_default  Error
failed to create network pytest60637_default: Error response from daemon: could not find an available, non-overlapping IPv4 address pool among the defaults to assign to the network
&#34;&#34;&#34;.&#34;</td></tr>
                        
                        
                        </table>

                        
                        <pre>docker_compose_command = &#39;docker compose&#39;, docker_compose_file = &#39;/home/madrid/Escritorio/SGE/SGE-odoo-project-tester/projects/docker-compose.yml&#39;, docker_compose_project_name = &#39;pytest60637&#39;
docker_setup = [&#39;up --build -d&#39;], docker_cleanup = [&#39;down -v&#39;]

    @pytest.fixture(scope=containers_scope)
    def docker_services(
        docker_compose_command: str,
        docker_compose_file: Union[List[str], str],
        docker_compose_project_name: str,
        docker_setup: str,
        docker_cleanup: str,
    ) -&gt; Iterator[Services]:
        &#34;&#34;&#34;Start all services from a docker compose file (`docker-compose up`).
        After test are finished, shutdown all services (`docker-compose down`).&#34;&#34;&#34;
    
&gt;       with get_docker_services(
            docker_compose_command,
            docker_compose_file,
            docker_compose_project_name,
            docker_setup,
            docker_cleanup,
        ) as docker_service:

.venv/lib/python3.8/site-packages/pytest_docker/plugin.py:238: 
_ _ _ _ _ _ _ _ _ _ _ _ _ _ _ _ _ _ _ _ _ _ _ _ _ _ _ _ _ _ _ _ _ _ _ _ _ _ _ _ _ _ _ _ _ _ _ _ _ _ _ _ _ _ _ _ _ _ _ _ _ _ _ _ _ _ _ _ _ _ _ _ _ _ _ _ _ _ _ _ _ _ _ _ _ _ _ _ _ _ _ _ _ _ _ _ _ _ _ _ _ _ _ _ _ _
/usr/lib/python3.8/contextlib.py:113: in __enter__
    return next(self.gen)
.venv/lib/python3.8/site-packages/pytest_docker/plugin.py:212: in get_docker_services
    docker_compose.execute(command)
.venv/lib/python3.8/site-packages/pytest_docker/plugin.py:140: in execute
    return execute(command)
_ _ _ _ _ _ _ _ _ _ _ _ _ _ _ _ _ _ _ _ _ _ _ _ _ _ _ _ _ _ _ _ _ _ _ _ _ _ _ _ _ _ _ _ _ _ _ _ _ _ _ _ _ _ _ _ _ _ _ _ _ _ _ _ _ _ _ _ _ _ _ _ _ _ _ _ _ _ _ _ _ _ _ _ _ _ _ _ _ _ _ _ _ _ _ _ _ _ _ _ _ _ _ _ _ _

command = &#39;docker compose -f &#34;/home/madrid/Escritorio/SGE/SGE-odoo-project-tester/projects/docker-compose.yml&#34; -p &#34;pytest60637&#34; up --build -d&#39;, success_codes = (0,)

    def execute(command: str, success_codes: Iterable[int] = (0,)) -&gt; Union[bytes, Any]:
        &#34;&#34;&#34;Run a shell command.&#34;&#34;&#34;
        try:
            output = subprocess.check_output(command, stderr=subprocess.STDOUT, shell=True)
            status = 0
        except subprocess.CalledProcessError as error:
            output = error.output or b&#34;&#34;
            status = error.returncode
            command = error.cmd
    
        if status not in success_codes:
&gt;           raise Exception(
                &#39;Command {} returned {}: &#34;&#34;&#34;{}&#34;&#34;&#34;.&#39;.format(command, status, output.decode(&#34;utf-8&#34;))
            )
E           Exception: Command docker compose -f &#34;/home/madrid/Escritorio/SGE/SGE-odoo-project-tester/projects/docker-compose.yml&#34; -p &#34;pytest60637&#34; up --build -d returned 1: &#34;&#34;&#34;time=&#34;2025-02-26T16:28:03+01:00&#34; level=warning msg=&#34;/home/madrid/Escritorio/SGE/SGE-odoo-project-tester/projects/docker-compose.yml: `version` is obsolete&#34;
E            Network pytest60637_default  Creating
E            Network pytest60637_default  Error
E           failed to create network pytest60637_default: Error response from daemon: could not find an available, non-overlapping IPv4 address pool among the defaults to assign to the network
E           &#34;&#34;&#34;.

.venv/lib/python3.8/site-packages/pytest_docker/plugin.py:35: Exception</pre>
                        
                        

                        
                        
                        
                    </div>
                
                </div>
            </div>
            
            <div class="testclass">
                <h4>test_minimal_requirements.TestRNF6</h4>
                <div class="testcases">
                
                    <div class="test outcome outcome-failed">
                        <a id="502863a9-7c70-4ab7-b8b9-caaf0b279990"></a>
                        <table class="proplist">
                            <tr><th>Test case:</th><td><b>test_modelos_tienen_acciones</b></td></tr>
                            <tr><th>Outcome:</th><td>Failed</td></tr>
                            <tr><th>Duration:</th><td>0.001 sec</td></tr>
                        
                            <tr><th>Failed</th><td>failed on setup with &#34;Exception: Command docker compose -f &#34;/home/madrid/Escritorio/SGE/SGE-odoo-project-tester/projects/docker-compose.yml&#34; -p &#34;pytest60637&#34; up --build -d returned 1: &#34;&#34;&#34;time=&#34;2025-02-26T16:28:03+01:00&#34; level=warning msg=&#34;/home/madrid/Escritorio/SGE/SGE-odoo-project-tester/projects/docker-compose.yml: `version` is obsolete&#34;
 Network pytest60637_default  Creating
 Network pytest60637_default  Error
failed to create network pytest60637_default: Error response from daemon: could not find an available, non-overlapping IPv4 address pool among the defaults to assign to the network
&#34;&#34;&#34;.&#34;</td></tr>
                        
                        
                        </table>

                        
                        <pre>docker_compose_command = &#39;docker compose&#39;, docker_compose_file = &#39;/home/madrid/Escritorio/SGE/SGE-odoo-project-tester/projects/docker-compose.yml&#39;, docker_compose_project_name = &#39;pytest60637&#39;
docker_setup = [&#39;up --build -d&#39;], docker_cleanup = [&#39;down -v&#39;]

    @pytest.fixture(scope=containers_scope)
    def docker_services(
        docker_compose_command: str,
        docker_compose_file: Union[List[str], str],
        docker_compose_project_name: str,
        docker_setup: str,
        docker_cleanup: str,
    ) -&gt; Iterator[Services]:
        &#34;&#34;&#34;Start all services from a docker compose file (`docker-compose up`).
        After test are finished, shutdown all services (`docker-compose down`).&#34;&#34;&#34;
    
&gt;       with get_docker_services(
            docker_compose_command,
            docker_compose_file,
            docker_compose_project_name,
            docker_setup,
            docker_cleanup,
        ) as docker_service:

.venv/lib/python3.8/site-packages/pytest_docker/plugin.py:238: 
_ _ _ _ _ _ _ _ _ _ _ _ _ _ _ _ _ _ _ _ _ _ _ _ _ _ _ _ _ _ _ _ _ _ _ _ _ _ _ _ _ _ _ _ _ _ _ _ _ _ _ _ _ _ _ _ _ _ _ _ _ _ _ _ _ _ _ _ _ _ _ _ _ _ _ _ _ _ _ _ _ _ _ _ _ _ _ _ _ _ _ _ _ _ _ _ _ _ _ _ _ _ _ _ _ _
/usr/lib/python3.8/contextlib.py:113: in __enter__
    return next(self.gen)
.venv/lib/python3.8/site-packages/pytest_docker/plugin.py:212: in get_docker_services
    docker_compose.execute(command)
.venv/lib/python3.8/site-packages/pytest_docker/plugin.py:140: in execute
    return execute(command)
_ _ _ _ _ _ _ _ _ _ _ _ _ _ _ _ _ _ _ _ _ _ _ _ _ _ _ _ _ _ _ _ _ _ _ _ _ _ _ _ _ _ _ _ _ _ _ _ _ _ _ _ _ _ _ _ _ _ _ _ _ _ _ _ _ _ _ _ _ _ _ _ _ _ _ _ _ _ _ _ _ _ _ _ _ _ _ _ _ _ _ _ _ _ _ _ _ _ _ _ _ _ _ _ _ _

command = &#39;docker compose -f &#34;/home/madrid/Escritorio/SGE/SGE-odoo-project-tester/projects/docker-compose.yml&#34; -p &#34;pytest60637&#34; up --build -d&#39;, success_codes = (0,)

    def execute(command: str, success_codes: Iterable[int] = (0,)) -&gt; Union[bytes, Any]:
        &#34;&#34;&#34;Run a shell command.&#34;&#34;&#34;
        try:
            output = subprocess.check_output(command, stderr=subprocess.STDOUT, shell=True)
            status = 0
        except subprocess.CalledProcessError as error:
            output = error.output or b&#34;&#34;
            status = error.returncode
            command = error.cmd
    
        if status not in success_codes:
&gt;           raise Exception(
                &#39;Command {} returned {}: &#34;&#34;&#34;{}&#34;&#34;&#34;.&#39;.format(command, status, output.decode(&#34;utf-8&#34;))
            )
E           Exception: Command docker compose -f &#34;/home/madrid/Escritorio/SGE/SGE-odoo-project-tester/projects/docker-compose.yml&#34; -p &#34;pytest60637&#34; up --build -d returned 1: &#34;&#34;&#34;time=&#34;2025-02-26T16:28:03+01:00&#34; level=warning msg=&#34;/home/madrid/Escritorio/SGE/SGE-odoo-project-tester/projects/docker-compose.yml: `version` is obsolete&#34;
E            Network pytest60637_default  Creating
E            Network pytest60637_default  Error
E           failed to create network pytest60637_default: Error response from daemon: could not find an available, non-overlapping IPv4 address pool among the defaults to assign to the network
E           &#34;&#34;&#34;.

.venv/lib/python3.8/site-packages/pytest_docker/plugin.py:35: Exception</pre>
                        
                        

                        
                        
                        
                    </div>
                
                    <div class="test outcome outcome-failed">
                        <a id="19811619-2f30-4d4d-afce-ec75caab6f8f"></a>
                        <table class="proplist">
                            <tr><th>Test case:</th><td><b>test_hay_elementos_de_menu[.//menuitem[@action]]</b></td></tr>
                            <tr><th>Outcome:</th><td>Failed</td></tr>
                            <tr><th>Duration:</th><td>0.001 sec</td></tr>
                        
                            <tr><th>Failed</th><td>failed on setup with &#34;Exception: Command docker compose -f &#34;/home/madrid/Escritorio/SGE/SGE-odoo-project-tester/projects/docker-compose.yml&#34; -p &#34;pytest60637&#34; up --build -d returned 1: &#34;&#34;&#34;time=&#34;2025-02-26T16:28:03+01:00&#34; level=warning msg=&#34;/home/madrid/Escritorio/SGE/SGE-odoo-project-tester/projects/docker-compose.yml: `version` is obsolete&#34;
 Network pytest60637_default  Creating
 Network pytest60637_default  Error
failed to create network pytest60637_default: Error response from daemon: could not find an available, non-overlapping IPv4 address pool among the defaults to assign to the network
&#34;&#34;&#34;.&#34;</td></tr>
                        
                        
                        </table>

                        
                        <pre>docker_compose_command = &#39;docker compose&#39;, docker_compose_file = &#39;/home/madrid/Escritorio/SGE/SGE-odoo-project-tester/projects/docker-compose.yml&#39;, docker_compose_project_name = &#39;pytest60637&#39;
docker_setup = [&#39;up --build -d&#39;], docker_cleanup = [&#39;down -v&#39;]

    @pytest.fixture(scope=containers_scope)
    def docker_services(
        docker_compose_command: str,
        docker_compose_file: Union[List[str], str],
        docker_compose_project_name: str,
        docker_setup: str,
        docker_cleanup: str,
    ) -&gt; Iterator[Services]:
        &#34;&#34;&#34;Start all services from a docker compose file (`docker-compose up`).
        After test are finished, shutdown all services (`docker-compose down`).&#34;&#34;&#34;
    
&gt;       with get_docker_services(
            docker_compose_command,
            docker_compose_file,
            docker_compose_project_name,
            docker_setup,
            docker_cleanup,
        ) as docker_service:

.venv/lib/python3.8/site-packages/pytest_docker/plugin.py:238: 
_ _ _ _ _ _ _ _ _ _ _ _ _ _ _ _ _ _ _ _ _ _ _ _ _ _ _ _ _ _ _ _ _ _ _ _ _ _ _ _ _ _ _ _ _ _ _ _ _ _ _ _ _ _ _ _ _ _ _ _ _ _ _ _ _ _ _ _ _ _ _ _ _ _ _ _ _ _ _ _ _ _ _ _ _ _ _ _ _ _ _ _ _ _ _ _ _ _ _ _ _ _ _ _ _ _
/usr/lib/python3.8/contextlib.py:113: in __enter__
    return next(self.gen)
.venv/lib/python3.8/site-packages/pytest_docker/plugin.py:212: in get_docker_services
    docker_compose.execute(command)
.venv/lib/python3.8/site-packages/pytest_docker/plugin.py:140: in execute
    return execute(command)
_ _ _ _ _ _ _ _ _ _ _ _ _ _ _ _ _ _ _ _ _ _ _ _ _ _ _ _ _ _ _ _ _ _ _ _ _ _ _ _ _ _ _ _ _ _ _ _ _ _ _ _ _ _ _ _ _ _ _ _ _ _ _ _ _ _ _ _ _ _ _ _ _ _ _ _ _ _ _ _ _ _ _ _ _ _ _ _ _ _ _ _ _ _ _ _ _ _ _ _ _ _ _ _ _ _

command = &#39;docker compose -f &#34;/home/madrid/Escritorio/SGE/SGE-odoo-project-tester/projects/docker-compose.yml&#34; -p &#34;pytest60637&#34; up --build -d&#39;, success_codes = (0,)

    def execute(command: str, success_codes: Iterable[int] = (0,)) -&gt; Union[bytes, Any]:
        &#34;&#34;&#34;Run a shell command.&#34;&#34;&#34;
        try:
            output = subprocess.check_output(command, stderr=subprocess.STDOUT, shell=True)
            status = 0
        except subprocess.CalledProcessError as error:
            output = error.output or b&#34;&#34;
            status = error.returncode
            command = error.cmd
    
        if status not in success_codes:
&gt;           raise Exception(
                &#39;Command {} returned {}: &#34;&#34;&#34;{}&#34;&#34;&#34;.&#39;.format(command, status, output.decode(&#34;utf-8&#34;))
            )
E           Exception: Command docker compose -f &#34;/home/madrid/Escritorio/SGE/SGE-odoo-project-tester/projects/docker-compose.yml&#34; -p &#34;pytest60637&#34; up --build -d returned 1: &#34;&#34;&#34;time=&#34;2025-02-26T16:28:03+01:00&#34; level=warning msg=&#34;/home/madrid/Escritorio/SGE/SGE-odoo-project-tester/projects/docker-compose.yml: `version` is obsolete&#34;
E            Network pytest60637_default  Creating
E            Network pytest60637_default  Error
E           failed to create network pytest60637_default: Error response from daemon: could not find an available, non-overlapping IPv4 address pool among the defaults to assign to the network
E           &#34;&#34;&#34;.

.venv/lib/python3.8/site-packages/pytest_docker/plugin.py:35: Exception</pre>
                        
                        

                        
                        
                        
                    </div>
                
                </div>
            </div>
            
            <div class="testclass">
                <h4>test_minimal_requirements.TestRNF7</h4>
                <div class="testcases">
                
                    <div class="test outcome outcome-failed">
                        <a id="13d7f8ec-1ba7-4706-9261-2ffee1fd0b32"></a>
                        <table class="proplist">
                            <tr><th>Test case:</th><td><b>test_modelos_tienen_permisos</b></td></tr>
                            <tr><th>Outcome:</th><td>Failed</td></tr>
                            <tr><th>Duration:</th><td>0.001 sec</td></tr>
                        
                            <tr><th>Failed</th><td>failed on setup with &#34;Exception: Command docker compose -f &#34;/home/madrid/Escritorio/SGE/SGE-odoo-project-tester/projects/docker-compose.yml&#34; -p &#34;pytest60637&#34; up --build -d returned 1: &#34;&#34;&#34;time=&#34;2025-02-26T16:28:03+01:00&#34; level=warning msg=&#34;/home/madrid/Escritorio/SGE/SGE-odoo-project-tester/projects/docker-compose.yml: `version` is obsolete&#34;
 Network pytest60637_default  Creating
 Network pytest60637_default  Error
failed to create network pytest60637_default: Error response from daemon: could not find an available, non-overlapping IPv4 address pool among the defaults to assign to the network
&#34;&#34;&#34;.&#34;</td></tr>
                        
                        
                        </table>

                        
                        <pre>docker_compose_command = &#39;docker compose&#39;, docker_compose_file = &#39;/home/madrid/Escritorio/SGE/SGE-odoo-project-tester/projects/docker-compose.yml&#39;, docker_compose_project_name = &#39;pytest60637&#39;
docker_setup = [&#39;up --build -d&#39;], docker_cleanup = [&#39;down -v&#39;]

    @pytest.fixture(scope=containers_scope)
    def docker_services(
        docker_compose_command: str,
        docker_compose_file: Union[List[str], str],
        docker_compose_project_name: str,
        docker_setup: str,
        docker_cleanup: str,
    ) -&gt; Iterator[Services]:
        &#34;&#34;&#34;Start all services from a docker compose file (`docker-compose up`).
        After test are finished, shutdown all services (`docker-compose down`).&#34;&#34;&#34;
    
&gt;       with get_docker_services(
            docker_compose_command,
            docker_compose_file,
            docker_compose_project_name,
            docker_setup,
            docker_cleanup,
        ) as docker_service:

.venv/lib/python3.8/site-packages/pytest_docker/plugin.py:238: 
_ _ _ _ _ _ _ _ _ _ _ _ _ _ _ _ _ _ _ _ _ _ _ _ _ _ _ _ _ _ _ _ _ _ _ _ _ _ _ _ _ _ _ _ _ _ _ _ _ _ _ _ _ _ _ _ _ _ _ _ _ _ _ _ _ _ _ _ _ _ _ _ _ _ _ _ _ _ _ _ _ _ _ _ _ _ _ _ _ _ _ _ _ _ _ _ _ _ _ _ _ _ _ _ _ _
/usr/lib/python3.8/contextlib.py:113: in __enter__
    return next(self.gen)
.venv/lib/python3.8/site-packages/pytest_docker/plugin.py:212: in get_docker_services
    docker_compose.execute(command)
.venv/lib/python3.8/site-packages/pytest_docker/plugin.py:140: in execute
    return execute(command)
_ _ _ _ _ _ _ _ _ _ _ _ _ _ _ _ _ _ _ _ _ _ _ _ _ _ _ _ _ _ _ _ _ _ _ _ _ _ _ _ _ _ _ _ _ _ _ _ _ _ _ _ _ _ _ _ _ _ _ _ _ _ _ _ _ _ _ _ _ _ _ _ _ _ _ _ _ _ _ _ _ _ _ _ _ _ _ _ _ _ _ _ _ _ _ _ _ _ _ _ _ _ _ _ _ _

command = &#39;docker compose -f &#34;/home/madrid/Escritorio/SGE/SGE-odoo-project-tester/projects/docker-compose.yml&#34; -p &#34;pytest60637&#34; up --build -d&#39;, success_codes = (0,)

    def execute(command: str, success_codes: Iterable[int] = (0,)) -&gt; Union[bytes, Any]:
        &#34;&#34;&#34;Run a shell command.&#34;&#34;&#34;
        try:
            output = subprocess.check_output(command, stderr=subprocess.STDOUT, shell=True)
            status = 0
        except subprocess.CalledProcessError as error:
            output = error.output or b&#34;&#34;
            status = error.returncode
            command = error.cmd
    
        if status not in success_codes:
&gt;           raise Exception(
                &#39;Command {} returned {}: &#34;&#34;&#34;{}&#34;&#34;&#34;.&#39;.format(command, status, output.decode(&#34;utf-8&#34;))
            )
E           Exception: Command docker compose -f &#34;/home/madrid/Escritorio/SGE/SGE-odoo-project-tester/projects/docker-compose.yml&#34; -p &#34;pytest60637&#34; up --build -d returned 1: &#34;&#34;&#34;time=&#34;2025-02-26T16:28:03+01:00&#34; level=warning msg=&#34;/home/madrid/Escritorio/SGE/SGE-odoo-project-tester/projects/docker-compose.yml: `version` is obsolete&#34;
E            Network pytest60637_default  Creating
E            Network pytest60637_default  Error
E           failed to create network pytest60637_default: Error response from daemon: could not find an available, non-overlapping IPv4 address pool among the defaults to assign to the network
E           &#34;&#34;&#34;.

.venv/lib/python3.8/site-packages/pytest_docker/plugin.py:35: Exception</pre>
                        
                        

                        
                        
                        
                    </div>
                
                </div>
            </div>
            
            <div class="testclass">
                <h4>test_minimal_requirements.TestRNF8</h4>
                <div class="testcases">
                
                    <div class="test outcome outcome-failed">
                        <a id="c655f4b6-9e56-489e-af0c-3c0bcbd57a21"></a>
                        <table class="proplist">
                            <tr><th>Test case:</th><td><b>test_app_tiene_icono</b></td></tr>
                            <tr><th>Outcome:</th><td>Failed</td></tr>
                            <tr><th>Duration:</th><td>0.001 sec</td></tr>
                        
                            <tr><th>Failed</th><td>failed on setup with &#34;Exception: Command docker compose -f &#34;/home/madrid/Escritorio/SGE/SGE-odoo-project-tester/projects/docker-compose.yml&#34; -p &#34;pytest60637&#34; up --build -d returned 1: &#34;&#34;&#34;time=&#34;2025-02-26T16:28:03+01:00&#34; level=warning msg=&#34;/home/madrid/Escritorio/SGE/SGE-odoo-project-tester/projects/docker-compose.yml: `version` is obsolete&#34;
 Network pytest60637_default  Creating
 Network pytest60637_default  Error
failed to create network pytest60637_default: Error response from daemon: could not find an available, non-overlapping IPv4 address pool among the defaults to assign to the network
&#34;&#34;&#34;.&#34;</td></tr>
                        
                        
                        </table>

                        
                        <pre>docker_compose_command = &#39;docker compose&#39;, docker_compose_file = &#39;/home/madrid/Escritorio/SGE/SGE-odoo-project-tester/projects/docker-compose.yml&#39;, docker_compose_project_name = &#39;pytest60637&#39;
docker_setup = [&#39;up --build -d&#39;], docker_cleanup = [&#39;down -v&#39;]

    @pytest.fixture(scope=containers_scope)
    def docker_services(
        docker_compose_command: str,
        docker_compose_file: Union[List[str], str],
        docker_compose_project_name: str,
        docker_setup: str,
        docker_cleanup: str,
    ) -&gt; Iterator[Services]:
        &#34;&#34;&#34;Start all services from a docker compose file (`docker-compose up`).
        After test are finished, shutdown all services (`docker-compose down`).&#34;&#34;&#34;
    
&gt;       with get_docker_services(
            docker_compose_command,
            docker_compose_file,
            docker_compose_project_name,
            docker_setup,
            docker_cleanup,
        ) as docker_service:

.venv/lib/python3.8/site-packages/pytest_docker/plugin.py:238: 
_ _ _ _ _ _ _ _ _ _ _ _ _ _ _ _ _ _ _ _ _ _ _ _ _ _ _ _ _ _ _ _ _ _ _ _ _ _ _ _ _ _ _ _ _ _ _ _ _ _ _ _ _ _ _ _ _ _ _ _ _ _ _ _ _ _ _ _ _ _ _ _ _ _ _ _ _ _ _ _ _ _ _ _ _ _ _ _ _ _ _ _ _ _ _ _ _ _ _ _ _ _ _ _ _ _
/usr/lib/python3.8/contextlib.py:113: in __enter__
    return next(self.gen)
.venv/lib/python3.8/site-packages/pytest_docker/plugin.py:212: in get_docker_services
    docker_compose.execute(command)
.venv/lib/python3.8/site-packages/pytest_docker/plugin.py:140: in execute
    return execute(command)
_ _ _ _ _ _ _ _ _ _ _ _ _ _ _ _ _ _ _ _ _ _ _ _ _ _ _ _ _ _ _ _ _ _ _ _ _ _ _ _ _ _ _ _ _ _ _ _ _ _ _ _ _ _ _ _ _ _ _ _ _ _ _ _ _ _ _ _ _ _ _ _ _ _ _ _ _ _ _ _ _ _ _ _ _ _ _ _ _ _ _ _ _ _ _ _ _ _ _ _ _ _ _ _ _ _

command = &#39;docker compose -f &#34;/home/madrid/Escritorio/SGE/SGE-odoo-project-tester/projects/docker-compose.yml&#34; -p &#34;pytest60637&#34; up --build -d&#39;, success_codes = (0,)

    def execute(command: str, success_codes: Iterable[int] = (0,)) -&gt; Union[bytes, Any]:
        &#34;&#34;&#34;Run a shell command.&#34;&#34;&#34;
        try:
            output = subprocess.check_output(command, stderr=subprocess.STDOUT, shell=True)
            status = 0
        except subprocess.CalledProcessError as error:
            output = error.output or b&#34;&#34;
            status = error.returncode
            command = error.cmd
    
        if status not in success_codes:
&gt;           raise Exception(
                &#39;Command {} returned {}: &#34;&#34;&#34;{}&#34;&#34;&#34;.&#39;.format(command, status, output.decode(&#34;utf-8&#34;))
            )
E           Exception: Command docker compose -f &#34;/home/madrid/Escritorio/SGE/SGE-odoo-project-tester/projects/docker-compose.yml&#34; -p &#34;pytest60637&#34; up --build -d returned 1: &#34;&#34;&#34;time=&#34;2025-02-26T16:28:03+01:00&#34; level=warning msg=&#34;/home/madrid/Escritorio/SGE/SGE-odoo-project-tester/projects/docker-compose.yml: `version` is obsolete&#34;
E            Network pytest60637_default  Creating
E            Network pytest60637_default  Error
E           failed to create network pytest60637_default: Error response from daemon: could not find an available, non-overlapping IPv4 address pool among the defaults to assign to the network
E           &#34;&#34;&#34;.

.venv/lib/python3.8/site-packages/pytest_docker/plugin.py:35: Exception</pre>
                        
                        

                        
                        
                        
                    </div>
                
                </div>
            </div>
            
            <div class="testclass">
                <h4>test_minimal_requirements.TestRNF9</h4>
                <div class="testcases">
                
                    <div class="test outcome outcome-failed">
                        <a id="4de02f0a-4a08-4525-9d25-5dcd1310b4f2"></a>
                        <table class="proplist">
                            <tr><th>Test case:</th><td><b>test_modelos_tienen_datos_demo</b></td></tr>
                            <tr><th>Outcome:</th><td>Failed</td></tr>
                            <tr><th>Duration:</th><td>0.001 sec</td></tr>
                        
                            <tr><th>Failed</th><td>failed on setup with &#34;Exception: Command docker compose -f &#34;/home/madrid/Escritorio/SGE/SGE-odoo-project-tester/projects/docker-compose.yml&#34; -p &#34;pytest60637&#34; up --build -d returned 1: &#34;&#34;&#34;time=&#34;2025-02-26T16:28:03+01:00&#34; level=warning msg=&#34;/home/madrid/Escritorio/SGE/SGE-odoo-project-tester/projects/docker-compose.yml: `version` is obsolete&#34;
 Network pytest60637_default  Creating
 Network pytest60637_default  Error
failed to create network pytest60637_default: Error response from daemon: could not find an available, non-overlapping IPv4 address pool among the defaults to assign to the network
&#34;&#34;&#34;.&#34;</td></tr>
                        
                        
                        </table>

                        
                        <pre>docker_compose_command = &#39;docker compose&#39;, docker_compose_file = &#39;/home/madrid/Escritorio/SGE/SGE-odoo-project-tester/projects/docker-compose.yml&#39;, docker_compose_project_name = &#39;pytest60637&#39;
docker_setup = [&#39;up --build -d&#39;], docker_cleanup = [&#39;down -v&#39;]

    @pytest.fixture(scope=containers_scope)
    def docker_services(
        docker_compose_command: str,
        docker_compose_file: Union[List[str], str],
        docker_compose_project_name: str,
        docker_setup: str,
        docker_cleanup: str,
    ) -&gt; Iterator[Services]:
        &#34;&#34;&#34;Start all services from a docker compose file (`docker-compose up`).
        After test are finished, shutdown all services (`docker-compose down`).&#34;&#34;&#34;
    
&gt;       with get_docker_services(
            docker_compose_command,
            docker_compose_file,
            docker_compose_project_name,
            docker_setup,
            docker_cleanup,
        ) as docker_service:

.venv/lib/python3.8/site-packages/pytest_docker/plugin.py:238: 
_ _ _ _ _ _ _ _ _ _ _ _ _ _ _ _ _ _ _ _ _ _ _ _ _ _ _ _ _ _ _ _ _ _ _ _ _ _ _ _ _ _ _ _ _ _ _ _ _ _ _ _ _ _ _ _ _ _ _ _ _ _ _ _ _ _ _ _ _ _ _ _ _ _ _ _ _ _ _ _ _ _ _ _ _ _ _ _ _ _ _ _ _ _ _ _ _ _ _ _ _ _ _ _ _ _
/usr/lib/python3.8/contextlib.py:113: in __enter__
    return next(self.gen)
.venv/lib/python3.8/site-packages/pytest_docker/plugin.py:212: in get_docker_services
    docker_compose.execute(command)
.venv/lib/python3.8/site-packages/pytest_docker/plugin.py:140: in execute
    return execute(command)
_ _ _ _ _ _ _ _ _ _ _ _ _ _ _ _ _ _ _ _ _ _ _ _ _ _ _ _ _ _ _ _ _ _ _ _ _ _ _ _ _ _ _ _ _ _ _ _ _ _ _ _ _ _ _ _ _ _ _ _ _ _ _ _ _ _ _ _ _ _ _ _ _ _ _ _ _ _ _ _ _ _ _ _ _ _ _ _ _ _ _ _ _ _ _ _ _ _ _ _ _ _ _ _ _ _

command = &#39;docker compose -f &#34;/home/madrid/Escritorio/SGE/SGE-odoo-project-tester/projects/docker-compose.yml&#34; -p &#34;pytest60637&#34; up --build -d&#39;, success_codes = (0,)

    def execute(command: str, success_codes: Iterable[int] = (0,)) -&gt; Union[bytes, Any]:
        &#34;&#34;&#34;Run a shell command.&#34;&#34;&#34;
        try:
            output = subprocess.check_output(command, stderr=subprocess.STDOUT, shell=True)
            status = 0
        except subprocess.CalledProcessError as error:
            output = error.output or b&#34;&#34;
            status = error.returncode
            command = error.cmd
    
        if status not in success_codes:
&gt;           raise Exception(
                &#39;Command {} returned {}: &#34;&#34;&#34;{}&#34;&#34;&#34;.&#39;.format(command, status, output.decode(&#34;utf-8&#34;))
            )
E           Exception: Command docker compose -f &#34;/home/madrid/Escritorio/SGE/SGE-odoo-project-tester/projects/docker-compose.yml&#34; -p &#34;pytest60637&#34; up --build -d returned 1: &#34;&#34;&#34;time=&#34;2025-02-26T16:28:03+01:00&#34; level=warning msg=&#34;/home/madrid/Escritorio/SGE/SGE-odoo-project-tester/projects/docker-compose.yml: `version` is obsolete&#34;
E            Network pytest60637_default  Creating
E            Network pytest60637_default  Error
E           failed to create network pytest60637_default: Error response from daemon: could not find an available, non-overlapping IPv4 address pool among the defaults to assign to the network
E           &#34;&#34;&#34;.

.venv/lib/python3.8/site-packages/pytest_docker/plugin.py:35: Exception</pre>
                        
                        

                        
                        
                        
                    </div>
                
                </div>
            </div>
            
            <div class="testclass">
                <h4>test_minimal_requirements.TestRNFGit</h4>
                <div class="testcases">
                
                    <div class="test outcome outcome-failed">
                        <a id="ccc21476-38e8-4c27-bef7-083b5fc8e69b"></a>
                        <table class="proplist">
                            <tr><th>Test case:</th><td><b>test_git_commit_frecuentes</b></td></tr>
                            <tr><th>Outcome:</th><td>Failed</td></tr>
                            <tr><th>Duration:</th><td>0.001 sec</td></tr>
                        
                            <tr><th>Failed</th><td>failed on setup with &#34;Exception: Command docker compose -f &#34;/home/madrid/Escritorio/SGE/SGE-odoo-project-tester/projects/docker-compose.yml&#34; -p &#34;pytest60637&#34; up --build -d returned 1: &#34;&#34;&#34;time=&#34;2025-02-26T16:28:03+01:00&#34; level=warning msg=&#34;/home/madrid/Escritorio/SGE/SGE-odoo-project-tester/projects/docker-compose.yml: `version` is obsolete&#34;
 Network pytest60637_default  Creating
 Network pytest60637_default  Error
failed to create network pytest60637_default: Error response from daemon: could not find an available, non-overlapping IPv4 address pool among the defaults to assign to the network
&#34;&#34;&#34;.&#34;</td></tr>
                        
                        
                        </table>

                        
                        <pre>docker_compose_command = &#39;docker compose&#39;, docker_compose_file = &#39;/home/madrid/Escritorio/SGE/SGE-odoo-project-tester/projects/docker-compose.yml&#39;, docker_compose_project_name = &#39;pytest60637&#39;
docker_setup = [&#39;up --build -d&#39;], docker_cleanup = [&#39;down -v&#39;]

    @pytest.fixture(scope=containers_scope)
    def docker_services(
        docker_compose_command: str,
        docker_compose_file: Union[List[str], str],
        docker_compose_project_name: str,
        docker_setup: str,
        docker_cleanup: str,
    ) -&gt; Iterator[Services]:
        &#34;&#34;&#34;Start all services from a docker compose file (`docker-compose up`).
        After test are finished, shutdown all services (`docker-compose down`).&#34;&#34;&#34;
    
&gt;       with get_docker_services(
            docker_compose_command,
            docker_compose_file,
            docker_compose_project_name,
            docker_setup,
            docker_cleanup,
        ) as docker_service:

.venv/lib/python3.8/site-packages/pytest_docker/plugin.py:238: 
_ _ _ _ _ _ _ _ _ _ _ _ _ _ _ _ _ _ _ _ _ _ _ _ _ _ _ _ _ _ _ _ _ _ _ _ _ _ _ _ _ _ _ _ _ _ _ _ _ _ _ _ _ _ _ _ _ _ _ _ _ _ _ _ _ _ _ _ _ _ _ _ _ _ _ _ _ _ _ _ _ _ _ _ _ _ _ _ _ _ _ _ _ _ _ _ _ _ _ _ _ _ _ _ _ _
/usr/lib/python3.8/contextlib.py:113: in __enter__
    return next(self.gen)
.venv/lib/python3.8/site-packages/pytest_docker/plugin.py:212: in get_docker_services
    docker_compose.execute(command)
.venv/lib/python3.8/site-packages/pytest_docker/plugin.py:140: in execute
    return execute(command)
_ _ _ _ _ _ _ _ _ _ _ _ _ _ _ _ _ _ _ _ _ _ _ _ _ _ _ _ _ _ _ _ _ _ _ _ _ _ _ _ _ _ _ _ _ _ _ _ _ _ _ _ _ _ _ _ _ _ _ _ _ _ _ _ _ _ _ _ _ _ _ _ _ _ _ _ _ _ _ _ _ _ _ _ _ _ _ _ _ _ _ _ _ _ _ _ _ _ _ _ _ _ _ _ _ _

command = &#39;docker compose -f &#34;/home/madrid/Escritorio/SGE/SGE-odoo-project-tester/projects/docker-compose.yml&#34; -p &#34;pytest60637&#34; up --build -d&#39;, success_codes = (0,)

    def execute(command: str, success_codes: Iterable[int] = (0,)) -&gt; Union[bytes, Any]:
        &#34;&#34;&#34;Run a shell command.&#34;&#34;&#34;
        try:
            output = subprocess.check_output(command, stderr=subprocess.STDOUT, shell=True)
            status = 0
        except subprocess.CalledProcessError as error:
            output = error.output or b&#34;&#34;
            status = error.returncode
            command = error.cmd
    
        if status not in success_codes:
&gt;           raise Exception(
                &#39;Command {} returned {}: &#34;&#34;&#34;{}&#34;&#34;&#34;.&#39;.format(command, status, output.decode(&#34;utf-8&#34;))
            )
E           Exception: Command docker compose -f &#34;/home/madrid/Escritorio/SGE/SGE-odoo-project-tester/projects/docker-compose.yml&#34; -p &#34;pytest60637&#34; up --build -d returned 1: &#34;&#34;&#34;time=&#34;2025-02-26T16:28:03+01:00&#34; level=warning msg=&#34;/home/madrid/Escritorio/SGE/SGE-odoo-project-tester/projects/docker-compose.yml: `version` is obsolete&#34;
E            Network pytest60637_default  Creating
E            Network pytest60637_default  Error
E           failed to create network pytest60637_default: Error response from daemon: could not find an available, non-overlapping IPv4 address pool among the defaults to assign to the network
E           &#34;&#34;&#34;.

.venv/lib/python3.8/site-packages/pytest_docker/plugin.py:35: Exception</pre>
                        
                        

                        
                        
                        
                    </div>
                
                </div>
            </div>
            
            <div class="testclass">
                <h4>test_minimal_requirements.TestRNFCalidad</h4>
                <div class="testcases">
                
                    <div class="test outcome outcome-failed">
                        <a id="6f4e0d91-ed40-4f0f-bd0d-2a777b1fec95"></a>
                        <table class="proplist">
                            <tr><th>Test case:</th><td><b>test_odoo_disponible</b></td></tr>
                            <tr><th>Outcome:</th><td>Failed</td></tr>
                            <tr><th>Duration:</th><td>0.001 sec</td></tr>
                        
                            <tr><th>Failed</th><td>failed on setup with &#34;Exception: Command docker compose -f &#34;/home/madrid/Escritorio/SGE/SGE-odoo-project-tester/projects/docker-compose.yml&#34; -p &#34;pytest60637&#34; up --build -d returned 1: &#34;&#34;&#34;time=&#34;2025-02-26T16:28:03+01:00&#34; level=warning msg=&#34;/home/madrid/Escritorio/SGE/SGE-odoo-project-tester/projects/docker-compose.yml: `version` is obsolete&#34;
 Network pytest60637_default  Creating
 Network pytest60637_default  Error
failed to create network pytest60637_default: Error response from daemon: could not find an available, non-overlapping IPv4 address pool among the defaults to assign to the network
&#34;&#34;&#34;.&#34;</td></tr>
                        
                        
                        </table>

                        
                        <pre>docker_compose_command = &#39;docker compose&#39;, docker_compose_file = &#39;/home/madrid/Escritorio/SGE/SGE-odoo-project-tester/projects/docker-compose.yml&#39;, docker_compose_project_name = &#39;pytest60637&#39;
docker_setup = [&#39;up --build -d&#39;], docker_cleanup = [&#39;down -v&#39;]

    @pytest.fixture(scope=containers_scope)
    def docker_services(
        docker_compose_command: str,
        docker_compose_file: Union[List[str], str],
        docker_compose_project_name: str,
        docker_setup: str,
        docker_cleanup: str,
    ) -&gt; Iterator[Services]:
        &#34;&#34;&#34;Start all services from a docker compose file (`docker-compose up`).
        After test are finished, shutdown all services (`docker-compose down`).&#34;&#34;&#34;
    
&gt;       with get_docker_services(
            docker_compose_command,
            docker_compose_file,
            docker_compose_project_name,
            docker_setup,
            docker_cleanup,
        ) as docker_service:

.venv/lib/python3.8/site-packages/pytest_docker/plugin.py:238: 
_ _ _ _ _ _ _ _ _ _ _ _ _ _ _ _ _ _ _ _ _ _ _ _ _ _ _ _ _ _ _ _ _ _ _ _ _ _ _ _ _ _ _ _ _ _ _ _ _ _ _ _ _ _ _ _ _ _ _ _ _ _ _ _ _ _ _ _ _ _ _ _ _ _ _ _ _ _ _ _ _ _ _ _ _ _ _ _ _ _ _ _ _ _ _ _ _ _ _ _ _ _ _ _ _ _
/usr/lib/python3.8/contextlib.py:113: in __enter__
    return next(self.gen)
.venv/lib/python3.8/site-packages/pytest_docker/plugin.py:212: in get_docker_services
    docker_compose.execute(command)
.venv/lib/python3.8/site-packages/pytest_docker/plugin.py:140: in execute
    return execute(command)
_ _ _ _ _ _ _ _ _ _ _ _ _ _ _ _ _ _ _ _ _ _ _ _ _ _ _ _ _ _ _ _ _ _ _ _ _ _ _ _ _ _ _ _ _ _ _ _ _ _ _ _ _ _ _ _ _ _ _ _ _ _ _ _ _ _ _ _ _ _ _ _ _ _ _ _ _ _ _ _ _ _ _ _ _ _ _ _ _ _ _ _ _ _ _ _ _ _ _ _ _ _ _ _ _ _

command = &#39;docker compose -f &#34;/home/madrid/Escritorio/SGE/SGE-odoo-project-tester/projects/docker-compose.yml&#34; -p &#34;pytest60637&#34; up --build -d&#39;, success_codes = (0,)

    def execute(command: str, success_codes: Iterable[int] = (0,)) -&gt; Union[bytes, Any]:
        &#34;&#34;&#34;Run a shell command.&#34;&#34;&#34;
        try:
            output = subprocess.check_output(command, stderr=subprocess.STDOUT, shell=True)
            status = 0
        except subprocess.CalledProcessError as error:
            output = error.output or b&#34;&#34;
            status = error.returncode
            command = error.cmd
    
        if status not in success_codes:
&gt;           raise Exception(
                &#39;Command {} returned {}: &#34;&#34;&#34;{}&#34;&#34;&#34;.&#39;.format(command, status, output.decode(&#34;utf-8&#34;))
            )
E           Exception: Command docker compose -f &#34;/home/madrid/Escritorio/SGE/SGE-odoo-project-tester/projects/docker-compose.yml&#34; -p &#34;pytest60637&#34; up --build -d returned 1: &#34;&#34;&#34;time=&#34;2025-02-26T16:28:03+01:00&#34; level=warning msg=&#34;/home/madrid/Escritorio/SGE/SGE-odoo-project-tester/projects/docker-compose.yml: `version` is obsolete&#34;
E            Network pytest60637_default  Creating
E            Network pytest60637_default  Error
E           failed to create network pytest60637_default: Error response from daemon: could not find an available, non-overlapping IPv4 address pool among the defaults to assign to the network
E           &#34;&#34;&#34;.

.venv/lib/python3.8/site-packages/pytest_docker/plugin.py:35: Exception</pre>
                        
                        

                        
                        
                        
                    </div>
                
                    <div class="test outcome outcome-failed">
                        <a id="5fc2a33b-3537-4c9f-a06e-54e6ad08449a"></a>
                        <table class="proplist">
                            <tr><th>Test case:</th><td><b>test_app_instalada</b></td></tr>
                            <tr><th>Outcome:</th><td>Failed</td></tr>
                            <tr><th>Duration:</th><td>0.001 sec</td></tr>
                        
                            <tr><th>Failed</th><td>failed on setup with &#34;Exception: Command docker compose -f &#34;/home/madrid/Escritorio/SGE/SGE-odoo-project-tester/projects/docker-compose.yml&#34; -p &#34;pytest60637&#34; up --build -d returned 1: &#34;&#34;&#34;time=&#34;2025-02-26T16:28:03+01:00&#34; level=warning msg=&#34;/home/madrid/Escritorio/SGE/SGE-odoo-project-tester/projects/docker-compose.yml: `version` is obsolete&#34;
 Network pytest60637_default  Creating
 Network pytest60637_default  Error
failed to create network pytest60637_default: Error response from daemon: could not find an available, non-overlapping IPv4 address pool among the defaults to assign to the network
&#34;&#34;&#34;.&#34;</td></tr>
                        
                        
                        </table>

                        
                        <pre>docker_compose_command = &#39;docker compose&#39;, docker_compose_file = &#39;/home/madrid/Escritorio/SGE/SGE-odoo-project-tester/projects/docker-compose.yml&#39;, docker_compose_project_name = &#39;pytest60637&#39;
docker_setup = [&#39;up --build -d&#39;], docker_cleanup = [&#39;down -v&#39;]

    @pytest.fixture(scope=containers_scope)
    def docker_services(
        docker_compose_command: str,
        docker_compose_file: Union[List[str], str],
        docker_compose_project_name: str,
        docker_setup: str,
        docker_cleanup: str,
    ) -&gt; Iterator[Services]:
        &#34;&#34;&#34;Start all services from a docker compose file (`docker-compose up`).
        After test are finished, shutdown all services (`docker-compose down`).&#34;&#34;&#34;
    
&gt;       with get_docker_services(
            docker_compose_command,
            docker_compose_file,
            docker_compose_project_name,
            docker_setup,
            docker_cleanup,
        ) as docker_service:

.venv/lib/python3.8/site-packages/pytest_docker/plugin.py:238: 
_ _ _ _ _ _ _ _ _ _ _ _ _ _ _ _ _ _ _ _ _ _ _ _ _ _ _ _ _ _ _ _ _ _ _ _ _ _ _ _ _ _ _ _ _ _ _ _ _ _ _ _ _ _ _ _ _ _ _ _ _ _ _ _ _ _ _ _ _ _ _ _ _ _ _ _ _ _ _ _ _ _ _ _ _ _ _ _ _ _ _ _ _ _ _ _ _ _ _ _ _ _ _ _ _ _
/usr/lib/python3.8/contextlib.py:113: in __enter__
    return next(self.gen)
.venv/lib/python3.8/site-packages/pytest_docker/plugin.py:212: in get_docker_services
    docker_compose.execute(command)
.venv/lib/python3.8/site-packages/pytest_docker/plugin.py:140: in execute
    return execute(command)
_ _ _ _ _ _ _ _ _ _ _ _ _ _ _ _ _ _ _ _ _ _ _ _ _ _ _ _ _ _ _ _ _ _ _ _ _ _ _ _ _ _ _ _ _ _ _ _ _ _ _ _ _ _ _ _ _ _ _ _ _ _ _ _ _ _ _ _ _ _ _ _ _ _ _ _ _ _ _ _ _ _ _ _ _ _ _ _ _ _ _ _ _ _ _ _ _ _ _ _ _ _ _ _ _ _

command = &#39;docker compose -f &#34;/home/madrid/Escritorio/SGE/SGE-odoo-project-tester/projects/docker-compose.yml&#34; -p &#34;pytest60637&#34; up --build -d&#39;, success_codes = (0,)

    def execute(command: str, success_codes: Iterable[int] = (0,)) -&gt; Union[bytes, Any]:
        &#34;&#34;&#34;Run a shell command.&#34;&#34;&#34;
        try:
            output = subprocess.check_output(command, stderr=subprocess.STDOUT, shell=True)
            status = 0
        except subprocess.CalledProcessError as error:
            output = error.output or b&#34;&#34;
            status = error.returncode
            command = error.cmd
    
        if status not in success_codes:
&gt;           raise Exception(
                &#39;Command {} returned {}: &#34;&#34;&#34;{}&#34;&#34;&#34;.&#39;.format(command, status, output.decode(&#34;utf-8&#34;))
            )
E           Exception: Command docker compose -f &#34;/home/madrid/Escritorio/SGE/SGE-odoo-project-tester/projects/docker-compose.yml&#34; -p &#34;pytest60637&#34; up --build -d returned 1: &#34;&#34;&#34;time=&#34;2025-02-26T16:28:03+01:00&#34; level=warning msg=&#34;/home/madrid/Escritorio/SGE/SGE-odoo-project-tester/projects/docker-compose.yml: `version` is obsolete&#34;
E            Network pytest60637_default  Creating
E            Network pytest60637_default  Error
E           failed to create network pytest60637_default: Error response from daemon: could not find an available, non-overlapping IPv4 address pool among the defaults to assign to the network
E           &#34;&#34;&#34;.

.venv/lib/python3.8/site-packages/pytest_docker/plugin.py:35: Exception</pre>
                        
                        

                        
                        
                        
                    </div>
                
                    <div class="test outcome outcome-failed">
                        <a id="2f142c34-7e23-4871-b359-58521cb5cfe5"></a>
                        <table class="proplist">
                            <tr><th>Test case:</th><td><b>test_otras_apps_entregadas_son_dependencias</b></td></tr>
                            <tr><th>Outcome:</th><td>Failed</td></tr>
                            <tr><th>Duration:</th><td>0.001 sec</td></tr>
                        
                            <tr><th>Failed</th><td>failed on setup with &#34;Exception: Command docker compose -f &#34;/home/madrid/Escritorio/SGE/SGE-odoo-project-tester/projects/docker-compose.yml&#34; -p &#34;pytest60637&#34; up --build -d returned 1: &#34;&#34;&#34;time=&#34;2025-02-26T16:28:03+01:00&#34; level=warning msg=&#34;/home/madrid/Escritorio/SGE/SGE-odoo-project-tester/projects/docker-compose.yml: `version` is obsolete&#34;
 Network pytest60637_default  Creating
 Network pytest60637_default  Error
failed to create network pytest60637_default: Error response from daemon: could not find an available, non-overlapping IPv4 address pool among the defaults to assign to the network
&#34;&#34;&#34;.&#34;</td></tr>
                        
                        
                        </table>

                        
                        <pre>docker_compose_command = &#39;docker compose&#39;, docker_compose_file = &#39;/home/madrid/Escritorio/SGE/SGE-odoo-project-tester/projects/docker-compose.yml&#39;, docker_compose_project_name = &#39;pytest60637&#39;
docker_setup = [&#39;up --build -d&#39;], docker_cleanup = [&#39;down -v&#39;]

    @pytest.fixture(scope=containers_scope)
    def docker_services(
        docker_compose_command: str,
        docker_compose_file: Union[List[str], str],
        docker_compose_project_name: str,
        docker_setup: str,
        docker_cleanup: str,
    ) -&gt; Iterator[Services]:
        &#34;&#34;&#34;Start all services from a docker compose file (`docker-compose up`).
        After test are finished, shutdown all services (`docker-compose down`).&#34;&#34;&#34;
    
&gt;       with get_docker_services(
            docker_compose_command,
            docker_compose_file,
            docker_compose_project_name,
            docker_setup,
            docker_cleanup,
        ) as docker_service:

.venv/lib/python3.8/site-packages/pytest_docker/plugin.py:238: 
_ _ _ _ _ _ _ _ _ _ _ _ _ _ _ _ _ _ _ _ _ _ _ _ _ _ _ _ _ _ _ _ _ _ _ _ _ _ _ _ _ _ _ _ _ _ _ _ _ _ _ _ _ _ _ _ _ _ _ _ _ _ _ _ _ _ _ _ _ _ _ _ _ _ _ _ _ _ _ _ _ _ _ _ _ _ _ _ _ _ _ _ _ _ _ _ _ _ _ _ _ _ _ _ _ _
/usr/lib/python3.8/contextlib.py:113: in __enter__
    return next(self.gen)
.venv/lib/python3.8/site-packages/pytest_docker/plugin.py:212: in get_docker_services
    docker_compose.execute(command)
.venv/lib/python3.8/site-packages/pytest_docker/plugin.py:140: in execute
    return execute(command)
_ _ _ _ _ _ _ _ _ _ _ _ _ _ _ _ _ _ _ _ _ _ _ _ _ _ _ _ _ _ _ _ _ _ _ _ _ _ _ _ _ _ _ _ _ _ _ _ _ _ _ _ _ _ _ _ _ _ _ _ _ _ _ _ _ _ _ _ _ _ _ _ _ _ _ _ _ _ _ _ _ _ _ _ _ _ _ _ _ _ _ _ _ _ _ _ _ _ _ _ _ _ _ _ _ _

command = &#39;docker compose -f &#34;/home/madrid/Escritorio/SGE/SGE-odoo-project-tester/projects/docker-compose.yml&#34; -p &#34;pytest60637&#34; up --build -d&#39;, success_codes = (0,)

    def execute(command: str, success_codes: Iterable[int] = (0,)) -&gt; Union[bytes, Any]:
        &#34;&#34;&#34;Run a shell command.&#34;&#34;&#34;
        try:
            output = subprocess.check_output(command, stderr=subprocess.STDOUT, shell=True)
            status = 0
        except subprocess.CalledProcessError as error:
            output = error.output or b&#34;&#34;
            status = error.returncode
            command = error.cmd
    
        if status not in success_codes:
&gt;           raise Exception(
                &#39;Command {} returned {}: &#34;&#34;&#34;{}&#34;&#34;&#34;.&#39;.format(command, status, output.decode(&#34;utf-8&#34;))
            )
E           Exception: Command docker compose -f &#34;/home/madrid/Escritorio/SGE/SGE-odoo-project-tester/projects/docker-compose.yml&#34; -p &#34;pytest60637&#34; up --build -d returned 1: &#34;&#34;&#34;time=&#34;2025-02-26T16:28:03+01:00&#34; level=warning msg=&#34;/home/madrid/Escritorio/SGE/SGE-odoo-project-tester/projects/docker-compose.yml: `version` is obsolete&#34;
E            Network pytest60637_default  Creating
E            Network pytest60637_default  Error
E           failed to create network pytest60637_default: Error response from daemon: could not find an available, non-overlapping IPv4 address pool among the defaults to assign to the network
E           &#34;&#34;&#34;.

.venv/lib/python3.8/site-packages/pytest_docker/plugin.py:35: Exception</pre>
                        
                        

                        
                        
                        
                    </div>
                
                    <div class="test outcome outcome-failed">
                        <a id="a3fb9a9d-6fbe-420f-96d3-1d38f0c4c2bf"></a>
                        <table class="proplist">
                            <tr><th>Test case:</th><td><b>test_no_hay_elementos_xml_comentados</b></td></tr>
                            <tr><th>Outcome:</th><td>Failed</td></tr>
                            <tr><th>Duration:</th><td>0.001 sec</td></tr>
                        
                            <tr><th>Failed</th><td>failed on setup with &#34;Exception: Command docker compose -f &#34;/home/madrid/Escritorio/SGE/SGE-odoo-project-tester/projects/docker-compose.yml&#34; -p &#34;pytest60637&#34; up --build -d returned 1: &#34;&#34;&#34;time=&#34;2025-02-26T16:28:03+01:00&#34; level=warning msg=&#34;/home/madrid/Escritorio/SGE/SGE-odoo-project-tester/projects/docker-compose.yml: `version` is obsolete&#34;
 Network pytest60637_default  Creating
 Network pytest60637_default  Error
failed to create network pytest60637_default: Error response from daemon: could not find an available, non-overlapping IPv4 address pool among the defaults to assign to the network
&#34;&#34;&#34;.&#34;</td></tr>
                        
                        
                        </table>

                        
                        <pre>docker_compose_command = &#39;docker compose&#39;, docker_compose_file = &#39;/home/madrid/Escritorio/SGE/SGE-odoo-project-tester/projects/docker-compose.yml&#39;, docker_compose_project_name = &#39;pytest60637&#39;
docker_setup = [&#39;up --build -d&#39;], docker_cleanup = [&#39;down -v&#39;]

    @pytest.fixture(scope=containers_scope)
    def docker_services(
        docker_compose_command: str,
        docker_compose_file: Union[List[str], str],
        docker_compose_project_name: str,
        docker_setup: str,
        docker_cleanup: str,
    ) -&gt; Iterator[Services]:
        &#34;&#34;&#34;Start all services from a docker compose file (`docker-compose up`).
        After test are finished, shutdown all services (`docker-compose down`).&#34;&#34;&#34;
    
&gt;       with get_docker_services(
            docker_compose_command,
            docker_compose_file,
            docker_compose_project_name,
            docker_setup,
            docker_cleanup,
        ) as docker_service:

.venv/lib/python3.8/site-packages/pytest_docker/plugin.py:238: 
_ _ _ _ _ _ _ _ _ _ _ _ _ _ _ _ _ _ _ _ _ _ _ _ _ _ _ _ _ _ _ _ _ _ _ _ _ _ _ _ _ _ _ _ _ _ _ _ _ _ _ _ _ _ _ _ _ _ _ _ _ _ _ _ _ _ _ _ _ _ _ _ _ _ _ _ _ _ _ _ _ _ _ _ _ _ _ _ _ _ _ _ _ _ _ _ _ _ _ _ _ _ _ _ _ _
/usr/lib/python3.8/contextlib.py:113: in __enter__
    return next(self.gen)
.venv/lib/python3.8/site-packages/pytest_docker/plugin.py:212: in get_docker_services
    docker_compose.execute(command)
.venv/lib/python3.8/site-packages/pytest_docker/plugin.py:140: in execute
    return execute(command)
_ _ _ _ _ _ _ _ _ _ _ _ _ _ _ _ _ _ _ _ _ _ _ _ _ _ _ _ _ _ _ _ _ _ _ _ _ _ _ _ _ _ _ _ _ _ _ _ _ _ _ _ _ _ _ _ _ _ _ _ _ _ _ _ _ _ _ _ _ _ _ _ _ _ _ _ _ _ _ _ _ _ _ _ _ _ _ _ _ _ _ _ _ _ _ _ _ _ _ _ _ _ _ _ _ _

command = &#39;docker compose -f &#34;/home/madrid/Escritorio/SGE/SGE-odoo-project-tester/projects/docker-compose.yml&#34; -p &#34;pytest60637&#34; up --build -d&#39;, success_codes = (0,)

    def execute(command: str, success_codes: Iterable[int] = (0,)) -&gt; Union[bytes, Any]:
        &#34;&#34;&#34;Run a shell command.&#34;&#34;&#34;
        try:
            output = subprocess.check_output(command, stderr=subprocess.STDOUT, shell=True)
            status = 0
        except subprocess.CalledProcessError as error:
            output = error.output or b&#34;&#34;
            status = error.returncode
            command = error.cmd
    
        if status not in success_codes:
&gt;           raise Exception(
                &#39;Command {} returned {}: &#34;&#34;&#34;{}&#34;&#34;&#34;.&#39;.format(command, status, output.decode(&#34;utf-8&#34;))
            )
E           Exception: Command docker compose -f &#34;/home/madrid/Escritorio/SGE/SGE-odoo-project-tester/projects/docker-compose.yml&#34; -p &#34;pytest60637&#34; up --build -d returned 1: &#34;&#34;&#34;time=&#34;2025-02-26T16:28:03+01:00&#34; level=warning msg=&#34;/home/madrid/Escritorio/SGE/SGE-odoo-project-tester/projects/docker-compose.yml: `version` is obsolete&#34;
E            Network pytest60637_default  Creating
E            Network pytest60637_default  Error
E           failed to create network pytest60637_default: Error response from daemon: could not find an available, non-overlapping IPv4 address pool among the defaults to assign to the network
E           &#34;&#34;&#34;.

.venv/lib/python3.8/site-packages/pytest_docker/plugin.py:35: Exception</pre>
                        
                        

                        
                        
                        
                    </div>
                
                    <div class="test outcome outcome-failed">
                        <a id="fa601a53-32c1-4d0d-bef9-a7987e0b7c7f"></a>
                        <table class="proplist">
                            <tr><th>Test case:</th><td><b>test_no_hay_codigo_python_comentado</b></td></tr>
                            <tr><th>Outcome:</th><td>Failed</td></tr>
                            <tr><th>Duration:</th><td>0.001 sec</td></tr>
                        
                            <tr><th>Failed</th><td>failed on setup with &#34;Exception: Command docker compose -f &#34;/home/madrid/Escritorio/SGE/SGE-odoo-project-tester/projects/docker-compose.yml&#34; -p &#34;pytest60637&#34; up --build -d returned 1: &#34;&#34;&#34;time=&#34;2025-02-26T16:28:03+01:00&#34; level=warning msg=&#34;/home/madrid/Escritorio/SGE/SGE-odoo-project-tester/projects/docker-compose.yml: `version` is obsolete&#34;
 Network pytest60637_default  Creating
 Network pytest60637_default  Error
failed to create network pytest60637_default: Error response from daemon: could not find an available, non-overlapping IPv4 address pool among the defaults to assign to the network
&#34;&#34;&#34;.&#34;</td></tr>
                        
                        
                        </table>

                        
                        <pre>docker_compose_command = &#39;docker compose&#39;, docker_compose_file = &#39;/home/madrid/Escritorio/SGE/SGE-odoo-project-tester/projects/docker-compose.yml&#39;, docker_compose_project_name = &#39;pytest60637&#39;
docker_setup = [&#39;up --build -d&#39;], docker_cleanup = [&#39;down -v&#39;]

    @pytest.fixture(scope=containers_scope)
    def docker_services(
        docker_compose_command: str,
        docker_compose_file: Union[List[str], str],
        docker_compose_project_name: str,
        docker_setup: str,
        docker_cleanup: str,
    ) -&gt; Iterator[Services]:
        &#34;&#34;&#34;Start all services from a docker compose file (`docker-compose up`).
        After test are finished, shutdown all services (`docker-compose down`).&#34;&#34;&#34;
    
&gt;       with get_docker_services(
            docker_compose_command,
            docker_compose_file,
            docker_compose_project_name,
            docker_setup,
            docker_cleanup,
        ) as docker_service:

.venv/lib/python3.8/site-packages/pytest_docker/plugin.py:238: 
_ _ _ _ _ _ _ _ _ _ _ _ _ _ _ _ _ _ _ _ _ _ _ _ _ _ _ _ _ _ _ _ _ _ _ _ _ _ _ _ _ _ _ _ _ _ _ _ _ _ _ _ _ _ _ _ _ _ _ _ _ _ _ _ _ _ _ _ _ _ _ _ _ _ _ _ _ _ _ _ _ _ _ _ _ _ _ _ _ _ _ _ _ _ _ _ _ _ _ _ _ _ _ _ _ _
/usr/lib/python3.8/contextlib.py:113: in __enter__
    return next(self.gen)
.venv/lib/python3.8/site-packages/pytest_docker/plugin.py:212: in get_docker_services
    docker_compose.execute(command)
.venv/lib/python3.8/site-packages/pytest_docker/plugin.py:140: in execute
    return execute(command)
_ _ _ _ _ _ _ _ _ _ _ _ _ _ _ _ _ _ _ _ _ _ _ _ _ _ _ _ _ _ _ _ _ _ _ _ _ _ _ _ _ _ _ _ _ _ _ _ _ _ _ _ _ _ _ _ _ _ _ _ _ _ _ _ _ _ _ _ _ _ _ _ _ _ _ _ _ _ _ _ _ _ _ _ _ _ _ _ _ _ _ _ _ _ _ _ _ _ _ _ _ _ _ _ _ _

command = &#39;docker compose -f &#34;/home/madrid/Escritorio/SGE/SGE-odoo-project-tester/projects/docker-compose.yml&#34; -p &#34;pytest60637&#34; up --build -d&#39;, success_codes = (0,)

    def execute(command: str, success_codes: Iterable[int] = (0,)) -&gt; Union[bytes, Any]:
        &#34;&#34;&#34;Run a shell command.&#34;&#34;&#34;
        try:
            output = subprocess.check_output(command, stderr=subprocess.STDOUT, shell=True)
            status = 0
        except subprocess.CalledProcessError as error:
            output = error.output or b&#34;&#34;
            status = error.returncode
            command = error.cmd
    
        if status not in success_codes:
&gt;           raise Exception(
                &#39;Command {} returned {}: &#34;&#34;&#34;{}&#34;&#34;&#34;.&#39;.format(command, status, output.decode(&#34;utf-8&#34;))
            )
E           Exception: Command docker compose -f &#34;/home/madrid/Escritorio/SGE/SGE-odoo-project-tester/projects/docker-compose.yml&#34; -p &#34;pytest60637&#34; up --build -d returned 1: &#34;&#34;&#34;time=&#34;2025-02-26T16:28:03+01:00&#34; level=warning msg=&#34;/home/madrid/Escritorio/SGE/SGE-odoo-project-tester/projects/docker-compose.yml: `version` is obsolete&#34;
E            Network pytest60637_default  Creating
E            Network pytest60637_default  Error
E           failed to create network pytest60637_default: Error response from daemon: could not find an available, non-overlapping IPv4 address pool among the defaults to assign to the network
E           &#34;&#34;&#34;.

.venv/lib/python3.8/site-packages/pytest_docker/plugin.py:35: Exception</pre>
                        
                        

                        
                        
                        
                    </div>
                
                    <div class="test outcome outcome-failed">
                        <a id="1710a220-f051-4e88-b2b0-b18625a2a38c"></a>
                        <table class="proplist">
                            <tr><th>Test case:</th><td><b>test_log_servidor_sin_errores</b></td></tr>
                            <tr><th>Outcome:</th><td>Failed</td></tr>
                            <tr><th>Duration:</th><td>0.001 sec</td></tr>
                        
                            <tr><th>Failed</th><td>failed on setup with &#34;Exception: Command docker compose -f &#34;/home/madrid/Escritorio/SGE/SGE-odoo-project-tester/projects/docker-compose.yml&#34; -p &#34;pytest60637&#34; up --build -d returned 1: &#34;&#34;&#34;time=&#34;2025-02-26T16:28:03+01:00&#34; level=warning msg=&#34;/home/madrid/Escritorio/SGE/SGE-odoo-project-tester/projects/docker-compose.yml: `version` is obsolete&#34;
 Network pytest60637_default  Creating
 Network pytest60637_default  Error
failed to create network pytest60637_default: Error response from daemon: could not find an available, non-overlapping IPv4 address pool among the defaults to assign to the network
&#34;&#34;&#34;.&#34;</td></tr>
                        
                        
                        </table>

                        
                        <pre>docker_compose_command = &#39;docker compose&#39;, docker_compose_file = &#39;/home/madrid/Escritorio/SGE/SGE-odoo-project-tester/projects/docker-compose.yml&#39;, docker_compose_project_name = &#39;pytest60637&#39;
docker_setup = [&#39;up --build -d&#39;], docker_cleanup = [&#39;down -v&#39;]

    @pytest.fixture(scope=containers_scope)
    def docker_services(
        docker_compose_command: str,
        docker_compose_file: Union[List[str], str],
        docker_compose_project_name: str,
        docker_setup: str,
        docker_cleanup: str,
    ) -&gt; Iterator[Services]:
        &#34;&#34;&#34;Start all services from a docker compose file (`docker-compose up`).
        After test are finished, shutdown all services (`docker-compose down`).&#34;&#34;&#34;
    
&gt;       with get_docker_services(
            docker_compose_command,
            docker_compose_file,
            docker_compose_project_name,
            docker_setup,
            docker_cleanup,
        ) as docker_service:

.venv/lib/python3.8/site-packages/pytest_docker/plugin.py:238: 
_ _ _ _ _ _ _ _ _ _ _ _ _ _ _ _ _ _ _ _ _ _ _ _ _ _ _ _ _ _ _ _ _ _ _ _ _ _ _ _ _ _ _ _ _ _ _ _ _ _ _ _ _ _ _ _ _ _ _ _ _ _ _ _ _ _ _ _ _ _ _ _ _ _ _ _ _ _ _ _ _ _ _ _ _ _ _ _ _ _ _ _ _ _ _ _ _ _ _ _ _ _ _ _ _ _
/usr/lib/python3.8/contextlib.py:113: in __enter__
    return next(self.gen)
.venv/lib/python3.8/site-packages/pytest_docker/plugin.py:212: in get_docker_services
    docker_compose.execute(command)
.venv/lib/python3.8/site-packages/pytest_docker/plugin.py:140: in execute
    return execute(command)
_ _ _ _ _ _ _ _ _ _ _ _ _ _ _ _ _ _ _ _ _ _ _ _ _ _ _ _ _ _ _ _ _ _ _ _ _ _ _ _ _ _ _ _ _ _ _ _ _ _ _ _ _ _ _ _ _ _ _ _ _ _ _ _ _ _ _ _ _ _ _ _ _ _ _ _ _ _ _ _ _ _ _ _ _ _ _ _ _ _ _ _ _ _ _ _ _ _ _ _ _ _ _ _ _ _

command = &#39;docker compose -f &#34;/home/madrid/Escritorio/SGE/SGE-odoo-project-tester/projects/docker-compose.yml&#34; -p &#34;pytest60637&#34; up --build -d&#39;, success_codes = (0,)

    def execute(command: str, success_codes: Iterable[int] = (0,)) -&gt; Union[bytes, Any]:
        &#34;&#34;&#34;Run a shell command.&#34;&#34;&#34;
        try:
            output = subprocess.check_output(command, stderr=subprocess.STDOUT, shell=True)
            status = 0
        except subprocess.CalledProcessError as error:
            output = error.output or b&#34;&#34;
            status = error.returncode
            command = error.cmd
    
        if status not in success_codes:
&gt;           raise Exception(
                &#39;Command {} returned {}: &#34;&#34;&#34;{}&#34;&#34;&#34;.&#39;.format(command, status, output.decode(&#34;utf-8&#34;))
            )
E           Exception: Command docker compose -f &#34;/home/madrid/Escritorio/SGE/SGE-odoo-project-tester/projects/docker-compose.yml&#34; -p &#34;pytest60637&#34; up --build -d returned 1: &#34;&#34;&#34;time=&#34;2025-02-26T16:28:03+01:00&#34; level=warning msg=&#34;/home/madrid/Escritorio/SGE/SGE-odoo-project-tester/projects/docker-compose.yml: `version` is obsolete&#34;
E            Network pytest60637_default  Creating
E            Network pytest60637_default  Error
E           failed to create network pytest60637_default: Error response from daemon: could not find an available, non-overlapping IPv4 address pool among the defaults to assign to the network
E           &#34;&#34;&#34;.

.venv/lib/python3.8/site-packages/pytest_docker/plugin.py:35: Exception</pre>
                        
                        

                        
                        
                        
                    </div>
                
                </div>
            </div>
            
            <div class="testclass">
                <h4>test_minimal_requirements.TestOtros</h4>
                <div class="testcases">
                
                    <div class="test outcome outcome-skipped">
                        <a id="ebaf99e8-a24a-4bc4-84b0-73158a22fef2"></a>
                        <table class="proplist">
                            <tr><th>Test case:</th><td><b>test_log_sin_warnings</b></td></tr>
                            <tr><th>Outcome:</th><td>Skipped</td></tr>
                            <tr><th>Duration:</th><td>0.001 sec</td></tr>
                        
                        
                            <tr><th>Skipped</th><td></td></tr>
                        
                        </table>

                        
                        
                        <pre>skipped</pre>
                        

                        
                        
                        
                    </div>
                
                </div>
            </div>
            
            <div class="testclass">
                <h4>test_minimal_requirements.TestRNFAdicionalesKanban</h4>
                <div class="testcases">
                
                    <div class="test outcome outcome-skipped">
                        <a id="e715e5a5-319c-49b5-84ee-553dd99b31a0"></a>
                        <table class="proplist">
                            <tr><th>Test case:</th><td><b>test_vista_kanban[/kanban]</b></td></tr>
                            <tr><th>Outcome:</th><td>Skipped</td></tr>
                            <tr><th>Duration:</th><td>0.001 sec</td></tr>
                        
                        
                            <tr><th>Skipped</th><td></td></tr>
                        
                        </table>

                        
                        
                        <pre>skipped</pre>
                        

                        
                        
                        
                    </div>
                
                    <div class="test outcome outcome-skipped">
                        <a id="bb3ac1a6-6630-499d-8c36-ed9f1d88ac1e"></a>
                        <table class="proplist">
                            <tr><th>Test case:</th><td><b>test_vista_kanban[/kanban[@default_group_by]]</b></td></tr>
                            <tr><th>Outcome:</th><td>Skipped</td></tr>
                            <tr><th>Duration:</th><td>0.001 sec</td></tr>
                        
                        
                            <tr><th>Skipped</th><td></td></tr>
                        
                        </table>

                        
                        
                        <pre>skipped</pre>
                        

                        
                        
                        
                    </div>
                
                    <div class="test outcome outcome-skipped">
                        <a id="75372a8d-5e24-4c61-87fa-dcdad9380940"></a>
                        <table class="proplist">
                            <tr><th>Test case:</th><td><b>test_vista_kanban_imagen[/img]</b></td></tr>
                            <tr><th>Outcome:</th><td>Skipped</td></tr>
                            <tr><th>Duration:</th><td>0.001 sec</td></tr>
                        
                        
                            <tr><th>Skipped</th><td></td></tr>
                        
                        </table>

                        
                        
                        <pre>skipped</pre>
                        

                        
                        
                        
                    </div>
                
                    <div class="test outcome outcome-skipped">
                        <a id="ac478d5b-342a-4cab-bac7-5061c1a2646c"></a>
                        <table class="proplist">
                            <tr><th>Test case:</th><td><b>test_vista_kanban_imagen[/field[@preview_image]]</b></td></tr>
                            <tr><th>Outcome:</th><td>Skipped</td></tr>
                            <tr><th>Duration:</th><td>0.001 sec</td></tr>
                        
                        
                            <tr><th>Skipped</th><td></td></tr>
                        
                        </table>

                        
                        
                        <pre>skipped</pre>
                        

                        
                        
                        
                    </div>
                
                    <div class="test outcome outcome-skipped">
                        <a id="83a4c074-5664-44fd-bd2d-744b91120c83"></a>
                        <table class="proplist">
                            <tr><th>Test case:</th><td><b>test_vista_kanban_imagen[/field[@widget=&#34;image&#34;]]</b></td></tr>
                            <tr><th>Outcome:</th><td>Skipped</td></tr>
                            <tr><th>Duration:</th><td>0.001 sec</td></tr>
                        
                        
                            <tr><th>Skipped</th><td></td></tr>
                        
                        </table>

                        
                        
                        <pre>skipped</pre>
                        

                        
                        
                        
                    </div>
                
                </div>
            </div>
            
            <div class="testclass">
                <h4>test_minimal_requirements.TestRNFAdicionalesBusqueda</h4>
                <div class="testcases">
                
                    <div class="test outcome outcome-skipped">
                        <a id="70557858-051e-4c9e-a325-abe97da5c70d"></a>
                        <table class="proplist">
                            <tr><th>Test case:</th><td><b>test_vista_search[/search]</b></td></tr>
                            <tr><th>Outcome:</th><td>Skipped</td></tr>
                            <tr><th>Duration:</th><td>0.001 sec</td></tr>
                        
                        
                            <tr><th>Skipped</th><td></td></tr>
                        
                        </table>

                        
                        
                        <pre>skipped</pre>
                        

                        
                        
                        
                    </div>
                
                    <div class="test outcome outcome-skipped">
                        <a id="763a4d22-fe39-4c17-9b5f-9e9b74bad3e1"></a>
                        <table class="proplist">
                            <tr><th>Test case:</th><td><b>test_vista_search_compleja[/filter[@domain]]</b></td></tr>
                            <tr><th>Outcome:</th><td>Skipped</td></tr>
                            <tr><th>Duration:</th><td>0.001 sec</td></tr>
                        
                        
                            <tr><th>Skipped</th><td></td></tr>
                        
                        </table>

                        
                        
                        <pre>skipped</pre>
                        

                        
                        
                        
                    </div>
                
                    <div class="test outcome outcome-skipped">
                        <a id="bcff78e6-62ff-4f14-addb-40225e283018"></a>
                        <table class="proplist">
                            <tr><th>Test case:</th><td><b>test_vista_search_compleja[/group//filter[@context]]</b></td></tr>
                            <tr><th>Outcome:</th><td>Skipped</td></tr>
                            <tr><th>Duration:</th><td>0.001 sec</td></tr>
                        
                        
                            <tr><th>Skipped</th><td></td></tr>
                        
                        </table>

                        
                        
                        <pre>skipped</pre>
                        

                        
                        
                        
                    </div>
                
                </div>
            </div>
            
            <div class="testclass">
                <h4>test_minimal_requirements.TestRNFAdicionalesOtrasVistas</h4>
                <div class="testcases">
                
                    <div class="test outcome outcome-skipped">
                        <a id="529ddbdd-da73-44d2-95d1-0bf52f8d272d"></a>
                        <table class="proplist">
                            <tr><th>Test case:</th><td><b>test_otras_vistas_adicionales[activity]</b></td></tr>
                            <tr><th>Outcome:</th><td>Skipped</td></tr>
                            <tr><th>Duration:</th><td>0.001 sec</td></tr>
                        
                        
                            <tr><th>Skipped</th><td></td></tr>
                        
                        </table>

                        
                        
                        <pre>skipped</pre>
                        

                        
                        
                        
                    </div>
                
                    <div class="test outcome outcome-skipped">
                        <a id="4aa899db-f8b3-43fd-8d41-cb21c26e7afb"></a>
                        <table class="proplist">
                            <tr><th>Test case:</th><td><b>test_otras_vistas_adicionales[calendar]</b></td></tr>
                            <tr><th>Outcome:</th><td>Skipped</td></tr>
                            <tr><th>Duration:</th><td>0.001 sec</td></tr>
                        
                        
                            <tr><th>Skipped</th><td></td></tr>
                        
                        </table>

                        
                        
                        <pre>skipped</pre>
                        

                        
                        
                        
                    </div>
                
                    <div class="test outcome outcome-skipped">
                        <a id="53853b89-2507-4913-80c0-4e1d348f8f55"></a>
                        <table class="proplist">
                            <tr><th>Test case:</th><td><b>test_otras_vistas_adicionales[graph]</b></td></tr>
                            <tr><th>Outcome:</th><td>Skipped</td></tr>
                            <tr><th>Duration:</th><td>0.001 sec</td></tr>
                        
                        
                            <tr><th>Skipped</th><td></td></tr>
                        
                        </table>

                        
                        
                        <pre>skipped</pre>
                        

                        
                        
                        
                    </div>
                
                    <div class="test outcome outcome-skipped">
                        <a id="066506dd-81e9-41bc-8e95-92c01cbaeb9a"></a>
                        <table class="proplist">
                            <tr><th>Test case:</th><td><b>test_otras_vistas_adicionales[pivot]</b></td></tr>
                            <tr><th>Outcome:</th><td>Skipped</td></tr>
                            <tr><th>Duration:</th><td>0.001 sec</td></tr>
                        
                        
                            <tr><th>Skipped</th><td></td></tr>
                        
                        </table>

                        
                        
                        <pre>skipped</pre>
                        

                        
                        
                        
                    </div>
                
                </div>
            </div>
            
            <div class="testclass">
                <h4>test_minimal_requirements.TestRNFAdicionalesConstraints</h4>
                <div class="testcases">
                
                    <div class="test outcome outcome-skipped">
                        <a id="2fe00397-53dc-4f08-9dfa-8198fa6f2194"></a>
                        <table class="proplist">
                            <tr><th>Test case:</th><td><b>test_constraints_sql</b></td></tr>
                            <tr><th>Outcome:</th><td>Skipped</td></tr>
                            <tr><th>Duration:</th><td>0.001 sec</td></tr>
                        
                        
                            <tr><th>Skipped</th><td></td></tr>
                        
                        </table>

                        
                        
                        <pre>skipped</pre>
                        

                        
                        
                        
                    </div>
                
                </div>
            </div>
            
            <div class="testclass">
                <h4>test_minimal_requirements.TestRNFAdicionalesSeguridadAvanzada</h4>
                <div class="testcases">
                
                    <div class="test outcome outcome-skipped">
                        <a id="e06dfa46-e948-4e22-891b-2c3851e7fba0"></a>
                        <table class="proplist">
                            <tr><th>Test case:</th><td><b>test_seguridad_con_grupos_propios</b></td></tr>
                            <tr><th>Outcome:</th><td>Skipped</td></tr>
                            <tr><th>Duration:</th><td>0.001 sec</td></tr>
                        
                        
                            <tr><th>Skipped</th><td></td></tr>
                        
                        </table>

                        
                        
                        <pre>skipped</pre>
                        

                        
                        
                        
                    </div>
                
                </div>
            </div>
            
            <div class="testclass">
                <h4>test_minimal_requirements.TestRNFAdicionalesDatosAvanzados</h4>
                <div class="testcases">
                
                    <div class="test outcome outcome-skipped">
                        <a id="f9e79be6-ac49-474d-a9a6-2d27c31be4be"></a>
                        <table class="proplist">
                            <tr><th>Test case:</th><td><b>test_datos_maestros_o_demo_avanzados[binary]</b></td></tr>
                            <tr><th>Outcome:</th><td>Skipped</td></tr>
                            <tr><th>Duration:</th><td>0.001 sec</td></tr>
                        
                        
                            <tr><th>Skipped</th><td></td></tr>
                        
                        </table>

                        
                        
                        <pre>skipped</pre>
                        

                        
                        
                        
                    </div>
                
                    <div class="test outcome outcome-skipped">
                        <a id="83d8b6b8-55e2-4c70-ba21-cc5af7694f0a"></a>
                        <table class="proplist">
                            <tr><th>Test case:</th><td><b>test_datos_maestros_o_demo_avanzados[many2many]</b></td></tr>
                            <tr><th>Outcome:</th><td>Skipped</td></tr>
                            <tr><th>Duration:</th><td>0.001 sec</td></tr>
                        
                        
                            <tr><th>Skipped</th><td></td></tr>
                        
                        </table>

                        
                        
                        <pre>skipped</pre>
                        

                        
                        
                        
                    </div>
                
                    <div class="test outcome outcome-skipped">
                        <a id="521464bc-d2d1-4898-b620-d75591aeb762"></a>
                        <table class="proplist">
                            <tr><th>Test case:</th><td><b>test_datos_maestros_o_demo_avanzados[many2one]</b></td></tr>
                            <tr><th>Outcome:</th><td>Skipped</td></tr>
                            <tr><th>Duration:</th><td>0.001 sec</td></tr>
                        
                        
                            <tr><th>Skipped</th><td></td></tr>
                        
                        </table>

                        
                        
                        <pre>skipped</pre>
                        

                        
                        
                        
                    </div>
                
                </div>
            </div>
            
            <div class="testclass">
                <h4>test_minimal_requirements.TestRNFAdicionalesHerenciaVistas</h4>
                <div class="testcases">
                
                    <div class="test outcome outcome-skipped">
                        <a id="6fc65a3a-f6cf-45a3-9d72-04e544374358"></a>
                        <table class="proplist">
                            <tr><th>Test case:</th><td><b>test_herencia_en_vistas_con_position</b></td></tr>
                            <tr><th>Outcome:</th><td>Skipped</td></tr>
                            <tr><th>Duration:</th><td>0.001 sec</td></tr>
                        
                        
                            <tr><th>Skipped</th><td></td></tr>
                        
                        </table>

                        
                        
                        <pre>skipped</pre>
                        

                        
                        
                        
                    </div>
                
                    <div class="test outcome outcome-skipped">
                        <a id="0d7d8c55-1b4f-4fe9-91a1-316e064e63b3"></a>
                        <table class="proplist">
                            <tr><th>Test case:</th><td><b>test_herencia_en_vistas_con_inherit_id</b></td></tr>
                            <tr><th>Outcome:</th><td>Skipped</td></tr>
                            <tr><th>Duration:</th><td>0.001 sec</td></tr>
                        
                        
                            <tr><th>Skipped</th><td></td></tr>
                        
                        </table>

                        
                        
                        <pre>skipped</pre>
                        

                        
                        
                        
                    </div>
                
                </div>
            </div>
            
            <div class="testclass">
                <h4>test_minimal_requirements.TestRNFAdicionalesHerenciaModelos</h4>
                <div class="testcases">
                
                    <div class="test outcome outcome-skipped">
                        <a id="ee1aa7a9-29bf-4be0-ac7d-459c4b8155ee"></a>
                        <table class="proplist">
                            <tr><th>Test case:</th><td><b>test_modelos_existentes_modificados_por_herencia</b></td></tr>
                            <tr><th>Outcome:</th><td>Skipped</td></tr>
                            <tr><th>Duration:</th><td>0.001 sec</td></tr>
                        
                        
                            <tr><th>Skipped</th><td></td></tr>
                        
                        </table>

                        
                        
                        <pre>skipped</pre>
                        

                        
                        
                        
                    </div>
                
                    <div class="test outcome outcome-skipped">
                        <a id="687c4c2d-ae50-443e-95cf-6041b688d8f9"></a>
                        <table class="proplist">
                            <tr><th>Test case:</th><td><b>test_nuevos_modelos_con_herencia</b></td></tr>
                            <tr><th>Outcome:</th><td>Skipped</td></tr>
                            <tr><th>Duration:</th><td>0.001 sec</td></tr>
                        
                        
                            <tr><th>Skipped</th><td></td></tr>
                        
                        </table>

                        
                        
                        <pre>skipped</pre>
                        

                        
                        
                        
                    </div>
                
                </div>
            </div>
            
            <div class="testclass">
                <h4>test_minimal_requirements.TestRNFAdicionalesTraducciones</h4>
                <div class="testcases">
                
                    <div class="test outcome outcome-skipped">
                        <a id="1ac96e58-4725-40da-942a-4924bbee6a5f"></a>
                        <table class="proplist">
                            <tr><th>Test case:</th><td><b>test_i18n</b></td></tr>
                            <tr><th>Outcome:</th><td>Skipped</td></tr>
                            <tr><th>Duration:</th><td>0.001 sec</td></tr>
                        
                        
                            <tr><th>Skipped</th><td></td></tr>
                        
                        </table>

                        
                        
                        <pre>skipped</pre>
                        

                        
                        
                        
                    </div>
                
                </div>
            </div>
            
            <div class="testclass">
                <h4>test_minimal_requirements.TestRNFAdicionalesInformes</h4>
                <div class="testcases">
                
                    <div class="test outcome outcome-skipped">
                        <a id="f51210cb-9efb-44ec-89ca-796cacc7829c"></a>
                        <table class="proplist">
                            <tr><th>Test case:</th><td><b>test_informes[report]</b></td></tr>
                            <tr><th>Outcome:</th><td>Skipped</td></tr>
                            <tr><th>Duration:</th><td>0.001 sec</td></tr>
                        
                        
                            <tr><th>Skipped</th><td></td></tr>
                        
                        </table>

                        
                        
                        <pre>skipped</pre>
                        

                        
                        
                        
                    </div>
                
                    <div class="test outcome outcome-skipped">
                        <a id="d63ced68-5535-472c-9ba9-3a05039390b0"></a>
                        <table class="proplist">
                            <tr><th>Test case:</th><td><b>test_informes[template]</b></td></tr>
                            <tr><th>Outcome:</th><td>Skipped</td></tr>
                            <tr><th>Duration:</th><td>0.001 sec</td></tr>
                        
                        
                            <tr><th>Skipped</th><td></td></tr>
                        
                        </table>

                        
                        
                        <pre>skipped</pre>
                        

                        
                        
                        
                    </div>
                
                    <div class="test outcome outcome-skipped">
                        <a id="20da128f-9f33-413f-9f0c-8130c3249401"></a>
                        <table class="proplist">
                            <tr><th>Test case:</th><td><b>test_informes_complejos[/t[@t-foreach]]</b></td></tr>
                            <tr><th>Outcome:</th><td>Skipped</td></tr>
                            <tr><th>Duration:</th><td>0.001 sec</td></tr>
                        
                        
                            <tr><th>Skipped</th><td></td></tr>
                        
                        </table>

                        
                        
                        <pre>skipped</pre>
                        

                        
                        
                        
                    </div>
                
                    <div class="test outcome outcome-skipped">
                        <a id="453bc37b-62b0-410e-a3a0-407eb894d2fa"></a>
                        <table class="proplist">
                            <tr><th>Test case:</th><td><b>test_informes_complejos[/img[@t-att-src]]</b></td></tr>
                            <tr><th>Outcome:</th><td>Skipped</td></tr>
                            <tr><th>Duration:</th><td>0.001 sec</td></tr>
                        
                        
                            <tr><th>Skipped</th><td></td></tr>
                        
                        </table>

                        
                        
                        <pre>skipped</pre>
                        

                        
                        
                        
                    </div>
                
                    <div class="test outcome outcome-skipped">
                        <a id="28517886-a6a4-4266-b7d1-eaaf4de29752"></a>
                        <table class="proplist">
                            <tr><th>Test case:</th><td><b>test_informes_complejos[/t[@t-call and not(@t-call=&#34;web.external_layout&#34; or @t-call=&#34;web.html_container&#34;)]]</b></td></tr>
                            <tr><th>Outcome:</th><td>Skipped</td></tr>
                            <tr><th>Duration:</th><td>0.001 sec</td></tr>
                        
                        
                            <tr><th>Skipped</th><td></td></tr>
                        
                        </table>

                        
                        
                        <pre>skipped</pre>
                        

                        
                        
                        
                    </div>
                
                </div>
            </div>
            
            <div class="testclass">
                <h4>test_minimal_requirements.TestRNFAdicionalesChatter</h4>
                <div class="testcases">
                
                    <div class="test outcome outcome-skipped">
                        <a id="0634eb8e-5e4e-4aff-af7c-33bcdd8676a0"></a>
                        <table class="proplist">
                            <tr><th>Test case:</th><td><b>test_chatter[mail_thread]</b></td></tr>
                            <tr><th>Outcome:</th><td>Skipped</td></tr>
                            <tr><th>Duration:</th><td>0.001 sec</td></tr>
                        
                        
                            <tr><th>Skipped</th><td></td></tr>
                        
                        </table>

                        
                        
                        <pre>skipped</pre>
                        

                        
                        
                        
                    </div>
                
                    <div class="test outcome outcome-skipped">
                        <a id="be031159-1049-46b6-91f7-dc0dd0af74bf"></a>
                        <table class="proplist">
                            <tr><th>Test case:</th><td><b>test_chatter[mail_activity_mixin]</b></td></tr>
                            <tr><th>Outcome:</th><td>Skipped</td></tr>
                            <tr><th>Duration:</th><td>0.001 sec</td></tr>
                        
                        
                            <tr><th>Skipped</th><td></td></tr>
                        
                        </table>

                        
                        
                        <pre>skipped</pre>
                        

                        
                        
                        
                    </div>
                
                    <div class="test outcome outcome-skipped">
                        <a id="c107728f-607e-45e9-9a70-bb4d87f628b6"></a>
                        <table class="proplist">
                            <tr><th>Test case:</th><td><b>test_chatter_tracking</b></td></tr>
                            <tr><th>Outcome:</th><td>Skipped</td></tr>
                            <tr><th>Duration:</th><td>0.001 sec</td></tr>
                        
                        
                            <tr><th>Skipped</th><td></td></tr>
                        
                        </table>

                        
                        
                        <pre>skipped</pre>
                        

                        
                        
                        
                    </div>
                
                    <div class="test outcome outcome-skipped">
                        <a id="9444fa21-fdbd-4d3f-9c76-19e99eeaa1b8"></a>
                        <table class="proplist">
                            <tr><th>Test case:</th><td><b>test_vista_chatter_div</b></td></tr>
                            <tr><th>Outcome:</th><td>Skipped</td></tr>
                            <tr><th>Duration:</th><td>0.001 sec</td></tr>
                        
                        
                            <tr><th>Skipped</th><td></td></tr>
                        
                        </table>

                        
                        
                        <pre>skipped</pre>
                        

                        
                        
                        
                    </div>
                
                    <div class="test outcome outcome-skipped">
                        <a id="1b072acb-32cf-4f50-aef1-2b79ac44c527"></a>
                        <table class="proplist">
                            <tr><th>Test case:</th><td><b>test_vista_chatter_fields[.//field[@name=&#34;message_follower_ids&#34;]]</b></td></tr>
                            <tr><th>Outcome:</th><td>Skipped</td></tr>
                            <tr><th>Duration:</th><td>0.001 sec</td></tr>
                        
                        
                            <tr><th>Skipped</th><td></td></tr>
                        
                        </table>

                        
                        
                        <pre>skipped</pre>
                        

                        
                        
                        
                    </div>
                
                    <div class="test outcome outcome-skipped">
                        <a id="c98874f2-bb85-43bf-9350-2d6702b76618"></a>
                        <table class="proplist">
                            <tr><th>Test case:</th><td><b>test_vista_chatter_fields[.//field[@name=&#34;activity_ids&#34;]]</b></td></tr>
                            <tr><th>Outcome:</th><td>Skipped</td></tr>
                            <tr><th>Duration:</th><td>0.001 sec</td></tr>
                        
                        
                            <tr><th>Skipped</th><td></td></tr>
                        
                        </table>

                        
                        
                        <pre>skipped</pre>
                        

                        
                        
                        
                    </div>
                
                    <div class="test outcome outcome-skipped">
                        <a id="89f3545f-0bb3-43ee-9257-55c64b356ca8"></a>
                        <table class="proplist">
                            <tr><th>Test case:</th><td><b>test_vista_chatter_fields[.//field[@name=&#34;message_ids&#34;]]</b></td></tr>
                            <tr><th>Outcome:</th><td>Skipped</td></tr>
                            <tr><th>Duration:</th><td>0.001 sec</td></tr>
                        
                        
                            <tr><th>Skipped</th><td></td></tr>
                        
                        </table>

                        
                        
                        <pre>skipped</pre>
                        

                        
                        
                        
                    </div>
                
                    <div class="test outcome outcome-skipped">
                        <a id="7d24db04-2960-42ef-8d97-a93e98bef324"></a>
                        <table class="proplist">
                            <tr><th>Test case:</th><td><b>test_vista_chatter_fields[.//field[@widget=&#34;mail_followers&#34;]]</b></td></tr>
                            <tr><th>Outcome:</th><td>Skipped</td></tr>
                            <tr><th>Duration:</th><td>0.001 sec</td></tr>
                        
                        
                            <tr><th>Skipped</th><td></td></tr>
                        
                        </table>

                        
                        
                        <pre>skipped</pre>
                        

                        
                        
                        
                    </div>
                
                    <div class="test outcome outcome-skipped">
                        <a id="774956ad-1cfe-47cc-8e8f-20f36a577e91"></a>
                        <table class="proplist">
                            <tr><th>Test case:</th><td><b>test_vista_chatter_fields[.//field[@widget=&#34;mail_thread&#34;]]</b></td></tr>
                            <tr><th>Outcome:</th><td>Skipped</td></tr>
                            <tr><th>Duration:</th><td>0.001 sec</td></tr>
                        
                        
                            <tr><th>Skipped</th><td></td></tr>
                        
                        </table>

                        
                        
                        <pre>skipped</pre>
                        

                        
                        
                        
                    </div>
                
                    <div class="test outcome outcome-skipped">
                        <a id="24be03f2-1005-4ce2-b0a6-75b6343ce061"></a>
                        <table class="proplist">
                            <tr><th>Test case:</th><td><b>test_vista_chatter_fields[.//field[@widget=&#34;mail_activity&#34;]]</b></td></tr>
                            <tr><th>Outcome:</th><td>Skipped</td></tr>
                            <tr><th>Duration:</th><td>0.012 sec</td></tr>
                        
                        
                            <tr><th>Skipped</th><td></td></tr>
                        
                        </table>

                        
                        
                        <pre>skipped</pre>
                        

                        
                        
                        
                    </div>
                
                </div>
            </div>
            
        </div>
    </div>
    



<p class="footer">
    Generated by junit2html
</p>
</body>
</html>