<!DOCTYPE html>
<html lang="en">
<head>
    <meta charset="UTF-8">
    <title>rrm_prestamos-pytest.xml</title>
    <style type="text/css">
        body {
    background-color: white;
    padding-bottom: 20em;
    margin: 0;
    min-height: 15cm;
}

h1, h2, h3, h4, h5, h6, h7 {
    font-family: sans-serif;
}

h1 {
    background-color: #007acc;
    color: white;
    padding: 3mm;
    margin-top: 0;
    margin-bottom: 1mm;
}

.footer {
    font-style: italic;
    font-size: small;
    text-align: right;
    padding: 1em;
}

.testsuite {
    padding-bottom: 2em;
    margin-left: 1em;
}

.proplist {
    width: 100%;
    margin-bottom: 2em;
    border-collapse: collapse;
    border: 1px solid grey;
}

.proplist th {
    background-color: silver;
    width: 5em;
    padding: 2px;
    padding-right: 1em;
    text-align: left;
}

.proplist td {
    padding: 2px;
}

.index-table {
    width: 90%;
    margin-left: 1em;
}

.index-table td {
    vertical-align: top;
    max-width: 200px;
    word-wrap: break-word;
}

.failure-index {

}

.toc {
    margin-bottom: 2em;
    font-family: monospace;
}

.stdio, pre {
    min-height: 1em;
    background-color: #1e1e1e;
    color: silver;
    padding: 0.5em;
}
.tdpre {
    background-color: #1e1e1e;
}

.test {
    margin-left: 0.5cm;
}

.outcome {
    border-left: 1em;
    padding: 2px;
}

.outcome-failed {
    border-left: 1em solid lightcoral;
}

.outcome-passed {
    border-left: 1em solid lightgreen;
}

.outcome-skipped {
    border-left: 1em dotted silver;
}

.stats-table {
}

.stats-table td {
    min-width: 4em;
    text-align: right;
}

.stats-table .failed {
    background-color: lightcoral;
}

.stats-table .passed {
    background-color: lightgreen;
}

.matrix-table {
    table-layout: fixed;
    border-spacing: 0;
    width: available;
    margin-left: 1em;
}

.matrix-table td {
    vertical-align: center;
}

.matrix-table td:last-child {
    width: 0;
}

.matrix-table tr:hover {
    background-color: yellow;
}

.matrix-axis-name {
    white-space: nowrap;
    padding-right: 0.5em;
    border-left: 1px solid black;
    border-top: 1px solid black;
    text-align: right;
}

.matrix-axis-line {
    border-left: 1px solid black;
    width: 0.5em;
}

.matrix-classname {
    text-align: left;
    width: 100%;
    border-top: 2px solid grey;
    border-bottom: 1px solid silver;
}

.matrix-casename {
    text-align: left;
    font-weight: normal;
    font-style: italic;
    padding-left: 1em;
    border-bottom: 1px solid silver;
}

.matrix-result {
    display: block;
    width: 1em;
    text-align: center;
    padding: 1mm;
    margin: 0;
}

.matrix-result-combined {
    white-space: nowrap;
    padding-right: 0.2em;
    text-align: right;
}

.matrix-result-failed {
    background-color: lightcoral;
}

.matrix-result-passed {
    background-color: lightgreen;
}

.matrix-result-skipped {
    background-color: lightyellow;
}

.matrix-even {
    background-color: lightgray;
}
    </style>
</head>
<body>
    
<h1>
    Test Report : rrm_prestamos-pytest.xml
</h1>
<a id="toc"></a>
<table class="index-table">
    <tr>
        <td>
            <ul class="toc">
            
                
                <li>test_minimal_requirements.TestRNF1
                <ul>
                    
                    <li><a href="#ffed4635-4284-4cda-81cd-4476c33bfa89">test_app_tiene_al_menos_4_modelos</a></li>
                    
                    <li><a href="#ed2a6bde-2316-45e9-b481-8b79f8f2594f">test_modelos_en_ficheros_individuales</a></li>
                    
                </ul>
                </li>
                
                <li>test_minimal_requirements.TestRNF2
                <ul>
                    
                    <li><a href="#a8229701-e7a4-464b-847f-7fe83b44a6ec">test_relacion_many2many</a></li>
                    
                    <li><a href="#1c050f2a-827d-410f-b4a5-862de3372079">test_modelos_tienen_algun_campo_relacion[one2many]</a></li>
                    
                    <li><a href="#129d1e0d-5a04-4a97-8079-7885acb1a099">test_modelos_tienen_algun_campo_relacion[many2one]</a></li>
                    
                    <li><a href="#4044f526-41a5-451d-a6ad-11c8b3d19355">test_unknown_comodel_name</a></li>
                    
                </ul>
                </li>
                
                <li>test_minimal_requirements.TestRNF3
                <ul>
                    
                    <li><a href="#2fddfde5-7f3d-4ad5-b3cd-34ccc3059fd5">test_modelos_tienen_vista[tree]</a></li>
                    
                    <li><a href="#a37ca174-8021-4bcd-8fbb-02a34bcbe9ff">test_modelos_tienen_vista[form]</a></li>
                    
                    <li><a href="#b05c2d86-f65c-4c58-b432-379b12b697de">test_formularios_tienen_vista_anidada_para_campos_X2many[one2many]</a></li>
                    
                    <li><a href="#21bffaff-dbe4-4677-9ba7-f66727cb206b">test_formularios_tienen_vista_anidada_para_campos_X2many[many2many]</a></li>
                    
                </ul>
                </li>
                
                <li>test_minimal_requirements.TestRNF4
                <ul>
                    
                    <li><a href="#e31faac2-8789-423e-afaf-9d5ffbef46b3">test_vistas_en_ficheros_individuales</a></li>
                    
                </ul>
                </li>
                
                <li>test_minimal_requirements.TestRNF5
                <ul>
                    
                    <li><a href="#356eb0fc-4ea6-4231-b749-c1b20beafa7f">test_modelos_tienen_algun_posible_campo_imagen</a></li>
                    
                    <li><a href="#df6d3651-86ab-40d7-a223-b489f56de3e8">test_alguna_vista_tiene_campo_imagen</a></li>
                    
                </ul>
                </li>
                
                <li>test_minimal_requirements.TestRNF6
                <ul>
                    
                    <li><a href="#8ede07d4-edca-41e4-8cd4-50f08c2ccc29">test_modelos_tienen_acciones</a></li>
                    
                    <li><a href="#aefbf30f-6515-4b00-8c13-9a6a22cfdc64">test_hay_elementos_de_menu[.//menuitem[@action]]</a></li>
                    
                </ul>
                </li>
                
                <li>test_minimal_requirements.TestRNF7
                <ul>
                    
                    <li><a href="#42f697cf-3c81-4510-9122-7a14cf272e3a">test_modelos_tienen_permisos</a></li>
                    
                </ul>
                </li>
                
                <li>test_minimal_requirements.TestRNF8
                <ul>
                    
                    <li><a href="#a1a4efbb-29cf-4b1e-a095-059e0b11cf31">test_app_tiene_icono</a></li>
                    
                </ul>
                </li>
                
                <li>test_minimal_requirements.TestRNF9
                <ul>
                    
                    <li><a href="#3db7dc8f-9756-474d-b1a1-6afde31b2ea0">test_modelos_tienen_datos_demo</a></li>
                    
                </ul>
                </li>
                
                <li>test_minimal_requirements.TestRNFGit
                <ul>
                    
                    <li><a href="#5104d2c2-1339-4b59-8e13-60dd3b1e3beb">test_git_commit_frecuentes</a></li>
                    
                </ul>
                </li>
                
                <li>test_minimal_requirements.TestRNFCalidad
                <ul>
                    
                    <li><a href="#c50807f5-7081-4c33-bef7-3162151dc91d">test_odoo_disponible</a></li>
                    
                    <li><a href="#83ed61a7-b03d-49d3-afc8-f8ff03ea489e">test_app_instalada</a></li>
                    
                    <li><a href="#832ec6ea-e9d1-48f8-b83d-f42ac3e3b14a">test_solo_una_app_entregada</a></li>
                    
                    <li><a href="#06740540-766f-46c2-bc72-d3c68db0dd26">test_no_hay_elementos_xml_comentados</a></li>
                    
                    <li><a href="#09ccc306-b826-4978-bc5c-19e1e3f830a8">test_no_hay_codigo_python_comentado</a></li>
                    
                    <li><a href="#7d1df27c-b04b-4f12-a578-f92a44f33f60">test_log_servidor_sin_errores</a></li>
                    
                </ul>
                </li>
                
                <li>test_minimal_requirements.TestRNFAdicionales
                <ul>
                    
                    <li><a href="#49568474-e994-49b8-a859-c24fa3919c11">test_vista_kanban[/kanban]</a>[s]</li>
                    
                    <li><a href="#5ded0e45-9f2d-4a15-b267-5536e514dae9">test_vista_kanban[/kanban[@default_group_by]]</a>[s]</li>
                    
                    <li><a href="#66513d47-e4ee-452b-92e7-b61574c53a3a">test_vista_search[/search]</a>[s]</li>
                    
                    <li><a href="#fc429e24-77fb-4a84-8e6f-86d9b2170d7c">test_vista_search[/search//filter[@domain]]</a>[s]</li>
                    
                    <li><a href="#969acb2d-963a-4f4d-a260-0a469f3ea6de">test_vista_search[/search//group//filter[@context]]</a>[s]</li>
                    
                    <li><a href="#bff73ebe-82de-41cb-89bc-0fab3cc22ffe">test_otras_vistas_adicionales[activity]</a>[s]</li>
                    
                    <li><a href="#ec4a314e-4c60-4a0a-b71d-9e56e81dae0c">test_otras_vistas_adicionales[calendar]</a>[s]</li>
                    
                    <li><a href="#70ca73d1-f045-4752-9925-bc94a3207714">test_otras_vistas_adicionales[graph]</a>[s]</li>
                    
                    <li><a href="#ca899e91-8aef-4292-84fe-19a89382d3df">test_otras_vistas_adicionales[pivot]</a>[s]</li>
                    
                    <li><a href="#a618c4fa-d6d8-455d-8b2b-1fb5f277ca18">test_seguridad_con_grupos_propios</a>[s]</li>
                    
                    <li><a href="#0753e297-25e4-441d-8d88-6b932773a333">test_herencia_en_vistas_con_position</a>[s]</li>
                    
                    <li><a href="#a70c6668-0031-4627-ba44-d5c0d35b1752">test_herencia_en_vistas_con_inherit_id</a>[s]</li>
                    
                    <li><a href="#35bf72cd-8683-4c31-89a3-fc49b0f7f7f5">test_herencia_en_modelos</a></li>
                    
                    <li><a href="#66f6eae3-8fab-4788-94ee-21ba0c61ee7f">test_datos_maestros_o_demo_avanzados[binary]</a>[s]</li>
                    
                    <li><a href="#ebe6dc6f-fd68-4e1a-a0b6-64c51693594d">test_datos_maestros_o_demo_avanzados[many2many]</a>[s]</li>
                    
                    <li><a href="#a288020c-1014-41a1-b2e1-f2fbec65378a">test_datos_maestros_o_demo_avanzados[many2one]</a>[s]</li>
                    
                    <li><a href="#c35bec26-a911-4a13-ba13-f2afe1b4d857">test_i18n</a>[s]</li>
                    
                    <li><a href="#7135d2e1-fd44-4ba6-85b4-47c62f9bf925">test_informes[report]</a>[s]</li>
                    
                    <li><a href="#d0b0e11d-1b0e-4709-bf93-a6a8694b7c5a">test_informes[template]</a>[s]</li>
                    
                </ul>
                </li>
                
                <li>test_minimal_requirements.TestOtros
                <ul>
                    
                    <li><a href="#71f2eaf3-0ffa-48f7-9091-b1e5c590796f">test_log_sin_warnings</a></li>
                    
                </ul>
                </li>
                
            
            </ul>
        </td>
        <td class="failure-index">
            <ul class="toc">
            
                
                    
                    
                    <li><a href="#ffed4635-4284-4cda-81cd-4476c33bfa89">[F] test_minimal_requirements.TestRNF1 : test_app_tiene_al_menos_4_modelos</a></li>
                    
                    
                    
                    
                
                    
                    
                    <li><a href="#a8229701-e7a4-464b-847f-7fe83b44a6ec">[F] test_minimal_requirements.TestRNF2 : test_relacion_many2many</a></li>
                    
                    
                    
                    <li><a href="#1c050f2a-827d-410f-b4a5-862de3372079">[F] test_minimal_requirements.TestRNF2 : test_modelos_tienen_algun_campo_relacion[one2many]</a></li>
                    
                    
                    
                    <li><a href="#129d1e0d-5a04-4a97-8079-7885acb1a099">[F] test_minimal_requirements.TestRNF2 : test_modelos_tienen_algun_campo_relacion[many2one]</a></li>
                    
                    
                    
                    
                
                    
                    
                    <li><a href="#2fddfde5-7f3d-4ad5-b3cd-34ccc3059fd5">[F] test_minimal_requirements.TestRNF3 : test_modelos_tienen_vista[tree]</a></li>
                    
                    
                    
                    <li><a href="#a37ca174-8021-4bcd-8fbb-02a34bcbe9ff">[F] test_minimal_requirements.TestRNF3 : test_modelos_tienen_vista[form]</a></li>
                    
                    
                    
                    <li><a href="#b05c2d86-f65c-4c58-b432-379b12b697de">[F] test_minimal_requirements.TestRNF3 : test_formularios_tienen_vista_anidada_para_campos_X2many[one2many]</a></li>
                    
                    
                    
                    <li><a href="#21bffaff-dbe4-4677-9ba7-f66727cb206b">[F] test_minimal_requirements.TestRNF3 : test_formularios_tienen_vista_anidada_para_campos_X2many[many2many]</a></li>
                    
                    
                
                    
                    
                    
                
                    
                    
                    <li><a href="#356eb0fc-4ea6-4231-b749-c1b20beafa7f">[F] test_minimal_requirements.TestRNF5 : test_modelos_tienen_algun_posible_campo_imagen</a></li>
                    
                    
                    
                    <li><a href="#df6d3651-86ab-40d7-a223-b489f56de3e8">[F] test_minimal_requirements.TestRNF5 : test_alguna_vista_tiene_campo_imagen</a></li>
                    
                    
                
                    
                    
                    <li><a href="#8ede07d4-edca-41e4-8cd4-50f08c2ccc29">[F] test_minimal_requirements.TestRNF6 : test_modelos_tienen_acciones</a></li>
                    
                    
                    
                    
                
                    
                    
                    <li><a href="#42f697cf-3c81-4510-9122-7a14cf272e3a">[F] test_minimal_requirements.TestRNF7 : test_modelos_tienen_permisos</a></li>
                    
                    
                
                    
                    
                    
                
                    
                    
                    <li><a href="#3db7dc8f-9756-474d-b1a1-6afde31b2ea0">[F] test_minimal_requirements.TestRNF9 : test_modelos_tienen_datos_demo</a></li>
                    
                    
                
                    
                    
                    
                
                    
                    
                    
                    
                    
                    
                    
                    
                    <li><a href="#06740540-766f-46c2-bc72-d3c68db0dd26">[F] test_minimal_requirements.TestRNFCalidad : test_no_hay_elementos_xml_comentados</a></li>
                    
                    
                    
                    <li><a href="#09ccc306-b826-4978-bc5c-19e1e3f830a8">[F] test_minimal_requirements.TestRNFCalidad : test_no_hay_codigo_python_comentado</a></li>
                    
                    
                    
                    
                
                    
                    
                    
                    
                    
                    
                    
                    
                    
                    
                    
                    
                    
                    
                    
                    
                    
                    
                    
                    
                    
                    
                    
                    
                    
                    
                    
                    
                    
                    
                    
                    
                    
                    
                    
                    
                    
                    
                    
                
                    
                    
                    
                
            
            </ul>
        </td>
    </tr>
</table>


    <div class="testsuite">
        <h2>Test Suite: pytest</h2>
        <a id="ed59dae7-7961-4535-af54-0cf6ac04b81b"></a>
        
        
        <h3>Results</h3>
        <table class="proplist">
            <tr>
                <th>Duration</th><td>55.115 sec</td>
            </tr>
            <tr>
                <th>Tests</th><td>45</td>
            </tr>
            <tr>
                <th>Failures</th><td>15</td>
            </tr>
        </table>

        <div class="testclasses">
            <h3>Tests</h3>
            
            <div class="testclass">
                <h4>test_minimal_requirements.TestRNF1</h4>
                <div class="testcases">
                
                    <div class="test outcome outcome-failed">
                        <a id="ffed4635-4284-4cda-81cd-4476c33bfa89"></a>
                        <table class="proplist">
                            <tr><th>Test case:</th><td><b>test_app_tiene_al_menos_4_modelos</b></td></tr>
                            <tr><th>Outcome:</th><td>Failed</td></tr>
                            <tr><th>Duration:</th><td>50.208 sec</td></tr>
                        
                            <tr><th>Failed</th><td>AssertionError: Al menos **4 clases**, implementadas en ficheros diferentes.
assert 0 &gt;= 4
 +  where 0 = len([])
 +    where [] = &lt;test_minimal_requirements.SystemUnderTest object at 0x7f653be55a60&gt;.basename_app_models
 +  and   4 = &lt;test_minimal_requirements.TestRNF1 object at 0x7f653be7afd0&gt;.MIN</td></tr>
                        
                        
                        </table>

                        
                        <pre>self = &lt;test_minimal_requirements.TestRNF1 object at 0x7f653be7afd0&gt;, sut = &lt;test_minimal_requirements.SystemUnderTest object at 0x7f653be55a60&gt;

&gt;   ???
E   AssertionError: Al menos **4 clases**, implementadas en ficheros diferentes.
E   assert 0 &gt;= 4
E    +  where 0 = len([])
E    +    where [] = &lt;test_minimal_requirements.SystemUnderTest object at 0x7f653be55a60&gt;.basename_app_models
E    +  and   4 = &lt;test_minimal_requirements.TestRNF1 object at 0x7f653be7afd0&gt;.MIN

/home/madrid/Escritorio/SGE/SGE-odoo-project-tester-2DAMB/test_minimal_requirements.py:221: AssertionError</pre>
                        
                        

                        
                        
                        
                    </div>
                
                    <div class="test outcome outcome-passed">
                        <a id="ed2a6bde-2316-45e9-b481-8b79f8f2594f"></a>
                        <table class="proplist">
                            <tr><th>Test case:</th><td><b>test_modelos_en_ficheros_individuales</b></td></tr>
                            <tr><th>Outcome:</th><td>Passed</td></tr>
                            <tr><th>Duration:</th><td>0.001 sec</td></tr>
                        
                        
                        </table>

                        
                        

                        
                        
                        
                    </div>
                
                </div>
            </div>
            
            <div class="testclass">
                <h4>test_minimal_requirements.TestRNF2</h4>
                <div class="testcases">
                
                    <div class="test outcome outcome-failed">
                        <a id="a8229701-e7a4-464b-847f-7fe83b44a6ec"></a>
                        <table class="proplist">
                            <tr><th>Test case:</th><td><b>test_relacion_many2many</b></td></tr>
                            <tr><th>Outcome:</th><td>Failed</td></tr>
                            <tr><th>Duration:</th><td>0.02 sec</td></tr>
                        
                            <tr><th>Failed</th><td>AssertionError: Diferentes tipos de campos simples y relacionales (_one2many_, _many2one_ y _many2many_).
      En tu proyecto se debe implementar **al menos uno de cada tipo**.
assert 0 &gt;= 1
 +  where 0 = len([])
 +  and   1 = &lt;test_minimal_requirements.TestRNF2 object at 0x7f653be937f0&gt;.MIN</td></tr>
                        
                        
                        </table>

                        
                        <pre>self = &lt;test_minimal_requirements.TestRNF2 object at 0x7f653be937f0&gt;, sut = &lt;test_minimal_requirements.SystemUnderTest object at 0x7f653be55a60&gt;

&gt;   ???
E   AssertionError: Diferentes tipos de campos simples y relacionales (_one2many_, _many2one_ y _many2many_).
E         En tu proyecto se debe implementar **al menos uno de cada tipo**.
E   assert 0 &gt;= 1
E    +  where 0 = len([])
E    +  and   1 = &lt;test_minimal_requirements.TestRNF2 object at 0x7f653be937f0&gt;.MIN

/home/madrid/Escritorio/SGE/SGE-odoo-project-tester-2DAMB/test_minimal_requirements.py:238: AssertionError</pre>
                        
                        

                        
                        
                        
                    </div>
                
                    <div class="test outcome outcome-failed">
                        <a id="1c050f2a-827d-410f-b4a5-862de3372079"></a>
                        <table class="proplist">
                            <tr><th>Test case:</th><td><b>test_modelos_tienen_algun_campo_relacion[one2many]</b></td></tr>
                            <tr><th>Outcome:</th><td>Failed</td></tr>
                            <tr><th>Duration:</th><td>0.002 sec</td></tr>
                        
                            <tr><th>Failed</th><td>AssertionError: No hay modelos de datos
assert []
 +  where [] = &lt;test_minimal_requirements.SystemUnderTest object at 0x7f653be55a60&gt;.app_models</td></tr>
                        
                        
                        </table>

                        
                        <pre>self = &lt;test_minimal_requirements.TestRNF2 object at 0x7f653be93be0&gt;, sut = &lt;test_minimal_requirements.SystemUnderTest object at 0x7f653be55a60&gt;, relationship = &#39;one2many&#39;

&gt;   ???

/home/madrid/Escritorio/SGE/SGE-odoo-project-tester-2DAMB/test_minimal_requirements.py:242: 
_ _ _ _ _ _ _ _ _ _ _ _ _ _ _ _ _ _ _ _ _ _ _ _ _ _ _ _ _ _ _ _ _ _ _ _ _ _ _ _ _ _ _ _ _ _ _ _ _ _ _ _ _ _ _ _ _ _ _ _ _ _ _ _ _ _ _ _ _ _ _ _ _ _ _ _ _ _ _ _ _ _ _ _ _ _ _ _ _ _ _ _ 

self = &lt;test_minimal_requirements.SystemUnderTest object at 0x7f653be55a60&gt;, type = &#39;one2many&#39;

&gt;   ???
E   AssertionError: No hay modelos de datos
E   assert []
E    +  where [] = &lt;test_minimal_requirements.SystemUnderTest object at 0x7f653be55a60&gt;.app_models

/home/madrid/Escritorio/SGE/SGE-odoo-project-tester-2DAMB/test_minimal_requirements.py:112: AssertionError</pre>
                        
                        

                        
                        
                        
                    </div>
                
                    <div class="test outcome outcome-failed">
                        <a id="129d1e0d-5a04-4a97-8079-7885acb1a099"></a>
                        <table class="proplist">
                            <tr><th>Test case:</th><td><b>test_modelos_tienen_algun_campo_relacion[many2one]</b></td></tr>
                            <tr><th>Outcome:</th><td>Failed</td></tr>
                            <tr><th>Duration:</th><td>0.001 sec</td></tr>
                        
                            <tr><th>Failed</th><td>AssertionError: No hay modelos de datos
assert []
 +  where [] = &lt;test_minimal_requirements.SystemUnderTest object at 0x7f653be55a60&gt;.app_models</td></tr>
                        
                        
                        </table>

                        
                        <pre>self = &lt;test_minimal_requirements.TestRNF2 object at 0x7f653be93ee0&gt;, sut = &lt;test_minimal_requirements.SystemUnderTest object at 0x7f653be55a60&gt;, relationship = &#39;many2one&#39;

&gt;   ???

/home/madrid/Escritorio/SGE/SGE-odoo-project-tester-2DAMB/test_minimal_requirements.py:242: 
_ _ _ _ _ _ _ _ _ _ _ _ _ _ _ _ _ _ _ _ _ _ _ _ _ _ _ _ _ _ _ _ _ _ _ _ _ _ _ _ _ _ _ _ _ _ _ _ _ _ _ _ _ _ _ _ _ _ _ _ _ _ _ _ _ _ _ _ _ _ _ _ _ _ _ _ _ _ _ _ _ _ _ _ _ _ _ _ _ _ _ _ 

self = &lt;test_minimal_requirements.SystemUnderTest object at 0x7f653be55a60&gt;, type = &#39;many2one&#39;

&gt;   ???
E   AssertionError: No hay modelos de datos
E   assert []
E    +  where [] = &lt;test_minimal_requirements.SystemUnderTest object at 0x7f653be55a60&gt;.app_models

/home/madrid/Escritorio/SGE/SGE-odoo-project-tester-2DAMB/test_minimal_requirements.py:112: AssertionError</pre>
                        
                        

                        
                        
                        
                    </div>
                
                    <div class="test outcome outcome-passed">
                        <a id="4044f526-41a5-451d-a6ad-11c8b3d19355"></a>
                        <table class="proplist">
                            <tr><th>Test case:</th><td><b>test_unknown_comodel_name</b></td></tr>
                            <tr><th>Outcome:</th><td>Passed</td></tr>
                            <tr><th>Duration:</th><td>0.001 sec</td></tr>
                        
                        
                        </table>

                        
                        

                        
                        
                        
                    </div>
                
                </div>
            </div>
            
            <div class="testclass">
                <h4>test_minimal_requirements.TestRNF3</h4>
                <div class="testcases">
                
                    <div class="test outcome outcome-failed">
                        <a id="2fddfde5-7f3d-4ad5-b3cd-34ccc3059fd5"></a>
                        <table class="proplist">
                            <tr><th>Test case:</th><td><b>test_modelos_tienen_vista[tree]</b></td></tr>
                            <tr><th>Outcome:</th><td>Failed</td></tr>
                            <tr><th>Duration:</th><td>0.001 sec</td></tr>
                        
                            <tr><th>Failed</th><td>assert []
 +  where [] = &lt;test_minimal_requirements.SystemUnderTest object at 0x7f653be55a60&gt;.app_models</td></tr>
                        
                        
                        </table>

                        
                        <pre>self = &lt;test_minimal_requirements.TestRNF3 object at 0x7f653bea1700&gt;, sut = &lt;test_minimal_requirements.SystemUnderTest object at 0x7f653be55a60&gt;, view_type = &#39;tree&#39;

&gt;   ???

/home/madrid/Escritorio/SGE/SGE-odoo-project-tester-2DAMB/test_minimal_requirements.py:258: 
_ _ _ _ _ _ _ _ _ _ _ _ _ _ _ _ _ _ _ _ _ _ _ _ _ _ _ _ _ _ _ _ _ _ _ _ _ _ _ _ _ _ _ _ _ _ _ _ _ _ _ _ _ _ _ _ _ _ _ _ _ _ _ _ _ _ _ _ _ _ _ _ _ _ _ _ _ _ _ _ _ _ _ _ _ _ _ _ _ _ _ _ 

self = &lt;test_minimal_requirements.SystemUnderTest object at 0x7f653be55a60&gt;, type = &#39;tree&#39;

&gt;   ???
E   assert []
E    +  where [] = &lt;test_minimal_requirements.SystemUnderTest object at 0x7f653be55a60&gt;.app_models

/home/madrid/Escritorio/SGE/SGE-odoo-project-tester-2DAMB/test_minimal_requirements.py:122: AssertionError</pre>
                        
                        

                        
                        
                        
                    </div>
                
                    <div class="test outcome outcome-failed">
                        <a id="a37ca174-8021-4bcd-8fbb-02a34bcbe9ff"></a>
                        <table class="proplist">
                            <tr><th>Test case:</th><td><b>test_modelos_tienen_vista[form]</b></td></tr>
                            <tr><th>Outcome:</th><td>Failed</td></tr>
                            <tr><th>Duration:</th><td>0.001 sec</td></tr>
                        
                            <tr><th>Failed</th><td>assert []
 +  where [] = &lt;test_minimal_requirements.SystemUnderTest object at 0x7f653be55a60&gt;.app_models</td></tr>
                        
                        
                        </table>

                        
                        <pre>self = &lt;test_minimal_requirements.TestRNF3 object at 0x7f653bea18e0&gt;, sut = &lt;test_minimal_requirements.SystemUnderTest object at 0x7f653be55a60&gt;, view_type = &#39;form&#39;

&gt;   ???

/home/madrid/Escritorio/SGE/SGE-odoo-project-tester-2DAMB/test_minimal_requirements.py:258: 
_ _ _ _ _ _ _ _ _ _ _ _ _ _ _ _ _ _ _ _ _ _ _ _ _ _ _ _ _ _ _ _ _ _ _ _ _ _ _ _ _ _ _ _ _ _ _ _ _ _ _ _ _ _ _ _ _ _ _ _ _ _ _ _ _ _ _ _ _ _ _ _ _ _ _ _ _ _ _ _ _ _ _ _ _ _ _ _ _ _ _ _ 

self = &lt;test_minimal_requirements.SystemUnderTest object at 0x7f653be55a60&gt;, type = &#39;form&#39;

&gt;   ???
E   assert []
E    +  where [] = &lt;test_minimal_requirements.SystemUnderTest object at 0x7f653be55a60&gt;.app_models

/home/madrid/Escritorio/SGE/SGE-odoo-project-tester-2DAMB/test_minimal_requirements.py:122: AssertionError</pre>
                        
                        

                        
                        
                        
                    </div>
                
                    <div class="test outcome outcome-failed">
                        <a id="b05c2d86-f65c-4c58-b432-379b12b697de"></a>
                        <table class="proplist">
                            <tr><th>Test case:</th><td><b>test_formularios_tienen_vista_anidada_para_campos_X2many[one2many]</b></td></tr>
                            <tr><th>Outcome:</th><td>Failed</td></tr>
                            <tr><th>Duration:</th><td>0.001 sec</td></tr>
                        
                            <tr><th>Failed</th><td>AssertionError: No hay modelos de datos
assert []
 +  where [] = &lt;test_minimal_requirements.SystemUnderTest object at 0x7f653be55a60&gt;.app_models</td></tr>
                        
                        
                        </table>

                        
                        <pre>self = &lt;test_minimal_requirements.TestRNF3 object at 0x7f653bea1d00&gt;, sut = &lt;test_minimal_requirements.SystemUnderTest object at 0x7f653be55a60&gt;, relationship = &#39;one2many&#39;

&gt;   ???

/home/madrid/Escritorio/SGE/SGE-odoo-project-tester-2DAMB/test_minimal_requirements.py:269: 
_ _ _ _ _ _ _ _ _ _ _ _ _ _ _ _ _ _ _ _ _ _ _ _ _ _ _ _ _ _ _ _ _ _ _ _ _ _ _ _ _ _ _ _ _ _ _ _ _ _ _ _ _ _ _ _ _ _ _ _ _ _ _ _ _ _ _ _ _ _ _ _ _ _ _ _ _ _ _ _ _ _ _ _ _ _ _ _ _ _ _ _ 

self = &lt;test_minimal_requirements.SystemUnderTest object at 0x7f653be55a60&gt;, type = &#39;one2many&#39;

&gt;   ???
E   AssertionError: No hay modelos de datos
E   assert []
E    +  where [] = &lt;test_minimal_requirements.SystemUnderTest object at 0x7f653be55a60&gt;.app_models

/home/madrid/Escritorio/SGE/SGE-odoo-project-tester-2DAMB/test_minimal_requirements.py:112: AssertionError</pre>
                        
                        

                        
                        
                        
                    </div>
                
                    <div class="test outcome outcome-failed">
                        <a id="21bffaff-dbe4-4677-9ba7-f66727cb206b"></a>
                        <table class="proplist">
                            <tr><th>Test case:</th><td><b>test_formularios_tienen_vista_anidada_para_campos_X2many[many2many]</b></td></tr>
                            <tr><th>Outcome:</th><td>Failed</td></tr>
                            <tr><th>Duration:</th><td>0.001 sec</td></tr>
                        
                            <tr><th>Failed</th><td>AssertionError: No hay modelos de datos
assert []
 +  where [] = &lt;test_minimal_requirements.SystemUnderTest object at 0x7f653be55a60&gt;.app_models</td></tr>
                        
                        
                        </table>

                        
                        <pre>self = &lt;test_minimal_requirements.TestRNF3 object at 0x7f653bea1ee0&gt;, sut = &lt;test_minimal_requirements.SystemUnderTest object at 0x7f653be55a60&gt;, relationship = &#39;many2many&#39;

&gt;   ???

/home/madrid/Escritorio/SGE/SGE-odoo-project-tester-2DAMB/test_minimal_requirements.py:269: 
_ _ _ _ _ _ _ _ _ _ _ _ _ _ _ _ _ _ _ _ _ _ _ _ _ _ _ _ _ _ _ _ _ _ _ _ _ _ _ _ _ _ _ _ _ _ _ _ _ _ _ _ _ _ _ _ _ _ _ _ _ _ _ _ _ _ _ _ _ _ _ _ _ _ _ _ _ _ _ _ _ _ _ _ _ _ _ _ _ _ _ _ 

self = &lt;test_minimal_requirements.SystemUnderTest object at 0x7f653be55a60&gt;, type = &#39;many2many&#39;

&gt;   ???
E   AssertionError: No hay modelos de datos
E   assert []
E    +  where [] = &lt;test_minimal_requirements.SystemUnderTest object at 0x7f653be55a60&gt;.app_models

/home/madrid/Escritorio/SGE/SGE-odoo-project-tester-2DAMB/test_minimal_requirements.py:112: AssertionError</pre>
                        
                        

                        
                        
                        
                    </div>
                
                </div>
            </div>
            
            <div class="testclass">
                <h4>test_minimal_requirements.TestRNF4</h4>
                <div class="testcases">
                
                    <div class="test outcome outcome-passed">
                        <a id="e31faac2-8789-423e-afaf-9d5ffbef46b3"></a>
                        <table class="proplist">
                            <tr><th>Test case:</th><td><b>test_vistas_en_ficheros_individuales</b></td></tr>
                            <tr><th>Outcome:</th><td>Passed</td></tr>
                            <tr><th>Duration:</th><td>0.001 sec</td></tr>
                        
                        
                        </table>

                        
                        

                        
                        
                        
                    </div>
                
                </div>
            </div>
            
            <div class="testclass">
                <h4>test_minimal_requirements.TestRNF5</h4>
                <div class="testcases">
                
                    <div class="test outcome outcome-failed">
                        <a id="356eb0fc-4ea6-4231-b749-c1b20beafa7f"></a>
                        <table class="proplist">
                            <tr><th>Test case:</th><td><b>test_modelos_tienen_algun_posible_campo_imagen</b></td></tr>
                            <tr><th>Outcome:</th><td>Failed</td></tr>
                            <tr><th>Duration:</th><td>0.001 sec</td></tr>
                        
                            <tr><th>Failed</th><td>AssertionError: No hay modelos de datos
assert []
 +  where [] = &lt;test_minimal_requirements.SystemUnderTest object at 0x7f653be55a60&gt;.app_models</td></tr>
                        
                        
                        </table>

                        
                        <pre>self = &lt;test_minimal_requirements.TestRNF5 object at 0x7f653be93070&gt;, sut = &lt;test_minimal_requirements.SystemUnderTest object at 0x7f653be55a60&gt;

&gt;   ???

/home/madrid/Escritorio/SGE/SGE-odoo-project-tester-2DAMB/test_minimal_requirements.py:289: 
_ _ _ _ _ _ _ _ _ _ _ _ _ _ _ _ _ _ _ _ _ _ _ _ _ _ _ _ _ _ _ _ _ _ _ _ _ _ _ _ _ _ _ _ _ _ _ _ _ _ _ _ _ _ _ _ _ _ _ _ _ _ _ _ _ _ _ _ _ _ _ _ _ _ _ _ _ _ _ _ _ _ _ _ _ _ _ _ _ _ _ _ 

self = &lt;test_minimal_requirements.SystemUnderTest object at 0x7f653be55a60&gt;, type = &#39;binary&#39;

&gt;   ???
E   AssertionError: No hay modelos de datos
E   assert []
E    +  where [] = &lt;test_minimal_requirements.SystemUnderTest object at 0x7f653be55a60&gt;.app_models

/home/madrid/Escritorio/SGE/SGE-odoo-project-tester-2DAMB/test_minimal_requirements.py:112: AssertionError</pre>
                        
                        

                        
                        
                        
                    </div>
                
                    <div class="test outcome outcome-failed">
                        <a id="df6d3651-86ab-40d7-a223-b489f56de3e8"></a>
                        <table class="proplist">
                            <tr><th>Test case:</th><td><b>test_alguna_vista_tiene_campo_imagen</b></td></tr>
                            <tr><th>Outcome:</th><td>Failed</td></tr>
                            <tr><th>Duration:</th><td>0.001 sec</td></tr>
                        
                            <tr><th>Failed</th><td>AssertionError: No hay modelos de datos
assert []
 +  where [] = &lt;test_minimal_requirements.SystemUnderTest object at 0x7f653be55a60&gt;.app_models</td></tr>
                        
                        
                        </table>

                        
                        <pre>self = &lt;test_minimal_requirements.TestRNF5 object at 0x7f653bea5700&gt;, sut = &lt;test_minimal_requirements.SystemUnderTest object at 0x7f653be55a60&gt;

&gt;   ???

/home/madrid/Escritorio/SGE/SGE-odoo-project-tester-2DAMB/test_minimal_requirements.py:294: 
_ _ _ _ _ _ _ _ _ _ _ _ _ _ _ _ _ _ _ _ _ _ _ _ _ _ _ _ _ _ _ _ _ _ _ _ _ _ _ _ _ _ _ _ _ _ _ _ _ _ _ _ _ _ _ _ _ _ _ _ _ _ _ _ _ _ _ _ _ _ _ _ _ _ _ _ _ _ _ _ _ _ _ _ _ _ _ _ _ _ _ _ 

self = &lt;test_minimal_requirements.SystemUnderTest object at 0x7f653be55a60&gt;, type = &#39;binary&#39;

&gt;   ???
E   AssertionError: No hay modelos de datos
E   assert []
E    +  where [] = &lt;test_minimal_requirements.SystemUnderTest object at 0x7f653be55a60&gt;.app_models

/home/madrid/Escritorio/SGE/SGE-odoo-project-tester-2DAMB/test_minimal_requirements.py:112: AssertionError</pre>
                        
                        

                        
                        
                        
                    </div>
                
                </div>
            </div>
            
            <div class="testclass">
                <h4>test_minimal_requirements.TestRNF6</h4>
                <div class="testcases">
                
                    <div class="test outcome outcome-failed">
                        <a id="8ede07d4-edca-41e4-8cd4-50f08c2ccc29"></a>
                        <table class="proplist">
                            <tr><th>Test case:</th><td><b>test_modelos_tienen_acciones</b></td></tr>
                            <tr><th>Outcome:</th><td>Failed</td></tr>
                            <tr><th>Duration:</th><td>0.001 sec</td></tr>
                        
                            <tr><th>Failed</th><td>assert []
 +  where [] = &lt;test_minimal_requirements.SystemUnderTest object at 0x7f653be55a60&gt;.basename_app_models</td></tr>
                        
                        
                        </table>

                        
                        <pre>self = &lt;test_minimal_requirements.TestRNF6 object at 0x7f653bea5b80&gt;, sut = &lt;test_minimal_requirements.SystemUnderTest object at 0x7f653be55a60&gt;

&gt;   ???
E   assert []
E    +  where [] = &lt;test_minimal_requirements.SystemUnderTest object at 0x7f653be55a60&gt;.basename_app_models

/home/madrid/Escritorio/SGE/SGE-odoo-project-tester-2DAMB/test_minimal_requirements.py:301: AssertionError</pre>
                        
                        

                        
                        
                        
                    </div>
                
                    <div class="test outcome outcome-passed">
                        <a id="aefbf30f-6515-4b00-8c13-9a6a22cfdc64"></a>
                        <table class="proplist">
                            <tr><th>Test case:</th><td><b>test_hay_elementos_de_menu[.//menuitem[@action]]</b></td></tr>
                            <tr><th>Outcome:</th><td>Passed</td></tr>
                            <tr><th>Duration:</th><td>0.001 sec</td></tr>
                        
                        
                        </table>

                        
                        

                        
                        
                        
                    </div>
                
                </div>
            </div>
            
            <div class="testclass">
                <h4>test_minimal_requirements.TestRNF7</h4>
                <div class="testcases">
                
                    <div class="test outcome outcome-failed">
                        <a id="42f697cf-3c81-4510-9122-7a14cf272e3a"></a>
                        <table class="proplist">
                            <tr><th>Test case:</th><td><b>test_modelos_tienen_permisos</b></td></tr>
                            <tr><th>Outcome:</th><td>Failed</td></tr>
                            <tr><th>Duration:</th><td>0.001 sec</td></tr>
                        
                            <tr><th>Failed</th><td>assert []
 +  where [] = &lt;test_minimal_requirements.SystemUnderTest object at 0x7f653be55a60&gt;.app_models</td></tr>
                        
                        
                        </table>

                        
                        <pre>self = &lt;test_minimal_requirements.TestRNF7 object at 0x7f653be29550&gt;, sut = &lt;test_minimal_requirements.SystemUnderTest object at 0x7f653be55a60&gt;

&gt;   ???
E   assert []
E    +  where [] = &lt;test_minimal_requirements.SystemUnderTest object at 0x7f653be55a60&gt;.app_models

/home/madrid/Escritorio/SGE/SGE-odoo-project-tester-2DAMB/test_minimal_requirements.py:322: AssertionError</pre>
                        
                        

                        
                        
                        
                    </div>
                
                </div>
            </div>
            
            <div class="testclass">
                <h4>test_minimal_requirements.TestRNF8</h4>
                <div class="testcases">
                
                    <div class="test outcome outcome-passed">
                        <a id="a1a4efbb-29cf-4b1e-a095-059e0b11cf31"></a>
                        <table class="proplist">
                            <tr><th>Test case:</th><td><b>test_app_tiene_icono</b></td></tr>
                            <tr><th>Outcome:</th><td>Passed</td></tr>
                            <tr><th>Duration:</th><td>0.014 sec</td></tr>
                        
                        
                        </table>

                        
                        

                        
                        
                        
                    </div>
                
                </div>
            </div>
            
            <div class="testclass">
                <h4>test_minimal_requirements.TestRNF9</h4>
                <div class="testcases">
                
                    <div class="test outcome outcome-failed">
                        <a id="3db7dc8f-9756-474d-b1a1-6afde31b2ea0"></a>
                        <table class="proplist">
                            <tr><th>Test case:</th><td><b>test_modelos_tienen_datos_demo</b></td></tr>
                            <tr><th>Outcome:</th><td>Failed</td></tr>
                            <tr><th>Duration:</th><td>0.001 sec</td></tr>
                        
                            <tr><th>Failed</th><td>AssertionError: No hay modelos de datos
assert []
 +  where [] = &lt;test_minimal_requirements.SystemUnderTest object at 0x7f653be55a60&gt;.app_models</td></tr>
                        
                        
                        </table>

                        
                        <pre>self = &lt;test_minimal_requirements.TestRNF9 object at 0x7f653be29e80&gt;, sut = &lt;test_minimal_requirements.SystemUnderTest object at 0x7f653be55a60&gt;

&gt;   ???
E   AssertionError: No hay modelos de datos
E   assert []
E    +  where [] = &lt;test_minimal_requirements.SystemUnderTest object at 0x7f653be55a60&gt;.app_models

/home/madrid/Escritorio/SGE/SGE-odoo-project-tester-2DAMB/test_minimal_requirements.py:349: AssertionError</pre>
                        
                        

                        
                        
                        
                    </div>
                
                </div>
            </div>
            
            <div class="testclass">
                <h4>test_minimal_requirements.TestRNFGit</h4>
                <div class="testcases">
                
                    <div class="test outcome outcome-passed">
                        <a id="5104d2c2-1339-4b59-8e13-60dd3b1e3beb"></a>
                        <table class="proplist">
                            <tr><th>Test case:</th><td><b>test_git_commit_frecuentes</b></td></tr>
                            <tr><th>Outcome:</th><td>Passed</td></tr>
                            <tr><th>Duration:</th><td>0.001 sec</td></tr>
                        
                        
                        </table>

                        
                        

                        
                        
                        
                    </div>
                
                </div>
            </div>
            
            <div class="testclass">
                <h4>test_minimal_requirements.TestRNFCalidad</h4>
                <div class="testcases">
                
                    <div class="test outcome outcome-passed">
                        <a id="c50807f5-7081-4c33-bef7-3162151dc91d"></a>
                        <table class="proplist">
                            <tr><th>Test case:</th><td><b>test_odoo_disponible</b></td></tr>
                            <tr><th>Outcome:</th><td>Passed</td></tr>
                            <tr><th>Duration:</th><td>0.01 sec</td></tr>
                        
                        
                        </table>

                        
                        

                        
                        
                        
                    </div>
                
                    <div class="test outcome outcome-passed">
                        <a id="83ed61a7-b03d-49d3-afc8-f8ff03ea489e"></a>
                        <table class="proplist">
                            <tr><th>Test case:</th><td><b>test_app_instalada</b></td></tr>
                            <tr><th>Outcome:</th><td>Passed</td></tr>
                            <tr><th>Duration:</th><td>0.015 sec</td></tr>
                        
                        
                        </table>

                        
                        

                        
                        
                        
                    </div>
                
                    <div class="test outcome outcome-passed">
                        <a id="832ec6ea-e9d1-48f8-b83d-f42ac3e3b14a"></a>
                        <table class="proplist">
                            <tr><th>Test case:</th><td><b>test_solo_una_app_entregada</b></td></tr>
                            <tr><th>Outcome:</th><td>Passed</td></tr>
                            <tr><th>Duration:</th><td>0.001 sec</td></tr>
                        
                        
                        </table>

                        
                        

                        
                        
                        
                    </div>
                
                    <div class="test outcome outcome-failed">
                        <a id="06740540-766f-46c2-bc72-d3c68db0dd26"></a>
                        <table class="proplist">
                            <tr><th>Test case:</th><td><b>test_no_hay_elementos_xml_comentados</b></td></tr>
                            <tr><th>Outcome:</th><td>Failed</td></tr>
                            <tr><th>Duration:</th><td>0.004 sec</td></tr>
                        
                            <tr><th>Failed</th><td>AssertionError: Se ha encontrado XML comentado {&#39;demo.xml&#39;: [&#39;\n          &lt;record id=&#34;object0&#34; model=&#34;rrm-prestamos.rrm-prestamos&#34;&gt;\n            &lt;field name=&#34;name&#34;&gt;Object 0&lt;/field&gt;\n            &lt;field name=&#34;value&#34;&gt;0&lt;/field&gt;\n          &lt;/record&gt;\n\n          &lt;record id=&#34;object1&#34; model=&#34;rrm-prestamos.rrm-prestamos&#34;&gt;\n            &lt;field name=&#34;name&#34;&gt;Object 1&lt;/field&gt;\n            &lt;field name=&#34;value&#34;&gt;10&lt;/field&gt;\n          &lt;/record&gt;\n\n          &lt;record id=&#34;object2&#34; model=&#34;rrm-prestamos.rrm-prestamos&#34;&gt;\n            &lt;field name=&#34;name&#34;&gt;Object 2&lt;/field&gt;\n            &lt;field name=&#34;value&#34;&gt;20&lt;/field&gt;\n          &lt;/record&gt;\n\n          &lt;record id=&#34;object3&#34; model=&#34;rrm-prestamos.rrm-prestamos&#34;&gt;\n            &lt;field name=&#34;name&#34;&gt;Object 3&lt;/field&gt;\n            &lt;field name=&#34;value&#34;&gt;30&lt;/field&gt;\n          &lt;/record&gt;\n\n          &lt;record id=&#34;object4&#34; model=&#34;rrm-prestamos.rrm-prestamos&#34;&gt;\n            &lt;field name=&#34;name&#34;&gt;Object 4&lt;/field&gt;\n            &lt;field name=&#34;value&#34;&gt;40&lt;/field&gt;\n          &lt;/record&gt;\n&#39;]} - Tu cdigo debe estar bien probado, documentado, sin cdigo comentado, sin ficheros innecesarios y con un *manifest* cuidado.
assert {&#39;demo.xml&#39;: [&#39;\n          &lt;record id=&#34;object0&#34; model=&#34;rrm-prestamos.rrm-prestamos&#34;&gt;\n            &lt;field name=&#34;name&#34;&gt;Object 0&lt;/field&gt;\n            &lt;field name=&#34;value&#34;&gt;0&lt;/field&gt;\n          &lt;/record&gt;\n\n          &lt;record id=&#34;object1&#34; model=&#34;rrm-prestamos.rrm-prestamos&#34;&gt;\n            &lt;field name=&#34;name&#34;&gt;Object 1&lt;/field&gt;\n            &lt;field name=&#34;value&#34;&gt;10&lt;/field&gt;\n          &lt;/record&gt;\n\n          &lt;record id=&#34;object2&#34; model=&#34;rrm-prestamos.rrm-prestamos&#34;&gt;\n            &lt;field name=&#34;name&#34;&gt;Object 2&lt;/field&gt;\n            &lt;field name=&#34;value&#34;&gt;20&lt;/field&gt;\n          &lt;/record&gt;\n\n          &lt;record id=&#34;object3&#34; model=&#34;rrm-prestamos.rrm-prestamos&#34;&gt;\n            &lt;field name=&#34;name&#34;&gt;Object 3&lt;/field&gt;\n            &lt;field name=&#34;value&#34;&gt;30&lt;/field&gt;\n          &lt;/record&gt;\n\n          &lt;record id=&#34;object4&#34; model=&#34;rrm-prestamos.rrm-prestamos&#34;&gt;\n            &lt;field name=&#34;name&#34;&gt;Object 4&lt;/field&gt;\n            &lt;field name=&#34;value&#34;&gt;40&lt;/field&gt;\n          &lt;/record&gt;\n&#39;]} == {}
  
  Left contains 1 more item:
  {&#39;demo.xml&#39;: [&#39;\n&#39;
                &#39;          &lt;record id=&#34;object0&#34; &#39;
                &#39;model=&#34;rrm-prestamos.rrm-prestamos&#34;&gt;\n&#39;
                &#39;            &lt;field name=&#34;name&#34;&gt;Object 0&lt;/field&gt;\n&#39;
                &#39;            &lt;field name=&#34;value&#34;&gt;0&lt;/field&gt;\n&#39;
                &#39;          &lt;/record&gt;\n&#39;
                &#39;\n&#39;
                &#39;          &lt;record id=&#34;object1&#34; &#39;
                &#39;model=&#34;rrm-prestamos.rrm-prestamos&#34;&gt;\n&#39;
                &#39;            &lt;field name=&#34;name&#34;&gt;Object 1&lt;/field&gt;\n&#39;
                &#39;            &lt;field name=&#34;value&#34;&gt;10&lt;/field&gt;\n&#39;
                &#39;          &lt;/record&gt;\n&#39;
                &#39;\n&#39;
                &#39;          &lt;record id=&#34;object2&#34; &#39;
                &#39;model=&#34;rrm-prestamos.rrm-prestamos&#34;&gt;\n&#39;
                &#39;            &lt;field name=&#34;name&#34;&gt;Object 2&lt;/field&gt;\n&#39;
                &#39;            &lt;field name=&#34;value&#34;&gt;20&lt;/field&gt;\n&#39;
                &#39;          &lt;/record&gt;\n&#39;
                &#39;\n&#39;
                &#39;          &lt;record id=&#34;object3&#34; &#39;
                &#39;model=&#34;rrm-prestamos.rrm-prestamos&#34;&gt;\n&#39;
                &#39;            &lt;field name=&#34;name&#34;&gt;Object 3&lt;/field&gt;\n&#39;
                &#39;            &lt;field name=&#34;value&#34;&gt;30&lt;/field&gt;\n&#39;
                &#39;          &lt;/record&gt;\n&#39;
                &#39;\n&#39;
                &#39;          &lt;record id=&#34;object4&#34; &#39;
                &#39;model=&#34;rrm-prestamos.rrm-prestamos&#34;&gt;\n&#39;
                &#39;            &lt;field name=&#34;name&#34;&gt;Object 4&lt;/field&gt;\n&#39;
                &#39;            &lt;field name=&#34;value&#34;&gt;40&lt;/field&gt;\n&#39;
                &#39;          &lt;/record&gt;\n&#39;]}
  
  Full diff:
  - {}
  + {
  +     &#39;demo.xml&#39;: [
  +         &#39;\n&#39;
  +         &#39;          &lt;record id=&#34;object0&#34; model=&#34;rrm-prestamos.rrm-prestamos&#34;&gt;\n&#39;
  +         &#39;            &lt;field name=&#34;name&#34;&gt;Object 0&lt;/field&gt;\n&#39;
  +         &#39;            &lt;field name=&#34;value&#34;&gt;0&lt;/field&gt;\n&#39;
  +         &#39;          &lt;/record&gt;\n&#39;
  +         &#39;\n&#39;
  +         &#39;          &lt;record id=&#34;object1&#34; model=&#34;rrm-prestamos.rrm-prestamos&#34;&gt;\n&#39;
  +         &#39;            &lt;field name=&#34;name&#34;&gt;Object 1&lt;/field&gt;\n&#39;
  +         &#39;            &lt;field name=&#34;value&#34;&gt;10&lt;/field&gt;\n&#39;
  +         &#39;          &lt;/record&gt;\n&#39;
  +         &#39;\n&#39;
  +         &#39;          &lt;record id=&#34;object2&#34; model=&#34;rrm-prestamos.rrm-prestamos&#34;&gt;\n&#39;
  +         &#39;            &lt;field name=&#34;name&#34;&gt;Object 2&lt;/field&gt;\n&#39;
  +         &#39;            &lt;field name=&#34;value&#34;&gt;20&lt;/field&gt;\n&#39;
  +         &#39;          &lt;/record&gt;\n&#39;
  +         &#39;\n&#39;
  +         &#39;          &lt;record id=&#34;object3&#34; model=&#34;rrm-prestamos.rrm-prestamos&#34;&gt;\n&#39;
  +         &#39;            &lt;field name=&#34;name&#34;&gt;Object 3&lt;/field&gt;\n&#39;
  +         &#39;            &lt;field name=&#34;value&#34;&gt;30&lt;/field&gt;\n&#39;
  +         &#39;          &lt;/record&gt;\n&#39;
  +         &#39;\n&#39;
  +         &#39;          &lt;record id=&#34;object4&#34; model=&#34;rrm-prestamos.rrm-prestamos&#34;&gt;\n&#39;
  +         &#39;            &lt;field name=&#34;name&#34;&gt;Object 4&lt;/field&gt;\n&#39;
  +         &#39;            &lt;field name=&#34;value&#34;&gt;40&lt;/field&gt;\n&#39;
  +         &#39;          &lt;/record&gt;\n&#39;,
  +     ],
  + }</td></tr>
                        
                        
                        </table>

                        
                        <pre>self = &lt;test_minimal_requirements.TestRNFCalidad object at 0x7f653be323d0&gt;, sut = &lt;test_minimal_requirements.SystemUnderTest object at 0x7f653be55a60&gt;

&gt;   ???
E   AssertionError: Se ha encontrado XML comentado {&#39;demo.xml&#39;: [&#39;\n          &lt;record id=&#34;object0&#34; model=&#34;rrm-prestamos.rrm-prestamos&#34;&gt;\n            &lt;field name=&#34;name&#34;&gt;Object 0&lt;/field&gt;\n            &lt;field name=&#34;value&#34;&gt;0&lt;/field&gt;\n          &lt;/record&gt;\n\n          &lt;record id=&#34;object1&#34; model=&#34;rrm-prestamos.rrm-prestamos&#34;&gt;\n            &lt;field name=&#34;name&#34;&gt;Object 1&lt;/field&gt;\n            &lt;field name=&#34;value&#34;&gt;10&lt;/field&gt;\n          &lt;/record&gt;\n\n          &lt;record id=&#34;object2&#34; model=&#34;rrm-prestamos.rrm-prestamos&#34;&gt;\n            &lt;field name=&#34;name&#34;&gt;Object 2&lt;/field&gt;\n            &lt;field name=&#34;value&#34;&gt;20&lt;/field&gt;\n          &lt;/record&gt;\n\n          &lt;record id=&#34;object3&#34; model=&#34;rrm-prestamos.rrm-prestamos&#34;&gt;\n            &lt;field name=&#34;name&#34;&gt;Object 3&lt;/field&gt;\n            &lt;field name=&#34;value&#34;&gt;30&lt;/field&gt;\n          &lt;/record&gt;\n\n          &lt;record id=&#34;object4&#34; model=&#34;rrm-prestamos.rrm-prestamos&#34;&gt;\n            &lt;field name=&#34;name&#34;&gt;Object 4&lt;/field&gt;\n            &lt;field name=&#34;value&#34;&gt;40&lt;/field&gt;\n          &lt;/record&gt;\n&#39;]} - Tu cdigo debe estar bien probado, documentado, sin cdigo comentado, sin ficheros innecesarios y con un *manifest* cuidado.
E   assert {&#39;demo.xml&#39;: [&#39;\n          &lt;record id=&#34;object0&#34; model=&#34;rrm-prestamos.rrm-prestamos&#34;&gt;\n            &lt;field name=&#34;name&#34;&gt;Object 0&lt;/field&gt;\n            &lt;field name=&#34;value&#34;&gt;0&lt;/field&gt;\n          &lt;/record&gt;\n\n          &lt;record id=&#34;object1&#34; model=&#34;rrm-prestamos.rrm-prestamos&#34;&gt;\n            &lt;field name=&#34;name&#34;&gt;Object 1&lt;/field&gt;\n            &lt;field name=&#34;value&#34;&gt;10&lt;/field&gt;\n          &lt;/record&gt;\n\n          &lt;record id=&#34;object2&#34; model=&#34;rrm-prestamos.rrm-prestamos&#34;&gt;\n            &lt;field name=&#34;name&#34;&gt;Object 2&lt;/field&gt;\n            &lt;field name=&#34;value&#34;&gt;20&lt;/field&gt;\n          &lt;/record&gt;\n\n          &lt;record id=&#34;object3&#34; model=&#34;rrm-prestamos.rrm-prestamos&#34;&gt;\n            &lt;field name=&#34;name&#34;&gt;Object 3&lt;/field&gt;\n            &lt;field name=&#34;value&#34;&gt;30&lt;/field&gt;\n          &lt;/record&gt;\n\n          &lt;record id=&#34;object4&#34; model=&#34;rrm-prestamos.rrm-prestamos&#34;&gt;\n            &lt;field name=&#34;name&#34;&gt;Object 4&lt;/field&gt;\n            &lt;field name=&#34;value&#34;&gt;40&lt;/field&gt;\n          &lt;/record&gt;\n&#39;]} == {}
E     
E     Left contains 1 more item:
E     {&#39;demo.xml&#39;: [&#39;\n&#39;
E                   &#39;          &lt;record id=&#34;object0&#34; &#39;
E                   &#39;model=&#34;rrm-prestamos.rrm-prestamos&#34;&gt;\n&#39;
E                   &#39;            &lt;field name=&#34;name&#34;&gt;Object 0&lt;/field&gt;\n&#39;
E                   &#39;            &lt;field name=&#34;value&#34;&gt;0&lt;/field&gt;\n&#39;
E                   &#39;          &lt;/record&gt;\n&#39;
E                   &#39;\n&#39;
E                   &#39;          &lt;record id=&#34;object1&#34; &#39;
E                   &#39;model=&#34;rrm-prestamos.rrm-prestamos&#34;&gt;\n&#39;
E                   &#39;            &lt;field name=&#34;name&#34;&gt;Object 1&lt;/field&gt;\n&#39;
E                   &#39;            &lt;field name=&#34;value&#34;&gt;10&lt;/field&gt;\n&#39;
E                   &#39;          &lt;/record&gt;\n&#39;
E                   &#39;\n&#39;
E                   &#39;          &lt;record id=&#34;object2&#34; &#39;
E                   &#39;model=&#34;rrm-prestamos.rrm-prestamos&#34;&gt;\n&#39;
E                   &#39;            &lt;field name=&#34;name&#34;&gt;Object 2&lt;/field&gt;\n&#39;
E                   &#39;            &lt;field name=&#34;value&#34;&gt;20&lt;/field&gt;\n&#39;
E                   &#39;          &lt;/record&gt;\n&#39;
E                   &#39;\n&#39;
E                   &#39;          &lt;record id=&#34;object3&#34; &#39;
E                   &#39;model=&#34;rrm-prestamos.rrm-prestamos&#34;&gt;\n&#39;
E                   &#39;            &lt;field name=&#34;name&#34;&gt;Object 3&lt;/field&gt;\n&#39;
E                   &#39;            &lt;field name=&#34;value&#34;&gt;30&lt;/field&gt;\n&#39;
E                   &#39;          &lt;/record&gt;\n&#39;
E                   &#39;\n&#39;
E                   &#39;          &lt;record id=&#34;object4&#34; &#39;
E                   &#39;model=&#34;rrm-prestamos.rrm-prestamos&#34;&gt;\n&#39;
E                   &#39;            &lt;field name=&#34;name&#34;&gt;Object 4&lt;/field&gt;\n&#39;
E                   &#39;            &lt;field name=&#34;value&#34;&gt;40&lt;/field&gt;\n&#39;
E                   &#39;          &lt;/record&gt;\n&#39;]}
E     
E     Full diff:
E     - {}
E     + {
E     +     &#39;demo.xml&#39;: [
E     +         &#39;\n&#39;
E     +         &#39;          &lt;record id=&#34;object0&#34; model=&#34;rrm-prestamos.rrm-prestamos&#34;&gt;\n&#39;
E     +         &#39;            &lt;field name=&#34;name&#34;&gt;Object 0&lt;/field&gt;\n&#39;
E     +         &#39;            &lt;field name=&#34;value&#34;&gt;0&lt;/field&gt;\n&#39;
E     +         &#39;          &lt;/record&gt;\n&#39;
E     +         &#39;\n&#39;
E     +         &#39;          &lt;record id=&#34;object1&#34; model=&#34;rrm-prestamos.rrm-prestamos&#34;&gt;\n&#39;
E     +         &#39;            &lt;field name=&#34;name&#34;&gt;Object 1&lt;/field&gt;\n&#39;
E     +         &#39;            &lt;field name=&#34;value&#34;&gt;10&lt;/field&gt;\n&#39;
E     +         &#39;          &lt;/record&gt;\n&#39;
E     +         &#39;\n&#39;
E     +         &#39;          &lt;record id=&#34;object2&#34; model=&#34;rrm-prestamos.rrm-prestamos&#34;&gt;\n&#39;
E     +         &#39;            &lt;field name=&#34;name&#34;&gt;Object 2&lt;/field&gt;\n&#39;
E     +         &#39;            &lt;field name=&#34;value&#34;&gt;20&lt;/field&gt;\n&#39;
E     +         &#39;          &lt;/record&gt;\n&#39;
E     +         &#39;\n&#39;
E     +         &#39;          &lt;record id=&#34;object3&#34; model=&#34;rrm-prestamos.rrm-prestamos&#34;&gt;\n&#39;
E     +         &#39;            &lt;field name=&#34;name&#34;&gt;Object 3&lt;/field&gt;\n&#39;
E     +         &#39;            &lt;field name=&#34;value&#34;&gt;30&lt;/field&gt;\n&#39;
E     +         &#39;          &lt;/record&gt;\n&#39;
E     +         &#39;\n&#39;
E     +         &#39;          &lt;record id=&#34;object4&#34; model=&#34;rrm-prestamos.rrm-prestamos&#34;&gt;\n&#39;
E     +         &#39;            &lt;field name=&#34;name&#34;&gt;Object 4&lt;/field&gt;\n&#39;
E     +         &#39;            &lt;field name=&#34;value&#34;&gt;40&lt;/field&gt;\n&#39;
E     +         &#39;          &lt;/record&gt;\n&#39;,
E     +     ],
E     + }

/home/madrid/Escritorio/SGE/SGE-odoo-project-tester-2DAMB/test_minimal_requirements.py:417: AssertionError</pre>
                        
                        

                        
                        
                        
                    </div>
                
                    <div class="test outcome outcome-failed">
                        <a id="09ccc306-b826-4978-bc5c-19e1e3f830a8"></a>
                        <table class="proplist">
                            <tr><th>Test case:</th><td><b>test_no_hay_codigo_python_comentado</b></td></tr>
                            <tr><th>Outcome:</th><td>Failed</td></tr>
                            <tr><th>Duration:</th><td>0.192 sec</td></tr>
                        
                            <tr><th>Failed</th><td>AssertionError: Se ha encontrado cdigo Python comentado {&#39;controllers.py&#39;: &#39;-# from odoo import http\n-#         return &#34;Hello, world&#34;\n-#             \&#39;root\&#39;: \&#39;/rrm-prestamos/rrm-prestamos\&#39;,\n-#             \&#39;objects\&#39;: http.request.env[\&#39;rrm-prestamos.rrm-prestamos\&#39;].search([]),\n-#         })\n-#         })\n&#39;} - Tu cdigo debe estar bien probado, documentado, sin cdigo comentado, sin ficheros innecesarios y con un *manifest* cuidado.
assert {&#39;controllers.py&#39;: &#39;-# from odoo import http\n-#         return &#34;Hello, world&#34;\n-#             \&#39;root\&#39;: \&#39;/rrm-prestamos/rrm-prestamos\&#39;,\n-#             \&#39;objects\&#39;: http.request.env[\&#39;rrm-prestamos.rrm-prestamos\&#39;].search([]),\n-#         })\n-#         })\n&#39;} == {}
  
  Left contains 1 more item:
  {&#39;controllers.py&#39;: &#39;-# from odoo import http\n&#39;
                     &#39;-#         return &#34;Hello, world&#34;\n&#39;
                     &#34;-#             &#39;root&#39;: &#39;/rrm-prestamos/rrm-prestamos&#39;,\n&#34;
                     &#34;-#             &#39;objects&#39;: &#34;
                     &#34;http.request.env[&#39;rrm-prestamos.rrm-prestamos&#39;].search([]),\n&#34;
                     &#39;-#         })\n&#39;
                     &#39;-#         })\n&#39;}
  
  Full diff:
  - {}
  + {
  +     &#39;controllers.py&#39;: &#39;-# from odoo import http\n&#39;
  +     &#39;-#         return &#34;Hello, world&#34;\n&#39;
  +     &#34;-#             &#39;root&#39;: &#39;/rrm-prestamos/rrm-prestamos&#39;,\n&#34;
  +     &#34;-#             &#39;objects&#39;: &#34;
  +     &#34;http.request.env[&#39;rrm-prestamos.rrm-prestamos&#39;].search([]),\n&#34;
  +     &#39;-#         })\n&#39;
  +     &#39;-#         })\n&#39;,
  + }</td></tr>
                        
                        
                        </table>

                        
                        <pre>self = &lt;test_minimal_requirements.TestRNFCalidad object at 0x7f653be327f0&gt;, sut = &lt;test_minimal_requirements.SystemUnderTest object at 0x7f653be55a60&gt;

&gt;   ???
E   AssertionError: Se ha encontrado cdigo Python comentado {&#39;controllers.py&#39;: &#39;-# from odoo import http\n-#         return &#34;Hello, world&#34;\n-#             \&#39;root\&#39;: \&#39;/rrm-prestamos/rrm-prestamos\&#39;,\n-#             \&#39;objects\&#39;: http.request.env[\&#39;rrm-prestamos.rrm-prestamos\&#39;].search([]),\n-#         })\n-#         })\n&#39;} - Tu cdigo debe estar bien probado, documentado, sin cdigo comentado, sin ficheros innecesarios y con un *manifest* cuidado.
E   assert {&#39;controllers.py&#39;: &#39;-# from odoo import http\n-#         return &#34;Hello, world&#34;\n-#             \&#39;root\&#39;: \&#39;/rrm-prestamos/rrm-prestamos\&#39;,\n-#             \&#39;objects\&#39;: http.request.env[\&#39;rrm-prestamos.rrm-prestamos\&#39;].search([]),\n-#         })\n-#         })\n&#39;} == {}
E     
E     Left contains 1 more item:
E     {&#39;controllers.py&#39;: &#39;-# from odoo import http\n&#39;
E                        &#39;-#         return &#34;Hello, world&#34;\n&#39;
E                        &#34;-#             &#39;root&#39;: &#39;/rrm-prestamos/rrm-prestamos&#39;,\n&#34;
E                        &#34;-#             &#39;objects&#39;: &#34;
E                        &#34;http.request.env[&#39;rrm-prestamos.rrm-prestamos&#39;].search([]),\n&#34;
E                        &#39;-#         })\n&#39;
E                        &#39;-#         })\n&#39;}
E     
E     Full diff:
E     - {}
E     + {
E     +     &#39;controllers.py&#39;: &#39;-# from odoo import http\n&#39;
E     +     &#39;-#         return &#34;Hello, world&#34;\n&#39;
E     +     &#34;-#             &#39;root&#39;: &#39;/rrm-prestamos/rrm-prestamos&#39;,\n&#34;
E     +     &#34;-#             &#39;objects&#39;: &#34;
E     +     &#34;http.request.env[&#39;rrm-prestamos.rrm-prestamos&#39;].search([]),\n&#34;
E     +     &#39;-#         })\n&#39;
E     +     &#39;-#         })\n&#39;,
E     + }

/home/madrid/Escritorio/SGE/SGE-odoo-project-tester-2DAMB/test_minimal_requirements.py:428: AssertionError</pre>
                        
                        

                        
                        
                        
                    </div>
                
                    <div class="test outcome outcome-passed">
                        <a id="7d1df27c-b04b-4f12-a578-f92a44f33f60"></a>
                        <table class="proplist">
                            <tr><th>Test case:</th><td><b>test_log_servidor_sin_errores</b></td></tr>
                            <tr><th>Outcome:</th><td>Passed</td></tr>
                            <tr><th>Duration:</th><td>0.001 sec</td></tr>
                        
                        
                        </table>

                        
                        

                        
                        
                        
                    </div>
                
                </div>
            </div>
            
            <div class="testclass">
                <h4>test_minimal_requirements.TestRNFAdicionales</h4>
                <div class="testcases">
                
                    <div class="test outcome outcome-skipped">
                        <a id="49568474-e994-49b8-a859-c24fa3919c11"></a>
                        <table class="proplist">
                            <tr><th>Test case:</th><td><b>test_vista_kanban[/kanban]</b></td></tr>
                            <tr><th>Outcome:</th><td>Skipped</td></tr>
                            <tr><th>Duration:</th><td>0.001 sec</td></tr>
                        
                        
                            <tr><th>Skipped</th><td></td></tr>
                        
                        </table>

                        
                        
                        <pre>skipped</pre>
                        

                        
                        
                        
                    </div>
                
                    <div class="test outcome outcome-skipped">
                        <a id="5ded0e45-9f2d-4a15-b267-5536e514dae9"></a>
                        <table class="proplist">
                            <tr><th>Test case:</th><td><b>test_vista_kanban[/kanban[@default_group_by]]</b></td></tr>
                            <tr><th>Outcome:</th><td>Skipped</td></tr>
                            <tr><th>Duration:</th><td>0.001 sec</td></tr>
                        
                        
                            <tr><th>Skipped</th><td></td></tr>
                        
                        </table>

                        
                        
                        <pre>skipped</pre>
                        

                        
                        
                        
                    </div>
                
                    <div class="test outcome outcome-skipped">
                        <a id="66513d47-e4ee-452b-92e7-b61574c53a3a"></a>
                        <table class="proplist">
                            <tr><th>Test case:</th><td><b>test_vista_search[/search]</b></td></tr>
                            <tr><th>Outcome:</th><td>Skipped</td></tr>
                            <tr><th>Duration:</th><td>0.001 sec</td></tr>
                        
                        
                            <tr><th>Skipped</th><td></td></tr>
                        
                        </table>

                        
                        
                        <pre>skipped</pre>
                        

                        
                        
                        
                    </div>
                
                    <div class="test outcome outcome-skipped">
                        <a id="fc429e24-77fb-4a84-8e6f-86d9b2170d7c"></a>
                        <table class="proplist">
                            <tr><th>Test case:</th><td><b>test_vista_search[/search//filter[@domain]]</b></td></tr>
                            <tr><th>Outcome:</th><td>Skipped</td></tr>
                            <tr><th>Duration:</th><td>0.001 sec</td></tr>
                        
                        
                            <tr><th>Skipped</th><td></td></tr>
                        
                        </table>

                        
                        
                        <pre>skipped</pre>
                        

                        
                        
                        
                    </div>
                
                    <div class="test outcome outcome-skipped">
                        <a id="969acb2d-963a-4f4d-a260-0a469f3ea6de"></a>
                        <table class="proplist">
                            <tr><th>Test case:</th><td><b>test_vista_search[/search//group//filter[@context]]</b></td></tr>
                            <tr><th>Outcome:</th><td>Skipped</td></tr>
                            <tr><th>Duration:</th><td>0.001 sec</td></tr>
                        
                        
                            <tr><th>Skipped</th><td></td></tr>
                        
                        </table>

                        
                        
                        <pre>skipped</pre>
                        

                        
                        
                        
                    </div>
                
                    <div class="test outcome outcome-skipped">
                        <a id="bff73ebe-82de-41cb-89bc-0fab3cc22ffe"></a>
                        <table class="proplist">
                            <tr><th>Test case:</th><td><b>test_otras_vistas_adicionales[activity]</b></td></tr>
                            <tr><th>Outcome:</th><td>Skipped</td></tr>
                            <tr><th>Duration:</th><td>0.001 sec</td></tr>
                        
                        
                            <tr><th>Skipped</th><td></td></tr>
                        
                        </table>

                        
                        
                        <pre>skipped</pre>
                        

                        
                        
                        
                    </div>
                
                    <div class="test outcome outcome-skipped">
                        <a id="ec4a314e-4c60-4a0a-b71d-9e56e81dae0c"></a>
                        <table class="proplist">
                            <tr><th>Test case:</th><td><b>test_otras_vistas_adicionales[calendar]</b></td></tr>
                            <tr><th>Outcome:</th><td>Skipped</td></tr>
                            <tr><th>Duration:</th><td>0.001 sec</td></tr>
                        
                        
                            <tr><th>Skipped</th><td></td></tr>
                        
                        </table>

                        
                        
                        <pre>skipped</pre>
                        

                        
                        
                        
                    </div>
                
                    <div class="test outcome outcome-skipped">
                        <a id="70ca73d1-f045-4752-9925-bc94a3207714"></a>
                        <table class="proplist">
                            <tr><th>Test case:</th><td><b>test_otras_vistas_adicionales[graph]</b></td></tr>
                            <tr><th>Outcome:</th><td>Skipped</td></tr>
                            <tr><th>Duration:</th><td>0.001 sec</td></tr>
                        
                        
                            <tr><th>Skipped</th><td></td></tr>
                        
                        </table>

                        
                        
                        <pre>skipped</pre>
                        

                        
                        
                        
                    </div>
                
                    <div class="test outcome outcome-skipped">
                        <a id="ca899e91-8aef-4292-84fe-19a89382d3df"></a>
                        <table class="proplist">
                            <tr><th>Test case:</th><td><b>test_otras_vistas_adicionales[pivot]</b></td></tr>
                            <tr><th>Outcome:</th><td>Skipped</td></tr>
                            <tr><th>Duration:</th><td>0.001 sec</td></tr>
                        
                        
                            <tr><th>Skipped</th><td></td></tr>
                        
                        </table>

                        
                        
                        <pre>skipped</pre>
                        

                        
                        
                        
                    </div>
                
                    <div class="test outcome outcome-skipped">
                        <a id="a618c4fa-d6d8-455d-8b2b-1fb5f277ca18"></a>
                        <table class="proplist">
                            <tr><th>Test case:</th><td><b>test_seguridad_con_grupos_propios</b></td></tr>
                            <tr><th>Outcome:</th><td>Skipped</td></tr>
                            <tr><th>Duration:</th><td>0.001 sec</td></tr>
                        
                        
                            <tr><th>Skipped</th><td></td></tr>
                        
                        </table>

                        
                        
                        <pre>skipped</pre>
                        

                        
                        
                        
                    </div>
                
                    <div class="test outcome outcome-skipped">
                        <a id="0753e297-25e4-441d-8d88-6b932773a333"></a>
                        <table class="proplist">
                            <tr><th>Test case:</th><td><b>test_herencia_en_vistas_con_position</b></td></tr>
                            <tr><th>Outcome:</th><td>Skipped</td></tr>
                            <tr><th>Duration:</th><td>0.001 sec</td></tr>
                        
                        
                            <tr><th>Skipped</th><td></td></tr>
                        
                        </table>

                        
                        
                        <pre>skipped</pre>
                        

                        
                        
                        
                    </div>
                
                    <div class="test outcome outcome-skipped">
                        <a id="a70c6668-0031-4627-ba44-d5c0d35b1752"></a>
                        <table class="proplist">
                            <tr><th>Test case:</th><td><b>test_herencia_en_vistas_con_inherit_id</b></td></tr>
                            <tr><th>Outcome:</th><td>Skipped</td></tr>
                            <tr><th>Duration:</th><td>0.001 sec</td></tr>
                        
                        
                            <tr><th>Skipped</th><td></td></tr>
                        
                        </table>

                        
                        
                        <pre>skipped</pre>
                        

                        
                        
                        
                    </div>
                
                    <div class="test outcome outcome-passed">
                        <a id="35bf72cd-8683-4c31-89a3-fc49b0f7f7f5"></a>
                        <table class="proplist">
                            <tr><th>Test case:</th><td><b>test_herencia_en_modelos</b></td></tr>
                            <tr><th>Outcome:</th><td>Passed</td></tr>
                            <tr><th>Duration:</th><td>0.001 sec</td></tr>
                        
                        
                        </table>

                        
                        

                        
                        
                        
                    </div>
                
                    <div class="test outcome outcome-skipped">
                        <a id="66f6eae3-8fab-4788-94ee-21ba0c61ee7f"></a>
                        <table class="proplist">
                            <tr><th>Test case:</th><td><b>test_datos_maestros_o_demo_avanzados[binary]</b></td></tr>
                            <tr><th>Outcome:</th><td>Skipped</td></tr>
                            <tr><th>Duration:</th><td>0.001 sec</td></tr>
                        
                        
                            <tr><th>Skipped</th><td></td></tr>
                        
                        </table>

                        
                        
                        <pre>skipped</pre>
                        

                        
                        
                        
                    </div>
                
                    <div class="test outcome outcome-skipped">
                        <a id="ebe6dc6f-fd68-4e1a-a0b6-64c51693594d"></a>
                        <table class="proplist">
                            <tr><th>Test case:</th><td><b>test_datos_maestros_o_demo_avanzados[many2many]</b></td></tr>
                            <tr><th>Outcome:</th><td>Skipped</td></tr>
                            <tr><th>Duration:</th><td>0.001 sec</td></tr>
                        
                        
                            <tr><th>Skipped</th><td></td></tr>
                        
                        </table>

                        
                        
                        <pre>skipped</pre>
                        

                        
                        
                        
                    </div>
                
                    <div class="test outcome outcome-skipped">
                        <a id="a288020c-1014-41a1-b2e1-f2fbec65378a"></a>
                        <table class="proplist">
                            <tr><th>Test case:</th><td><b>test_datos_maestros_o_demo_avanzados[many2one]</b></td></tr>
                            <tr><th>Outcome:</th><td>Skipped</td></tr>
                            <tr><th>Duration:</th><td>0.001 sec</td></tr>
                        
                        
                            <tr><th>Skipped</th><td></td></tr>
                        
                        </table>

                        
                        
                        <pre>skipped</pre>
                        

                        
                        
                        
                    </div>
                
                    <div class="test outcome outcome-skipped">
                        <a id="c35bec26-a911-4a13-ba13-f2afe1b4d857"></a>
                        <table class="proplist">
                            <tr><th>Test case:</th><td><b>test_i18n</b></td></tr>
                            <tr><th>Outcome:</th><td>Skipped</td></tr>
                            <tr><th>Duration:</th><td>0.001 sec</td></tr>
                        
                        
                            <tr><th>Skipped</th><td></td></tr>
                        
                        </table>

                        
                        
                        <pre>skipped</pre>
                        

                        
                        
                        
                    </div>
                
                    <div class="test outcome outcome-skipped">
                        <a id="7135d2e1-fd44-4ba6-85b4-47c62f9bf925"></a>
                        <table class="proplist">
                            <tr><th>Test case:</th><td><b>test_informes[report]</b></td></tr>
                            <tr><th>Outcome:</th><td>Skipped</td></tr>
                            <tr><th>Duration:</th><td>0.001 sec</td></tr>
                        
                        
                            <tr><th>Skipped</th><td></td></tr>
                        
                        </table>

                        
                        
                        <pre>skipped</pre>
                        

                        
                        
                        
                    </div>
                
                    <div class="test outcome outcome-skipped">
                        <a id="d0b0e11d-1b0e-4709-bf93-a6a8694b7c5a"></a>
                        <table class="proplist">
                            <tr><th>Test case:</th><td><b>test_informes[template]</b></td></tr>
                            <tr><th>Outcome:</th><td>Skipped</td></tr>
                            <tr><th>Duration:</th><td>0.001 sec</td></tr>
                        
                        
                            <tr><th>Skipped</th><td></td></tr>
                        
                        </table>

                        
                        
                        <pre>skipped</pre>
                        

                        
                        
                        
                    </div>
                
                </div>
            </div>
            
            <div class="testclass">
                <h4>test_minimal_requirements.TestOtros</h4>
                <div class="testcases">
                
                    <div class="test outcome outcome-passed">
                        <a id="71f2eaf3-0ffa-48f7-9091-b1e5c590796f"></a>
                        <table class="proplist">
                            <tr><th>Test case:</th><td><b>test_log_sin_warnings</b></td></tr>
                            <tr><th>Outcome:</th><td>Passed</td></tr>
                            <tr><th>Duration:</th><td>4.462 sec</td></tr>
                        
                        
                        </table>

                        
                        

                        
                        
                        
                    </div>
                
                </div>
            </div>
            
        </div>
    </div>
    



<p class="footer">
    Generated by junit2html
</p>
</body>
</html>