<!DOCTYPE html>
<html lang="en">
<head>
    <meta charset="UTF-8">
    <title>stmg_jamboree-pytest.xml</title>
    <style type="text/css">
        body {
    background-color: white;
    padding-bottom: 20em;
    margin: 0;
    min-height: 15cm;
}

h1, h2, h3, h4, h5, h6, h7 {
    font-family: sans-serif;
}

h1 {
    background-color: #007acc;
    color: white;
    padding: 3mm;
    margin-top: 0;
    margin-bottom: 1mm;
}

.footer {
    font-style: italic;
    font-size: small;
    text-align: right;
    padding: 1em;
}

.testsuite {
    padding-bottom: 2em;
    margin-left: 1em;
}

.proplist {
    width: 100%;
    margin-bottom: 2em;
    border-collapse: collapse;
    border: 1px solid grey;
}

.proplist th {
    background-color: silver;
    width: 5em;
    padding: 2px;
    padding-right: 1em;
    text-align: left;
}

.proplist td {
    padding: 2px;
}

.index-table {
    width: 90%;
    margin-left: 1em;
}

.index-table td {
    vertical-align: top;
    max-width: 200px;
    word-wrap: break-word;
}

.failure-index {

}

.toc {
    margin-bottom: 2em;
    font-family: monospace;
}

.stdio, pre {
    min-height: 1em;
    background-color: #1e1e1e;
    color: silver;
    padding: 0.5em;
}
.tdpre {
    background-color: #1e1e1e;
}

.test {
    margin-left: 0.5cm;
}

.outcome {
    border-left: 1em;
    padding: 2px;
}

.outcome-failed {
    border-left: 1em solid lightcoral;
}

.outcome-passed {
    border-left: 1em solid lightgreen;
}

.outcome-skipped {
    border-left: 1em dotted silver;
}

.stats-table {
}

.stats-table td {
    min-width: 4em;
    text-align: right;
}

.stats-table .failed {
    background-color: lightcoral;
}

.stats-table .passed {
    background-color: lightgreen;
}

.matrix-table {
    table-layout: fixed;
    border-spacing: 0;
    width: available;
    margin-left: 1em;
}

.matrix-table td {
    vertical-align: center;
}

.matrix-table td:last-child {
    width: 0;
}

.matrix-table tr:hover {
    background-color: yellow;
}

.matrix-axis-name {
    white-space: nowrap;
    padding-right: 0.5em;
    border-left: 1px solid black;
    border-top: 1px solid black;
    text-align: right;
}

.matrix-axis-line {
    border-left: 1px solid black;
    width: 0.5em;
}

.matrix-classname {
    text-align: left;
    width: 100%;
    border-top: 2px solid grey;
    border-bottom: 1px solid silver;
}

.matrix-casename {
    text-align: left;
    font-weight: normal;
    font-style: italic;
    padding-left: 1em;
    border-bottom: 1px solid silver;
}

.matrix-result {
    display: block;
    width: 1em;
    text-align: center;
    padding: 1mm;
    margin: 0;
}

.matrix-result-combined {
    white-space: nowrap;
    padding-right: 0.2em;
    text-align: right;
}

.matrix-result-failed {
    background-color: lightcoral;
}

.matrix-result-passed {
    background-color: lightgreen;
}

.matrix-result-skipped {
    background-color: lightyellow;
}

.matrix-even {
    background-color: lightgray;
}
    </style>
</head>
<body>
    
<h1>
    Test Report : stmg_jamboree-pytest.xml
</h1>
<a id="toc"></a>
<table class="index-table">
    <tr>
        <td>
            <ul class="toc">
            
                
                <li>test_minimal_requirements.TestRNF1
                <ul>
                    
                    <li><a href="#52c82c2b-dbd9-4ef3-be80-198d7a827f25">test_app_tiene_al_menos_4_modelos</a></li>
                    
                    <li><a href="#2a4e72b3-eb01-4739-b3e8-90ce8ded1703">test_modelos_en_ficheros_individuales</a></li>
                    
                </ul>
                </li>
                
                <li>test_minimal_requirements.TestRNF2
                <ul>
                    
                    <li><a href="#5cbe0157-839d-4340-971c-4f02787da4c0">test_relacion_many2many</a></li>
                    
                    <li><a href="#02cc144f-2df2-4885-baef-cf2e05050470">test_modelos_tienen_algun_campo_relacion[one2many]</a></li>
                    
                    <li><a href="#093ad2ee-ecb7-43d3-acb4-7fa06f013896">test_modelos_tienen_algun_campo_relacion[many2one]</a></li>
                    
                    <li><a href="#5ec0583f-33d2-4116-bbe6-6a7459cf12e0">test_unknown_comodel_name</a></li>
                    
                </ul>
                </li>
                
                <li>test_minimal_requirements.TestRNF3
                <ul>
                    
                    <li><a href="#cc1245b6-eb26-4bfd-ad5f-da9183a31c32">test_modelos_tienen_vista[tree]</a></li>
                    
                    <li><a href="#8d09f155-86fe-4b9b-a653-55bc42d3205b">test_modelos_tienen_vista[form]</a></li>
                    
                    <li><a href="#7b2ee5e8-3a2a-4e65-8859-535135ec1330">test_formularios_tienen_vista_anidada_para_campos_X2many[one2many]</a></li>
                    
                    <li><a href="#ebf2020f-bf62-4c74-9dd0-4ab7cc7d9e83">test_formularios_tienen_vista_anidada_para_campos_X2many[many2many]</a></li>
                    
                </ul>
                </li>
                
                <li>test_minimal_requirements.TestRNF4
                <ul>
                    
                    <li><a href="#2f053fb4-b766-49f8-8b96-f8a60c20f475">test_vistas_en_ficheros_individuales</a></li>
                    
                </ul>
                </li>
                
                <li>test_minimal_requirements.TestRNF5
                <ul>
                    
                    <li><a href="#f372903a-dc9b-4de2-871a-68f774a46be7">test_modelos_tienen_algun_posible_campo_imagen</a></li>
                    
                    <li><a href="#dd089e73-8f40-4bfd-9dfb-1eaef64798b9">test_alguna_vista_tiene_campo_imagen</a></li>
                    
                </ul>
                </li>
                
                <li>test_minimal_requirements.TestRNF6
                <ul>
                    
                    <li><a href="#73a65907-91c4-4555-8bf8-8a0da2c9a60c">test_modelos_tienen_acciones</a></li>
                    
                    <li><a href="#4fb51c6a-d196-4d9d-8a8c-cb5284a3784c">test_hay_elementos_de_menu[.//menuitem[@action]]</a></li>
                    
                </ul>
                </li>
                
                <li>test_minimal_requirements.TestRNF7
                <ul>
                    
                    <li><a href="#2153002a-b39b-4924-afba-285a0e40a7d9">test_modelos_tienen_permisos</a></li>
                    
                </ul>
                </li>
                
                <li>test_minimal_requirements.TestRNF8
                <ul>
                    
                    <li><a href="#f77c1c78-a536-4f3d-bddb-7ce97f3ea62a">test_app_tiene_icono</a></li>
                    
                </ul>
                </li>
                
                <li>test_minimal_requirements.TestRNF9
                <ul>
                    
                    <li><a href="#0e9d9af9-bbd5-4b56-a458-f70adaef00a7">test_modelos_tienen_datos_demo</a></li>
                    
                </ul>
                </li>
                
                <li>test_minimal_requirements.TestRNFGit
                <ul>
                    
                    <li><a href="#33c8f80f-d35e-4709-b933-4780f1b12954">test_git_commit_frecuentes</a></li>
                    
                </ul>
                </li>
                
                <li>test_minimal_requirements.TestRNFCalidad
                <ul>
                    
                    <li><a href="#9f2c0efc-33a9-48a3-a8ef-7e51ae6ac362">test_odoo_disponible</a></li>
                    
                    <li><a href="#8d4114b6-8a61-445b-a39e-58b620d9c6a9">test_app_instalada</a></li>
                    
                    <li><a href="#5fe52850-2224-4f6c-8b76-7731dd724260">test_otras_apps_entregadas_son_dependencias</a></li>
                    
                    <li><a href="#10a561d6-b802-4ef0-9e8f-12dc6c75e7e4">test_no_hay_elementos_xml_comentados</a></li>
                    
                    <li><a href="#0b3226b2-a262-40e3-9f4c-62569ffd1df3">test_no_hay_codigo_python_comentado</a></li>
                    
                    <li><a href="#6da4c3b7-21b4-4d98-925e-3ad1cf5faa6e">test_log_servidor_sin_errores</a></li>
                    
                </ul>
                </li>
                
                <li>test_minimal_requirements.TestOtros
                <ul>
                    
                    <li><a href="#a00f5ca1-4643-4e53-b0de-7f705056a230">test_log_sin_warnings</a></li>
                    
                </ul>
                </li>
                
                <li>test_minimal_requirements.TestRNFAdicionalesKanban
                <ul>
                    
                    <li><a href="#689ce739-474f-4839-ad89-2558e75902b3">test_vista_kanban[/kanban]</a>[s]</li>
                    
                    <li><a href="#242cfc19-2d19-44fa-bc03-bbd3587110ae">test_vista_kanban[/kanban[@default_group_by]]</a>[s]</li>
                    
                    <li><a href="#4060a18e-d14d-44ce-a3b6-e9555bd1a513">test_vista_kanban_imagen[/img]</a>[s]</li>
                    
                    <li><a href="#aa0dd2d9-aa6e-4d93-93f6-31f8d39549a6">test_vista_kanban_imagen[/field[@preview_image]]</a>[s]</li>
                    
                    <li><a href="#257f1048-277a-4924-bc81-ec6125f61e7f">test_vista_kanban_imagen[/field[@widget=&#34;image&#34;]]</a>[s]</li>
                    
                </ul>
                </li>
                
                <li>test_minimal_requirements.TestRNFAdicionalesBusqueda
                <ul>
                    
                    <li><a href="#a20e2b6e-47e8-430a-aae5-42686c21a220">test_vista_search</a>[s]</li>
                    
                    <li><a href="#b2d2060d-a59f-4644-b9df-670f4658f9b7">test_vista_search_compleja[.//filter[@domain]]</a></li>
                    
                    <li><a href="#47af94be-fa11-4b28-a215-c6e70fdeb548">test_vista_search_compleja[.//group//filter[@context]]</a></li>
                    
                </ul>
                </li>
                
                <li>test_minimal_requirements.TestRNFAdicionalesOtrasVistas
                <ul>
                    
                    <li><a href="#8cf6892d-227e-4585-baab-4f16e67d9a70">test_otras_vistas_adicionales[activity]</a>[s]</li>
                    
                    <li><a href="#c25a7182-c3e9-40e2-bb8d-1350777c85be">test_otras_vistas_adicionales[calendar]</a>[s]</li>
                    
                    <li><a href="#7e8f9070-d9f8-4d40-bb01-880bbca45f01">test_otras_vistas_adicionales[graph]</a>[s]</li>
                    
                    <li><a href="#7c747d23-5b8b-4315-ba61-30db185c9a00">test_otras_vistas_adicionales[pivot]</a>[s]</li>
                    
                </ul>
                </li>
                
                <li>test_minimal_requirements.TestRNFAdicionalesConstraints
                <ul>
                    
                    <li><a href="#c21c1900-961e-4009-bcf5-22a23ad49abc">test_constraints_sql</a>[s]</li>
                    
                </ul>
                </li>
                
                <li>test_minimal_requirements.TestRNFAdicionalesSeguridadAvanzada
                <ul>
                    
                    <li><a href="#b9dc23ef-6790-4510-9051-e56a581a80d0">test_seguridad_con_grupos_propios</a>[s]</li>
                    
                </ul>
                </li>
                
                <li>test_minimal_requirements.TestRNFAdicionalesDatosAvanzados
                <ul>
                    
                    <li><a href="#4fde9957-5403-427d-bf29-d29b7eb784ae">test_datos_maestros_o_demo_avanzados[binary]</a>[s]</li>
                    
                    <li><a href="#c1f1397f-f738-4753-b818-be87fccb12f1">test_datos_maestros_o_demo_avanzados[many2many]</a>[s]</li>
                    
                    <li><a href="#e23a303f-9b82-433f-8212-bcf686d791da">test_datos_maestros_o_demo_avanzados[many2one]</a>[s]</li>
                    
                </ul>
                </li>
                
                <li>test_minimal_requirements.TestRNFAdicionalesHerenciaVistas
                <ul>
                    
                    <li><a href="#fe3cb30f-84b7-4621-a27c-79bf1ccebaad">test_herencia_en_vistas_con_position</a>[s]</li>
                    
                    <li><a href="#d32723f6-bbb4-499b-9c3b-363ad0749511">test_herencia_en_vistas_con_inherit_id</a>[s]</li>
                    
                </ul>
                </li>
                
                <li>test_minimal_requirements.TestRNFAdicionalesHerenciaModelos
                <ul>
                    
                    <li><a href="#83793164-c5f3-4cf8-aa98-afa10a6432a0">test_modelos_existentes_modificados_por_herencia</a>[s]</li>
                    
                    <li><a href="#eeaa7385-2068-44b0-8cda-c84fd390ff9e">test_nuevos_modelos_con_herencia</a>[s]</li>
                    
                </ul>
                </li>
                
                <li>test_minimal_requirements.TestRNFAdicionalesTraducciones
                <ul>
                    
                    <li><a href="#3bbdfba6-1bd7-4d90-a69b-9dd002ba561b">test_i18n</a>[s]</li>
                    
                </ul>
                </li>
                
                <li>test_minimal_requirements.TestRNFAdicionalesInformes
                <ul>
                    
                    <li><a href="#5d066280-26f9-4af4-bd82-4986754a74c2">test_informes[report]</a>[s]</li>
                    
                    <li><a href="#c9ef4f71-6df7-4ff6-b466-21de15ba01df">test_informes[template]</a>[s]</li>
                    
                </ul>
                </li>
                
                <li>test_minimal_requirements.TestRNFAdicionalesChatter
                <ul>
                    
                    <li><a href="#c86e7d12-21e4-4c4c-a84b-1aa04167f550">test_chatter[mail_thread]</a>[s]</li>
                    
                    <li><a href="#32ddd47b-facc-4807-9cb2-d4ed1ed204d7">test_chatter[mail_activity_mixin]</a>[s]</li>
                    
                    <li><a href="#940c620c-c2c1-48f3-a55b-9da5bd00db20">test_chatter_tracking</a>[s]</li>
                    
                    <li><a href="#8e33c61b-f1dc-4227-a9e7-2a2ee4ea0508">test_vista_chatter_div</a>[s]</li>
                    
                    <li><a href="#28ff6ca5-4b24-4cf2-a962-176c4314886a">test_vista_chatter_fields[.//field[@name=&#34;message_follower_ids&#34;]]</a>[s]</li>
                    
                    <li><a href="#f829b202-41a3-4fcc-8128-965b92804bf0">test_vista_chatter_fields[.//field[@name=&#34;activity_ids&#34;]]</a>[s]</li>
                    
                    <li><a href="#7b43f843-8931-433f-beae-5e59bb57824c">test_vista_chatter_fields[.//field[@name=&#34;message_ids&#34;]]</a>[s]</li>
                    
                    <li><a href="#f0a11b34-793a-4782-8a27-9a009756fbb1">test_vista_chatter_fields[.//field[@widget=&#34;mail_followers&#34;]]</a>[s]</li>
                    
                    <li><a href="#b66eb79d-3b5b-4a1b-8348-f069c2a94258">test_vista_chatter_fields[.//field[@widget=&#34;mail_thread&#34;]]</a>[s]</li>
                    
                    <li><a href="#7248d297-6cd8-4ff5-91ca-b818860e925c">test_vista_chatter_fields[.//field[@widget=&#34;mail_activity&#34;]]</a>[s]</li>
                    
                </ul>
                </li>
                
            
            </ul>
        </td>
        <td class="failure-index">
            <ul class="toc">
            
                
                    
                    
                    <li><a href="#52c82c2b-dbd9-4ef3-be80-198d7a827f25">[F] test_minimal_requirements.TestRNF1 : test_app_tiene_al_menos_4_modelos</a></li>
                    
                    
                    
                    <li><a href="#2a4e72b3-eb01-4739-b3e8-90ce8ded1703">[F] test_minimal_requirements.TestRNF1 : test_modelos_en_ficheros_individuales</a></li>
                    
                    
                
                    
                    
                    <li><a href="#5cbe0157-839d-4340-971c-4f02787da4c0">[F] test_minimal_requirements.TestRNF2 : test_relacion_many2many</a></li>
                    
                    
                    
                    <li><a href="#02cc144f-2df2-4885-baef-cf2e05050470">[F] test_minimal_requirements.TestRNF2 : test_modelos_tienen_algun_campo_relacion[one2many]</a></li>
                    
                    
                    
                    <li><a href="#093ad2ee-ecb7-43d3-acb4-7fa06f013896">[F] test_minimal_requirements.TestRNF2 : test_modelos_tienen_algun_campo_relacion[many2one]</a></li>
                    
                    
                    
                    
                
                    
                    
                    <li><a href="#cc1245b6-eb26-4bfd-ad5f-da9183a31c32">[F] test_minimal_requirements.TestRNF3 : test_modelos_tienen_vista[tree]</a></li>
                    
                    
                    
                    <li><a href="#8d09f155-86fe-4b9b-a653-55bc42d3205b">[F] test_minimal_requirements.TestRNF3 : test_modelos_tienen_vista[form]</a></li>
                    
                    
                    
                    <li><a href="#7b2ee5e8-3a2a-4e65-8859-535135ec1330">[F] test_minimal_requirements.TestRNF3 : test_formularios_tienen_vista_anidada_para_campos_X2many[one2many]</a></li>
                    
                    
                    
                    <li><a href="#ebf2020f-bf62-4c74-9dd0-4ab7cc7d9e83">[F] test_minimal_requirements.TestRNF3 : test_formularios_tienen_vista_anidada_para_campos_X2many[many2many]</a></li>
                    
                    
                
                    
                    
                    
                
                    
                    
                    <li><a href="#f372903a-dc9b-4de2-871a-68f774a46be7">[F] test_minimal_requirements.TestRNF5 : test_modelos_tienen_algun_posible_campo_imagen</a></li>
                    
                    
                    
                    <li><a href="#dd089e73-8f40-4bfd-9dfb-1eaef64798b9">[F] test_minimal_requirements.TestRNF5 : test_alguna_vista_tiene_campo_imagen</a></li>
                    
                    
                
                    
                    
                    <li><a href="#73a65907-91c4-4555-8bf8-8a0da2c9a60c">[F] test_minimal_requirements.TestRNF6 : test_modelos_tienen_acciones</a></li>
                    
                    
                    
                    
                
                    
                    
                    <li><a href="#2153002a-b39b-4924-afba-285a0e40a7d9">[F] test_minimal_requirements.TestRNF7 : test_modelos_tienen_permisos</a></li>
                    
                    
                
                    
                    
                    
                
                    
                    
                    <li><a href="#0e9d9af9-bbd5-4b56-a458-f70adaef00a7">[F] test_minimal_requirements.TestRNF9 : test_modelos_tienen_datos_demo</a></li>
                    
                    
                
                    
                    
                    
                
                    
                    
                    
                    
                    <li><a href="#8d4114b6-8a61-445b-a39e-58b620d9c6a9">[F] test_minimal_requirements.TestRNFCalidad : test_app_instalada</a></li>
                    
                    
                    
                    <li><a href="#5fe52850-2224-4f6c-8b76-7731dd724260">[F] test_minimal_requirements.TestRNFCalidad : test_otras_apps_entregadas_son_dependencias</a></li>
                    
                    
                    
                    
                    
                    
                    
                    
                
                    
                    
                    
                
                    
                    
                    
                    
                    
                    
                    
                    
                    
                    
                    
                
                    
                    
                    
                    
                    
                    
                    
                
                    
                    
                    
                    
                    
                    
                    
                    
                    
                
                    
                    
                    
                
                    
                    
                    
                
                    
                    
                    
                    
                    
                    
                    
                
                    
                    
                    
                    
                    
                
                    
                    
                    
                    
                    
                
                    
                    
                    
                
                    
                    
                    
                    
                    
                
                    
                    
                    
                    
                    
                    
                    
                    
                    
                    
                    
                    
                    
                    
                    
                    
                    
                    
                    
                    
                    
                
            
            </ul>
        </td>
    </tr>
</table>


    <div class="testsuite">
        <h2>Test Suite: pytest</h2>
        <a id="66cbf4ed-7791-4ad0-8f94-620d14885ef2"></a>
        
        
        <h3>Results</h3>
        <table class="proplist">
            <tr>
                <th>Duration</th><td>79.822 sec</td>
            </tr>
            <tr>
                <th>Tests</th><td>60</td>
            </tr>
            <tr>
                <th>Failures</th><td>16</td>
            </tr>
        </table>

        <div class="testclasses">
            <h3>Tests</h3>
            
            <div class="testclass">
                <h4>test_minimal_requirements.TestRNF1</h4>
                <div class="testcases">
                
                    <div class="test outcome outcome-failed">
                        <a id="52c82c2b-dbd9-4ef3-be80-198d7a827f25"></a>
                        <table class="proplist">
                            <tr><th>Test case:</th><td><b>test_app_tiene_al_menos_4_modelos</b></td></tr>
                            <tr><th>Outcome:</th><td>Failed</td></tr>
                            <tr><th>Duration:</th><td>74.631 sec</td></tr>
                        
                            <tr><th>Failed</th><td>AssertionError: No se han implementado suficientes clases o el atributo _name de alguna de ellas no tiene prefijo &#39;stmg_jamboree.&#39;
assert 0 &gt;= 4
 +  where 0 = len([])
 +    where [] = &lt;test_minimal_requirements.SystemUnderTest object at 0x7fc334119f10&gt;.basename_app_models
 +  and   4 = &lt;test_minimal_requirements.TestRNF1 object at 0x7fc3341a6e20&gt;.MIN</td></tr>
                        
                        
                        </table>

                        
                        <pre>self = &lt;test_minimal_requirements.TestRNF1 object at 0x7fc3341a6e20&gt;
sut = &lt;test_minimal_requirements.SystemUnderTest object at 0x7fc334119f10&gt;

    def test_app_tiene_al_menos_4_modelos(self, sut):
&gt;       assert len(sut.basename_app_models) &gt;= self.MIN, f&#34;No se han implementado suficientes clases o el atributo _name de alguna de ellas no tiene prefijo &#39;{sut.app_prefix}.&#39;&#34;
E       AssertionError: No se han implementado suficientes clases o el atributo _name de alguna de ellas no tiene prefijo &#39;stmg_jamboree.&#39;
E       assert 0 &gt;= 4
E        +  where 0 = len([])
E        +    where [] = &lt;test_minimal_requirements.SystemUnderTest object at 0x7fc334119f10&gt;.basename_app_models
E        +  and   4 = &lt;test_minimal_requirements.TestRNF1 object at 0x7fc3341a6e20&gt;.MIN

test_minimal_requirements.py:249: AssertionError</pre>
                        
                        

                        
                        
                        
                    </div>
                
                    <div class="test outcome outcome-failed">
                        <a id="2a4e72b3-eb01-4739-b3e8-90ce8ded1703"></a>
                        <table class="proplist">
                            <tr><th>Test case:</th><td><b>test_modelos_en_ficheros_individuales</b></td></tr>
                            <tr><th>Outcome:</th><td>Failed</td></tr>
                            <tr><th>Duration:</th><td>0.001 sec</td></tr>
                        
                            <tr><th>Failed</th><td>AssertionError: No coinciden el número de modelos de datos de la aplicación con el número de ficheros Python en el paquete models - Al menos **4 clases**, implementadas en ficheros diferentes.
assert (0 + 0) == 5
 +  where 0 = len([])
 +    where [] = &lt;test_minimal_requirements.SystemUnderTest object at 0x7fc334119f10&gt;.basename_app_models
 +  and   0 = len([])
 +    where [] = &lt;test_minimal_requirements.SystemUnderTest object at 0x7fc334119f10&gt;.basename_app_extended_existing_models
 +  and   5 = len([&#39;Jugador.py&#39;, &#39;Tutor.py&#39;, &#39;Entrenamiento.py&#39;, &#39;Sede.py&#39;, &#39;Entrenador.py&#39;])
 +    where [&#39;Jugador.py&#39;, &#39;Tutor.py&#39;, &#39;Entrenamiento.py&#39;, &#39;Sede.py&#39;, &#39;Entrenador.py&#39;] = &lt;test_minimal_requirements.SystemUnderTest object at 0x7fc334119f10&gt;.basename_model_files</td></tr>
                        
                        
                        </table>

                        
                        <pre>self = &lt;test_minimal_requirements.TestRNF1 object at 0x7fc3341bb1f0&gt;
sut = &lt;test_minimal_requirements.SystemUnderTest object at 0x7fc334119f10&gt;

    def test_modelos_en_ficheros_individuales(self, sut):
&gt;       assert (len(sut.basename_app_models) + len(sut.basename_app_extended_existing_models)) == len(sut.basename_model_files), f&#34;No coinciden el número de modelos de datos de la aplicación con el número de ficheros Python en el paquete models - {self.__doc__}&#34;
E       AssertionError: No coinciden el número de modelos de datos de la aplicación con el número de ficheros Python en el paquete models - Al menos **4 clases**, implementadas en ficheros diferentes.
E       assert (0 + 0) == 5
E        +  where 0 = len([])
E        +    where [] = &lt;test_minimal_requirements.SystemUnderTest object at 0x7fc334119f10&gt;.basename_app_models
E        +  and   0 = len([])
E        +    where [] = &lt;test_minimal_requirements.SystemUnderTest object at 0x7fc334119f10&gt;.basename_app_extended_existing_models
E        +  and   5 = len([&#39;Jugador.py&#39;, &#39;Tutor.py&#39;, &#39;Entrenamiento.py&#39;, &#39;Sede.py&#39;, &#39;Entrenador.py&#39;])
E        +    where [&#39;Jugador.py&#39;, &#39;Tutor.py&#39;, &#39;Entrenamiento.py&#39;, &#39;Sede.py&#39;, &#39;Entrenador.py&#39;] = &lt;test_minimal_requirements.SystemUnderTest object at 0x7fc334119f10&gt;.basename_model_files

test_minimal_requirements.py:252: AssertionError</pre>
                        
                        

                        
                        
                        
                    </div>
                
                </div>
            </div>
            
            <div class="testclass">
                <h4>test_minimal_requirements.TestRNF2</h4>
                <div class="testcases">
                
                    <div class="test outcome outcome-failed">
                        <a id="5cbe0157-839d-4340-971c-4f02787da4c0"></a>
                        <table class="proplist">
                            <tr><th>Test case:</th><td><b>test_relacion_many2many</b></td></tr>
                            <tr><th>Outcome:</th><td>Failed</td></tr>
                            <tr><th>Duration:</th><td>0.023 sec</td></tr>
                        
                            <tr><th>Failed</th><td>AssertionError: Diferentes tipos de campos simples y relacionales (_one2many_, _many2one_ y _many2many_).
      En tu proyecto se debe implementar **al menos uno de cada tipo**.
assert 0 &gt;= 1
 +  where 0 = len([])
 +  and   1 = &lt;test_minimal_requirements.TestRNF2 object at 0x7fc3341bb640&gt;.MIN</td></tr>
                        
                        
                        </table>

                        
                        <pre>self = &lt;test_minimal_requirements.TestRNF2 object at 0x7fc3341bb640&gt;
sut = &lt;test_minimal_requirements.SystemUnderTest object at 0x7fc334119f10&gt;

    def test_relacion_many2many(self, sut):
            app_id = sut.execute_kw(&#39;ir.module.module&#39;, &#39;search&#39;, [[(&#39;name&#39;, &#39;=&#39;, sut.app_prefix)]]).pop()
            ids = sut.execute_kw(&#39;ir.model.relation&#39;, &#39;search&#39;, [[(&#39;module&#39;, &#39;=&#39;, app_id)]])
            app_many2many_rels = sut.execute_kw(&#39;ir.model.relation&#39;, &#39;read&#39;, [ids], {&#39;fields&#39;: [&#39;name&#39;, &#39;model&#39;, &#39;module&#39;, &#39;display_name&#39;]})
&gt;           assert len(app_many2many_rels) &gt;= self.MIN, self.__doc__
E           AssertionError: Diferentes tipos de campos simples y relacionales (_one2many_, _many2one_ y _many2many_).
E                 En tu proyecto se debe implementar **al menos uno de cada tipo**.
E           assert 0 &gt;= 1
E            +  where 0 = len([])
E            +  and   1 = &lt;test_minimal_requirements.TestRNF2 object at 0x7fc3341bb640&gt;.MIN

test_minimal_requirements.py:266: AssertionError</pre>
                        
                        

                        
                        
                        
                    </div>
                
                    <div class="test outcome outcome-failed">
                        <a id="02cc144f-2df2-4885-baef-cf2e05050470"></a>
                        <table class="proplist">
                            <tr><th>Test case:</th><td><b>test_modelos_tienen_algun_campo_relacion[one2many]</b></td></tr>
                            <tr><th>Outcome:</th><td>Failed</td></tr>
                            <tr><th>Duration:</th><td>0.002 sec</td></tr>
                        
                            <tr><th>Failed</th><td>AssertionError: No hay modelos de datos
assert []
 +  where [] = &lt;test_minimal_requirements.SystemUnderTest object at 0x7fc334119f10&gt;.app_models</td></tr>
                        
                        
                        </table>

                        
                        <pre>self = &lt;test_minimal_requirements.TestRNF2 object at 0x7fc3341bba30&gt;
sut = &lt;test_minimal_requirements.SystemUnderTest object at 0x7fc334119f10&gt;, relationship = &#39;one2many&#39;

    @pytest.mark.parametrize(&#34;relationship&#34;, [&#39;one2many&#39;, &#39;many2one&#39;])
    def test_modelos_tienen_algun_campo_relacion(self, sut, relationship):
&gt;       assert len(sut.modelos_tienen_campos(relationship)) &gt;= self.MIN, f&#34;Diferentes tipos de campos (...) relacionales (...) _{relationship}_. En tu proyecto se debe implementar **al menos uno de cada tipo**.&#34;

test_minimal_requirements.py:270: 
_ _ _ _ _ _ _ _ _ _ _ _ _ _ _ _ _ _ _ _ _ _ _ _ _ _ _ _ _ _ _ _ _ _ _ _ _ _ _ _ _ _ _ _ _ _ _ _ _ _ _ _ _

self = &lt;test_minimal_requirements.SystemUnderTest object at 0x7fc334119f10&gt;, type = &#39;one2many&#39;

    def modelos_tienen_campos(self, type):
        r = []
&gt;       assert self.app_models, &#34;No hay modelos de datos&#34;
E       AssertionError: No hay modelos de datos
E       assert []
E        +  where [] = &lt;test_minimal_requirements.SystemUnderTest object at 0x7fc334119f10&gt;.app_models

test_minimal_requirements.py:147: AssertionError</pre>
                        
                        

                        
                        
                        
                    </div>
                
                    <div class="test outcome outcome-failed">
                        <a id="093ad2ee-ecb7-43d3-acb4-7fa06f013896"></a>
                        <table class="proplist">
                            <tr><th>Test case:</th><td><b>test_modelos_tienen_algun_campo_relacion[many2one]</b></td></tr>
                            <tr><th>Outcome:</th><td>Failed</td></tr>
                            <tr><th>Duration:</th><td>0.001 sec</td></tr>
                        
                            <tr><th>Failed</th><td>AssertionError: No hay modelos de datos
assert []
 +  where [] = &lt;test_minimal_requirements.SystemUnderTest object at 0x7fc334119f10&gt;.app_models</td></tr>
                        
                        
                        </table>

                        
                        <pre>self = &lt;test_minimal_requirements.TestRNF2 object at 0x7fc3341bbf10&gt;
sut = &lt;test_minimal_requirements.SystemUnderTest object at 0x7fc334119f10&gt;, relationship = &#39;many2one&#39;

    @pytest.mark.parametrize(&#34;relationship&#34;, [&#39;one2many&#39;, &#39;many2one&#39;])
    def test_modelos_tienen_algun_campo_relacion(self, sut, relationship):
&gt;       assert len(sut.modelos_tienen_campos(relationship)) &gt;= self.MIN, f&#34;Diferentes tipos de campos (...) relacionales (...) _{relationship}_. En tu proyecto se debe implementar **al menos uno de cada tipo**.&#34;

test_minimal_requirements.py:270: 
_ _ _ _ _ _ _ _ _ _ _ _ _ _ _ _ _ _ _ _ _ _ _ _ _ _ _ _ _ _ _ _ _ _ _ _ _ _ _ _ _ _ _ _ _ _ _ _ _ _ _ _ _

self = &lt;test_minimal_requirements.SystemUnderTest object at 0x7fc334119f10&gt;, type = &#39;many2one&#39;

    def modelos_tienen_campos(self, type):
        r = []
&gt;       assert self.app_models, &#34;No hay modelos de datos&#34;
E       AssertionError: No hay modelos de datos
E       assert []
E        +  where [] = &lt;test_minimal_requirements.SystemUnderTest object at 0x7fc334119f10&gt;.app_models

test_minimal_requirements.py:147: AssertionError</pre>
                        
                        

                        
                        
                        
                    </div>
                
                    <div class="test outcome outcome-passed">
                        <a id="5ec0583f-33d2-4116-bbe6-6a7459cf12e0"></a>
                        <table class="proplist">
                            <tr><th>Test case:</th><td><b>test_unknown_comodel_name</b></td></tr>
                            <tr><th>Outcome:</th><td>Passed</td></tr>
                            <tr><th>Duration:</th><td>0.001 sec</td></tr>
                        
                        
                        </table>

                        
                        

                        
                        
                        
                    </div>
                
                </div>
            </div>
            
            <div class="testclass">
                <h4>test_minimal_requirements.TestRNF3</h4>
                <div class="testcases">
                
                    <div class="test outcome outcome-failed">
                        <a id="cc1245b6-eb26-4bfd-ad5f-da9183a31c32"></a>
                        <table class="proplist">
                            <tr><th>Test case:</th><td><b>test_modelos_tienen_vista[tree]</b></td></tr>
                            <tr><th>Outcome:</th><td>Failed</td></tr>
                            <tr><th>Duration:</th><td>0.001 sec</td></tr>
                        
                            <tr><th>Failed</th><td>assert []
 +  where [] = &lt;test_minimal_requirements.SystemUnderTest object at 0x7fc334119f10&gt;.app_models</td></tr>
                        
                        
                        </table>

                        
                        <pre>self = &lt;test_minimal_requirements.TestRNF3 object at 0x7fc3341443a0&gt;
sut = &lt;test_minimal_requirements.SystemUnderTest object at 0x7fc334119f10&gt;, view_type = &#39;tree&#39;

    @pytest.mark.parametrize(&#34;view_type&#34;, [&#39;tree&#39;, &#39;form&#39;])
    def test_modelos_tienen_vista(self, sut, view_type):
&gt;       assert len(sut.basename_app_models) == sut.modelos_tienen_vista(view_type) , f&#34;No coinciden el número de modelos de datos de la aplicación con el número de vistas {view_type} - {self.__doc__}&#34;

test_minimal_requirements.py:286: 
_ _ _ _ _ _ _ _ _ _ _ _ _ _ _ _ _ _ _ _ _ _ _ _ _ _ _ _ _ _ _ _ _ _ _ _ _ _ _ _ _ _ _ _ _ _ _ _ _ _ _ _ _

self = &lt;test_minimal_requirements.SystemUnderTest object at 0x7fc334119f10&gt;, type = &#39;tree&#39;

    def modelos_tienen_vista(self, type):
        r = 0
&gt;       assert self.app_models
E       assert []
E        +  where [] = &lt;test_minimal_requirements.SystemUnderTest object at 0x7fc334119f10&gt;.app_models

test_minimal_requirements.py:157: AssertionError</pre>
                        
                        

                        
                        
                        
                    </div>
                
                    <div class="test outcome outcome-failed">
                        <a id="8d09f155-86fe-4b9b-a653-55bc42d3205b"></a>
                        <table class="proplist">
                            <tr><th>Test case:</th><td><b>test_modelos_tienen_vista[form]</b></td></tr>
                            <tr><th>Outcome:</th><td>Failed</td></tr>
                            <tr><th>Duration:</th><td>0.001 sec</td></tr>
                        
                            <tr><th>Failed</th><td>assert []
 +  where [] = &lt;test_minimal_requirements.SystemUnderTest object at 0x7fc334119f10&gt;.app_models</td></tr>
                        
                        
                        </table>

                        
                        <pre>self = &lt;test_minimal_requirements.TestRNF3 object at 0x7fc3341445b0&gt;
sut = &lt;test_minimal_requirements.SystemUnderTest object at 0x7fc334119f10&gt;, view_type = &#39;form&#39;

    @pytest.mark.parametrize(&#34;view_type&#34;, [&#39;tree&#39;, &#39;form&#39;])
    def test_modelos_tienen_vista(self, sut, view_type):
&gt;       assert len(sut.basename_app_models) == sut.modelos_tienen_vista(view_type) , f&#34;No coinciden el número de modelos de datos de la aplicación con el número de vistas {view_type} - {self.__doc__}&#34;

test_minimal_requirements.py:286: 
_ _ _ _ _ _ _ _ _ _ _ _ _ _ _ _ _ _ _ _ _ _ _ _ _ _ _ _ _ _ _ _ _ _ _ _ _ _ _ _ _ _ _ _ _ _ _ _ _ _ _ _ _

self = &lt;test_minimal_requirements.SystemUnderTest object at 0x7fc334119f10&gt;, type = &#39;form&#39;

    def modelos_tienen_vista(self, type):
        r = 0
&gt;       assert self.app_models
E       assert []
E        +  where [] = &lt;test_minimal_requirements.SystemUnderTest object at 0x7fc334119f10&gt;.app_models

test_minimal_requirements.py:157: AssertionError</pre>
                        
                        

                        
                        
                        
                    </div>
                
                    <div class="test outcome outcome-failed">
                        <a id="7b2ee5e8-3a2a-4e65-8859-535135ec1330"></a>
                        <table class="proplist">
                            <tr><th>Test case:</th><td><b>test_formularios_tienen_vista_anidada_para_campos_X2many[one2many]</b></td></tr>
                            <tr><th>Outcome:</th><td>Failed</td></tr>
                            <tr><th>Duration:</th><td>0.001 sec</td></tr>
                        
                            <tr><th>Failed</th><td>AssertionError: No hay modelos de datos
assert []
 +  where [] = &lt;test_minimal_requirements.SystemUnderTest object at 0x7fc334119f10&gt;.app_models</td></tr>
                        
                        
                        </table>

                        
                        <pre>self = &lt;test_minimal_requirements.TestRNF3 object at 0x7fc3341449d0&gt;
sut = &lt;test_minimal_requirements.SystemUnderTest object at 0x7fc334119f10&gt;, relationship = &#39;one2many&#39;

    @pytest.mark.parametrize(&#34;relationship&#34;, [&#39;one2many&#39;, &#39;many2many&#39;])
    def test_formularios_tienen_vista_anidada_para_campos_X2many(self, sut, relationship):
        # @see https://www.cybrosys.com/blog/many2many-fields-and-its-widgets-odoo
        alternative_widgets = (&#39;many2many_default&#39;,
                                &#39;many2many_tags&#39;,
                                &#39;many2many_checkboxes&#39;,
                                &#39;many2many_kanban&#39;,
                                &#39;many2many_binary&#39;,
                                &#39;x2many_counter&#39;)
&gt;       fields = sut.modelos_tienen_campos(relationship)

test_minimal_requirements.py:297: 
_ _ _ _ _ _ _ _ _ _ _ _ _ _ _ _ _ _ _ _ _ _ _ _ _ _ _ _ _ _ _ _ _ _ _ _ _ _ _ _ _ _ _ _ _ _ _ _ _ _ _ _ _

self = &lt;test_minimal_requirements.SystemUnderTest object at 0x7fc334119f10&gt;, type = &#39;one2many&#39;

    def modelos_tienen_campos(self, type):
        r = []
&gt;       assert self.app_models, &#34;No hay modelos de datos&#34;
E       AssertionError: No hay modelos de datos
E       assert []
E        +  where [] = &lt;test_minimal_requirements.SystemUnderTest object at 0x7fc334119f10&gt;.app_models

test_minimal_requirements.py:147: AssertionError</pre>
                        
                        

                        
                        
                        
                    </div>
                
                    <div class="test outcome outcome-failed">
                        <a id="ebf2020f-bf62-4c74-9dd0-4ab7cc7d9e83"></a>
                        <table class="proplist">
                            <tr><th>Test case:</th><td><b>test_formularios_tienen_vista_anidada_para_campos_X2many[many2many]</b></td></tr>
                            <tr><th>Outcome:</th><td>Failed</td></tr>
                            <tr><th>Duration:</th><td>0.001 sec</td></tr>
                        
                            <tr><th>Failed</th><td>AssertionError: No hay modelos de datos
assert []
 +  where [] = &lt;test_minimal_requirements.SystemUnderTest object at 0x7fc334119f10&gt;.app_models</td></tr>
                        
                        
                        </table>

                        
                        <pre>self = &lt;test_minimal_requirements.TestRNF3 object at 0x7fc334144bb0&gt;
sut = &lt;test_minimal_requirements.SystemUnderTest object at 0x7fc334119f10&gt;, relationship = &#39;many2many&#39;

    @pytest.mark.parametrize(&#34;relationship&#34;, [&#39;one2many&#39;, &#39;many2many&#39;])
    def test_formularios_tienen_vista_anidada_para_campos_X2many(self, sut, relationship):
        # @see https://www.cybrosys.com/blog/many2many-fields-and-its-widgets-odoo
        alternative_widgets = (&#39;many2many_default&#39;,
                                &#39;many2many_tags&#39;,
                                &#39;many2many_checkboxes&#39;,
                                &#39;many2many_kanban&#39;,
                                &#39;many2many_binary&#39;,
                                &#39;x2many_counter&#39;)
&gt;       fields = sut.modelos_tienen_campos(relationship)

test_minimal_requirements.py:297: 
_ _ _ _ _ _ _ _ _ _ _ _ _ _ _ _ _ _ _ _ _ _ _ _ _ _ _ _ _ _ _ _ _ _ _ _ _ _ _ _ _ _ _ _ _ _ _ _ _ _ _ _ _

self = &lt;test_minimal_requirements.SystemUnderTest object at 0x7fc334119f10&gt;, type = &#39;many2many&#39;

    def modelos_tienen_campos(self, type):
        r = []
&gt;       assert self.app_models, &#34;No hay modelos de datos&#34;
E       AssertionError: No hay modelos de datos
E       assert []
E        +  where [] = &lt;test_minimal_requirements.SystemUnderTest object at 0x7fc334119f10&gt;.app_models

test_minimal_requirements.py:147: AssertionError</pre>
                        
                        

                        
                        
                        
                    </div>
                
                </div>
            </div>
            
            <div class="testclass">
                <h4>test_minimal_requirements.TestRNF4</h4>
                <div class="testcases">
                
                    <div class="test outcome outcome-passed">
                        <a id="2f053fb4-b766-49f8-8b96-f8a60c20f475"></a>
                        <table class="proplist">
                            <tr><th>Test case:</th><td><b>test_vistas_en_ficheros_individuales</b></td></tr>
                            <tr><th>Outcome:</th><td>Passed</td></tr>
                            <tr><th>Duration:</th><td>0.001 sec</td></tr>
                        
                        
                        </table>

                        
                        

                        
                        
                        
                    </div>
                
                </div>
            </div>
            
            <div class="testclass">
                <h4>test_minimal_requirements.TestRNF5</h4>
                <div class="testcases">
                
                    <div class="test outcome outcome-failed">
                        <a id="f372903a-dc9b-4de2-871a-68f774a46be7"></a>
                        <table class="proplist">
                            <tr><th>Test case:</th><td><b>test_modelos_tienen_algun_posible_campo_imagen</b></td></tr>
                            <tr><th>Outcome:</th><td>Failed</td></tr>
                            <tr><th>Duration:</th><td>0.001 sec</td></tr>
                        
                            <tr><th>Failed</th><td>AssertionError: No hay modelos de datos
assert []
 +  where [] = &lt;test_minimal_requirements.SystemUnderTest object at 0x7fc334119f10&gt;.app_models</td></tr>
                        
                        
                        </table>

                        
                        <pre>self = &lt;test_minimal_requirements.TestRNF5 object at 0x7fc33414a400&gt;
sut = &lt;test_minimal_requirements.SystemUnderTest object at 0x7fc334119f10&gt;

    def test_modelos_tienen_algun_posible_campo_imagen(self, sut):
&gt;       posibles_campos_imagenes = sut.modelos_tienen_campos(&#39;binary&#39;)

test_minimal_requirements.py:317: 
_ _ _ _ _ _ _ _ _ _ _ _ _ _ _ _ _ _ _ _ _ _ _ _ _ _ _ _ _ _ _ _ _ _ _ _ _ _ _ _ _ _ _ _ _ _ _ _ _ _ _ _ _

self = &lt;test_minimal_requirements.SystemUnderTest object at 0x7fc334119f10&gt;, type = &#39;binary&#39;

    def modelos_tienen_campos(self, type):
        r = []
&gt;       assert self.app_models, &#34;No hay modelos de datos&#34;
E       AssertionError: No hay modelos de datos
E       assert []
E        +  where [] = &lt;test_minimal_requirements.SystemUnderTest object at 0x7fc334119f10&gt;.app_models

test_minimal_requirements.py:147: AssertionError</pre>
                        
                        

                        
                        
                        
                    </div>
                
                    <div class="test outcome outcome-failed">
                        <a id="dd089e73-8f40-4bfd-9dfb-1eaef64798b9"></a>
                        <table class="proplist">
                            <tr><th>Test case:</th><td><b>test_alguna_vista_tiene_campo_imagen</b></td></tr>
                            <tr><th>Outcome:</th><td>Failed</td></tr>
                            <tr><th>Duration:</th><td>0.001 sec</td></tr>
                        
                            <tr><th>Failed</th><td>AssertionError: No hay modelos de datos
assert []
 +  where [] = &lt;test_minimal_requirements.SystemUnderTest object at 0x7fc334119f10&gt;.app_models</td></tr>
                        
                        
                        </table>

                        
                        <pre>self = &lt;test_minimal_requirements.TestRNF5 object at 0x7fc33414a820&gt;
sut = &lt;test_minimal_requirements.SystemUnderTest object at 0x7fc334119f10&gt;

    def test_alguna_vista_tiene_campo_imagen(self, sut):
&gt;       assert any(sut.hay_vista_con_campo_atributo_y_valor(&#39;form&#39;, f, &#39;widget&#39;, &#39;image&#39;) for f in sut.modelos_tienen_campos(&#39;binary&#39;)), self.__doc__

test_minimal_requirements.py:322: 
_ _ _ _ _ _ _ _ _ _ _ _ _ _ _ _ _ _ _ _ _ _ _ _ _ _ _ _ _ _ _ _ _ _ _ _ _ _ _ _ _ _ _ _ _ _ _ _ _ _ _ _ _

self = &lt;test_minimal_requirements.SystemUnderTest object at 0x7fc334119f10&gt;, type = &#39;binary&#39;

    def modelos_tienen_campos(self, type):
        r = []
&gt;       assert self.app_models, &#34;No hay modelos de datos&#34;
E       AssertionError: No hay modelos de datos
E       assert []
E        +  where [] = &lt;test_minimal_requirements.SystemUnderTest object at 0x7fc334119f10&gt;.app_models

test_minimal_requirements.py:147: AssertionError</pre>
                        
                        

                        
                        
                        
                    </div>
                
                </div>
            </div>
            
            <div class="testclass">
                <h4>test_minimal_requirements.TestRNF6</h4>
                <div class="testcases">
                
                    <div class="test outcome outcome-failed">
                        <a id="73a65907-91c4-4555-8bf8-8a0da2c9a60c"></a>
                        <table class="proplist">
                            <tr><th>Test case:</th><td><b>test_modelos_tienen_acciones</b></td></tr>
                            <tr><th>Outcome:</th><td>Failed</td></tr>
                            <tr><th>Duration:</th><td>0.001 sec</td></tr>
                        
                            <tr><th>Failed</th><td>assert []
 +  where [] = &lt;test_minimal_requirements.SystemUnderTest object at 0x7fc334119f10&gt;.basename_app_models</td></tr>
                        
                        
                        </table>

                        
                        <pre>self = &lt;test_minimal_requirements.TestRNF6 object at 0x7fc33414acd0&gt;
sut = &lt;test_minimal_requirements.SystemUnderTest object at 0x7fc334119f10&gt;

    def test_modelos_tienen_acciones(self, sut):
&gt;       assert sut.basename_app_models
E       assert []
E        +  where [] = &lt;test_minimal_requirements.SystemUnderTest object at 0x7fc334119f10&gt;.basename_app_models

test_minimal_requirements.py:329: AssertionError</pre>
                        
                        

                        
                        
                        
                    </div>
                
                    <div class="test outcome outcome-passed">
                        <a id="4fb51c6a-d196-4d9d-8a8c-cb5284a3784c"></a>
                        <table class="proplist">
                            <tr><th>Test case:</th><td><b>test_hay_elementos_de_menu[.//menuitem[@action]]</b></td></tr>
                            <tr><th>Outcome:</th><td>Passed</td></tr>
                            <tr><th>Duration:</th><td>0.002 sec</td></tr>
                        
                        
                        </table>

                        
                        

                        
                        
                        
                    </div>
                
                </div>
            </div>
            
            <div class="testclass">
                <h4>test_minimal_requirements.TestRNF7</h4>
                <div class="testcases">
                
                    <div class="test outcome outcome-failed">
                        <a id="2153002a-b39b-4924-afba-285a0e40a7d9"></a>
                        <table class="proplist">
                            <tr><th>Test case:</th><td><b>test_modelos_tienen_permisos</b></td></tr>
                            <tr><th>Outcome:</th><td>Failed</td></tr>
                            <tr><th>Duration:</th><td>0.001 sec</td></tr>
                        
                            <tr><th>Failed</th><td>assert []
 +  where [] = &lt;test_minimal_requirements.SystemUnderTest object at 0x7fc334119f10&gt;.app_models</td></tr>
                        
                        
                        </table>

                        
                        <pre>self = &lt;test_minimal_requirements.TestRNF7 object at 0x7fc33414e6a0&gt;
sut = &lt;test_minimal_requirements.SystemUnderTest object at 0x7fc334119f10&gt;

    def test_modelos_tienen_permisos(self, sut):
&gt;       assert sut.app_models
E       assert []
E        +  where [] = &lt;test_minimal_requirements.SystemUnderTest object at 0x7fc334119f10&gt;.app_models

test_minimal_requirements.py:350: AssertionError</pre>
                        
                        

                        
                        
                        
                    </div>
                
                </div>
            </div>
            
            <div class="testclass">
                <h4>test_minimal_requirements.TestRNF8</h4>
                <div class="testcases">
                
                    <div class="test outcome outcome-passed">
                        <a id="f77c1c78-a536-4f3d-bddb-7ce97f3ea62a"></a>
                        <table class="proplist">
                            <tr><th>Test case:</th><td><b>test_app_tiene_icono</b></td></tr>
                            <tr><th>Outcome:</th><td>Passed</td></tr>
                            <tr><th>Duration:</th><td>0.014 sec</td></tr>
                        
                        
                        </table>

                        
                        

                        
                        
                        
                    </div>
                
                </div>
            </div>
            
            <div class="testclass">
                <h4>test_minimal_requirements.TestRNF9</h4>
                <div class="testcases">
                
                    <div class="test outcome outcome-failed">
                        <a id="0e9d9af9-bbd5-4b56-a458-f70adaef00a7"></a>
                        <table class="proplist">
                            <tr><th>Test case:</th><td><b>test_modelos_tienen_datos_demo</b></td></tr>
                            <tr><th>Outcome:</th><td>Failed</td></tr>
                            <tr><th>Duration:</th><td>0.001 sec</td></tr>
                        
                            <tr><th>Failed</th><td>AssertionError: No hay modelos de datos
assert []
 +  where [] = &lt;test_minimal_requirements.SystemUnderTest object at 0x7fc334119f10&gt;.app_models</td></tr>
                        
                        
                        </table>

                        
                        <pre>self = &lt;test_minimal_requirements.TestRNF9 object at 0x7fc33414efd0&gt;
sut = &lt;test_minimal_requirements.SystemUnderTest object at 0x7fc334119f10&gt;

    def test_modelos_tienen_datos_demo(self, sut):
        total_demo_records = 0
        demo_records_en_todos = sut.app_models != []
&gt;       assert sut.app_models, &#34;No hay modelos de datos&#34;
E       AssertionError: No hay modelos de datos
E       assert []
E        +  where [] = &lt;test_minimal_requirements.SystemUnderTest object at 0x7fc334119f10&gt;.app_models

test_minimal_requirements.py:377: AssertionError</pre>
                        
                        

                        
                        
                        
                    </div>
                
                </div>
            </div>
            
            <div class="testclass">
                <h4>test_minimal_requirements.TestRNFGit</h4>
                <div class="testcases">
                
                    <div class="test outcome outcome-passed">
                        <a id="33c8f80f-d35e-4709-b933-4780f1b12954"></a>
                        <table class="proplist">
                            <tr><th>Test case:</th><td><b>test_git_commit_frecuentes</b></td></tr>
                            <tr><th>Outcome:</th><td>Passed</td></tr>
                            <tr><th>Duration:</th><td>0.001 sec</td></tr>
                        
                        
                        </table>

                        
                        

                        
                        
                        
                    </div>
                
                </div>
            </div>
            
            <div class="testclass">
                <h4>test_minimal_requirements.TestRNFCalidad</h4>
                <div class="testcases">
                
                    <div class="test outcome outcome-passed">
                        <a id="9f2c0efc-33a9-48a3-a8ef-7e51ae6ac362"></a>
                        <table class="proplist">
                            <tr><th>Test case:</th><td><b>test_odoo_disponible</b></td></tr>
                            <tr><th>Outcome:</th><td>Passed</td></tr>
                            <tr><th>Duration:</th><td>0.009 sec</td></tr>
                        
                        
                        </table>

                        
                        

                        
                        
                        
                    </div>
                
                    <div class="test outcome outcome-failed">
                        <a id="8d4114b6-8a61-445b-a39e-58b620d9c6a9"></a>
                        <table class="proplist">
                            <tr><th>Test case:</th><td><b>test_app_instalada</b></td></tr>
                            <tr><th>Outcome:</th><td>Failed</td></tr>
                            <tr><th>Duration:</th><td>0.013 sec</td></tr>
                        
                            <tr><th>Failed</th><td>AssertionError: La aplicación no ha quedado instalada con éxito - El módulo tiene que ser instalable a partir del código entregado sin necesidad de hacer ningún cambio o modificación.
assert &#39;uninstalled&#39; == &#39;installed&#39;
  
  - installed
  + uninstalled
  ? ++</td></tr>
                        
                        
                        </table>

                        
                        <pre>self = &lt;test_minimal_requirements.TestRNFCalidad object at 0x7fc33414a100&gt;
sut = &lt;test_minimal_requirements.SystemUnderTest object at 0x7fc334119f10&gt;

    def test_app_instalada(self, sut):
        ids = sut.execute_kw(&#39;ir.module.module&#39;, &#39;search&#39;, [[(&#39;name&#39;, &#39;=&#39;, sut.app_prefix)]])
        assert len(ids) == 1, &#34;No se ha encontrado la aplicación&#34;
        app = sut.execute_kw(&#39;ir.module.module&#39;, &#39;read&#39;, [ids], {&#39;fields&#39;: [&#39;name&#39;, &#39;icon_image&#39;, &#39;state&#39;]}).pop()
&gt;       assert app.get(&#34;state&#34;) == &#39;installed&#39;, &#34;La aplicación no ha quedado instalada con éxito - El módulo tiene que ser instalable a partir del código entregado sin necesidad de hacer ningún cambio o modificación.&#34;
E       AssertionError: La aplicación no ha quedado instalada con éxito - El módulo tiene que ser instalable a partir del código entregado sin necesidad de hacer ningún cambio o modificación.
E       assert &#39;uninstalled&#39; == &#39;installed&#39;
E         
E         - installed
E         + uninstalled
E         ? ++

test_minimal_requirements.py:415: AssertionError</pre>
                        
                        

                        
                        
                        
                    </div>
                
                    <div class="test outcome outcome-failed">
                        <a id="5fe52850-2224-4f6c-8b76-7731dd724260"></a>
                        <table class="proplist">
                            <tr><th>Test case:</th><td><b>test_otras_apps_entregadas_son_dependencias</b></td></tr>
                            <tr><th>Outcome:</th><td>Failed</td></tr>
                            <tr><th>Duration:</th><td>0.017 sec</td></tr>
                        
                            <tr><th>Failed</th><td>AssertionError: Parece que tu aplicación no depende de stmg_jamboree, al instalar la tuya esta no ha quedado instalada automáticamente - Tu código debe estar bien probado, documentado, sin código comentado, sin ficheros innecesarios y con un *manifest* cuidado.
assert &#39;uninstalled&#39; == &#39;installed&#39;
  
  - installed
  + uninstalled
  ? ++</td></tr>
                        
                        
                        </table>

                        
                        <pre>self = &lt;test_minimal_requirements.TestRNFCalidad object at 0x7fc334151a90&gt;
sut = &lt;test_minimal_requirements.SystemUnderTest object at 0x7fc334119f10&gt;

    def test_otras_apps_entregadas_son_dependencias(self, sut):
        for third_party_app in buscar_dependencias_de_terceros_entregadas(sut):
            ids = sut.execute_kw(&#39;ir.module.module&#39;, &#39;search&#39;, [[(&#39;name&#39;, &#39;=&#39;, third_party_app)]])
            assert len(ids) == 1, f&#34;No se ha encontrado la aplicación {third_party_app}, ¿hay dependencia de esta aplicación?&#34;
            app = sut.execute_kw(&#39;ir.module.module&#39;, &#39;read&#39;, [ids], {&#39;fields&#39;: [&#39;name&#39;, &#39;icon_image&#39;, &#39;state&#39;]}).pop()
&gt;           assert app.get(&#34;state&#34;) == &#39;installed&#39;, f&#34;Parece que tu aplicación no depende de {third_party_app}, al instalar la tuya esta no ha quedado instalada automáticamente - Tu código debe estar bien probado, documentado, sin código comentado, sin ficheros innecesarios y con un *manifest* cuidado.&#34;
E           AssertionError: Parece que tu aplicación no depende de stmg_jamboree, al instalar la tuya esta no ha quedado instalada automáticamente - Tu código debe estar bien probado, documentado, sin código comentado, sin ficheros innecesarios y con un *manifest* cuidado.
E           assert &#39;uninstalled&#39; == &#39;installed&#39;
E             
E             - installed
E             + uninstalled
E             ? ++

test_minimal_requirements.py:422: AssertionError</pre>
                        
                        

                        
                        
                        
                    </div>
                
                    <div class="test outcome outcome-passed">
                        <a id="10a561d6-b802-4ef0-9e8f-12dc6c75e7e4"></a>
                        <table class="proplist">
                            <tr><th>Test case:</th><td><b>test_no_hay_elementos_xml_comentados</b></td></tr>
                            <tr><th>Outcome:</th><td>Passed</td></tr>
                            <tr><th>Duration:</th><td>0.002 sec</td></tr>
                        
                        
                        </table>

                        
                        

                        
                        
                        
                    </div>
                
                    <div class="test outcome outcome-passed">
                        <a id="0b3226b2-a262-40e3-9f4c-62569ffd1df3"></a>
                        <table class="proplist">
                            <tr><th>Test case:</th><td><b>test_no_hay_codigo_python_comentado</b></td></tr>
                            <tr><th>Outcome:</th><td>Passed</td></tr>
                            <tr><th>Duration:</th><td>0.293 sec</td></tr>
                        
                        
                        </table>

                        
                        

                        
                        
                        
                    </div>
                
                    <div class="test outcome outcome-passed">
                        <a id="6da4c3b7-21b4-4d98-925e-3ad1cf5faa6e"></a>
                        <table class="proplist">
                            <tr><th>Test case:</th><td><b>test_log_servidor_sin_errores</b></td></tr>
                            <tr><th>Outcome:</th><td>Passed</td></tr>
                            <tr><th>Duration:</th><td>0.001 sec</td></tr>
                        
                        
                        </table>

                        
                        

                        
                        
                        
                    </div>
                
                </div>
            </div>
            
            <div class="testclass">
                <h4>test_minimal_requirements.TestOtros</h4>
                <div class="testcases">
                
                    <div class="test outcome outcome-passed">
                        <a id="a00f5ca1-4643-4e53-b0de-7f705056a230"></a>
                        <table class="proplist">
                            <tr><th>Test case:</th><td><b>test_log_sin_warnings</b></td></tr>
                            <tr><th>Outcome:</th><td>Passed</td></tr>
                            <tr><th>Duration:</th><td>0.001 sec</td></tr>
                        
                        
                        </table>

                        
                        

                        
                        
                        
                    </div>
                
                </div>
            </div>
            
            <div class="testclass">
                <h4>test_minimal_requirements.TestRNFAdicionalesKanban</h4>
                <div class="testcases">
                
                    <div class="test outcome outcome-skipped">
                        <a id="689ce739-474f-4839-ad89-2558e75902b3"></a>
                        <table class="proplist">
                            <tr><th>Test case:</th><td><b>test_vista_kanban[/kanban]</b></td></tr>
                            <tr><th>Outcome:</th><td>Skipped</td></tr>
                            <tr><th>Duration:</th><td>0.001 sec</td></tr>
                        
                        
                            <tr><th>Skipped</th><td></td></tr>
                        
                        </table>

                        
                        
                        <pre>skipped</pre>
                        

                        
                        
                        
                    </div>
                
                    <div class="test outcome outcome-skipped">
                        <a id="242cfc19-2d19-44fa-bc03-bbd3587110ae"></a>
                        <table class="proplist">
                            <tr><th>Test case:</th><td><b>test_vista_kanban[/kanban[@default_group_by]]</b></td></tr>
                            <tr><th>Outcome:</th><td>Skipped</td></tr>
                            <tr><th>Duration:</th><td>0.001 sec</td></tr>
                        
                        
                            <tr><th>Skipped</th><td></td></tr>
                        
                        </table>

                        
                        
                        <pre>skipped</pre>
                        

                        
                        
                        
                    </div>
                
                    <div class="test outcome outcome-skipped">
                        <a id="4060a18e-d14d-44ce-a3b6-e9555bd1a513"></a>
                        <table class="proplist">
                            <tr><th>Test case:</th><td><b>test_vista_kanban_imagen[/img]</b></td></tr>
                            <tr><th>Outcome:</th><td>Skipped</td></tr>
                            <tr><th>Duration:</th><td>0.001 sec</td></tr>
                        
                        
                            <tr><th>Skipped</th><td></td></tr>
                        
                        </table>

                        
                        
                        <pre>skipped</pre>
                        

                        
                        
                        
                    </div>
                
                    <div class="test outcome outcome-skipped">
                        <a id="aa0dd2d9-aa6e-4d93-93f6-31f8d39549a6"></a>
                        <table class="proplist">
                            <tr><th>Test case:</th><td><b>test_vista_kanban_imagen[/field[@preview_image]]</b></td></tr>
                            <tr><th>Outcome:</th><td>Skipped</td></tr>
                            <tr><th>Duration:</th><td>0.001 sec</td></tr>
                        
                        
                            <tr><th>Skipped</th><td></td></tr>
                        
                        </table>

                        
                        
                        <pre>skipped</pre>
                        

                        
                        
                        
                    </div>
                
                    <div class="test outcome outcome-skipped">
                        <a id="257f1048-277a-4924-bc81-ec6125f61e7f"></a>
                        <table class="proplist">
                            <tr><th>Test case:</th><td><b>test_vista_kanban_imagen[/field[@widget=&#34;image&#34;]]</b></td></tr>
                            <tr><th>Outcome:</th><td>Skipped</td></tr>
                            <tr><th>Duration:</th><td>0.001 sec</td></tr>
                        
                        
                            <tr><th>Skipped</th><td></td></tr>
                        
                        </table>

                        
                        
                        <pre>skipped</pre>
                        

                        
                        
                        
                    </div>
                
                </div>
            </div>
            
            <div class="testclass">
                <h4>test_minimal_requirements.TestRNFAdicionalesBusqueda</h4>
                <div class="testcases">
                
                    <div class="test outcome outcome-skipped">
                        <a id="a20e2b6e-47e8-430a-aae5-42686c21a220"></a>
                        <table class="proplist">
                            <tr><th>Test case:</th><td><b>test_vista_search</b></td></tr>
                            <tr><th>Outcome:</th><td>Skipped</td></tr>
                            <tr><th>Duration:</th><td>0.001 sec</td></tr>
                        
                        
                            <tr><th>Skipped</th><td></td></tr>
                        
                        </table>

                        
                        
                        <pre>skipped</pre>
                        

                        
                        
                        
                    </div>
                
                    <div class="test outcome outcome-passed">
                        <a id="b2d2060d-a59f-4644-b9df-670f4658f9b7"></a>
                        <table class="proplist">
                            <tr><th>Test case:</th><td><b>test_vista_search_compleja[.//filter[@domain]]</b></td></tr>
                            <tr><th>Outcome:</th><td>Passed</td></tr>
                            <tr><th>Duration:</th><td>0.002 sec</td></tr>
                        
                        
                        </table>

                        
                        

                        
                        
                        
                    </div>
                
                    <div class="test outcome outcome-passed">
                        <a id="47af94be-fa11-4b28-a215-c6e70fdeb548"></a>
                        <table class="proplist">
                            <tr><th>Test case:</th><td><b>test_vista_search_compleja[.//group//filter[@context]]</b></td></tr>
                            <tr><th>Outcome:</th><td>Passed</td></tr>
                            <tr><th>Duration:</th><td>0.002 sec</td></tr>
                        
                        
                        </table>

                        
                        

                        
                        
                        
                    </div>
                
                </div>
            </div>
            
            <div class="testclass">
                <h4>test_minimal_requirements.TestRNFAdicionalesOtrasVistas</h4>
                <div class="testcases">
                
                    <div class="test outcome outcome-skipped">
                        <a id="8cf6892d-227e-4585-baab-4f16e67d9a70"></a>
                        <table class="proplist">
                            <tr><th>Test case:</th><td><b>test_otras_vistas_adicionales[activity]</b></td></tr>
                            <tr><th>Outcome:</th><td>Skipped</td></tr>
                            <tr><th>Duration:</th><td>0.001 sec</td></tr>
                        
                        
                            <tr><th>Skipped</th><td></td></tr>
                        
                        </table>

                        
                        
                        <pre>skipped</pre>
                        

                        
                        
                        
                    </div>
                
                    <div class="test outcome outcome-skipped">
                        <a id="c25a7182-c3e9-40e2-bb8d-1350777c85be"></a>
                        <table class="proplist">
                            <tr><th>Test case:</th><td><b>test_otras_vistas_adicionales[calendar]</b></td></tr>
                            <tr><th>Outcome:</th><td>Skipped</td></tr>
                            <tr><th>Duration:</th><td>0.001 sec</td></tr>
                        
                        
                            <tr><th>Skipped</th><td></td></tr>
                        
                        </table>

                        
                        
                        <pre>skipped</pre>
                        

                        
                        
                        
                    </div>
                
                    <div class="test outcome outcome-skipped">
                        <a id="7e8f9070-d9f8-4d40-bb01-880bbca45f01"></a>
                        <table class="proplist">
                            <tr><th>Test case:</th><td><b>test_otras_vistas_adicionales[graph]</b></td></tr>
                            <tr><th>Outcome:</th><td>Skipped</td></tr>
                            <tr><th>Duration:</th><td>0.001 sec</td></tr>
                        
                        
                            <tr><th>Skipped</th><td></td></tr>
                        
                        </table>

                        
                        
                        <pre>skipped</pre>
                        

                        
                        
                        
                    </div>
                
                    <div class="test outcome outcome-skipped">
                        <a id="7c747d23-5b8b-4315-ba61-30db185c9a00"></a>
                        <table class="proplist">
                            <tr><th>Test case:</th><td><b>test_otras_vistas_adicionales[pivot]</b></td></tr>
                            <tr><th>Outcome:</th><td>Skipped</td></tr>
                            <tr><th>Duration:</th><td>0.001 sec</td></tr>
                        
                        
                            <tr><th>Skipped</th><td></td></tr>
                        
                        </table>

                        
                        
                        <pre>skipped</pre>
                        

                        
                        
                        
                    </div>
                
                </div>
            </div>
            
            <div class="testclass">
                <h4>test_minimal_requirements.TestRNFAdicionalesConstraints</h4>
                <div class="testcases">
                
                    <div class="test outcome outcome-skipped">
                        <a id="c21c1900-961e-4009-bcf5-22a23ad49abc"></a>
                        <table class="proplist">
                            <tr><th>Test case:</th><td><b>test_constraints_sql</b></td></tr>
                            <tr><th>Outcome:</th><td>Skipped</td></tr>
                            <tr><th>Duration:</th><td>0.021 sec</td></tr>
                        
                        
                            <tr><th>Skipped</th><td></td></tr>
                        
                        </table>

                        
                        
                        <pre>skipped</pre>
                        

                        
                        
                        
                    </div>
                
                </div>
            </div>
            
            <div class="testclass">
                <h4>test_minimal_requirements.TestRNFAdicionalesSeguridadAvanzada</h4>
                <div class="testcases">
                
                    <div class="test outcome outcome-skipped">
                        <a id="b9dc23ef-6790-4510-9051-e56a581a80d0"></a>
                        <table class="proplist">
                            <tr><th>Test case:</th><td><b>test_seguridad_con_grupos_propios</b></td></tr>
                            <tr><th>Outcome:</th><td>Skipped</td></tr>
                            <tr><th>Duration:</th><td>0.002 sec</td></tr>
                        
                        
                            <tr><th>Skipped</th><td></td></tr>
                        
                        </table>

                        
                        
                        <pre>skipped</pre>
                        

                        
                        
                        
                    </div>
                
                </div>
            </div>
            
            <div class="testclass">
                <h4>test_minimal_requirements.TestRNFAdicionalesDatosAvanzados</h4>
                <div class="testcases">
                
                    <div class="test outcome outcome-skipped">
                        <a id="4fde9957-5403-427d-bf29-d29b7eb784ae"></a>
                        <table class="proplist">
                            <tr><th>Test case:</th><td><b>test_datos_maestros_o_demo_avanzados[binary]</b></td></tr>
                            <tr><th>Outcome:</th><td>Skipped</td></tr>
                            <tr><th>Duration:</th><td>0.001 sec</td></tr>
                        
                        
                            <tr><th>Skipped</th><td></td></tr>
                        
                        </table>

                        
                        
                        <pre>skipped</pre>
                        

                        
                        
                        
                    </div>
                
                    <div class="test outcome outcome-skipped">
                        <a id="c1f1397f-f738-4753-b818-be87fccb12f1"></a>
                        <table class="proplist">
                            <tr><th>Test case:</th><td><b>test_datos_maestros_o_demo_avanzados[many2many]</b></td></tr>
                            <tr><th>Outcome:</th><td>Skipped</td></tr>
                            <tr><th>Duration:</th><td>0.001 sec</td></tr>
                        
                        
                            <tr><th>Skipped</th><td></td></tr>
                        
                        </table>

                        
                        
                        <pre>skipped</pre>
                        

                        
                        
                        
                    </div>
                
                    <div class="test outcome outcome-skipped">
                        <a id="e23a303f-9b82-433f-8212-bcf686d791da"></a>
                        <table class="proplist">
                            <tr><th>Test case:</th><td><b>test_datos_maestros_o_demo_avanzados[many2one]</b></td></tr>
                            <tr><th>Outcome:</th><td>Skipped</td></tr>
                            <tr><th>Duration:</th><td>0.001 sec</td></tr>
                        
                        
                            <tr><th>Skipped</th><td></td></tr>
                        
                        </table>

                        
                        
                        <pre>skipped</pre>
                        

                        
                        
                        
                    </div>
                
                </div>
            </div>
            
            <div class="testclass">
                <h4>test_minimal_requirements.TestRNFAdicionalesHerenciaVistas</h4>
                <div class="testcases">
                
                    <div class="test outcome outcome-skipped">
                        <a id="fe3cb30f-84b7-4621-a27c-79bf1ccebaad"></a>
                        <table class="proplist">
                            <tr><th>Test case:</th><td><b>test_herencia_en_vistas_con_position</b></td></tr>
                            <tr><th>Outcome:</th><td>Skipped</td></tr>
                            <tr><th>Duration:</th><td>0.001 sec</td></tr>
                        
                        
                            <tr><th>Skipped</th><td></td></tr>
                        
                        </table>

                        
                        
                        <pre>skipped</pre>
                        

                        
                        
                        
                    </div>
                
                    <div class="test outcome outcome-skipped">
                        <a id="d32723f6-bbb4-499b-9c3b-363ad0749511"></a>
                        <table class="proplist">
                            <tr><th>Test case:</th><td><b>test_herencia_en_vistas_con_inherit_id</b></td></tr>
                            <tr><th>Outcome:</th><td>Skipped</td></tr>
                            <tr><th>Duration:</th><td>0.003 sec</td></tr>
                        
                        
                            <tr><th>Skipped</th><td></td></tr>
                        
                        </table>

                        
                        
                        <pre>skipped</pre>
                        

                        
                        
                        
                    </div>
                
                </div>
            </div>
            
            <div class="testclass">
                <h4>test_minimal_requirements.TestRNFAdicionalesHerenciaModelos</h4>
                <div class="testcases">
                
                    <div class="test outcome outcome-skipped">
                        <a id="83793164-c5f3-4cf8-aa98-afa10a6432a0"></a>
                        <table class="proplist">
                            <tr><th>Test case:</th><td><b>test_modelos_existentes_modificados_por_herencia</b></td></tr>
                            <tr><th>Outcome:</th><td>Skipped</td></tr>
                            <tr><th>Duration:</th><td>0.001 sec</td></tr>
                        
                        
                            <tr><th>Skipped</th><td></td></tr>
                        
                        </table>

                        
                        
                        <pre>skipped</pre>
                        

                        
                        
                        
                    </div>
                
                    <div class="test outcome outcome-skipped">
                        <a id="eeaa7385-2068-44b0-8cda-c84fd390ff9e"></a>
                        <table class="proplist">
                            <tr><th>Test case:</th><td><b>test_nuevos_modelos_con_herencia</b></td></tr>
                            <tr><th>Outcome:</th><td>Skipped</td></tr>
                            <tr><th>Duration:</th><td>0.001 sec</td></tr>
                        
                        
                            <tr><th>Skipped</th><td></td></tr>
                        
                        </table>

                        
                        
                        <pre>skipped</pre>
                        

                        
                        
                        
                    </div>
                
                </div>
            </div>
            
            <div class="testclass">
                <h4>test_minimal_requirements.TestRNFAdicionalesTraducciones</h4>
                <div class="testcases">
                
                    <div class="test outcome outcome-skipped">
                        <a id="3bbdfba6-1bd7-4d90-a69b-9dd002ba561b"></a>
                        <table class="proplist">
                            <tr><th>Test case:</th><td><b>test_i18n</b></td></tr>
                            <tr><th>Outcome:</th><td>Skipped</td></tr>
                            <tr><th>Duration:</th><td>0.001 sec</td></tr>
                        
                        
                            <tr><th>Skipped</th><td></td></tr>
                        
                        </table>

                        
                        
                        <pre>skipped</pre>
                        

                        
                        
                        
                    </div>
                
                </div>
            </div>
            
            <div class="testclass">
                <h4>test_minimal_requirements.TestRNFAdicionalesInformes</h4>
                <div class="testcases">
                
                    <div class="test outcome outcome-skipped">
                        <a id="5d066280-26f9-4af4-bd82-4986754a74c2"></a>
                        <table class="proplist">
                            <tr><th>Test case:</th><td><b>test_informes[report]</b></td></tr>
                            <tr><th>Outcome:</th><td>Skipped</td></tr>
                            <tr><th>Duration:</th><td>0.002 sec</td></tr>
                        
                        
                            <tr><th>Skipped</th><td></td></tr>
                        
                        </table>

                        
                        
                        <pre>skipped</pre>
                        

                        
                        
                        
                    </div>
                
                    <div class="test outcome outcome-skipped">
                        <a id="c9ef4f71-6df7-4ff6-b466-21de15ba01df"></a>
                        <table class="proplist">
                            <tr><th>Test case:</th><td><b>test_informes[template]</b></td></tr>
                            <tr><th>Outcome:</th><td>Skipped</td></tr>
                            <tr><th>Duration:</th><td>0.002 sec</td></tr>
                        
                        
                            <tr><th>Skipped</th><td></td></tr>
                        
                        </table>

                        
                        
                        <pre>skipped</pre>
                        

                        
                        
                        
                    </div>
                
                </div>
            </div>
            
            <div class="testclass">
                <h4>test_minimal_requirements.TestRNFAdicionalesChatter</h4>
                <div class="testcases">
                
                    <div class="test outcome outcome-skipped">
                        <a id="c86e7d12-21e4-4c4c-a84b-1aa04167f550"></a>
                        <table class="proplist">
                            <tr><th>Test case:</th><td><b>test_chatter[mail_thread]</b></td></tr>
                            <tr><th>Outcome:</th><td>Skipped</td></tr>
                            <tr><th>Duration:</th><td>0.001 sec</td></tr>
                        
                        
                            <tr><th>Skipped</th><td></td></tr>
                        
                        </table>

                        
                        
                        <pre>skipped</pre>
                        

                        
                        
                        
                    </div>
                
                    <div class="test outcome outcome-skipped">
                        <a id="32ddd47b-facc-4807-9cb2-d4ed1ed204d7"></a>
                        <table class="proplist">
                            <tr><th>Test case:</th><td><b>test_chatter[mail_activity_mixin]</b></td></tr>
                            <tr><th>Outcome:</th><td>Skipped</td></tr>
                            <tr><th>Duration:</th><td>0.001 sec</td></tr>
                        
                        
                            <tr><th>Skipped</th><td></td></tr>
                        
                        </table>

                        
                        
                        <pre>skipped</pre>
                        

                        
                        
                        
                    </div>
                
                    <div class="test outcome outcome-skipped">
                        <a id="940c620c-c2c1-48f3-a55b-9da5bd00db20"></a>
                        <table class="proplist">
                            <tr><th>Test case:</th><td><b>test_chatter_tracking</b></td></tr>
                            <tr><th>Outcome:</th><td>Skipped</td></tr>
                            <tr><th>Duration:</th><td>0.015 sec</td></tr>
                        
                        
                            <tr><th>Skipped</th><td></td></tr>
                        
                        </table>

                        
                        
                        <pre>skipped</pre>
                        

                        
                        
                        
                    </div>
                
                    <div class="test outcome outcome-skipped">
                        <a id="8e33c61b-f1dc-4227-a9e7-2a2ee4ea0508"></a>
                        <table class="proplist">
                            <tr><th>Test case:</th><td><b>test_vista_chatter_div</b></td></tr>
                            <tr><th>Outcome:</th><td>Skipped</td></tr>
                            <tr><th>Duration:</th><td>0.001 sec</td></tr>
                        
                        
                            <tr><th>Skipped</th><td></td></tr>
                        
                        </table>

                        
                        
                        <pre>skipped</pre>
                        

                        
                        
                        
                    </div>
                
                    <div class="test outcome outcome-skipped">
                        <a id="28ff6ca5-4b24-4cf2-a962-176c4314886a"></a>
                        <table class="proplist">
                            <tr><th>Test case:</th><td><b>test_vista_chatter_fields[.//field[@name=&#34;message_follower_ids&#34;]]</b></td></tr>
                            <tr><th>Outcome:</th><td>Skipped</td></tr>
                            <tr><th>Duration:</th><td>0.002 sec</td></tr>
                        
                        
                            <tr><th>Skipped</th><td></td></tr>
                        
                        </table>

                        
                        
                        <pre>skipped</pre>
                        

                        
                        
                        
                    </div>
                
                    <div class="test outcome outcome-skipped">
                        <a id="f829b202-41a3-4fcc-8128-965b92804bf0"></a>
                        <table class="proplist">
                            <tr><th>Test case:</th><td><b>test_vista_chatter_fields[.//field[@name=&#34;activity_ids&#34;]]</b></td></tr>
                            <tr><th>Outcome:</th><td>Skipped</td></tr>
                            <tr><th>Duration:</th><td>0.002 sec</td></tr>
                        
                        
                            <tr><th>Skipped</th><td></td></tr>
                        
                        </table>

                        
                        
                        <pre>skipped</pre>
                        

                        
                        
                        
                    </div>
                
                    <div class="test outcome outcome-skipped">
                        <a id="7b43f843-8931-433f-beae-5e59bb57824c"></a>
                        <table class="proplist">
                            <tr><th>Test case:</th><td><b>test_vista_chatter_fields[.//field[@name=&#34;message_ids&#34;]]</b></td></tr>
                            <tr><th>Outcome:</th><td>Skipped</td></tr>
                            <tr><th>Duration:</th><td>0.002 sec</td></tr>
                        
                        
                            <tr><th>Skipped</th><td></td></tr>
                        
                        </table>

                        
                        
                        <pre>skipped</pre>
                        

                        
                        
                        
                    </div>
                
                    <div class="test outcome outcome-skipped">
                        <a id="f0a11b34-793a-4782-8a27-9a009756fbb1"></a>
                        <table class="proplist">
                            <tr><th>Test case:</th><td><b>test_vista_chatter_fields[.//field[@widget=&#34;mail_followers&#34;]]</b></td></tr>
                            <tr><th>Outcome:</th><td>Skipped</td></tr>
                            <tr><th>Duration:</th><td>0.002 sec</td></tr>
                        
                        
                            <tr><th>Skipped</th><td></td></tr>
                        
                        </table>

                        
                        
                        <pre>skipped</pre>
                        

                        
                        
                        
                    </div>
                
                    <div class="test outcome outcome-skipped">
                        <a id="b66eb79d-3b5b-4a1b-8348-f069c2a94258"></a>
                        <table class="proplist">
                            <tr><th>Test case:</th><td><b>test_vista_chatter_fields[.//field[@widget=&#34;mail_thread&#34;]]</b></td></tr>
                            <tr><th>Outcome:</th><td>Skipped</td></tr>
                            <tr><th>Duration:</th><td>0.003 sec</td></tr>
                        
                        
                            <tr><th>Skipped</th><td></td></tr>
                        
                        </table>

                        
                        
                        <pre>skipped</pre>
                        

                        
                        
                        
                    </div>
                
                    <div class="test outcome outcome-skipped">
                        <a id="7248d297-6cd8-4ff5-91ca-b818860e925c"></a>
                        <table class="proplist">
                            <tr><th>Test case:</th><td><b>test_vista_chatter_fields[.//field[@widget=&#34;mail_activity&#34;]]</b></td></tr>
                            <tr><th>Outcome:</th><td>Skipped</td></tr>
                            <tr><th>Duration:</th><td>3.935 sec</td></tr>
                        
                        
                            <tr><th>Skipped</th><td></td></tr>
                        
                        </table>

                        
                        
                        <pre>skipped</pre>
                        

                        
                        
                        
                    </div>
                
                </div>
            </div>
            
        </div>
    </div>
    



<p class="footer">
    Generated by junit2html
</p>
</body>
</html>