<!DOCTYPE html>
<html lang="en">
<head>
    <meta charset="UTF-8">
    <title>fjg_tiendazapas-pytest.xml</title>
    <style type="text/css">
        body {
    background-color: white;
    padding-bottom: 20em;
    margin: 0;
    min-height: 15cm;
}

h1, h2, h3, h4, h5, h6, h7 {
    font-family: sans-serif;
}

h1 {
    background-color: #007acc;
    color: white;
    padding: 3mm;
    margin-top: 0;
    margin-bottom: 1mm;
}

.footer {
    font-style: italic;
    font-size: small;
    text-align: right;
    padding: 1em;
}

.testsuite {
    padding-bottom: 2em;
    margin-left: 1em;
}

.proplist {
    width: 100%;
    margin-bottom: 2em;
    border-collapse: collapse;
    border: 1px solid grey;
}

.proplist th {
    background-color: silver;
    width: 5em;
    padding: 2px;
    padding-right: 1em;
    text-align: left;
}

.proplist td {
    padding: 2px;
}

.index-table {
    width: 90%;
    margin-left: 1em;
}

.index-table td {
    vertical-align: top;
    max-width: 200px;
    word-wrap: break-word;
}

.failure-index {

}

.toc {
    margin-bottom: 2em;
    font-family: monospace;
}

.stdio, pre {
    min-height: 1em;
    background-color: #1e1e1e;
    color: silver;
    padding: 0.5em;
}
.tdpre {
    background-color: #1e1e1e;
}

.test {
    margin-left: 0.5cm;
}

.outcome {
    border-left: 1em;
    padding: 2px;
}

.outcome-failed {
    border-left: 1em solid lightcoral;
}

.outcome-passed {
    border-left: 1em solid lightgreen;
}

.outcome-skipped {
    border-left: 1em dotted silver;
}

.stats-table {
}

.stats-table td {
    min-width: 4em;
    text-align: right;
}

.stats-table .failed {
    background-color: lightcoral;
}

.stats-table .passed {
    background-color: lightgreen;
}

.matrix-table {
    table-layout: fixed;
    border-spacing: 0;
    width: available;
    margin-left: 1em;
}

.matrix-table td {
    vertical-align: center;
}

.matrix-table td:last-child {
    width: 0;
}

.matrix-table tr:hover {
    background-color: yellow;
}

.matrix-axis-name {
    white-space: nowrap;
    padding-right: 0.5em;
    border-left: 1px solid black;
    border-top: 1px solid black;
    text-align: right;
}

.matrix-axis-line {
    border-left: 1px solid black;
    width: 0.5em;
}

.matrix-classname {
    text-align: left;
    width: 100%;
    border-top: 2px solid grey;
    border-bottom: 1px solid silver;
}

.matrix-casename {
    text-align: left;
    font-weight: normal;
    font-style: italic;
    padding-left: 1em;
    border-bottom: 1px solid silver;
}

.matrix-result {
    display: block;
    width: 1em;
    text-align: center;
    padding: 1mm;
    margin: 0;
}

.matrix-result-combined {
    white-space: nowrap;
    padding-right: 0.2em;
    text-align: right;
}

.matrix-result-failed {
    background-color: lightcoral;
}

.matrix-result-passed {
    background-color: lightgreen;
}

.matrix-result-skipped {
    background-color: lightyellow;
}

.matrix-even {
    background-color: lightgray;
}
    </style>
</head>
<body>
    
<h1>
    Test Report : fjg_tiendazapas-pytest.xml
</h1>
<a id="toc"></a>
<table class="index-table">
    <tr>
        <td>
            <ul class="toc">
            
                
                <li>test_minimal_requirements.TestRNF1
                <ul>
                    
                    <li><a href="#3f44064f-b916-43df-a8a9-651d8ad60c48">test_app_tiene_al_menos_4_modelos</a></li>
                    
                    <li><a href="#ff44a39f-7e25-474a-8918-571bf1d0238f">test_modelos_en_ficheros_individuales</a></li>
                    
                </ul>
                </li>
                
                <li>test_minimal_requirements.TestRNF2
                <ul>
                    
                    <li><a href="#12552da3-42cc-42f0-9e65-12dd97c40911">test_relacion_many2many</a></li>
                    
                    <li><a href="#3e1c1bc1-5c19-4bd4-b3d1-99012ea2cecd">test_modelos_tienen_algun_campo_relacion[one2many]</a></li>
                    
                    <li><a href="#aa535d5a-0c64-406c-9bf8-3cacb3d8397e">test_modelos_tienen_algun_campo_relacion[many2one]</a></li>
                    
                    <li><a href="#36a2cc0c-e632-4e86-829c-13ddb5ce88c0">test_unknown_comodel_name</a></li>
                    
                </ul>
                </li>
                
                <li>test_minimal_requirements.TestRNF3
                <ul>
                    
                    <li><a href="#b576513f-d563-4d6f-aeb4-3b88781b0e79">test_modelos_tienen_vista[tree]</a></li>
                    
                    <li><a href="#01f20e90-7df3-40ea-9120-2c341dea4a56">test_modelos_tienen_vista[form]</a></li>
                    
                    <li><a href="#14f9c66b-cff8-41ad-911e-4a31a46ccc0d">test_formularios_tienen_vista_anidada_para_campos_X2many[one2many]</a></li>
                    
                    <li><a href="#c6a37542-c443-49da-875e-09005bd068c0">test_formularios_tienen_vista_anidada_para_campos_X2many[many2many]</a></li>
                    
                </ul>
                </li>
                
                <li>test_minimal_requirements.TestRNF4
                <ul>
                    
                    <li><a href="#9e7752ef-2a1c-4c71-a044-05e23d44f8b9">test_vistas_en_ficheros_individuales</a></li>
                    
                </ul>
                </li>
                
                <li>test_minimal_requirements.TestRNF5
                <ul>
                    
                    <li><a href="#c6cb8021-ee88-4aaf-930b-32005c389714">test_modelos_tienen_algun_posible_campo_imagen</a></li>
                    
                    <li><a href="#9ad70cee-7a35-484d-b745-2bda03064b0e">test_alguna_vista_tiene_campo_imagen</a></li>
                    
                </ul>
                </li>
                
                <li>test_minimal_requirements.TestRNF6
                <ul>
                    
                    <li><a href="#750276a9-0a45-46db-81d9-f47b0a699a03">test_modelos_tienen_acciones</a></li>
                    
                    <li><a href="#29c2f41f-2234-4329-a6c7-79b48c0b9be5">test_hay_elementos_de_menu[.//menuitem[@action]]</a></li>
                    
                </ul>
                </li>
                
                <li>test_minimal_requirements.TestRNF7
                <ul>
                    
                    <li><a href="#6041f9ea-10aa-488b-95ee-c836968a1679">test_modelos_tienen_permisos</a></li>
                    
                </ul>
                </li>
                
                <li>test_minimal_requirements.TestRNF8
                <ul>
                    
                    <li><a href="#cc60f503-098c-4ef8-8197-c3b59bd5f2d6">test_app_tiene_icono</a></li>
                    
                </ul>
                </li>
                
                <li>test_minimal_requirements.TestRNF9
                <ul>
                    
                    <li><a href="#9e0edc84-b497-4836-bd9e-1797242babe2">test_modelos_tienen_datos_demo</a></li>
                    
                </ul>
                </li>
                
                <li>test_minimal_requirements.TestRNFGit
                <ul>
                    
                    <li><a href="#aabc52d1-a5fc-403d-b050-2996cdc437d6">test_git_commit_frecuentes</a></li>
                    
                </ul>
                </li>
                
                <li>test_minimal_requirements.TestRNFCalidad
                <ul>
                    
                    <li><a href="#39effe54-8f9a-4ab7-bb04-587c914e24f6">test_odoo_disponible</a></li>
                    
                    <li><a href="#18846811-01d1-4c9d-8d0e-a1c52e061bb6">test_app_instalada</a></li>
                    
                    <li><a href="#da0f1750-c95e-45f6-aa04-30b3a12dc6d5">test_solo_una_app_entregada</a></li>
                    
                    <li><a href="#277ee838-fe48-4ece-a56b-d37c2ae5cd74">test_no_hay_elementos_xml_comentados</a></li>
                    
                    <li><a href="#fe01431f-e705-42e2-bdda-b588bcac3535">test_no_hay_codigo_python_comentado</a></li>
                    
                    <li><a href="#839cda2d-d909-4035-90ed-3a7468c4270e">test_log_servidor_sin_errores</a></li>
                    
                </ul>
                </li>
                
                <li>test_minimal_requirements.TestRNFAdicionales
                <ul>
                    
                    <li><a href="#63c0a0b8-7219-4119-86e5-375e47e4539f">test_vista_kanban[/kanban]</a>[s]</li>
                    
                    <li><a href="#9f07d221-4338-41fb-aefb-70ec88588f2a">test_vista_kanban[/kanban[@default_group_by]]</a>[s]</li>
                    
                    <li><a href="#453ca34e-f275-4228-957e-09a8b0a236ff">test_vista_search[/search]</a>[s]</li>
                    
                    <li><a href="#0365224a-1f0a-4bdc-8085-b489c4714613">test_vista_search[/search//filter[@domain]]</a>[s]</li>
                    
                    <li><a href="#6029ac76-e989-45c4-a94a-90d93a8ef611">test_vista_search[/search//group//filter[@context]]</a>[s]</li>
                    
                    <li><a href="#0cd7b959-64e4-4041-a604-46fc3238e31d">test_otras_vistas_adicionales[activity]</a>[s]</li>
                    
                    <li><a href="#170ddc93-2322-43a0-bfbd-581b56284fb7">test_otras_vistas_adicionales[calendar]</a>[s]</li>
                    
                    <li><a href="#4b0518ca-444c-43d3-ad13-53db3cb69a7a">test_otras_vistas_adicionales[graph]</a>[s]</li>
                    
                    <li><a href="#c28fc412-4b5a-451c-809e-654057710646">test_otras_vistas_adicionales[pivot]</a>[s]</li>
                    
                    <li><a href="#86ba1529-7f12-4c1d-a305-c7329aee1cbd">test_seguridad_con_grupos_propios</a>[s]</li>
                    
                    <li><a href="#5d3e1fe3-7082-4ed3-80ab-73474e2cd08c">test_herencia_en_vistas_con_position</a>[s]</li>
                    
                    <li><a href="#eefce926-909d-41fe-8e45-5d55824cc934">test_herencia_en_vistas_con_inherit_id</a>[s]</li>
                    
                    <li><a href="#66a1dc71-45f4-4cbb-b0e6-9f8451083db4">test_herencia_en_modelos</a>[s]</li>
                    
                    <li><a href="#ce21befa-e5b2-4c1d-b117-26e7f812ab7f">test_datos_maestros_o_demo_avanzados[binary]</a></li>
                    
                    <li><a href="#0311b35b-e257-4ef4-b8e0-7c440d8c44b2">test_datos_maestros_o_demo_avanzados[many2many]</a>[s]</li>
                    
                    <li><a href="#68276731-75b9-41ce-b7f1-9f6c4ae7fd02">test_datos_maestros_o_demo_avanzados[many2one]</a></li>
                    
                    <li><a href="#436cec5a-e5e0-4544-9c8d-78aba3148135">test_i18n</a>[s]</li>
                    
                    <li><a href="#a9f35601-8d2f-4efe-b16e-0357a149cb19">test_informes[report]</a>[s]</li>
                    
                    <li><a href="#cca5fe4e-3bf5-4536-b241-e4817df55ce3">test_informes[template]</a>[s]</li>
                    
                </ul>
                </li>
                
                <li>test_minimal_requirements.TestOtros
                <ul>
                    
                    <li><a href="#1bdaee8b-52e5-4a78-97ce-e18836f2c215">test_log_sin_warnings</a></li>
                    
                </ul>
                </li>
                
            
            </ul>
        </td>
        <td class="failure-index">
            <ul class="toc">
            
                
                    
                    
                    <li><a href="#3f44064f-b916-43df-a8a9-651d8ad60c48">[F] test_minimal_requirements.TestRNF1 : test_app_tiene_al_menos_4_modelos</a></li>
                    
                    
                    
                    
                
                    
                    
                    <li><a href="#12552da3-42cc-42f0-9e65-12dd97c40911">[F] test_minimal_requirements.TestRNF2 : test_relacion_many2many</a></li>
                    
                    
                    
                    
                    
                    
                    
                    
                
                    
                    
                    <li><a href="#b576513f-d563-4d6f-aeb4-3b88781b0e79">[F] test_minimal_requirements.TestRNF3 : test_modelos_tienen_vista[tree]</a></li>
                    
                    
                    
                    <li><a href="#01f20e90-7df3-40ea-9120-2c341dea4a56">[F] test_minimal_requirements.TestRNF3 : test_modelos_tienen_vista[form]</a></li>
                    
                    
                    
                    <li><a href="#14f9c66b-cff8-41ad-911e-4a31a46ccc0d">[F] test_minimal_requirements.TestRNF3 : test_formularios_tienen_vista_anidada_para_campos_X2many[one2many]</a></li>
                    
                    
                    
                    
                
                    
                    
                    
                
                    
                    
                    
                    
                    <li><a href="#9ad70cee-7a35-484d-b745-2bda03064b0e">[F] test_minimal_requirements.TestRNF5 : test_alguna_vista_tiene_campo_imagen</a></li>
                    
                    
                
                    
                    
                    <li><a href="#750276a9-0a45-46db-81d9-f47b0a699a03">[F] test_minimal_requirements.TestRNF6 : test_modelos_tienen_acciones</a></li>
                    
                    
                    
                    
                
                    
                    
                    
                
                    
                    
                    
                
                    
                    
                    <li><a href="#9e0edc84-b497-4836-bd9e-1797242babe2">[F] test_minimal_requirements.TestRNF9 : test_modelos_tienen_datos_demo</a></li>
                    
                    
                
                    
                    
                    
                
                    
                    
                    
                    
                    
                    
                    <li><a href="#da0f1750-c95e-45f6-aa04-30b3a12dc6d5">[F] test_minimal_requirements.TestRNFCalidad : test_solo_una_app_entregada</a></li>
                    
                    
                    
                    
                    
                    
                    
                    
                
                    
                    
                    
                    
                    
                    
                    
                    
                    
                    
                    
                    
                    
                    
                    
                    
                    
                    
                    
                    
                    
                    
                    
                    
                    
                    
                    
                    
                    
                    
                    
                    
                    
                    
                    
                    
                    
                    
                    
                
                    
                    
                    
                
            
            </ul>
        </td>
    </tr>
</table>


    <div class="testsuite">
        <h2>Test Suite: pytest</h2>
        <a id="b5d74cd0-2a0e-406f-b30e-f9c0a610afa2"></a>
        
        
        <h3>Results</h3>
        <table class="proplist">
            <tr>
                <th>Duration</th><td>38.326 sec</td>
            </tr>
            <tr>
                <th>Tests</th><td>45</td>
            </tr>
            <tr>
                <th>Failures</th><td>9</td>
            </tr>
        </table>

        <div class="testclasses">
            <h3>Tests</h3>
            
            <div class="testclass">
                <h4>test_minimal_requirements.TestRNF1</h4>
                <div class="testcases">
                
                    <div class="test outcome outcome-failed">
                        <a id="3f44064f-b916-43df-a8a9-651d8ad60c48"></a>
                        <table class="proplist">
                            <tr><th>Test case:</th><td><b>test_app_tiene_al_menos_4_modelos</b></td></tr>
                            <tr><th>Outcome:</th><td>Failed</td></tr>
                            <tr><th>Duration:</th><td>32.215 sec</td></tr>
                        
                            <tr><th>Failed</th><td>AssertionError: Al menos **4 clases**, implementadas en ficheros diferentes.
assert 2 &gt;= 4
 +  where 2 = len([&#39;fjg_tiendazapas.marca&#39;, &#39;fjg_tiendazapas.zapatilla&#39;])
 +    where [&#39;fjg_tiendazapas.marca&#39;, &#39;fjg_tiendazapas.zapatilla&#39;] = &lt;test_minimal_requirements.SystemUnderTest object at 0x7f4669310160&gt;.basename_app_models
 +  and   4 = &lt;test_minimal_requirements.TestRNF1 object at 0x7f4669334f40&gt;.MIN</td></tr>
                        
                        
                        </table>

                        
                        <pre>self = &lt;test_minimal_requirements.TestRNF1 object at 0x7f4669334f40&gt;, sut = &lt;test_minimal_requirements.SystemUnderTest object at 0x7f4669310160&gt;

&gt;   ???
E   AssertionError: Al menos **4 clases**, implementadas en ficheros diferentes.
E   assert 2 &gt;= 4
E    +  where 2 = len([&#39;fjg_tiendazapas.marca&#39;, &#39;fjg_tiendazapas.zapatilla&#39;])
E    +    where [&#39;fjg_tiendazapas.marca&#39;, &#39;fjg_tiendazapas.zapatilla&#39;] = &lt;test_minimal_requirements.SystemUnderTest object at 0x7f4669310160&gt;.basename_app_models
E    +  and   4 = &lt;test_minimal_requirements.TestRNF1 object at 0x7f4669334f40&gt;.MIN

/home/madrid/Escritorio/SGE/SGE-odoo-project-tester-2DAMB/test_minimal_requirements.py:221: AssertionError</pre>
                        
                        

                        
                        
                        
                    </div>
                
                    <div class="test outcome outcome-passed">
                        <a id="ff44a39f-7e25-474a-8918-571bf1d0238f"></a>
                        <table class="proplist">
                            <tr><th>Test case:</th><td><b>test_modelos_en_ficheros_individuales</b></td></tr>
                            <tr><th>Outcome:</th><td>Passed</td></tr>
                            <tr><th>Duration:</th><td>0.001 sec</td></tr>
                        
                        
                        </table>

                        
                        

                        
                        
                        
                    </div>
                
                </div>
            </div>
            
            <div class="testclass">
                <h4>test_minimal_requirements.TestRNF2</h4>
                <div class="testcases">
                
                    <div class="test outcome outcome-failed">
                        <a id="12552da3-42cc-42f0-9e65-12dd97c40911"></a>
                        <table class="proplist">
                            <tr><th>Test case:</th><td><b>test_relacion_many2many</b></td></tr>
                            <tr><th>Outcome:</th><td>Failed</td></tr>
                            <tr><th>Duration:</th><td>0.018 sec</td></tr>
                        
                            <tr><th>Failed</th><td>AssertionError: Diferentes tipos de campos simples y relacionales (_one2many_, _many2one_ y _many2many_).
      En tu proyecto se debe implementar **al menos uno de cada tipo**.
assert 0 &gt;= 1
 +  where 0 = len([])
 +  and   1 = &lt;test_minimal_requirements.TestRNF2 object at 0x7f466934f760&gt;.MIN</td></tr>
                        
                        
                        </table>

                        
                        <pre>self = &lt;test_minimal_requirements.TestRNF2 object at 0x7f466934f760&gt;, sut = &lt;test_minimal_requirements.SystemUnderTest object at 0x7f4669310160&gt;

&gt;   ???
E   AssertionError: Diferentes tipos de campos simples y relacionales (_one2many_, _many2one_ y _many2many_).
E         En tu proyecto se debe implementar **al menos uno de cada tipo**.
E   assert 0 &gt;= 1
E    +  where 0 = len([])
E    +  and   1 = &lt;test_minimal_requirements.TestRNF2 object at 0x7f466934f760&gt;.MIN

/home/madrid/Escritorio/SGE/SGE-odoo-project-tester-2DAMB/test_minimal_requirements.py:238: AssertionError</pre>
                        
                        

                        
                        
                        
                    </div>
                
                    <div class="test outcome outcome-passed">
                        <a id="3e1c1bc1-5c19-4bd4-b3d1-99012ea2cecd"></a>
                        <table class="proplist">
                            <tr><th>Test case:</th><td><b>test_modelos_tienen_algun_campo_relacion[one2many]</b></td></tr>
                            <tr><th>Outcome:</th><td>Passed</td></tr>
                            <tr><th>Duration:</th><td>0.027 sec</td></tr>
                        
                        
                        </table>

                        
                        

                        
                        
                        
                    </div>
                
                    <div class="test outcome outcome-passed">
                        <a id="aa535d5a-0c64-406c-9bf8-3cacb3d8397e"></a>
                        <table class="proplist">
                            <tr><th>Test case:</th><td><b>test_modelos_tienen_algun_campo_relacion[many2one]</b></td></tr>
                            <tr><th>Outcome:</th><td>Passed</td></tr>
                            <tr><th>Duration:</th><td>0.029 sec</td></tr>
                        
                        
                        </table>

                        
                        

                        
                        
                        
                    </div>
                
                    <div class="test outcome outcome-passed">
                        <a id="36a2cc0c-e632-4e86-829c-13ddb5ce88c0"></a>
                        <table class="proplist">
                            <tr><th>Test case:</th><td><b>test_unknown_comodel_name</b></td></tr>
                            <tr><th>Outcome:</th><td>Passed</td></tr>
                            <tr><th>Duration:</th><td>0.001 sec</td></tr>
                        
                        
                        </table>

                        
                        

                        
                        
                        
                    </div>
                
                </div>
            </div>
            
            <div class="testclass">
                <h4>test_minimal_requirements.TestRNF3</h4>
                <div class="testcases">
                
                    <div class="test outcome outcome-failed">
                        <a id="b576513f-d563-4d6f-aeb4-3b88781b0e79"></a>
                        <table class="proplist">
                            <tr><th>Test case:</th><td><b>test_modelos_tienen_vista[tree]</b></td></tr>
                            <tr><th>Outcome:</th><td>Failed</td></tr>
                            <tr><th>Duration:</th><td>0.01 sec</td></tr>
                        
                            <tr><th>Failed</th><td>AssertionError: No coinciden el número de modelos de datos de la aplicación con el número de vistas tree - Vistas **Form** y **Tree** específicas para cada clase. 
      Todos los &lt;u&gt;formularios deberán incluir un elemento anidado Tree (u opcionalmente Kanban)&lt;/u&gt;
      si el modelo del formulario puede tener relación con múltiples objetos de otro modelo.
assert 2 == 1
 +  where 2 = len([&#39;fjg_tiendazapas.marca&#39;, &#39;fjg_tiendazapas.zapatilla&#39;])
 +    where [&#39;fjg_tiendazapas.marca&#39;, &#39;fjg_tiendazapas.zapatilla&#39;] = &lt;test_minimal_requirements.SystemUnderTest object at 0x7f4669310160&gt;.basename_app_models
 +  and   1 = &lt;bound method SystemUnderTest.modelos_tienen_vista of &lt;test_minimal_requirements.SystemUnderTest object at 0x7f4669310160&gt;&gt;(&#39;tree&#39;)
 +    where &lt;bound method SystemUnderTest.modelos_tienen_vista of &lt;test_minimal_requirements.SystemUnderTest object at 0x7f4669310160&gt;&gt; = &lt;test_minimal_requirements.SystemUnderTest object at 0x7f4669310160&gt;.modelos_tienen_vista</td></tr>
                        
                        
                        </table>

                        
                        <pre>self = &lt;test_minimal_requirements.TestRNF3 object at 0x7f466935a670&gt;, sut = &lt;test_minimal_requirements.SystemUnderTest object at 0x7f4669310160&gt;
view_type = &#39;tree&#39;

&gt;   ???
E   AssertionError: No coinciden el número de modelos de datos de la aplicación con el número de vistas tree - Vistas **Form** y **Tree** específicas para cada clase. 
E         Todos los &lt;u&gt;formularios deberán incluir un elemento anidado Tree (u opcionalmente Kanban)&lt;/u&gt;
E         si el modelo del formulario puede tener relación con múltiples objetos de otro modelo.
E   assert 2 == 1
E    +  where 2 = len([&#39;fjg_tiendazapas.marca&#39;, &#39;fjg_tiendazapas.zapatilla&#39;])
E    +    where [&#39;fjg_tiendazapas.marca&#39;, &#39;fjg_tiendazapas.zapatilla&#39;] = &lt;test_minimal_requirements.SystemUnderTest object at 0x7f4669310160&gt;.basename_app_models
E    +  and   1 = &lt;bound method SystemUnderTest.modelos_tienen_vista of &lt;test_minimal_requirements.SystemUnderTest object at 0x7f4669310160&gt;&gt;(&#39;tree&#39;)
E    +    where &lt;bound method SystemUnderTest.modelos_tienen_vista of &lt;test_minimal_requirements.SystemUnderTest object at 0x7f4669310160&gt;&gt; = &lt;test_minimal_requirements.SystemUnderTest object at 0x7f4669310160&gt;.modelos_tienen_vista

/home/madrid/Escritorio/SGE/SGE-odoo-project-tester-2DAMB/test_minimal_requirements.py:258: AssertionError</pre>
                        
                        

                        
                        
                        
                    </div>
                
                    <div class="test outcome outcome-failed">
                        <a id="01f20e90-7df3-40ea-9120-2c341dea4a56"></a>
                        <table class="proplist">
                            <tr><th>Test case:</th><td><b>test_modelos_tienen_vista[form]</b></td></tr>
                            <tr><th>Outcome:</th><td>Failed</td></tr>
                            <tr><th>Duration:</th><td>0.01 sec</td></tr>
                        
                            <tr><th>Failed</th><td>AssertionError: No coinciden el número de modelos de datos de la aplicación con el número de vistas form - Vistas **Form** y **Tree** específicas para cada clase. 
      Todos los &lt;u&gt;formularios deberán incluir un elemento anidado Tree (u opcionalmente Kanban)&lt;/u&gt;
      si el modelo del formulario puede tener relación con múltiples objetos de otro modelo.
assert 2 == 1
 +  where 2 = len([&#39;fjg_tiendazapas.marca&#39;, &#39;fjg_tiendazapas.zapatilla&#39;])
 +    where [&#39;fjg_tiendazapas.marca&#39;, &#39;fjg_tiendazapas.zapatilla&#39;] = &lt;test_minimal_requirements.SystemUnderTest object at 0x7f4669310160&gt;.basename_app_models
 +  and   1 = &lt;bound method SystemUnderTest.modelos_tienen_vista of &lt;test_minimal_requirements.SystemUnderTest object at 0x7f4669310160&gt;&gt;(&#39;form&#39;)
 +    where &lt;bound method SystemUnderTest.modelos_tienen_vista of &lt;test_minimal_requirements.SystemUnderTest object at 0x7f4669310160&gt;&gt; = &lt;test_minimal_requirements.SystemUnderTest object at 0x7f4669310160&gt;.modelos_tienen_vista</td></tr>
                        
                        
                        </table>

                        
                        <pre>self = &lt;test_minimal_requirements.TestRNF3 object at 0x7f466935a850&gt;, sut = &lt;test_minimal_requirements.SystemUnderTest object at 0x7f4669310160&gt;
view_type = &#39;form&#39;

&gt;   ???
E   AssertionError: No coinciden el número de modelos de datos de la aplicación con el número de vistas form - Vistas **Form** y **Tree** específicas para cada clase. 
E         Todos los &lt;u&gt;formularios deberán incluir un elemento anidado Tree (u opcionalmente Kanban)&lt;/u&gt;
E         si el modelo del formulario puede tener relación con múltiples objetos de otro modelo.
E   assert 2 == 1
E    +  where 2 = len([&#39;fjg_tiendazapas.marca&#39;, &#39;fjg_tiendazapas.zapatilla&#39;])
E    +    where [&#39;fjg_tiendazapas.marca&#39;, &#39;fjg_tiendazapas.zapatilla&#39;] = &lt;test_minimal_requirements.SystemUnderTest object at 0x7f4669310160&gt;.basename_app_models
E    +  and   1 = &lt;bound method SystemUnderTest.modelos_tienen_vista of &lt;test_minimal_requirements.SystemUnderTest object at 0x7f4669310160&gt;&gt;(&#39;form&#39;)
E    +    where &lt;bound method SystemUnderTest.modelos_tienen_vista of &lt;test_minimal_requirements.SystemUnderTest object at 0x7f4669310160&gt;&gt; = &lt;test_minimal_requirements.SystemUnderTest object at 0x7f4669310160&gt;.modelos_tienen_vista

/home/madrid/Escritorio/SGE/SGE-odoo-project-tester-2DAMB/test_minimal_requirements.py:258: AssertionError</pre>
                        
                        

                        
                        
                        
                    </div>
                
                    <div class="test outcome outcome-failed">
                        <a id="14f9c66b-cff8-41ad-911e-4a31a46ccc0d"></a>
                        <table class="proplist">
                            <tr><th>Test case:</th><td><b>test_formularios_tienen_vista_anidada_para_campos_X2many[one2many]</b></td></tr>
                            <tr><th>Outcome:</th><td>Failed</td></tr>
                            <tr><th>Duration:</th><td>0.027 sec</td></tr>
                        
                            <tr><th>Failed</th><td>AssertionError: No se ha encontrado tree/kanban anidado para campo &#39;zapatilla_ids&#39; del modelo &#39;fjg_tiendazapas.marca&#39; - Vistas **Form** y **Tree** específicas para cada clase. 
      Todos los &lt;u&gt;formularios deberán incluir un elemento anidado Tree (u opcionalmente Kanban)&lt;/u&gt;
      si el modelo del formulario puede tener relación con múltiples objetos de otro modelo.
assert False
 +  where False = any(&lt;generator object TestRNF3.test_formularios_tienen_vista_anidada_para_campos_X2many.&lt;locals&gt;.&lt;genexpr&gt; at 0x7f466926bdd0&gt;)</td></tr>
                        
                        
                        </table>

                        
                        <pre>self = &lt;test_minimal_requirements.TestRNF3 object at 0x7f466935ac70&gt;, sut = &lt;test_minimal_requirements.SystemUnderTest object at 0x7f4669310160&gt;
relationship = &#39;one2many&#39;

&gt;   ???
E   AssertionError: No se ha encontrado tree/kanban anidado para campo &#39;zapatilla_ids&#39; del modelo &#39;fjg_tiendazapas.marca&#39; - Vistas **Form** y **Tree** específicas para cada clase. 
E         Todos los &lt;u&gt;formularios deberán incluir un elemento anidado Tree (u opcionalmente Kanban)&lt;/u&gt;
E         si el modelo del formulario puede tener relación con múltiples objetos de otro modelo.
E   assert False
E    +  where False = any(&lt;generator object TestRNF3.test_formularios_tienen_vista_anidada_para_campos_X2many.&lt;locals&gt;.&lt;genexpr&gt; at 0x7f466926bdd0&gt;)

/home/madrid/Escritorio/SGE/SGE-odoo-project-tester-2DAMB/test_minimal_requirements.py:272: AssertionError</pre>
                        
                        

                        
                        
                        
                    </div>
                
                    <div class="test outcome outcome-passed">
                        <a id="c6a37542-c443-49da-875e-09005bd068c0"></a>
                        <table class="proplist">
                            <tr><th>Test case:</th><td><b>test_formularios_tienen_vista_anidada_para_campos_X2many[many2many]</b></td></tr>
                            <tr><th>Outcome:</th><td>Passed</td></tr>
                            <tr><th>Duration:</th><td>0.024 sec</td></tr>
                        
                        
                        </table>

                        
                        

                        
                        
                        
                    </div>
                
                </div>
            </div>
            
            <div class="testclass">
                <h4>test_minimal_requirements.TestRNF4</h4>
                <div class="testcases">
                
                    <div class="test outcome outcome-passed">
                        <a id="9e7752ef-2a1c-4c71-a044-05e23d44f8b9"></a>
                        <table class="proplist">
                            <tr><th>Test case:</th><td><b>test_vistas_en_ficheros_individuales</b></td></tr>
                            <tr><th>Outcome:</th><td>Passed</td></tr>
                            <tr><th>Duration:</th><td>0.001 sec</td></tr>
                        
                        
                        </table>

                        
                        

                        
                        
                        
                    </div>
                
                </div>
            </div>
            
            <div class="testclass">
                <h4>test_minimal_requirements.TestRNF5</h4>
                <div class="testcases">
                
                    <div class="test outcome outcome-passed">
                        <a id="c6cb8021-ee88-4aaf-930b-32005c389714"></a>
                        <table class="proplist">
                            <tr><th>Test case:</th><td><b>test_modelos_tienen_algun_posible_campo_imagen</b></td></tr>
                            <tr><th>Outcome:</th><td>Passed</td></tr>
                            <tr><th>Duration:</th><td>0.029 sec</td></tr>
                        
                        
                        </table>

                        
                        

                        
                        
                        
                    </div>
                
                    <div class="test outcome outcome-failed">
                        <a id="9ad70cee-7a35-484d-b745-2bda03064b0e"></a>
                        <table class="proplist">
                            <tr><th>Test case:</th><td><b>test_alguna_vista_tiene_campo_imagen</b></td></tr>
                            <tr><th>Outcome:</th><td>Failed</td></tr>
                            <tr><th>Duration:</th><td>0.031 sec</td></tr>
                        
                            <tr><th>Failed</th><td>AssertionError: Alguna vista Form deberá tener una **imagen representativa**, 
      es decir, un campo que permita al usuario asociar una imagen a cada objeto del modelo.
assert False
 +  where False = any(&lt;generator object TestRNF5.test_alguna_vista_tiene_campo_imagen.&lt;locals&gt;.&lt;genexpr&gt; at 0x7f466926b200&gt;)</td></tr>
                        
                        
                        </table>

                        
                        <pre>self = &lt;test_minimal_requirements.TestRNF5 object at 0x7f466935f670&gt;, sut = &lt;test_minimal_requirements.SystemUnderTest object at 0x7f4669310160&gt;

&gt;   ???
E   AssertionError: Alguna vista Form deberá tener una **imagen representativa**, 
E         es decir, un campo que permita al usuario asociar una imagen a cada objeto del modelo.
E   assert False
E    +  where False = any(&lt;generator object TestRNF5.test_alguna_vista_tiene_campo_imagen.&lt;locals&gt;.&lt;genexpr&gt; at 0x7f466926b200&gt;)

/home/madrid/Escritorio/SGE/SGE-odoo-project-tester-2DAMB/test_minimal_requirements.py:294: AssertionError</pre>
                        
                        

                        
                        
                        
                    </div>
                
                </div>
            </div>
            
            <div class="testclass">
                <h4>test_minimal_requirements.TestRNF6</h4>
                <div class="testcases">
                
                    <div class="test outcome outcome-failed">
                        <a id="750276a9-0a45-46db-81d9-f47b0a699a03"></a>
                        <table class="proplist">
                            <tr><th>Test case:</th><td><b>test_modelos_tienen_acciones</b></td></tr>
                            <tr><th>Outcome:</th><td>Failed</td></tr>
                            <tr><th>Duration:</th><td>0.013 sec</td></tr>
                        
                            <tr><th>Failed</th><td>AssertionError: No hay acción de ventana definida para el modelo fjg_tiendazapas.zapatilla - **Menús**, **submenús** (opcionalmente) y **acciones**.
assert []
 +  where [] = &lt;bound method SystemUnderTest.execute_kw of &lt;test_minimal_requirements.SystemUnderTest object at 0x7f4669310160&gt;&gt;(&#39;ir.actions.act_window&#39;, &#39;search&#39;, [[(&#39;res_model&#39;, &#39;=&#39;, &#39;fjg_tiendazapas.zapatilla&#39;)]])
 +    where &lt;bound method SystemUnderTest.execute_kw of &lt;test_minimal_requirements.SystemUnderTest object at 0x7f4669310160&gt;&gt; = &lt;test_minimal_requirements.SystemUnderTest object at 0x7f4669310160&gt;.execute_kw</td></tr>
                        
                        
                        </table>

                        
                        <pre>self = &lt;test_minimal_requirements.TestRNF6 object at 0x7f466935faf0&gt;, sut = &lt;test_minimal_requirements.SystemUnderTest object at 0x7f4669310160&gt;

&gt;   ???
E   AssertionError: No hay acción de ventana definida para el modelo fjg_tiendazapas.zapatilla - **Menús**, **submenús** (opcionalmente) y **acciones**.
E   assert []
E    +  where [] = &lt;bound method SystemUnderTest.execute_kw of &lt;test_minimal_requirements.SystemUnderTest object at 0x7f4669310160&gt;&gt;(&#39;ir.actions.act_window&#39;, &#39;search&#39;, [[(&#39;res_model&#39;, &#39;=&#39;, &#39;fjg_tiendazapas.zapatilla&#39;)]])
E    +    where &lt;bound method SystemUnderTest.execute_kw of &lt;test_minimal_requirements.SystemUnderTest object at 0x7f4669310160&gt;&gt; = &lt;test_minimal_requirements.SystemUnderTest object at 0x7f4669310160&gt;.execute_kw

/home/madrid/Escritorio/SGE/SGE-odoo-project-tester-2DAMB/test_minimal_requirements.py:303: AssertionError</pre>
                        
                        

                        
                        
                        
                    </div>
                
                    <div class="test outcome outcome-passed">
                        <a id="29c2f41f-2234-4329-a6c7-79b48c0b9be5"></a>
                        <table class="proplist">
                            <tr><th>Test case:</th><td><b>test_hay_elementos_de_menu[.//menuitem[@action]]</b></td></tr>
                            <tr><th>Outcome:</th><td>Passed</td></tr>
                            <tr><th>Duration:</th><td>0.002 sec</td></tr>
                        
                        
                        </table>

                        
                        

                        
                        
                        
                    </div>
                
                </div>
            </div>
            
            <div class="testclass">
                <h4>test_minimal_requirements.TestRNF7</h4>
                <div class="testcases">
                
                    <div class="test outcome outcome-passed">
                        <a id="6041f9ea-10aa-488b-95ee-c836968a1679"></a>
                        <table class="proplist">
                            <tr><th>Test case:</th><td><b>test_modelos_tienen_permisos</b></td></tr>
                            <tr><th>Outcome:</th><td>Passed</td></tr>
                            <tr><th>Duration:</th><td>0.017 sec</td></tr>
                        
                        
                        </table>

                        
                        

                        
                        
                        
                    </div>
                
                </div>
            </div>
            
            <div class="testclass">
                <h4>test_minimal_requirements.TestRNF8</h4>
                <div class="testcases">
                
                    <div class="test outcome outcome-passed">
                        <a id="cc60f503-098c-4ef8-8197-c3b59bd5f2d6"></a>
                        <table class="proplist">
                            <tr><th>Test case:</th><td><b>test_app_tiene_icono</b></td></tr>
                            <tr><th>Outcome:</th><td>Passed</td></tr>
                            <tr><th>Duration:</th><td>0.016 sec</td></tr>
                        
                        
                        </table>

                        
                        

                        
                        
                        
                    </div>
                
                </div>
            </div>
            
            <div class="testclass">
                <h4>test_minimal_requirements.TestRNF9</h4>
                <div class="testcases">
                
                    <div class="test outcome outcome-failed">
                        <a id="9e0edc84-b497-4836-bd9e-1797242babe2"></a>
                        <table class="proplist">
                            <tr><th>Test case:</th><td><b>test_modelos_tienen_datos_demo</b></td></tr>
                            <tr><th>Outcome:</th><td>Failed</td></tr>
                            <tr><th>Duration:</th><td>0.015 sec</td></tr>
                        
                            <tr><th>Failed</th><td>AssertionError: Datos de demo básicos (que al menos den valor a campos con tipos de datos sencillos).
assert 0 &gt; 0</td></tr>
                        
                        
                        </table>

                        
                        <pre>self = &lt;test_minimal_requirements.TestRNF9 object at 0x7f46692e1df0&gt;, sut = &lt;test_minimal_requirements.SystemUnderTest object at 0x7f4669310160&gt;

&gt;   ???
E   AssertionError: Datos de demo básicos (que al menos den valor a campos con tipos de datos sencillos).
E   assert 0 &gt; 0

/home/madrid/Escritorio/SGE/SGE-odoo-project-tester-2DAMB/test_minimal_requirements.py:356: AssertionError</pre>
                        
                        

                        
                        
                        
                    </div>
                
                </div>
            </div>
            
            <div class="testclass">
                <h4>test_minimal_requirements.TestRNFGit</h4>
                <div class="testcases">
                
                    <div class="test outcome outcome-passed">
                        <a id="aabc52d1-a5fc-403d-b050-2996cdc437d6"></a>
                        <table class="proplist">
                            <tr><th>Test case:</th><td><b>test_git_commit_frecuentes</b></td></tr>
                            <tr><th>Outcome:</th><td>Passed</td></tr>
                            <tr><th>Duration:</th><td>0.001 sec</td></tr>
                        
                        
                        </table>

                        
                        

                        
                        
                        
                    </div>
                
                </div>
            </div>
            
            <div class="testclass">
                <h4>test_minimal_requirements.TestRNFCalidad</h4>
                <div class="testcases">
                
                    <div class="test outcome outcome-passed">
                        <a id="39effe54-8f9a-4ab7-bb04-587c914e24f6"></a>
                        <table class="proplist">
                            <tr><th>Test case:</th><td><b>test_odoo_disponible</b></td></tr>
                            <tr><th>Outcome:</th><td>Passed</td></tr>
                            <tr><th>Duration:</th><td>0.008 sec</td></tr>
                        
                        
                        </table>

                        
                        

                        
                        
                        
                    </div>
                
                    <div class="test outcome outcome-passed">
                        <a id="18846811-01d1-4c9d-8d0e-a1c52e061bb6"></a>
                        <table class="proplist">
                            <tr><th>Test case:</th><td><b>test_app_instalada</b></td></tr>
                            <tr><th>Outcome:</th><td>Passed</td></tr>
                            <tr><th>Duration:</th><td>0.017 sec</td></tr>
                        
                        
                        </table>

                        
                        

                        
                        
                        
                    </div>
                
                    <div class="test outcome outcome-failed">
                        <a id="da0f1750-c95e-45f6-aa04-30b3a12dc6d5"></a>
                        <table class="proplist">
                            <tr><th>Test case:</th><td><b>test_solo_una_app_entregada</b></td></tr>
                            <tr><th>Outcome:</th><td>Failed</td></tr>
                            <tr><th>Duration:</th><td>0.001 sec</td></tr>
                        
                            <tr><th>Failed</th><td>AssertionError: Se ha encontrado más de una aplicación - Tu código debe estar bien probado, documentado, sin código comentado, sin ficheros innecesarios y con un *manifest* cuidado.
assert 2 == 1
 +  where 2 = len([&#39;/home/madrid/Escritorio/SGE/SGE-odoo-project-tester/projects/fjg_tiendazapas/odoo/addons/fjg_tiendazapas/../fjg_tiendazapas/__manifest__.py&#39;, &#39;/home/madrid/Escritorio/SGE/SGE-odoo-project-tester/projects/fjg_tiendazapas/odoo/addons/fjg_tiendazapas/../sge_libreria/__manifest__.py&#39;])</td></tr>
                        
                        
                        </table>

                        
                        <pre>self = &lt;test_minimal_requirements.TestRNFCalidad object at 0x7f46692e5ee0&gt;, sut = &lt;test_minimal_requirements.SystemUnderTest object at 0x7f4669310160&gt;

&gt;   ???
E   AssertionError: Se ha encontrado más de una aplicación - Tu código debe estar bien probado, documentado, sin código comentado, sin ficheros innecesarios y con un *manifest* cuidado.
E   assert 2 == 1
E    +  where 2 = len([&#39;/home/madrid/Escritorio/SGE/SGE-odoo-project-tester/projects/fjg_tiendazapas/odoo/addons/fjg_tiendazapas/../fjg_tiendazapas/__manifest__.py&#39;, &#39;/home/madrid/Escritorio/SGE/SGE-odoo-project-tester/projects/fjg_tiendazapas/odoo/addons/fjg_tiendazapas/../sge_libreria/__manifest__.py&#39;])

/home/madrid/Escritorio/SGE/SGE-odoo-project-tester-2DAMB/test_minimal_requirements.py:394: AssertionError</pre>
                        
                        

                        
                        
                        
                    </div>
                
                    <div class="test outcome outcome-passed">
                        <a id="277ee838-fe48-4ece-a56b-d37c2ae5cd74"></a>
                        <table class="proplist">
                            <tr><th>Test case:</th><td><b>test_no_hay_elementos_xml_comentados</b></td></tr>
                            <tr><th>Outcome:</th><td>Passed</td></tr>
                            <tr><th>Duration:</th><td>0.002 sec</td></tr>
                        
                        
                        </table>

                        
                        

                        
                        
                        
                    </div>
                
                    <div class="test outcome outcome-passed">
                        <a id="fe01431f-e705-42e2-bdda-b588bcac3535"></a>
                        <table class="proplist">
                            <tr><th>Test case:</th><td><b>test_no_hay_codigo_python_comentado</b></td></tr>
                            <tr><th>Outcome:</th><td>Passed</td></tr>
                            <tr><th>Duration:</th><td>0.164 sec</td></tr>
                        
                        
                        </table>

                        
                        

                        
                        
                        
                    </div>
                
                    <div class="test outcome outcome-passed">
                        <a id="839cda2d-d909-4035-90ed-3a7468c4270e"></a>
                        <table class="proplist">
                            <tr><th>Test case:</th><td><b>test_log_servidor_sin_errores</b></td></tr>
                            <tr><th>Outcome:</th><td>Passed</td></tr>
                            <tr><th>Duration:</th><td>0.001 sec</td></tr>
                        
                        
                        </table>

                        
                        

                        
                        
                        
                    </div>
                
                </div>
            </div>
            
            <div class="testclass">
                <h4>test_minimal_requirements.TestRNFAdicionales</h4>
                <div class="testcases">
                
                    <div class="test outcome outcome-skipped">
                        <a id="63c0a0b8-7219-4119-86e5-375e47e4539f"></a>
                        <table class="proplist">
                            <tr><th>Test case:</th><td><b>test_vista_kanban[/kanban]</b></td></tr>
                            <tr><th>Outcome:</th><td>Skipped</td></tr>
                            <tr><th>Duration:</th><td>0.001 sec</td></tr>
                        
                        
                            <tr><th>Skipped</th><td></td></tr>
                        
                        </table>

                        
                        
                        <pre>skipped</pre>
                        

                        
                        
                        
                    </div>
                
                    <div class="test outcome outcome-skipped">
                        <a id="9f07d221-4338-41fb-aefb-70ec88588f2a"></a>
                        <table class="proplist">
                            <tr><th>Test case:</th><td><b>test_vista_kanban[/kanban[@default_group_by]]</b></td></tr>
                            <tr><th>Outcome:</th><td>Skipped</td></tr>
                            <tr><th>Duration:</th><td>0.001 sec</td></tr>
                        
                        
                            <tr><th>Skipped</th><td></td></tr>
                        
                        </table>

                        
                        
                        <pre>skipped</pre>
                        

                        
                        
                        
                    </div>
                
                    <div class="test outcome outcome-skipped">
                        <a id="453ca34e-f275-4228-957e-09a8b0a236ff"></a>
                        <table class="proplist">
                            <tr><th>Test case:</th><td><b>test_vista_search[/search]</b></td></tr>
                            <tr><th>Outcome:</th><td>Skipped</td></tr>
                            <tr><th>Duration:</th><td>0.001 sec</td></tr>
                        
                        
                            <tr><th>Skipped</th><td></td></tr>
                        
                        </table>

                        
                        
                        <pre>skipped</pre>
                        

                        
                        
                        
                    </div>
                
                    <div class="test outcome outcome-skipped">
                        <a id="0365224a-1f0a-4bdc-8085-b489c4714613"></a>
                        <table class="proplist">
                            <tr><th>Test case:</th><td><b>test_vista_search[/search//filter[@domain]]</b></td></tr>
                            <tr><th>Outcome:</th><td>Skipped</td></tr>
                            <tr><th>Duration:</th><td>0.001 sec</td></tr>
                        
                        
                            <tr><th>Skipped</th><td></td></tr>
                        
                        </table>

                        
                        
                        <pre>skipped</pre>
                        

                        
                        
                        
                    </div>
                
                    <div class="test outcome outcome-skipped">
                        <a id="6029ac76-e989-45c4-a94a-90d93a8ef611"></a>
                        <table class="proplist">
                            <tr><th>Test case:</th><td><b>test_vista_search[/search//group//filter[@context]]</b></td></tr>
                            <tr><th>Outcome:</th><td>Skipped</td></tr>
                            <tr><th>Duration:</th><td>0.001 sec</td></tr>
                        
                        
                            <tr><th>Skipped</th><td></td></tr>
                        
                        </table>

                        
                        
                        <pre>skipped</pre>
                        

                        
                        
                        
                    </div>
                
                    <div class="test outcome outcome-skipped">
                        <a id="0cd7b959-64e4-4041-a604-46fc3238e31d"></a>
                        <table class="proplist">
                            <tr><th>Test case:</th><td><b>test_otras_vistas_adicionales[activity]</b></td></tr>
                            <tr><th>Outcome:</th><td>Skipped</td></tr>
                            <tr><th>Duration:</th><td>0.008 sec</td></tr>
                        
                        
                            <tr><th>Skipped</th><td></td></tr>
                        
                        </table>

                        
                        
                        <pre>skipped</pre>
                        

                        
                        
                        
                    </div>
                
                    <div class="test outcome outcome-skipped">
                        <a id="170ddc93-2322-43a0-bfbd-581b56284fb7"></a>
                        <table class="proplist">
                            <tr><th>Test case:</th><td><b>test_otras_vistas_adicionales[calendar]</b></td></tr>
                            <tr><th>Outcome:</th><td>Skipped</td></tr>
                            <tr><th>Duration:</th><td>0.01 sec</td></tr>
                        
                        
                            <tr><th>Skipped</th><td></td></tr>
                        
                        </table>

                        
                        
                        <pre>skipped</pre>
                        

                        
                        
                        
                    </div>
                
                    <div class="test outcome outcome-skipped">
                        <a id="4b0518ca-444c-43d3-ad13-53db3cb69a7a"></a>
                        <table class="proplist">
                            <tr><th>Test case:</th><td><b>test_otras_vistas_adicionales[graph]</b></td></tr>
                            <tr><th>Outcome:</th><td>Skipped</td></tr>
                            <tr><th>Duration:</th><td>0.008 sec</td></tr>
                        
                        
                            <tr><th>Skipped</th><td></td></tr>
                        
                        </table>

                        
                        
                        <pre>skipped</pre>
                        

                        
                        
                        
                    </div>
                
                    <div class="test outcome outcome-skipped">
                        <a id="c28fc412-4b5a-451c-809e-654057710646"></a>
                        <table class="proplist">
                            <tr><th>Test case:</th><td><b>test_otras_vistas_adicionales[pivot]</b></td></tr>
                            <tr><th>Outcome:</th><td>Skipped</td></tr>
                            <tr><th>Duration:</th><td>0.009 sec</td></tr>
                        
                        
                            <tr><th>Skipped</th><td></td></tr>
                        
                        </table>

                        
                        
                        <pre>skipped</pre>
                        

                        
                        
                        
                    </div>
                
                    <div class="test outcome outcome-skipped">
                        <a id="86ba1529-7f12-4c1d-a305-c7329aee1cbd"></a>
                        <table class="proplist">
                            <tr><th>Test case:</th><td><b>test_seguridad_con_grupos_propios</b></td></tr>
                            <tr><th>Outcome:</th><td>Skipped</td></tr>
                            <tr><th>Duration:</th><td>0.002 sec</td></tr>
                        
                        
                            <tr><th>Skipped</th><td></td></tr>
                        
                        </table>

                        
                        
                        <pre>skipped</pre>
                        

                        
                        
                        
                    </div>
                
                    <div class="test outcome outcome-skipped">
                        <a id="5d3e1fe3-7082-4ed3-80ab-73474e2cd08c"></a>
                        <table class="proplist">
                            <tr><th>Test case:</th><td><b>test_herencia_en_vistas_con_position</b></td></tr>
                            <tr><th>Outcome:</th><td>Skipped</td></tr>
                            <tr><th>Duration:</th><td>0.001 sec</td></tr>
                        
                        
                            <tr><th>Skipped</th><td></td></tr>
                        
                        </table>

                        
                        
                        <pre>skipped</pre>
                        

                        
                        
                        
                    </div>
                
                    <div class="test outcome outcome-skipped">
                        <a id="eefce926-909d-41fe-8e45-5d55824cc934"></a>
                        <table class="proplist">
                            <tr><th>Test case:</th><td><b>test_herencia_en_vistas_con_inherit_id</b></td></tr>
                            <tr><th>Outcome:</th><td>Skipped</td></tr>
                            <tr><th>Duration:</th><td>0.001 sec</td></tr>
                        
                        
                            <tr><th>Skipped</th><td></td></tr>
                        
                        </table>

                        
                        
                        <pre>skipped</pre>
                        

                        
                        
                        
                    </div>
                
                    <div class="test outcome outcome-skipped">
                        <a id="66a1dc71-45f4-4cbb-b0e6-9f8451083db4"></a>
                        <table class="proplist">
                            <tr><th>Test case:</th><td><b>test_herencia_en_modelos</b></td></tr>
                            <tr><th>Outcome:</th><td>Skipped</td></tr>
                            <tr><th>Duration:</th><td>0.001 sec</td></tr>
                        
                        
                            <tr><th>Skipped</th><td></td></tr>
                        
                        </table>

                        
                        
                        <pre>skipped</pre>
                        

                        
                        
                        
                    </div>
                
                    <div class="test outcome outcome-passed">
                        <a id="ce21befa-e5b2-4c1d-b117-26e7f812ab7f"></a>
                        <table class="proplist">
                            <tr><th>Test case:</th><td><b>test_datos_maestros_o_demo_avanzados[binary]</b></td></tr>
                            <tr><th>Outcome:</th><td>Passed</td></tr>
                            <tr><th>Duration:</th><td>0.024 sec</td></tr>
                        
                        
                        </table>

                        
                        

                        
                        
                        
                    </div>
                
                    <div class="test outcome outcome-skipped">
                        <a id="0311b35b-e257-4ef4-b8e0-7c440d8c44b2"></a>
                        <table class="proplist">
                            <tr><th>Test case:</th><td><b>test_datos_maestros_o_demo_avanzados[many2many]</b></td></tr>
                            <tr><th>Outcome:</th><td>Skipped</td></tr>
                            <tr><th>Duration:</th><td>0.027 sec</td></tr>
                        
                        
                            <tr><th>Skipped</th><td></td></tr>
                        
                        </table>

                        
                        
                        <pre>skipped</pre>
                        

                        
                        
                        
                    </div>
                
                    <div class="test outcome outcome-passed">
                        <a id="68276731-75b9-41ce-b7f1-9f6c4ae7fd02"></a>
                        <table class="proplist">
                            <tr><th>Test case:</th><td><b>test_datos_maestros_o_demo_avanzados[many2one]</b></td></tr>
                            <tr><th>Outcome:</th><td>Passed</td></tr>
                            <tr><th>Duration:</th><td>0.026 sec</td></tr>
                        
                        
                        </table>

                        
                        

                        
                        
                        
                    </div>
                
                    <div class="test outcome outcome-skipped">
                        <a id="436cec5a-e5e0-4544-9c8d-78aba3148135"></a>
                        <table class="proplist">
                            <tr><th>Test case:</th><td><b>test_i18n</b></td></tr>
                            <tr><th>Outcome:</th><td>Skipped</td></tr>
                            <tr><th>Duration:</th><td>0.001 sec</td></tr>
                        
                        
                            <tr><th>Skipped</th><td></td></tr>
                        
                        </table>

                        
                        
                        <pre>skipped</pre>
                        

                        
                        
                        
                    </div>
                
                    <div class="test outcome outcome-skipped">
                        <a id="a9f35601-8d2f-4efe-b16e-0357a149cb19"></a>
                        <table class="proplist">
                            <tr><th>Test case:</th><td><b>test_informes[report]</b></td></tr>
                            <tr><th>Outcome:</th><td>Skipped</td></tr>
                            <tr><th>Duration:</th><td>0.002 sec</td></tr>
                        
                        
                            <tr><th>Skipped</th><td></td></tr>
                        
                        </table>

                        
                        
                        <pre>skipped</pre>
                        

                        
                        
                        
                    </div>
                
                    <div class="test outcome outcome-skipped">
                        <a id="cca5fe4e-3bf5-4536-b241-e4817df55ce3"></a>
                        <table class="proplist">
                            <tr><th>Test case:</th><td><b>test_informes[template]</b></td></tr>
                            <tr><th>Outcome:</th><td>Skipped</td></tr>
                            <tr><th>Duration:</th><td>0.002 sec</td></tr>
                        
                        
                            <tr><th>Skipped</th><td></td></tr>
                        
                        </table>

                        
                        
                        <pre>skipped</pre>
                        

                        
                        
                        
                    </div>
                
                </div>
            </div>
            
            <div class="testclass">
                <h4>test_minimal_requirements.TestOtros</h4>
                <div class="testcases">
                
                    <div class="test outcome outcome-passed">
                        <a id="1bdaee8b-52e5-4a78-97ce-e18836f2c215"></a>
                        <table class="proplist">
                            <tr><th>Test case:</th><td><b>test_log_sin_warnings</b></td></tr>
                            <tr><th>Outcome:</th><td>Passed</td></tr>
                            <tr><th>Duration:</th><td>5.345 sec</td></tr>
                        
                        
                        </table>

                        
                        

                        
                        
                        
                    </div>
                
                </div>
            </div>
            
        </div>
    </div>
    



<p class="footer">
    Generated by junit2html
</p>
</body>
</html>