<!DOCTYPE html>
<html lang="en">
<head>
    <meta charset="UTF-8">
    <title>fjg_tiendazapas-pytest.xml</title>
    <style type="text/css">
        body {
    background-color: white;
    padding-bottom: 20em;
    margin: 0;
    min-height: 15cm;
}

h1, h2, h3, h4, h5, h6, h7 {
    font-family: sans-serif;
}

h1 {
    background-color: #007acc;
    color: white;
    padding: 3mm;
    margin-top: 0;
    margin-bottom: 1mm;
}

.footer {
    font-style: italic;
    font-size: small;
    text-align: right;
    padding: 1em;
}

.testsuite {
    padding-bottom: 2em;
    margin-left: 1em;
}

.proplist {
    width: 100%;
    margin-bottom: 2em;
    border-collapse: collapse;
    border: 1px solid grey;
}

.proplist th {
    background-color: silver;
    width: 5em;
    padding: 2px;
    padding-right: 1em;
    text-align: left;
}

.proplist td {
    padding: 2px;
}

.index-table {
    width: 90%;
    margin-left: 1em;
}

.index-table td {
    vertical-align: top;
    max-width: 200px;
    word-wrap: break-word;
}

.failure-index {

}

.toc {
    margin-bottom: 2em;
    font-family: monospace;
}

.stdio, pre {
    min-height: 1em;
    background-color: #1e1e1e;
    color: silver;
    padding: 0.5em;
}
.tdpre {
    background-color: #1e1e1e;
}

.test {
    margin-left: 0.5cm;
}

.outcome {
    border-left: 1em;
    padding: 2px;
}

.outcome-failed {
    border-left: 1em solid lightcoral;
}

.outcome-passed {
    border-left: 1em solid lightgreen;
}

.outcome-skipped {
    border-left: 1em dotted silver;
}

.stats-table {
}

.stats-table td {
    min-width: 4em;
    text-align: right;
}

.stats-table .failed {
    background-color: lightcoral;
}

.stats-table .passed {
    background-color: lightgreen;
}

.matrix-table {
    table-layout: fixed;
    border-spacing: 0;
    width: available;
    margin-left: 1em;
}

.matrix-table td {
    vertical-align: center;
}

.matrix-table td:last-child {
    width: 0;
}

.matrix-table tr:hover {
    background-color: yellow;
}

.matrix-axis-name {
    white-space: nowrap;
    padding-right: 0.5em;
    border-left: 1px solid black;
    border-top: 1px solid black;
    text-align: right;
}

.matrix-axis-line {
    border-left: 1px solid black;
    width: 0.5em;
}

.matrix-classname {
    text-align: left;
    width: 100%;
    border-top: 2px solid grey;
    border-bottom: 1px solid silver;
}

.matrix-casename {
    text-align: left;
    font-weight: normal;
    font-style: italic;
    padding-left: 1em;
    border-bottom: 1px solid silver;
}

.matrix-result {
    display: block;
    width: 1em;
    text-align: center;
    padding: 1mm;
    margin: 0;
}

.matrix-result-combined {
    white-space: nowrap;
    padding-right: 0.2em;
    text-align: right;
}

.matrix-result-failed {
    background-color: lightcoral;
}

.matrix-result-passed {
    background-color: lightgreen;
}

.matrix-result-skipped {
    background-color: lightyellow;
}

.matrix-even {
    background-color: lightgray;
}
    </style>
</head>
<body>
    
<h1>
    Test Report : fjg_tiendazapas-pytest.xml
</h1>
<a id="toc"></a>
<table class="index-table">
    <tr>
        <td>
            <ul class="toc">
            
                
                <li>test_minimal_requirements.TestRNF1
                <ul>
                    
                    <li><a href="#33dea16c-c195-433c-b5a8-288136c65a70">test_app_tiene_al_menos_4_modelos</a></li>
                    
                    <li><a href="#ae52aa2e-beb3-493b-808b-9f8b9429cf16">test_modelos_en_ficheros_individuales</a></li>
                    
                </ul>
                </li>
                
                <li>test_minimal_requirements.TestRNF2
                <ul>
                    
                    <li><a href="#07abcc4e-dd8e-4cbd-9d8c-d5bc0a29c5a7">test_relacion_many2many</a></li>
                    
                    <li><a href="#14d32afe-3f1a-4644-805f-87fb000541cd">test_modelos_tienen_algun_campo_relacion[one2many]</a></li>
                    
                    <li><a href="#be0259f6-dab8-48d8-bead-93171ca9e05e">test_modelos_tienen_algun_campo_relacion[many2one]</a></li>
                    
                    <li><a href="#857f8649-73d3-469b-9a73-56b2552bc30e">test_unknown_comodel_name</a></li>
                    
                </ul>
                </li>
                
                <li>test_minimal_requirements.TestRNF3
                <ul>
                    
                    <li><a href="#50f24a64-6ffc-4a05-94f3-da55282f82b6">test_modelos_tienen_vista[tree]</a></li>
                    
                    <li><a href="#c57ad425-7482-4aa1-89bd-adabb0981c44">test_modelos_tienen_vista[form]</a></li>
                    
                    <li><a href="#6fb58e49-728d-440d-8804-dab50933e244">test_formularios_tienen_vista_anidada_para_campos_X2many[one2many]</a></li>
                    
                    <li><a href="#f5bdd327-b3a5-4ba8-bbef-ca748e2866cc">test_formularios_tienen_vista_anidada_para_campos_X2many[many2many]</a></li>
                    
                </ul>
                </li>
                
                <li>test_minimal_requirements.TestRNF4
                <ul>
                    
                    <li><a href="#f426b7c2-ba6f-4436-ac8d-57a7b3957643">test_vistas_en_ficheros_individuales</a></li>
                    
                </ul>
                </li>
                
                <li>test_minimal_requirements.TestRNF5
                <ul>
                    
                    <li><a href="#df968806-9115-4068-98f9-4851b1ae0238">test_modelos_tienen_algun_posible_campo_imagen</a></li>
                    
                    <li><a href="#4fae072c-9281-4b55-a824-2ee66ed43441">test_alguna_vista_tiene_campo_imagen</a></li>
                    
                </ul>
                </li>
                
                <li>test_minimal_requirements.TestRNF6
                <ul>
                    
                    <li><a href="#72ac1343-a0c0-4cf3-bb80-8814b5c26c70">test_modelos_tienen_acciones</a></li>
                    
                    <li><a href="#743231c0-8e46-4114-9ba7-dbe7c2ceff14">test_hay_elementos_de_menu[.//menuitem[@action]]</a></li>
                    
                </ul>
                </li>
                
                <li>test_minimal_requirements.TestRNF7
                <ul>
                    
                    <li><a href="#1753160c-7599-4dac-a28c-98740b041bc1">test_modelos_tienen_permisos</a></li>
                    
                </ul>
                </li>
                
                <li>test_minimal_requirements.TestRNF8
                <ul>
                    
                    <li><a href="#860f17e8-fccb-4ac0-9964-c39b03d4fe0e">test_app_tiene_icono</a></li>
                    
                </ul>
                </li>
                
                <li>test_minimal_requirements.TestRNF9
                <ul>
                    
                    <li><a href="#673f27df-e37a-49a8-a8c8-0509797fccc1">test_modelos_tienen_datos_demo</a></li>
                    
                </ul>
                </li>
                
                <li>test_minimal_requirements.TestRNFGit
                <ul>
                    
                    <li><a href="#023e8eaa-aac7-4ef8-8ce0-caeacc15f4d8">test_git_commit_frecuentes</a></li>
                    
                </ul>
                </li>
                
                <li>test_minimal_requirements.TestRNFCalidad
                <ul>
                    
                    <li><a href="#45ac115d-f584-4554-a6f1-93ae23e60895">test_odoo_disponible</a></li>
                    
                    <li><a href="#0bd33a2a-eabc-47e3-92c7-c336237c66ec">test_app_instalada</a></li>
                    
                    <li><a href="#c706dd45-f1db-45d0-9287-8df45aa34112">test_solo_una_app_entregada</a></li>
                    
                    <li><a href="#0620daca-eb46-4ced-af6a-4bae9d4513a7">test_no_hay_elementos_xml_comentados</a></li>
                    
                    <li><a href="#59504136-21e8-4cbc-afe7-ef03ec2f19e2">test_no_hay_codigo_python_comentado</a></li>
                    
                    <li><a href="#7bd0341b-0dff-4115-947e-3ed5763cb462">test_log_servidor_sin_errores</a></li>
                    
                </ul>
                </li>
                
                <li>test_minimal_requirements.TestRNFAdicionales
                <ul>
                    
                    <li><a href="#872c0078-486c-42c5-84be-dc988a758df6">test_vista_kanban[/kanban]</a>[s]</li>
                    
                    <li><a href="#7b5872ad-7fc6-43a3-9a11-e05b7aecd738">test_vista_kanban[/kanban[@default_group_by]]</a>[s]</li>
                    
                    <li><a href="#1eb6c4a2-49e1-4416-b2b5-250ad179b54c">test_vista_search[/search]</a>[s]</li>
                    
                    <li><a href="#2444dbb0-7c2d-4bf2-a01a-14bdb8b109dc">test_vista_search[/search//filter[@domain]]</a>[s]</li>
                    
                    <li><a href="#c540a68c-cd2b-4698-84e2-29d8f3bbbedb">test_vista_search[/search//group//filter[@context]]</a>[s]</li>
                    
                    <li><a href="#62e09a31-59c3-45d9-b847-3cdd2011a2ec">test_otras_vistas_adicionales[activity]</a>[s]</li>
                    
                    <li><a href="#15eac296-5598-47f0-8bd6-f14dac1165a7">test_otras_vistas_adicionales[calendar]</a>[s]</li>
                    
                    <li><a href="#d6d7b038-ed91-4266-8927-600e0f27f181">test_otras_vistas_adicionales[graph]</a>[s]</li>
                    
                    <li><a href="#8ae5cca8-64c6-4c25-81b2-2aca28a4e6a8">test_otras_vistas_adicionales[pivot]</a>[s]</li>
                    
                    <li><a href="#fe21e22f-b306-4f58-8abd-13f775f39412">test_seguridad_con_grupos_propios</a>[s]</li>
                    
                    <li><a href="#9c49f652-40c4-476f-aa96-b9edb4a1a092">test_herencia_en_vistas_con_position</a>[s]</li>
                    
                    <li><a href="#967dc341-bd44-4042-9eb0-c5a0f2504c25">test_herencia_en_vistas_con_inherit_id</a>[s]</li>
                    
                    <li><a href="#affa7f13-a489-41f5-8db5-bb92619ad69a">test_herencia_en_modelos</a>[s]</li>
                    
                    <li><a href="#ba1078a5-8e76-43f6-9d96-4b6d6be28159">test_datos_maestros_o_demo_avanzados[binary]</a></li>
                    
                    <li><a href="#956b904a-3023-4f9c-bd2c-56497292ac42">test_datos_maestros_o_demo_avanzados[many2many]</a>[s]</li>
                    
                    <li><a href="#fc399b3d-d557-4c24-be6b-c87831514d6e">test_datos_maestros_o_demo_avanzados[many2one]</a></li>
                    
                    <li><a href="#8b51633f-aa7c-405b-870e-ea130dcb4924">test_i18n</a>[s]</li>
                    
                    <li><a href="#d2d9c3e8-7144-4ab3-8f5f-58b6ae1f7525">test_informes[report]</a>[s]</li>
                    
                    <li><a href="#8e9b3e71-f5bc-4fbb-80ff-86d205f684e5">test_informes[template]</a>[s]</li>
                    
                </ul>
                </li>
                
                <li>test_minimal_requirements.TestOtros
                <ul>
                    
                    <li><a href="#7a72f31e-c0d7-430b-babc-7421d9acf1b7">test_log_sin_warnings</a></li>
                    
                </ul>
                </li>
                
            
            </ul>
        </td>
        <td class="failure-index">
            <ul class="toc">
            
                
                    
                    
                    <li><a href="#33dea16c-c195-433c-b5a8-288136c65a70">[F] test_minimal_requirements.TestRNF1 : test_app_tiene_al_menos_4_modelos</a></li>
                    
                    
                    
                    
                
                    
                    
                    <li><a href="#07abcc4e-dd8e-4cbd-9d8c-d5bc0a29c5a7">[F] test_minimal_requirements.TestRNF2 : test_relacion_many2many</a></li>
                    
                    
                    
                    
                    
                    
                    
                    
                
                    
                    
                    <li><a href="#50f24a64-6ffc-4a05-94f3-da55282f82b6">[F] test_minimal_requirements.TestRNF3 : test_modelos_tienen_vista[tree]</a></li>
                    
                    
                    
                    <li><a href="#c57ad425-7482-4aa1-89bd-adabb0981c44">[F] test_minimal_requirements.TestRNF3 : test_modelos_tienen_vista[form]</a></li>
                    
                    
                    
                    <li><a href="#6fb58e49-728d-440d-8804-dab50933e244">[F] test_minimal_requirements.TestRNF3 : test_formularios_tienen_vista_anidada_para_campos_X2many[one2many]</a></li>
                    
                    
                    
                    
                
                    
                    
                    
                
                    
                    
                    
                    
                    <li><a href="#4fae072c-9281-4b55-a824-2ee66ed43441">[F] test_minimal_requirements.TestRNF5 : test_alguna_vista_tiene_campo_imagen</a></li>
                    
                    
                
                    
                    
                    <li><a href="#72ac1343-a0c0-4cf3-bb80-8814b5c26c70">[F] test_minimal_requirements.TestRNF6 : test_modelos_tienen_acciones</a></li>
                    
                    
                    
                    
                
                    
                    
                    
                
                    
                    
                    
                
                    
                    
                    <li><a href="#673f27df-e37a-49a8-a8c8-0509797fccc1">[F] test_minimal_requirements.TestRNF9 : test_modelos_tienen_datos_demo</a></li>
                    
                    
                
                    
                    
                    
                
                    
                    
                    
                    
                    
                    
                    <li><a href="#c706dd45-f1db-45d0-9287-8df45aa34112">[F] test_minimal_requirements.TestRNFCalidad : test_solo_una_app_entregada</a></li>
                    
                    
                    
                    
                    
                    
                    
                    
                
                    
                    
                    
                    
                    
                    
                    
                    
                    
                    
                    
                    
                    
                    
                    
                    
                    
                    
                    
                    
                    
                    
                    
                    
                    
                    
                    
                    
                    
                    
                    
                    
                    
                    
                    
                    
                    
                    
                    
                
                    
                    
                    
                
            
            </ul>
        </td>
    </tr>
</table>


    <div class="testsuite">
        <h2>Test Suite: pytest</h2>
        <a id="8711d974-ab24-44c6-880a-805ee916b539"></a>
        
        
        <h3>Results</h3>
        <table class="proplist">
            <tr>
                <th>Duration</th><td>35.475 sec</td>
            </tr>
            <tr>
                <th>Tests</th><td>45</td>
            </tr>
            <tr>
                <th>Failures</th><td>9</td>
            </tr>
        </table>

        <div class="testclasses">
            <h3>Tests</h3>
            
            <div class="testclass">
                <h4>test_minimal_requirements.TestRNF1</h4>
                <div class="testcases">
                
                    <div class="test outcome outcome-failed">
                        <a id="33dea16c-c195-433c-b5a8-288136c65a70"></a>
                        <table class="proplist">
                            <tr><th>Test case:</th><td><b>test_app_tiene_al_menos_4_modelos</b></td></tr>
                            <tr><th>Outcome:</th><td>Failed</td></tr>
                            <tr><th>Duration:</th><td>30.167 sec</td></tr>
                        
                            <tr><th>Failed</th><td>AssertionError: Al menos **4 clases**, implementadas en ficheros diferentes.
assert 2 &gt;= 4
 +  where 2 = len([&#39;fjg_tiendazapas.marca&#39;, &#39;fjg_tiendazapas.zapatilla&#39;])
 +    where [&#39;fjg_tiendazapas.marca&#39;, &#39;fjg_tiendazapas.zapatilla&#39;] = &lt;test_minimal_requirements.SystemUnderTest object at 0x7fcba54861f0&gt;.basename_app_models
 +  and   4 = &lt;test_minimal_requirements.TestRNF1 object at 0x7fcba54abfa0&gt;.MIN</td></tr>
                        
                        
                        </table>

                        
                        <pre>self = &lt;test_minimal_requirements.TestRNF1 object at 0x7fcba54abfa0&gt;, sut = &lt;test_minimal_requirements.SystemUnderTest object at 0x7fcba54861f0&gt;

&gt;   ???
E   AssertionError: Al menos **4 clases**, implementadas en ficheros diferentes.
E   assert 2 &gt;= 4
E    +  where 2 = len([&#39;fjg_tiendazapas.marca&#39;, &#39;fjg_tiendazapas.zapatilla&#39;])
E    +    where [&#39;fjg_tiendazapas.marca&#39;, &#39;fjg_tiendazapas.zapatilla&#39;] = &lt;test_minimal_requirements.SystemUnderTest object at 0x7fcba54861f0&gt;.basename_app_models
E    +  and   4 = &lt;test_minimal_requirements.TestRNF1 object at 0x7fcba54abfa0&gt;.MIN

/home/madrid/Escritorio/SGE/SGE-odoo-project-tester-2DAMB/test_minimal_requirements.py:221: AssertionError</pre>
                        
                        

                        
                        
                        
                    </div>
                
                    <div class="test outcome outcome-passed">
                        <a id="ae52aa2e-beb3-493b-808b-9f8b9429cf16"></a>
                        <table class="proplist">
                            <tr><th>Test case:</th><td><b>test_modelos_en_ficheros_individuales</b></td></tr>
                            <tr><th>Outcome:</th><td>Passed</td></tr>
                            <tr><th>Duration:</th><td>0.001 sec</td></tr>
                        
                        
                        </table>

                        
                        

                        
                        
                        
                    </div>
                
                </div>
            </div>
            
            <div class="testclass">
                <h4>test_minimal_requirements.TestRNF2</h4>
                <div class="testcases">
                
                    <div class="test outcome outcome-failed">
                        <a id="07abcc4e-dd8e-4cbd-9d8c-d5bc0a29c5a7"></a>
                        <table class="proplist">
                            <tr><th>Test case:</th><td><b>test_relacion_many2many</b></td></tr>
                            <tr><th>Outcome:</th><td>Failed</td></tr>
                            <tr><th>Duration:</th><td>0.018 sec</td></tr>
                        
                            <tr><th>Failed</th><td>AssertionError: Diferentes tipos de campos simples y relacionales (_one2many_, _many2one_ y _many2many_).
      En tu proyecto se debe implementar **al menos uno de cada tipo**.
assert 0 &gt;= 1
 +  where 0 = len([])
 +  and   1 = &lt;test_minimal_requirements.TestRNF2 object at 0x7fcba54c77c0&gt;.MIN</td></tr>
                        
                        
                        </table>

                        
                        <pre>self = &lt;test_minimal_requirements.TestRNF2 object at 0x7fcba54c77c0&gt;, sut = &lt;test_minimal_requirements.SystemUnderTest object at 0x7fcba54861f0&gt;

&gt;   ???
E   AssertionError: Diferentes tipos de campos simples y relacionales (_one2many_, _many2one_ y _many2many_).
E         En tu proyecto se debe implementar **al menos uno de cada tipo**.
E   assert 0 &gt;= 1
E    +  where 0 = len([])
E    +  and   1 = &lt;test_minimal_requirements.TestRNF2 object at 0x7fcba54c77c0&gt;.MIN

/home/madrid/Escritorio/SGE/SGE-odoo-project-tester-2DAMB/test_minimal_requirements.py:238: AssertionError</pre>
                        
                        

                        
                        
                        
                    </div>
                
                    <div class="test outcome outcome-passed">
                        <a id="14d32afe-3f1a-4644-805f-87fb000541cd"></a>
                        <table class="proplist">
                            <tr><th>Test case:</th><td><b>test_modelos_tienen_algun_campo_relacion[one2many]</b></td></tr>
                            <tr><th>Outcome:</th><td>Passed</td></tr>
                            <tr><th>Duration:</th><td>0.024 sec</td></tr>
                        
                        
                        </table>

                        
                        

                        
                        
                        
                    </div>
                
                    <div class="test outcome outcome-passed">
                        <a id="be0259f6-dab8-48d8-bead-93171ca9e05e"></a>
                        <table class="proplist">
                            <tr><th>Test case:</th><td><b>test_modelos_tienen_algun_campo_relacion[many2one]</b></td></tr>
                            <tr><th>Outcome:</th><td>Passed</td></tr>
                            <tr><th>Duration:</th><td>0.03 sec</td></tr>
                        
                        
                        </table>

                        
                        

                        
                        
                        
                    </div>
                
                    <div class="test outcome outcome-passed">
                        <a id="857f8649-73d3-469b-9a73-56b2552bc30e"></a>
                        <table class="proplist">
                            <tr><th>Test case:</th><td><b>test_unknown_comodel_name</b></td></tr>
                            <tr><th>Outcome:</th><td>Passed</td></tr>
                            <tr><th>Duration:</th><td>0.001 sec</td></tr>
                        
                        
                        </table>

                        
                        

                        
                        
                        
                    </div>
                
                </div>
            </div>
            
            <div class="testclass">
                <h4>test_minimal_requirements.TestRNF3</h4>
                <div class="testcases">
                
                    <div class="test outcome outcome-failed">
                        <a id="50f24a64-6ffc-4a05-94f3-da55282f82b6"></a>
                        <table class="proplist">
                            <tr><th>Test case:</th><td><b>test_modelos_tienen_vista[tree]</b></td></tr>
                            <tr><th>Outcome:</th><td>Failed</td></tr>
                            <tr><th>Duration:</th><td>0.01 sec</td></tr>
                        
                            <tr><th>Failed</th><td>AssertionError: No coinciden el número de modelos de datos de la aplicación con el número de vistas tree - Vistas **Form** y **Tree** específicas para cada clase. 
      Todos los &lt;u&gt;formularios deberán incluir un elemento anidado Tree (u opcionalmente Kanban)&lt;/u&gt;
      si el modelo del formulario puede tener relación con múltiples objetos de otro modelo.
assert 2 == 1
 +  where 2 = len([&#39;fjg_tiendazapas.marca&#39;, &#39;fjg_tiendazapas.zapatilla&#39;])
 +    where [&#39;fjg_tiendazapas.marca&#39;, &#39;fjg_tiendazapas.zapatilla&#39;] = &lt;test_minimal_requirements.SystemUnderTest object at 0x7fcba54861f0&gt;.basename_app_models
 +  and   1 = &lt;bound method SystemUnderTest.modelos_tienen_vista of &lt;test_minimal_requirements.SystemUnderTest object at 0x7fcba54861f0&gt;&gt;(&#39;tree&#39;)
 +    where &lt;bound method SystemUnderTest.modelos_tienen_vista of &lt;test_minimal_requirements.SystemUnderTest object at 0x7fcba54861f0&gt;&gt; = &lt;test_minimal_requirements.SystemUnderTest object at 0x7fcba54861f0&gt;.modelos_tienen_vista</td></tr>
                        
                        
                        </table>

                        
                        <pre>self = &lt;test_minimal_requirements.TestRNF3 object at 0x7fcba54d26d0&gt;, sut = &lt;test_minimal_requirements.SystemUnderTest object at 0x7fcba54861f0&gt;
view_type = &#39;tree&#39;

&gt;   ???
E   AssertionError: No coinciden el número de modelos de datos de la aplicación con el número de vistas tree - Vistas **Form** y **Tree** específicas para cada clase. 
E         Todos los &lt;u&gt;formularios deberán incluir un elemento anidado Tree (u opcionalmente Kanban)&lt;/u&gt;
E         si el modelo del formulario puede tener relación con múltiples objetos de otro modelo.
E   assert 2 == 1
E    +  where 2 = len([&#39;fjg_tiendazapas.marca&#39;, &#39;fjg_tiendazapas.zapatilla&#39;])
E    +    where [&#39;fjg_tiendazapas.marca&#39;, &#39;fjg_tiendazapas.zapatilla&#39;] = &lt;test_minimal_requirements.SystemUnderTest object at 0x7fcba54861f0&gt;.basename_app_models
E    +  and   1 = &lt;bound method SystemUnderTest.modelos_tienen_vista of &lt;test_minimal_requirements.SystemUnderTest object at 0x7fcba54861f0&gt;&gt;(&#39;tree&#39;)
E    +    where &lt;bound method SystemUnderTest.modelos_tienen_vista of &lt;test_minimal_requirements.SystemUnderTest object at 0x7fcba54861f0&gt;&gt; = &lt;test_minimal_requirements.SystemUnderTest object at 0x7fcba54861f0&gt;.modelos_tienen_vista

/home/madrid/Escritorio/SGE/SGE-odoo-project-tester-2DAMB/test_minimal_requirements.py:258: AssertionError</pre>
                        
                        

                        
                        
                        
                    </div>
                
                    <div class="test outcome outcome-failed">
                        <a id="c57ad425-7482-4aa1-89bd-adabb0981c44"></a>
                        <table class="proplist">
                            <tr><th>Test case:</th><td><b>test_modelos_tienen_vista[form]</b></td></tr>
                            <tr><th>Outcome:</th><td>Failed</td></tr>
                            <tr><th>Duration:</th><td>0.01 sec</td></tr>
                        
                            <tr><th>Failed</th><td>AssertionError: No coinciden el número de modelos de datos de la aplicación con el número de vistas form - Vistas **Form** y **Tree** específicas para cada clase. 
      Todos los &lt;u&gt;formularios deberán incluir un elemento anidado Tree (u opcionalmente Kanban)&lt;/u&gt;
      si el modelo del formulario puede tener relación con múltiples objetos de otro modelo.
assert 2 == 1
 +  where 2 = len([&#39;fjg_tiendazapas.marca&#39;, &#39;fjg_tiendazapas.zapatilla&#39;])
 +    where [&#39;fjg_tiendazapas.marca&#39;, &#39;fjg_tiendazapas.zapatilla&#39;] = &lt;test_minimal_requirements.SystemUnderTest object at 0x7fcba54861f0&gt;.basename_app_models
 +  and   1 = &lt;bound method SystemUnderTest.modelos_tienen_vista of &lt;test_minimal_requirements.SystemUnderTest object at 0x7fcba54861f0&gt;&gt;(&#39;form&#39;)
 +    where &lt;bound method SystemUnderTest.modelos_tienen_vista of &lt;test_minimal_requirements.SystemUnderTest object at 0x7fcba54861f0&gt;&gt; = &lt;test_minimal_requirements.SystemUnderTest object at 0x7fcba54861f0&gt;.modelos_tienen_vista</td></tr>
                        
                        
                        </table>

                        
                        <pre>self = &lt;test_minimal_requirements.TestRNF3 object at 0x7fcba54d28b0&gt;, sut = &lt;test_minimal_requirements.SystemUnderTest object at 0x7fcba54861f0&gt;
view_type = &#39;form&#39;

&gt;   ???
E   AssertionError: No coinciden el número de modelos de datos de la aplicación con el número de vistas form - Vistas **Form** y **Tree** específicas para cada clase. 
E         Todos los &lt;u&gt;formularios deberán incluir un elemento anidado Tree (u opcionalmente Kanban)&lt;/u&gt;
E         si el modelo del formulario puede tener relación con múltiples objetos de otro modelo.
E   assert 2 == 1
E    +  where 2 = len([&#39;fjg_tiendazapas.marca&#39;, &#39;fjg_tiendazapas.zapatilla&#39;])
E    +    where [&#39;fjg_tiendazapas.marca&#39;, &#39;fjg_tiendazapas.zapatilla&#39;] = &lt;test_minimal_requirements.SystemUnderTest object at 0x7fcba54861f0&gt;.basename_app_models
E    +  and   1 = &lt;bound method SystemUnderTest.modelos_tienen_vista of &lt;test_minimal_requirements.SystemUnderTest object at 0x7fcba54861f0&gt;&gt;(&#39;form&#39;)
E    +    where &lt;bound method SystemUnderTest.modelos_tienen_vista of &lt;test_minimal_requirements.SystemUnderTest object at 0x7fcba54861f0&gt;&gt; = &lt;test_minimal_requirements.SystemUnderTest object at 0x7fcba54861f0&gt;.modelos_tienen_vista

/home/madrid/Escritorio/SGE/SGE-odoo-project-tester-2DAMB/test_minimal_requirements.py:258: AssertionError</pre>
                        
                        

                        
                        
                        
                    </div>
                
                    <div class="test outcome outcome-failed">
                        <a id="6fb58e49-728d-440d-8804-dab50933e244"></a>
                        <table class="proplist">
                            <tr><th>Test case:</th><td><b>test_formularios_tienen_vista_anidada_para_campos_X2many[one2many]</b></td></tr>
                            <tr><th>Outcome:</th><td>Failed</td></tr>
                            <tr><th>Duration:</th><td>0.029 sec</td></tr>
                        
                            <tr><th>Failed</th><td>AssertionError: No se ha encontrado tree/kanban anidado para campo &#39;zapatilla_ids&#39; del modelo &#39;fjg_tiendazapas.marca&#39; - Vistas **Form** y **Tree** específicas para cada clase. 
      Todos los &lt;u&gt;formularios deberán incluir un elemento anidado Tree (u opcionalmente Kanban)&lt;/u&gt;
      si el modelo del formulario puede tener relación con múltiples objetos de otro modelo.
assert False
 +  where False = any(&lt;generator object TestRNF3.test_formularios_tienen_vista_anidada_para_campos_X2many.&lt;locals&gt;.&lt;genexpr&gt; at 0x7fcba5488f20&gt;)</td></tr>
                        
                        
                        </table>

                        
                        <pre>self = &lt;test_minimal_requirements.TestRNF3 object at 0x7fcba54d2cd0&gt;, sut = &lt;test_minimal_requirements.SystemUnderTest object at 0x7fcba54861f0&gt;
relationship = &#39;one2many&#39;

&gt;   ???
E   AssertionError: No se ha encontrado tree/kanban anidado para campo &#39;zapatilla_ids&#39; del modelo &#39;fjg_tiendazapas.marca&#39; - Vistas **Form** y **Tree** específicas para cada clase. 
E         Todos los &lt;u&gt;formularios deberán incluir un elemento anidado Tree (u opcionalmente Kanban)&lt;/u&gt;
E         si el modelo del formulario puede tener relación con múltiples objetos de otro modelo.
E   assert False
E    +  where False = any(&lt;generator object TestRNF3.test_formularios_tienen_vista_anidada_para_campos_X2many.&lt;locals&gt;.&lt;genexpr&gt; at 0x7fcba5488f20&gt;)

/home/madrid/Escritorio/SGE/SGE-odoo-project-tester-2DAMB/test_minimal_requirements.py:272: AssertionError</pre>
                        
                        

                        
                        
                        
                    </div>
                
                    <div class="test outcome outcome-passed">
                        <a id="f5bdd327-b3a5-4ba8-bbef-ca748e2866cc"></a>
                        <table class="proplist">
                            <tr><th>Test case:</th><td><b>test_formularios_tienen_vista_anidada_para_campos_X2many[many2many]</b></td></tr>
                            <tr><th>Outcome:</th><td>Passed</td></tr>
                            <tr><th>Duration:</th><td>0.024 sec</td></tr>
                        
                        
                        </table>

                        
                        

                        
                        
                        
                    </div>
                
                </div>
            </div>
            
            <div class="testclass">
                <h4>test_minimal_requirements.TestRNF4</h4>
                <div class="testcases">
                
                    <div class="test outcome outcome-passed">
                        <a id="f426b7c2-ba6f-4436-ac8d-57a7b3957643"></a>
                        <table class="proplist">
                            <tr><th>Test case:</th><td><b>test_vistas_en_ficheros_individuales</b></td></tr>
                            <tr><th>Outcome:</th><td>Passed</td></tr>
                            <tr><th>Duration:</th><td>0.001 sec</td></tr>
                        
                        
                        </table>

                        
                        

                        
                        
                        
                    </div>
                
                </div>
            </div>
            
            <div class="testclass">
                <h4>test_minimal_requirements.TestRNF5</h4>
                <div class="testcases">
                
                    <div class="test outcome outcome-passed">
                        <a id="df968806-9115-4068-98f9-4851b1ae0238"></a>
                        <table class="proplist">
                            <tr><th>Test case:</th><td><b>test_modelos_tienen_algun_posible_campo_imagen</b></td></tr>
                            <tr><th>Outcome:</th><td>Passed</td></tr>
                            <tr><th>Duration:</th><td>0.025 sec</td></tr>
                        
                        
                        </table>

                        
                        

                        
                        
                        
                    </div>
                
                    <div class="test outcome outcome-failed">
                        <a id="4fae072c-9281-4b55-a824-2ee66ed43441"></a>
                        <table class="proplist">
                            <tr><th>Test case:</th><td><b>test_alguna_vista_tiene_campo_imagen</b></td></tr>
                            <tr><th>Outcome:</th><td>Failed</td></tr>
                            <tr><th>Duration:</th><td>0.029 sec</td></tr>
                        
                            <tr><th>Failed</th><td>AssertionError: Alguna vista Form deberá tener una **imagen representativa**, 
      es decir, un campo que permita al usuario asociar una imagen a cada objeto del modelo.
assert False
 +  where False = any(&lt;generator object TestRNF5.test_alguna_vista_tiene_campo_imagen.&lt;locals&gt;.&lt;genexpr&gt; at 0x7fcba5416200&gt;)</td></tr>
                        
                        
                        </table>

                        
                        <pre>self = &lt;test_minimal_requirements.TestRNF5 object at 0x7fcba54d66d0&gt;, sut = &lt;test_minimal_requirements.SystemUnderTest object at 0x7fcba54861f0&gt;

&gt;   ???
E   AssertionError: Alguna vista Form deberá tener una **imagen representativa**, 
E         es decir, un campo que permita al usuario asociar una imagen a cada objeto del modelo.
E   assert False
E    +  where False = any(&lt;generator object TestRNF5.test_alguna_vista_tiene_campo_imagen.&lt;locals&gt;.&lt;genexpr&gt; at 0x7fcba5416200&gt;)

/home/madrid/Escritorio/SGE/SGE-odoo-project-tester-2DAMB/test_minimal_requirements.py:294: AssertionError</pre>
                        
                        

                        
                        
                        
                    </div>
                
                </div>
            </div>
            
            <div class="testclass">
                <h4>test_minimal_requirements.TestRNF6</h4>
                <div class="testcases">
                
                    <div class="test outcome outcome-failed">
                        <a id="72ac1343-a0c0-4cf3-bb80-8814b5c26c70"></a>
                        <table class="proplist">
                            <tr><th>Test case:</th><td><b>test_modelos_tienen_acciones</b></td></tr>
                            <tr><th>Outcome:</th><td>Failed</td></tr>
                            <tr><th>Duration:</th><td>0.014 sec</td></tr>
                        
                            <tr><th>Failed</th><td>AssertionError: No hay acción de ventana definida para el modelo fjg_tiendazapas.zapatilla - **Menús**, **submenús** (opcionalmente) y **acciones**.
assert []
 +  where [] = &lt;bound method SystemUnderTest.execute_kw of &lt;test_minimal_requirements.SystemUnderTest object at 0x7fcba54861f0&gt;&gt;(&#39;ir.actions.act_window&#39;, &#39;search&#39;, [[(&#39;res_model&#39;, &#39;=&#39;, &#39;fjg_tiendazapas.zapatilla&#39;)]])
 +    where &lt;bound method SystemUnderTest.execute_kw of &lt;test_minimal_requirements.SystemUnderTest object at 0x7fcba54861f0&gt;&gt; = &lt;test_minimal_requirements.SystemUnderTest object at 0x7fcba54861f0&gt;.execute_kw</td></tr>
                        
                        
                        </table>

                        
                        <pre>self = &lt;test_minimal_requirements.TestRNF6 object at 0x7fcba54d6b50&gt;, sut = &lt;test_minimal_requirements.SystemUnderTest object at 0x7fcba54861f0&gt;

&gt;   ???
E   AssertionError: No hay acción de ventana definida para el modelo fjg_tiendazapas.zapatilla - **Menús**, **submenús** (opcionalmente) y **acciones**.
E   assert []
E    +  where [] = &lt;bound method SystemUnderTest.execute_kw of &lt;test_minimal_requirements.SystemUnderTest object at 0x7fcba54861f0&gt;&gt;(&#39;ir.actions.act_window&#39;, &#39;search&#39;, [[(&#39;res_model&#39;, &#39;=&#39;, &#39;fjg_tiendazapas.zapatilla&#39;)]])
E    +    where &lt;bound method SystemUnderTest.execute_kw of &lt;test_minimal_requirements.SystemUnderTest object at 0x7fcba54861f0&gt;&gt; = &lt;test_minimal_requirements.SystemUnderTest object at 0x7fcba54861f0&gt;.execute_kw

/home/madrid/Escritorio/SGE/SGE-odoo-project-tester-2DAMB/test_minimal_requirements.py:303: AssertionError</pre>
                        
                        

                        
                        
                        
                    </div>
                
                    <div class="test outcome outcome-passed">
                        <a id="743231c0-8e46-4114-9ba7-dbe7c2ceff14"></a>
                        <table class="proplist">
                            <tr><th>Test case:</th><td><b>test_hay_elementos_de_menu[.//menuitem[@action]]</b></td></tr>
                            <tr><th>Outcome:</th><td>Passed</td></tr>
                            <tr><th>Duration:</th><td>0.002 sec</td></tr>
                        
                        
                        </table>

                        
                        

                        
                        
                        
                    </div>
                
                </div>
            </div>
            
            <div class="testclass">
                <h4>test_minimal_requirements.TestRNF7</h4>
                <div class="testcases">
                
                    <div class="test outcome outcome-passed">
                        <a id="1753160c-7599-4dac-a28c-98740b041bc1"></a>
                        <table class="proplist">
                            <tr><th>Test case:</th><td><b>test_modelos_tienen_permisos</b></td></tr>
                            <tr><th>Outcome:</th><td>Passed</td></tr>
                            <tr><th>Duration:</th><td>0.018 sec</td></tr>
                        
                        
                        </table>

                        
                        

                        
                        
                        
                    </div>
                
                </div>
            </div>
            
            <div class="testclass">
                <h4>test_minimal_requirements.TestRNF8</h4>
                <div class="testcases">
                
                    <div class="test outcome outcome-passed">
                        <a id="860f17e8-fccb-4ac0-9964-c39b03d4fe0e"></a>
                        <table class="proplist">
                            <tr><th>Test case:</th><td><b>test_app_tiene_icono</b></td></tr>
                            <tr><th>Outcome:</th><td>Passed</td></tr>
                            <tr><th>Duration:</th><td>0.017 sec</td></tr>
                        
                        
                        </table>

                        
                        

                        
                        
                        
                    </div>
                
                </div>
            </div>
            
            <div class="testclass">
                <h4>test_minimal_requirements.TestRNF9</h4>
                <div class="testcases">
                
                    <div class="test outcome outcome-failed">
                        <a id="673f27df-e37a-49a8-a8c8-0509797fccc1"></a>
                        <table class="proplist">
                            <tr><th>Test case:</th><td><b>test_modelos_tienen_datos_demo</b></td></tr>
                            <tr><th>Outcome:</th><td>Failed</td></tr>
                            <tr><th>Duration:</th><td>0.014 sec</td></tr>
                        
                            <tr><th>Failed</th><td>AssertionError: Datos de demo básicos (que al menos den valor a campos con tipos de datos sencillos).
assert 0 &gt; 0</td></tr>
                        
                        
                        </table>

                        
                        <pre>self = &lt;test_minimal_requirements.TestRNF9 object at 0x7fcba545ae50&gt;, sut = &lt;test_minimal_requirements.SystemUnderTest object at 0x7fcba54861f0&gt;

&gt;   ???
E   AssertionError: Datos de demo básicos (que al menos den valor a campos con tipos de datos sencillos).
E   assert 0 &gt; 0

/home/madrid/Escritorio/SGE/SGE-odoo-project-tester-2DAMB/test_minimal_requirements.py:356: AssertionError</pre>
                        
                        

                        
                        
                        
                    </div>
                
                </div>
            </div>
            
            <div class="testclass">
                <h4>test_minimal_requirements.TestRNFGit</h4>
                <div class="testcases">
                
                    <div class="test outcome outcome-passed">
                        <a id="023e8eaa-aac7-4ef8-8ce0-caeacc15f4d8"></a>
                        <table class="proplist">
                            <tr><th>Test case:</th><td><b>test_git_commit_frecuentes</b></td></tr>
                            <tr><th>Outcome:</th><td>Passed</td></tr>
                            <tr><th>Duration:</th><td>0.001 sec</td></tr>
                        
                        
                        </table>

                        
                        

                        
                        
                        
                    </div>
                
                </div>
            </div>
            
            <div class="testclass">
                <h4>test_minimal_requirements.TestRNFCalidad</h4>
                <div class="testcases">
                
                    <div class="test outcome outcome-passed">
                        <a id="45ac115d-f584-4554-a6f1-93ae23e60895"></a>
                        <table class="proplist">
                            <tr><th>Test case:</th><td><b>test_odoo_disponible</b></td></tr>
                            <tr><th>Outcome:</th><td>Passed</td></tr>
                            <tr><th>Duration:</th><td>0.012 sec</td></tr>
                        
                        
                        </table>

                        
                        

                        
                        
                        
                    </div>
                
                    <div class="test outcome outcome-passed">
                        <a id="0bd33a2a-eabc-47e3-92c7-c336237c66ec"></a>
                        <table class="proplist">
                            <tr><th>Test case:</th><td><b>test_app_instalada</b></td></tr>
                            <tr><th>Outcome:</th><td>Passed</td></tr>
                            <tr><th>Duration:</th><td>0.016 sec</td></tr>
                        
                        
                        </table>

                        
                        

                        
                        
                        
                    </div>
                
                    <div class="test outcome outcome-failed">
                        <a id="c706dd45-f1db-45d0-9287-8df45aa34112"></a>
                        <table class="proplist">
                            <tr><th>Test case:</th><td><b>test_solo_una_app_entregada</b></td></tr>
                            <tr><th>Outcome:</th><td>Failed</td></tr>
                            <tr><th>Duration:</th><td>0.001 sec</td></tr>
                        
                            <tr><th>Failed</th><td>AssertionError: Se ha encontrado más de una aplicación - Tu código debe estar bien probado, documentado, sin código comentado, sin ficheros innecesarios y con un *manifest* cuidado.
assert 2 == 1
 +  where 2 = len([&#39;/home/madrid/Escritorio/SGE/SGE-odoo-project-tester/projects/fjg_tiendazapas/odoo/addons/fjg_tiendazapas/../fjg_tiendazapas/__manifest__.py&#39;, &#39;/home/madrid/Escritorio/SGE/SGE-odoo-project-tester/projects/fjg_tiendazapas/odoo/addons/fjg_tiendazapas/../sge_libreria/__manifest__.py&#39;])</td></tr>
                        
                        
                        </table>

                        
                        <pre>self = &lt;test_minimal_requirements.TestRNFCalidad object at 0x7fcba545ef40&gt;, sut = &lt;test_minimal_requirements.SystemUnderTest object at 0x7fcba54861f0&gt;

&gt;   ???
E   AssertionError: Se ha encontrado más de una aplicación - Tu código debe estar bien probado, documentado, sin código comentado, sin ficheros innecesarios y con un *manifest* cuidado.
E   assert 2 == 1
E    +  where 2 = len([&#39;/home/madrid/Escritorio/SGE/SGE-odoo-project-tester/projects/fjg_tiendazapas/odoo/addons/fjg_tiendazapas/../fjg_tiendazapas/__manifest__.py&#39;, &#39;/home/madrid/Escritorio/SGE/SGE-odoo-project-tester/projects/fjg_tiendazapas/odoo/addons/fjg_tiendazapas/../sge_libreria/__manifest__.py&#39;])

/home/madrid/Escritorio/SGE/SGE-odoo-project-tester-2DAMB/test_minimal_requirements.py:394: AssertionError</pre>
                        
                        

                        
                        
                        
                    </div>
                
                    <div class="test outcome outcome-passed">
                        <a id="0620daca-eb46-4ced-af6a-4bae9d4513a7"></a>
                        <table class="proplist">
                            <tr><th>Test case:</th><td><b>test_no_hay_elementos_xml_comentados</b></td></tr>
                            <tr><th>Outcome:</th><td>Passed</td></tr>
                            <tr><th>Duration:</th><td>0.001 sec</td></tr>
                        
                        
                        </table>

                        
                        

                        
                        
                        
                    </div>
                
                    <div class="test outcome outcome-passed">
                        <a id="59504136-21e8-4cbc-afe7-ef03ec2f19e2"></a>
                        <table class="proplist">
                            <tr><th>Test case:</th><td><b>test_no_hay_codigo_python_comentado</b></td></tr>
                            <tr><th>Outcome:</th><td>Passed</td></tr>
                            <tr><th>Duration:</th><td>0.166 sec</td></tr>
                        
                        
                        </table>

                        
                        

                        
                        
                        
                    </div>
                
                    <div class="test outcome outcome-passed">
                        <a id="7bd0341b-0dff-4115-947e-3ed5763cb462"></a>
                        <table class="proplist">
                            <tr><th>Test case:</th><td><b>test_log_servidor_sin_errores</b></td></tr>
                            <tr><th>Outcome:</th><td>Passed</td></tr>
                            <tr><th>Duration:</th><td>0.001 sec</td></tr>
                        
                        
                        </table>

                        
                        

                        
                        
                        
                    </div>
                
                </div>
            </div>
            
            <div class="testclass">
                <h4>test_minimal_requirements.TestRNFAdicionales</h4>
                <div class="testcases">
                
                    <div class="test outcome outcome-skipped">
                        <a id="872c0078-486c-42c5-84be-dc988a758df6"></a>
                        <table class="proplist">
                            <tr><th>Test case:</th><td><b>test_vista_kanban[/kanban]</b></td></tr>
                            <tr><th>Outcome:</th><td>Skipped</td></tr>
                            <tr><th>Duration:</th><td>0.001 sec</td></tr>
                        
                        
                            <tr><th>Skipped</th><td></td></tr>
                        
                        </table>

                        
                        
                        <pre>skipped</pre>
                        

                        
                        
                        
                    </div>
                
                    <div class="test outcome outcome-skipped">
                        <a id="7b5872ad-7fc6-43a3-9a11-e05b7aecd738"></a>
                        <table class="proplist">
                            <tr><th>Test case:</th><td><b>test_vista_kanban[/kanban[@default_group_by]]</b></td></tr>
                            <tr><th>Outcome:</th><td>Skipped</td></tr>
                            <tr><th>Duration:</th><td>0.001 sec</td></tr>
                        
                        
                            <tr><th>Skipped</th><td></td></tr>
                        
                        </table>

                        
                        
                        <pre>skipped</pre>
                        

                        
                        
                        
                    </div>
                
                    <div class="test outcome outcome-skipped">
                        <a id="1eb6c4a2-49e1-4416-b2b5-250ad179b54c"></a>
                        <table class="proplist">
                            <tr><th>Test case:</th><td><b>test_vista_search[/search]</b></td></tr>
                            <tr><th>Outcome:</th><td>Skipped</td></tr>
                            <tr><th>Duration:</th><td>0.001 sec</td></tr>
                        
                        
                            <tr><th>Skipped</th><td></td></tr>
                        
                        </table>

                        
                        
                        <pre>skipped</pre>
                        

                        
                        
                        
                    </div>
                
                    <div class="test outcome outcome-skipped">
                        <a id="2444dbb0-7c2d-4bf2-a01a-14bdb8b109dc"></a>
                        <table class="proplist">
                            <tr><th>Test case:</th><td><b>test_vista_search[/search//filter[@domain]]</b></td></tr>
                            <tr><th>Outcome:</th><td>Skipped</td></tr>
                            <tr><th>Duration:</th><td>0.001 sec</td></tr>
                        
                        
                            <tr><th>Skipped</th><td></td></tr>
                        
                        </table>

                        
                        
                        <pre>skipped</pre>
                        

                        
                        
                        
                    </div>
                
                    <div class="test outcome outcome-skipped">
                        <a id="c540a68c-cd2b-4698-84e2-29d8f3bbbedb"></a>
                        <table class="proplist">
                            <tr><th>Test case:</th><td><b>test_vista_search[/search//group//filter[@context]]</b></td></tr>
                            <tr><th>Outcome:</th><td>Skipped</td></tr>
                            <tr><th>Duration:</th><td>0.001 sec</td></tr>
                        
                        
                            <tr><th>Skipped</th><td></td></tr>
                        
                        </table>

                        
                        
                        <pre>skipped</pre>
                        

                        
                        
                        
                    </div>
                
                    <div class="test outcome outcome-skipped">
                        <a id="62e09a31-59c3-45d9-b847-3cdd2011a2ec"></a>
                        <table class="proplist">
                            <tr><th>Test case:</th><td><b>test_otras_vistas_adicionales[activity]</b></td></tr>
                            <tr><th>Outcome:</th><td>Skipped</td></tr>
                            <tr><th>Duration:</th><td>0.009 sec</td></tr>
                        
                        
                            <tr><th>Skipped</th><td></td></tr>
                        
                        </table>

                        
                        
                        <pre>skipped</pre>
                        

                        
                        
                        
                    </div>
                
                    <div class="test outcome outcome-skipped">
                        <a id="15eac296-5598-47f0-8bd6-f14dac1165a7"></a>
                        <table class="proplist">
                            <tr><th>Test case:</th><td><b>test_otras_vistas_adicionales[calendar]</b></td></tr>
                            <tr><th>Outcome:</th><td>Skipped</td></tr>
                            <tr><th>Duration:</th><td>0.009 sec</td></tr>
                        
                        
                            <tr><th>Skipped</th><td></td></tr>
                        
                        </table>

                        
                        
                        <pre>skipped</pre>
                        

                        
                        
                        
                    </div>
                
                    <div class="test outcome outcome-skipped">
                        <a id="d6d7b038-ed91-4266-8927-600e0f27f181"></a>
                        <table class="proplist">
                            <tr><th>Test case:</th><td><b>test_otras_vistas_adicionales[graph]</b></td></tr>
                            <tr><th>Outcome:</th><td>Skipped</td></tr>
                            <tr><th>Duration:</th><td>0.01 sec</td></tr>
                        
                        
                            <tr><th>Skipped</th><td></td></tr>
                        
                        </table>

                        
                        
                        <pre>skipped</pre>
                        

                        
                        
                        
                    </div>
                
                    <div class="test outcome outcome-skipped">
                        <a id="8ae5cca8-64c6-4c25-81b2-2aca28a4e6a8"></a>
                        <table class="proplist">
                            <tr><th>Test case:</th><td><b>test_otras_vistas_adicionales[pivot]</b></td></tr>
                            <tr><th>Outcome:</th><td>Skipped</td></tr>
                            <tr><th>Duration:</th><td>0.01 sec</td></tr>
                        
                        
                            <tr><th>Skipped</th><td></td></tr>
                        
                        </table>

                        
                        
                        <pre>skipped</pre>
                        

                        
                        
                        
                    </div>
                
                    <div class="test outcome outcome-skipped">
                        <a id="fe21e22f-b306-4f58-8abd-13f775f39412"></a>
                        <table class="proplist">
                            <tr><th>Test case:</th><td><b>test_seguridad_con_grupos_propios</b></td></tr>
                            <tr><th>Outcome:</th><td>Skipped</td></tr>
                            <tr><th>Duration:</th><td>0.002 sec</td></tr>
                        
                        
                            <tr><th>Skipped</th><td></td></tr>
                        
                        </table>

                        
                        
                        <pre>skipped</pre>
                        

                        
                        
                        
                    </div>
                
                    <div class="test outcome outcome-skipped">
                        <a id="9c49f652-40c4-476f-aa96-b9edb4a1a092"></a>
                        <table class="proplist">
                            <tr><th>Test case:</th><td><b>test_herencia_en_vistas_con_position</b></td></tr>
                            <tr><th>Outcome:</th><td>Skipped</td></tr>
                            <tr><th>Duration:</th><td>0.002 sec</td></tr>
                        
                        
                            <tr><th>Skipped</th><td></td></tr>
                        
                        </table>

                        
                        
                        <pre>skipped</pre>
                        

                        
                        
                        
                    </div>
                
                    <div class="test outcome outcome-skipped">
                        <a id="967dc341-bd44-4042-9eb0-c5a0f2504c25"></a>
                        <table class="proplist">
                            <tr><th>Test case:</th><td><b>test_herencia_en_vistas_con_inherit_id</b></td></tr>
                            <tr><th>Outcome:</th><td>Skipped</td></tr>
                            <tr><th>Duration:</th><td>0.001 sec</td></tr>
                        
                        
                            <tr><th>Skipped</th><td></td></tr>
                        
                        </table>

                        
                        
                        <pre>skipped</pre>
                        

                        
                        
                        
                    </div>
                
                    <div class="test outcome outcome-skipped">
                        <a id="affa7f13-a489-41f5-8db5-bb92619ad69a"></a>
                        <table class="proplist">
                            <tr><th>Test case:</th><td><b>test_herencia_en_modelos</b></td></tr>
                            <tr><th>Outcome:</th><td>Skipped</td></tr>
                            <tr><th>Duration:</th><td>0.001 sec</td></tr>
                        
                        
                            <tr><th>Skipped</th><td></td></tr>
                        
                        </table>

                        
                        
                        <pre>skipped</pre>
                        

                        
                        
                        
                    </div>
                
                    <div class="test outcome outcome-passed">
                        <a id="ba1078a5-8e76-43f6-9d96-4b6d6be28159"></a>
                        <table class="proplist">
                            <tr><th>Test case:</th><td><b>test_datos_maestros_o_demo_avanzados[binary]</b></td></tr>
                            <tr><th>Outcome:</th><td>Passed</td></tr>
                            <tr><th>Duration:</th><td>0.027 sec</td></tr>
                        
                        
                        </table>

                        
                        

                        
                        
                        
                    </div>
                
                    <div class="test outcome outcome-skipped">
                        <a id="956b904a-3023-4f9c-bd2c-56497292ac42"></a>
                        <table class="proplist">
                            <tr><th>Test case:</th><td><b>test_datos_maestros_o_demo_avanzados[many2many]</b></td></tr>
                            <tr><th>Outcome:</th><td>Skipped</td></tr>
                            <tr><th>Duration:</th><td>0.024 sec</td></tr>
                        
                        
                            <tr><th>Skipped</th><td></td></tr>
                        
                        </table>

                        
                        
                        <pre>skipped</pre>
                        

                        
                        
                        
                    </div>
                
                    <div class="test outcome outcome-passed">
                        <a id="fc399b3d-d557-4c24-be6b-c87831514d6e"></a>
                        <table class="proplist">
                            <tr><th>Test case:</th><td><b>test_datos_maestros_o_demo_avanzados[many2one]</b></td></tr>
                            <tr><th>Outcome:</th><td>Passed</td></tr>
                            <tr><th>Duration:</th><td>0.03 sec</td></tr>
                        
                        
                        </table>

                        
                        

                        
                        
                        
                    </div>
                
                    <div class="test outcome outcome-skipped">
                        <a id="8b51633f-aa7c-405b-870e-ea130dcb4924"></a>
                        <table class="proplist">
                            <tr><th>Test case:</th><td><b>test_i18n</b></td></tr>
                            <tr><th>Outcome:</th><td>Skipped</td></tr>
                            <tr><th>Duration:</th><td>0.001 sec</td></tr>
                        
                        
                            <tr><th>Skipped</th><td></td></tr>
                        
                        </table>

                        
                        
                        <pre>skipped</pre>
                        

                        
                        
                        
                    </div>
                
                    <div class="test outcome outcome-skipped">
                        <a id="d2d9c3e8-7144-4ab3-8f5f-58b6ae1f7525"></a>
                        <table class="proplist">
                            <tr><th>Test case:</th><td><b>test_informes[report]</b></td></tr>
                            <tr><th>Outcome:</th><td>Skipped</td></tr>
                            <tr><th>Duration:</th><td>0.002 sec</td></tr>
                        
                        
                            <tr><th>Skipped</th><td></td></tr>
                        
                        </table>

                        
                        
                        <pre>skipped</pre>
                        

                        
                        
                        
                    </div>
                
                    <div class="test outcome outcome-skipped">
                        <a id="8e9b3e71-f5bc-4fbb-80ff-86d205f684e5"></a>
                        <table class="proplist">
                            <tr><th>Test case:</th><td><b>test_informes[template]</b></td></tr>
                            <tr><th>Outcome:</th><td>Skipped</td></tr>
                            <tr><th>Duration:</th><td>0.001 sec</td></tr>
                        
                        
                            <tr><th>Skipped</th><td></td></tr>
                        
                        </table>

                        
                        
                        <pre>skipped</pre>
                        

                        
                        
                        
                    </div>
                
                </div>
            </div>
            
            <div class="testclass">
                <h4>test_minimal_requirements.TestOtros</h4>
                <div class="testcases">
                
                    <div class="test outcome outcome-passed">
                        <a id="7a72f31e-c0d7-430b-babc-7421d9acf1b7"></a>
                        <table class="proplist">
                            <tr><th>Test case:</th><td><b>test_log_sin_warnings</b></td></tr>
                            <tr><th>Outcome:</th><td>Passed</td></tr>
                            <tr><th>Duration:</th><td>4.54 sec</td></tr>
                        
                        
                        </table>

                        
                        

                        
                        
                        
                    </div>
                
                </div>
            </div>
            
        </div>
    </div>
    



<p class="footer">
    Generated by junit2html
</p>
</body>
</html>